Information,7/18/2018 9:26:57 AM,Microsoft-Windows-Security-SPP,12288,None,"The client has sent an activation request to the key management service machine.
Info:
0xC004F042, 0x00000000, c3piadmin1.corp.premierinc.com:1688, 98e315f1-2e03-4cfa-b026-ef79751044b4, 2018/07/18 15:25, 1, 1, 188856, 73111121-5638-40f6-bc11-f1d7b0d64300, 25"
Information,7/18/2018 9:26:56 AM,Microsoft-Windows-Security-SPP,12288,None,"The client has sent an activation request to the key management service machine.
Info:
0xC004F042, 0x00000000, c2pieposcan2.corp.premierinc.com:1688, 98e315f1-2e03-4cfa-b026-ef79751044b4, 2018/07/18 15:25, 1, 1, 188856, 73111121-5638-40f6-bc11-f1d7b0d64300, 25"
Information,7/18/2018 9:26:56 AM,Microsoft-Windows-Security-SPP,12288,None,"The client has sent an activation request to the key management service machine.
Info:
0x8007000D, 0x00000000, c3pigpsdsh2.corp.premierinc.com:1688, 98e315f1-2e03-4cfa-b026-ef79751044b4, 2018/07/18 15:25, 1, 1, 188856, 73111121-5638-40f6-bc11-f1d7b0d64300, 25"
Information,7/18/2018 9:26:56 AM,Microsoft-Windows-Security-SPP,12288,None,"The client has sent an activation request to the key management service machine.
Info:
0xC0020017, 0x00000000, 46497alewis1-w8.corp.premierinc.com:1688, 98e315f1-2e03-4cfa-b026-ef79751044b4, 2018/07/18 15:25, 1, 1, 188856, 73111121-5638-40f6-bc11-f1d7b0d64300, 25"
Information,7/18/2018 9:26:35 AM,Microsoft-Windows-Security-SPP,12288,None,"The client has sent an activation request to the key management service machine.
Info:
0xC0020017, 0x00000000, 46534nsmith2-8.corp.premierinc.com:1688, 98e315f1-2e03-4cfa-b026-ef79751044b4, 2018/07/18 15:25, 1, 1, 188856, 73111121-5638-40f6-bc11-f1d7b0d64300, 25"
Information,7/18/2018 9:26:14 AM,Microsoft-Windows-Security-SPP,12288,None,"The client has sent an activation request to the key management service machine.
Info:
0x80072AF9, 0x00000000, vmw8redstone01.corp.premierinc.com:1688, 98e315f1-2e03-4cfa-b026-ef79751044b4, 2018/07/18 15:25, 1, 1, 188856, 73111121-5638-40f6-bc11-f1d7b0d64300, 25"
Information,7/18/2018 9:26:14 AM,Microsoft-Windows-Security-SPP,12288,None,"The client has sent an activation request to the key management service machine.
Info:
0xC0020017, 0x00000000, 46533dokelley-8.corp.premierinc.com:1688, 98e315f1-2e03-4cfa-b026-ef79751044b4, 2018/07/18 15:25, 1, 1, 188856, 73111121-5638-40f6-bc11-f1d7b0d64300, 25"
Information,7/18/2018 9:25:52 AM,Microsoft-Windows-Security-SPP,12288,None,"The client has sent an activation request to the key management service machine.
Info:
0xC004F042, 0x00000000, c2pieposcan2.corp.premierinc.com:1688, 98e315f1-2e03-4cfa-b026-ef79751044b4, 2018/07/18 15:23, 1, 1, 188859, 73111121-5638-40f6-bc11-f1d7b0d64300, 25"
Information,7/18/2018 9:25:52 AM,Microsoft-Windows-Security-SPP,12288,None,"The client has sent an activation request to the key management service machine.
Info:
0xC0020017, 0x00000000, 46534nsmith2-8.corp.premierinc.com:1688, 98e315f1-2e03-4cfa-b026-ef79751044b4, 2018/07/18 15:23, 1, 1, 188859, 73111121-5638-40f6-bc11-f1d7b0d64300, 25"
Information,7/18/2018 9:25:31 AM,Microsoft-Windows-Security-SPP,12288,None,"The client has sent an activation request to the key management service machine.
Info:
0xC004F042, 0x00000000, c3pimdt1.corp.premierinc.com:1688, 98e315f1-2e03-4cfa-b026-ef79751044b4, 2018/07/18 15:23, 1, 1, 188859, 73111121-5638-40f6-bc11-f1d7b0d64300, 25"
Information,7/18/2018 9:25:30 AM,Microsoft-Windows-Security-SPP,12288,None,"The client has sent an activation request to the key management service machine.
Info:
0x80072AF9, 0x00000000, vmw8su_c_01.corp.premierinc.com:1688, 98e315f1-2e03-4cfa-b026-ef79751044b4, 2018/07/18 15:23, 1, 1, 188859, 73111121-5638-40f6-bc11-f1d7b0d64300, 25"
Information,7/18/2018 9:25:30 AM,Microsoft-Windows-Security-SPP,12288,None,"The client has sent an activation request to the key management service machine.
Info:
0x8007000D, 0x00000000, c3pigpsdsh2.corp.premierinc.com:1688, 98e315f1-2e03-4cfa-b026-ef79751044b4, 2018/07/18 15:23, 1, 1, 188859, 73111121-5638-40f6-bc11-f1d7b0d64300, 25"
Information,7/18/2018 9:25:30 AM,Microsoft-Windows-Security-SPP,12288,None,"The client has sent an activation request to the key management service machine.
Info:
0xC0020017, 0x00000000, 46532csapp-w8.corp.premierinc.com:1688, 98e315f1-2e03-4cfa-b026-ef79751044b4, 2018/07/18 15:23, 1, 1, 188859, 73111121-5638-40f6-bc11-f1d7b0d64300, 25"
Information,7/18/2018 9:25:09 AM,Microsoft-Windows-Security-SPP,12288,None,"The client has sent an activation request to the key management service machine.
Info:
0xC004F042, 0x00000000, c3piadmin1.corp.premierinc.com:1688, 98e315f1-2e03-4cfa-b026-ef79751044b4, 2018/07/18 15:23, 1, 1, 188859, 73111121-5638-40f6-bc11-f1d7b0d64300, 25"
Information,7/18/2018 9:25:09 AM,Microsoft-Windows-Security-SPP,12288,None,"The client has sent an activation request to the key management service machine.
Info:
0xC0020017, 0x00000000, 46497alewis1-w8.corp.premierinc.com:1688, 98e315f1-2e03-4cfa-b026-ef79751044b4, 2018/07/18 15:23, 1, 1, 188859, 73111121-5638-40f6-bc11-f1d7b0d64300, 25"
Information,7/18/2018 9:24:48 AM,Microsoft-Windows-Security-SPP,12288,None,"The client has sent an activation request to the key management service machine.
Info:
0x80072AF9, 0x00000000, vmw8redstone03.corp.premierinc.com:1688, 98e315f1-2e03-4cfa-b026-ef79751044b4, 2018/07/18 15:23, 1, 1, 188859, 73111121-5638-40f6-bc11-f1d7b0d64300, 25"
Information,7/18/2018 9:24:48 AM,Microsoft-Windows-Security-SPP,12288,None,"The client has sent an activation request to the key management service machine.
Info:
0xC0020017, 0x00000000, 46533dokelley-8.corp.premierinc.com:1688, 98e315f1-2e03-4cfa-b026-ef79751044b4, 2018/07/18 15:23, 1, 1, 188859, 73111121-5638-40f6-bc11-f1d7b0d64300, 25"
Information,7/18/2018 9:24:27 AM,Microsoft-Windows-Security-SPP,12288,None,"The client has sent an activation request to the key management service machine.
Info:
0x80072AF9, 0x00000000, vmw7x64off13v11.corp.premierinc.com:1688, 98e315f1-2e03-4cfa-b026-ef79751044b4, 2018/07/18 15:23, 1, 1, 188859, 73111121-5638-40f6-bc11-f1d7b0d64300, 25"
Information,7/18/2018 9:24:27 AM,Microsoft-Windows-Security-SPP,12288,None,"The client has sent an activation request to the key management service machine.
Info:
0xC0020017, 0x00000000, 46494twinning-8.corp.premierinc.com:1688, 98e315f1-2e03-4cfa-b026-ef79751044b4, 2018/07/18 15:23, 1, 1, 188859, 73111121-5638-40f6-bc11-f1d7b0d64300, 25"
Information,7/18/2018 9:24:06 AM,Microsoft-Windows-Security-SPP,12288,None,"The client has sent an activation request to the key management service machine.
Info:
0x80072AF9, 0x00000000, vmw8su_name.corp.premierinc.com:1688, 98e315f1-2e03-4cfa-b026-ef79751044b4, 2018/07/18 15:23, 1, 1, 188859, 73111121-5638-40f6-bc11-f1d7b0d64300, 25"
Information,7/18/2018 9:24:06 AM,Microsoft-Windows-Security-SPP,12288,None,"The client has sent an activation request to the key management service machine.
Info:
0x80072AF9, 0x00000000, vmw7x64off10v11.corp.premierinc.com:1688, 98e315f1-2e03-4cfa-b026-ef79751044b4, 2018/07/18 15:23, 1, 1, 188859, 73111121-5638-40f6-bc11-f1d7b0d64300, 25"
Information,7/18/2018 9:24:06 AM,Microsoft-Windows-Security-SPP,12288,None,"The client has sent an activation request to the key management service machine.
Info:
0x80072AF9, 0x00000000, vmw8redstone01.corp.premierinc.com:1688, 98e315f1-2e03-4cfa-b026-ef79751044b4, 2018/07/18 15:23, 1, 1, 188859, 73111121-5638-40f6-bc11-f1d7b0d64300, 25"
Information,7/18/2018 9:24:06 AM,Microsoft-Windows-Security-SPP,12288,None,"The client has sent an activation request to the key management service machine.
Info:
0xC0020017, 0x00000000, 46499fmahoney-8.corp.premierinc.com:1688, 98e315f1-2e03-4cfa-b026-ef79751044b4, 2018/07/18 15:23, 1, 1, 188859, 73111121-5638-40f6-bc11-f1d7b0d64300, 25"
Information,7/18/2018 9:23:45 AM,Microsoft-Windows-Security-SPP,12288,None,"The client has sent an activation request to the key management service machine.
Info:
0xC0020017, 0x00000000, vmw8su_c_001.corp.premierinc.com:1688, 98e315f1-2e03-4cfa-b026-ef79751044b4, 2018/07/18 15:23, 1, 1, 188859, 73111121-5638-40f6-bc11-f1d7b0d64300, 25"
Information,7/18/2018 9:23:44 AM,Microsoft-Windows-Security-SPP,12288,None,"The client has sent an activation request to the key management service machine.
Info:
0xC0020017, 0x00000000, 46500rkissick-8.corp.premierinc.com:1688, 98e315f1-2e03-4cfa-b026-ef79751044b4, 2018/07/18 15:23, 1, 1, 188859, 73111121-5638-40f6-bc11-f1d7b0d64300, 25"
Information,7/18/2018 9:23:22 AM,Microsoft-Windows-Security-SPP,8230,None,"The rules engine successfully re-evaluated the schedule.
Kernel policies:
Security-SPP-Action-StateData (REG_SZ) =AppId=55c92734-d682-4d71-983e-d6ec3f16059f;GraceEndDate=2018/11/26:19:02:22;LastConsumptionReason=0x00000000;LastNotificationId=VolumeRenewalRequired;LicenseState=SL_LICENSING_STATUS_LICENSED;PartialProductKey=2YT43;ProductKeyType=Volume:GVLK;SkuId=73111121-5638-40f6-bc11-f1d7b0d64300;ruleId=502ff3ba-669a-4674-bbb1-601f34a3b968;uxDifferentiator=ENVIRONMENT;volumeActivationOrder=normal"
Error,7/18/2018 9:22:37 AM,Microsoft-Windows-Security-SPP,8198,None,"License Activation (slui.exe) failed with the following error code:
hr=0xC004F074
Command-line arguments:
RuleId=502ff3ba-669a-4674-bbb1-601f34a3b968;Action=AutoActivateSilent;AppId=55c92734-d682-4d71-983e-d6ec3f16059f;SkuId=73111121-5638-40f6-bc11-f1d7b0d64300;NotificationInterval=1440;Trigger=NetworkQuarantineRetry"
Information,7/18/2018 9:22:37 AM,Microsoft-Windows-Security-SPP,1003,None,"The Software Protection service has completed licensing status check.
Application Id=55c92734-d682-4d71-983e-d6ec3f16059f
Licensing Status=
1: 040fa323-92b1-4baf-97a2-5b67feaefddb, 1, 0 [(0 [0xC004F014, 0, 0], [(?)(?)(?)(?)(?)(?)(?)(?)])(1 )(2 )(3 )]
2: 0724cb7d-3437-4cb7-93cb-830375d0079d, 1, 0 [(0 [0xC004F014, 0, 0], [(?)(?)(?)(?)(?)(?)(?)(?)])(1 )(2 )(3 )]
3: 221a02da-e2a1-4b75-864c-0a4410a33fdf, 1, 0 [(0 [0xC004F014, 0, 0], [(?)(?)(?)(?)(?)(?)(?)(?)])(1 )(2 )(3 )]
4: 2c293c26-a45a-4a2a-a350-c69a67097529, 1, 0 [(0 [0xC004F014, 0, 0], [(?)(?)(?)(?)(?)(?)(?)(?)])(1 )(2 )(3 )]
5: 2de67392-b7a7-462a-b1ca-108dd189f588, 1, 0 [(0 [0xC004F014, 0, 0], [(?)(?)(?)(?)(?)(?)(?)(?)])(1 )(2 )(3 )]
6: 2ffd8952-423e-4903-b993-72a1aa44cf82, 1, 0 [(0 [0xC004F014, 0, 0], [(?)(?)(?)(?)(?)(?)(?)(?)])(1 )(2 )(3 )]
7: 30a42c86-b7a0-4a34-8c90-ff177cb2acb7, 1, 0 [(0 [0xC004F014, 0, 0], [(?)(?)(?)(?)(?)(?)(?)(?)])(1 )(2 )(3 )]
8: 345a5db0-d94f-4e3b-a0c0-7c42f7bc3ebf, 1, 0 [(0 [0xC004F014, 0, 0], [(?)(?)(?)(?)(?)(?)(?)(?)])(1 )(2 )(3 )]
9: 377333b1-8b5d-48d6-9679-1225c872d37c, 1, 0 [(0 [0xC004F014, 0, 0], [(?)(?)(?)(?)(?)(?)(?)(?)])(1 )(2 )(3 )]
10: 3df374ef-d444-4494-a5a1-4b0d9fd0e203, 1, 0 [(0 [0xC004F014, 0, 0], [(?)(?)(?)(?)(?)(?)(?)(?)])(1 )(2 )(3 )]
11: 3f1afc82-f8ac-4f6c-8005-1d233e606eee, 1, 0 [(0 [0xC004F014, 0, 0], [(?)(?)(?)(?)(?)(?)(?)(?)])(1 )(2 )(3 )]
12: 49cd895b-53b2-4dc4-a5f7-b18aa019ad37, 1, 0 [(0 [0xC004F014, 0, 0], [(?)(?)(?)(?)(?)(?)(?)(?)])(1 )(2 )(3 )]
13: 4de7cb65-cdf1-4de9-8ae8-e3cce27b9f2c, 1, 0 [(0 [0xC004F014, 0, 0], [(?)(?)(?)(?)(?)(?)(?)(?)])(1 )(2 )(3 )]
14: 4f3da0d2-271d-4508-ae81-626b60809a38, 1, 0 [(0 [0xC004F014, 0, 0], [(?)(?)(?)(?)(?)(?)(?)(?)])(1 )(2 )(3 )]
15: 613d217f-7f13-4268-9907-1662339531cd, 1, 0 [(0 [0xC004F014, 0, 0], [(?)(?)(?)(?)(?)(?)(?)(?)])(1 )(2 )(3 )]
16: 62f0c100-9c53-4e02-b886-a3528ddfe7f6, 1, 0 [(0 [0xC004F014, 0, 0], [(?)(?)(?)(?)(?)(?)(?)(?)])(1 )(2 )(3 )]
17: 73111121-5638-40f6-bc11-f1d7b0d64300, 1, 1 [(0 [0x00000000, 1, 0], [(?)( 1 0x00000000)(?)( 2 0x00000000 0 0 msft:rm/algorithm/volume/1.0 0x00000000 188860)(?)(?)( 10 0x00000000 msft:rm/algorithm/flags/1.0)(?)])(1 )(2 )(3 )]
18: 7a802526-4c94-4bd1-ba14-835a1aca2120, 1, 0 [(0 [0xC004F014, 0, 0], [(?)(?)(?)(?)(?)(?)(?)(?)])(1 )(2 )(3 )]
19: 7cb546c0-c7d5-44d8-9a5c-69ecdd782b69, 1, 0 [(0 [0xC004F014, 0, 0], [(?)(?)(?)(?)(?)(?)(?)(?)])(1 )(2 )(3 )]
20: 8b351c9c-f398-4515-9900-09df49427262, 1, 0 [(0 [0xC004F014, 0, 0], [(?)(?)(?)(?)(?)(?)(?)(?)])(1 )(2 )(3 )]
21: b0773a15-df3a-4312-9ad2-83d69648e356, 1, 0 [(0 [0xC004F014, 0, 0], [(?)(?)(?)(?)(?)(?)(?)(?)])(1 )(2 )(3 )]
22: bd3762d7-270d-4760-8fb3-d829ca45278a, 1, 0 [(0 [0xC004F014, 0, 0], [(?)(?)(?)(?)(?)(?)(?)(?)])(1 )(2 )(3 )]
23: c86d5194-4840-4dae-9c1c-0301003a5ab0, 1, 0 [(0 [0xC004F014, 0, 0], [(?)(?)(?)(?)(?)(?)(?)(?)])(1 )(2 )(3 )]
24: d552befb-48cc-4327-8f39-47d2d94f987c, 1, 0 [(0 [0xC004F014, 0, 0], [(?)(?)(?)(?)(?)(?)(?)(?)])(1 )(2 )(3 )]
25: d6eadb3b-5ca8-4a6b-986e-35b550756111, 1, 0 [(0 [0xC004F014, 0, 0], [(?)(?)(?)(?)(?)(?)(?)(?)])(1 )(2 )(3 )]
26: e7a950a2-e548-4f10-bf16-02ec848e0643, 1, 0 [(0 [0xC004F014, 0, 0], [(?)(?)(?)(?)(?)(?)(?)(?)])(1 )(2 )(3 )]
27: ef51e000-2659-4f25-8345-3de70a9cf4c4, 1, 0 [(0 [0xC004F014, 0, 0], [(?)(?)(?)(?)(?)(?)(?)(?)])(1 )(2 )(3 )]
28: fe74f55b-0338-41d6-b267-4a201abe7285, 1, 0 [(0 [0xC004F014, 0, 0], [(?)(?)(?)(?)(?)(?)(?)(?)])(1 )(2 )(3 )]

"
Information,7/18/2018 9:22:37 AM,Microsoft-Windows-Security-SPP,1003,None,"The Software Protection service has completed licensing status check.
Application Id=55c92734-d682-4d71-983e-d6ec3f16059f
Licensing Status=
1: 040fa323-92b1-4baf-97a2-5b67feaefddb, 1, 0 [(0 [0xC004F014, 0, 0], [(?)(?)(?)(?)(?)(?)(?)(?)])(1 )(2 )(3 )]
2: 0724cb7d-3437-4cb7-93cb-830375d0079d, 1, 0 [(0 [0xC004F014, 0, 0], [(?)(?)(?)(?)(?)(?)(?)(?)])(1 )(2 )(3 )]
3: 221a02da-e2a1-4b75-864c-0a4410a33fdf, 1, 0 [(0 [0xC004F014, 0, 0], [(?)(?)(?)(?)(?)(?)(?)(?)])(1 )(2 )(3 )]
4: 2c293c26-a45a-4a2a-a350-c69a67097529, 1, 0 [(0 [0xC004F014, 0, 0], [(?)(?)(?)(?)(?)(?)(?)(?)])(1 )(2 )(3 )]
5: 2de67392-b7a7-462a-b1ca-108dd189f588, 1, 0 [(0 [0xC004F014, 0, 0], [(?)(?)(?)(?)(?)(?)(?)(?)])(1 )(2 )(3 )]
6: 2ffd8952-423e-4903-b993-72a1aa44cf82, 1, 0 [(0 [0xC004F014, 0, 0], [(?)(?)(?)(?)(?)(?)(?)(?)])(1 )(2 )(3 )]
7: 30a42c86-b7a0-4a34-8c90-ff177cb2acb7, 1, 0 [(0 [0xC004F014, 0, 0], [(?)(?)(?)(?)(?)(?)(?)(?)])(1 )(2 )(3 )]
8: 345a5db0-d94f-4e3b-a0c0-7c42f7bc3ebf, 1, 0 [(0 [0xC004F014, 0, 0], [(?)(?)(?)(?)(?)(?)(?)(?)])(1 )(2 )(3 )]
9: 377333b1-8b5d-48d6-9679-1225c872d37c, 1, 0 [(0 [0xC004F014, 0, 0], [(?)(?)(?)(?)(?)(?)(?)(?)])(1 )(2 )(3 )]
10: 3df374ef-d444-4494-a5a1-4b0d9fd0e203, 1, 0 [(0 [0xC004F014, 0, 0], [(?)(?)(?)(?)(?)(?)(?)(?)])(1 )(2 )(3 )]
11: 3f1afc82-f8ac-4f6c-8005-1d233e606eee, 1, 0 [(0 [0xC004F014, 0, 0], [(?)(?)(?)(?)(?)(?)(?)(?)])(1 )(2 )(3 )]
12: 49cd895b-53b2-4dc4-a5f7-b18aa019ad37, 1, 0 [(0 [0xC004F014, 0, 0], [(?)(?)(?)(?)(?)(?)(?)(?)])(1 )(2 )(3 )]
13: 4de7cb65-cdf1-4de9-8ae8-e3cce27b9f2c, 1, 0 [(0 [0xC004F014, 0, 0], [(?)(?)(?)(?)(?)(?)(?)(?)])(1 )(2 )(3 )]
14: 4f3da0d2-271d-4508-ae81-626b60809a38, 1, 0 [(0 [0xC004F014, 0, 0], [(?)(?)(?)(?)(?)(?)(?)(?)])(1 )(2 )(3 )]
15: 613d217f-7f13-4268-9907-1662339531cd, 1, 0 [(0 [0xC004F014, 0, 0], [(?)(?)(?)(?)(?)(?)(?)(?)])(1 )(2 )(3 )]
16: 62f0c100-9c53-4e02-b886-a3528ddfe7f6, 1, 0 [(0 [0xC004F014, 0, 0], [(?)(?)(?)(?)(?)(?)(?)(?)])(1 )(2 )(3 )]
17: 73111121-5638-40f6-bc11-f1d7b0d64300, 1, 1 [(0 [0x00000000, 1, 0], [(?)( 1 0x00000000)(?)( 2 0x00000000 0 0 msft:rm/algorithm/volume/1.0 0x00000000 188860)(?)(?)( 10 0x00000000 msft:rm/algorithm/flags/1.0)(?)])(1 )(2 )(3 )]
18: 7a802526-4c94-4bd1-ba14-835a1aca2120, 1, 0 [(0 [0xC004F014, 0, 0], [(?)(?)(?)(?)(?)(?)(?)(?)])(1 )(2 )(3 )]
19: 7cb546c0-c7d5-44d8-9a5c-69ecdd782b69, 1, 0 [(0 [0xC004F014, 0, 0], [(?)(?)(?)(?)(?)(?)(?)(?)])(1 )(2 )(3 )]
20: 8b351c9c-f398-4515-9900-09df49427262, 1, 0 [(0 [0xC004F014, 0, 0], [(?)(?)(?)(?)(?)(?)(?)(?)])(1 )(2 )(3 )]
21: b0773a15-df3a-4312-9ad2-83d69648e356, 1, 0 [(0 [0xC004F014, 0, 0], [(?)(?)(?)(?)(?)(?)(?)(?)])(1 )(2 )(3 )]
22: bd3762d7-270d-4760-8fb3-d829ca45278a, 1, 0 [(0 [0xC004F014, 0, 0], [(?)(?)(?)(?)(?)(?)(?)(?)])(1 )(2 )(3 )]
23: c86d5194-4840-4dae-9c1c-0301003a5ab0, 1, 0 [(0 [0xC004F014, 0, 0], [(?)(?)(?)(?)(?)(?)(?)(?)])(1 )(2 )(3 )]
24: d552befb-48cc-4327-8f39-47d2d94f987c, 1, 0 [(0 [0xC004F014, 0, 0], [(?)(?)(?)(?)(?)(?)(?)(?)])(1 )(2 )(3 )]
25: d6eadb3b-5ca8-4a6b-986e-35b550756111, 1, 0 [(0 [0xC004F014, 0, 0], [(?)(?)(?)(?)(?)(?)(?)(?)])(1 )(2 )(3 )]
26: e7a950a2-e548-4f10-bf16-02ec848e0643, 1, 0 [(0 [0xC004F014, 0, 0], [(?)(?)(?)(?)(?)(?)(?)(?)])(1 )(2 )(3 )]
27: ef51e000-2659-4f25-8345-3de70a9cf4c4, 1, 0 [(0 [0xC004F014, 0, 0], [(?)(?)(?)(?)(?)(?)(?)(?)])(1 )(2 )(3 )]
28: fe74f55b-0338-41d6-b267-4a201abe7285, 1, 0 [(0 [0xC004F014, 0, 0], [(?)(?)(?)(?)(?)(?)(?)(?)])(1 )(2 )(3 )]

"
Information,7/18/2018 9:22:36 AM,Microsoft-Windows-Security-SPP,12288,None,"The client has sent an activation request to the key management service machine.
Info:
0xC0020017, 0x00000000, vmw8su_c_001.corp.premierinc.com:1688, 98e315f1-2e03-4cfa-b026-ef79751044b4, 2018/07/18 15:20, 1, 1, 188862, 73111121-5638-40f6-bc11-f1d7b0d64300, 25"
Information,7/18/2018 9:22:35 AM,Microsoft-Windows-Security-SPP,12288,None,"The client has sent an activation request to the key management service machine.
Info:
0xC004F042, 0x00000000, c2pieposcan2.corp.premierinc.com:1688, 98e315f1-2e03-4cfa-b026-ef79751044b4, 2018/07/18 15:20, 1, 1, 188862, 73111121-5638-40f6-bc11-f1d7b0d64300, 25"
Information,7/18/2018 9:22:34 AM,Microsoft-Windows-Security-SPP,12288,None,"The client has sent an activation request to the key management service machine.
Info:
0x80072AF9, 0x00000000, vmw7x64off13v11.corp.premierinc.com:1688, 98e315f1-2e03-4cfa-b026-ef79751044b4, 2018/07/18 15:20, 1, 1, 188862, 73111121-5638-40f6-bc11-f1d7b0d64300, 25"
Information,7/18/2018 9:22:34 AM,Microsoft-Windows-Security-SPP,12288,None,"The client has sent an activation request to the key management service machine.
Info:
0xC004F042, 0x00000000, c3pimdt1.corp.premierinc.com:1688, 98e315f1-2e03-4cfa-b026-ef79751044b4, 2018/07/18 15:20, 1, 1, 188862, 73111121-5638-40f6-bc11-f1d7b0d64300, 25"
Information,7/18/2018 9:22:34 AM,Microsoft-Windows-Security-SPP,12288,None,"The client has sent an activation request to the key management service machine.
Info:
0x8007000D, 0x00000000, c3pigpsdsh2.corp.premierinc.com:1688, 98e315f1-2e03-4cfa-b026-ef79751044b4, 2018/07/18 15:20, 1, 1, 188862, 73111121-5638-40f6-bc11-f1d7b0d64300, 25"
Information,7/18/2018 9:22:34 AM,Microsoft-Windows-Security-SPP,12288,None,"The client has sent an activation request to the key management service machine.
Info:
0xC0020017, 0x00000000, 46499fmahoney-8.corp.premierinc.com:1688, 98e315f1-2e03-4cfa-b026-ef79751044b4, 2018/07/18 15:20, 1, 1, 188862, 73111121-5638-40f6-bc11-f1d7b0d64300, 25"
Information,7/18/2018 9:22:22 AM,Windows Error Reporting,1001,None,"Fault bucket , type 0
Event Name: WindowsUpdateFailure3
Response: Not available
Cab Id: 0

Problem signature:
P1: 10.0.15063.1155
P2: 8024e001
P3: 00000000-0000-0000-0000-000000000000
P4: Scan
P5: 0
P6: 1
P7: 0
P8: <<PROCESS>>: CompatTelRunner.exe
P9: {3DA21691-E39D-4DA6-8A4B-B43877BCB1B7}
P10: 0

Attached files:

These files may be available here:


Analysis symbol: 
Rechecking for solution: 0
Report Id: 4e5ec4bb-9ebc-470d-8dea-39804462239e
Report Status: 1074003968
Hashed bucket: "
Information,7/18/2018 9:22:13 AM,Microsoft-Windows-Security-SPP,12288,None,"The client has sent an activation request to the key management service machine.
Info:
0x80072AF9, 0x00000000, vmw8su_name.corp.premierinc.com:1688, 98e315f1-2e03-4cfa-b026-ef79751044b4, 2018/07/18 15:20, 1, 1, 188862, 73111121-5638-40f6-bc11-f1d7b0d64300, 25"
Information,7/18/2018 9:22:13 AM,Microsoft-Windows-Security-SPP,12288,None,"The client has sent an activation request to the key management service machine.
Info:
0x80072AF9, 0x00000000, vmw8su_c_01.corp.premierinc.com:1688, 98e315f1-2e03-4cfa-b026-ef79751044b4, 2018/07/18 15:20, 1, 1, 188862, 73111121-5638-40f6-bc11-f1d7b0d64300, 25"
Information,7/18/2018 9:22:13 AM,Microsoft-Windows-Security-SPP,12288,None,"The client has sent an activation request to the key management service machine.
Info:
0xC0020017, 0x00000000, 46533dokelley-8.corp.premierinc.com:1688, 98e315f1-2e03-4cfa-b026-ef79751044b4, 2018/07/18 15:20, 1, 1, 188862, 73111121-5638-40f6-bc11-f1d7b0d64300, 25"
Information,7/18/2018 9:21:52 AM,Microsoft-Windows-Security-SPP,12288,None,"The client has sent an activation request to the key management service machine.
Info:
0xC0020017, 0x00000000, 46497alewis1-w8.corp.premierinc.com:1688, 98e315f1-2e03-4cfa-b026-ef79751044b4, 2018/07/18 15:20, 1, 1, 188862, 73111121-5638-40f6-bc11-f1d7b0d64300, 25"
Information,7/18/2018 9:21:31 AM,Microsoft-Windows-Security-SPP,12288,None,"The client has sent an activation request to the key management service machine.
Info:
0xC0020017, 0x00000000, 46500rkissick-8.corp.premierinc.com:1688, 98e315f1-2e03-4cfa-b026-ef79751044b4, 2018/07/18 15:20, 1, 1, 188862, 73111121-5638-40f6-bc11-f1d7b0d64300, 25"
Information,7/18/2018 9:21:10 AM,Microsoft-Windows-Security-SPP,12288,None,"The client has sent an activation request to the key management service machine.
Info:
0x80072AF9, 0x00000000, vmw7x64off10v11.corp.premierinc.com:1688, 98e315f1-2e03-4cfa-b026-ef79751044b4, 2018/07/18 15:20, 1, 1, 188862, 73111121-5638-40f6-bc11-f1d7b0d64300, 25"
Information,7/18/2018 9:21:10 AM,Microsoft-Windows-Security-SPP,12288,None,"The client has sent an activation request to the key management service machine.
Info:
0xC0020017, 0x00000000, 46534nsmith2-8.corp.premierinc.com:1688, 98e315f1-2e03-4cfa-b026-ef79751044b4, 2018/07/18 15:20, 1, 1, 188862, 73111121-5638-40f6-bc11-f1d7b0d64300, 25"
Information,7/18/2018 9:20:49 AM,Microsoft-Windows-Security-SPP,12288,None,"The client has sent an activation request to the key management service machine.
Info:
0xC0020017, 0x00000000, 46532csapp-w8.corp.premierinc.com:1688, 98e315f1-2e03-4cfa-b026-ef79751044b4, 2018/07/18 15:20, 1, 1, 188862, 73111121-5638-40f6-bc11-f1d7b0d64300, 25"
Information,7/18/2018 9:20:28 AM,Microsoft-Windows-Security-SPP,12288,None,"The client has sent an activation request to the key management service machine.
Info:
0x80072AF9, 0x00000000, vmw8redstone03.corp.premierinc.com:1688, 98e315f1-2e03-4cfa-b026-ef79751044b4, 2018/07/18 15:20, 1, 1, 188862, 73111121-5638-40f6-bc11-f1d7b0d64300, 25"
Information,7/18/2018 9:20:28 AM,Microsoft-Windows-Security-SPP,12288,None,"The client has sent an activation request to the key management service machine.
Info:
0x80072AF9, 0x00000000, vmw8redstone01.corp.premierinc.com:1688, 98e315f1-2e03-4cfa-b026-ef79751044b4, 2018/07/18 15:20, 1, 1, 188862, 73111121-5638-40f6-bc11-f1d7b0d64300, 25"
Information,7/18/2018 9:20:28 AM,Microsoft-Windows-Security-SPP,12288,None,"The client has sent an activation request to the key management service machine.
Info:
0xC0020017, 0x00000000, 46494twinning-8.corp.premierinc.com:1688, 98e315f1-2e03-4cfa-b026-ef79751044b4, 2018/07/18 15:20, 1, 1, 188862, 73111121-5638-40f6-bc11-f1d7b0d64300, 25"
Error,7/18/2018 9:20:09 AM,VSTO 4.0,4096,None,"Customization URI: file:///C:/Program Files (x86)/Common Files/Microsoft Shared/VSTA/Pipeline.v10.0/PipelineSegments.store
Exception: Exception reading manifest from file:///C:/Program%20Files%20(x86)/Common%20Files/Microsoft%20Shared/VSTA/Pipeline.v10.0/PipelineSegments.store: the manifest may not be valid or the file could not be opened.


************** Exception Text **************
System.Deployment.Application.InvalidDeploymentException: Exception reading manifest from file:///C:/Program%20Files%20(x86)/Common%20Files/Microsoft%20Shared/VSTA/Pipeline.v10.0/PipelineSegments.store: the manifest may not be valid or the file could not be opened. ---> System.Xml.XmlException: '', hexadecimal value 0x01, is an invalid character. Line 1, position 1.
   at System.Xml.XmlTextReaderImpl.Throw(Exception e)
   at System.Xml.XmlTextReaderImpl.Throw(String res, String[] args)
   at System.Xml.XmlTextReaderImpl.Throw(Int32 pos, String res, String[] args)
   at System.Xml.XmlTextReaderImpl.ThrowInvalidChar(Int32 pos, Char invChar)
   at System.Xml.XmlTextReaderImpl.ParseRootLevelWhitespace()
   at System.Xml.XmlTextReaderImpl.ParseDocumentContent()
   at System.Xml.XmlTextReaderImpl.Read()
   at System.Xml.XmlTextReader.Read()
   at System.Deployment.Application.ManifestValidatingReader.XmlFilteredReader.Read()
   at System.Xml.XsdValidatingReader.Read()
   at System.Deployment.Application.ManifestReader.FromDocument(String localPath, ManifestType manifestType, Uri sourceUri)
   --- End of inner exception stack trace ---
   at Microsoft.VisualStudio.Tools.Applications.Deployment.ClickOnceAddInDeploymentManager.GetManifests(TimeSpan timeout)
   at Microsoft.VisualStudio.Tools.Applications.Deployment.ClickOnceAddInDeploymentManager.InstallAddIn()


************** Loaded Assemblies **************
mscorlib
    Assembly Version: 2.0.0.0
    Win32 Version: 2.0.50727.8804 (WinRelRS2.050727-8800)
    CodeBase: file:///C:/Windows/Microsoft.NET/Framework/v2.0.50727/mscorlib.dll
----------------------------------------
System.Windows.Forms
    Assembly Version: 2.0.0.0
    Win32 Version: 2.0.50727.8784 (WinRel.050727-8700)
    CodeBase: file:///C:/WINDOWS/assembly/GAC_MSIL/System.Windows.Forms/2.0.0.0__b77a5c561934e089/System.Windows.Forms.dll
----------------------------------------
System
    Assembly Version: 2.0.0.0
    Win32 Version: 2.0.50727.8800 (WinRelRS2.050727-8800)
    CodeBase: file:///C:/WINDOWS/assembly/GAC_MSIL/System/2.0.0.0__b77a5c561934e089/System.dll
----------------------------------------
System.Drawing
    Assembly Version: 2.0.0.0
    Win32 Version: 2.0.50727.8784 (WinRel.050727-8700)
    CodeBase: file:///C:/WINDOWS/assembly/GAC_MSIL/System.Drawing/2.0.0.0__b03f5f7f11d50a3a/System.Drawing.dll
----------------------------------------
System.Configuration
    Assembly Version: 2.0.0.0
    Win32 Version: 2.0.50727.8784 (WinRel.050727-8700)
    CodeBase: file:///C:/WINDOWS/assembly/GAC_MSIL/System.Configuration/2.0.0.0__b03f5f7f11d50a3a/System.Configuration.dll
----------------------------------------
System.Xml
    Assembly Version: 2.0.0.0
    Win32 Version: 2.0.50727.8802 (WinRelRS2.050727-8800)
    CodeBase: file:///C:/WINDOWS/assembly/GAC_MSIL/System.Xml/2.0.0.0__b77a5c561934e089/System.Xml.dll
----------------------------------------
Microsoft.VisualStudio.Tools.Office.Runtime.v10.0
    Assembly Version: 10.0.0.0
    Win32 Version: 10.0.60724.0
    CodeBase: file:///C:/WINDOWS/assembly/GAC_MSIL/Microsoft.VisualStudio.Tools.Office.Runtime.v10.0/10.0.0.0__b03f5f7f11d50a3a/Microsoft.VisualStudio.Tools.Office.Runtime.v10.0.dll
----------------------------------------
System.Core
    Assembly Version: 3.5.0.0
    Win32 Version: 3.5.30729.8795 built by: WinRel
    CodeBase: file:///C:/WINDOWS/assembly/GAC_MSIL/System.Core/3.5.0.0__b77a5c561934e089/System.Core.dll
----------------------------------------
Microsoft.VisualStudio.Tools.Applications.Hosting.v10.0
    Assembly Version: 10.0.0.0
    Win32 Version: 10.0.60724.0
    CodeBase: file:///C:/WINDOWS/assembly/GAC_MSIL/Microsoft.VisualStudio.Tools.Applications.Hosting.v10.0/10.0.0.0__b03f5f7f11d50a3a/Microsoft.VisualStudio.Tools.Applications.Hosting.v10.0.dll
----------------------------------------
System.AddIn
    Assembly Version: 3.5.0.0
    Win32 Version: 3.5.30729.8795 built by: WinRel
    CodeBase: file:///C:/WINDOWS/assembly/GAC_MSIL/System.AddIn/3.5.0.0__b77a5c561934e089/System.AddIn.dll
----------------------------------------
Microsoft.Office.Tools.Outlook.v9.0
    Assembly Version: 9.0.0.0
    Win32 Version: 9.0.30729.7079
    CodeBase: file:///C:/WINDOWS/assembly/GAC_MSIL/Microsoft.Office.Tools.Outlook.v9.0/9.0.0.0__b03f5f7f11d50a3a/Microsoft.Office.Tools.Outlook.v9.0.dll
----------------------------------------
Microsoft.VisualStudio.Tools.Applications.Runtime.v10.0
    Assembly Version: 10.0.0.0
    Win32 Version: 10.0.60724.0
    CodeBase: file:///C:/WINDOWS/assembly/GAC_MSIL/Microsoft.VisualStudio.Tools.Applications.Runtime.v10.0/10.0.0.0__b03f5f7f11d50a3a/Microsoft.VisualStudio.Tools.Applications.Runtime.v10.0.dll
----------------------------------------
System.Deployment
    Assembly Version: 2.0.0.0
    Win32 Version: 2.0.50727.8784 (WinRel.050727-8700)
    CodeBase: file:///C:/WINDOWS/assembly/GAC_MSIL/System.Deployment/2.0.0.0__b03f5f7f11d50a3a/System.Deployment.dll
----------------------------------------
Microsoft.VisualStudio.Tools.Applications.ServerDocument.v10.0
    Assembly Version: 10.0.0.0
    Win32 Version: 10.0.60724.0
    CodeBase: file:///C:/WINDOWS/assembly/GAC_MSIL/Microsoft.VisualStudio.Tools.Applications.ServerDocument.v10.0/10.0.0.0__b03f5f7f11d50a3a/Microsoft.VisualStudio.Tools.Applications.ServerDocument.v10.0.dll
----------------------------------------


"
Information,7/18/2018 9:20:07 AM,Microsoft-Windows-Security-SPP,12288,None,"The client has sent an activation request to the key management service machine.
Info:
0xC004F042, 0x00000000, c3piadmin1.corp.premierinc.com:1688, 98e315f1-2e03-4cfa-b026-ef79751044b4, 2018/07/18 15:20, 1, 1, 188862, 73111121-5638-40f6-bc11-f1d7b0d64300, 25"
Information,7/18/2018 9:20:06 AM,Microsoft-Windows-Security-SPP,12288,None,"The client has sent an activation request to the key management service machine.
Info:
0xC0020017, 0x00000000, 46494twinning-8.corp.premierinc.com:1688, 98e315f1-2e03-4cfa-b026-ef79751044b4, 2018/07/18 15:17, 1, 1, 188865, 73111121-5638-40f6-bc11-f1d7b0d64300, 25"
Information,7/18/2018 9:19:45 AM,Microsoft-Windows-Security-SPP,12288,None,"The client has sent an activation request to the key management service machine.
Info:
0xC0020017, 0x00000000, 46533dokelley-8.corp.premierinc.com:1688, 98e315f1-2e03-4cfa-b026-ef79751044b4, 2018/07/18 15:17, 1, 1, 188865, 73111121-5638-40f6-bc11-f1d7b0d64300, 25"
Information,7/18/2018 9:19:24 AM,Microsoft-Windows-Security-SPP,12288,None,"The client has sent an activation request to the key management service machine.
Info:
0xC0020017, 0x00000000, 46497alewis1-w8.corp.premierinc.com:1688, 98e315f1-2e03-4cfa-b026-ef79751044b4, 2018/07/18 15:17, 1, 1, 188865, 73111121-5638-40f6-bc11-f1d7b0d64300, 25"
Information,7/18/2018 9:19:04 AM,Microsoft-Windows-Security-SPP,12288,None,"The client has sent an activation request to the key management service machine.
Info:
0xC004F042, 0x00000000, c3pimdt1.corp.premierinc.com:1688, 98e315f1-2e03-4cfa-b026-ef79751044b4, 2018/07/18 15:17, 1, 1, 188865, 73111121-5638-40f6-bc11-f1d7b0d64300, 25"
Information,7/18/2018 9:19:03 AM,Microsoft-Windows-Security-SPP,12288,None,"The client has sent an activation request to the key management service machine.
Info:
0x8007000D, 0x00000000, c3pigpsdsh2.corp.premierinc.com:1688, 98e315f1-2e03-4cfa-b026-ef79751044b4, 2018/07/18 15:17, 1, 1, 188865, 73111121-5638-40f6-bc11-f1d7b0d64300, 25"
Information,7/18/2018 9:19:03 AM,Microsoft-Windows-Security-SPP,12288,None,"The client has sent an activation request to the key management service machine.
Info:
0xC004F042, 0x00000000, c3piadmin1.corp.premierinc.com:1688, 98e315f1-2e03-4cfa-b026-ef79751044b4, 2018/07/18 15:17, 1, 1, 188865, 73111121-5638-40f6-bc11-f1d7b0d64300, 25"
Information,7/18/2018 9:19:03 AM,Microsoft-Windows-Security-SPP,12288,None,"The client has sent an activation request to the key management service machine.
Info:
0xC0020017, 0x00000000, 46534nsmith2-8.corp.premierinc.com:1688, 98e315f1-2e03-4cfa-b026-ef79751044b4, 2018/07/18 15:17, 1, 1, 188865, 73111121-5638-40f6-bc11-f1d7b0d64300, 25"
Information,7/18/2018 9:18:59 AM,Outlook,32,None,The store C:\Users\mliu\AppData\Local\Microsoft\Outlook\Internet Calendar Subscriptions.pst has detected a catalog checkpoint.
Information,7/18/2018 9:18:43 AM,Outlook,32,None,The store C:\Users\mliu\AppData\Local\Microsoft\Outlook\Mona_Liu@PremierInc.com.ost has detected a catalog checkpoint.
Information,7/18/2018 9:18:42 AM,Microsoft-Windows-Security-SPP,12288,None,"The client has sent an activation request to the key management service machine.
Info:
0x80072AF9, 0x00000000, vmw7x64off10v11.corp.premierinc.com:1688, 98e315f1-2e03-4cfa-b026-ef79751044b4, 2018/07/18 15:17, 1, 1, 188865, 73111121-5638-40f6-bc11-f1d7b0d64300, 25"
Information,7/18/2018 9:18:42 AM,Microsoft-Windows-Security-SPP,12288,None,"The client has sent an activation request to the key management service machine.
Info:
0xC004F042, 0x00000000, c2pieposcan2.corp.premierinc.com:1688, 98e315f1-2e03-4cfa-b026-ef79751044b4, 2018/07/18 15:17, 1, 1, 188865, 73111121-5638-40f6-bc11-f1d7b0d64300, 25"
Information,7/18/2018 9:18:41 AM,Microsoft-Windows-Security-SPP,12288,None,"The client has sent an activation request to the key management service machine.
Info:
0x80072AF9, 0x00000000, vmw8redstone03.corp.premierinc.com:1688, 98e315f1-2e03-4cfa-b026-ef79751044b4, 2018/07/18 15:17, 1, 1, 188865, 73111121-5638-40f6-bc11-f1d7b0d64300, 25"
Information,7/18/2018 9:18:41 AM,Microsoft-Windows-Security-SPP,12288,None,"The client has sent an activation request to the key management service machine.
Info:
0xC0020017, 0x00000000, 46532csapp-w8.corp.premierinc.com:1688, 98e315f1-2e03-4cfa-b026-ef79751044b4, 2018/07/18 15:17, 1, 1, 188865, 73111121-5638-40f6-bc11-f1d7b0d64300, 25"
Information,7/18/2018 9:18:41 AM,Microsoft-Windows-Security-SPP,1003,None,"The Software Protection service has completed licensing status check.
Application Id=0ff1ce15-a989-479d-af46-f275c6370663
Licensing Status=
1: e13ac10e-75d0-4aff-a0cd-764982cf541c, 1, 1 [(0 [0x00000000, 1, 0], [(?)( 1 0x00000000)(?)( 2 0x00000000 0 0 msft:rm/algorithm/volume/1.0 0x00000000 257780)(?)(?)(?)(?)])(1 )(2 )(3 )]

"
Information,7/18/2018 9:18:41 AM,Microsoft-Windows-Security-SPP,1003,None,"The Software Protection service has completed licensing status check.
Application Id=0ff1ce15-a989-479d-af46-f275c6370663
Licensing Status=
1: b322da9c-a2e2-4058-9e4e-f59a6970bd69, 1, 1 [(0 [0x00000000, 1, 0], [(?)( 1 0x00000000)(?)( 2 0x00000000 0 0 msft:rm/algorithm/volume/1.0 0x00000000 257780)(?)(?)(?)(?)])(1 )(2 )(3 )]

"
Information,7/18/2018 9:18:40 AM,Microsoft-Windows-Security-SPP,1003,None,"The Software Protection service has completed licensing status check.
Application Id=0ff1ce15-a989-479d-af46-f275c6370663
Licensing Status=
1: 427a28d1-d17c-4abf-b717-32c780ba6f07, 1, 1 [(0 [0x00000000, 1, 0], [(?)( 1 0x00000000)(?)( 2 0x00000000 0 0 msft:rm/algorithm/volume/1.0 0x00000000 257780)(?)(?)(?)(?)])(1 )(2 )(3 )]

"
Information,7/18/2018 9:18:40 AM,Outlook,63,None,The Exchange web service request GetAppManifests succeeded. 
Information,7/18/2018 9:18:40 AM,Microsoft-Windows-Security-SPP,1003,None,"The Software Protection service has completed licensing status check.
Application Id=0ff1ce15-a989-479d-af46-f275c6370663
Licensing Status=
1: 2b88c4f2-ea8f-43cd-805e-4d41346e18a7, 1, 0 [(0 [0xC004F014, 0, 0], [(?)(?)(?)(?)(?)(?)(?)(?)])(1 )(2 )(3 )]
2: 2b9e4a37-6230-4b42-bee2-e25ce86c8c7a, 1, 0 [(0 [0xC004F014, 0, 0], [(?)(?)(?)(?)(?)(?)(?)(?)])(1 )(2 )(3 )]
3: 3e4294dd-a765-49bc-8dbd-cf8b62a4bd3d, 1, 0 [(0 [0xC004F014, 0, 0], [(?)(?)(?)(?)(?)(?)(?)(?)])(1 )(2 )(3 )]
4: 427a28d1-d17c-4abf-b717-32c780ba6f07, 1, 1 [(0 [0x00000000, 1, 0], [(?)( 1 0x00000000)(?)( 2 0x00000000 0 0 msft:rm/algorithm/volume/1.0 0x00000000 257780)(?)(?)(?)(?)])(1 )(2 )(3 )]
5: b322da9c-a2e2-4058-9e4e-f59a6970bd69, 1, 1 [(0 [0x00000000, 1, 0], [(?)( 1 0x00000000)(?)( 2 0x00000000 0 0 msft:rm/algorithm/volume/1.0 0x00000000 257780)(?)(?)(?)(?)])(1 )(2 )(3 )]
6: e13ac10e-75d0-4aff-a0cd-764982cf541c, 1, 1 [(0 [0x00000000, 1, 0], [(?)( 1 0x00000000)(?)( 2 0x00000000 0 0 msft:rm/algorithm/volume/1.0 0x00000000 257780)(?)(?)(?)(?)])(1 )(2 )(3 )]

"
Information,7/18/2018 9:18:39 AM,Outlook,45,None,Outlook loaded the following add-in(s):


Name: WebEx Productivity Tools
Description: ATLCOM Outlook Addin
ProgID: WebExOI.Addin
GUID: {EA47D2DE-76CC-4138-97FF-A62F9D28A341}
Load Behavior: 3
HKLM: 1
Location: C:\Program Files (x86)\WebEx\Productivity Tools\ptolkadd.dll
Boot Time (Milliseconds): 4297

Name: Defendpoint Outlook Add-in
Description: Defendpoint Outlook Add-in
ProgID: PGOutlookAddin.Connect
GUID: {420A649C-3BF0-4CFD-AFA2-8F0445AA56EA}
Load Behavior: 3
HKLM: 1
Location: C:\Program Files (x86)\Avecto\Privilege Guard Client\PGOutlookAddin.dll
Boot Time (Milliseconds): 187

Name: DataMotion Secure Email
Description: DataMotion Secure Email Outlook COM Addin
ProgID: DataMotion.Connect
GUID: {68E1A70A-B1DC-4BEA-9B48-B35CED4B4752}
Load Behavior: 3
HKLM: 1
Location: C:\Program Files (x86)\DataMotion\SecureMail\DataMotionShim.dll
Boot Time (Milliseconds): 37469

Warning,7/18/2018 9:18:39 AM,Outlook,59,None,Outlook disabled the following add-in(s):



ProgID: DataMotion.Connect
GUID: {68E1A70A-B1DC-4BEA-9B48-B35CED4B4752}
Name: DataMotion Secure Email
Description: DataMotion Secure Email Outlook COM Addin
Load Behavior: 3
HKLM: 1
Location: c:\program files (x86)\datamotion\securemail\datamotionshim.dll
Threshold Time (Milliseconds): 1000
Time Taken (Milliseconds): 37437
Disable Reason: This add-in caused Outlook to start slowly.
Policy Exception (Allow List): 0 

ProgID: WebExOI.Addin
GUID: {EA47D2DE-76CC-4138-97FF-A62F9D28A341}
Name: WebEx Productivity Tools
Description: ATLCOM Outlook Addin
Load Behavior: 3
HKLM: 1
Location: c:\program files (x86)\webex\productivity tools\ptolkadd.dll
Threshold Time (Milliseconds): 1000
Time Taken (Milliseconds): 4297
Disable Reason: This add-in caused Outlook to start slowly.
Policy Exception (Allow List): 0 
Information,7/18/2018 9:18:37 AM,Outlook,63,None,Outlook detected a change notification for your apps and will attempt to update them.
Information,7/18/2018 9:18:20 AM,Microsoft-Windows-Security-SPP,12288,None,"The client has sent an activation request to the key management service machine.
Info:
0x80072AF9, 0x00000000, vmw8redstone01.corp.premierinc.com:1688, 98e315f1-2e03-4cfa-b026-ef79751044b4, 2018/07/18 15:17, 1, 1, 188865, 73111121-5638-40f6-bc11-f1d7b0d64300, 25"
Information,7/18/2018 9:18:20 AM,Microsoft-Windows-Security-SPP,12288,None,"The client has sent an activation request to the key management service machine.
Info:
0x80072AF9, 0x00000000, vmw8su_name.corp.premierinc.com:1688, 98e315f1-2e03-4cfa-b026-ef79751044b4, 2018/07/18 15:17, 1, 1, 188865, 73111121-5638-40f6-bc11-f1d7b0d64300, 25"
Information,7/18/2018 9:18:20 AM,Microsoft-Windows-Security-SPP,12288,None,"The client has sent an activation request to the key management service machine.
Info:
0xC0020017, 0x00000000, 46500rkissick-8.corp.premierinc.com:1688, 98e315f1-2e03-4cfa-b026-ef79751044b4, 2018/07/18 15:17, 1, 1, 188865, 73111121-5638-40f6-bc11-f1d7b0d64300, 25"
Information,7/18/2018 9:17:59 AM,Microsoft-Windows-Security-SPP,12288,None,"The client has sent an activation request to the key management service machine.
Info:
0x80072AF9, 0x00000000, vmw7x64off13v11.corp.premierinc.com:1688, 98e315f1-2e03-4cfa-b026-ef79751044b4, 2018/07/18 15:17, 1, 1, 188865, 73111121-5638-40f6-bc11-f1d7b0d64300, 25"
Information,7/18/2018 9:17:59 AM,Microsoft-Windows-Security-SPP,12288,None,"The client has sent an activation request to the key management service machine.
Info:
0x80072AF9, 0x00000000, vmw8su_c_01.corp.premierinc.com:1688, 98e315f1-2e03-4cfa-b026-ef79751044b4, 2018/07/18 15:17, 1, 1, 188865, 73111121-5638-40f6-bc11-f1d7b0d64300, 25"
Information,7/18/2018 9:17:59 AM,Microsoft-Windows-Security-SPP,12288,None,"The client has sent an activation request to the key management service machine.
Info:
0xC0020017, 0x00000000, vmw8su_c_001.corp.premierinc.com:1688, 98e315f1-2e03-4cfa-b026-ef79751044b4, 2018/07/18 15:17, 1, 1, 188865, 73111121-5638-40f6-bc11-f1d7b0d64300, 25"
Information,7/18/2018 9:17:58 AM,Microsoft-Windows-Security-SPP,12288,None,"The client has sent an activation request to the key management service machine.
Info:
0xC0020017, 0x00000000, 46499fmahoney-8.corp.premierinc.com:1688, 98e315f1-2e03-4cfa-b026-ef79751044b4, 2018/07/18 15:17, 1, 1, 188865, 73111121-5638-40f6-bc11-f1d7b0d64300, 25"
Error,7/18/2018 9:17:38 AM,Microsoft-Windows-Security-SPP,8198,None,"License Activation (slui.exe) failed with the following error code:
hr=0xC004F074
Command-line arguments:
RuleId=502ff3ba-669a-4674-bbb1-601f34a3b968;Action=AutoActivateSilent;AppId=55c92734-d682-4d71-983e-d6ec3f16059f;SkuId=73111121-5638-40f6-bc11-f1d7b0d64300;NotificationInterval=1440;Trigger=NetworkAvailable"
Information,7/18/2018 9:17:38 AM,Microsoft-Windows-Security-SPP,1003,None,"The Software Protection service has completed licensing status check.
Application Id=55c92734-d682-4d71-983e-d6ec3f16059f
Licensing Status=
1: 040fa323-92b1-4baf-97a2-5b67feaefddb, 1, 0 [(0 [0xC004F014, 0, 0], [(?)(?)(?)(?)(?)(?)(?)(?)])(1 )(2 )(3 )]
2: 0724cb7d-3437-4cb7-93cb-830375d0079d, 1, 0 [(0 [0xC004F014, 0, 0], [(?)(?)(?)(?)(?)(?)(?)(?)])(1 )(2 )(3 )]
3: 221a02da-e2a1-4b75-864c-0a4410a33fdf, 1, 0 [(0 [0xC004F014, 0, 0], [(?)(?)(?)(?)(?)(?)(?)(?)])(1 )(2 )(3 )]
4: 2c293c26-a45a-4a2a-a350-c69a67097529, 1, 0 [(0 [0xC004F014, 0, 0], [(?)(?)(?)(?)(?)(?)(?)(?)])(1 )(2 )(3 )]
5: 2de67392-b7a7-462a-b1ca-108dd189f588, 1, 0 [(0 [0xC004F014, 0, 0], [(?)(?)(?)(?)(?)(?)(?)(?)])(1 )(2 )(3 )]
6: 2ffd8952-423e-4903-b993-72a1aa44cf82, 1, 0 [(0 [0xC004F014, 0, 0], [(?)(?)(?)(?)(?)(?)(?)(?)])(1 )(2 )(3 )]
7: 30a42c86-b7a0-4a34-8c90-ff177cb2acb7, 1, 0 [(0 [0xC004F014, 0, 0], [(?)(?)(?)(?)(?)(?)(?)(?)])(1 )(2 )(3 )]
8: 345a5db0-d94f-4e3b-a0c0-7c42f7bc3ebf, 1, 0 [(0 [0xC004F014, 0, 0], [(?)(?)(?)(?)(?)(?)(?)(?)])(1 )(2 )(3 )]
9: 377333b1-8b5d-48d6-9679-1225c872d37c, 1, 0 [(0 [0xC004F014, 0, 0], [(?)(?)(?)(?)(?)(?)(?)(?)])(1 )(2 )(3 )]
10: 3df374ef-d444-4494-a5a1-4b0d9fd0e203, 1, 0 [(0 [0xC004F014, 0, 0], [(?)(?)(?)(?)(?)(?)(?)(?)])(1 )(2 )(3 )]
11: 3f1afc82-f8ac-4f6c-8005-1d233e606eee, 1, 0 [(0 [0xC004F014, 0, 0], [(?)(?)(?)(?)(?)(?)(?)(?)])(1 )(2 )(3 )]
12: 49cd895b-53b2-4dc4-a5f7-b18aa019ad37, 1, 0 [(0 [0xC004F014, 0, 0], [(?)(?)(?)(?)(?)(?)(?)(?)])(1 )(2 )(3 )]
13: 4de7cb65-cdf1-4de9-8ae8-e3cce27b9f2c, 1, 0 [(0 [0xC004F014, 0, 0], [(?)(?)(?)(?)(?)(?)(?)(?)])(1 )(2 )(3 )]
14: 4f3da0d2-271d-4508-ae81-626b60809a38, 1, 0 [(0 [0xC004F014, 0, 0], [(?)(?)(?)(?)(?)(?)(?)(?)])(1 )(2 )(3 )]
15: 613d217f-7f13-4268-9907-1662339531cd, 1, 0 [(0 [0xC004F014, 0, 0], [(?)(?)(?)(?)(?)(?)(?)(?)])(1 )(2 )(3 )]
16: 62f0c100-9c53-4e02-b886-a3528ddfe7f6, 1, 0 [(0 [0xC004F014, 0, 0], [(?)(?)(?)(?)(?)(?)(?)(?)])(1 )(2 )(3 )]
17: 73111121-5638-40f6-bc11-f1d7b0d64300, 1, 1 [(0 [0x00000000, 1, 0], [(?)( 1 0x00000000)(?)( 2 0x00000000 0 0 msft:rm/algorithm/volume/1.0 0x00000000 188865)(?)(?)( 10 0x00000000 msft:rm/algorithm/flags/1.0)(?)])(1 )(2 )(3 )]
18: 7a802526-4c94-4bd1-ba14-835a1aca2120, 1, 0 [(0 [0xC004F014, 0, 0], [(?)(?)(?)(?)(?)(?)(?)(?)])(1 )(2 )(3 )]
19: 7cb546c0-c7d5-44d8-9a5c-69ecdd782b69, 1, 0 [(0 [0xC004F014, 0, 0], [(?)(?)(?)(?)(?)(?)(?)(?)])(1 )(2 )(3 )]
20: 8b351c9c-f398-4515-9900-09df49427262, 1, 0 [(0 [0xC004F014, 0, 0], [(?)(?)(?)(?)(?)(?)(?)(?)])(1 )(2 )(3 )]
21: b0773a15-df3a-4312-9ad2-83d69648e356, 1, 0 [(0 [0xC004F014, 0, 0], [(?)(?)(?)(?)(?)(?)(?)(?)])(1 )(2 )(3 )]
22: bd3762d7-270d-4760-8fb3-d829ca45278a, 1, 0 [(0 [0xC004F014, 0, 0], [(?)(?)(?)(?)(?)(?)(?)(?)])(1 )(2 )(3 )]
23: c86d5194-4840-4dae-9c1c-0301003a5ab0, 1, 0 [(0 [0xC004F014, 0, 0], [(?)(?)(?)(?)(?)(?)(?)(?)])(1 )(2 )(3 )]
24: d552befb-48cc-4327-8f39-47d2d94f987c, 1, 0 [(0 [0xC004F014, 0, 0], [(?)(?)(?)(?)(?)(?)(?)(?)])(1 )(2 )(3 )]
25: d6eadb3b-5ca8-4a6b-986e-35b550756111, 1, 0 [(0 [0xC004F014, 0, 0], [(?)(?)(?)(?)(?)(?)(?)(?)])(1 )(2 )(3 )]
26: e7a950a2-e548-4f10-bf16-02ec848e0643, 1, 0 [(0 [0xC004F014, 0, 0], [(?)(?)(?)(?)(?)(?)(?)(?)])(1 )(2 )(3 )]
27: ef51e000-2659-4f25-8345-3de70a9cf4c4, 1, 0 [(0 [0xC004F014, 0, 0], [(?)(?)(?)(?)(?)(?)(?)(?)])(1 )(2 )(3 )]
28: fe74f55b-0338-41d6-b267-4a201abe7285, 1, 0 [(0 [0xC004F014, 0, 0], [(?)(?)(?)(?)(?)(?)(?)(?)])(1 )(2 )(3 )]

"
Error,7/18/2018 9:17:38 AM,Microsoft-Windows-Security-SPP,8198,None,"License Activation (slui.exe) failed with the following error code:
hr=0xC004F074
Command-line arguments:
RuleId=502ff3ba-669a-4674-bbb1-601f34a3b968;Action=AutoActivateSilent;AppId=55c92734-d682-4d71-983e-d6ec3f16059f;SkuId=73111121-5638-40f6-bc11-f1d7b0d64300;NotificationInterval=1440;Trigger=NetworkAvailable"
Information,7/18/2018 9:17:37 AM,Microsoft-Windows-Security-SPP,1003,None,"The Software Protection service has completed licensing status check.
Application Id=55c92734-d682-4d71-983e-d6ec3f16059f
Licensing Status=
1: 040fa323-92b1-4baf-97a2-5b67feaefddb, 1, 0 [(0 [0xC004F014, 0, 0], [(?)(?)(?)(?)(?)(?)(?)(?)])(1 )(2 )(3 )]
2: 0724cb7d-3437-4cb7-93cb-830375d0079d, 1, 0 [(0 [0xC004F014, 0, 0], [(?)(?)(?)(?)(?)(?)(?)(?)])(1 )(2 )(3 )]
3: 221a02da-e2a1-4b75-864c-0a4410a33fdf, 1, 0 [(0 [0xC004F014, 0, 0], [(?)(?)(?)(?)(?)(?)(?)(?)])(1 )(2 )(3 )]
4: 2c293c26-a45a-4a2a-a350-c69a67097529, 1, 0 [(0 [0xC004F014, 0, 0], [(?)(?)(?)(?)(?)(?)(?)(?)])(1 )(2 )(3 )]
5: 2de67392-b7a7-462a-b1ca-108dd189f588, 1, 0 [(0 [0xC004F014, 0, 0], [(?)(?)(?)(?)(?)(?)(?)(?)])(1 )(2 )(3 )]
6: 2ffd8952-423e-4903-b993-72a1aa44cf82, 1, 0 [(0 [0xC004F014, 0, 0], [(?)(?)(?)(?)(?)(?)(?)(?)])(1 )(2 )(3 )]
7: 30a42c86-b7a0-4a34-8c90-ff177cb2acb7, 1, 0 [(0 [0xC004F014, 0, 0], [(?)(?)(?)(?)(?)(?)(?)(?)])(1 )(2 )(3 )]
8: 345a5db0-d94f-4e3b-a0c0-7c42f7bc3ebf, 1, 0 [(0 [0xC004F014, 0, 0], [(?)(?)(?)(?)(?)(?)(?)(?)])(1 )(2 )(3 )]
9: 377333b1-8b5d-48d6-9679-1225c872d37c, 1, 0 [(0 [0xC004F014, 0, 0], [(?)(?)(?)(?)(?)(?)(?)(?)])(1 )(2 )(3 )]
10: 3df374ef-d444-4494-a5a1-4b0d9fd0e203, 1, 0 [(0 [0xC004F014, 0, 0], [(?)(?)(?)(?)(?)(?)(?)(?)])(1 )(2 )(3 )]
11: 3f1afc82-f8ac-4f6c-8005-1d233e606eee, 1, 0 [(0 [0xC004F014, 0, 0], [(?)(?)(?)(?)(?)(?)(?)(?)])(1 )(2 )(3 )]
12: 49cd895b-53b2-4dc4-a5f7-b18aa019ad37, 1, 0 [(0 [0xC004F014, 0, 0], [(?)(?)(?)(?)(?)(?)(?)(?)])(1 )(2 )(3 )]
13: 4de7cb65-cdf1-4de9-8ae8-e3cce27b9f2c, 1, 0 [(0 [0xC004F014, 0, 0], [(?)(?)(?)(?)(?)(?)(?)(?)])(1 )(2 )(3 )]
14: 4f3da0d2-271d-4508-ae81-626b60809a38, 1, 0 [(0 [0xC004F014, 0, 0], [(?)(?)(?)(?)(?)(?)(?)(?)])(1 )(2 )(3 )]
15: 613d217f-7f13-4268-9907-1662339531cd, 1, 0 [(0 [0xC004F014, 0, 0], [(?)(?)(?)(?)(?)(?)(?)(?)])(1 )(2 )(3 )]
16: 62f0c100-9c53-4e02-b886-a3528ddfe7f6, 1, 0 [(0 [0xC004F014, 0, 0], [(?)(?)(?)(?)(?)(?)(?)(?)])(1 )(2 )(3 )]
17: 73111121-5638-40f6-bc11-f1d7b0d64300, 1, 1 [(0 [0x00000000, 1, 0], [(?)( 1 0x00000000)(?)( 2 0x00000000 0 0 msft:rm/algorithm/volume/1.0 0x00000000 188865)(?)(?)( 10 0x00000000 msft:rm/algorithm/flags/1.0)(?)])(1 )(2 )(3 )]
18: 7a802526-4c94-4bd1-ba14-835a1aca2120, 1, 0 [(0 [0xC004F014, 0, 0], [(?)(?)(?)(?)(?)(?)(?)(?)])(1 )(2 )(3 )]
19: 7cb546c0-c7d5-44d8-9a5c-69ecdd782b69, 1, 0 [(0 [0xC004F014, 0, 0], [(?)(?)(?)(?)(?)(?)(?)(?)])(1 )(2 )(3 )]
20: 8b351c9c-f398-4515-9900-09df49427262, 1, 0 [(0 [0xC004F014, 0, 0], [(?)(?)(?)(?)(?)(?)(?)(?)])(1 )(2 )(3 )]
21: b0773a15-df3a-4312-9ad2-83d69648e356, 1, 0 [(0 [0xC004F014, 0, 0], [(?)(?)(?)(?)(?)(?)(?)(?)])(1 )(2 )(3 )]
22: bd3762d7-270d-4760-8fb3-d829ca45278a, 1, 0 [(0 [0xC004F014, 0, 0], [(?)(?)(?)(?)(?)(?)(?)(?)])(1 )(2 )(3 )]
23: c86d5194-4840-4dae-9c1c-0301003a5ab0, 1, 0 [(0 [0xC004F014, 0, 0], [(?)(?)(?)(?)(?)(?)(?)(?)])(1 )(2 )(3 )]
24: d552befb-48cc-4327-8f39-47d2d94f987c, 1, 0 [(0 [0xC004F014, 0, 0], [(?)(?)(?)(?)(?)(?)(?)(?)])(1 )(2 )(3 )]
25: d6eadb3b-5ca8-4a6b-986e-35b550756111, 1, 0 [(0 [0xC004F014, 0, 0], [(?)(?)(?)(?)(?)(?)(?)(?)])(1 )(2 )(3 )]
26: e7a950a2-e548-4f10-bf16-02ec848e0643, 1, 0 [(0 [0xC004F014, 0, 0], [(?)(?)(?)(?)(?)(?)(?)(?)])(1 )(2 )(3 )]
27: ef51e000-2659-4f25-8345-3de70a9cf4c4, 1, 0 [(0 [0xC004F014, 0, 0], [(?)(?)(?)(?)(?)(?)(?)(?)])(1 )(2 )(3 )]
28: fe74f55b-0338-41d6-b267-4a201abe7285, 1, 0 [(0 [0xC004F014, 0, 0], [(?)(?)(?)(?)(?)(?)(?)(?)])(1 )(2 )(3 )]

"
