Information,7/18/2018 2:39:08 PM,Microsoft-Windows-Security-SPP,1003,None,"The Software Protection service has completed licensing status check.
Application Id=55c92734-d682-4d71-983e-d6ec3f16059f
Licensing Status=
1: 040fa323-92b1-4baf-97a2-5b67feaefddb, 1, 0 [(0 [0xC004F014, 0, 0], [(?)(?)(?)(?)(?)(?)(?)(?)])(1 )(2 )(3 )]
2: 0724cb7d-3437-4cb7-93cb-830375d0079d, 1, 0 [(0 [0xC004F014, 0, 0], [(?)(?)(?)(?)(?)(?)(?)(?)])(1 )(2 )(3 )]
3: 221a02da-e2a1-4b75-864c-0a4410a33fdf, 1, 0 [(0 [0xC004F014, 0, 0], [(?)(?)(?)(?)(?)(?)(?)(?)])(1 )(2 )(3 )]
4: 2c293c26-a45a-4a2a-a350-c69a67097529, 1, 0 [(0 [0xC004F014, 0, 0], [(?)(?)(?)(?)(?)(?)(?)(?)])(1 )(2 )(3 )]
5: 2de67392-b7a7-462a-b1ca-108dd189f588, 1, 0 [(0 [0xC004F014, 0, 0], [(?)(?)(?)(?)(?)(?)(?)(?)])(1 )(2 )(3 )]
6: 2ffd8952-423e-4903-b993-72a1aa44cf82, 1, 0 [(0 [0xC004F014, 0, 0], [(?)(?)(?)(?)(?)(?)(?)(?)])(1 )(2 )(3 )]
7: 30a42c86-b7a0-4a34-8c90-ff177cb2acb7, 1, 0 [(0 [0xC004F014, 0, 0], [(?)(?)(?)(?)(?)(?)(?)(?)])(1 )(2 )(3 )]
8: 345a5db0-d94f-4e3b-a0c0-7c42f7bc3ebf, 1, 0 [(0 [0xC004F014, 0, 0], [(?)(?)(?)(?)(?)(?)(?)(?)])(1 )(2 )(3 )]
9: 377333b1-8b5d-48d6-9679-1225c872d37c, 1, 0 [(0 [0xC004F014, 0, 0], [(?)(?)(?)(?)(?)(?)(?)(?)])(1 )(2 )(3 )]
10: 3df374ef-d444-4494-a5a1-4b0d9fd0e203, 1, 0 [(0 [0xC004F014, 0, 0], [(?)(?)(?)(?)(?)(?)(?)(?)])(1 )(2 )(3 )]
11: 3f1afc82-f8ac-4f6c-8005-1d233e606eee, 1, 0 [(0 [0xC004F014, 0, 0], [(?)(?)(?)(?)(?)(?)(?)(?)])(1 )(2 )(3 )]
12: 49cd895b-53b2-4dc4-a5f7-b18aa019ad37, 1, 0 [(0 [0xC004F014, 0, 0], [(?)(?)(?)(?)(?)(?)(?)(?)])(1 )(2 )(3 )]
13: 4de7cb65-cdf1-4de9-8ae8-e3cce27b9f2c, 1, 0 [(0 [0xC004F014, 0, 0], [(?)(?)(?)(?)(?)(?)(?)(?)])(1 )(2 )(3 )]
14: 4f3da0d2-271d-4508-ae81-626b60809a38, 1, 0 [(0 [0xC004F014, 0, 0], [(?)(?)(?)(?)(?)(?)(?)(?)])(1 )(2 )(3 )]
15: 613d217f-7f13-4268-9907-1662339531cd, 1, 0 [(0 [0xC004F014, 0, 0], [(?)(?)(?)(?)(?)(?)(?)(?)])(1 )(2 )(3 )]
16: 62f0c100-9c53-4e02-b886-a3528ddfe7f6, 1, 0 [(0 [0xC004F014, 0, 0], [(?)(?)(?)(?)(?)(?)(?)(?)])(1 )(2 )(3 )]
17: 73111121-5638-40f6-bc11-f1d7b0d64300, 1, 1 [(0 [0x00000000, 1, 0], [(?)( 1 0x00000000)(?)( 2 0x00000000 0 0 msft:rm/algorithm/volume/1.0 0x00000000 188543)(?)(?)( 10 0x00000000 msft:rm/algorithm/flags/1.0)(?)])(1 )(2 )(3 )]
18: 7a802526-4c94-4bd1-ba14-835a1aca2120, 1, 0 [(0 [0xC004F014, 0, 0], [(?)(?)(?)(?)(?)(?)(?)(?)])(1 )(2 )(3 )]
19: 7cb546c0-c7d5-44d8-9a5c-69ecdd782b69, 1, 0 [(0 [0xC004F014, 0, 0], [(?)(?)(?)(?)(?)(?)(?)(?)])(1 )(2 )(3 )]
20: 8b351c9c-f398-4515-9900-09df49427262, 1, 0 [(0 [0xC004F014, 0, 0], [(?)(?)(?)(?)(?)(?)(?)(?)])(1 )(2 )(3 )]
21: b0773a15-df3a-4312-9ad2-83d69648e356, 1, 0 [(0 [0xC004F014, 0, 0], [(?)(?)(?)(?)(?)(?)(?)(?)])(1 )(2 )(3 )]
22: bd3762d7-270d-4760-8fb3-d829ca45278a, 1, 0 [(0 [0xC004F014, 0, 0], [(?)(?)(?)(?)(?)(?)(?)(?)])(1 )(2 )(3 )]
23: c86d5194-4840-4dae-9c1c-0301003a5ab0, 1, 0 [(0 [0xC004F014, 0, 0], [(?)(?)(?)(?)(?)(?)(?)(?)])(1 )(2 )(3 )]
24: d552befb-48cc-4327-8f39-47d2d94f987c, 1, 0 [(0 [0xC004F014, 0, 0], [(?)(?)(?)(?)(?)(?)(?)(?)])(1 )(2 )(3 )]
25: d6eadb3b-5ca8-4a6b-986e-35b550756111, 1, 0 [(0 [0xC004F014, 0, 0], [(?)(?)(?)(?)(?)(?)(?)(?)])(1 )(2 )(3 )]
26: e7a950a2-e548-4f10-bf16-02ec848e0643, 1, 0 [(0 [0xC004F014, 0, 0], [(?)(?)(?)(?)(?)(?)(?)(?)])(1 )(2 )(3 )]
27: ef51e000-2659-4f25-8345-3de70a9cf4c4, 1, 0 [(0 [0xC004F014, 0, 0], [(?)(?)(?)(?)(?)(?)(?)(?)])(1 )(2 )(3 )]
28: fe74f55b-0338-41d6-b267-4a201abe7285, 1, 0 [(0 [0xC004F014, 0, 0], [(?)(?)(?)(?)(?)(?)(?)(?)])(1 )(2 )(3 )]

"
Error,7/18/2018 2:39:07 PM,Microsoft-Windows-Security-SPP,8198,None,"License Activation (slui.exe) failed with the following error code:
hr=0xC004F074
Command-line arguments:
RuleId=502ff3ba-669a-4674-bbb1-601f34a3b968;Action=AutoActivateSilent;AppId=55c92734-d682-4d71-983e-d6ec3f16059f;SkuId=73111121-5638-40f6-bc11-f1d7b0d64300;NotificationInterval=1440;Trigger=NetworkAvailable"
Information,7/18/2018 2:39:07 PM,Microsoft-Windows-Security-SPP,1003,None,"The Software Protection service has completed licensing status check.
Application Id=55c92734-d682-4d71-983e-d6ec3f16059f
Licensing Status=
1: 040fa323-92b1-4baf-97a2-5b67feaefddb, 1, 0 [(0 [0xC004F014, 0, 0], [(?)(?)(?)(?)(?)(?)(?)(?)])(1 )(2 )(3 )]
2: 0724cb7d-3437-4cb7-93cb-830375d0079d, 1, 0 [(0 [0xC004F014, 0, 0], [(?)(?)(?)(?)(?)(?)(?)(?)])(1 )(2 )(3 )]
3: 221a02da-e2a1-4b75-864c-0a4410a33fdf, 1, 0 [(0 [0xC004F014, 0, 0], [(?)(?)(?)(?)(?)(?)(?)(?)])(1 )(2 )(3 )]
4: 2c293c26-a45a-4a2a-a350-c69a67097529, 1, 0 [(0 [0xC004F014, 0, 0], [(?)(?)(?)(?)(?)(?)(?)(?)])(1 )(2 )(3 )]
5: 2de67392-b7a7-462a-b1ca-108dd189f588, 1, 0 [(0 [0xC004F014, 0, 0], [(?)(?)(?)(?)(?)(?)(?)(?)])(1 )(2 )(3 )]
6: 2ffd8952-423e-4903-b993-72a1aa44cf82, 1, 0 [(0 [0xC004F014, 0, 0], [(?)(?)(?)(?)(?)(?)(?)(?)])(1 )(2 )(3 )]
7: 30a42c86-b7a0-4a34-8c90-ff177cb2acb7, 1, 0 [(0 [0xC004F014, 0, 0], [(?)(?)(?)(?)(?)(?)(?)(?)])(1 )(2 )(3 )]
8: 345a5db0-d94f-4e3b-a0c0-7c42f7bc3ebf, 1, 0 [(0 [0xC004F014, 0, 0], [(?)(?)(?)(?)(?)(?)(?)(?)])(1 )(2 )(3 )]
9: 377333b1-8b5d-48d6-9679-1225c872d37c, 1, 0 [(0 [0xC004F014, 0, 0], [(?)(?)(?)(?)(?)(?)(?)(?)])(1 )(2 )(3 )]
10: 3df374ef-d444-4494-a5a1-4b0d9fd0e203, 1, 0 [(0 [0xC004F014, 0, 0], [(?)(?)(?)(?)(?)(?)(?)(?)])(1 )(2 )(3 )]
11: 3f1afc82-f8ac-4f6c-8005-1d233e606eee, 1, 0 [(0 [0xC004F014, 0, 0], [(?)(?)(?)(?)(?)(?)(?)(?)])(1 )(2 )(3 )]
12: 49cd895b-53b2-4dc4-a5f7-b18aa019ad37, 1, 0 [(0 [0xC004F014, 0, 0], [(?)(?)(?)(?)(?)(?)(?)(?)])(1 )(2 )(3 )]
13: 4de7cb65-cdf1-4de9-8ae8-e3cce27b9f2c, 1, 0 [(0 [0xC004F014, 0, 0], [(?)(?)(?)(?)(?)(?)(?)(?)])(1 )(2 )(3 )]
14: 4f3da0d2-271d-4508-ae81-626b60809a38, 1, 0 [(0 [0xC004F014, 0, 0], [(?)(?)(?)(?)(?)(?)(?)(?)])(1 )(2 )(3 )]
15: 613d217f-7f13-4268-9907-1662339531cd, 1, 0 [(0 [0xC004F014, 0, 0], [(?)(?)(?)(?)(?)(?)(?)(?)])(1 )(2 )(3 )]
16: 62f0c100-9c53-4e02-b886-a3528ddfe7f6, 1, 0 [(0 [0xC004F014, 0, 0], [(?)(?)(?)(?)(?)(?)(?)(?)])(1 )(2 )(3 )]
17: 73111121-5638-40f6-bc11-f1d7b0d64300, 1, 1 [(0 [0x00000000, 1, 0], [(?)( 1 0x00000000)(?)( 2 0x00000000 0 0 msft:rm/algorithm/volume/1.0 0x00000000 188543)(?)(?)( 10 0x00000000 msft:rm/algorithm/flags/1.0)(?)])(1 )(2 )(3 )]
18: 7a802526-4c94-4bd1-ba14-835a1aca2120, 1, 0 [(0 [0xC004F014, 0, 0], [(?)(?)(?)(?)(?)(?)(?)(?)])(1 )(2 )(3 )]
19: 7cb546c0-c7d5-44d8-9a5c-69ecdd782b69, 1, 0 [(0 [0xC004F014, 0, 0], [(?)(?)(?)(?)(?)(?)(?)(?)])(1 )(2 )(3 )]
20: 8b351c9c-f398-4515-9900-09df49427262, 1, 0 [(0 [0xC004F014, 0, 0], [(?)(?)(?)(?)(?)(?)(?)(?)])(1 )(2 )(3 )]
21: b0773a15-df3a-4312-9ad2-83d69648e356, 1, 0 [(0 [0xC004F014, 0, 0], [(?)(?)(?)(?)(?)(?)(?)(?)])(1 )(2 )(3 )]
22: bd3762d7-270d-4760-8fb3-d829ca45278a, 1, 0 [(0 [0xC004F014, 0, 0], [(?)(?)(?)(?)(?)(?)(?)(?)])(1 )(2 )(3 )]
23: c86d5194-4840-4dae-9c1c-0301003a5ab0, 1, 0 [(0 [0xC004F014, 0, 0], [(?)(?)(?)(?)(?)(?)(?)(?)])(1 )(2 )(3 )]
24: d552befb-48cc-4327-8f39-47d2d94f987c, 1, 0 [(0 [0xC004F014, 0, 0], [(?)(?)(?)(?)(?)(?)(?)(?)])(1 )(2 )(3 )]
25: d6eadb3b-5ca8-4a6b-986e-35b550756111, 1, 0 [(0 [0xC004F014, 0, 0], [(?)(?)(?)(?)(?)(?)(?)(?)])(1 )(2 )(3 )]
26: e7a950a2-e548-4f10-bf16-02ec848e0643, 1, 0 [(0 [0xC004F014, 0, 0], [(?)(?)(?)(?)(?)(?)(?)(?)])(1 )(2 )(3 )]
27: ef51e000-2659-4f25-8345-3de70a9cf4c4, 1, 0 [(0 [0xC004F014, 0, 0], [(?)(?)(?)(?)(?)(?)(?)(?)])(1 )(2 )(3 )]
28: fe74f55b-0338-41d6-b267-4a201abe7285, 1, 0 [(0 [0xC004F014, 0, 0], [(?)(?)(?)(?)(?)(?)(?)(?)])(1 )(2 )(3 )]

"
Information,7/18/2018 2:39:07 PM,Microsoft-Windows-Security-SPP,1003,None,"The Software Protection service has completed licensing status check.
Application Id=55c92734-d682-4d71-983e-d6ec3f16059f
Licensing Status=
1: 040fa323-92b1-4baf-97a2-5b67feaefddb, 1, 0 [(0 [0xC004F014, 0, 0], [(?)(?)(?)(?)(?)(?)(?)(?)])(1 )(2 )(3 )]
2: 0724cb7d-3437-4cb7-93cb-830375d0079d, 1, 0 [(0 [0xC004F014, 0, 0], [(?)(?)(?)(?)(?)(?)(?)(?)])(1 )(2 )(3 )]
3: 221a02da-e2a1-4b75-864c-0a4410a33fdf, 1, 0 [(0 [0xC004F014, 0, 0], [(?)(?)(?)(?)(?)(?)(?)(?)])(1 )(2 )(3 )]
4: 2c293c26-a45a-4a2a-a350-c69a67097529, 1, 0 [(0 [0xC004F014, 0, 0], [(?)(?)(?)(?)(?)(?)(?)(?)])(1 )(2 )(3 )]
5: 2de67392-b7a7-462a-b1ca-108dd189f588, 1, 0 [(0 [0xC004F014, 0, 0], [(?)(?)(?)(?)(?)(?)(?)(?)])(1 )(2 )(3 )]
6: 2ffd8952-423e-4903-b993-72a1aa44cf82, 1, 0 [(0 [0xC004F014, 0, 0], [(?)(?)(?)(?)(?)(?)(?)(?)])(1 )(2 )(3 )]
7: 30a42c86-b7a0-4a34-8c90-ff177cb2acb7, 1, 0 [(0 [0xC004F014, 0, 0], [(?)(?)(?)(?)(?)(?)(?)(?)])(1 )(2 )(3 )]
8: 345a5db0-d94f-4e3b-a0c0-7c42f7bc3ebf, 1, 0 [(0 [0xC004F014, 0, 0], [(?)(?)(?)(?)(?)(?)(?)(?)])(1 )(2 )(3 )]
9: 377333b1-8b5d-48d6-9679-1225c872d37c, 1, 0 [(0 [0xC004F014, 0, 0], [(?)(?)(?)(?)(?)(?)(?)(?)])(1 )(2 )(3 )]
10: 3df374ef-d444-4494-a5a1-4b0d9fd0e203, 1, 0 [(0 [0xC004F014, 0, 0], [(?)(?)(?)(?)(?)(?)(?)(?)])(1 )(2 )(3 )]
11: 3f1afc82-f8ac-4f6c-8005-1d233e606eee, 1, 0 [(0 [0xC004F014, 0, 0], [(?)(?)(?)(?)(?)(?)(?)(?)])(1 )(2 )(3 )]
12: 49cd895b-53b2-4dc4-a5f7-b18aa019ad37, 1, 0 [(0 [0xC004F014, 0, 0], [(?)(?)(?)(?)(?)(?)(?)(?)])(1 )(2 )(3 )]
13: 4de7cb65-cdf1-4de9-8ae8-e3cce27b9f2c, 1, 0 [(0 [0xC004F014, 0, 0], [(?)(?)(?)(?)(?)(?)(?)(?)])(1 )(2 )(3 )]
14: 4f3da0d2-271d-4508-ae81-626b60809a38, 1, 0 [(0 [0xC004F014, 0, 0], [(?)(?)(?)(?)(?)(?)(?)(?)])(1 )(2 )(3 )]
15: 613d217f-7f13-4268-9907-1662339531cd, 1, 0 [(0 [0xC004F014, 0, 0], [(?)(?)(?)(?)(?)(?)(?)(?)])(1 )(2 )(3 )]
16: 62f0c100-9c53-4e02-b886-a3528ddfe7f6, 1, 0 [(0 [0xC004F014, 0, 0], [(?)(?)(?)(?)(?)(?)(?)(?)])(1 )(2 )(3 )]
17: 73111121-5638-40f6-bc11-f1d7b0d64300, 1, 1 [(0 [0x00000000, 1, 0], [(?)( 1 0x00000000)(?)( 2 0x00000000 0 0 msft:rm/algorithm/volume/1.0 0x00000000 188543)(?)(?)( 10 0x00000000 msft:rm/algorithm/flags/1.0)(?)])(1 )(2 )(3 )]
18: 7a802526-4c94-4bd1-ba14-835a1aca2120, 1, 0 [(0 [0xC004F014, 0, 0], [(?)(?)(?)(?)(?)(?)(?)(?)])(1 )(2 )(3 )]
19: 7cb546c0-c7d5-44d8-9a5c-69ecdd782b69, 1, 0 [(0 [0xC004F014, 0, 0], [(?)(?)(?)(?)(?)(?)(?)(?)])(1 )(2 )(3 )]
20: 8b351c9c-f398-4515-9900-09df49427262, 1, 0 [(0 [0xC004F014, 0, 0], [(?)(?)(?)(?)(?)(?)(?)(?)])(1 )(2 )(3 )]
21: b0773a15-df3a-4312-9ad2-83d69648e356, 1, 0 [(0 [0xC004F014, 0, 0], [(?)(?)(?)(?)(?)(?)(?)(?)])(1 )(2 )(3 )]
22: bd3762d7-270d-4760-8fb3-d829ca45278a, 1, 0 [(0 [0xC004F014, 0, 0], [(?)(?)(?)(?)(?)(?)(?)(?)])(1 )(2 )(3 )]
23: c86d5194-4840-4dae-9c1c-0301003a5ab0, 1, 0 [(0 [0xC004F014, 0, 0], [(?)(?)(?)(?)(?)(?)(?)(?)])(1 )(2 )(3 )]
24: d552befb-48cc-4327-8f39-47d2d94f987c, 1, 0 [(0 [0xC004F014, 0, 0], [(?)(?)(?)(?)(?)(?)(?)(?)])(1 )(2 )(3 )]
25: d6eadb3b-5ca8-4a6b-986e-35b550756111, 1, 0 [(0 [0xC004F014, 0, 0], [(?)(?)(?)(?)(?)(?)(?)(?)])(1 )(2 )(3 )]
26: e7a950a2-e548-4f10-bf16-02ec848e0643, 1, 0 [(0 [0xC004F014, 0, 0], [(?)(?)(?)(?)(?)(?)(?)(?)])(1 )(2 )(3 )]
27: ef51e000-2659-4f25-8345-3de70a9cf4c4, 1, 0 [(0 [0xC004F014, 0, 0], [(?)(?)(?)(?)(?)(?)(?)(?)])(1 )(2 )(3 )]
28: fe74f55b-0338-41d6-b267-4a201abe7285, 1, 0 [(0 [0xC004F014, 0, 0], [(?)(?)(?)(?)(?)(?)(?)(?)])(1 )(2 )(3 )]

"
Information,7/18/2018 2:39:07 PM,Microsoft-Windows-Security-SPP,1003,None,"The Software Protection service has completed licensing status check.
Application Id=55c92734-d682-4d71-983e-d6ec3f16059f
Licensing Status=
1: 040fa323-92b1-4baf-97a2-5b67feaefddb, 1, 0 [(0 [0xC004F014, 0, 0], [(?)(?)(?)(?)(?)(?)(?)(?)])(1 )(2 )(3 )]
2: 0724cb7d-3437-4cb7-93cb-830375d0079d, 1, 0 [(0 [0xC004F014, 0, 0], [(?)(?)(?)(?)(?)(?)(?)(?)])(1 )(2 )(3 )]
3: 221a02da-e2a1-4b75-864c-0a4410a33fdf, 1, 0 [(0 [0xC004F014, 0, 0], [(?)(?)(?)(?)(?)(?)(?)(?)])(1 )(2 )(3 )]
4: 2c293c26-a45a-4a2a-a350-c69a67097529, 1, 0 [(0 [0xC004F014, 0, 0], [(?)(?)(?)(?)(?)(?)(?)(?)])(1 )(2 )(3 )]
5: 2de67392-b7a7-462a-b1ca-108dd189f588, 1, 0 [(0 [0xC004F014, 0, 0], [(?)(?)(?)(?)(?)(?)(?)(?)])(1 )(2 )(3 )]
6: 2ffd8952-423e-4903-b993-72a1aa44cf82, 1, 0 [(0 [0xC004F014, 0, 0], [(?)(?)(?)(?)(?)(?)(?)(?)])(1 )(2 )(3 )]
7: 30a42c86-b7a0-4a34-8c90-ff177cb2acb7, 1, 0 [(0 [0xC004F014, 0, 0], [(?)(?)(?)(?)(?)(?)(?)(?)])(1 )(2 )(3 )]
8: 345a5db0-d94f-4e3b-a0c0-7c42f7bc3ebf, 1, 0 [(0 [0xC004F014, 0, 0], [(?)(?)(?)(?)(?)(?)(?)(?)])(1 )(2 )(3 )]
9: 377333b1-8b5d-48d6-9679-1225c872d37c, 1, 0 [(0 [0xC004F014, 0, 0], [(?)(?)(?)(?)(?)(?)(?)(?)])(1 )(2 )(3 )]
10: 3df374ef-d444-4494-a5a1-4b0d9fd0e203, 1, 0 [(0 [0xC004F014, 0, 0], [(?)(?)(?)(?)(?)(?)(?)(?)])(1 )(2 )(3 )]
11: 3f1afc82-f8ac-4f6c-8005-1d233e606eee, 1, 0 [(0 [0xC004F014, 0, 0], [(?)(?)(?)(?)(?)(?)(?)(?)])(1 )(2 )(3 )]
12: 49cd895b-53b2-4dc4-a5f7-b18aa019ad37, 1, 0 [(0 [0xC004F014, 0, 0], [(?)(?)(?)(?)(?)(?)(?)(?)])(1 )(2 )(3 )]
13: 4de7cb65-cdf1-4de9-8ae8-e3cce27b9f2c, 1, 0 [(0 [0xC004F014, 0, 0], [(?)(?)(?)(?)(?)(?)(?)(?)])(1 )(2 )(3 )]
14: 4f3da0d2-271d-4508-ae81-626b60809a38, 1, 0 [(0 [0xC004F014, 0, 0], [(?)(?)(?)(?)(?)(?)(?)(?)])(1 )(2 )(3 )]
15: 613d217f-7f13-4268-9907-1662339531cd, 1, 0 [(0 [0xC004F014, 0, 0], [(?)(?)(?)(?)(?)(?)(?)(?)])(1 )(2 )(3 )]
16: 62f0c100-9c53-4e02-b886-a3528ddfe7f6, 1, 0 [(0 [0xC004F014, 0, 0], [(?)(?)(?)(?)(?)(?)(?)(?)])(1 )(2 )(3 )]
17: 73111121-5638-40f6-bc11-f1d7b0d64300, 1, 1 [(0 [0x00000000, 1, 0], [(?)( 1 0x00000000)(?)( 2 0x00000000 0 0 msft:rm/algorithm/volume/1.0 0x00000000 188543)(?)(?)( 10 0x00000000 msft:rm/algorithm/flags/1.0)(?)])(1 )(2 )(3 )]
18: 7a802526-4c94-4bd1-ba14-835a1aca2120, 1, 0 [(0 [0xC004F014, 0, 0], [(?)(?)(?)(?)(?)(?)(?)(?)])(1 )(2 )(3 )]
19: 7cb546c0-c7d5-44d8-9a5c-69ecdd782b69, 1, 0 [(0 [0xC004F014, 0, 0], [(?)(?)(?)(?)(?)(?)(?)(?)])(1 )(2 )(3 )]
20: 8b351c9c-f398-4515-9900-09df49427262, 1, 0 [(0 [0xC004F014, 0, 0], [(?)(?)(?)(?)(?)(?)(?)(?)])(1 )(2 )(3 )]
21: b0773a15-df3a-4312-9ad2-83d69648e356, 1, 0 [(0 [0xC004F014, 0, 0], [(?)(?)(?)(?)(?)(?)(?)(?)])(1 )(2 )(3 )]
22: bd3762d7-270d-4760-8fb3-d829ca45278a, 1, 0 [(0 [0xC004F014, 0, 0], [(?)(?)(?)(?)(?)(?)(?)(?)])(1 )(2 )(3 )]
23: c86d5194-4840-4dae-9c1c-0301003a5ab0, 1, 0 [(0 [0xC004F014, 0, 0], [(?)(?)(?)(?)(?)(?)(?)(?)])(1 )(2 )(3 )]
24: d552befb-48cc-4327-8f39-47d2d94f987c, 1, 0 [(0 [0xC004F014, 0, 0], [(?)(?)(?)(?)(?)(?)(?)(?)])(1 )(2 )(3 )]
25: d6eadb3b-5ca8-4a6b-986e-35b550756111, 1, 0 [(0 [0xC004F014, 0, 0], [(?)(?)(?)(?)(?)(?)(?)(?)])(1 )(2 )(3 )]
26: e7a950a2-e548-4f10-bf16-02ec848e0643, 1, 0 [(0 [0xC004F014, 0, 0], [(?)(?)(?)(?)(?)(?)(?)(?)])(1 )(2 )(3 )]
27: ef51e000-2659-4f25-8345-3de70a9cf4c4, 1, 0 [(0 [0xC004F014, 0, 0], [(?)(?)(?)(?)(?)(?)(?)(?)])(1 )(2 )(3 )]
28: fe74f55b-0338-41d6-b267-4a201abe7285, 1, 0 [(0 [0xC004F014, 0, 0], [(?)(?)(?)(?)(?)(?)(?)(?)])(1 )(2 )(3 )]

"
Information,7/18/2018 2:39:06 PM,Microsoft-Windows-Security-SPP,12288,None,"The client has sent an activation request to the key management service machine.
Info:
0xC0020017, 0x00000000, 46494twinning-8.corp.premierinc.com:1688, 98e315f1-2e03-4cfa-b026-ef79751044b4, 2018/07/18 20:36, 1, 1, 188546, 73111121-5638-40f6-bc11-f1d7b0d64300, 25"
Information,7/18/2018 2:39:04 PM,Microsoft-Windows-Security-SPP,12288,None,"The client has sent an activation request to the key management service machine.
Info:
0x80072AF9, 0x00000000, vmw7x64off13v11.corp.premierinc.com:1688, 98e315f1-2e03-4cfa-b026-ef79751044b4, 2018/07/18 20:36, 1, 1, 188546, 73111121-5638-40f6-bc11-f1d7b0d64300, 25"
Information,7/18/2018 2:39:04 PM,Microsoft-Windows-Security-SPP,12288,None,"The client has sent an activation request to the key management service machine.
Info:
0xC004F042, 0x00000000, c3pimdt1.corp.premierinc.com:1688, 98e315f1-2e03-4cfa-b026-ef79751044b4, 2018/07/18 20:36, 1, 1, 188546, 73111121-5638-40f6-bc11-f1d7b0d64300, 25"
Information,7/18/2018 2:39:04 PM,Microsoft-Windows-Security-SPP,8230,None,"The rules engine successfully re-evaluated the schedule.
Kernel policies:
Security-SPP-Action-StateData (REG_SZ) =AppId=55c92734-d682-4d71-983e-d6ec3f16059f;GraceEndDate=2018/11/26:19:02:02;LastConsumptionReason=0x00000000;LastNotificationId=VolumeRenewalRequired;LicenseState=SL_LICENSING_STATUS_LICENSED;PartialProductKey=2YT43;ProductKeyType=Volume:GVLK;SkuId=73111121-5638-40f6-bc11-f1d7b0d64300;ruleId=502ff3ba-669a-4674-bbb1-601f34a3b968;uxDifferentiator=ENVIRONMENT;volumeActivationOrder=normal"
Information,7/18/2018 2:39:04 PM,Microsoft-Windows-Security-SPP,12288,None,"The client has sent an activation request to the key management service machine.
Info:
0x80072AF9, 0x00000000, vmw7x64off10v11.corp.premierinc.com:1688, 98e315f1-2e03-4cfa-b026-ef79751044b4, 2018/07/18 20:36, 1, 1, 188546, 73111121-5638-40f6-bc11-f1d7b0d64300, 25"
Information,7/18/2018 2:39:04 PM,Microsoft-Windows-Security-SPP,12288,None,"The client has sent an activation request to the key management service machine.
Info:
0xC004F042, 0x00000000, c2pieposcan2.corp.premierinc.com:1688, 98e315f1-2e03-4cfa-b026-ef79751044b4, 2018/07/18 20:36, 1, 1, 188546, 73111121-5638-40f6-bc11-f1d7b0d64300, 25"
Information,7/18/2018 2:39:04 PM,Microsoft-Windows-Security-SPP,12288,None,"The client has sent an activation request to the key management service machine.
Info:
0xC0020017, 0x00000000, 46499fmahoney-8.corp.premierinc.com:1688, 98e315f1-2e03-4cfa-b026-ef79751044b4, 2018/07/18 20:36, 1, 1, 188546, 73111121-5638-40f6-bc11-f1d7b0d64300, 25"
Information,7/18/2018 2:39:00 PM,Microsoft-Windows-Security-SPP,1003,None,"The Software Protection service has completed licensing status check.
Application Id=0ff1ce15-a989-479d-af46-f275c6370663
Licensing Status=
1: e13ac10e-75d0-4aff-a0cd-764982cf541c, 1, 1 [(0 [0x00000000, 1, 0], [(?)( 1 0x00000000)(?)( 2 0x00000000 0 0 msft:rm/algorithm/volume/1.0 0x00000000 257459)(?)(?)(?)(?)])(1 )(2 )(3 )]

"
Information,7/18/2018 2:39:00 PM,Microsoft-Windows-Security-SPP,1003,None,"The Software Protection service has completed licensing status check.
Application Id=0ff1ce15-a989-479d-af46-f275c6370663
Licensing Status=
1: b322da9c-a2e2-4058-9e4e-f59a6970bd69, 1, 1 [(0 [0x00000000, 1, 0], [(?)( 1 0x00000000)(?)( 2 0x00000000 0 0 msft:rm/algorithm/volume/1.0 0x00000000 257459)(?)(?)(?)(?)])(1 )(2 )(3 )]

"
Information,7/18/2018 2:39:00 PM,Microsoft-Windows-Security-SPP,1003,None,"The Software Protection service has completed licensing status check.
Application Id=0ff1ce15-a989-479d-af46-f275c6370663
Licensing Status=
1: 427a28d1-d17c-4abf-b717-32c780ba6f07, 1, 1 [(0 [0x00000000, 1, 0], [(?)( 1 0x00000000)(?)( 2 0x00000000 0 0 msft:rm/algorithm/volume/1.0 0x00000000 257459)(?)(?)(?)(?)])(1 )(2 )(3 )]

"
Information,7/18/2018 2:39:00 PM,Microsoft-Windows-Security-SPP,1003,None,"The Software Protection service has completed licensing status check.
Application Id=0ff1ce15-a989-479d-af46-f275c6370663
Licensing Status=
1: 2b88c4f2-ea8f-43cd-805e-4d41346e18a7, 1, 0 [(0 [0xC004F014, 0, 0], [(?)(?)(?)(?)(?)(?)(?)(?)])(1 )(2 )(3 )]
2: 2b9e4a37-6230-4b42-bee2-e25ce86c8c7a, 1, 0 [(0 [0xC004F014, 0, 0], [(?)(?)(?)(?)(?)(?)(?)(?)])(1 )(2 )(3 )]
3: 3e4294dd-a765-49bc-8dbd-cf8b62a4bd3d, 1, 0 [(0 [0xC004F014, 0, 0], [(?)(?)(?)(?)(?)(?)(?)(?)])(1 )(2 )(3 )]
4: 427a28d1-d17c-4abf-b717-32c780ba6f07, 1, 1 [(0 [0x00000000, 1, 0], [(?)( 1 0x00000000)(?)( 2 0x00000000 0 0 msft:rm/algorithm/volume/1.0 0x00000000 257459)(?)(?)(?)(?)])(1 )(2 )(3 )]
5: b322da9c-a2e2-4058-9e4e-f59a6970bd69, 1, 1 [(0 [0x00000000, 1, 0], [(?)( 1 0x00000000)(?)( 2 0x00000000 0 0 msft:rm/algorithm/volume/1.0 0x00000000 257459)(?)(?)(?)(?)])(1 )(2 )(3 )]
6: e13ac10e-75d0-4aff-a0cd-764982cf541c, 1, 1 [(0 [0x00000000, 1, 0], [(?)( 1 0x00000000)(?)( 2 0x00000000 0 0 msft:rm/algorithm/volume/1.0 0x00000000 257459)(?)(?)(?)(?)])(1 )(2 )(3 )]

"
Information,7/18/2018 2:38:45 PM,Microsoft-Windows-Security-SPP,12288,None,"The client has sent an activation request to the key management service machine.
Info:
0x80072AF9, 0x00000000, vmw7x64off10v11.corp.premierinc.com:1688, 98e315f1-2e03-4cfa-b026-ef79751044b4, 2018/07/18 20:36, 1, 1, 188546, 73111121-5638-40f6-bc11-f1d7b0d64300, 25"
Information,7/18/2018 2:38:45 PM,Microsoft-Windows-Security-SPP,12288,None,"The client has sent an activation request to the key management service machine.
Info:
0x8007000D, 0x00000000, c3pigpsdsh2.corp.premierinc.com:1688, 98e315f1-2e03-4cfa-b026-ef79751044b4, 2018/07/18 20:36, 1, 1, 188546, 73111121-5638-40f6-bc11-f1d7b0d64300, 25"
Information,7/18/2018 2:38:45 PM,Microsoft-Windows-Security-SPP,12288,None,"The client has sent an activation request to the key management service machine.
Info:
0x80072AF9, 0x00000000, vmw7x64off13v11.corp.premierinc.com:1688, 98e315f1-2e03-4cfa-b026-ef79751044b4, 2018/07/18 20:36, 1, 1, 188546, 73111121-5638-40f6-bc11-f1d7b0d64300, 25"
Information,7/18/2018 2:38:45 PM,Microsoft-Windows-Security-SPP,12288,None,"The client has sent an activation request to the key management service machine.
Info:
0xC0020017, 0x00000000, 46532csapp-w8.corp.premierinc.com:1688, 98e315f1-2e03-4cfa-b026-ef79751044b4, 2018/07/18 20:36, 1, 1, 188546, 73111121-5638-40f6-bc11-f1d7b0d64300, 25"
Information,7/18/2018 2:38:43 PM,Microsoft-Windows-Security-SPP,12288,None,"The client has sent an activation request to the key management service machine.
Info:
0xC0020017, 0x00000000, 46532csapp-w8.corp.premierinc.com:1688, 98e315f1-2e03-4cfa-b026-ef79751044b4, 2018/07/18 20:36, 1, 1, 188546, 73111121-5638-40f6-bc11-f1d7b0d64300, 25"
Error,7/18/2018 2:38:31 PM,Microsoft-Windows-Security-SPP,8198,None,"License Activation (slui.exe) failed with the following error code:
hr=0xC004F074
Command-line arguments:
RuleId=502ff3ba-669a-4674-bbb1-601f34a3b968;Action=AutoActivateSilent;AppId=55c92734-d682-4d71-983e-d6ec3f16059f;SkuId=73111121-5638-40f6-bc11-f1d7b0d64300;NotificationInterval=1440;Trigger=UserLogon;SessionId=11"
Information,7/18/2018 2:38:31 PM,Microsoft-Windows-Security-SPP,1003,None,"The Software Protection service has completed licensing status check.
Application Id=55c92734-d682-4d71-983e-d6ec3f16059f
Licensing Status=
1: 040fa323-92b1-4baf-97a2-5b67feaefddb, 1, 0 [(0 [0xC004F014, 0, 0], [(?)(?)(?)(?)(?)(?)(?)(?)])(1 )(2 )(3 )]
2: 0724cb7d-3437-4cb7-93cb-830375d0079d, 1, 0 [(0 [0xC004F014, 0, 0], [(?)(?)(?)(?)(?)(?)(?)(?)])(1 )(2 )(3 )]
3: 221a02da-e2a1-4b75-864c-0a4410a33fdf, 1, 0 [(0 [0xC004F014, 0, 0], [(?)(?)(?)(?)(?)(?)(?)(?)])(1 )(2 )(3 )]
4: 2c293c26-a45a-4a2a-a350-c69a67097529, 1, 0 [(0 [0xC004F014, 0, 0], [(?)(?)(?)(?)(?)(?)(?)(?)])(1 )(2 )(3 )]
5: 2de67392-b7a7-462a-b1ca-108dd189f588, 1, 0 [(0 [0xC004F014, 0, 0], [(?)(?)(?)(?)(?)(?)(?)(?)])(1 )(2 )(3 )]
6: 2ffd8952-423e-4903-b993-72a1aa44cf82, 1, 0 [(0 [0xC004F014, 0, 0], [(?)(?)(?)(?)(?)(?)(?)(?)])(1 )(2 )(3 )]
7: 30a42c86-b7a0-4a34-8c90-ff177cb2acb7, 1, 0 [(0 [0xC004F014, 0, 0], [(?)(?)(?)(?)(?)(?)(?)(?)])(1 )(2 )(3 )]
8: 345a5db0-d94f-4e3b-a0c0-7c42f7bc3ebf, 1, 0 [(0 [0xC004F014, 0, 0], [(?)(?)(?)(?)(?)(?)(?)(?)])(1 )(2 )(3 )]
9: 377333b1-8b5d-48d6-9679-1225c872d37c, 1, 0 [(0 [0xC004F014, 0, 0], [(?)(?)(?)(?)(?)(?)(?)(?)])(1 )(2 )(3 )]
10: 3df374ef-d444-4494-a5a1-4b0d9fd0e203, 1, 0 [(0 [0xC004F014, 0, 0], [(?)(?)(?)(?)(?)(?)(?)(?)])(1 )(2 )(3 )]
11: 3f1afc82-f8ac-4f6c-8005-1d233e606eee, 1, 0 [(0 [0xC004F014, 0, 0], [(?)(?)(?)(?)(?)(?)(?)(?)])(1 )(2 )(3 )]
12: 49cd895b-53b2-4dc4-a5f7-b18aa019ad37, 1, 0 [(0 [0xC004F014, 0, 0], [(?)(?)(?)(?)(?)(?)(?)(?)])(1 )(2 )(3 )]
13: 4de7cb65-cdf1-4de9-8ae8-e3cce27b9f2c, 1, 0 [(0 [0xC004F014, 0, 0], [(?)(?)(?)(?)(?)(?)(?)(?)])(1 )(2 )(3 )]
14: 4f3da0d2-271d-4508-ae81-626b60809a38, 1, 0 [(0 [0xC004F014, 0, 0], [(?)(?)(?)(?)(?)(?)(?)(?)])(1 )(2 )(3 )]
15: 613d217f-7f13-4268-9907-1662339531cd, 1, 0 [(0 [0xC004F014, 0, 0], [(?)(?)(?)(?)(?)(?)(?)(?)])(1 )(2 )(3 )]
16: 62f0c100-9c53-4e02-b886-a3528ddfe7f6, 1, 0 [(0 [0xC004F014, 0, 0], [(?)(?)(?)(?)(?)(?)(?)(?)])(1 )(2 )(3 )]
17: 73111121-5638-40f6-bc11-f1d7b0d64300, 1, 1 [(0 [0x00000000, 1, 0], [(?)( 1 0x00000000)(?)( 2 0x00000000 0 0 msft:rm/algorithm/volume/1.0 0x00000000 188544)(?)(?)( 10 0x00000000 msft:rm/algorithm/flags/1.0)(?)])(1 )(2 )(3 )]
18: 7a802526-4c94-4bd1-ba14-835a1aca2120, 1, 0 [(0 [0xC004F014, 0, 0], [(?)(?)(?)(?)(?)(?)(?)(?)])(1 )(2 )(3 )]
19: 7cb546c0-c7d5-44d8-9a5c-69ecdd782b69, 1, 0 [(0 [0xC004F014, 0, 0], [(?)(?)(?)(?)(?)(?)(?)(?)])(1 )(2 )(3 )]
20: 8b351c9c-f398-4515-9900-09df49427262, 1, 0 [(0 [0xC004F014, 0, 0], [(?)(?)(?)(?)(?)(?)(?)(?)])(1 )(2 )(3 )]
21: b0773a15-df3a-4312-9ad2-83d69648e356, 1, 0 [(0 [0xC004F014, 0, 0], [(?)(?)(?)(?)(?)(?)(?)(?)])(1 )(2 )(3 )]
22: bd3762d7-270d-4760-8fb3-d829ca45278a, 1, 0 [(0 [0xC004F014, 0, 0], [(?)(?)(?)(?)(?)(?)(?)(?)])(1 )(2 )(3 )]
23: c86d5194-4840-4dae-9c1c-0301003a5ab0, 1, 0 [(0 [0xC004F014, 0, 0], [(?)(?)(?)(?)(?)(?)(?)(?)])(1 )(2 )(3 )]
24: d552befb-48cc-4327-8f39-47d2d94f987c, 1, 0 [(0 [0xC004F014, 0, 0], [(?)(?)(?)(?)(?)(?)(?)(?)])(1 )(2 )(3 )]
25: d6eadb3b-5ca8-4a6b-986e-35b550756111, 1, 0 [(0 [0xC004F014, 0, 0], [(?)(?)(?)(?)(?)(?)(?)(?)])(1 )(2 )(3 )]
26: e7a950a2-e548-4f10-bf16-02ec848e0643, 1, 0 [(0 [0xC004F014, 0, 0], [(?)(?)(?)(?)(?)(?)(?)(?)])(1 )(2 )(3 )]
27: ef51e000-2659-4f25-8345-3de70a9cf4c4, 1, 0 [(0 [0xC004F014, 0, 0], [(?)(?)(?)(?)(?)(?)(?)(?)])(1 )(2 )(3 )]
28: fe74f55b-0338-41d6-b267-4a201abe7285, 1, 0 [(0 [0xC004F014, 0, 0], [(?)(?)(?)(?)(?)(?)(?)(?)])(1 )(2 )(3 )]

"
Information,7/18/2018 2:38:31 PM,Microsoft-Windows-Security-SPP,1003,None,"The Software Protection service has completed licensing status check.
Application Id=55c92734-d682-4d71-983e-d6ec3f16059f
Licensing Status=
1: 040fa323-92b1-4baf-97a2-5b67feaefddb, 1, 0 [(0 [0xC004F014, 0, 0], [(?)(?)(?)(?)(?)(?)(?)(?)])(1 )(2 )(3 )]
2: 0724cb7d-3437-4cb7-93cb-830375d0079d, 1, 0 [(0 [0xC004F014, 0, 0], [(?)(?)(?)(?)(?)(?)(?)(?)])(1 )(2 )(3 )]
3: 221a02da-e2a1-4b75-864c-0a4410a33fdf, 1, 0 [(0 [0xC004F014, 0, 0], [(?)(?)(?)(?)(?)(?)(?)(?)])(1 )(2 )(3 )]
4: 2c293c26-a45a-4a2a-a350-c69a67097529, 1, 0 [(0 [0xC004F014, 0, 0], [(?)(?)(?)(?)(?)(?)(?)(?)])(1 )(2 )(3 )]
5: 2de67392-b7a7-462a-b1ca-108dd189f588, 1, 0 [(0 [0xC004F014, 0, 0], [(?)(?)(?)(?)(?)(?)(?)(?)])(1 )(2 )(3 )]
6: 2ffd8952-423e-4903-b993-72a1aa44cf82, 1, 0 [(0 [0xC004F014, 0, 0], [(?)(?)(?)(?)(?)(?)(?)(?)])(1 )(2 )(3 )]
7: 30a42c86-b7a0-4a34-8c90-ff177cb2acb7, 1, 0 [(0 [0xC004F014, 0, 0], [(?)(?)(?)(?)(?)(?)(?)(?)])(1 )(2 )(3 )]
8: 345a5db0-d94f-4e3b-a0c0-7c42f7bc3ebf, 1, 0 [(0 [0xC004F014, 0, 0], [(?)(?)(?)(?)(?)(?)(?)(?)])(1 )(2 )(3 )]
9: 377333b1-8b5d-48d6-9679-1225c872d37c, 1, 0 [(0 [0xC004F014, 0, 0], [(?)(?)(?)(?)(?)(?)(?)(?)])(1 )(2 )(3 )]
10: 3df374ef-d444-4494-a5a1-4b0d9fd0e203, 1, 0 [(0 [0xC004F014, 0, 0], [(?)(?)(?)(?)(?)(?)(?)(?)])(1 )(2 )(3 )]
11: 3f1afc82-f8ac-4f6c-8005-1d233e606eee, 1, 0 [(0 [0xC004F014, 0, 0], [(?)(?)(?)(?)(?)(?)(?)(?)])(1 )(2 )(3 )]
12: 49cd895b-53b2-4dc4-a5f7-b18aa019ad37, 1, 0 [(0 [0xC004F014, 0, 0], [(?)(?)(?)(?)(?)(?)(?)(?)])(1 )(2 )(3 )]
13: 4de7cb65-cdf1-4de9-8ae8-e3cce27b9f2c, 1, 0 [(0 [0xC004F014, 0, 0], [(?)(?)(?)(?)(?)(?)(?)(?)])(1 )(2 )(3 )]
14: 4f3da0d2-271d-4508-ae81-626b60809a38, 1, 0 [(0 [0xC004F014, 0, 0], [(?)(?)(?)(?)(?)(?)(?)(?)])(1 )(2 )(3 )]
15: 613d217f-7f13-4268-9907-1662339531cd, 1, 0 [(0 [0xC004F014, 0, 0], [(?)(?)(?)(?)(?)(?)(?)(?)])(1 )(2 )(3 )]
16: 62f0c100-9c53-4e02-b886-a3528ddfe7f6, 1, 0 [(0 [0xC004F014, 0, 0], [(?)(?)(?)(?)(?)(?)(?)(?)])(1 )(2 )(3 )]
17: 73111121-5638-40f6-bc11-f1d7b0d64300, 1, 1 [(0 [0x00000000, 1, 0], [(?)( 1 0x00000000)(?)( 2 0x00000000 0 0 msft:rm/algorithm/volume/1.0 0x00000000 188544)(?)(?)( 10 0x00000000 msft:rm/algorithm/flags/1.0)(?)])(1 )(2 )(3 )]
18: 7a802526-4c94-4bd1-ba14-835a1aca2120, 1, 0 [(0 [0xC004F014, 0, 0], [(?)(?)(?)(?)(?)(?)(?)(?)])(1 )(2 )(3 )]
19: 7cb546c0-c7d5-44d8-9a5c-69ecdd782b69, 1, 0 [(0 [0xC004F014, 0, 0], [(?)(?)(?)(?)(?)(?)(?)(?)])(1 )(2 )(3 )]
20: 8b351c9c-f398-4515-9900-09df49427262, 1, 0 [(0 [0xC004F014, 0, 0], [(?)(?)(?)(?)(?)(?)(?)(?)])(1 )(2 )(3 )]
21: b0773a15-df3a-4312-9ad2-83d69648e356, 1, 0 [(0 [0xC004F014, 0, 0], [(?)(?)(?)(?)(?)(?)(?)(?)])(1 )(2 )(3 )]
22: bd3762d7-270d-4760-8fb3-d829ca45278a, 1, 0 [(0 [0xC004F014, 0, 0], [(?)(?)(?)(?)(?)(?)(?)(?)])(1 )(2 )(3 )]
23: c86d5194-4840-4dae-9c1c-0301003a5ab0, 1, 0 [(0 [0xC004F014, 0, 0], [(?)(?)(?)(?)(?)(?)(?)(?)])(1 )(2 )(3 )]
24: d552befb-48cc-4327-8f39-47d2d94f987c, 1, 0 [(0 [0xC004F014, 0, 0], [(?)(?)(?)(?)(?)(?)(?)(?)])(1 )(2 )(3 )]
25: d6eadb3b-5ca8-4a6b-986e-35b550756111, 1, 0 [(0 [0xC004F014, 0, 0], [(?)(?)(?)(?)(?)(?)(?)(?)])(1 )(2 )(3 )]
26: e7a950a2-e548-4f10-bf16-02ec848e0643, 1, 0 [(0 [0xC004F014, 0, 0], [(?)(?)(?)(?)(?)(?)(?)(?)])(1 )(2 )(3 )]
27: ef51e000-2659-4f25-8345-3de70a9cf4c4, 1, 0 [(0 [0xC004F014, 0, 0], [(?)(?)(?)(?)(?)(?)(?)(?)])(1 )(2 )(3 )]
28: fe74f55b-0338-41d6-b267-4a201abe7285, 1, 0 [(0 [0xC004F014, 0, 0], [(?)(?)(?)(?)(?)(?)(?)(?)])(1 )(2 )(3 )]

"
Information,7/18/2018 2:38:29 PM,Microsoft-Windows-Security-SPP,12288,None,"The client has sent an activation request to the key management service machine.
Info:
0xC004F042, 0x00000000, c3pimdt1.corp.premierinc.com:1688, 98e315f1-2e03-4cfa-b026-ef79751044b4, 2018/07/18 20:35, 1, 1, 188546, 73111121-5638-40f6-bc11-f1d7b0d64300, 25"
Information,7/18/2018 2:38:29 PM,Microsoft-Windows-Security-SPP,12288,None,"The client has sent an activation request to the key management service machine.
Info:
0xC0020017, 0x00000000, 46499fmahoney-8.corp.premierinc.com:1688, 98e315f1-2e03-4cfa-b026-ef79751044b4, 2018/07/18 20:35, 1, 1, 188546, 73111121-5638-40f6-bc11-f1d7b0d64300, 25"
Information,7/18/2018 2:38:24 PM,Microsoft-Windows-Security-SPP,12288,None,"The client has sent an activation request to the key management service machine.
Info:
0xC004F042, 0x00000000, c3pimdt1.corp.premierinc.com:1688, 98e315f1-2e03-4cfa-b026-ef79751044b4, 2018/07/18 20:36, 1, 1, 188546, 73111121-5638-40f6-bc11-f1d7b0d64300, 25"
Information,7/18/2018 2:38:23 PM,Microsoft-Windows-Security-SPP,12288,None,"The client has sent an activation request to the key management service machine.
Info:
0xC0020017, 0x00000000, 46534nsmith2-8.corp.premierinc.com:1688, 98e315f1-2e03-4cfa-b026-ef79751044b4, 2018/07/18 20:36, 1, 1, 188546, 73111121-5638-40f6-bc11-f1d7b0d64300, 25"
Information,7/18/2018 2:38:22 PM,Microsoft-Windows-Security-SPP,12288,None,"The client has sent an activation request to the key management service machine.
Info:
0xC004F042, 0x00000000, c3piadmin1.corp.premierinc.com:1688, 98e315f1-2e03-4cfa-b026-ef79751044b4, 2018/07/18 20:36, 1, 1, 188546, 73111121-5638-40f6-bc11-f1d7b0d64300, 25"
Information,7/18/2018 2:38:21 PM,Microsoft-Windows-Security-SPP,12288,None,"The client has sent an activation request to the key management service machine.
Info:
0xC0020017, 0x00000000, vmw8su_c_001.corp.premierinc.com:1688, 98e315f1-2e03-4cfa-b026-ef79751044b4, 2018/07/18 20:36, 1, 1, 188546, 73111121-5638-40f6-bc11-f1d7b0d64300, 25"
Information,7/18/2018 2:38:20 PM,Microsoft-Windows-Security-SPP,12288,None,"The client has sent an activation request to the key management service machine.
Info:
0xC0020017, 0x00000000, 46533dokelley-8.corp.premierinc.com:1688, 98e315f1-2e03-4cfa-b026-ef79751044b4, 2018/07/18 20:36, 1, 1, 188546, 73111121-5638-40f6-bc11-f1d7b0d64300, 25"
Information,7/18/2018 2:38:06 PM,Microsoft-Windows-Security-SPP,12288,None,"The client has sent an activation request to the key management service machine.
Info:
0xC0020017, 0x00000000, vmw8su_c_001.corp.premierinc.com:1688, 98e315f1-2e03-4cfa-b026-ef79751044b4, 2018/07/18 20:35, 1, 1, 188546, 73111121-5638-40f6-bc11-f1d7b0d64300, 25"
Information,7/18/2018 2:38:05 PM,Microsoft-Windows-Security-SPP,12288,None,"The client has sent an activation request to the key management service machine.
Info:
0xC004F042, 0x00000000, c2pieposcan2.corp.premierinc.com:1688, 98e315f1-2e03-4cfa-b026-ef79751044b4, 2018/07/18 20:35, 1, 1, 188546, 73111121-5638-40f6-bc11-f1d7b0d64300, 25"
Information,7/18/2018 2:38:04 PM,Microsoft-Windows-Security-SPP,12288,None,"The client has sent an activation request to the key management service machine.
Info:
0x80072AF9, 0x00000000, vmw8su_name.corp.premierinc.com:1688, 98e315f1-2e03-4cfa-b026-ef79751044b4, 2018/07/18 20:35, 1, 1, 188546, 73111121-5638-40f6-bc11-f1d7b0d64300, 25"
Information,7/18/2018 2:38:04 PM,Microsoft-Windows-Security-SPP,12288,None,"The client has sent an activation request to the key management service machine.
Info:
0xC0020017, 0x00000000, 46532csapp-w8.corp.premierinc.com:1688, 98e315f1-2e03-4cfa-b026-ef79751044b4, 2018/07/18 20:35, 1, 1, 188546, 73111121-5638-40f6-bc11-f1d7b0d64300, 25"
Information,7/18/2018 2:38:02 PM,Microsoft-Windows-Security-SPP,12288,None,"The client has sent an activation request to the key management service machine.
Info:
0xC0020017, 0x00000000, 46533dokelley-8.corp.premierinc.com:1688, 98e315f1-2e03-4cfa-b026-ef79751044b4, 2018/07/18 20:36, 1, 1, 188546, 73111121-5638-40f6-bc11-f1d7b0d64300, 25"
Information,7/18/2018 2:37:59 PM,Microsoft-Windows-Security-SPP,12288,None,"The client has sent an activation request to the key management service machine.
Info:
0x80072AF9, 0x00000000, vmw8su_c_01.corp.premierinc.com:1688, 98e315f1-2e03-4cfa-b026-ef79751044b4, 2018/07/18 20:36, 1, 1, 188546, 73111121-5638-40f6-bc11-f1d7b0d64300, 25"
Information,7/18/2018 2:37:59 PM,Microsoft-Windows-Security-SPP,12288,None,"The client has sent an activation request to the key management service machine.
Info:
0xC0020017, 0x00000000, 46500rkissick-8.corp.premierinc.com:1688, 98e315f1-2e03-4cfa-b026-ef79751044b4, 2018/07/18 20:36, 1, 1, 188546, 73111121-5638-40f6-bc11-f1d7b0d64300, 25"
Information,7/18/2018 2:37:43 PM,Microsoft-Windows-Security-SPP,12288,None,"The client has sent an activation request to the key management service machine.
Info:
0x80072AF9, 0x00000000, vmw7x64off10v11.corp.premierinc.com:1688, 98e315f1-2e03-4cfa-b026-ef79751044b4, 2018/07/18 20:35, 1, 1, 188546, 73111121-5638-40f6-bc11-f1d7b0d64300, 25"
Information,7/18/2018 2:37:43 PM,Microsoft-Windows-Security-SPP,12288,None,"The client has sent an activation request to the key management service machine.
Info:
0x80072AF9, 0x00000000, vmw8su_c_01.corp.premierinc.com:1688, 98e315f1-2e03-4cfa-b026-ef79751044b4, 2018/07/18 20:35, 1, 1, 188546, 73111121-5638-40f6-bc11-f1d7b0d64300, 25"
Information,7/18/2018 2:37:43 PM,Microsoft-Windows-Security-SPP,12288,None,"The client has sent an activation request to the key management service machine.
Info:
0x8007000D, 0x00000000, c3pigpsdsh2.corp.premierinc.com:1688, 98e315f1-2e03-4cfa-b026-ef79751044b4, 2018/07/18 20:35, 1, 1, 188546, 73111121-5638-40f6-bc11-f1d7b0d64300, 25"
Information,7/18/2018 2:37:43 PM,Microsoft-Windows-Security-SPP,12288,None,"The client has sent an activation request to the key management service machine.
Info:
0x80072AF9, 0x00000000, vmw8redstone01.corp.premierinc.com:1688, 98e315f1-2e03-4cfa-b026-ef79751044b4, 2018/07/18 20:35, 1, 1, 188546, 73111121-5638-40f6-bc11-f1d7b0d64300, 25"
Information,7/18/2018 2:37:43 PM,Microsoft-Windows-Security-SPP,12288,None,"The client has sent an activation request to the key management service machine.
Info:
0x80072AF9, 0x00000000, vmw8redstone03.corp.premierinc.com:1688, 98e315f1-2e03-4cfa-b026-ef79751044b4, 2018/07/18 20:35, 1, 1, 188546, 73111121-5638-40f6-bc11-f1d7b0d64300, 25"
Information,7/18/2018 2:37:43 PM,Microsoft-Windows-Security-SPP,12288,None,"The client has sent an activation request to the key management service machine.
Info:
0xC0020017, 0x00000000, 46533dokelley-8.corp.premierinc.com:1688, 98e315f1-2e03-4cfa-b026-ef79751044b4, 2018/07/18 20:35, 1, 1, 188546, 73111121-5638-40f6-bc11-f1d7b0d64300, 25"
Information,7/18/2018 2:37:41 PM,Microsoft-Windows-Security-SPP,12288,None,"The client has sent an activation request to the key management service machine.
Info:
0xC0020017, 0x00000000, vmw8su_c_001.corp.premierinc.com:1688, 98e315f1-2e03-4cfa-b026-ef79751044b4, 2018/07/18 20:36, 1, 1, 188546, 73111121-5638-40f6-bc11-f1d7b0d64300, 25"
Information,7/18/2018 2:37:40 PM,Microsoft-Windows-Security-SPP,12288,None,"The client has sent an activation request to the key management service machine.
Info:
0xC0020017, 0x00000000, 46497alewis1-w8.corp.premierinc.com:1688, 98e315f1-2e03-4cfa-b026-ef79751044b4, 2018/07/18 20:36, 1, 1, 188546, 73111121-5638-40f6-bc11-f1d7b0d64300, 25"
Information,7/18/2018 2:37:38 PM,Microsoft-Windows-Security-SPP,12288,None,"The client has sent an activation request to the key management service machine.
Info:
0x80072AF9, 0x00000000, vmw8redstone01.corp.premierinc.com:1688, 98e315f1-2e03-4cfa-b026-ef79751044b4, 2018/07/18 20:36, 1, 1, 188546, 73111121-5638-40f6-bc11-f1d7b0d64300, 25"
Information,7/18/2018 2:37:38 PM,Microsoft-Windows-Security-SPP,12288,None,"The client has sent an activation request to the key management service machine.
Info:
0xC0020017, 0x00000000, 46494twinning-8.corp.premierinc.com:1688, 98e315f1-2e03-4cfa-b026-ef79751044b4, 2018/07/18 20:36, 1, 1, 188546, 73111121-5638-40f6-bc11-f1d7b0d64300, 25"
Information,7/18/2018 2:37:22 PM,Microsoft-Windows-Security-SPP,12288,None,"The client has sent an activation request to the key management service machine.
Info:
0xC0020017, 0x00000000, 46494twinning-8.corp.premierinc.com:1688, 98e315f1-2e03-4cfa-b026-ef79751044b4, 2018/07/18 20:35, 1, 1, 188546, 73111121-5638-40f6-bc11-f1d7b0d64300, 25"
Information,7/18/2018 2:37:19 PM,Microsoft-Windows-Security-SPP,12288,None,"The client has sent an activation request to the key management service machine.
Info:
0xC0020017, 0x00000000, 46500rkissick-8.corp.premierinc.com:1688, 98e315f1-2e03-4cfa-b026-ef79751044b4, 2018/07/18 20:36, 1, 1, 188546, 73111121-5638-40f6-bc11-f1d7b0d64300, 25"
Information,7/18/2018 2:37:17 PM,Microsoft-Windows-Security-SPP,12288,None,"The client has sent an activation request to the key management service machine.
Info:
0xC0020017, 0x00000000, 46534nsmith2-8.corp.premierinc.com:1688, 98e315f1-2e03-4cfa-b026-ef79751044b4, 2018/07/18 20:36, 1, 1, 188546, 73111121-5638-40f6-bc11-f1d7b0d64300, 25"
Information,7/18/2018 2:37:01 PM,Microsoft-Windows-Security-SPP,12288,None,"The client has sent an activation request to the key management service machine.
Info:
0xC0020017, 0x00000000, 46534nsmith2-8.corp.premierinc.com:1688, 98e315f1-2e03-4cfa-b026-ef79751044b4, 2018/07/18 20:35, 1, 1, 188546, 73111121-5638-40f6-bc11-f1d7b0d64300, 25"
Information,7/18/2018 2:36:58 PM,Microsoft-Windows-Security-SPP,12288,None,"The client has sent an activation request to the key management service machine.
Info:
0xC004F042, 0x00000000, c2pieposcan2.corp.premierinc.com:1688, 98e315f1-2e03-4cfa-b026-ef79751044b4, 2018/07/18 20:36, 1, 1, 188546, 73111121-5638-40f6-bc11-f1d7b0d64300, 25"
Information,7/18/2018 2:36:58 PM,Microsoft-Windows-Security-SPP,12288,None,"The client has sent an activation request to the key management service machine.
Info:
0x80072AF9, 0x00000000, vmw8redstone01.corp.premierinc.com:1688, 98e315f1-2e03-4cfa-b026-ef79751044b4, 2018/07/18 20:36, 1, 1, 188546, 73111121-5638-40f6-bc11-f1d7b0d64300, 25"
Information,7/18/2018 2:36:58 PM,Microsoft-Windows-Security-SPP,12288,None,"The client has sent an activation request to the key management service machine.
Info:
0xC0020017, 0x00000000, 46499fmahoney-8.corp.premierinc.com:1688, 98e315f1-2e03-4cfa-b026-ef79751044b4, 2018/07/18 20:36, 1, 1, 188546, 73111121-5638-40f6-bc11-f1d7b0d64300, 25"
Information,7/18/2018 2:36:56 PM,Microsoft-Windows-Security-SPP,12288,None,"The client has sent an activation request to the key management service machine.
Info:
0x80072AF9, 0x00000000, vmw8redstone03.corp.premierinc.com:1688, 98e315f1-2e03-4cfa-b026-ef79751044b4, 2018/07/18 20:36, 1, 1, 188546, 73111121-5638-40f6-bc11-f1d7b0d64300, 25"
Information,7/18/2018 2:36:56 PM,Microsoft-Windows-Security-SPP,12288,None,"The client has sent an activation request to the key management service machine.
Info:
0xC0020017, 0x00000000, 46497alewis1-w8.corp.premierinc.com:1688, 98e315f1-2e03-4cfa-b026-ef79751044b4, 2018/07/18 20:36, 1, 1, 188546, 73111121-5638-40f6-bc11-f1d7b0d64300, 25"
Information,7/18/2018 2:36:40 PM,Microsoft-Windows-Security-SPP,12288,None,"The client has sent an activation request to the key management service machine.
Info:
0xC004F042, 0x00000000, c3piadmin1.corp.premierinc.com:1688, 98e315f1-2e03-4cfa-b026-ef79751044b4, 2018/07/18 20:35, 1, 1, 188546, 73111121-5638-40f6-bc11-f1d7b0d64300, 25"
Information,7/18/2018 2:36:40 PM,Microsoft-Windows-Security-SPP,12288,None,"The client has sent an activation request to the key management service machine.
Info:
0xC0020017, 0x00000000, 46497alewis1-w8.corp.premierinc.com:1688, 98e315f1-2e03-4cfa-b026-ef79751044b4, 2018/07/18 20:35, 1, 1, 188546, 73111121-5638-40f6-bc11-f1d7b0d64300, 25"
Information,7/18/2018 2:36:37 PM,Microsoft-Windows-Security-SPP,12288,None,"The client has sent an activation request to the key management service machine.
Info:
0x80072AF9, 0x00000000, vmw8su_c_01.corp.premierinc.com:1688, 98e315f1-2e03-4cfa-b026-ef79751044b4, 2018/07/18 20:36, 1, 1, 188546, 73111121-5638-40f6-bc11-f1d7b0d64300, 25"
Information,7/18/2018 2:36:37 PM,Microsoft-Windows-Security-SPP,12288,None,"The client has sent an activation request to the key management service machine.
Info:
0x80072AF9, 0x00000000, vmw8su_name.corp.premierinc.com:1688, 98e315f1-2e03-4cfa-b026-ef79751044b4, 2018/07/18 20:36, 1, 1, 188546, 73111121-5638-40f6-bc11-f1d7b0d64300, 25"
Information,7/18/2018 2:36:37 PM,Microsoft-Windows-Security-SPP,12288,None,"The client has sent an activation request to the key management service machine.
Info:
0x80072AF9, 0x00000000, vmw8redstone03.corp.premierinc.com:1688, 98e315f1-2e03-4cfa-b026-ef79751044b4, 2018/07/18 20:36, 1, 1, 188546, 73111121-5638-40f6-bc11-f1d7b0d64300, 25"
Information,7/18/2018 2:36:37 PM,Microsoft-Windows-Security-SPP,12288,None,"The client has sent an activation request to the key management service machine.
Info:
0xC004F042, 0x00000000, c3piadmin1.corp.premierinc.com:1688, 98e315f1-2e03-4cfa-b026-ef79751044b4, 2018/07/18 20:36, 1, 1, 188546, 73111121-5638-40f6-bc11-f1d7b0d64300, 25"
Information,7/18/2018 2:36:36 PM,Microsoft-Windows-Security-SPP,12288,None,"The client has sent an activation request to the key management service machine.
Info:
0x80072AF9, 0x00000000, vmw8redstone01.corp.premierinc.com:1688, 98e315f1-2e03-4cfa-b026-ef79751044b4, 2018/07/18 20:34, 1, 1, 188548, 73111121-5638-40f6-bc11-f1d7b0d64300, 25"
Information,7/18/2018 2:36:36 PM,Microsoft-Windows-Security-SPP,12288,None,"The client has sent an activation request to the key management service machine.
Info:
0x80072AF9, 0x00000000, vmw8redstone03.corp.premierinc.com:1688, 98e315f1-2e03-4cfa-b026-ef79751044b4, 2018/07/18 20:34, 1, 1, 188548, 73111121-5638-40f6-bc11-f1d7b0d64300, 25"
Information,7/18/2018 2:36:36 PM,Microsoft-Windows-Security-SPP,12288,None,"The client has sent an activation request to the key management service machine.
Info:
0xC0020017, 0x00000000, 46500rkissick-8.corp.premierinc.com:1688, 98e315f1-2e03-4cfa-b026-ef79751044b4, 2018/07/18 20:34, 1, 1, 188548, 73111121-5638-40f6-bc11-f1d7b0d64300, 25"
Information,7/18/2018 2:36:35 PM,Microsoft-Windows-Security-SPP,12288,None,"The client has sent an activation request to the key management service machine.
Info:
0x8007000D, 0x00000000, c3pigpsdsh2.corp.premierinc.com:1688, 98e315f1-2e03-4cfa-b026-ef79751044b4, 2018/07/18 20:36, 1, 1, 188546, 73111121-5638-40f6-bc11-f1d7b0d64300, 25"
Information,7/18/2018 2:36:35 PM,Microsoft-Windows-Security-SPP,12288,None,"The client has sent an activation request to the key management service machine.
Info:
0x80072AF9, 0x00000000, vmw8su_name.corp.premierinc.com:1688, 98e315f1-2e03-4cfa-b026-ef79751044b4, 2018/07/18 20:36, 1, 1, 188546, 73111121-5638-40f6-bc11-f1d7b0d64300, 25"
Information,7/18/2018 2:36:34 PM,Microsoft-Windows-Security-SPP,12288,None,"The client has sent an activation request to the key management service machine.
Info:
0x8007000D, 0x00000000, c3pigpsdsh2.corp.premierinc.com:1688, 98e315f1-2e03-4cfa-b026-ef79751044b4, 2018/07/18 20:34, 1, 1, 188548, 73111121-5638-40f6-bc11-f1d7b0d64300, 25"
Information,7/18/2018 2:36:34 PM,Microsoft-Windows-Security-SPP,12288,None,"The client has sent an activation request to the key management service machine.
Info:
0xC0020017, 0x00000000, 46534nsmith2-8.corp.premierinc.com:1688, 98e315f1-2e03-4cfa-b026-ef79751044b4, 2018/07/18 20:34, 1, 1, 188548, 73111121-5638-40f6-bc11-f1d7b0d64300, 25"
Information,7/18/2018 2:36:19 PM,Microsoft-Windows-Security-SPP,12288,None,"The client has sent an activation request to the key management service machine.
Info:
0x80072AF9, 0x00000000, vmw7x64off13v11.corp.premierinc.com:1688, 98e315f1-2e03-4cfa-b026-ef79751044b4, 2018/07/18 20:35, 1, 1, 188546, 73111121-5638-40f6-bc11-f1d7b0d64300, 25"
Information,7/18/2018 2:36:19 PM,Microsoft-Windows-Security-SPP,12288,None,"The client has sent an activation request to the key management service machine.
Info:
0xC0020017, 0x00000000, 46500rkissick-8.corp.premierinc.com:1688, 98e315f1-2e03-4cfa-b026-ef79751044b4, 2018/07/18 20:35, 1, 1, 188546, 73111121-5638-40f6-bc11-f1d7b0d64300, 25"
Information,7/18/2018 2:36:15 PM,Microsoft-Windows-Security-SPP,12288,None,"The client has sent an activation request to the key management service machine.
Info:
0xC0020017, 0x00000000, 46494twinning-8.corp.premierinc.com:1688, 98e315f1-2e03-4cfa-b026-ef79751044b4, 2018/07/18 20:34, 1, 1, 188548, 73111121-5638-40f6-bc11-f1d7b0d64300, 25"
Information,7/18/2018 2:36:13 PM,Microsoft-Windows-Security-SPP,12288,None,"The client has sent an activation request to the key management service machine.
Info:
0xC0020017, 0x00000000, 46499fmahoney-8.corp.premierinc.com:1688, 98e315f1-2e03-4cfa-b026-ef79751044b4, 2018/07/18 20:34, 1, 1, 188548, 73111121-5638-40f6-bc11-f1d7b0d64300, 25"
Information,7/18/2018 2:35:54 PM,Microsoft-Windows-Security-SPP,8230,None,"The rules engine successfully re-evaluated the schedule.
Kernel policies:
Security-SPP-Action-StateData (REG_SZ) =AppId=55c92734-d682-4d71-983e-d6ec3f16059f;GraceEndDate=2018/11/26:19:01:50;LastConsumptionReason=0x00000000;LastNotificationId=VolumeRenewalRequired;LicenseState=SL_LICENSING_STATUS_LICENSED;PartialProductKey=2YT43;ProductKeyType=Volume:GVLK;SkuId=73111121-5638-40f6-bc11-f1d7b0d64300;ruleId=502ff3ba-669a-4674-bbb1-601f34a3b968;uxDifferentiator=ENVIRONMENT;volumeActivationOrder=normal"
Information,7/18/2018 2:35:54 PM,Microsoft-Windows-Security-SPP,12288,None,"The client has sent an activation request to the key management service machine.
Info:
0x80072AF9, 0x00000000, vmw8su_name.corp.premierinc.com:1688, 98e315f1-2e03-4cfa-b026-ef79751044b4, 2018/07/18 20:34, 1, 1, 188548, 73111121-5638-40f6-bc11-f1d7b0d64300, 25"
Information,7/18/2018 2:35:54 PM,Microsoft-Windows-Security-SPP,12288,None,"The client has sent an activation request to the key management service machine.
Info:
0xC004F042, 0x00000000, c3pimdt1.corp.premierinc.com:1688, 98e315f1-2e03-4cfa-b026-ef79751044b4, 2018/07/18 20:34, 1, 1, 188548, 73111121-5638-40f6-bc11-f1d7b0d64300, 25"
Information,7/18/2018 2:35:53 PM,Microsoft-Windows-Security-SPP,12288,None,"The client has sent an activation request to the key management service machine.
Info:
0x80072AF9, 0x00000000, vmw7x64off13v11.corp.premierinc.com:1688, 98e315f1-2e03-4cfa-b026-ef79751044b4, 2018/07/18 20:34, 1, 1, 188548, 73111121-5638-40f6-bc11-f1d7b0d64300, 25"
Information,7/18/2018 2:35:53 PM,Microsoft-Windows-Security-SPP,12288,None,"The client has sent an activation request to the key management service machine.
Info:
0xC0020017, 0x00000000, 46533dokelley-8.corp.premierinc.com:1688, 98e315f1-2e03-4cfa-b026-ef79751044b4, 2018/07/18 20:34, 1, 1, 188548, 73111121-5638-40f6-bc11-f1d7b0d64300, 25"
Information,7/18/2018 2:35:52 PM,Microsoft-Windows-Security-SPP,12288,None,"The client has sent an activation request to the key management service machine.
Info:
0x80072AF9, 0x00000000, vmw7x64off13v11.corp.premierinc.com:1688, 98e315f1-2e03-4cfa-b026-ef79751044b4, 2018/07/18 20:34, 1, 1, 188548, 73111121-5638-40f6-bc11-f1d7b0d64300, 25"
Information,7/18/2018 2:35:52 PM,Microsoft-Windows-Security-SPP,12288,None,"The client has sent an activation request to the key management service machine.
Info:
0x80072AF9, 0x00000000, vmw8su_name.corp.premierinc.com:1688, 98e315f1-2e03-4cfa-b026-ef79751044b4, 2018/07/18 20:34, 1, 1, 188548, 73111121-5638-40f6-bc11-f1d7b0d64300, 25"
Information,7/18/2018 2:35:52 PM,Microsoft-Windows-Security-SPP,12288,None,"The client has sent an activation request to the key management service machine.
Info:
0x80072AF9, 0x00000000, vmw8redstone03.corp.premierinc.com:1688, 98e315f1-2e03-4cfa-b026-ef79751044b4, 2018/07/18 20:34, 1, 1, 188548, 73111121-5638-40f6-bc11-f1d7b0d64300, 25"
Information,7/18/2018 2:35:52 PM,Microsoft-Windows-Security-SPP,12288,None,"The client has sent an activation request to the key management service machine.
Info:
0xC004F042, 0x00000000, c3piadmin1.corp.premierinc.com:1688, 98e315f1-2e03-4cfa-b026-ef79751044b4, 2018/07/18 20:34, 1, 1, 188548, 73111121-5638-40f6-bc11-f1d7b0d64300, 25"
Information,7/18/2018 2:35:51 PM,Microsoft-Windows-Security-SPP,12288,None,"The client has sent an activation request to the key management service machine.
Info:
0xC004F042, 0x00000000, c2pieposcan2.corp.premierinc.com:1688, 98e315f1-2e03-4cfa-b026-ef79751044b4, 2018/07/18 20:34, 1, 1, 188548, 73111121-5638-40f6-bc11-f1d7b0d64300, 25"
Information,7/18/2018 2:35:51 PM,Microsoft-Windows-Security-SPP,12288,None,"The client has sent an activation request to the key management service machine.
Info:
0xC0020017, 0x00000000, 46494twinning-8.corp.premierinc.com:1688, 98e315f1-2e03-4cfa-b026-ef79751044b4, 2018/07/18 20:34, 1, 1, 188548, 73111121-5638-40f6-bc11-f1d7b0d64300, 25"
Information,7/18/2018 2:35:47 PM,igfxCUIService1.0.0.0,0,None,"The description for Event ID 0 from source igfxCUIService1.0.0.0 cannot be found. Either the component that raises this event is not installed on your local computer or the installation is corrupted. You can install or repair the component on the local computer.

If the event originated on another computer, the display information had to be saved with the event.

The following information was included with the event: 

Received Post Shell Event 11

"
