Information,7/12/2018 10:20:03 AM,MsiInstaller,1035,None,Windows Installer reconfigured the product. Product Name: Adobe Acrobat Reader DC. Product Version: 18.011.20055. Product Language: 1033. Manufacturer: Adobe Systems Incorporated. Reconfiguration success or error status: 0.
Information,7/12/2018 10:20:03 AM,MsiInstaller,11728,None,Product: Adobe Acrobat Reader DC -- Configuration completed successfully.
Information,7/12/2018 10:20:03 AM,MsiInstaller,1036,None,Windows Installer installed an update. Product Name: Adobe Acrobat Reader DC. Product Version: 18.011.20055. Product Language: 1033. Manufacturer: Adobe Systems Incorporated. Update Name: Adobe Acrobat Reader DC
 (18.011.20055). Installation success or error status: 0.
Information,7/12/2018 10:20:03 AM,MsiInstaller,1022,None,Product: Adobe Acrobat Reader DC - Update 'Adobe Acrobat Reader DC
 (18.011.20055)' installed successfully.
Information,7/12/2018 10:20:02 AM,Microsoft-Windows-Security-SPP,12288,None,"The client has sent an activation request to the key management service machine.
Info:
0x80072AF9, 0x00000000, vmw8su_c_01.corp.premierinc.com:1688, 98e315f1-2e03-4cfa-b026-ef79751044b4, 2018/07/12 16:18, 1, 1, 197444, 73111121-5638-40f6-bc11-f1d7b0d64300, 25"
Information,7/12/2018 10:20:02 AM,Microsoft-Windows-Security-SPP,12288,None,"The client has sent an activation request to the key management service machine.
Info:
0xC0020017, 0x00000000, 46533DOKELLEY-8.corp.premierinc.com:1688, 98e315f1-2e03-4cfa-b026-ef79751044b4, 2018/07/12 16:18, 1, 1, 197444, 73111121-5638-40f6-bc11-f1d7b0d64300, 25"
Information,7/12/2018 10:19:58 AM,AdobeARMservice,0,None,"The description for Event ID 0 from source AdobeARMservice cannot be found. Either the component that raises this event is not installed on your local computer or the installation is corrupted. You can install or repair the component on the local computer.

If the event originated on another computer, the display information had to be saved with the event.

The following information was included with the event: 

Service started
"
Information,7/12/2018 10:19:57 AM,Microsoft-Windows-Security-SPP,12288,None,"The client has sent an activation request to the key management service machine.
Info:
0xC0020017, 0x00000000, 46532CSAPP-W8.corp.premierinc.com:1688, 98e315f1-2e03-4cfa-b026-ef79751044b4, 2018/07/12 16:18, 1, 1, 197444, 73111121-5638-40f6-bc11-f1d7b0d64300, 25"
Error,7/12/2018 10:19:55 AM,VSTO 4.0,4096,None,"Customization URI: file:///C:/Program Files (x86)/Common Files/Microsoft Shared/VSTA/Pipeline.v10.0/PipelineSegments.store
Exception: Exception reading manifest from file:///C:/Program%20Files%20(x86)/Common%20Files/Microsoft%20Shared/VSTA/Pipeline.v10.0/PipelineSegments.store: the manifest may not be valid or the file could not be opened.


************** Exception Text **************
System.Deployment.Application.InvalidDeploymentException: Exception reading manifest from file:///C:/Program%20Files%20(x86)/Common%20Files/Microsoft%20Shared/VSTA/Pipeline.v10.0/PipelineSegments.store: the manifest may not be valid or the file could not be opened. ---> System.Xml.XmlException: '', hexadecimal value 0x01, is an invalid character. Line 1, position 1.
   at System.Xml.XmlTextReaderImpl.Throw(Exception e)
   at System.Xml.XmlTextReaderImpl.Throw(String res, String[] args)
   at System.Xml.XmlTextReaderImpl.Throw(Int32 pos, String res, String[] args)
   at System.Xml.XmlTextReaderImpl.ThrowInvalidChar(Int32 pos, Char invChar)
   at System.Xml.XmlTextReaderImpl.ParseRootLevelWhitespace()
   at System.Xml.XmlTextReaderImpl.ParseDocumentContent()
   at System.Xml.XmlTextReaderImpl.Read()
   at System.Xml.XmlTextReader.Read()
   at System.Deployment.Application.ManifestValidatingReader.XmlFilteredReader.Read()
   at System.Xml.XsdValidatingReader.Read()
   at System.Deployment.Application.ManifestReader.FromDocument(String localPath, ManifestType manifestType, Uri sourceUri)
   --- End of inner exception stack trace ---
   at Microsoft.VisualStudio.Tools.Applications.Deployment.ClickOnceAddInDeploymentManager.GetManifests(TimeSpan timeout)
   at Microsoft.VisualStudio.Tools.Applications.Deployment.ClickOnceAddInDeploymentManager.InstallAddIn()


************** Loaded Assemblies **************
mscorlib
    Assembly Version: 2.0.0.0
    Win32 Version: 2.0.50727.8804 (WinRelRS2.050727-8800)
    CodeBase: file:///C:/Windows/Microsoft.NET/Framework/v2.0.50727/mscorlib.dll
----------------------------------------
System.Windows.Forms
    Assembly Version: 2.0.0.0
    Win32 Version: 2.0.50727.8784 (WinRel.050727-8700)
    CodeBase: file:///C:/WINDOWS/assembly/GAC_MSIL/System.Windows.Forms/2.0.0.0__b77a5c561934e089/System.Windows.Forms.dll
----------------------------------------
System
    Assembly Version: 2.0.0.0
    Win32 Version: 2.0.50727.8800 (WinRelRS2.050727-8800)
    CodeBase: file:///C:/WINDOWS/assembly/GAC_MSIL/System/2.0.0.0__b77a5c561934e089/System.dll
----------------------------------------
System.Drawing
    Assembly Version: 2.0.0.0
    Win32 Version: 2.0.50727.8784 (WinRel.050727-8700)
    CodeBase: file:///C:/WINDOWS/assembly/GAC_MSIL/System.Drawing/2.0.0.0__b03f5f7f11d50a3a/System.Drawing.dll
----------------------------------------
System.Configuration
    Assembly Version: 2.0.0.0
    Win32 Version: 2.0.50727.8784 (WinRel.050727-8700)
    CodeBase: file:///C:/WINDOWS/assembly/GAC_MSIL/System.Configuration/2.0.0.0__b03f5f7f11d50a3a/System.Configuration.dll
----------------------------------------
System.Xml
    Assembly Version: 2.0.0.0
    Win32 Version: 2.0.50727.8802 (WinRelRS2.050727-8800)
    CodeBase: file:///C:/WINDOWS/assembly/GAC_MSIL/System.Xml/2.0.0.0__b77a5c561934e089/System.Xml.dll
----------------------------------------
Microsoft.VisualStudio.Tools.Office.Runtime.v10.0
    Assembly Version: 10.0.0.0
    Win32 Version: 10.0.60724.0
    CodeBase: file:///C:/WINDOWS/assembly/GAC_MSIL/Microsoft.VisualStudio.Tools.Office.Runtime.v10.0/10.0.0.0__b03f5f7f11d50a3a/Microsoft.VisualStudio.Tools.Office.Runtime.v10.0.dll
----------------------------------------
System.Core
    Assembly Version: 3.5.0.0
    Win32 Version: 3.5.30729.8795 built by: WinRel
    CodeBase: file:///C:/WINDOWS/assembly/GAC_MSIL/System.Core/3.5.0.0__b77a5c561934e089/System.Core.dll
----------------------------------------
Microsoft.VisualStudio.Tools.Applications.Hosting.v10.0
    Assembly Version: 10.0.0.0
    Win32 Version: 10.0.60724.0
    CodeBase: file:///C:/WINDOWS/assembly/GAC_MSIL/Microsoft.VisualStudio.Tools.Applications.Hosting.v10.0/10.0.0.0__b03f5f7f11d50a3a/Microsoft.VisualStudio.Tools.Applications.Hosting.v10.0.dll
----------------------------------------
System.AddIn
    Assembly Version: 3.5.0.0
    Win32 Version: 3.5.30729.8795 built by: WinRel
    CodeBase: file:///C:/WINDOWS/assembly/GAC_MSIL/System.AddIn/3.5.0.0__b77a5c561934e089/System.AddIn.dll
----------------------------------------
Microsoft.Office.Tools.Outlook.v9.0
    Assembly Version: 9.0.0.0
    Win32 Version: 9.0.30729.7079
    CodeBase: file:///C:/WINDOWS/assembly/GAC_MSIL/Microsoft.Office.Tools.Outlook.v9.0/9.0.0.0__b03f5f7f11d50a3a/Microsoft.Office.Tools.Outlook.v9.0.dll
----------------------------------------
Microsoft.VisualStudio.Tools.Applications.Runtime.v10.0
    Assembly Version: 10.0.0.0
    Win32 Version: 10.0.60724.0
    CodeBase: file:///C:/WINDOWS/assembly/GAC_MSIL/Microsoft.VisualStudio.Tools.Applications.Runtime.v10.0/10.0.0.0__b03f5f7f11d50a3a/Microsoft.VisualStudio.Tools.Applications.Runtime.v10.0.dll
----------------------------------------
System.Deployment
    Assembly Version: 2.0.0.0
    Win32 Version: 2.0.50727.8784 (WinRel.050727-8700)
    CodeBase: file:///C:/WINDOWS/assembly/GAC_MSIL/System.Deployment/2.0.0.0__b03f5f7f11d50a3a/System.Deployment.dll
----------------------------------------
Microsoft.VisualStudio.Tools.Applications.ServerDocument.v10.0
    Assembly Version: 10.0.0.0
    Win32 Version: 10.0.60724.0
    CodeBase: file:///C:/WINDOWS/assembly/GAC_MSIL/Microsoft.VisualStudio.Tools.Applications.ServerDocument.v10.0/10.0.0.0__b03f5f7f11d50a3a/Microsoft.VisualStudio.Tools.Applications.ServerDocument.v10.0.dll
----------------------------------------


"
Information,7/12/2018 10:19:41 AM,Microsoft-Windows-Security-SPP,12288,None,"The client has sent an activation request to the key management service machine.
Info:
0xC0020017, 0x00000000, vmw8su_c_001.corp.premierinc.com:1688, 98e315f1-2e03-4cfa-b026-ef79751044b4, 2018/07/12 16:18, 1, 1, 197444, 73111121-5638-40f6-bc11-f1d7b0d64300, 25"
Information,7/12/2018 10:19:40 AM,Outlook,37,None,Search indexing is being re-enabled for the 'C:\Users\mliu\AppData\Local\Microsoft\Outlook\Mona_Liu@PremierInc.com.ost' Outlook data file.
Information,7/12/2018 10:19:40 AM,Microsoft-Windows-Security-SPP,12288,None,"The client has sent an activation request to the key management service machine.
Info:
0x80072AF9, 0x00000000, vmw7x64off13v11.corp.premierinc.com:1688, 98e315f1-2e03-4cfa-b026-ef79751044b4, 2018/07/12 16:18, 1, 1, 197444, 73111121-5638-40f6-bc11-f1d7b0d64300, 25"
Information,7/12/2018 10:19:40 AM,Microsoft-Windows-Security-SPP,12288,None,"The client has sent an activation request to the key management service machine.
Info:
0xC0020017, 0x00000000, 46494TWINNING-8.corp.premierinc.com:1688, 98e315f1-2e03-4cfa-b026-ef79751044b4, 2018/07/12 16:18, 1, 1, 197444, 73111121-5638-40f6-bc11-f1d7b0d64300, 25"
Information,7/12/2018 10:19:36 AM,Microsoft-Windows-Security-SPP,12288,None,"The client has sent an activation request to the key management service machine.
Info:
0xC0020017, 0x00000000, 46497ALEWIS1-W8.corp.premierinc.com:1688, 98e315f1-2e03-4cfa-b026-ef79751044b4, 2018/07/12 16:18, 1, 1, 197444, 73111121-5638-40f6-bc11-f1d7b0d64300, 25"
Information,7/12/2018 10:19:19 AM,Microsoft-Windows-Security-SPP,12288,None,"The client has sent an activation request to the key management service machine.
Info:
0x8007000D, 0x00000000, c3pigpsdsh2.corp.premierinc.com:1688, 98e315f1-2e03-4cfa-b026-ef79751044b4, 2018/07/12 16:18, 1, 1, 197444, 73111121-5638-40f6-bc11-f1d7b0d64300, 25"
Information,7/12/2018 10:19:19 AM,Microsoft-Windows-Security-SPP,12288,None,"The client has sent an activation request to the key management service machine.
Info:
0xC004F042, 0x00000000, c3pimdt1.corp.premierinc.com:1688, 98e315f1-2e03-4cfa-b026-ef79751044b4, 2018/07/12 16:18, 1, 1, 197444, 73111121-5638-40f6-bc11-f1d7b0d64300, 25"
Information,7/12/2018 10:19:19 AM,Microsoft-Windows-Security-SPP,12288,None,"The client has sent an activation request to the key management service machine.
Info:
0xC0020017, 0x00000000, 46532CSAPP-W8.corp.premierinc.com:1688, 98e315f1-2e03-4cfa-b026-ef79751044b4, 2018/07/12 16:18, 1, 1, 197444, 73111121-5638-40f6-bc11-f1d7b0d64300, 25"
