Level,Date and Time,Source,Event ID,Task Category
Error,7/18/2018 4:51:44 PM,Microsoft-Windows-Perflib,1023,None,Windows cannot load the extensible counter DLL rdyboost. The first four bytes (DWORD) of the Data section contains the Windows error code.
Error,7/18/2018 4:51:41 PM,Microsoft-Windows-Perflib,1017,None,"Disabled performance counter data collection from the ""ASP.NET_64_2.0.50727"" service because the performance counter library for that service has generated one or more errors. The errors that forced this action have been written to the application event log. Correct the errors before enabling the performance counters for this service."
Error,7/18/2018 4:51:41 PM,Microsoft-Windows-Perflib,1022,None,"Windows cannot open the 64-bit extensible counter DLL ASP.NET_64_2.0.50727 in a 32-bit environment. Contact the file vendor to obtain a 32-bit version. Alternatively if you are running a 64-bit native environment, you can open the 64-bit extensible counter DLL by using the 64-bit version of Performance Monitor. To use this tool, open the Windows folder, open the System32 folder, and then start Perfmon.exe."
Information,7/18/2018 4:51:04 PM,Avecto Defendpoint Service,100,None,"Process started with admin rights added to token.  Command Line: ""C:\Users\mliu\Downloads\etwdataviewer_demo\EtwDataViewer.exe""  Process Id: 18388 Parent Process Id: 21760 Workstyle: Privilege Guard.Elevated Admin Application Group: Privilege Guard.ePO-UAC Applications Reason: My application requires admin privileges to run correctly File Name: c:\users\mliu\downloads\etwdataviewer_demo\etwdataviewer.exe Hash: C0599B8510A901959F6B4EF9203AF2C267B33959 Certificate: <None> Description: EtwDataViewer Application Type: exe Product Name: EtwDataViewer Product Code: <None> Upgrade Code: <None> Product Version: 1.0.0.0 File Version: 1.0.0.0 Application Group Description: <None> Workstyle Description: <None> Token Assignment Id: 50b14e1d-e648-4d46-95b9-5e81d9e52c18 Token Assignment Is Shell: false Token Id: f30a3824-27af-4d69-9125-c78e44764ac1 Message Id: 6b5398c7-747d-4f43-a716-af7fec3958ae Token: Add Admin Rights Token Description: <None> Message Name: Privilege Guard.Allow Message (with Reason) Message Description: Confirmation before elevating an application, with reason and re-authentication Unique Process ID: e488276b-b239-4e03-afb7-a847cf72e414 Workstyle ID: 75621e41-e103-4e6b-8bc3-e87962b03ff7 Application Group ID: 9381073e-4e15-4ec9-b327-43b303ae7a65 User SID: S-1-5-21-1223559079-994587851-4263662072-43138 User Name: mliu User Domain SID: S-1-5-21-1223559079-994587851-4263662072 User Domain Name: CORP User Domain Name NetBIOS: CORP Host SID: S-1-5-21-1223559079-994587851-4263662072-125936 Host Name: 45212MLIU-7 Host Name NetBIOS: 45212MLIU-7 Host Domain SID: S-1-5-21-1223559079-994587851-4263662072 Host Domain Name: corp.premierinc.com Host Domain Name NetBIOS: CORP Event ID: 8a973718-ba7b-47fc-9fbc-bb1eafb3f984 Process Start Time: 131764278575906849 Process End Time: 0 Event Time: 131764278575906849 Authorizing User SID: <None> Authorizing User Name: <None> Authorizing User Domain SID: <None> Authorizing User Domain Name: <None> Authorizing User Domain Name NetBios: <None> Client IPV4: <None> Client Name:  <None> UAC Triggered: true File Owner SID: S-1-5-21-1223559079-994587851-4263662072-43138 File Owner Name: mliu File Owner Domain SID: S-1-5-21-1223559079-994587851-4263662072 File Owner Domain Name: CORP File Owner Domain Name NetBIOS: CORP Parent Process Unique ID: <None> Parent Process File Name: <None> COM CLSID: <None> COM AppID: <None> COM Display Name: <None> Source URL: <None> Authorization Challenge: <None> Windows Store App Name: <None> Windows Store App Publisher: <None> Windows Store App Version: <None> Drive Type: Fixed Disk Challenge Response Status: Not Applicable PowerShell Command: <None> Application Workstyle Description: Any UAC Executable Application Workstyle Id: fa15dcaf-cc0c-4ef2-9172-4214c5adaf48 Sandbox Name: <None> Sandbox Definition ID: <None> Sandbox Instance ID: <None> Sandbox User SID: <None> Sandbox User Name: <None> Message Type: Prompt Classification: Private (Local) IE Zone Tag: <None> MD5: 2761C947B5EF776E3D5BC821952EC720"
Information,7/18/2018 4:49:39 PM,Avecto Defendpoint Service,100,None,"Process started with admin rights added to token.  Command Line: ""C:\Users\mliu\Downloads\etwdataviewer_src\EtwDataViewer\bin\Debug\EtwDataViewer.exe""  Process Id: 13292 Parent Process Id: 12168 Workstyle: Privilege Guard.Elevated Admin Application Group: Privilege Guard.ePO-UAC Applications Reason: My application requires admin privileges to run correctly File Name: c:\users\mliu\downloads\etwdataviewer_src\etwdataviewer\bin\debug\etwdataviewer.exe Hash: 180C66FA942113828F8AB59F37E11B91DB83B47B Certificate: <None> Description: EtwDataViewer Application Type: exe Product Name: EtwDataViewer Product Code: <None> Upgrade Code: <None> Product Version: 1.0.0.0 File Version: 1.0.0.0 Application Group Description: <None> Workstyle Description: <None> Token Assignment Id: 50b14e1d-e648-4d46-95b9-5e81d9e52c18 Token Assignment Is Shell: false Token Id: f30a3824-27af-4d69-9125-c78e44764ac1 Message Id: 6b5398c7-747d-4f43-a716-af7fec3958ae Token: Add Admin Rights Token Description: <None> Message Name: Privilege Guard.Allow Message (with Reason) Message Description: Confirmation before elevating an application, with reason and re-authentication Unique Process ID: 3780e87f-15de-4ad8-a287-a992e3a302b6 Workstyle ID: 75621e41-e103-4e6b-8bc3-e87962b03ff7 Application Group ID: 9381073e-4e15-4ec9-b327-43b303ae7a65 User SID: S-1-5-21-1223559079-994587851-4263662072-43138 User Name: mliu User Domain SID: S-1-5-21-1223559079-994587851-4263662072 User Domain Name: CORP User Domain Name NetBIOS: CORP Host SID: S-1-5-21-1223559079-994587851-4263662072-125936 Host Name: 45212MLIU-7 Host Name NetBIOS: 45212MLIU-7 Host Domain SID: S-1-5-21-1223559079-994587851-4263662072 Host Domain Name: corp.premierinc.com Host Domain Name NetBIOS: CORP Event ID: 0798e267-9bd7-452e-bca4-f5d0d01e22d3 Process Start Time: 131764277714379347 Process End Time: 0 Event Time: 131764277714379347 Authorizing User SID: <None> Authorizing User Name: <None> Authorizing User Domain SID: <None> Authorizing User Domain Name: <None> Authorizing User Domain Name NetBios: <None> Client IPV4: <None> Client Name:  <None> UAC Triggered: true File Owner SID: S-1-5-21-1223559079-994587851-4263662072-43138 File Owner Name: mliu File Owner Domain SID: S-1-5-21-1223559079-994587851-4263662072 File Owner Domain Name: CORP File Owner Domain Name NetBIOS: CORP Parent Process Unique ID: <None> Parent Process File Name: <None> COM CLSID: <None> COM AppID: <None> COM Display Name: <None> Source URL: <None> Authorization Challenge: <None> Windows Store App Name: <None> Windows Store App Publisher: <None> Windows Store App Version: <None> Drive Type: Fixed Disk Challenge Response Status: Not Applicable PowerShell Command: <None> Application Workstyle Description: Any UAC Executable Application Workstyle Id: fa15dcaf-cc0c-4ef2-9172-4214c5adaf48 Sandbox Name: <None> Sandbox Definition ID: <None> Sandbox Instance ID: <None> Sandbox User SID: <None> Sandbox User Name: <None> Message Type: Prompt Classification: Private (Local) IE Zone Tag: <None> MD5: BF1D7B167764ABF836214ACCD8C59330"
Information,7/18/2018 4:06:15 PM,Avecto Defendpoint Service,100,None,"Process started with admin rights added to token.  Command Line: ""C:\WINDOWS\system32\eventvwr.exe"" /l:""C:\Users\mliu\Downloads\issue_38.evtx"" Process Id: 24880 Parent Process Id: 21760 Workstyle: Privilege Guard.Elevated Admin Application Group: Privilege Guard.ePO-UAC Applications Reason: My application requires admin privileges to run correctly File Name: c:\windows\system32\eventvwr.exe Hash: 967A4A8C5AE701AB8EA069F45764EB09AF4A89D2 Certificate: Microsoft Windows Description: Event Viewer Snapin Launcher Application Type: exe Product Name: Microsoft® Windows® Operating System Product Code: <None> Upgrade Code: <None> Product Version: 10.0.15063.0 File Version: 10.0.15063.0 (WinBuild.160101.0800) Application Group Description: <None> Workstyle Description: <None> Token Assignment Id: 50b14e1d-e648-4d46-95b9-5e81d9e52c18 Token Assignment Is Shell: false Token Id: f30a3824-27af-4d69-9125-c78e44764ac1 Message Id: 6b5398c7-747d-4f43-a716-af7fec3958ae Token: Add Admin Rights Token Description: <None> Message Name: Privilege Guard.Allow Message (with Reason) Message Description: Confirmation before elevating an application, with reason and re-authentication Unique Process ID: 2db76180-25ad-4f5a-a7a5-61e93130cdc8 Workstyle ID: 75621e41-e103-4e6b-8bc3-e87962b03ff7 Application Group ID: 9381073e-4e15-4ec9-b327-43b303ae7a65 User SID: S-1-5-21-1223559079-994587851-4263662072-43138 User Name: mliu User Domain SID: S-1-5-21-1223559079-994587851-4263662072 User Domain Name: CORP User Domain Name NetBIOS: CORP Host SID: S-1-5-21-1223559079-994587851-4263662072-125936 Host Name: 45212MLIU-7 Host Name NetBIOS: 45212MLIU-7 Host Domain SID: S-1-5-21-1223559079-994587851-4263662072 Host Domain Name: corp.premierinc.com Host Domain Name NetBIOS: CORP Event ID: f1ec416d-5a7d-4e92-82ff-a29e47726526 Process Start Time: 131764251687459415 Process End Time: 0 Event Time: 131764251687459415 Authorizing User SID: <None> Authorizing User Name: <None> Authorizing User Domain SID: <None> Authorizing User Domain Name: <None> Authorizing User Domain Name NetBios: <None> Client IPV4: <None> Client Name:  <None> UAC Triggered: true File Owner SID: S-1-5-80-956008885-3418522649-1831038044-1853292631-2271478464 File Owner Name: TrustedInstaller File Owner Domain SID: S-1-5-80 File Owner Domain Name: NT SERVICE File Owner Domain Name NetBIOS: NT SERVICE Parent Process Unique ID: <None> Parent Process File Name: <None> COM CLSID: <None> COM AppID: <None> COM Display Name: <None> Source URL: <None> Authorization Challenge: <None> Windows Store App Name: <None> Windows Store App Publisher: <None> Windows Store App Version: <None> Drive Type: Fixed Disk Challenge Response Status: Not Applicable PowerShell Command: <None> Application Workstyle Description: Any UAC Executable Application Workstyle Id: fa15dcaf-cc0c-4ef2-9172-4214c5adaf48 Sandbox Name: <None> Sandbox Definition ID: <None> Sandbox Instance ID: <None> Sandbox User SID: <None> Sandbox User Name: <None> Message Type: Prompt Classification: Private (Local) IE Zone Tag: <None> MD5: 6403ED01A26266B2D939088D833E7A44"
Information,7/18/2018 3:29:25 PM,Microsoft-Windows-RestartManager,10001,None,Ending session 11 started ‎2018‎-‎07‎-‎18T21:29:25.894086200Z.
Information,7/18/2018 3:29:25 PM,Microsoft-Windows-RestartManager,10000,None,Starting session 11 - ‎2018‎-‎07‎-‎18T21:29:25.894086200Z.
Information,7/18/2018 3:29:09 PM,Microsoft-Windows-RestartManager,10001,None,Ending session 11 started ‎2018‎-‎07‎-‎18T21:29:09.749589500Z.
Information,7/18/2018 3:29:09 PM,Microsoft-Windows-RestartManager,10000,None,Starting session 11 - ‎2018‎-‎07‎-‎18T21:29:09.749589500Z.
Warning,7/18/2018 2:47:29 PM,Microsoft-Windows-CertificateServicesClient-AutoEnrollment,64,None,Certificate for local system with Thumbprint c3 61 c2 31 d0 73 ec db 79 3f e9 10 64 1d b0 49 50 29 15 be is about to expire or already expired.
Information,7/18/2018 2:45:19 PM,Avecto Defendpoint Service,100,None,"Process started with admin rights added to token.  Command Line: C:\WINDOWS\Explorer.EXE Process Id: 0 Parent Process Id: 0 Workstyle: Privilege Guard.Elevated Admin Application Group: Privilege Guard.ePO-UAC Applications Reason: My application requires admin privileges to run correctly File Name: C:\WINDOWS\system32\windows.storage.dll Hash: 0FC1B336E79E8629BA11717BD3D616C8FF70D7E0 Certificate: Microsoft Windows Description: Microsoft WinRT Storage API Application Type: com Product Name: Microsoft® Windows® Operating System Product Code: <None> Upgrade Code: <None> Product Version: 10.0.15063.0 File Version: 10.0.15063.0 (WinBuild.160101.0800) Application Group Description: <None> Workstyle Description: <None> Token Assignment Id: 50b14e1d-e648-4d46-95b9-5e81d9e52c18 Token Assignment Is Shell: false Token Id: f30a3824-27af-4d69-9125-c78e44764ac1 Message Id: 6b5398c7-747d-4f43-a716-af7fec3958ae Token: Add Admin Rights Token Description: <None> Message Name: Privilege Guard.Allow Message (with Reason) Message Description: Confirmation before elevating an application, with reason and re-authentication Unique Process ID: bf46a017-e062-46a4-b6c2-e92264677566 Workstyle ID: 75621e41-e103-4e6b-8bc3-e87962b03ff7 Application Group ID: 9381073e-4e15-4ec9-b327-43b303ae7a65 User SID: S-1-5-21-1223559079-994587851-4263662072-43138 User Name: mliu User Domain SID: S-1-5-21-1223559079-994587851-4263662072 User Domain Name: CORP User Domain Name NetBIOS: CORP Host SID: S-1-5-21-1223559079-994587851-4263662072-125936 Host Name: 45212MLIU-7 Host Name NetBIOS: 45212MLIU-7 Host Domain SID: S-1-5-21-1223559079-994587851-4263662072 Host Domain Name: corp.premierinc.com Host Domain Name NetBIOS: CORP Event ID: f3d21eb1-0eba-4875-9888-38fb9237dd7a Process Start Time: 131764203139929961 Process End Time: 0 Event Time: 131764203139929961 Authorizing User SID: S-1-5-21-1223559079-994587851-4263662072-43138 Authorizing User Name: mliu Authorizing User Domain SID: S-1-5-21-1223559079-994587851-4263662072 Authorizing User Domain Name: CORP Authorizing User Domain Name NetBios: CORP Client IPV4: <None> Client Name:  <None> UAC Triggered: true File Owner SID: S-1-5-80-956008885-3418522649-1831038044-1853292631-2271478464 File Owner Name: TrustedInstaller File Owner Domain SID: S-1-5-80 File Owner Domain Name: NT SERVICE File Owner Domain Name NetBIOS: NT SERVICE Parent Process Unique ID: <None> Parent Process File Name: <None> COM CLSID: {3AD05575-8857-4850-9277-11B85BDB8E09} COM AppID: {3ad05575-8857-4850-9277-11b85bdb8e09} COM Display Name: File Operation Source URL: <None> Authorization Challenge: <None> Windows Store App Name: <None> Windows Store App Publisher: <None> Windows Store App Version: <None> Drive Type: Fixed Disk Challenge Response Status: Not Applicable PowerShell Command: <None> Application Workstyle Description: Any COM Class Application Workstyle Id: 548c77cc-b03c-49a5-aad9-06a656926a26 Sandbox Name: <None> Sandbox Definition ID: <None> Sandbox Instance ID: <None> Sandbox User SID: <None> Sandbox User Name: <None> Message Type: Prompt Classification: Private (Local) IE Zone Tag: <None> MD5: 484EBDE81D8247C38EB6D946D3831873"
Error,7/18/2018 2:44:11 PM,Microsoft-Windows-Security-SPP,8198,None,"License Activation (slui.exe) failed with the following error code:
hr=0xC004F074
Command-line arguments:
RuleId=502ff3ba-669a-4674-bbb1-601f34a3b968;Action=AutoActivateSilent;AppId=55c92734-d682-4d71-983e-d6ec3f16059f;SkuId=73111121-5638-40f6-bc11-f1d7b0d64300;NotificationInterval=1440;Trigger=NetworkQuarantineRetry"
Information,7/18/2018 2:44:11 PM,Microsoft-Windows-Security-SPP,1003,None,"The Software Protection service has completed licensing status check.
Application Id=55c92734-d682-4d71-983e-d6ec3f16059f
Licensing Status=
1: 040fa323-92b1-4baf-97a2-5b67feaefddb, 1, 0 [(0 [0xC004F014, 0, 0], [(?)(?)(?)(?)(?)(?)(?)(?)])(1 )(2 )(3 )]
2: 0724cb7d-3437-4cb7-93cb-830375d0079d, 1, 0 [(0 [0xC004F014, 0, 0], [(?)(?)(?)(?)(?)(?)(?)(?)])(1 )(2 )(3 )]
3: 221a02da-e2a1-4b75-864c-0a4410a33fdf, 1, 0 [(0 [0xC004F014, 0, 0], [(?)(?)(?)(?)(?)(?)(?)(?)])(1 )(2 )(3 )]
4: 2c293c26-a45a-4a2a-a350-c69a67097529, 1, 0 [(0 [0xC004F014, 0, 0], [(?)(?)(?)(?)(?)(?)(?)(?)])(1 )(2 )(3 )]
5: 2de67392-b7a7-462a-b1ca-108dd189f588, 1, 0 [(0 [0xC004F014, 0, 0], [(?)(?)(?)(?)(?)(?)(?)(?)])(1 )(2 )(3 )]
6: 2ffd8952-423e-4903-b993-72a1aa44cf82, 1, 0 [(0 [0xC004F014, 0, 0], [(?)(?)(?)(?)(?)(?)(?)(?)])(1 )(2 )(3 )]
7: 30a42c86-b7a0-4a34-8c90-ff177cb2acb7, 1, 0 [(0 [0xC004F014, 0, 0], [(?)(?)(?)(?)(?)(?)(?)(?)])(1 )(2 )(3 )]
8: 345a5db0-d94f-4e3b-a0c0-7c42f7bc3ebf, 1, 0 [(0 [0xC004F014, 0, 0], [(?)(?)(?)(?)(?)(?)(?)(?)])(1 )(2 )(3 )]
9: 377333b1-8b5d-48d6-9679-1225c872d37c, 1, 0 [(0 [0xC004F014, 0, 0], [(?)(?)(?)(?)(?)(?)(?)(?)])(1 )(2 )(3 )]
10: 3df374ef-d444-4494-a5a1-4b0d9fd0e203, 1, 0 [(0 [0xC004F014, 0, 0], [(?)(?)(?)(?)(?)(?)(?)(?)])(1 )(2 )(3 )]
11: 3f1afc82-f8ac-4f6c-8005-1d233e606eee, 1, 0 [(0 [0xC004F014, 0, 0], [(?)(?)(?)(?)(?)(?)(?)(?)])(1 )(2 )(3 )]
12: 49cd895b-53b2-4dc4-a5f7-b18aa019ad37, 1, 0 [(0 [0xC004F014, 0, 0], [(?)(?)(?)(?)(?)(?)(?)(?)])(1 )(2 )(3 )]
13: 4de7cb65-cdf1-4de9-8ae8-e3cce27b9f2c, 1, 0 [(0 [0xC004F014, 0, 0], [(?)(?)(?)(?)(?)(?)(?)(?)])(1 )(2 )(3 )]
14: 4f3da0d2-271d-4508-ae81-626b60809a38, 1, 0 [(0 [0xC004F014, 0, 0], [(?)(?)(?)(?)(?)(?)(?)(?)])(1 )(2 )(3 )]
15: 613d217f-7f13-4268-9907-1662339531cd, 1, 0 [(0 [0xC004F014, 0, 0], [(?)(?)(?)(?)(?)(?)(?)(?)])(1 )(2 )(3 )]
16: 62f0c100-9c53-4e02-b886-a3528ddfe7f6, 1, 0 [(0 [0xC004F014, 0, 0], [(?)(?)(?)(?)(?)(?)(?)(?)])(1 )(2 )(3 )]
17: 73111121-5638-40f6-bc11-f1d7b0d64300, 1, 1 [(0 [0x00000000, 1, 0], [(?)( 1 0x00000000)(?)( 2 0x00000000 0 0 msft:rm/algorithm/volume/1.0 0x00000000 188538)(?)(?)( 10 0x00000000 msft:rm/algorithm/flags/1.0)(?)])(1 )(2 )(3 )]
18: 7a802526-4c94-4bd1-ba14-835a1aca2120, 1, 0 [(0 [0xC004F014, 0, 0], [(?)(?)(?)(?)(?)(?)(?)(?)])(1 )(2 )(3 )]
19: 7cb546c0-c7d5-44d8-9a5c-69ecdd782b69, 1, 0 [(0 [0xC004F014, 0, 0], [(?)(?)(?)(?)(?)(?)(?)(?)])(1 )(2 )(3 )]
20: 8b351c9c-f398-4515-9900-09df49427262, 1, 0 [(0 [0xC004F014, 0, 0], [(?)(?)(?)(?)(?)(?)(?)(?)])(1 )(2 )(3 )]
21: b0773a15-df3a-4312-9ad2-83d69648e356, 1, 0 [(0 [0xC004F014, 0, 0], [(?)(?)(?)(?)(?)(?)(?)(?)])(1 )(2 )(3 )]
22: bd3762d7-270d-4760-8fb3-d829ca45278a, 1, 0 [(0 [0xC004F014, 0, 0], [(?)(?)(?)(?)(?)(?)(?)(?)])(1 )(2 )(3 )]
23: c86d5194-4840-4dae-9c1c-0301003a5ab0, 1, 0 [(0 [0xC004F014, 0, 0], [(?)(?)(?)(?)(?)(?)(?)(?)])(1 )(2 )(3 )]
24: d552befb-48cc-4327-8f39-47d2d94f987c, 1, 0 [(0 [0xC004F014, 0, 0], [(?)(?)(?)(?)(?)(?)(?)(?)])(1 )(2 )(3 )]
25: d6eadb3b-5ca8-4a6b-986e-35b550756111, 1, 0 [(0 [0xC004F014, 0, 0], [(?)(?)(?)(?)(?)(?)(?)(?)])(1 )(2 )(3 )]
26: e7a950a2-e548-4f10-bf16-02ec848e0643, 1, 0 [(0 [0xC004F014, 0, 0], [(?)(?)(?)(?)(?)(?)(?)(?)])(1 )(2 )(3 )]
27: ef51e000-2659-4f25-8345-3de70a9cf4c4, 1, 0 [(0 [0xC004F014, 0, 0], [(?)(?)(?)(?)(?)(?)(?)(?)])(1 )(2 )(3 )]
28: fe74f55b-0338-41d6-b267-4a201abe7285, 1, 0 [(0 [0xC004F014, 0, 0], [(?)(?)(?)(?)(?)(?)(?)(?)])(1 )(2 )(3 )]

"
Information,7/18/2018 2:44:11 PM,Microsoft-Windows-Security-SPP,1003,None,"The Software Protection service has completed licensing status check.
Application Id=55c92734-d682-4d71-983e-d6ec3f16059f
Licensing Status=
1: 040fa323-92b1-4baf-97a2-5b67feaefddb, 1, 0 [(0 [0xC004F014, 0, 0], [(?)(?)(?)(?)(?)(?)(?)(?)])(1 )(2 )(3 )]
2: 0724cb7d-3437-4cb7-93cb-830375d0079d, 1, 0 [(0 [0xC004F014, 0, 0], [(?)(?)(?)(?)(?)(?)(?)(?)])(1 )(2 )(3 )]
3: 221a02da-e2a1-4b75-864c-0a4410a33fdf, 1, 0 [(0 [0xC004F014, 0, 0], [(?)(?)(?)(?)(?)(?)(?)(?)])(1 )(2 )(3 )]
4: 2c293c26-a45a-4a2a-a350-c69a67097529, 1, 0 [(0 [0xC004F014, 0, 0], [(?)(?)(?)(?)(?)(?)(?)(?)])(1 )(2 )(3 )]
5: 2de67392-b7a7-462a-b1ca-108dd189f588, 1, 0 [(0 [0xC004F014, 0, 0], [(?)(?)(?)(?)(?)(?)(?)(?)])(1 )(2 )(3 )]
6: 2ffd8952-423e-4903-b993-72a1aa44cf82, 1, 0 [(0 [0xC004F014, 0, 0], [(?)(?)(?)(?)(?)(?)(?)(?)])(1 )(2 )(3 )]
7: 30a42c86-b7a0-4a34-8c90-ff177cb2acb7, 1, 0 [(0 [0xC004F014, 0, 0], [(?)(?)(?)(?)(?)(?)(?)(?)])(1 )(2 )(3 )]
8: 345a5db0-d94f-4e3b-a0c0-7c42f7bc3ebf, 1, 0 [(0 [0xC004F014, 0, 0], [(?)(?)(?)(?)(?)(?)(?)(?)])(1 )(2 )(3 )]
9: 377333b1-8b5d-48d6-9679-1225c872d37c, 1, 0 [(0 [0xC004F014, 0, 0], [(?)(?)(?)(?)(?)(?)(?)(?)])(1 )(2 )(3 )]
10: 3df374ef-d444-4494-a5a1-4b0d9fd0e203, 1, 0 [(0 [0xC004F014, 0, 0], [(?)(?)(?)(?)(?)(?)(?)(?)])(1 )(2 )(3 )]
11: 3f1afc82-f8ac-4f6c-8005-1d233e606eee, 1, 0 [(0 [0xC004F014, 0, 0], [(?)(?)(?)(?)(?)(?)(?)(?)])(1 )(2 )(3 )]
12: 49cd895b-53b2-4dc4-a5f7-b18aa019ad37, 1, 0 [(0 [0xC004F014, 0, 0], [(?)(?)(?)(?)(?)(?)(?)(?)])(1 )(2 )(3 )]
13: 4de7cb65-cdf1-4de9-8ae8-e3cce27b9f2c, 1, 0 [(0 [0xC004F014, 0, 0], [(?)(?)(?)(?)(?)(?)(?)(?)])(1 )(2 )(3 )]
14: 4f3da0d2-271d-4508-ae81-626b60809a38, 1, 0 [(0 [0xC004F014, 0, 0], [(?)(?)(?)(?)(?)(?)(?)(?)])(1 )(2 )(3 )]
15: 613d217f-7f13-4268-9907-1662339531cd, 1, 0 [(0 [0xC004F014, 0, 0], [(?)(?)(?)(?)(?)(?)(?)(?)])(1 )(2 )(3 )]
16: 62f0c100-9c53-4e02-b886-a3528ddfe7f6, 1, 0 [(0 [0xC004F014, 0, 0], [(?)(?)(?)(?)(?)(?)(?)(?)])(1 )(2 )(3 )]
17: 73111121-5638-40f6-bc11-f1d7b0d64300, 1, 1 [(0 [0x00000000, 1, 0], [(?)( 1 0x00000000)(?)( 2 0x00000000 0 0 msft:rm/algorithm/volume/1.0 0x00000000 188538)(?)(?)( 10 0x00000000 msft:rm/algorithm/flags/1.0)(?)])(1 )(2 )(3 )]
18: 7a802526-4c94-4bd1-ba14-835a1aca2120, 1, 0 [(0 [0xC004F014, 0, 0], [(?)(?)(?)(?)(?)(?)(?)(?)])(1 )(2 )(3 )]
19: 7cb546c0-c7d5-44d8-9a5c-69ecdd782b69, 1, 0 [(0 [0xC004F014, 0, 0], [(?)(?)(?)(?)(?)(?)(?)(?)])(1 )(2 )(3 )]
20: 8b351c9c-f398-4515-9900-09df49427262, 1, 0 [(0 [0xC004F014, 0, 0], [(?)(?)(?)(?)(?)(?)(?)(?)])(1 )(2 )(3 )]
21: b0773a15-df3a-4312-9ad2-83d69648e356, 1, 0 [(0 [0xC004F014, 0, 0], [(?)(?)(?)(?)(?)(?)(?)(?)])(1 )(2 )(3 )]
22: bd3762d7-270d-4760-8fb3-d829ca45278a, 1, 0 [(0 [0xC004F014, 0, 0], [(?)(?)(?)(?)(?)(?)(?)(?)])(1 )(2 )(3 )]
23: c86d5194-4840-4dae-9c1c-0301003a5ab0, 1, 0 [(0 [0xC004F014, 0, 0], [(?)(?)(?)(?)(?)(?)(?)(?)])(1 )(2 )(3 )]
24: d552befb-48cc-4327-8f39-47d2d94f987c, 1, 0 [(0 [0xC004F014, 0, 0], [(?)(?)(?)(?)(?)(?)(?)(?)])(1 )(2 )(3 )]
25: d6eadb3b-5ca8-4a6b-986e-35b550756111, 1, 0 [(0 [0xC004F014, 0, 0], [(?)(?)(?)(?)(?)(?)(?)(?)])(1 )(2 )(3 )]
26: e7a950a2-e548-4f10-bf16-02ec848e0643, 1, 0 [(0 [0xC004F014, 0, 0], [(?)(?)(?)(?)(?)(?)(?)(?)])(1 )(2 )(3 )]
27: ef51e000-2659-4f25-8345-3de70a9cf4c4, 1, 0 [(0 [0xC004F014, 0, 0], [(?)(?)(?)(?)(?)(?)(?)(?)])(1 )(2 )(3 )]
28: fe74f55b-0338-41d6-b267-4a201abe7285, 1, 0 [(0 [0xC004F014, 0, 0], [(?)(?)(?)(?)(?)(?)(?)(?)])(1 )(2 )(3 )]

"
Information,7/18/2018 2:44:10 PM,Microsoft-Windows-Security-SPP,12288,None,"The client has sent an activation request to the key management service machine.
Info:
0x80072AF9, 0x00000000, vmw7x64off13v11.corp.premierinc.com:1688, 98e315f1-2e03-4cfa-b026-ef79751044b4, 2018/07/18 20:41, 1, 1, 188540, 73111121-5638-40f6-bc11-f1d7b0d64300, 25"
Information,7/18/2018 2:44:10 PM,Microsoft-Windows-Security-SPP,12288,None,"The client has sent an activation request to the key management service machine.
Info:
0xC0020017, 0x00000000, 46497ALEWIS1-W8.corp.premierinc.com:1688, 98e315f1-2e03-4cfa-b026-ef79751044b4, 2018/07/18 20:41, 1, 1, 188540, 73111121-5638-40f6-bc11-f1d7b0d64300, 25"
Information,7/18/2018 2:44:01 PM,Avecto Defendpoint Service,100,None,"Process started with admin rights added to token.  Command Line: ""C:\WINDOWS\system32\eventvwr.exe"" /l:""C:\Windows\System32\winevt\Logs\Application.evtx"" Process Id: 7332 Parent Process Id: 21760 Workstyle: Privilege Guard.Elevated Admin Application Group: Privilege Guard.ePO-UAC Applications Reason: My application requires admin privileges to run correctly File Name: c:\windows\system32\eventvwr.exe Hash: 967A4A8C5AE701AB8EA069F45764EB09AF4A89D2 Certificate: Microsoft Windows Description: Event Viewer Snapin Launcher Application Type: exe Product Name: Microsoft® Windows® Operating System Product Code: <None> Upgrade Code: <None> Product Version: 10.0.15063.0 File Version: 10.0.15063.0 (WinBuild.160101.0800) Application Group Description: <None> Workstyle Description: <None> Token Assignment Id: 50b14e1d-e648-4d46-95b9-5e81d9e52c18 Token Assignment Is Shell: false Token Id: f30a3824-27af-4d69-9125-c78e44764ac1 Message Id: 6b5398c7-747d-4f43-a716-af7fec3958ae Token: Add Admin Rights Token Description: <None> Message Name: Privilege Guard.Allow Message (with Reason) Message Description: Confirmation before elevating an application, with reason and re-authentication Unique Process ID: dfac733f-9646-4a18-a818-8200f9c25029 Workstyle ID: 75621e41-e103-4e6b-8bc3-e87962b03ff7 Application Group ID: 9381073e-4e15-4ec9-b327-43b303ae7a65 User SID: S-1-5-21-1223559079-994587851-4263662072-43138 User Name: mliu User Domain SID: S-1-5-21-1223559079-994587851-4263662072 User Domain Name: CORP User Domain Name NetBIOS: CORP Host SID: S-1-5-21-1223559079-994587851-4263662072-125936 Host Name: 45212MLIU-7 Host Name NetBIOS: 45212MLIU-7 Host Domain SID: S-1-5-21-1223559079-994587851-4263662072 Host Domain Name: corp.premierinc.com Host Domain Name NetBIOS: CORP Event ID: 856b42b4-21bf-4d48-9158-aee8ea4d4cdc Process Start Time: 131764202355535620 Process End Time: 0 Event Time: 131764202355535620 Authorizing User SID: <None> Authorizing User Name: <None> Authorizing User Domain SID: <None> Authorizing User Domain Name: <None> Authorizing User Domain Name NetBios: <None> Client IPV4: <None> Client Name:  <None> UAC Triggered: true File Owner SID: S-1-5-80-956008885-3418522649-1831038044-1853292631-2271478464 File Owner Name: TrustedInstaller File Owner Domain SID: S-1-5-80 File Owner Domain Name: NT SERVICE File Owner Domain Name NetBIOS: NT SERVICE Parent Process Unique ID: <None> Parent Process File Name: <None> COM CLSID: <None> COM AppID: <None> COM Display Name: <None> Source URL: <None> Authorization Challenge: <None> Windows Store App Name: <None> Windows Store App Publisher: <None> Windows Store App Version: <None> Drive Type: Fixed Disk Challenge Response Status: Not Applicable PowerShell Command: <None> Application Workstyle Description: Any UAC Executable Application Workstyle Id: fa15dcaf-cc0c-4ef2-9172-4214c5adaf48 Sandbox Name: <None> Sandbox Definition ID: <None> Sandbox Instance ID: <None> Sandbox User SID: <None> Sandbox User Name: <None> Message Type: Prompt Classification: Private (Local) IE Zone Tag: <None> MD5: 6403ED01A26266B2D939088D833E7A44"
Information,7/18/2018 2:43:49 PM,Microsoft-Windows-Security-SPP,12288,None,"The client has sent an activation request to the key management service machine.
Info:
0x80072AF9, 0x00000000, vmw8su_name.corp.premierinc.com:1688, 98e315f1-2e03-4cfa-b026-ef79751044b4, 2018/07/18 20:41, 1, 1, 188540, 73111121-5638-40f6-bc11-f1d7b0d64300, 25"
Information,7/18/2018 2:43:49 PM,Microsoft-Windows-Security-SPP,12288,None,"The client has sent an activation request to the key management service machine.
Info:
0xC0020017, 0x00000000, 46533DOKELLEY-8.corp.premierinc.com:1688, 98e315f1-2e03-4cfa-b026-ef79751044b4, 2018/07/18 20:41, 1, 1, 188540, 73111121-5638-40f6-bc11-f1d7b0d64300, 25"
Information,7/18/2018 2:43:28 PM,Microsoft-Windows-Security-SPP,12288,None,"The client has sent an activation request to the key management service machine.
Info:
0x80072AF9, 0x00000000, vmw8redstone01.corp.premierinc.com:1688, 98e315f1-2e03-4cfa-b026-ef79751044b4, 2018/07/18 20:41, 1, 1, 188540, 73111121-5638-40f6-bc11-f1d7b0d64300, 25"
Information,7/18/2018 2:43:28 PM,Microsoft-Windows-Security-SPP,12288,None,"The client has sent an activation request to the key management service machine.
Info:
0xC0020017, 0x00000000, 46534NSMITH2-8.corp.premierinc.com:1688, 98e315f1-2e03-4cfa-b026-ef79751044b4, 2018/07/18 20:41, 1, 1, 188540, 73111121-5638-40f6-bc11-f1d7b0d64300, 25"
Information,7/18/2018 2:43:07 PM,Microsoft-Windows-Security-SPP,12288,None,"The client has sent an activation request to the key management service machine.
Info:
0xC0020017, 0x00000000, 46499FMAHONEY-8.corp.premierinc.com:1688, 98e315f1-2e03-4cfa-b026-ef79751044b4, 2018/07/18 20:41, 1, 1, 188540, 73111121-5638-40f6-bc11-f1d7b0d64300, 25"
Error,7/18/2018 2:42:50 PM,VSTO 4.0,4096,None,"Customization URI: file:///C:/Program Files (x86)/Common Files/Microsoft Shared/VSTA/Pipeline.v10.0/PipelineSegments.store
Exception: Exception reading manifest from file:///C:/Program%20Files%20(x86)/Common%20Files/Microsoft%20Shared/VSTA/Pipeline.v10.0/PipelineSegments.store: the manifest may not be valid or the file could not be opened.


************** Exception Text **************
System.Deployment.Application.InvalidDeploymentException: Exception reading manifest from file:///C:/Program%20Files%20(x86)/Common%20Files/Microsoft%20Shared/VSTA/Pipeline.v10.0/PipelineSegments.store: the manifest may not be valid or the file could not be opened. ---> System.Xml.XmlException: '', hexadecimal value 0x01, is an invalid character. Line 1, position 1.
   at System.Xml.XmlTextReaderImpl.Throw(Exception e)
   at System.Xml.XmlTextReaderImpl.Throw(String res, String[] args)
   at System.Xml.XmlTextReaderImpl.Throw(Int32 pos, String res, String[] args)
   at System.Xml.XmlTextReaderImpl.ThrowInvalidChar(Int32 pos, Char invChar)
   at System.Xml.XmlTextReaderImpl.ParseRootLevelWhitespace()
   at System.Xml.XmlTextReaderImpl.ParseDocumentContent()
   at System.Xml.XmlTextReaderImpl.Read()
   at System.Xml.XmlTextReader.Read()
   at System.Deployment.Application.ManifestValidatingReader.XmlFilteredReader.Read()
   at System.Xml.XsdValidatingReader.Read()
   at System.Deployment.Application.ManifestReader.FromDocument(String localPath, ManifestType manifestType, Uri sourceUri)
   --- End of inner exception stack trace ---
   at Microsoft.VisualStudio.Tools.Applications.Deployment.ClickOnceAddInDeploymentManager.GetManifests(TimeSpan timeout)
   at Microsoft.VisualStudio.Tools.Applications.Deployment.ClickOnceAddInDeploymentManager.InstallAddIn()


************** Loaded Assemblies **************
mscorlib
    Assembly Version: 2.0.0.0
    Win32 Version: 2.0.50727.8804 (WinRelRS2.050727-8800)
    CodeBase: file:///C:/Windows/Microsoft.NET/Framework/v2.0.50727/mscorlib.dll
----------------------------------------
Microsoft.VisualStudio.Tools.Office.Runtime.v10.0
    Assembly Version: 10.0.0.0
    Win32 Version: 10.0.60724.0
    CodeBase: file:///C:/WINDOWS/assembly/GAC_MSIL/Microsoft.VisualStudio.Tools.Office.Runtime.v10.0/10.0.0.0__b03f5f7f11d50a3a/Microsoft.VisualStudio.Tools.Office.Runtime.v10.0.dll
----------------------------------------
System
    Assembly Version: 2.0.0.0
    Win32 Version: 2.0.50727.8800 (WinRelRS2.050727-8800)
    CodeBase: file:///C:/WINDOWS/assembly/GAC_MSIL/System/2.0.0.0__b77a5c561934e089/System.dll
----------------------------------------
System.Core
    Assembly Version: 3.5.0.0
    Win32 Version: 3.5.30729.8795 built by: WinRel
    CodeBase: file:///C:/WINDOWS/assembly/GAC_MSIL/System.Core/3.5.0.0__b77a5c561934e089/System.Core.dll
----------------------------------------
System.Configuration
    Assembly Version: 2.0.0.0
    Win32 Version: 2.0.50727.8784 (WinRel.050727-8700)
    CodeBase: file:///C:/WINDOWS/assembly/GAC_MSIL/System.Configuration/2.0.0.0__b03f5f7f11d50a3a/System.Configuration.dll
----------------------------------------
System.Xml
    Assembly Version: 2.0.0.0
    Win32 Version: 2.0.50727.8802 (WinRelRS2.050727-8800)
    CodeBase: file:///C:/WINDOWS/assembly/GAC_MSIL/System.Xml/2.0.0.0__b77a5c561934e089/System.Xml.dll
----------------------------------------
Microsoft.VisualStudio.Tools.Applications.Hosting.v10.0
    Assembly Version: 10.0.0.0
    Win32 Version: 10.0.60724.0
    CodeBase: file:///C:/WINDOWS/assembly/GAC_MSIL/Microsoft.VisualStudio.Tools.Applications.Hosting.v10.0/10.0.0.0__b03f5f7f11d50a3a/Microsoft.VisualStudio.Tools.Applications.Hosting.v10.0.dll
----------------------------------------
System.AddIn
    Assembly Version: 3.5.0.0
    Win32 Version: 3.5.30729.8795 built by: WinRel
    CodeBase: file:///C:/WINDOWS/assembly/GAC_MSIL/System.AddIn/3.5.0.0__b77a5c561934e089/System.AddIn.dll
----------------------------------------
Microsoft.Office.Tools.Outlook.v9.0
    Assembly Version: 9.0.0.0
    Win32 Version: 9.0.30729.7079
    CodeBase: file:///C:/WINDOWS/assembly/GAC_MSIL/Microsoft.Office.Tools.Outlook.v9.0/9.0.0.0__b03f5f7f11d50a3a/Microsoft.Office.Tools.Outlook.v9.0.dll
----------------------------------------
Microsoft.VisualStudio.Tools.Applications.Runtime.v10.0
    Assembly Version: 10.0.0.0
    Win32 Version: 10.0.60724.0
    CodeBase: file:///C:/WINDOWS/assembly/GAC_MSIL/Microsoft.VisualStudio.Tools.Applications.Runtime.v10.0/10.0.0.0__b03f5f7f11d50a3a/Microsoft.VisualStudio.Tools.Applications.Runtime.v10.0.dll
----------------------------------------
System.Windows.Forms
    Assembly Version: 2.0.0.0
    Win32 Version: 2.0.50727.8784 (WinRel.050727-8700)
    CodeBase: file:///C:/WINDOWS/assembly/GAC_MSIL/System.Windows.Forms/2.0.0.0__b77a5c561934e089/System.Windows.Forms.dll
----------------------------------------
System.Drawing
    Assembly Version: 2.0.0.0
    Win32 Version: 2.0.50727.8784 (WinRel.050727-8700)
    CodeBase: file:///C:/WINDOWS/assembly/GAC_MSIL/System.Drawing/2.0.0.0__b03f5f7f11d50a3a/System.Drawing.dll
----------------------------------------
System.Deployment
    Assembly Version: 2.0.0.0
    Win32 Version: 2.0.50727.8784 (WinRel.050727-8700)
    CodeBase: file:///C:/WINDOWS/assembly/GAC_MSIL/System.Deployment/2.0.0.0__b03f5f7f11d50a3a/System.Deployment.dll
----------------------------------------
Microsoft.VisualStudio.Tools.Applications.ServerDocument.v10.0
    Assembly Version: 10.0.0.0
    Win32 Version: 10.0.60724.0
    CodeBase: file:///C:/WINDOWS/assembly/GAC_MSIL/Microsoft.VisualStudio.Tools.Applications.ServerDocument.v10.0/10.0.0.0__b03f5f7f11d50a3a/Microsoft.VisualStudio.Tools.Applications.ServerDocument.v10.0.dll
----------------------------------------


"
Information,7/18/2018 2:42:46 PM,Microsoft-Windows-Security-SPP,12288,None,"The client has sent an activation request to the key management service machine.
Info:
0xC004F042, 0x00000000, c2pieposcan2.corp.premierinc.com:1688, 98e315f1-2e03-4cfa-b026-ef79751044b4, 2018/07/18 20:41, 1, 1, 188540, 73111121-5638-40f6-bc11-f1d7b0d64300, 25"
Information,7/18/2018 2:42:46 PM,Microsoft-Windows-Security-SPP,12288,None,"The client has sent an activation request to the key management service machine.
Info:
0x80072AF9, 0x00000000, vmw8redstone03.corp.premierinc.com:1688, 98e315f1-2e03-4cfa-b026-ef79751044b4, 2018/07/18 20:41, 1, 1, 188540, 73111121-5638-40f6-bc11-f1d7b0d64300, 25"
Information,7/18/2018 2:42:46 PM,Microsoft-Windows-Security-SPP,12288,None,"The client has sent an activation request to the key management service machine.
Info:
0x80072AF9, 0x00000000, vmW7x64Off10v11.corp.premierinc.com:1688, 98e315f1-2e03-4cfa-b026-ef79751044b4, 2018/07/18 20:41, 1, 1, 188540, 73111121-5638-40f6-bc11-f1d7b0d64300, 25"
Information,7/18/2018 2:42:46 PM,Microsoft-Windows-Security-SPP,12288,None,"The client has sent an activation request to the key management service machine.
Info:
0xC0020017, 0x00000000, 46500RKISSICK-8.corp.premierinc.com:1688, 98e315f1-2e03-4cfa-b026-ef79751044b4, 2018/07/18 20:41, 1, 1, 188540, 73111121-5638-40f6-bc11-f1d7b0d64300, 25"
Information,7/18/2018 2:42:25 PM,Microsoft-Windows-Security-SPP,12288,None,"The client has sent an activation request to the key management service machine.
Info:
0xC0020017, 0x00000000, vmw8su_c_001.corp.premierinc.com:1688, 98e315f1-2e03-4cfa-b026-ef79751044b4, 2018/07/18 20:41, 1, 1, 188540, 73111121-5638-40f6-bc11-f1d7b0d64300, 25"
Information,7/18/2018 2:42:24 PM,Microsoft-Windows-Security-SPP,12288,None,"The client has sent an activation request to the key management service machine.
Info:
0xC004F042, 0x00000000, c3piadmin1.corp.premierinc.com:1688, 98e315f1-2e03-4cfa-b026-ef79751044b4, 2018/07/18 20:41, 1, 1, 188540, 73111121-5638-40f6-bc11-f1d7b0d64300, 25"
Information,7/18/2018 2:42:23 PM,Microsoft-Windows-Security-SPP,12288,None,"The client has sent an activation request to the key management service machine.
Info:
0xC0020017, 0x00000000, 46532CSAPP-W8.corp.premierinc.com:1688, 98e315f1-2e03-4cfa-b026-ef79751044b4, 2018/07/18 20:41, 1, 1, 188540, 73111121-5638-40f6-bc11-f1d7b0d64300, 25"
Information,7/18/2018 2:42:02 PM,Microsoft-Windows-Security-SPP,12288,None,"The client has sent an activation request to the key management service machine.
Info:
0x80072AF9, 0x00000000, vmw8su_c_01.corp.premierinc.com:1688, 98e315f1-2e03-4cfa-b026-ef79751044b4, 2018/07/18 20:41, 1, 1, 188540, 73111121-5638-40f6-bc11-f1d7b0d64300, 25"
Information,7/18/2018 2:42:02 PM,Microsoft-Windows-Security-SPP,12288,None,"The client has sent an activation request to the key management service machine.
Info:
0x8007000D, 0x00000000, c3pigpsdsh2.corp.premierinc.com:1688, 98e315f1-2e03-4cfa-b026-ef79751044b4, 2018/07/18 20:41, 1, 1, 188540, 73111121-5638-40f6-bc11-f1d7b0d64300, 25"
Information,7/18/2018 2:42:02 PM,Microsoft-Windows-Security-SPP,12288,None,"The client has sent an activation request to the key management service machine.
Info:
0xC004F042, 0x00000000, c3pimdt1.corp.premierinc.com:1688, 98e315f1-2e03-4cfa-b026-ef79751044b4, 2018/07/18 20:41, 1, 1, 188540, 73111121-5638-40f6-bc11-f1d7b0d64300, 25"
Information,7/18/2018 2:42:02 PM,Microsoft-Windows-Security-SPP,12288,None,"The client has sent an activation request to the key management service machine.
Info:
0xC0020017, 0x00000000, 46494TWINNING-8.corp.premierinc.com:1688, 98e315f1-2e03-4cfa-b026-ef79751044b4, 2018/07/18 20:41, 1, 1, 188540, 73111121-5638-40f6-bc11-f1d7b0d64300, 25"
Information,7/18/2018 2:41:37 PM,Microsoft-Windows-Security-SPP,12288,None,"The client has sent an activation request to the key management service machine.
Info:
0xC0020017, 0x00000000, 46533dokelley-8.corp.premierinc.com:1688, 98e315f1-2e03-4cfa-b026-ef79751044b4, 2018/07/18 20:39, 1, 1, 188543, 73111121-5638-40f6-bc11-f1d7b0d64300, 25"
Information,7/18/2018 2:41:16 PM,Microsoft-Windows-Security-SPP,12288,None,"The client has sent an activation request to the key management service machine.
Info:
0xC004F042, 0x00000000, c3pimdt1.corp.premierinc.com:1688, 98e315f1-2e03-4cfa-b026-ef79751044b4, 2018/07/18 20:39, 1, 1, 188543, 73111121-5638-40f6-bc11-f1d7b0d64300, 25"
Information,7/18/2018 2:41:16 PM,Microsoft-Windows-Security-SPP,12288,None,"The client has sent an activation request to the key management service machine.
Info:
0x80072AF9, 0x00000000, vmw7x64off10v11.corp.premierinc.com:1688, 98e315f1-2e03-4cfa-b026-ef79751044b4, 2018/07/18 20:39, 1, 1, 188543, 73111121-5638-40f6-bc11-f1d7b0d64300, 25"
Information,7/18/2018 2:41:16 PM,Microsoft-Windows-Security-SPP,12288,None,"The client has sent an activation request to the key management service machine.
Info:
0xC004F042, 0x00000000, c3piadmin1.corp.premierinc.com:1688, 98e315f1-2e03-4cfa-b026-ef79751044b4, 2018/07/18 20:39, 1, 1, 188543, 73111121-5638-40f6-bc11-f1d7b0d64300, 25"
Information,7/18/2018 2:41:15 PM,Microsoft-Windows-Security-SPP,12288,None,"The client has sent an activation request to the key management service machine.
Info:
0xC0020017, 0x00000000, 46500rkissick-8.corp.premierinc.com:1688, 98e315f1-2e03-4cfa-b026-ef79751044b4, 2018/07/18 20:39, 1, 1, 188543, 73111121-5638-40f6-bc11-f1d7b0d64300, 25"
Information,7/18/2018 2:41:02 PM,Outlook,45,None,Outlook loaded the following add-in(s):


Name: WebEx Productivity Tools
Description: ATLCOM Outlook Addin
ProgID: WebExOI.Addin
GUID: {EA47D2DE-76CC-4138-97FF-A62F9D28A341}
Load Behavior: 3
HKLM: 1
Location: C:\Program Files (x86)\WebEx\Productivity Tools\ptolkadd.dll
Boot Time (Milliseconds): 2672

Name: Defendpoint Outlook Add-in
Description: Defendpoint Outlook Add-in
ProgID: PGOutlookAddin.Connect
GUID: {420A649C-3BF0-4CFD-AFA2-8F0445AA56EA}
Load Behavior: 3
HKLM: 1
Location: C:\Program Files (x86)\Avecto\Privilege Guard Client\PGOutlookAddin.dll
Boot Time (Milliseconds): 547

Name: DataMotion Secure Email
Description: DataMotion Secure Email Outlook COM Addin
ProgID: DataMotion.Connect
GUID: {68E1A70A-B1DC-4BEA-9B48-B35CED4B4752}
Load Behavior: 3
HKLM: 1
Location: C:\Program Files (x86)\DataMotion\SecureMail\DataMotionShim.dll
Boot Time (Milliseconds): 44094

Information,7/18/2018 2:41:00 PM,Microsoft-Windows-Security-SPP,1003,None,"The Software Protection service has completed licensing status check.
Application Id=0ff1ce15-a989-479d-af46-f275c6370663
Licensing Status=
1: e13ac10e-75d0-4aff-a0cd-764982cf541c, 1, 1 [(0 [0x00000000, 1, 0], [(?)( 1 0x00000000)(?)( 2 0x00000000 0 0 msft:rm/algorithm/volume/1.0 0x00000000 257457)(?)(?)(?)(?)])(1 )(2 )(3 )]

"
Information,7/18/2018 2:41:00 PM,Microsoft-Windows-Security-SPP,1003,None,"The Software Protection service has completed licensing status check.
Application Id=0ff1ce15-a989-479d-af46-f275c6370663
Licensing Status=
1: b322da9c-a2e2-4058-9e4e-f59a6970bd69, 1, 1 [(0 [0x00000000, 1, 0], [(?)( 1 0x00000000)(?)( 2 0x00000000 0 0 msft:rm/algorithm/volume/1.0 0x00000000 257457)(?)(?)(?)(?)])(1 )(2 )(3 )]

"
Information,7/18/2018 2:41:00 PM,Microsoft-Windows-Security-SPP,1003,None,"The Software Protection service has completed licensing status check.
Application Id=0ff1ce15-a989-479d-af46-f275c6370663
Licensing Status=
1: 427a28d1-d17c-4abf-b717-32c780ba6f07, 1, 1 [(0 [0x00000000, 1, 0], [(?)( 1 0x00000000)(?)( 2 0x00000000 0 0 msft:rm/algorithm/volume/1.0 0x00000000 257457)(?)(?)(?)(?)])(1 )(2 )(3 )]

"
Information,7/18/2018 2:40:59 PM,Microsoft-Windows-Security-SPP,1003,None,"The Software Protection service has completed licensing status check.
Application Id=0ff1ce15-a989-479d-af46-f275c6370663
Licensing Status=
1: 2b88c4f2-ea8f-43cd-805e-4d41346e18a7, 1, 0 [(0 [0xC004F014, 0, 0], [(?)(?)(?)(?)(?)(?)(?)(?)])(1 )(2 )(3 )]
2: 2b9e4a37-6230-4b42-bee2-e25ce86c8c7a, 1, 0 [(0 [0xC004F014, 0, 0], [(?)(?)(?)(?)(?)(?)(?)(?)])(1 )(2 )(3 )]
3: 3e4294dd-a765-49bc-8dbd-cf8b62a4bd3d, 1, 0 [(0 [0xC004F014, 0, 0], [(?)(?)(?)(?)(?)(?)(?)(?)])(1 )(2 )(3 )]
4: 427a28d1-d17c-4abf-b717-32c780ba6f07, 1, 1 [(0 [0x00000000, 1, 0], [(?)( 1 0x00000000)(?)( 2 0x00000000 0 0 msft:rm/algorithm/volume/1.0 0x00000000 257457)(?)(?)(?)(?)])(1 )(2 )(3 )]
5: b322da9c-a2e2-4058-9e4e-f59a6970bd69, 1, 1 [(0 [0x00000000, 1, 0], [(?)( 1 0x00000000)(?)( 2 0x00000000 0 0 msft:rm/algorithm/volume/1.0 0x00000000 257457)(?)(?)(?)(?)])(1 )(2 )(3 )]
6: e13ac10e-75d0-4aff-a0cd-764982cf541c, 1, 1 [(0 [0x00000000, 1, 0], [(?)( 1 0x00000000)(?)( 2 0x00000000 0 0 msft:rm/algorithm/volume/1.0 0x00000000 257457)(?)(?)(?)(?)])(1 )(2 )(3 )]

"
Warning,7/18/2018 2:40:59 PM,Outlook,59,None,Outlook disabled the following add-in(s):



ProgID: DataMotion.Connect
GUID: {68E1A70A-B1DC-4BEA-9B48-B35CED4B4752}
Name: DataMotion Secure Email
Description: DataMotion Secure Email Outlook COM Addin
Load Behavior: 3
HKLM: 1
Location: c:\program files (x86)\datamotion\securemail\datamotionshim.dll
Threshold Time (Milliseconds): 1000
Time Taken (Milliseconds): 42500
Disable Reason: This add-in caused Outlook to start slowly.
Policy Exception (Allow List): 0 

ProgID: WebExOI.Addin
GUID: {EA47D2DE-76CC-4138-97FF-A62F9D28A341}
Name: WebEx Productivity Tools
Description: ATLCOM Outlook Addin
Load Behavior: 3
HKLM: 1
Location: c:\program files (x86)\webex\productivity tools\ptolkadd.dll
Threshold Time (Milliseconds): 1000
Time Taken (Milliseconds): 4297
Disable Reason: This add-in caused Outlook to start slowly.
Policy Exception (Allow List): 0 
Information,7/18/2018 2:40:54 PM,Microsoft-Windows-Security-SPP,12288,None,"The client has sent an activation request to the key management service machine.
Info:
0xC0020017, 0x00000000, 46494twinning-8.corp.premierinc.com:1688, 98e315f1-2e03-4cfa-b026-ef79751044b4, 2018/07/18 20:39, 1, 1, 188543, 73111121-5638-40f6-bc11-f1d7b0d64300, 25"
Information,7/18/2018 2:40:33 PM,Microsoft-Windows-Security-SPP,12288,None,"The client has sent an activation request to the key management service machine.
Info:
0xC0020017, 0x00000000, 46497alewis1-w8.corp.premierinc.com:1688, 98e315f1-2e03-4cfa-b026-ef79751044b4, 2018/07/18 20:39, 1, 1, 188543, 73111121-5638-40f6-bc11-f1d7b0d64300, 25"
Information,7/18/2018 2:40:12 PM,Microsoft-Windows-Security-SPP,12288,None,"The client has sent an activation request to the key management service machine.
Info:
0xC0020017, 0x00000000, 46532csapp-w8.corp.premierinc.com:1688, 98e315f1-2e03-4cfa-b026-ef79751044b4, 2018/07/18 20:39, 1, 1, 188543, 73111121-5638-40f6-bc11-f1d7b0d64300, 25"
Information,7/18/2018 2:39:51 PM,Microsoft-Windows-Security-SPP,12288,None,"The client has sent an activation request to the key management service machine.
Info:
0x80072AF9, 0x00000000, vmw8redstone03.corp.premierinc.com:1688, 98e315f1-2e03-4cfa-b026-ef79751044b4, 2018/07/18 20:39, 1, 1, 188543, 73111121-5638-40f6-bc11-f1d7b0d64300, 25"
Information,7/18/2018 2:39:51 PM,Microsoft-Windows-Security-SPP,12288,None,"The client has sent an activation request to the key management service machine.
Info:
0xC0020017, 0x00000000, vmw8su_c_001.corp.premierinc.com:1688, 98e315f1-2e03-4cfa-b026-ef79751044b4, 2018/07/18 20:39, 1, 1, 188543, 73111121-5638-40f6-bc11-f1d7b0d64300, 25"
Information,7/18/2018 2:39:49 PM,Microsoft-Windows-Security-SPP,12288,None,"The client has sent an activation request to the key management service machine.
Info:
0x80072AF9, 0x00000000, vmw8su_c_01.corp.premierinc.com:1688, 98e315f1-2e03-4cfa-b026-ef79751044b4, 2018/07/18 20:39, 1, 1, 188543, 73111121-5638-40f6-bc11-f1d7b0d64300, 25"
Information,7/18/2018 2:39:49 PM,Microsoft-Windows-Security-SPP,12288,None,"The client has sent an activation request to the key management service machine.
Info:
0x8007000D, 0x00000000, c3pigpsdsh2.corp.premierinc.com:1688, 98e315f1-2e03-4cfa-b026-ef79751044b4, 2018/07/18 20:39, 1, 1, 188543, 73111121-5638-40f6-bc11-f1d7b0d64300, 25"
Information,7/18/2018 2:39:49 PM,Microsoft-Windows-Security-SPP,12288,None,"The client has sent an activation request to the key management service machine.
Info:
0x80072AF9, 0x00000000, vmw7x64off13v11.corp.premierinc.com:1688, 98e315f1-2e03-4cfa-b026-ef79751044b4, 2018/07/18 20:39, 1, 1, 188543, 73111121-5638-40f6-bc11-f1d7b0d64300, 25"
Information,7/18/2018 2:39:49 PM,Microsoft-Windows-Security-SPP,12288,None,"The client has sent an activation request to the key management service machine.
Info:
0xC0020017, 0x00000000, 46534nsmith2-8.corp.premierinc.com:1688, 98e315f1-2e03-4cfa-b026-ef79751044b4, 2018/07/18 20:39, 1, 1, 188543, 73111121-5638-40f6-bc11-f1d7b0d64300, 25"
Information,7/18/2018 2:39:36 PM,Outlook,63,None,The Exchange web service request GetAppManifests succeeded. 
Information,7/18/2018 2:39:28 PM,Microsoft-Windows-Security-SPP,12288,None,"The client has sent an activation request to the key management service machine.
Info:
0xC004F042, 0x00000000, c2pieposcan2.corp.premierinc.com:1688, 98e315f1-2e03-4cfa-b026-ef79751044b4, 2018/07/18 20:39, 1, 1, 188543, 73111121-5638-40f6-bc11-f1d7b0d64300, 25"
Information,7/18/2018 2:39:28 PM,Microsoft-Windows-Security-SPP,12288,None,"The client has sent an activation request to the key management service machine.
Info:
0x80072AF9, 0x00000000, vmw8su_name.corp.premierinc.com:1688, 98e315f1-2e03-4cfa-b026-ef79751044b4, 2018/07/18 20:39, 1, 1, 188543, 73111121-5638-40f6-bc11-f1d7b0d64300, 25"
Information,7/18/2018 2:39:28 PM,Microsoft-Windows-Security-SPP,12288,None,"The client has sent an activation request to the key management service machine.
Info:
0x80072AF9, 0x00000000, vmw8redstone01.corp.premierinc.com:1688, 98e315f1-2e03-4cfa-b026-ef79751044b4, 2018/07/18 20:39, 1, 1, 188543, 73111121-5638-40f6-bc11-f1d7b0d64300, 25"
Information,7/18/2018 2:39:28 PM,Microsoft-Windows-Security-SPP,12288,None,"The client has sent an activation request to the key management service machine.
Info:
0xC0020017, 0x00000000, 46499fmahoney-8.corp.premierinc.com:1688, 98e315f1-2e03-4cfa-b026-ef79751044b4, 2018/07/18 20:39, 1, 1, 188543, 73111121-5638-40f6-bc11-f1d7b0d64300, 25"
Error,7/18/2018 2:39:08 PM,Microsoft-Windows-Security-SPP,8198,None,"License Activation (slui.exe) failed with the following error code:
hr=0xC004F074
Command-line arguments:
RuleId=502ff3ba-669a-4674-bbb1-601f34a3b968;Action=AutoActivateSilent;AppId=55c92734-d682-4d71-983e-d6ec3f16059f;SkuId=73111121-5638-40f6-bc11-f1d7b0d64300;NotificationInterval=1440;Trigger=NetworkAvailable"
