Information,7/18/2018 9:12:51 AM,SynTPEnhService,0,None,"The description for Event ID 0 from source SynTPEnhService cannot be found. Either the component that raises this event is not installed on your local computer or the installation is corrupted. You can install or repair the component on the local computer.

If the event originated on another computer, the display information had to be saved with the event.

The following information was included with the event: 

SynTPEnhService
Session Changed User Log on
"
Information,7/18/2018 9:12:50 AM,igfxCUIService1.0.0.0,0,None,"The description for Event ID 0 from source igfxCUIService1.0.0.0 cannot be found. Either the component that raises this event is not installed on your local computer or the installation is corrupted. You can install or repair the component on the local computer.

If the event originated on another computer, the display information had to be saved with the event.

The following information was included with the event: 

Logon: 10

"
Information,7/18/2018 9:12:50 AM,igfxCUIService1.0.0.0,0,None,"The description for Event ID 0 from source igfxCUIService1.0.0.0 cannot be found. Either the component that raises this event is not installed on your local computer or the installation is corrupted. You can install or repair the component on the local computer.

If the event originated on another computer, the display information had to be saved with the event.

The following information was included with the event: 

Log on event received User1

"
Information,7/18/2018 9:12:50 AM,Avecto Defendpoint Service,300,None,"Detected user logon.								  Logon Session ID: e5406b60-f674-40d2-a4ca-f0abbed83a38 Administrator: true Power User: false Workstyle: Privilege Guard.Elevated Admin Workstyle Description: <None> Workstyle ID: 75621e41-e103-4e6b-8bc3-e87962b03ff7 User SID: S-1-5-21-1223559079-994587851-4263662072-43138 User Name: mliu User Domain SID: S-1-5-21-1223559079-994587851-4263662072 User Domain Name: CORP User Domain Name NetBIOS: CORP Host SID: S-1-5-21-1223559079-994587851-4263662072-125936 Host Name: 45212MLIU-7 Host Name NetBIOS: 45212MLIU-7 Host Domain SID: S-1-5-21-1223559079-994587851-4263662072 Host Domain Name: corp.premierinc.com Host Domain Name NetBIOS: CORP Event ID: ca42b198-dfe4-4ade-b5a6-233356e568ff Logon Time: 131764003704375657 UI Language: 1033 Locale: 1033 Time Zone: Mountain Standard Time (+420) Terminal Session ID: 10 IP4 Addresses: 169.254.207.82,127.0.0.1,192.168.163.1,192.168.26.1,206.71.92.121"
Information,7/18/2018 9:12:49 AM,Microsoft-Windows-Security-SPP,12288,None,"The client has sent an activation request to the key management service machine.
Info:
0x80072AF9, 0x00000000, vmw8redstone01.corp.premierinc.com:1688, 98e315f1-2e03-4cfa-b026-ef79751044b4, 2018/07/18 15:12, 1, 1, 188870, 73111121-5638-40f6-bc11-f1d7b0d64300, 25"
Information,7/18/2018 9:12:49 AM,Microsoft-Windows-Security-SPP,12288,None,"The client has sent an activation request to the key management service machine.
Info:
0xC0020017, 0x00000000, 46497alewis1-w8.corp.premierinc.com:1688, 98e315f1-2e03-4cfa-b026-ef79751044b4, 2018/07/18 15:12, 1, 1, 188870, 73111121-5638-40f6-bc11-f1d7b0d64300, 25"
Information,7/18/2018 9:12:49 AM,Microsoft-Windows-Winlogon,6003,None,The winlogon notification subscriber <SessionEnv> was unavailable to handle a critical notification event.
Information,7/18/2018 9:12:30 AM,Microsoft-Windows-Security-SPP,12288,None,"The client has sent an activation request to the key management service machine.
Info:
0xC0020017, 0x00000000, 46533dokelley-8.corp.premierinc.com:1688, 98e315f1-2e03-4cfa-b026-ef79751044b4, 2018/07/18 15:12, 1, 1, 188870, 73111121-5638-40f6-bc11-f1d7b0d64300, 25"
Information,7/18/2018 9:12:28 AM,Microsoft-Windows-Security-SPP,12288,None,"The client has sent an activation request to the key management service machine.
Info:
0xC0020017, 0x00000000, 46534nsmith2-8.corp.premierinc.com:1688, 98e315f1-2e03-4cfa-b026-ef79751044b4, 2018/07/18 15:12, 1, 1, 188870, 73111121-5638-40f6-bc11-f1d7b0d64300, 25"
Information,7/18/2018 9:12:09 AM,Microsoft-Windows-Security-SPP,8230,None,"The rules engine successfully re-evaluated the schedule.
Kernel policies:
Security-SPP-Action-StateData (REG_SZ) =AppId=55c92734-d682-4d71-983e-d6ec3f16059f;GraceEndDate=2018/11/26:19:02:08;LastConsumptionReason=0x00000000;LastNotificationId=VolumeRenewalRequired;LicenseState=SL_LICENSING_STATUS_LICENSED;PartialProductKey=2YT43;ProductKeyType=Volume:GVLK;SkuId=73111121-5638-40f6-bc11-f1d7b0d64300;ruleId=502ff3ba-669a-4674-bbb1-601f34a3b968;uxDifferentiator=ENVIRONMENT;volumeActivationOrder=normal"
Information,7/18/2018 9:12:06 AM,Microsoft-Windows-Security-SPP,8230,None,"The rules engine successfully re-evaluated the schedule.
Kernel policies:
Security-SPP-Action-StateData (REG_SZ) =AppId=55c92734-d682-4d71-983e-d6ec3f16059f;GraceEndDate=2018/11/26:19:02:56;LastConsumptionReason=0x00000000;LastNotificationId=VolumeRenewalRequired;LicenseState=SL_LICENSING_STATUS_LICENSED;PartialProductKey=2YT43;ProductKeyType=Volume:GVLK;SkuId=73111121-5638-40f6-bc11-f1d7b0d64300;ruleId=502ff3ba-669a-4674-bbb1-601f34a3b968;uxDifferentiator=ENVIRONMENT;volumeActivationOrder=normal"
Warning,7/18/2018 9:12:02 AM,Microsoft-Windows-CertificateServicesClient-AutoEnrollment,64,None,Certificate for local system with Thumbprint c3 61 c2 31 d0 73 ec db 79 3f e9 10 64 1d b0 49 50 29 15 be is about to expire or already expired.
Information,7/17/2018 5:37:02 PM,SynTPEnhService,0,None,"The description for Event ID 0 from source SynTPEnhService cannot be found. Either the component that raises this event is not installed on your local computer or the installation is corrupted. You can install or repair the component on the local computer.

If the event originated on another computer, the display information had to be saved with the event.

The following information was included with the event: 

SynTPEnhService
SessionId:9 no longer exist remove it

"
Information,7/17/2018 5:37:00 PM,Microsoft-Windows-User Profiles Service,1530,None,"Windows detected your registry file is still in use by other applications or services. The file will be unloaded now. The applications or services that hold your registry file may not function properly afterwards. No user action is required.  

 DETAIL - 
 3 user registry handles leaked from \Registry\User\S-1-5-21-1223559079-994587851-4263662072-43138_Classes:
Process 14808 (\Device\HarddiskVolume2\Windows\System32\svchost.exe) has opened key \REGISTRY\USER\S-1-5-21-1223559079-994587851-4263662072-43138_Classes
Process 14808 (\Device\HarddiskVolume2\Windows\System32\svchost.exe) has opened key \REGISTRY\USER\S-1-5-21-1223559079-994587851-4263662072-43138_Classes
Process 14808 (\Device\HarddiskVolume2\Windows\System32\svchost.exe) has opened key \REGISTRY\USER\S-1-5-21-1223559079-994587851-4263662072-43138_Classes
"
Information,7/17/2018 5:37:00 PM,Microsoft-Windows-Winlogon,6000,None,The winlogon notification subscriber <SessionEnv> was unavailable to handle a notification event.
Information,7/17/2018 5:36:58 PM,Microsoft-Windows-User Profiles Service,1530,None,"Windows detected your registry file is still in use by other applications or services. The file will be unloaded now. The applications or services that hold your registry file may not function properly afterwards. No user action is required.  

 DETAIL - 
 21 user registry handles leaked from \Registry\User\S-1-5-21-1223559079-994587851-4263662072-43138:
Process 18876 (\Device\HarddiskVolume2\Windows\System32\winlogon.exe) has opened key \REGISTRY\USER\S-1-5-21-1223559079-994587851-4263662072-43138
Process 740 (\Device\HarddiskVolume2\Windows\System32\svchost.exe) has opened key \REGISTRY\USER\S-1-5-21-1223559079-994587851-4263662072-43138\System\GameConfigStore\Parents
Process 14808 (\Device\HarddiskVolume2\Windows\System32\svchost.exe) has opened key \REGISTRY\USER\S-1-5-21-1223559079-994587851-4263662072-43138\Software\Microsoft\CommsAPHost\Test
Process 740 (\Device\HarddiskVolume2\Windows\System32\svchost.exe) has opened key \REGISTRY\USER\S-1-5-21-1223559079-994587851-4263662072-43138\System\GameConfigStore
Process 4092 (\Device\HarddiskVolume2\Windows\System32\svchost.exe) has opened key \REGISTRY\USER\S-1-5-21-1223559079-994587851-4263662072-43138\Software\Policies\Microsoft\Windows\CloudContent
Process 5156 (\Device\HarddiskVolume2\Windows\System32\svchost.exe) has opened key \REGISTRY\USER\S-1-5-21-1223559079-994587851-4263662072-43138\Software\Microsoft\Windows\CurrentVersion\Uninstall
Process 14808 (\Device\HarddiskVolume2\Windows\System32\svchost.exe) has opened key \REGISTRY\USER\S-1-5-21-1223559079-994587851-4263662072-43138\Software\Microsoft\Windows\CurrentVersion\Explorer
Process 2876 (\Device\HarddiskVolume2\Windows\System32\svchost.exe) has opened key \REGISTRY\USER\S-1-5-21-1223559079-994587851-4263662072-43138\Software\Microsoft\Windows\CurrentVersion\Explorer
Process 2876 (\Device\HarddiskVolume2\Windows\System32\svchost.exe) has opened key \REGISTRY\USER\S-1-5-21-1223559079-994587851-4263662072-43138\Software\Microsoft\Windows\CurrentVersion\Internet Settings
Process 4092 (\Device\HarddiskVolume2\Windows\System32\svchost.exe) has opened key \REGISTRY\USER\S-1-5-21-1223559079-994587851-4263662072-43138\Software\Microsoft\Windows\CurrentVersion\Privacy
Process 2876 (\Device\HarddiskVolume2\Windows\System32\svchost.exe) has opened key \REGISTRY\USER\S-1-5-21-1223559079-994587851-4263662072-43138\Software\Microsoft\Internet Explorer\Main\FeatureControl
Process 4092 (\Device\HarddiskVolume2\Windows\System32\svchost.exe) has opened key \REGISTRY\USER\S-1-5-21-1223559079-994587851-4263662072-43138\Software\Policies\Microsoft\Windows\DataCollection
Process 2876 (\Device\HarddiskVolume2\Windows\System32\svchost.exe) has opened key \REGISTRY\USER\S-1-5-21-1223559079-994587851-4263662072-43138\Software\Policies\Microsoft\Windows\CurrentVersion\Internet Settings
Process 14808 (\Device\HarddiskVolume2\Windows\System32\svchost.exe) has opened key \REGISTRY\USER\S-1-5-21-1223559079-994587851-4263662072-43138\Software\Microsoft\Internet Explorer\Main
Process 2876 (\Device\HarddiskVolume2\Windows\System32\svchost.exe) has opened key \REGISTRY\USER\S-1-5-21-1223559079-994587851-4263662072-43138\Software\Microsoft\Internet Explorer\Main
Process 17092 (<Unknown>) has opened key \REGISTRY\USER\S-1-5-21-1223559079-994587851-4263662072-43138\Software\Microsoft\Windows NT\CurrentVersion\Fonts
Process 740 (\Device\HarddiskVolume2\Windows\System32\svchost.exe) has opened key \REGISTRY\USER\S-1-5-21-1223559079-994587851-4263662072-43138\System\GameConfigStore\Children
Process 14808 (\Device\HarddiskVolume2\Windows\System32\svchost.exe) has opened key \REGISTRY\USER\S-1-5-21-1223559079-994587851-4263662072-43138\Software\Microsoft\Internet Explorer\Security
Process 2876 (\Device\HarddiskVolume2\Windows\System32\svchost.exe) has opened key \REGISTRY\USER\S-1-5-21-1223559079-994587851-4263662072-43138\Software\Microsoft\Internet Explorer\Security
Process 17396 (\Device\HarddiskVolume2\Windows\System32\svchost.exe) has opened key \REGISTRY\USER\S-1-5-21-1223559079-994587851-4263662072-43138\Software\Microsoft\Windows\CurrentVersion\Internet Settings\Connections
Process 14808 (\Device\HarddiskVolume2\Windows\System32\svchost.exe) has opened key \REGISTRY\USER\S-1-5-21-1223559079-994587851-4263662072-43138\Software\Microsoft\Unified Store\HighWaterMarks\C:_Users_mliu_AppData_Local_Comms_UnistoreDB_store.vol
"
Information,7/17/2018 5:36:57 PM,Avecto Defendpoint Service,300,None,"Detected user logon.								  Logon Session ID: 64ca0e52-2a5e-4e3f-93f6-2d2a61d3a4ba Administrator: true Power User: false Workstyle: Privilege Guard.Elevated Admin Workstyle Description: <None> Workstyle ID: 75621e41-e103-4e6b-8bc3-e87962b03ff7 User SID: S-1-5-21-1223559079-994587851-4263662072-43138 User Name: mliu User Domain SID: S-1-5-21-1223559079-994587851-4263662072 User Domain Name: CORP User Domain Name NetBIOS: CORP Host SID: S-1-5-21-1223559079-994587851-4263662072-125936 Host Name: 45212MLIU-7 Host Name NetBIOS: 45212MLIU-7 Host Domain SID: S-1-5-21-1223559079-994587851-4263662072 Host Domain Name: corp.premierinc.com Host Domain Name NetBIOS: CORP Event ID: 7be8328f-c63c-480b-a913-c2018cb1d3ba Logon Time: 131763442176134381 UI Language: 1033 Locale: 1033 Time Zone: Mountain Standard Time (+420) Terminal Session ID: 9 IP4 Addresses: 169.254.207.82,127.0.0.1,192.168.163.1,192.168.26.1,206.71.92.121"
Information,7/17/2018 5:36:57 PM,SynTPEnhService,0,None,"The description for Event ID 0 from source SynTPEnhService cannot be found. Either the component that raises this event is not installed on your local computer or the installation is corrupted. You can install or repair the component on the local computer.

If the event originated on another computer, the display information had to be saved with the event.

The following information was included with the event: 

SynTPEnhService
Session Changed User Log off
"
Information,7/17/2018 5:36:57 PM,igfxCUIService1.0.0.0,0,None,"The description for Event ID 0 from source igfxCUIService1.0.0.0 cannot be found. Either the component that raises this event is not installed on your local computer or the installation is corrupted. You can install or repair the component on the local computer.

If the event originated on another computer, the display information had to be saved with the event.

The following information was included with the event: 

 Logoff: 9

"
Information,7/17/2018 5:36:57 PM,igfxCUIService1.0.0.0,0,None,"The description for Event ID 0 from source igfxCUIService1.0.0.0 cannot be found. Either the component that raises this event is not installed on your local computer or the installation is corrupted. You can install or repair the component on the local computer.

If the event originated on another computer, the display information had to be saved with the event.

The following information was included with the event: 

 Logoff: Test

"
Information,7/17/2018 5:36:53 PM,SynTPEnhService,0,None,"The description for Event ID 0 from source SynTPEnhService cannot be found. Either the component that raises this event is not installed on your local computer or the installation is corrupted. You can install or repair the component on the local computer.

If the event originated on another computer, the display information had to be saved with the event.

The following information was included with the event: 

SynTPEnhService
CEnhanceCallerService::Update: SessionID: 9
"
Information,7/17/2018 5:36:53 PM,SynTPEnhService,0,None,"The description for Event ID 0 from source SynTPEnhService cannot be found. Either the component that raises this event is not installed on your local computer or the installation is corrupted. You can install or repair the component on the local computer.

If the event originated on another computer, the display information had to be saved with the event.

The following information was included with the event: 

SynTPEnhService
CEnhanceCallerService::Update: Message1: 26, Message2:28
"
Information,7/17/2018 5:36:52 PM,Desktop Window Manager,9027,None,The Desktop Window Manager has registered the session port.
Information,7/17/2018 5:36:51 PM,SynTPEnhService,0,None,"The description for Event ID 0 from source SynTPEnhService cannot be found. Either the component that raises this event is not installed on your local computer or the installation is corrupted. You can install or repair the component on the local computer.

If the event originated on another computer, the display information had to be saved with the event.

The following information was included with the event: 

SynTPEnhService
Enh Exit with Exit Code: 0x40010004, ReLanuch Enh for Session:9
"
Information,7/17/2018 5:14:50 PM,Outlook,63,None,The Exchange web service request GetAppManifests succeeded. 
Information,7/17/2018 4:40:56 PM,SynTPEnhService,0,None,"The description for Event ID 0 from source SynTPEnhService cannot be found. Either the component that raises this event is not installed on your local computer or the installation is corrupted. You can install or repair the component on the local computer.

If the event originated on another computer, the display information had to be saved with the event.

The following information was included with the event: 

SynTPEnhService
Session Changed User unlock
"
Information,7/17/2018 4:21:56 PM,SynTPEnhService,0,None,"The description for Event ID 0 from source SynTPEnhService cannot be found. Either the component that raises this event is not installed on your local computer or the installation is corrupted. You can install or repair the component on the local computer.

If the event originated on another computer, the display information had to be saved with the event.

The following information was included with the event: 

SynTPEnhService
Session Changed User lock
"
Warning,7/17/2018 3:54:22 PM,Microsoft-Windows-CertificateServicesClient-AutoEnrollment,64,None,Certificate for local system with Thumbprint c3 61 c2 31 d0 73 ec db 79 3f e9 10 64 1d b0 49 50 29 15 be is about to expire or already expired.
Information,7/17/2018 3:27:23 PM,SynTPEnhService,0,None,"The description for Event ID 0 from source SynTPEnhService cannot be found. Either the component that raises this event is not installed on your local computer or the installation is corrupted. You can install or repair the component on the local computer.

If the event originated on another computer, the display information had to be saved with the event.

The following information was included with the event: 

SynTPEnhService
Session Changed User unlock
"
Information,7/17/2018 3:25:23 PM,SynTPEnhService,0,None,"The description for Event ID 0 from source SynTPEnhService cannot be found. Either the component that raises this event is not installed on your local computer or the installation is corrupted. You can install or repair the component on the local computer.

If the event originated on another computer, the display information had to be saved with the event.

The following information was included with the event: 

SynTPEnhService
Session Changed User lock
"
Information,7/17/2018 2:58:26 PM,SynTPEnhService,0,None,"The description for Event ID 0 from source SynTPEnhService cannot be found. Either the component that raises this event is not installed on your local computer or the installation is corrupted. You can install or repair the component on the local computer.

If the event originated on another computer, the display information had to be saved with the event.

The following information was included with the event: 

SynTPEnhService
Session Changed User unlock
"
Information,7/17/2018 2:56:20 PM,VSS,8224,None,The VSS service is shutting down due to idle timeout. 
Information,7/17/2018 2:53:19 PM,Microsoft-Windows-MSMQ,2230,None,A backup (components: none) was completed successfully.
Information,7/17/2018 2:17:43 PM,SynTPEnhService,0,None,"The description for Event ID 0 from source SynTPEnhService cannot be found. Either the component that raises this event is not installed on your local computer or the installation is corrupted. You can install or repair the component on the local computer.

If the event originated on another computer, the display information had to be saved with the event.

The following information was included with the event: 

SynTPEnhService
Session Changed User lock
"
Information,7/17/2018 1:14:44 PM,Outlook,63,None,The Exchange web service request GetAppManifests succeeded. 
Information,7/17/2018 12:58:02 PM,Office Software Protection Platform Service,903,None,"The Software Protection service has stopped.
"
Information,7/17/2018 12:53:02 PM,Office Software Protection Platform Service,902,None,"The Software Protection service has started.
15.0.169.500"
Information,7/17/2018 12:53:02 PM,Office Software Protection Platform Service,1066,None,"Initialization status for service objects.
C:\Program Files\Common Files\Microsoft Shared\OfficeSoftwareProtectionPlatform\OSPPOBJS.DLL, msft:rm/algorithm/phone/1.0, 0x00000000, 0x00000000
C:\Program Files\Common Files\Microsoft Shared\OfficeSoftwareProtectionPlatform\OSPPOBJS.DLL, msft:rm/algorithm/pkey/detect, 0x00000000, 0x00000000
C:\Program Files\Common Files\Microsoft Shared\OfficeSoftwareProtectionPlatform\OSPPOBJS.DLL, msft:spp/TaskScheduler/1.0, 0x00000000, 0x00000000
C:\Program Files\Common Files\Microsoft Shared\OfficeSoftwareProtectionPlatform\OSPPOBJS.DLL, msft:spp/statecollector/pkey, 0x00000000, 0x00000000
C:\Program Files\Common Files\Microsoft Shared\OfficeSoftwareProtectionPlatform\OSPPOBJS.DLL, msft:spp/volume/services/kms/licenserenewal/1.0, 0x00000000, 0x00000000
"
Information,7/17/2018 12:53:02 PM,Office Software Protection Platform Service,900,None,"The Software Protection service is starting.
"
Information,7/17/2018 12:13:15 PM,VSS,8224,None,The VSS service is shutting down due to idle timeout. 
Information,7/17/2018 12:10:14 PM,Microsoft-Windows-MSMQ,2230,None,A backup (components: none) was completed successfully.
Information,7/17/2018 11:55:21 AM,SynTPEnhService,0,None,"The description for Event ID 0 from source SynTPEnhService cannot be found. Either the component that raises this event is not installed on your local computer or the installation is corrupted. You can install or repair the component on the local computer.

If the event originated on another computer, the display information had to be saved with the event.

The following information was included with the event: 

SynTPEnhService
Session Changed User unlock
"
Information,7/17/2018 11:49:19 AM,VSS,8224,None,The VSS service is shutting down due to idle timeout. 
Information,7/17/2018 11:42:08 AM,SynTPEnhService,0,None,"The description for Event ID 0 from source SynTPEnhService cannot be found. Either the component that raises this event is not installed on your local computer or the installation is corrupted. You can install or repair the component on the local computer.

If the event originated on another computer, the display information had to be saved with the event.

The following information was included with the event: 

SynTPEnhService
Session Changed User lock
"
Information,7/17/2018 11:34:08 AM,Microsoft-Windows-Security-SPP,1003,None,"The Software Protection service has completed licensing status check.
Application Id=0ff1ce15-a989-479d-af46-f275c6370663
Licensing Status=
1: e13ac10e-75d0-4aff-a0cd-764982cf541c, 1, 1 [(0 [0x00000000, 1, 0], [(?)( 1 0x00000000)(?)( 2 0x00000000 0 0 msft:rm/algorithm/volume/1.0 0x00000000 259084)(?)(?)(?)(?)])(1 )(2 )(3 )]

"
Information,7/17/2018 11:34:08 AM,Microsoft-Windows-Security-SPP,1003,None,"The Software Protection service has completed licensing status check.
Application Id=0ff1ce15-a989-479d-af46-f275c6370663
Licensing Status=
1: b322da9c-a2e2-4058-9e4e-f59a6970bd69, 1, 1 [(0 [0x00000000, 1, 0], [(?)( 1 0x00000000)(?)( 2 0x00000000 0 0 msft:rm/algorithm/volume/1.0 0x00000000 259084)(?)(?)(?)(?)])(1 )(2 )(3 )]

"
Information,7/17/2018 11:34:08 AM,Microsoft-Windows-Security-SPP,1003,None,"The Software Protection service has completed licensing status check.
Application Id=0ff1ce15-a989-479d-af46-f275c6370663
Licensing Status=
1: 427a28d1-d17c-4abf-b717-32c780ba6f07, 1, 1 [(0 [0x00000000, 1, 0], [(?)( 1 0x00000000)(?)( 2 0x00000000 0 0 msft:rm/algorithm/volume/1.0 0x00000000 259084)(?)(?)(?)(?)])(1 )(2 )(3 )]

"
Information,7/17/2018 11:34:08 AM,Microsoft-Windows-Security-SPP,1003,None,"The Software Protection service has completed licensing status check.
Application Id=0ff1ce15-a989-479d-af46-f275c6370663
Licensing Status=
1: 2b88c4f2-ea8f-43cd-805e-4d41346e18a7, 1, 0 [(0 [0xC004F014, 0, 0], [(?)(?)(?)(?)(?)(?)(?)(?)])(1 )(2 )(3 )]
2: 2b9e4a37-6230-4b42-bee2-e25ce86c8c7a, 1, 0 [(0 [0xC004F014, 0, 0], [(?)(?)(?)(?)(?)(?)(?)(?)])(1 )(2 )(3 )]
3: 3e4294dd-a765-49bc-8dbd-cf8b62a4bd3d, 1, 0 [(0 [0xC004F014, 0, 0], [(?)(?)(?)(?)(?)(?)(?)(?)])(1 )(2 )(3 )]
4: 427a28d1-d17c-4abf-b717-32c780ba6f07, 1, 1 [(0 [0x00000000, 1, 0], [(?)( 1 0x00000000)(?)( 2 0x00000000 0 0 msft:rm/algorithm/volume/1.0 0x00000000 259084)(?)(?)(?)(?)])(1 )(2 )(3 )]
5: b322da9c-a2e2-4058-9e4e-f59a6970bd69, 1, 1 [(0 [0x00000000, 1, 0], [(?)( 1 0x00000000)(?)( 2 0x00000000 0 0 msft:rm/algorithm/volume/1.0 0x00000000 259084)(?)(?)(?)(?)])(1 )(2 )(3 )]
6: e13ac10e-75d0-4aff-a0cd-764982cf541c, 1, 1 [(0 [0x00000000, 1, 0], [(?)( 1 0x00000000)(?)( 2 0x00000000 0 0 msft:rm/algorithm/volume/1.0 0x00000000 259084)(?)(?)(?)(?)])(1 )(2 )(3 )]

"
Information,7/17/2018 11:07:39 AM,Office Software Protection Platform Service,903,None,"The Software Protection service has stopped.
"
Information,7/17/2018 11:02:39 AM,Office Software Protection Platform Service,902,None,"The Software Protection service has started.
15.0.169.500"
Information,7/17/2018 11:02:39 AM,Office Software Protection Platform Service,1066,None,"Initialization status for service objects.
C:\Program Files\Common Files\Microsoft Shared\OfficeSoftwareProtectionPlatform\OSPPOBJS.DLL, msft:rm/algorithm/phone/1.0, 0x00000000, 0x00000000
C:\Program Files\Common Files\Microsoft Shared\OfficeSoftwareProtectionPlatform\OSPPOBJS.DLL, msft:rm/algorithm/pkey/detect, 0x00000000, 0x00000000
C:\Program Files\Common Files\Microsoft Shared\OfficeSoftwareProtectionPlatform\OSPPOBJS.DLL, msft:spp/TaskScheduler/1.0, 0x00000000, 0x00000000
C:\Program Files\Common Files\Microsoft Shared\OfficeSoftwareProtectionPlatform\OSPPOBJS.DLL, msft:spp/statecollector/pkey, 0x00000000, 0x00000000
C:\Program Files\Common Files\Microsoft Shared\OfficeSoftwareProtectionPlatform\OSPPOBJS.DLL, msft:spp/volume/services/kms/licenserenewal/1.0, 0x00000000, 0x00000000
"
Information,7/17/2018 11:02:39 AM,Office Software Protection Platform Service,900,None,"The Software Protection service is starting.
"
Information,7/17/2018 10:49:54 AM,Microsoft-Windows-Security-SPP,1003,None,"The Software Protection service has completed licensing status check.
Application Id=0ff1ce15-a989-479d-af46-f275c6370663
Licensing Status=
1: e13ac10e-75d0-4aff-a0cd-764982cf541c, 1, 1 [(0 [0x00000000, 1, 0], [(?)( 1 0x00000000)(?)( 2 0x00000000 0 0 msft:rm/algorithm/volume/1.0 0x00000000 259128)(?)(?)(?)(?)])(1 )(2 )(3 )]

"
Information,7/17/2018 10:49:54 AM,Microsoft-Windows-Security-SPP,1003,None,"The Software Protection service has completed licensing status check.
Application Id=0ff1ce15-a989-479d-af46-f275c6370663
Licensing Status=
1: b322da9c-a2e2-4058-9e4e-f59a6970bd69, 1, 1 [(0 [0x00000000, 1, 0], [(?)( 1 0x00000000)(?)( 2 0x00000000 0 0 msft:rm/algorithm/volume/1.0 0x00000000 259128)(?)(?)(?)(?)])(1 )(2 )(3 )]

"
Information,7/17/2018 10:49:54 AM,Microsoft-Windows-Security-SPP,1003,None,"The Software Protection service has completed licensing status check.
Application Id=0ff1ce15-a989-479d-af46-f275c6370663
Licensing Status=
1: 427a28d1-d17c-4abf-b717-32c780ba6f07, 1, 1 [(0 [0x00000000, 1, 0], [(?)( 1 0x00000000)(?)( 2 0x00000000 0 0 msft:rm/algorithm/volume/1.0 0x00000000 259128)(?)(?)(?)(?)])(1 )(2 )(3 )]

"
Information,7/17/2018 10:49:54 AM,Microsoft-Windows-Security-SPP,1003,None,"The Software Protection service has completed licensing status check.
Application Id=0ff1ce15-a989-479d-af46-f275c6370663
Licensing Status=
1: 2b88c4f2-ea8f-43cd-805e-4d41346e18a7, 1, 0 [(0 [0xC004F014, 0, 0], [(?)(?)(?)(?)(?)(?)(?)(?)])(1 )(2 )(3 )]
2: 2b9e4a37-6230-4b42-bee2-e25ce86c8c7a, 1, 0 [(0 [0xC004F014, 0, 0], [(?)(?)(?)(?)(?)(?)(?)(?)])(1 )(2 )(3 )]
3: 3e4294dd-a765-49bc-8dbd-cf8b62a4bd3d, 1, 0 [(0 [0xC004F014, 0, 0], [(?)(?)(?)(?)(?)(?)(?)(?)])(1 )(2 )(3 )]
4: 427a28d1-d17c-4abf-b717-32c780ba6f07, 1, 1 [(0 [0x00000000, 1, 0], [(?)( 1 0x00000000)(?)( 2 0x00000000 0 0 msft:rm/algorithm/volume/1.0 0x00000000 259128)(?)(?)(?)(?)])(1 )(2 )(3 )]
5: b322da9c-a2e2-4058-9e4e-f59a6970bd69, 1, 1 [(0 [0x00000000, 1, 0], [(?)( 1 0x00000000)(?)( 2 0x00000000 0 0 msft:rm/algorithm/volume/1.0 0x00000000 259128)(?)(?)(?)(?)])(1 )(2 )(3 )]
6: e13ac10e-75d0-4aff-a0cd-764982cf541c, 1, 1 [(0 [0x00000000, 1, 0], [(?)( 1 0x00000000)(?)( 2 0x00000000 0 0 msft:rm/algorithm/volume/1.0 0x00000000 259128)(?)(?)(?)(?)])(1 )(2 )(3 )]

"
Warning,7/17/2018 10:30:25 AM,Microsoft-Windows-CertificateServicesClient-AutoEnrollment,64,None,Certificate for local system with Thumbprint c3 61 c2 31 d0 73 ec db 79 3f e9 10 64 1d b0 49 50 29 15 be is about to expire or already expired.
Information,7/17/2018 9:58:29 AM,SceCli,1704,None,Security policy in the Group policy objects has been applied successfully.
Error,7/17/2018 9:51:41 AM,Microsoft-Windows-Perflib,1008,None,"The Open Procedure for service ""BITS"" in DLL ""C:\Windows\System32\bitsperf.dll"" failed. Performance data for this service will not be available. The first four bytes (DWORD) of the Data section contains the error code."
Error,7/17/2018 9:47:32 AM,Microsoft-Windows-Security-SPP,8198,None,"License Activation (slui.exe) failed with the following error code:
hr=0xC004F074
Command-line arguments:
RuleId=502ff3ba-669a-4674-bbb1-601f34a3b968;Action=AutoActivateSilent;AppId=55c92734-d682-4d71-983e-d6ec3f16059f;SkuId=73111121-5638-40f6-bc11-f1d7b0d64300;NotificationInterval=1440;Trigger=TimerEvent"
Information,7/17/2018 9:47:32 AM,Microsoft-Windows-Security-SPP,1003,None,"The Software Protection service has completed licensing status check.
Application Id=55c92734-d682-4d71-983e-d6ec3f16059f
Licensing Status=
1: 040fa323-92b1-4baf-97a2-5b67feaefddb, 1, 0 [(0 [0xC004F014, 0, 0], [(?)(?)(?)(?)(?)(?)(?)(?)])(1 )(2 )(3 )]
2: 0724cb7d-3437-4cb7-93cb-830375d0079d, 1, 0 [(0 [0xC004F014, 0, 0], [(?)(?)(?)(?)(?)(?)(?)(?)])(1 )(2 )(3 )]
3: 221a02da-e2a1-4b75-864c-0a4410a33fdf, 1, 0 [(0 [0xC004F014, 0, 0], [(?)(?)(?)(?)(?)(?)(?)(?)])(1 )(2 )(3 )]
4: 2c293c26-a45a-4a2a-a350-c69a67097529, 1, 0 [(0 [0xC004F014, 0, 0], [(?)(?)(?)(?)(?)(?)(?)(?)])(1 )(2 )(3 )]
5: 2de67392-b7a7-462a-b1ca-108dd189f588, 1, 0 [(0 [0xC004F014, 0, 0], [(?)(?)(?)(?)(?)(?)(?)(?)])(1 )(2 )(3 )]
6: 2ffd8952-423e-4903-b993-72a1aa44cf82, 1, 0 [(0 [0xC004F014, 0, 0], [(?)(?)(?)(?)(?)(?)(?)(?)])(1 )(2 )(3 )]
7: 30a42c86-b7a0-4a34-8c90-ff177cb2acb7, 1, 0 [(0 [0xC004F014, 0, 0], [(?)(?)(?)(?)(?)(?)(?)(?)])(1 )(2 )(3 )]
8: 345a5db0-d94f-4e3b-a0c0-7c42f7bc3ebf, 1, 0 [(0 [0xC004F014, 0, 0], [(?)(?)(?)(?)(?)(?)(?)(?)])(1 )(2 )(3 )]
9: 377333b1-8b5d-48d6-9679-1225c872d37c, 1, 0 [(0 [0xC004F014, 0, 0], [(?)(?)(?)(?)(?)(?)(?)(?)])(1 )(2 )(3 )]
10: 3df374ef-d444-4494-a5a1-4b0d9fd0e203, 1, 0 [(0 [0xC004F014, 0, 0], [(?)(?)(?)(?)(?)(?)(?)(?)])(1 )(2 )(3 )]
11: 3f1afc82-f8ac-4f6c-8005-1d233e606eee, 1, 0 [(0 [0xC004F014, 0, 0], [(?)(?)(?)(?)(?)(?)(?)(?)])(1 )(2 )(3 )]
12: 49cd895b-53b2-4dc4-a5f7-b18aa019ad37, 1, 0 [(0 [0xC004F014, 0, 0], [(?)(?)(?)(?)(?)(?)(?)(?)])(1 )(2 )(3 )]
13: 4de7cb65-cdf1-4de9-8ae8-e3cce27b9f2c, 1, 0 [(0 [0xC004F014, 0, 0], [(?)(?)(?)(?)(?)(?)(?)(?)])(1 )(2 )(3 )]
14: 4f3da0d2-271d-4508-ae81-626b60809a38, 1, 0 [(0 [0xC004F014, 0, 0], [(?)(?)(?)(?)(?)(?)(?)(?)])(1 )(2 )(3 )]
15: 613d217f-7f13-4268-9907-1662339531cd, 1, 0 [(0 [0xC004F014, 0, 0], [(?)(?)(?)(?)(?)(?)(?)(?)])(1 )(2 )(3 )]
16: 62f0c100-9c53-4e02-b886-a3528ddfe7f6, 1, 0 [(0 [0xC004F014, 0, 0], [(?)(?)(?)(?)(?)(?)(?)(?)])(1 )(2 )(3 )]
17: 73111121-5638-40f6-bc11-f1d7b0d64300, 1, 1 [(0 [0x00000000, 1, 0], [(?)( 1 0x00000000)(?)( 2 0x00000000 0 0 msft:rm/algorithm/volume/1.0 0x00000000 190275)(?)(?)( 10 0x00000000 msft:rm/algorithm/flags/1.0)(?)])(1 )(2 )(3 )]
18: 7a802526-4c94-4bd1-ba14-835a1aca2120, 1, 0 [(0 [0xC004F014, 0, 0], [(?)(?)(?)(?)(?)(?)(?)(?)])(1 )(2 )(3 )]
19: 7cb546c0-c7d5-44d8-9a5c-69ecdd782b69, 1, 0 [(0 [0xC004F014, 0, 0], [(?)(?)(?)(?)(?)(?)(?)(?)])(1 )(2 )(3 )]
20: 8b351c9c-f398-4515-9900-09df49427262, 1, 0 [(0 [0xC004F014, 0, 0], [(?)(?)(?)(?)(?)(?)(?)(?)])(1 )(2 )(3 )]
21: b0773a15-df3a-4312-9ad2-83d69648e356, 1, 0 [(0 [0xC004F014, 0, 0], [(?)(?)(?)(?)(?)(?)(?)(?)])(1 )(2 )(3 )]
22: bd3762d7-270d-4760-8fb3-d829ca45278a, 1, 0 [(0 [0xC004F014, 0, 0], [(?)(?)(?)(?)(?)(?)(?)(?)])(1 )(2 )(3 )]
23: c86d5194-4840-4dae-9c1c-0301003a5ab0, 1, 0 [(0 [0xC004F014, 0, 0], [(?)(?)(?)(?)(?)(?)(?)(?)])(1 )(2 )(3 )]
24: d552befb-48cc-4327-8f39-47d2d94f987c, 1, 0 [(0 [0xC004F014, 0, 0], [(?)(?)(?)(?)(?)(?)(?)(?)])(1 )(2 )(3 )]
25: d6eadb3b-5ca8-4a6b-986e-35b550756111, 1, 0 [(0 [0xC004F014, 0, 0], [(?)(?)(?)(?)(?)(?)(?)(?)])(1 )(2 )(3 )]
26: e7a950a2-e548-4f10-bf16-02ec848e0643, 1, 0 [(0 [0xC004F014, 0, 0], [(?)(?)(?)(?)(?)(?)(?)(?)])(1 )(2 )(3 )]
27: ef51e000-2659-4f25-8345-3de70a9cf4c4, 1, 0 [(0 [0xC004F014, 0, 0], [(?)(?)(?)(?)(?)(?)(?)(?)])(1 )(2 )(3 )]
28: fe74f55b-0338-41d6-b267-4a201abe7285, 1, 0 [(0 [0xC004F014, 0, 0], [(?)(?)(?)(?)(?)(?)(?)(?)])(1 )(2 )(3 )]

"
Information,7/17/2018 9:47:32 AM,Microsoft-Windows-Security-SPP,1003,None,"The Software Protection service has completed licensing status check.
Application Id=55c92734-d682-4d71-983e-d6ec3f16059f
Licensing Status=
1: 040fa323-92b1-4baf-97a2-5b67feaefddb, 1, 0 [(0 [0xC004F014, 0, 0], [(?)(?)(?)(?)(?)(?)(?)(?)])(1 )(2 )(3 )]
2: 0724cb7d-3437-4cb7-93cb-830375d0079d, 1, 0 [(0 [0xC004F014, 0, 0], [(?)(?)(?)(?)(?)(?)(?)(?)])(1 )(2 )(3 )]
3: 221a02da-e2a1-4b75-864c-0a4410a33fdf, 1, 0 [(0 [0xC004F014, 0, 0], [(?)(?)(?)(?)(?)(?)(?)(?)])(1 )(2 )(3 )]
4: 2c293c26-a45a-4a2a-a350-c69a67097529, 1, 0 [(0 [0xC004F014, 0, 0], [(?)(?)(?)(?)(?)(?)(?)(?)])(1 )(2 )(3 )]
5: 2de67392-b7a7-462a-b1ca-108dd189f588, 1, 0 [(0 [0xC004F014, 0, 0], [(?)(?)(?)(?)(?)(?)(?)(?)])(1 )(2 )(3 )]
6: 2ffd8952-423e-4903-b993-72a1aa44cf82, 1, 0 [(0 [0xC004F014, 0, 0], [(?)(?)(?)(?)(?)(?)(?)(?)])(1 )(2 )(3 )]
7: 30a42c86-b7a0-4a34-8c90-ff177cb2acb7, 1, 0 [(0 [0xC004F014, 0, 0], [(?)(?)(?)(?)(?)(?)(?)(?)])(1 )(2 )(3 )]
8: 345a5db0-d94f-4e3b-a0c0-7c42f7bc3ebf, 1, 0 [(0 [0xC004F014, 0, 0], [(?)(?)(?)(?)(?)(?)(?)(?)])(1 )(2 )(3 )]
9: 377333b1-8b5d-48d6-9679-1225c872d37c, 1, 0 [(0 [0xC004F014, 0, 0], [(?)(?)(?)(?)(?)(?)(?)(?)])(1 )(2 )(3 )]
10: 3df374ef-d444-4494-a5a1-4b0d9fd0e203, 1, 0 [(0 [0xC004F014, 0, 0], [(?)(?)(?)(?)(?)(?)(?)(?)])(1 )(2 )(3 )]
11: 3f1afc82-f8ac-4f6c-8005-1d233e606eee, 1, 0 [(0 [0xC004F014, 0, 0], [(?)(?)(?)(?)(?)(?)(?)(?)])(1 )(2 )(3 )]
12: 49cd895b-53b2-4dc4-a5f7-b18aa019ad37, 1, 0 [(0 [0xC004F014, 0, 0], [(?)(?)(?)(?)(?)(?)(?)(?)])(1 )(2 )(3 )]
13: 4de7cb65-cdf1-4de9-8ae8-e3cce27b9f2c, 1, 0 [(0 [0xC004F014, 0, 0], [(?)(?)(?)(?)(?)(?)(?)(?)])(1 )(2 )(3 )]
14: 4f3da0d2-271d-4508-ae81-626b60809a38, 1, 0 [(0 [0xC004F014, 0, 0], [(?)(?)(?)(?)(?)(?)(?)(?)])(1 )(2 )(3 )]
15: 613d217f-7f13-4268-9907-1662339531cd, 1, 0 [(0 [0xC004F014, 0, 0], [(?)(?)(?)(?)(?)(?)(?)(?)])(1 )(2 )(3 )]
16: 62f0c100-9c53-4e02-b886-a3528ddfe7f6, 1, 0 [(0 [0xC004F014, 0, 0], [(?)(?)(?)(?)(?)(?)(?)(?)])(1 )(2 )(3 )]
17: 73111121-5638-40f6-bc11-f1d7b0d64300, 1, 1 [(0 [0x00000000, 1, 0], [(?)( 1 0x00000000)(?)( 2 0x00000000 0 0 msft:rm/algorithm/volume/1.0 0x00000000 190275)(?)(?)( 10 0x00000000 msft:rm/algorithm/flags/1.0)(?)])(1 )(2 )(3 )]
18: 7a802526-4c94-4bd1-ba14-835a1aca2120, 1, 0 [(0 [0xC004F014, 0, 0], [(?)(?)(?)(?)(?)(?)(?)(?)])(1 )(2 )(3 )]
19: 7cb546c0-c7d5-44d8-9a5c-69ecdd782b69, 1, 0 [(0 [0xC004F014, 0, 0], [(?)(?)(?)(?)(?)(?)(?)(?)])(1 )(2 )(3 )]
20: 8b351c9c-f398-4515-9900-09df49427262, 1, 0 [(0 [0xC004F014, 0, 0], [(?)(?)(?)(?)(?)(?)(?)(?)])(1 )(2 )(3 )]
21: b0773a15-df3a-4312-9ad2-83d69648e356, 1, 0 [(0 [0xC004F014, 0, 0], [(?)(?)(?)(?)(?)(?)(?)(?)])(1 )(2 )(3 )]
22: bd3762d7-270d-4760-8fb3-d829ca45278a, 1, 0 [(0 [0xC004F014, 0, 0], [(?)(?)(?)(?)(?)(?)(?)(?)])(1 )(2 )(3 )]
23: c86d5194-4840-4dae-9c1c-0301003a5ab0, 1, 0 [(0 [0xC004F014, 0, 0], [(?)(?)(?)(?)(?)(?)(?)(?)])(1 )(2 )(3 )]
24: d552befb-48cc-4327-8f39-47d2d94f987c, 1, 0 [(0 [0xC004F014, 0, 0], [(?)(?)(?)(?)(?)(?)(?)(?)])(1 )(2 )(3 )]
25: d6eadb3b-5ca8-4a6b-986e-35b550756111, 1, 0 [(0 [0xC004F014, 0, 0], [(?)(?)(?)(?)(?)(?)(?)(?)])(1 )(2 )(3 )]
26: e7a950a2-e548-4f10-bf16-02ec848e0643, 1, 0 [(0 [0xC004F014, 0, 0], [(?)(?)(?)(?)(?)(?)(?)(?)])(1 )(2 )(3 )]
27: ef51e000-2659-4f25-8345-3de70a9cf4c4, 1, 0 [(0 [0xC004F014, 0, 0], [(?)(?)(?)(?)(?)(?)(?)(?)])(1 )(2 )(3 )]
28: fe74f55b-0338-41d6-b267-4a201abe7285, 1, 0 [(0 [0xC004F014, 0, 0], [(?)(?)(?)(?)(?)(?)(?)(?)])(1 )(2 )(3 )]

"
Information,7/17/2018 9:47:31 AM,Microsoft-Windows-Security-SPP,12288,None,"The client has sent an activation request to the key management service machine.
Info:
0x80072AF9, 0x00000000, vmw8redstone03.corp.premierinc.com:1688, 98e315f1-2e03-4cfa-b026-ef79751044b4, 2018/07/17 15:45, 1, 1, 190277, 73111121-5638-40f6-bc11-f1d7b0d64300, 25"
Information,7/17/2018 9:47:31 AM,Microsoft-Windows-Security-SPP,12288,None,"The client has sent an activation request to the key management service machine.
Info:
0x80072AF9, 0x00000000, vmw8su_c_01.corp.premierinc.com:1688, 98e315f1-2e03-4cfa-b026-ef79751044b4, 2018/07/17 15:45, 1, 1, 190277, 73111121-5638-40f6-bc11-f1d7b0d64300, 25"
Information,7/17/2018 9:47:31 AM,Microsoft-Windows-Security-SPP,12288,None,"The client has sent an activation request to the key management service machine.
Info:
0x80072AF9, 0x00000000, vmW7x64Off10v11.corp.premierinc.com:1688, 98e315f1-2e03-4cfa-b026-ef79751044b4, 2018/07/17 15:45, 1, 1, 190277, 73111121-5638-40f6-bc11-f1d7b0d64300, 25"
Information,7/17/2018 9:47:31 AM,Microsoft-Windows-Security-SPP,12288,None,"The client has sent an activation request to the key management service machine.
Info:
0x80072AF9, 0x00000000, vmw8su_name.corp.premierinc.com:1688, 98e315f1-2e03-4cfa-b026-ef79751044b4, 2018/07/17 15:45, 1, 1, 190277, 73111121-5638-40f6-bc11-f1d7b0d64300, 25"
Information,7/17/2018 9:47:31 AM,Microsoft-Windows-Security-SPP,12288,None,"The client has sent an activation request to the key management service machine.
Info:
0xC004F042, 0x00000000, c2pieposcan2.corp.premierinc.com:1688, 98e315f1-2e03-4cfa-b026-ef79751044b4, 2018/07/17 15:45, 1, 1, 190277, 73111121-5638-40f6-bc11-f1d7b0d64300, 25"
Information,7/17/2018 9:47:30 AM,Microsoft-Windows-Security-SPP,12288,None,"The client has sent an activation request to the key management service machine.
Info:
0xC0020017, 0x00000000, 46500RKISSICK-8.corp.premierinc.com:1688, 98e315f1-2e03-4cfa-b026-ef79751044b4, 2018/07/17 15:45, 1, 1, 190277, 73111121-5638-40f6-bc11-f1d7b0d64300, 25"
Information,7/17/2018 9:47:09 AM,Microsoft-Windows-Security-SPP,12288,None,"The client has sent an activation request to the key management service machine.
Info:
0xC0020017, 0x00000000, 46499FMAHONEY-8.corp.premierinc.com:1688, 98e315f1-2e03-4cfa-b026-ef79751044b4, 2018/07/17 15:45, 1, 1, 190277, 73111121-5638-40f6-bc11-f1d7b0d64300, 25"
Information,7/17/2018 9:46:48 AM,Microsoft-Windows-Security-SPP,12288,None,"The client has sent an activation request to the key management service machine.
Info:
0xC0020017, 0x00000000, 46534NSMITH2-8.corp.premierinc.com:1688, 98e315f1-2e03-4cfa-b026-ef79751044b4, 2018/07/17 15:45, 1, 1, 190277, 73111121-5638-40f6-bc11-f1d7b0d64300, 25"
Information,7/17/2018 9:46:27 AM,Microsoft-Windows-Security-SPP,12288,None,"The client has sent an activation request to the key management service machine.
Info:
0x80072AF9, 0x00000000, vmw7x64off13v11.corp.premierinc.com:1688, 98e315f1-2e03-4cfa-b026-ef79751044b4, 2018/07/17 15:45, 1, 1, 190277, 73111121-5638-40f6-bc11-f1d7b0d64300, 25"
Information,7/17/2018 9:46:27 AM,Microsoft-Windows-Security-SPP,12288,None,"The client has sent an activation request to the key management service machine.
Info:
0xC004F042, 0x00000000, c3piadmin1.corp.premierinc.com:1688, 98e315f1-2e03-4cfa-b026-ef79751044b4, 2018/07/17 15:45, 1, 1, 190277, 73111121-5638-40f6-bc11-f1d7b0d64300, 25"
Information,7/17/2018 9:46:27 AM,Microsoft-Windows-Security-SPP,12288,None,"The client has sent an activation request to the key management service machine.
Info:
0x8007000D, 0x00000000, c3pigpsdsh2.corp.premierinc.com:1688, 98e315f1-2e03-4cfa-b026-ef79751044b4, 2018/07/17 15:45, 1, 1, 190277, 73111121-5638-40f6-bc11-f1d7b0d64300, 25"
Information,7/17/2018 9:46:27 AM,Microsoft-Windows-Security-SPP,12288,None,"The client has sent an activation request to the key management service machine.
Info:
0xC004F042, 0x00000000, c3pimdt1.corp.premierinc.com:1688, 98e315f1-2e03-4cfa-b026-ef79751044b4, 2018/07/17 15:45, 1, 1, 190277, 73111121-5638-40f6-bc11-f1d7b0d64300, 25"
Information,7/17/2018 9:46:27 AM,Microsoft-Windows-Security-SPP,12288,None,"The client has sent an activation request to the key management service machine.
Info:
0xC0020017, 0x00000000, 46532CSAPP-W8.corp.premierinc.com:1688, 98e315f1-2e03-4cfa-b026-ef79751044b4, 2018/07/17 15:45, 1, 1, 190277, 73111121-5638-40f6-bc11-f1d7b0d64300, 25"
Information,7/17/2018 9:46:05 AM,Microsoft-Windows-Security-SPP,12288,None,"The client has sent an activation request to the key management service machine.
Info:
0xC0020017, 0x00000000, 46494TWINNING-8.corp.premierinc.com:1688, 98e315f1-2e03-4cfa-b026-ef79751044b4, 2018/07/17 15:45, 1, 1, 190277, 73111121-5638-40f6-bc11-f1d7b0d64300, 25"
Information,7/17/2018 9:45:44 AM,Microsoft-Windows-Security-SPP,12288,None,"The client has sent an activation request to the key management service machine.
Info:
0xC0020017, 0x00000000, vmw8su_c_001.corp.premierinc.com:1688, 98e315f1-2e03-4cfa-b026-ef79751044b4, 2018/07/17 15:45, 1, 1, 190277, 73111121-5638-40f6-bc11-f1d7b0d64300, 25"
Information,7/17/2018 9:45:43 AM,Microsoft-Windows-Security-SPP,12288,None,"The client has sent an activation request to the key management service machine.
Info:
0xC0020017, 0x00000000, 46533DOKELLEY-8.corp.premierinc.com:1688, 98e315f1-2e03-4cfa-b026-ef79751044b4, 2018/07/17 15:45, 1, 1, 190277, 73111121-5638-40f6-bc11-f1d7b0d64300, 25"
Information,7/17/2018 9:45:22 AM,Microsoft-Windows-Security-SPP,12288,None,"The client has sent an activation request to the key management service machine.
Info:
0xC0020017, 0x00000000, 46497ALEWIS1-W8.corp.premierinc.com:1688, 98e315f1-2e03-4cfa-b026-ef79751044b4, 2018/07/17 15:45, 1, 1, 190277, 73111121-5638-40f6-bc11-f1d7b0d64300, 25"
Information,7/17/2018 9:45:11 AM,MsiInstaller,1042,None,Ending a Windows Installer transaction: C:\WINDOWS\TEMP\mfe5752.tmp\MFEagent_x64.msi. Client Process Id: 24812.
Information,7/17/2018 9:45:11 AM,MsiInstaller,1033,None,"Windows Installer installed the product. Product Name: McAfee Agent. Product Version: 5.05.1008. Product Language: 1033. Manufacturer: McAfee, Inc.. Installation success or error status: 0."
Information,7/17/2018 9:45:11 AM,MsiInstaller,11707,None,Product: McAfee Agent -- Installation operation completed successfully.
Information,7/17/2018 9:45:01 AM,Microsoft-Windows-Security-SPP,12288,None,"The client has sent an activation request to the key management service machine.
Info:
0x80072AF9, 0x00000000, vmw8redstone01.corp.premierinc.com:1688, 98e315f1-2e03-4cfa-b026-ef79751044b4, 2018/07/17 15:45, 1, 1, 190277, 73111121-5638-40f6-bc11-f1d7b0d64300, 25"
Information,7/17/2018 9:44:59 AM,Microsoft-Windows-Security-SPP,12288,None,"The client has sent an activation request to the key management service machine.
Info:
0x8007000D, 0x00000000, c3pigpsdsh2.corp.premierinc.com:1688, 98e315f1-2e03-4cfa-b026-ef79751044b4, 2018/07/17 15:42, 1, 1, 190280, 73111121-5638-40f6-bc11-f1d7b0d64300, 25"
Information,7/17/2018 9:44:59 AM,Microsoft-Windows-Security-SPP,12288,None,"The client has sent an activation request to the key management service machine.
Info:
0xC004F042, 0x00000000, c2pieposcan2.corp.premierinc.com:1688, 98e315f1-2e03-4cfa-b026-ef79751044b4, 2018/07/17 15:42, 1, 1, 190280, 73111121-5638-40f6-bc11-f1d7b0d64300, 25"
Information,7/17/2018 9:44:58 AM,Microsoft-Windows-Security-SPP,12288,None,"The client has sent an activation request to the key management service machine.
Info:
0x80072AF9, 0x00000000, vmw8redstone01.corp.premierinc.com:1688, 98e315f1-2e03-4cfa-b026-ef79751044b4, 2018/07/17 15:42, 1, 1, 190280, 73111121-5638-40f6-bc11-f1d7b0d64300, 25"
Information,7/17/2018 9:44:58 AM,Microsoft-Windows-Security-SPP,12288,None,"The client has sent an activation request to the key management service machine.
Info:
0xC0020017, 0x00000000, 46534NSMITH2-8.corp.premierinc.com:1688, 98e315f1-2e03-4cfa-b026-ef79751044b4, 2018/07/17 15:42, 1, 1, 190280, 73111121-5638-40f6-bc11-f1d7b0d64300, 25"
Information,7/17/2018 9:44:37 AM,Microsoft-Windows-Security-SPP,12288,None,"The client has sent an activation request to the key management service machine.
Info:
0xC0020017, 0x00000000, 46533DOKELLEY-8.corp.premierinc.com:1688, 98e315f1-2e03-4cfa-b026-ef79751044b4, 2018/07/17 15:42, 1, 1, 190280, 73111121-5638-40f6-bc11-f1d7b0d64300, 25"
Information,7/17/2018 9:44:16 AM,Microsoft-Windows-Security-SPP,12288,None,"The client has sent an activation request to the key management service machine.
Info:
0xC004F042, 0x00000000, c3pimdt1.corp.premierinc.com:1688, 98e315f1-2e03-4cfa-b026-ef79751044b4, 2018/07/17 15:42, 1, 1, 190280, 73111121-5638-40f6-bc11-f1d7b0d64300, 25"
Information,7/17/2018 9:44:16 AM,Microsoft-Windows-Security-SPP,12288,None,"The client has sent an activation request to the key management service machine.
Info:
0xC0020017, 0x00000000, 46499FMAHONEY-8.corp.premierinc.com:1688, 98e315f1-2e03-4cfa-b026-ef79751044b4, 2018/07/17 15:42, 1, 1, 190280, 73111121-5638-40f6-bc11-f1d7b0d64300, 25"
Information,7/17/2018 9:43:55 AM,Microsoft-Windows-Security-SPP,12288,None,"The client has sent an activation request to the key management service machine.
Info:
0x80072AF9, 0x00000000, vmw8su_c_01.corp.premierinc.com:1688, 98e315f1-2e03-4cfa-b026-ef79751044b4, 2018/07/17 15:42, 1, 1, 190280, 73111121-5638-40f6-bc11-f1d7b0d64300, 25"
Information,7/17/2018 9:43:55 AM,Microsoft-Windows-Security-SPP,12288,None,"The client has sent an activation request to the key management service machine.
Info:
0xC0020017, 0x00000000, 46532CSAPP-W8.corp.premierinc.com:1688, 98e315f1-2e03-4cfa-b026-ef79751044b4, 2018/07/17 15:42, 1, 1, 190280, 73111121-5638-40f6-bc11-f1d7b0d64300, 25"
Information,7/17/2018 9:43:34 AM,Microsoft-Windows-Security-SPP,12288,None,"The client has sent an activation request to the key management service machine.
Info:
0x80072AF9, 0x00000000, vmw8redstone03.corp.premierinc.com:1688, 98e315f1-2e03-4cfa-b026-ef79751044b4, 2018/07/17 15:42, 1, 1, 190280, 73111121-5638-40f6-bc11-f1d7b0d64300, 25"
Information,7/17/2018 9:43:34 AM,Microsoft-Windows-Security-SPP,12288,None,"The client has sent an activation request to the key management service machine.
Info:
0xC0020017, 0x00000000, 46494TWINNING-8.corp.premierinc.com:1688, 98e315f1-2e03-4cfa-b026-ef79751044b4, 2018/07/17 15:42, 1, 1, 190280, 73111121-5638-40f6-bc11-f1d7b0d64300, 25"
Information,7/17/2018 9:43:13 AM,Microsoft-Windows-Security-SPP,12288,None,"The client has sent an activation request to the key management service machine.
Info:
0xC0020017, 0x00000000, 46500RKISSICK-8.corp.premierinc.com:1688, 98e315f1-2e03-4cfa-b026-ef79751044b4, 2018/07/17 15:42, 1, 1, 190280, 73111121-5638-40f6-bc11-f1d7b0d64300, 25"
Error,7/17/2018 9:42:56 AM,Microsoft-Windows-Security-SPP,8198,None,"License Activation (slui.exe) failed with the following error code:
hr=0xC004F074
Command-line arguments:
RuleId=502ff3ba-669a-4674-bbb1-601f34a3b968;Action=AutoActivateSilent;AppId=55c92734-d682-4d71-983e-d6ec3f16059f;SkuId=73111121-5638-40f6-bc11-f1d7b0d64300;NotificationInterval=1440;Trigger=TimerEvent"
