Information,7/17/2018 9:12:31 AM,Microsoft-Windows-Security-SPP,12288,None,"The client has sent an activation request to the key management service machine.
Info:
0x8007000D, 0x00000000, c3pigpsdsh2.corp.premierinc.com:1688, 98e315f1-2e03-4cfa-b026-ef79751044b4, 2018/07/17 15:12, 1, 1, 190310, 73111121-5638-40f6-bc11-f1d7b0d64300, 25"
Information,7/17/2018 9:12:30 AM,Microsoft-Windows-Security-SPP,12288,None,"The client has sent an activation request to the key management service machine.
Info:
0x80072AF9, 0x00000000, vmw7x64off13v11.corp.premierinc.com:1688, 98e315f1-2e03-4cfa-b026-ef79751044b4, 2018/07/17 15:12, 1, 1, 190310, 73111121-5638-40f6-bc11-f1d7b0d64300, 25"
Information,7/17/2018 9:12:30 AM,Microsoft-Windows-Security-SPP,12288,None,"The client has sent an activation request to the key management service machine.
Info:
0xC0020017, 0x00000000, 46500RKISSICK-8.corp.premierinc.com:1688, 98e315f1-2e03-4cfa-b026-ef79751044b4, 2018/07/17 15:12, 1, 1, 190310, 73111121-5638-40f6-bc11-f1d7b0d64300, 25"
Information,7/17/2018 9:12:24 AM,Microsoft-Windows-Security-SPP,8230,None,"The rules engine successfully re-evaluated the schedule.
Kernel policies:
Security-SPP-Action-StateData (REG_SZ) =AppId=55c92734-d682-4d71-983e-d6ec3f16059f;GraceEndDate=2018/11/26:19:02:17;LastConsumptionReason=0x00000000;LastNotificationId=VolumeRenewalRequired;LicenseState=SL_LICENSING_STATUS_LICENSED;PartialProductKey=2YT43;ProductKeyType=Volume:GVLK;SkuId=73111121-5638-40f6-bc11-f1d7b0d64300;ruleId=502ff3ba-669a-4674-bbb1-601f34a3b968;uxDifferentiator=ENVIRONMENT;volumeActivationOrder=normal"
Warning,7/17/2018 9:12:17 AM,ESENT,472,Logging/Recovery,taskhostw (14136) WebCacheLocal: The shadow header page of file C:\Users\mliu\AppData\Local\Microsoft\Windows\WebCache\V01.chk was damaged. The primary header page (4096 bytes) was used instead.
Information,7/17/2018 9:12:15 AM,igfxCUIService1.0.0.0,0,None,"The description for Event ID 0 from source igfxCUIService1.0.0.0 cannot be found. Either the component that raises this event is not installed on your local computer or the installation is corrupted. You can install or repair the component on the local computer.

If the event originated on another computer, the display information had to be saved with the event.

The following information was included with the event: 

Received Post Shell Event 9

"
Information,7/17/2018 9:12:15 AM,Microsoft-Windows-Winlogon,6000,None,The winlogon notification subscriber <SessionEnv> was unavailable to handle a notification event.
Information,7/17/2018 9:12:13 AM,SynTPEnhService,0,None,"The description for Event ID 0 from source SynTPEnhService cannot be found. Either the component that raises this event is not installed on your local computer or the installation is corrupted. You can install or repair the component on the local computer.

If the event originated on another computer, the display information had to be saved with the event.

The following information was included with the event: 

SynTPEnhService
CEnhanceCallerService::Update: SessionID: 9
"
Information,7/17/2018 9:12:13 AM,SynTPEnhService,0,None,"The description for Event ID 0 from source SynTPEnhService cannot be found. Either the component that raises this event is not installed on your local computer or the installation is corrupted. You can install or repair the component on the local computer.

If the event originated on another computer, the display information had to be saved with the event.

The following information was included with the event: 

SynTPEnhService
CEnhanceCallerService::Update: Message1: 26, Message2:28
"
Information,7/17/2018 9:12:11 AM,SynTPEnhService,0,None,"The description for Event ID 0 from source SynTPEnhService cannot be found. Either the component that raises this event is not installed on your local computer or the installation is corrupted. You can install or repair the component on the local computer.

If the event originated on another computer, the display information had to be saved with the event.

The following information was included with the event: 

SynTPEnhService
Log on New Session:9 Launch Enh
"
Information,7/17/2018 9:12:11 AM,SynTPEnhService,0,None,"The description for Event ID 0 from source SynTPEnhService cannot be found. Either the component that raises this event is not installed on your local computer or the installation is corrupted. You can install or repair the component on the local computer.

If the event originated on another computer, the display information had to be saved with the event.

The following information was included with the event: 

SynTPEnhService
Session Changed User Log on
"
Information,7/17/2018 9:12:10 AM,igfxCUIService1.0.0.0,0,None,"The description for Event ID 0 from source igfxCUIService1.0.0.0 cannot be found. Either the component that raises this event is not installed on your local computer or the installation is corrupted. You can install or repair the component on the local computer.

If the event originated on another computer, the display information had to be saved with the event.

The following information was included with the event: 

Logon: 9

"
Information,7/17/2018 9:12:10 AM,igfxCUIService1.0.0.0,0,None,"The description for Event ID 0 from source igfxCUIService1.0.0.0 cannot be found. Either the component that raises this event is not installed on your local computer or the installation is corrupted. You can install or repair the component on the local computer.

If the event originated on another computer, the display information had to be saved with the event.

The following information was included with the event: 

Log on event received User1

"
Information,7/17/2018 9:12:10 AM,Avecto Defendpoint Service,300,None,"Detected user logon.								  Logon Session ID: 88089168-d12c-4ddf-b55f-28cf42534d29 Administrator: true Power User: false Workstyle: Privilege Guard.Elevated Admin Workstyle Description: <None> Workstyle ID: 75621e41-e103-4e6b-8bc3-e87962b03ff7 User SID: S-1-5-21-1223559079-994587851-4263662072-43138 User Name: mliu User Domain SID: S-1-5-21-1223559079-994587851-4263662072 User Domain Name: CORP User Domain Name NetBIOS: CORP Host SID: S-1-5-21-1223559079-994587851-4263662072-125936 Host Name: 45212MLIU-7 Host Name NetBIOS: 45212MLIU-7 Host Domain SID: S-1-5-21-1223559079-994587851-4263662072 Host Domain Name: corp.premierinc.com Host Domain Name NetBIOS: CORP Event ID: 06b9aa7a-19e5-4ec1-8f87-bbfcfd2956d2 Logon Time: 131763139300848482 UI Language: 1033 Locale: 1033 Time Zone: Mountain Standard Time (+420) Terminal Session ID: 9 IP4 Addresses: 169.254.207.82,127.0.0.1,192.168.163.1,192.168.26.1,206.71.92.121"
Information,7/17/2018 9:12:09 AM,Microsoft-Windows-Security-SPP,12288,None,"The client has sent an activation request to the key management service machine.
Info:
0xC0020017, 0x00000000, vmw8su_c_001.corp.premierinc.com:1688, 98e315f1-2e03-4cfa-b026-ef79751044b4, 2018/07/17 15:12, 1, 1, 190310, 73111121-5638-40f6-bc11-f1d7b0d64300, 25"
Information,7/17/2018 9:12:08 AM,Microsoft-Windows-Security-SPP,12288,None,"The client has sent an activation request to the key management service machine.
Info:
0x80072AF9, 0x00000000, vmW7x64Off10v11.corp.premierinc.com:1688, 98e315f1-2e03-4cfa-b026-ef79751044b4, 2018/07/17 15:12, 1, 1, 190310, 73111121-5638-40f6-bc11-f1d7b0d64300, 25"
Information,7/17/2018 9:12:08 AM,Microsoft-Windows-Winlogon,6003,None,The winlogon notification subscriber <SessionEnv> was unavailable to handle a critical notification event.
Information,7/17/2018 9:12:07 AM,Microsoft-Windows-Security-SPP,8230,None,"The rules engine successfully re-evaluated the schedule.
Kernel policies:
Security-SPP-Action-StateData (REG_SZ) =AppId=55c92734-d682-4d71-983e-d6ec3f16059f;GraceEndDate=2018/11/26:19:02:04;LastConsumptionReason=0x00000000;LastNotificationId=VolumeRenewalRequired;LicenseState=SL_LICENSING_STATUS_LICENSED;PartialProductKey=2YT43;ProductKeyType=Volume:GVLK;SkuId=73111121-5638-40f6-bc11-f1d7b0d64300;ruleId=502ff3ba-669a-4674-bbb1-601f34a3b968;uxDifferentiator=ENVIRONMENT;volumeActivationOrder=normal"
Warning,7/17/2018 9:12:01 AM,Microsoft-Windows-CertificateServicesClient-AutoEnrollment,64,None,Certificate for local system with Thumbprint c3 61 c2 31 d0 73 ec db 79 3f e9 10 64 1d b0 49 50 29 15 be is about to expire or already expired.
Information,7/16/2018 5:26:26 PM,SynTPEnhService,0,None,"The description for Event ID 0 from source SynTPEnhService cannot be found. Either the component that raises this event is not installed on your local computer or the installation is corrupted. You can install or repair the component on the local computer.

If the event originated on another computer, the display information had to be saved with the event.

The following information was included with the event: 

SynTPEnhService
SessionId:8 no longer exist remove it

"
Information,7/16/2018 5:26:20 PM,Microsoft-Windows-Winlogon,6000,None,The winlogon notification subscriber <SessionEnv> was unavailable to handle a notification event.
Information,7/16/2018 5:26:20 PM,Microsoft-Windows-Security-SPP,16384,None,Successfully scheduled Software Protection service for re-start at 2018-07-17T15:23:20Z. Reason: RulesEngine.
Information,7/16/2018 5:26:18 PM,Microsoft-Windows-User Profiles Service,1530,None,"Windows detected your registry file is still in use by other applications or services. The file will be unloaded now. The applications or services that hold your registry file may not function properly afterwards. No user action is required.  

 DETAIL - 
 21 user registry handles leaked from \Registry\User\S-1-5-21-1223559079-994587851-4263662072-43138:
Process 10688 (\Device\HarddiskVolume2\Windows\System32\winlogon.exe) has opened key \REGISTRY\USER\S-1-5-21-1223559079-994587851-4263662072-43138
Process 740 (\Device\HarddiskVolume2\Windows\System32\svchost.exe) has opened key \REGISTRY\USER\S-1-5-21-1223559079-994587851-4263662072-43138\System\GameConfigStore\Parents
Process 18864 (\Device\HarddiskVolume2\Windows\System32\svchost.exe) has opened key \REGISTRY\USER\S-1-5-21-1223559079-994587851-4263662072-43138\Software\Microsoft\CommsAPHost\Test
Process 740 (\Device\HarddiskVolume2\Windows\System32\svchost.exe) has opened key \REGISTRY\USER\S-1-5-21-1223559079-994587851-4263662072-43138\System\GameConfigStore
Process 4092 (\Device\HarddiskVolume2\Windows\System32\svchost.exe) has opened key \REGISTRY\USER\S-1-5-21-1223559079-994587851-4263662072-43138\Software\Policies\Microsoft\Windows\CloudContent
Process 1880 (\Device\HarddiskVolume2\Windows\System32\svchost.exe) has opened key \REGISTRY\USER\S-1-5-21-1223559079-994587851-4263662072-43138\Software\Microsoft\Windows\CurrentVersion\PushNotifications
Process 5156 (\Device\HarddiskVolume2\Windows\System32\svchost.exe) has opened key \REGISTRY\USER\S-1-5-21-1223559079-994587851-4263662072-43138\Software\Microsoft\Windows\CurrentVersion\Uninstall
Process 18864 (\Device\HarddiskVolume2\Windows\System32\svchost.exe) has opened key \REGISTRY\USER\S-1-5-21-1223559079-994587851-4263662072-43138\Software\Microsoft\Windows\CurrentVersion\Explorer
Process 1880 (\Device\HarddiskVolume2\Windows\System32\svchost.exe) has opened key \REGISTRY\USER\S-1-5-21-1223559079-994587851-4263662072-43138\Software\Microsoft\Windows\CurrentVersion\Explorer
Process 4092 (\Device\HarddiskVolume2\Windows\System32\svchost.exe) has opened key \REGISTRY\USER\S-1-5-21-1223559079-994587851-4263662072-43138\Software\Microsoft\Windows\CurrentVersion\Privacy
Process 7316 (\Device\HarddiskVolume2\Windows\System32\wbem\WmiPrvSE.exe) has opened key \REGISTRY\USER\S-1-5-21-1223559079-994587851-4263662072-43138\Software\Xerox\PrinterDriver\V5.0\NamedSettings\UNIV
Process 4092 (\Device\HarddiskVolume2\Windows\System32\svchost.exe) has opened key \REGISTRY\USER\S-1-5-21-1223559079-994587851-4263662072-43138\Software\Policies\Microsoft\Windows\DataCollection
Process 18864 (\Device\HarddiskVolume2\Windows\System32\svchost.exe) has opened key \REGISTRY\USER\S-1-5-21-1223559079-994587851-4263662072-43138\Software\Microsoft\Internet Explorer\Main
Process 1880 (\Device\HarddiskVolume2\Windows\System32\svchost.exe) has opened key \REGISTRY\USER\S-1-5-21-1223559079-994587851-4263662072-43138\Software\Microsoft\Internet Explorer\Main
Process 12492 (<Unknown>) has opened key \REGISTRY\USER\S-1-5-21-1223559079-994587851-4263662072-43138\Software\Microsoft\Windows NT\CurrentVersion\Fonts
Process 740 (\Device\HarddiskVolume2\Windows\System32\svchost.exe) has opened key \REGISTRY\USER\S-1-5-21-1223559079-994587851-4263662072-43138\System\GameConfigStore\Children
Process 18864 (\Device\HarddiskVolume2\Windows\System32\svchost.exe) has opened key \REGISTRY\USER\S-1-5-21-1223559079-994587851-4263662072-43138\Software\Microsoft\Internet Explorer\Security
Process 1880 (\Device\HarddiskVolume2\Windows\System32\svchost.exe) has opened key \REGISTRY\USER\S-1-5-21-1223559079-994587851-4263662072-43138\Software\Microsoft\Internet Explorer\Security
Process 1880 (\Device\HarddiskVolume2\Windows\System32\svchost.exe) has opened key \REGISTRY\USER\S-1-5-21-1223559079-994587851-4263662072-43138\Software\Microsoft\Windows\CurrentVersion\PushNotifications\wpnidm
Process 18864 (\Device\HarddiskVolume2\Windows\System32\svchost.exe) has opened key \REGISTRY\USER\S-1-5-21-1223559079-994587851-4263662072-43138\Software\Microsoft\Unified Store\HighWaterMarks\C:_Users_mliu_AppData_Local_Comms_UnistoreDB_store.vol
Process 7316 (\Device\HarddiskVolume2\Windows\System32\wbem\WmiPrvSE.exe) has opened key \REGISTRY\USER\S-1-5-21-1223559079-994587851-4263662072-43138\Software\Xerox\PrinterDriver\V5.0\ApplicationDefaults\UNIV
"
Information,7/16/2018 5:26:16 PM,SynTPEnhService,0,None,"The description for Event ID 0 from source SynTPEnhService cannot be found. Either the component that raises this event is not installed on your local computer or the installation is corrupted. You can install or repair the component on the local computer.

If the event originated on another computer, the display information had to be saved with the event.

The following information was included with the event: 

SynTPEnhService
Session Changed User Log off
"
Information,7/16/2018 5:26:15 PM,igfxCUIService1.0.0.0,0,None,"The description for Event ID 0 from source igfxCUIService1.0.0.0 cannot be found. Either the component that raises this event is not installed on your local computer or the installation is corrupted. You can install or repair the component on the local computer.

If the event originated on another computer, the display information had to be saved with the event.

The following information was included with the event: 

 Logoff: 8

"
Information,7/16/2018 5:26:15 PM,igfxCUIService1.0.0.0,0,None,"The description for Event ID 0 from source igfxCUIService1.0.0.0 cannot be found. Either the component that raises this event is not installed on your local computer or the installation is corrupted. You can install or repair the component on the local computer.

If the event originated on another computer, the display information had to be saved with the event.

The following information was included with the event: 

 Logoff: Test

"
Information,7/16/2018 5:26:12 PM,SynTPEnhService,0,None,"The description for Event ID 0 from source SynTPEnhService cannot be found. Either the component that raises this event is not installed on your local computer or the installation is corrupted. You can install or repair the component on the local computer.

If the event originated on another computer, the display information had to be saved with the event.

The following information was included with the event: 

SynTPEnhService
CEnhanceCallerService::Update: SessionID: 8
"
Information,7/16/2018 5:26:12 PM,SynTPEnhService,0,None,"The description for Event ID 0 from source SynTPEnhService cannot be found. Either the component that raises this event is not installed on your local computer or the installation is corrupted. You can install or repair the component on the local computer.

If the event originated on another computer, the display information had to be saved with the event.

The following information was included with the event: 

SynTPEnhService
CEnhanceCallerService::Update: Message1: 26, Message2:28
"
Information,7/16/2018 5:26:11 PM,Desktop Window Manager,9027,None,The Desktop Window Manager has registered the session port.
Information,7/16/2018 5:26:09 PM,Microsoft-Windows-Winsrv,10001,None,The following application attempted to veto the shutdown: mctray.exe.
Information,7/16/2018 5:26:09 PM,SynTPEnhService,0,None,"The description for Event ID 0 from source SynTPEnhService cannot be found. Either the component that raises this event is not installed on your local computer or the installation is corrupted. You can install or repair the component on the local computer.

If the event originated on another computer, the display information had to be saved with the event.

The following information was included with the event: 

SynTPEnhService
Enh Exit with Exit Code: 0x40010004, ReLanuch Enh for Session:8
"
Information,7/16/2018 5:19:57 PM,Outlook,63,None,The Exchange web service request GetAppManifests succeeded. 
Information,7/16/2018 5:18:40 PM,SynTPEnhService,0,None,"The description for Event ID 0 from source SynTPEnhService cannot be found. Either the component that raises this event is not installed on your local computer or the installation is corrupted. You can install or repair the component on the local computer.

If the event originated on another computer, the display information had to be saved with the event.

The following information was included with the event: 

SynTPEnhService
Session Changed User unlock
"
Information,7/16/2018 5:16:56 PM,SynTPEnhService,0,None,"The description for Event ID 0 from source SynTPEnhService cannot be found. Either the component that raises this event is not installed on your local computer or the installation is corrupted. You can install or repair the component on the local computer.

If the event originated on another computer, the display information had to be saved with the event.

The following information was included with the event: 

SynTPEnhService
Session Changed User lock
"
Information,7/16/2018 5:02:46 PM,Microsoft-Windows-Security-SPP,1003,None,"The Software Protection service has completed licensing status check.
Application Id=0ff1ce15-a989-479d-af46-f275c6370663
Licensing Status=
1: e13ac10e-75d0-4aff-a0cd-764982cf541c, 1, 1 [(0 [0x00000000, 1, 0], [(?)( 1 0x00000000)(?)( 2 0x00000000 0 0 msft:rm/algorithm/volume/1.0 0x00000000 250114)(?)(?)(?)(?)])(1 )(2 )(3 )]

"
Information,7/16/2018 5:02:45 PM,Microsoft-Windows-Security-SPP,1003,None,"The Software Protection service has completed licensing status check.
Application Id=0ff1ce15-a989-479d-af46-f275c6370663
Licensing Status=
1: b322da9c-a2e2-4058-9e4e-f59a6970bd69, 1, 1 [(0 [0x00000000, 1, 0], [(?)( 1 0x00000000)(?)( 2 0x00000000 0 0 msft:rm/algorithm/volume/1.0 0x00000000 250114)(?)(?)(?)(?)])(1 )(2 )(3 )]

"
Information,7/16/2018 5:02:45 PM,Microsoft-Windows-Security-SPP,1003,None,"The Software Protection service has completed licensing status check.
Application Id=0ff1ce15-a989-479d-af46-f275c6370663
Licensing Status=
1: 427a28d1-d17c-4abf-b717-32c780ba6f07, 1, 1 [(0 [0x00000000, 1, 0], [(?)( 1 0x00000000)(?)( 2 0x00000000 0 0 msft:rm/algorithm/volume/1.0 0x00000000 250114)(?)(?)(?)(?)])(1 )(2 )(3 )]

"
Information,7/16/2018 5:02:45 PM,Microsoft-Windows-Security-SPP,1003,None,"The Software Protection service has completed licensing status check.
Application Id=0ff1ce15-a989-479d-af46-f275c6370663
Licensing Status=
1: 2b88c4f2-ea8f-43cd-805e-4d41346e18a7, 1, 0 [(0 [0xC004F014, 0, 0], [(?)(?)(?)(?)(?)(?)(?)(?)])(1 )(2 )(3 )]
2: 2b9e4a37-6230-4b42-bee2-e25ce86c8c7a, 1, 0 [(0 [0xC004F014, 0, 0], [(?)(?)(?)(?)(?)(?)(?)(?)])(1 )(2 )(3 )]
3: 3e4294dd-a765-49bc-8dbd-cf8b62a4bd3d, 1, 0 [(0 [0xC004F014, 0, 0], [(?)(?)(?)(?)(?)(?)(?)(?)])(1 )(2 )(3 )]
4: 427a28d1-d17c-4abf-b717-32c780ba6f07, 1, 1 [(0 [0x00000000, 1, 0], [(?)( 1 0x00000000)(?)( 2 0x00000000 0 0 msft:rm/algorithm/volume/1.0 0x00000000 250114)(?)(?)(?)(?)])(1 )(2 )(3 )]
5: b322da9c-a2e2-4058-9e4e-f59a6970bd69, 1, 1 [(0 [0x00000000, 1, 0], [(?)( 1 0x00000000)(?)( 2 0x00000000 0 0 msft:rm/algorithm/volume/1.0 0x00000000 250114)(?)(?)(?)(?)])(1 )(2 )(3 )]
6: e13ac10e-75d0-4aff-a0cd-764982cf541c, 1, 1 [(0 [0x00000000, 1, 0], [(?)( 1 0x00000000)(?)( 2 0x00000000 0 0 msft:rm/algorithm/volume/1.0 0x00000000 250114)(?)(?)(?)(?)])(1 )(2 )(3 )]

"
Information,7/16/2018 4:43:19 PM,VSS,8224,None,The VSS service is shutting down due to idle timeout. 
Information,7/16/2018 4:40:18 PM,Microsoft-Windows-MSMQ,2230,None,A backup (components: none) was completed successfully.
Information,7/16/2018 4:16:46 PM,Microsoft-Windows-Security-SPP,1003,None,"The Software Protection service has completed licensing status check.
Application Id=0ff1ce15-a989-479d-af46-f275c6370663
Licensing Status=
1: e13ac10e-75d0-4aff-a0cd-764982cf541c, 1, 1 [(0 [0x00000000, 1, 0], [(?)( 1 0x00000000)(?)( 2 0x00000000 0 0 msft:rm/algorithm/volume/1.0 0x00000000 250160)(?)(?)(?)(?)])(1 )(2 )(3 )]

"
Information,7/16/2018 4:16:46 PM,Microsoft-Windows-Security-SPP,1003,None,"The Software Protection service has completed licensing status check.
Application Id=0ff1ce15-a989-479d-af46-f275c6370663
Licensing Status=
1: b322da9c-a2e2-4058-9e4e-f59a6970bd69, 1, 1 [(0 [0x00000000, 1, 0], [(?)( 1 0x00000000)(?)( 2 0x00000000 0 0 msft:rm/algorithm/volume/1.0 0x00000000 250160)(?)(?)(?)(?)])(1 )(2 )(3 )]

"
Information,7/16/2018 4:16:46 PM,Microsoft-Windows-Security-SPP,1003,None,"The Software Protection service has completed licensing status check.
Application Id=0ff1ce15-a989-479d-af46-f275c6370663
Licensing Status=
1: 427a28d1-d17c-4abf-b717-32c780ba6f07, 1, 1 [(0 [0x00000000, 1, 0], [(?)( 1 0x00000000)(?)( 2 0x00000000 0 0 msft:rm/algorithm/volume/1.0 0x00000000 250160)(?)(?)(?)(?)])(1 )(2 )(3 )]

"
Information,7/16/2018 4:16:46 PM,Microsoft-Windows-Security-SPP,1003,None,"The Software Protection service has completed licensing status check.
Application Id=0ff1ce15-a989-479d-af46-f275c6370663
Licensing Status=
1: 2b88c4f2-ea8f-43cd-805e-4d41346e18a7, 1, 0 [(0 [0xC004F014, 0, 0], [(?)(?)(?)(?)(?)(?)(?)(?)])(1 )(2 )(3 )]
2: 2b9e4a37-6230-4b42-bee2-e25ce86c8c7a, 1, 0 [(0 [0xC004F014, 0, 0], [(?)(?)(?)(?)(?)(?)(?)(?)])(1 )(2 )(3 )]
3: 3e4294dd-a765-49bc-8dbd-cf8b62a4bd3d, 1, 0 [(0 [0xC004F014, 0, 0], [(?)(?)(?)(?)(?)(?)(?)(?)])(1 )(2 )(3 )]
4: 427a28d1-d17c-4abf-b717-32c780ba6f07, 1, 1 [(0 [0x00000000, 1, 0], [(?)( 1 0x00000000)(?)( 2 0x00000000 0 0 msft:rm/algorithm/volume/1.0 0x00000000 250160)(?)(?)(?)(?)])(1 )(2 )(3 )]
5: b322da9c-a2e2-4058-9e4e-f59a6970bd69, 1, 1 [(0 [0x00000000, 1, 0], [(?)( 1 0x00000000)(?)( 2 0x00000000 0 0 msft:rm/algorithm/volume/1.0 0x00000000 250160)(?)(?)(?)(?)])(1 )(2 )(3 )]
6: e13ac10e-75d0-4aff-a0cd-764982cf541c, 1, 1 [(0 [0x00000000, 1, 0], [(?)( 1 0x00000000)(?)( 2 0x00000000 0 0 msft:rm/algorithm/volume/1.0 0x00000000 250160)(?)(?)(?)(?)])(1 )(2 )(3 )]

"
Information,7/16/2018 3:29:58 PM,SynTPEnhService,0,None,"The description for Event ID 0 from source SynTPEnhService cannot be found. Either the component that raises this event is not installed on your local computer or the installation is corrupted. You can install or repair the component on the local computer.

If the event originated on another computer, the display information had to be saved with the event.

The following information was included with the event: 

SynTPEnhService
Session Changed User unlock
"
Information,7/16/2018 3:25:52 PM,SynTPEnhService,0,None,"The description for Event ID 0 from source SynTPEnhService cannot be found. Either the component that raises this event is not installed on your local computer or the installation is corrupted. You can install or repair the component on the local computer.

If the event originated on another computer, the display information had to be saved with the event.

The following information was included with the event: 

SynTPEnhService
Session Changed User lock
"
Information,7/16/2018 3:22:32 PM,SynTPEnhService,0,None,"The description for Event ID 0 from source SynTPEnhService cannot be found. Either the component that raises this event is not installed on your local computer or the installation is corrupted. You can install or repair the component on the local computer.

If the event originated on another computer, the display information had to be saved with the event.

The following information was included with the event: 

SynTPEnhService
Session Changed User unlock
"
Information,7/16/2018 3:21:08 PM,SynTPEnhService,0,None,"The description for Event ID 0 from source SynTPEnhService cannot be found. Either the component that raises this event is not installed on your local computer or the installation is corrupted. You can install or repair the component on the local computer.

If the event originated on another computer, the display information had to be saved with the event.

The following information was included with the event: 

SynTPEnhService
Session Changed User lock
"
Information,7/16/2018 2:36:46 PM,SecurityCenter,15,None,Updated McAfee Endpoint Security status successfully to SECURITY_PRODUCT_STATE_ON.
Information,7/16/2018 2:36:46 PM,SecurityCenter,15,None,Updated McAfee Endpoint Security status successfully to SECURITY_PRODUCT_STATE_ON.
Information,7/16/2018 2:36:46 PM,AVLogEvent,5008,(1),"Content successfully updated.
 Major Version: 3407
 Minor Version: 0"
Information,7/16/2018 2:32:05 PM,Microsoft-Windows-RestartManager,10001,None,Ending session 0 started ‎2018‎-‎07‎-‎16T20:31:35.308709400Z.
Information,7/16/2018 2:32:05 PM,MsiInstaller,1042,None,Ending a Windows Installer transaction: C:\ProgramData\McAfee\Agent\Evaluation\ZSCALERW1005\Install\0000\Zscaler-windows-1.2.4.000030-installer.msi. Client Process Id: 18188.
Information,7/16/2018 2:32:05 PM,MsiInstaller,1035,None,Windows Installer reconfigured the product. Product Name: Zscaler. Product Version: 0.0.1767. Product Language: 1033. Manufacturer: Zscaler Inc.. Reconfiguration success or error status: 0.
Information,7/16/2018 2:32:05 PM,MsiInstaller,11728,None,Product: Zscaler -- Configuration completed successfully.
Information,7/16/2018 2:31:59 PM,Outlook,26,None,Connection to Microsoft Exchange has been restored.
Information,7/16/2018 2:31:53 PM,Outlook,26,None,Connection to Microsoft Exchange has been lost. Outlook will restore the connection when possible.
Information,7/16/2018 2:31:35 PM,Microsoft-Windows-RestartManager,10000,None,Starting session 0 - ‎2018‎-‎07‎-‎16T20:31:35.308709400Z.
Information,7/16/2018 2:31:34 PM,MsiInstaller,1040,None,Beginning a Windows Installer transaction: C:\ProgramData\McAfee\Agent\Evaluation\ZSCALERW1005\Install\0000\Zscaler-windows-1.2.4.000030-installer.msi. Client Process Id: 18188.
Information,7/16/2018 1:59:40 PM,Microsoft-Windows-Security-SPP,1003,None,"The Software Protection service has completed licensing status check.
Application Id=0ff1ce15-a989-479d-af46-f275c6370663
Licensing Status=
1: e13ac10e-75d0-4aff-a0cd-764982cf541c, 1, 1 [(0 [0x00000000, 1, 0], [(?)( 1 0x00000000)(?)( 2 0x00000000 0 0 msft:rm/algorithm/volume/1.0 0x00000000 250297)(?)(?)(?)(?)])(1 )(2 )(3 )]

"
Information,7/16/2018 1:59:40 PM,Microsoft-Windows-Security-SPP,1003,None,"The Software Protection service has completed licensing status check.
Application Id=0ff1ce15-a989-479d-af46-f275c6370663
Licensing Status=
1: b322da9c-a2e2-4058-9e4e-f59a6970bd69, 1, 1 [(0 [0x00000000, 1, 0], [(?)( 1 0x00000000)(?)( 2 0x00000000 0 0 msft:rm/algorithm/volume/1.0 0x00000000 250297)(?)(?)(?)(?)])(1 )(2 )(3 )]

"
Information,7/16/2018 1:59:40 PM,Microsoft-Windows-Security-SPP,1003,None,"The Software Protection service has completed licensing status check.
Application Id=0ff1ce15-a989-479d-af46-f275c6370663
Licensing Status=
1: 427a28d1-d17c-4abf-b717-32c780ba6f07, 1, 1 [(0 [0x00000000, 1, 0], [(?)( 1 0x00000000)(?)( 2 0x00000000 0 0 msft:rm/algorithm/volume/1.0 0x00000000 250297)(?)(?)(?)(?)])(1 )(2 )(3 )]

"
Information,7/16/2018 1:59:39 PM,Microsoft-Windows-Security-SPP,1003,None,"The Software Protection service has completed licensing status check.
Application Id=0ff1ce15-a989-479d-af46-f275c6370663
Licensing Status=
1: 2b88c4f2-ea8f-43cd-805e-4d41346e18a7, 1, 0 [(0 [0xC004F014, 0, 0], [(?)(?)(?)(?)(?)(?)(?)(?)])(1 )(2 )(3 )]
2: 2b9e4a37-6230-4b42-bee2-e25ce86c8c7a, 1, 0 [(0 [0xC004F014, 0, 0], [(?)(?)(?)(?)(?)(?)(?)(?)])(1 )(2 )(3 )]
3: 3e4294dd-a765-49bc-8dbd-cf8b62a4bd3d, 1, 0 [(0 [0xC004F014, 0, 0], [(?)(?)(?)(?)(?)(?)(?)(?)])(1 )(2 )(3 )]
4: 427a28d1-d17c-4abf-b717-32c780ba6f07, 1, 1 [(0 [0x00000000, 1, 0], [(?)( 1 0x00000000)(?)( 2 0x00000000 0 0 msft:rm/algorithm/volume/1.0 0x00000000 250297)(?)(?)(?)(?)])(1 )(2 )(3 )]
5: b322da9c-a2e2-4058-9e4e-f59a6970bd69, 1, 1 [(0 [0x00000000, 1, 0], [(?)( 1 0x00000000)(?)( 2 0x00000000 0 0 msft:rm/algorithm/volume/1.0 0x00000000 250297)(?)(?)(?)(?)])(1 )(2 )(3 )]
6: e13ac10e-75d0-4aff-a0cd-764982cf541c, 1, 1 [(0 [0x00000000, 1, 0], [(?)( 1 0x00000000)(?)( 2 0x00000000 0 0 msft:rm/algorithm/volume/1.0 0x00000000 250297)(?)(?)(?)(?)])(1 )(2 )(3 )]

"
Information,7/16/2018 1:19:52 PM,Outlook,63,None,The Exchange web service request GetAppManifests succeeded. 
Information,7/16/2018 1:00:08 PM,Microsoft-Windows-Security-SPP,1003,None,"The Software Protection service has completed licensing status check.
Application Id=0ff1ce15-a989-479d-af46-f275c6370663
Licensing Status=
1: e13ac10e-75d0-4aff-a0cd-764982cf541c, 1, 1 [(0 [0x00000000, 1, 0], [(?)( 1 0x00000000)(?)( 2 0x00000000 0 0 msft:rm/algorithm/volume/1.0 0x00000000 250357)(?)(?)(?)(?)])(1 )(2 )(3 )]

"
Information,7/16/2018 1:00:07 PM,Microsoft-Windows-Security-SPP,1003,None,"The Software Protection service has completed licensing status check.
Application Id=0ff1ce15-a989-479d-af46-f275c6370663
Licensing Status=
1: b322da9c-a2e2-4058-9e4e-f59a6970bd69, 1, 1 [(0 [0x00000000, 1, 0], [(?)( 1 0x00000000)(?)( 2 0x00000000 0 0 msft:rm/algorithm/volume/1.0 0x00000000 250357)(?)(?)(?)(?)])(1 )(2 )(3 )]

"
Information,7/16/2018 1:00:07 PM,Microsoft-Windows-Security-SPP,1003,None,"The Software Protection service has completed licensing status check.
Application Id=0ff1ce15-a989-479d-af46-f275c6370663
Licensing Status=
1: 427a28d1-d17c-4abf-b717-32c780ba6f07, 1, 1 [(0 [0x00000000, 1, 0], [(?)( 1 0x00000000)(?)( 2 0x00000000 0 0 msft:rm/algorithm/volume/1.0 0x00000000 250357)(?)(?)(?)(?)])(1 )(2 )(3 )]

"
Information,7/16/2018 1:00:07 PM,Microsoft-Windows-Security-SPP,1003,None,"The Software Protection service has completed licensing status check.
Application Id=0ff1ce15-a989-479d-af46-f275c6370663
Licensing Status=
1: 2b88c4f2-ea8f-43cd-805e-4d41346e18a7, 1, 0 [(0 [0xC004F014, 0, 0], [(?)(?)(?)(?)(?)(?)(?)(?)])(1 )(2 )(3 )]
2: 2b9e4a37-6230-4b42-bee2-e25ce86c8c7a, 1, 0 [(0 [0xC004F014, 0, 0], [(?)(?)(?)(?)(?)(?)(?)(?)])(1 )(2 )(3 )]
3: 3e4294dd-a765-49bc-8dbd-cf8b62a4bd3d, 1, 0 [(0 [0xC004F014, 0, 0], [(?)(?)(?)(?)(?)(?)(?)(?)])(1 )(2 )(3 )]
4: 427a28d1-d17c-4abf-b717-32c780ba6f07, 1, 1 [(0 [0x00000000, 1, 0], [(?)( 1 0x00000000)(?)( 2 0x00000000 0 0 msft:rm/algorithm/volume/1.0 0x00000000 250357)(?)(?)(?)(?)])(1 )(2 )(3 )]
5: b322da9c-a2e2-4058-9e4e-f59a6970bd69, 1, 1 [(0 [0x00000000, 1, 0], [(?)( 1 0x00000000)(?)( 2 0x00000000 0 0 msft:rm/algorithm/volume/1.0 0x00000000 250357)(?)(?)(?)(?)])(1 )(2 )(3 )]
6: e13ac10e-75d0-4aff-a0cd-764982cf541c, 1, 1 [(0 [0x00000000, 1, 0], [(?)( 1 0x00000000)(?)( 2 0x00000000 0 0 msft:rm/algorithm/volume/1.0 0x00000000 250357)(?)(?)(?)(?)])(1 )(2 )(3 )]

"
Information,7/16/2018 12:55:00 PM,SynTPEnhService,0,None,"The description for Event ID 0 from source SynTPEnhService cannot be found. Either the component that raises this event is not installed on your local computer or the installation is corrupted. You can install or repair the component on the local computer.

If the event originated on another computer, the display information had to be saved with the event.

The following information was included with the event: 

SynTPEnhService
Session Changed User unlock
"
Information,7/16/2018 12:35:13 PM,Microsoft-Windows-Defrag,258,None,The storage optimizer successfully completed boot optimization on Windows (C:)
Information,7/16/2018 12:30:09 PM,VSS,8224,None,The VSS service is shutting down due to idle timeout. 
Information,7/16/2018 12:27:08 PM,Microsoft-Windows-MSMQ,2230,None,A backup (components: none) was completed successfully.
Warning,7/16/2018 12:24:22 PM,Microsoft-Windows-CertificateServicesClient-AutoEnrollment,64,None,Certificate for local system with Thumbprint c3 61 c2 31 d0 73 ec db 79 3f e9 10 64 1d b0 49 50 29 15 be is about to expire or already expired.
Information,7/16/2018 12:17:45 PM,Microsoft-Windows-Defrag,258,None,The storage optimizer successfully completed defragmentation on Recovery
Information,7/16/2018 12:17:45 PM,Microsoft-Windows-Defrag,258,None,The storage optimizer successfully completed defragmentation on Windows (C:)
Information,7/16/2018 12:03:49 PM,VSS,8224,None,The VSS service is shutting down due to idle timeout. 
Information,7/16/2018 12:01:15 PM,Microsoft-Windows-Defrag,258,None,The storage optimizer successfully completed defragmentation on System Reserved
Information,7/16/2018 11:59:09 AM,Office Software Protection Platform Service,903,None,"The Software Protection service has stopped.
"
Information,7/16/2018 11:56:38 AM,SynTPEnhService,0,None,"The description for Event ID 0 from source SynTPEnhService cannot be found. Either the component that raises this event is not installed on your local computer or the installation is corrupted. You can install or repair the component on the local computer.

If the event originated on another computer, the display information had to be saved with the event.

The following information was included with the event: 

SynTPEnhService
Session Changed User lock
"
Information,7/16/2018 11:54:09 AM,Office Software Protection Platform Service,902,None,"The Software Protection service has started.
15.0.169.500"
Information,7/16/2018 11:54:09 AM,Office Software Protection Platform Service,1066,None,"Initialization status for service objects.
C:\Program Files\Common Files\Microsoft Shared\OfficeSoftwareProtectionPlatform\OSPPOBJS.DLL, msft:rm/algorithm/phone/1.0, 0x00000000, 0x00000000
C:\Program Files\Common Files\Microsoft Shared\OfficeSoftwareProtectionPlatform\OSPPOBJS.DLL, msft:rm/algorithm/pkey/detect, 0x00000000, 0x00000000
C:\Program Files\Common Files\Microsoft Shared\OfficeSoftwareProtectionPlatform\OSPPOBJS.DLL, msft:spp/TaskScheduler/1.0, 0x00000000, 0x00000000
C:\Program Files\Common Files\Microsoft Shared\OfficeSoftwareProtectionPlatform\OSPPOBJS.DLL, msft:spp/statecollector/pkey, 0x00000000, 0x00000000
C:\Program Files\Common Files\Microsoft Shared\OfficeSoftwareProtectionPlatform\OSPPOBJS.DLL, msft:spp/volume/services/kms/licenserenewal/1.0, 0x00000000, 0x00000000
"
Information,7/16/2018 11:54:08 AM,Office Software Protection Platform Service,900,None,"The Software Protection service is starting.
"
Error,7/16/2018 11:29:07 AM,Application Error,1000,(100),"Faulting application name: ptUpdate.exe, version: 3010.0.1606.2200, time stamp: 0x57873783
Faulting module name: ptUpdate.exe, version: 3010.0.1606.2200, time stamp: 0x57873783
Exception code: 0xc0000005
Fault offset: 0x000846a2
Faulting process id: 0x864
Faulting application start time: 0x01d41d2a7a36f159
Faulting application path: C:\PROGRA~2\WebEx\PRODUC~1\ptUpdate.exe
Faulting module path: C:\PROGRA~2\WebEx\PRODUC~1\ptUpdate.exe
Report Id: 4deb72c0-d9ef-4850-ba7e-6c0105c498f6
Faulting package full name: 
Faulting package-relative application ID: "
Information,7/16/2018 11:11:52 AM,Avecto Defendpoint Service,100,None,"Process started with admin rights added to token.  Command Line: ""C:\WINDOWS\system32\taskmgr.exe"" /4 Process Id: 18316 Parent Process Id: 19404 Workstyle: Privilege Guard.Elevated Admin Application Group: Privilege Guard.ePO-UAC Applications Reason: My application requires admin privileges to run correctly File Name: c:\windows\system32\taskmgr.exe Hash: 2213958A14BABF11DC92A1463AC4641919B7B1C5 Certificate: Microsoft Windows Description: Task Manager Application Type: exe Product Name: Microsoft® Windows® Operating System Product Code: <None> Upgrade Code: <None> Product Version: 10.0.15063.0 File Version: 10.0.15063.0 (WinBuild.160101.0800) Application Group Description: <None> Workstyle Description: <None> Token Assignment Id: 50b14e1d-e648-4d46-95b9-5e81d9e52c18 Token Assignment Is Shell: false Token Id: f30a3824-27af-4d69-9125-c78e44764ac1 Message Id: 6b5398c7-747d-4f43-a716-af7fec3958ae Token: Add Admin Rights Token Description: <None> Message Name: Privilege Guard.Allow Message (with Reason) Message Description: Confirmation before elevating an application, with reason and re-authentication Unique Process ID: b71f9adf-ef1b-431f-b45a-7351a7e7458f Workstyle ID: 75621e41-e103-4e6b-8bc3-e87962b03ff7 Application Group ID: 9381073e-4e15-4ec9-b327-43b303ae7a65 User SID: S-1-5-21-1223559079-994587851-4263662072-43138 User Name: mliu User Domain SID: S-1-5-21-1223559079-994587851-4263662072 User Domain Name: CORP User Domain Name NetBIOS: CORP Host SID: S-1-5-21-1223559079-994587851-4263662072-125936 Host Name: 45212MLIU-7 Host Name NetBIOS: 45212MLIU-7 Host Domain SID: S-1-5-21-1223559079-994587851-4263662072 Host Domain Name: corp.premierinc.com Host Domain Name NetBIOS: CORP Event ID: 74f51816-66c5-41e7-a375-9665eaaa041f Process Start Time: 131762346984920141 Process End Time: 0 Event Time: 131762346984920141 Authorizing User SID: <None> Authorizing User Name: <None> Authorizing User Domain SID: <None> Authorizing User Domain Name: <None> Authorizing User Domain Name NetBios: <None> Client IPV4: <None> Client Name:  <None> UAC Triggered: true File Owner SID: S-1-5-80-956008885-3418522649-1831038044-1853292631-2271478464 File Owner Name: TrustedInstaller File Owner Domain SID: S-1-5-80 File Owner Domain Name: NT SERVICE File Owner Domain Name NetBIOS: NT SERVICE Parent Process Unique ID: <None> Parent Process File Name: <None> COM CLSID: <None> COM AppID: <None> COM Display Name: <None> Source URL: <None> Authorization Challenge: <None> Windows Store App Name: <None> Windows Store App Publisher: <None> Windows Store App Version: <None> Drive Type: Fixed Disk Challenge Response Status: Not Applicable PowerShell Command: <None> Application Workstyle Description: Any UAC Executable Application Workstyle Id: fa15dcaf-cc0c-4ef2-9172-4214c5adaf48 Sandbox Name: <None> Sandbox Definition ID: <None> Sandbox Instance ID: <None> Sandbox User SID: <None> Sandbox User Name: <None> Message Type: Prompt Classification: Private (Local) IE Zone Tag: <None> MD5: 154F228EFA0E6F2655B4329B2540C411"
Information,7/16/2018 11:07:39 AM,Office Software Protection Platform Service,903,None,"The Software Protection service has stopped.
"
Information,7/16/2018 11:02:39 AM,Office Software Protection Platform Service,902,None,"The Software Protection service has started.
15.0.169.500"
Information,7/16/2018 11:02:39 AM,Office Software Protection Platform Service,1066,None,"Initialization status for service objects.
C:\Program Files\Common Files\Microsoft Shared\OfficeSoftwareProtectionPlatform\OSPPOBJS.DLL, msft:rm/algorithm/phone/1.0, 0x00000000, 0x00000000
C:\Program Files\Common Files\Microsoft Shared\OfficeSoftwareProtectionPlatform\OSPPOBJS.DLL, msft:rm/algorithm/pkey/detect, 0x00000000, 0x00000000
C:\Program Files\Common Files\Microsoft Shared\OfficeSoftwareProtectionPlatform\OSPPOBJS.DLL, msft:spp/TaskScheduler/1.0, 0x00000000, 0x00000000
C:\Program Files\Common Files\Microsoft Shared\OfficeSoftwareProtectionPlatform\OSPPOBJS.DLL, msft:spp/statecollector/pkey, 0x00000000, 0x00000000
C:\Program Files\Common Files\Microsoft Shared\OfficeSoftwareProtectionPlatform\OSPPOBJS.DLL, msft:spp/volume/services/kms/licenserenewal/1.0, 0x00000000, 0x00000000
"
Information,7/16/2018 11:02:38 AM,Office Software Protection Platform Service,900,None,"The Software Protection service is starting.
"
Warning,7/16/2018 10:30:25 AM,Microsoft-Windows-CertificateServicesClient-AutoEnrollment,64,None,Certificate for local system with Thumbprint c3 61 c2 31 d0 73 ec db 79 3f e9 10 64 1d b0 49 50 29 15 be is about to expire or already expired.
Information,7/16/2018 10:01:30 AM,SecurityCenter,15,None,Updated McAfee Endpoint Security status successfully to SECURITY_PRODUCT_STATE_ON.
Information,7/16/2018 10:01:30 AM,SecurityCenter,15,None,Updated McAfee Endpoint Security status successfully to SECURITY_PRODUCT_STATE_ON.
Information,7/16/2018 10:01:30 AM,AVLogEvent,5008,(1),"Content successfully updated.
 Major Version: 3406
 Minor Version: 0"
Information,7/16/2018 9:42:41 AM,VSS,8224,None,The VSS service is shutting down due to idle timeout. 
Information,7/16/2018 9:41:10 AM,Outlook,45,None,Outlook loaded the following add-in(s):


Name: Microsoft VBA for Outlook Addin
Description: 
ProgID: Microsoft.VbaAddinForOutlook.1
GUID: {799ED9EA-FB5E-11D1-B7D6-00C04FC2AAE2}
Load Behavior: 9
HKLM: 1
Location: C:\PROGRA~2\MICROS~1\Office15\ADDINS\OUTLVBA.DLL
Boot Time (Milliseconds): 31

Warning,7/16/2018 9:39:51 AM,Microsoft-Windows-CertificateServicesClient-AutoEnrollment,64,None,Certificate for local system with Thumbprint c3 61 c2 31 d0 73 ec db 79 3f e9 10 64 1d b0 49 50 29 15 be is about to expire or already expired.
Information,7/16/2018 9:39:46 AM,SceCli,1704,None,Security policy in the Group policy objects has been applied successfully.
Information,7/16/2018 9:39:40 AM,Microsoft-Windows-MSMQ,2230,None,A backup (components: none) was completed successfully.
Error,7/16/2018 9:38:04 AM,Microsoft-Windows-Perflib,1008,None,"The Open Procedure for service ""BITS"" in DLL ""C:\Windows\System32\bitsperf.dll"" failed. Performance data for this service will not be available. The first four bytes (DWORD) of the Data section contains the error code."
Information,7/16/2018 9:34:41 AM,Windows Error Reporting,1001,None,"Fault bucket , type 0
Event Name: WindowsUpdateFailure3
Response: Not available
Cab Id: 0

Problem signature:
P1: 10.0.15063.1155
P2: 8024e001
P3: 00000000-0000-0000-0000-000000000000
P4: Scan
P5: 0
P6: 1
P7: 0
P8: <<PROCESS>>: CompatTelRunner.exe
P9: {3DA21691-E39D-4DA6-8A4B-B43877BCB1B7}
P10: 0

Attached files:

These files may be available here:


Analysis symbol: 
Rechecking for solution: 0
Report Id: 7ee276de-5513-422d-ac70-bd25e11c0716
Report Status: 1074003968
Hashed bucket: "
Information,7/16/2018 9:34:31 AM,Windows Error Reporting,1001,None,"Fault bucket , type 0
Event Name: WindowsUpdateFailure3
Response: Not available
Cab Id: 0

Problem signature:
P1: 10.0.15063.1155
P2: 8024e001
P3: 00000000-0000-0000-0000-000000000000
P4: Scan
P5: 0
P6: 1
P7: 0
P8: <<PROCESS>>: CompatTelRunner.exe
P9: {3DA21691-E39D-4DA6-8A4B-B43877BCB1B7}
P10: 0

Attached files:

These files may be available here:


Analysis symbol: 
Rechecking for solution: 0
Report Id: 970c441d-6eaf-4096-afad-29903135eb41
Report Status: 1074003968
Hashed bucket: "
Information,7/16/2018 9:29:46 AM,Avecto Defendpoint Service,116,None,"Process execution was blocked.  Command Line: ""C:\WINDOWS\system32\mmc.exe"" ""C:\WINDOWS\system32\gpedit.msc""  Process Id: 0 Parent Process Id: 19404 Workstyle: Privilege Guard.Elevated Admin Application Group: Privilege Guard.ePO-Blocked Apps and Utilities Reason: <None> File Name: C:\WINDOWS\system32\gpedit.msc Hash: 6B2B27433196685D777364DE7E251C198B2F45FE Certificate: Microsoft Windows Description: gpedit.msc Application Type: msc Product Name: <None> Product Code: <None> Upgrade Code: <None> Product Version: <None> File Version: <None> Application Group Description: <None> Workstyle Description: <None> Token Assignment Id: da462cf7-1f9e-4e13-b14a-203c915b1060 Token Assignment Is Shell: false Token Id: f30a3824-27af-4d69-9125-c78e44764ac1 Message Id: ce1d63ac-4ca0-4360-a9df-8800ac046a76 Token: Add Admin Rights Token Description: <None> Message Name: Privilege Guard.Block Message Message Description: Block unauthorized application Unique Process ID: e4459d85-5b43-425c-8d7a-c5f2e6d3095d Workstyle ID: 75621e41-e103-4e6b-8bc3-e87962b03ff7 Application Group ID: b68162d2-459f-4562-91fc-0713fa11b77f User SID: S-1-5-21-1223559079-994587851-4263662072-43138 User Name: mliu User Domain SID: S-1-5-21-1223559079-994587851-4263662072 User Domain Name: CORP User Domain Name NetBIOS: CORP Host SID: S-1-5-21-1223559079-994587851-4263662072-125936 Host Name: 45212MLIU-7 Host Name NetBIOS: 45212MLIU-7 Host Domain SID: S-1-5-21-1223559079-994587851-4263662072 Host Domain Name: corp.premierinc.com Host Domain Name NetBIOS: CORP Event ID: 1cbd6681-0ab6-4c9c-ba35-04a75e49aac2 Process Start Time: 131762285821207985 Process End Time: 0 Event Time: 131762285821207985 Authorizing User SID: <None> Authorizing User Name: <None> Authorizing User Domain SID: <None> Authorizing User Domain Name: <None> Authorizing User Domain Name NetBios: <None> Client IPV4: <None> Client Name:  <None> UAC Triggered: true File Owner SID: S-1-5-80-956008885-3418522649-1831038044-1853292631-2271478464 File Owner Name: TrustedInstaller File Owner Domain SID: S-1-5-80 File Owner Domain Name: NT SERVICE File Owner Domain Name NetBIOS: NT SERVICE Parent Process Unique ID: <None> Parent Process File Name: <None> COM CLSID: <None> COM AppID: <None> COM Display Name: <None> Source URL: <None> Authorization Challenge: <None> Windows Store App Name: <None> Windows Store App Publisher: <None> Windows Store App Version: <None> Drive Type: Fixed Disk Challenge Response Status: Not Applicable PowerShell Command: <None> Application Workstyle Description: Group Policy Editor Application Workstyle Id: cfa80493-00f8-460f-abb9-b1b17a3cc8f7 Sandbox Name: <None> Sandbox Definition ID: <None> Sandbox Instance ID: <None> Sandbox User SID: <None> Sandbox User Name: <None> Message Type: Prompt Classification: Private (Local) IE Zone Tag: <None> MD5: 6C054DA115C2CA2C523ABD159ED7814B"
Information,7/16/2018 9:29:36 AM,Avecto Defendpoint Service,116,None,"Process execution was blocked.  Command Line: ""C:\WINDOWS\system32\mmc.exe"" ""C:\WINDOWS\system32\gpedit.msc""  Process Id: 0 Parent Process Id: 19404 Workstyle: Privilege Guard.Elevated Admin Application Group: Privilege Guard.ePO-Blocked Apps and Utilities Reason: <None> File Name: C:\WINDOWS\system32\gpedit.msc Hash: 6B2B27433196685D777364DE7E251C198B2F45FE Certificate: Microsoft Windows Description: gpedit.msc Application Type: msc Product Name: <None> Product Code: <None> Upgrade Code: <None> Product Version: <None> File Version: <None> Application Group Description: <None> Workstyle Description: <None> Token Assignment Id: da462cf7-1f9e-4e13-b14a-203c915b1060 Token Assignment Is Shell: false Token Id: f30a3824-27af-4d69-9125-c78e44764ac1 Message Id: ce1d63ac-4ca0-4360-a9df-8800ac046a76 Token: Add Admin Rights Token Description: <None> Message Name: Privilege Guard.Block Message Message Description: Block unauthorized application Unique Process ID: 1d363b0a-e6c3-4b12-b621-ecb790164f6d Workstyle ID: 75621e41-e103-4e6b-8bc3-e87962b03ff7 Application Group ID: b68162d2-459f-4562-91fc-0713fa11b77f User SID: S-1-5-21-1223559079-994587851-4263662072-43138 User Name: mliu User Domain SID: S-1-5-21-1223559079-994587851-4263662072 User Domain Name: CORP User Domain Name NetBIOS: CORP Host SID: S-1-5-21-1223559079-994587851-4263662072-125936 Host Name: 45212MLIU-7 Host Name NetBIOS: 45212MLIU-7 Host Domain SID: S-1-5-21-1223559079-994587851-4263662072 Host Domain Name: corp.premierinc.com Host Domain Name NetBIOS: CORP Event ID: 25fa29e6-6881-43d2-a4b8-664323728424 Process Start Time: 131762285729906558 Process End Time: 0 Event Time: 131762285729906558 Authorizing User SID: <None> Authorizing User Name: <None> Authorizing User Domain SID: <None> Authorizing User Domain Name: <None> Authorizing User Domain Name NetBios: <None> Client IPV4: <None> Client Name:  <None> UAC Triggered: true File Owner SID: S-1-5-80-956008885-3418522649-1831038044-1853292631-2271478464 File Owner Name: TrustedInstaller File Owner Domain SID: S-1-5-80 File Owner Domain Name: NT SERVICE File Owner Domain Name NetBIOS: NT SERVICE Parent Process Unique ID: <None> Parent Process File Name: <None> COM CLSID: <None> COM AppID: <None> COM Display Name: <None> Source URL: <None> Authorization Challenge: <None> Windows Store App Name: <None> Windows Store App Publisher: <None> Windows Store App Version: <None> Drive Type: Fixed Disk Challenge Response Status: Not Applicable PowerShell Command: <None> Application Workstyle Description: Group Policy Editor Application Workstyle Id: cfa80493-00f8-460f-abb9-b1b17a3cc8f7 Sandbox Name: <None> Sandbox Definition ID: <None> Sandbox Instance ID: <None> Sandbox User SID: <None> Sandbox User Name: <None> Message Type: Prompt Classification: Private (Local) IE Zone Tag: <None> MD5: 6C054DA115C2CA2C523ABD159ED7814B"
