Information,7/18/2018 2:04:59 PM,Microsoft-Windows-RestartManager,10001,None,Ending session 0 started ‎2018‎-‎07‎-‎18T20:04:25.558396800Z.
Information,7/18/2018 2:04:59 PM,MsiInstaller,1040,None,Beginning a Windows Installer transaction: C:\ProgramData\Package Cache\{104CBBE4-1D61-05DD-38D2-C3BBA1C212E5}v10.1.17134.12\Installers\Windows SDK for Windows Store Apps Libs-x86_en-us.msi. Client Process Id: 14692.
Information,7/18/2018 2:04:59 PM,MsiInstaller,1042,None,Ending a Windows Installer transaction: C:\ProgramData\Package Cache\{40A1FE86-43BB-FE81-2A71-B71E13F8167A}v10.1.17134.12\Installers\Windows SDK for Windows Store Apps Headers-x86_en-us.msi. Client Process Id: 14692.
Information,7/18/2018 2:04:59 PM,MsiInstaller,1033,None,Windows Installer installed the product. Product Name: Windows SDK for Windows Store Apps Headers. Product Version: 10.1.17134.12. Product Language: 1033. Manufacturer: Microsoft Corporation. Installation success or error status: 0.
Information,7/18/2018 2:04:59 PM,MsiInstaller,11707,None,Product: Windows SDK for Windows Store Apps Headers -- Installation completed successfully.
Information,7/18/2018 2:04:25 PM,Microsoft-Windows-RestartManager,10000,None,Starting session 0 - ‎2018‎-‎07‎-‎18T20:04:25.558396800Z.
Information,7/18/2018 2:04:25 PM,Microsoft-Windows-RestartManager,10001,None,Ending session 0 started ‎2018‎-‎07‎-‎18T20:04:10.877518500Z.
Information,7/18/2018 2:04:25 PM,MsiInstaller,1040,None,Beginning a Windows Installer transaction: C:\ProgramData\Package Cache\{40A1FE86-43BB-FE81-2A71-B71E13F8167A}v10.1.17134.12\Installers\Windows SDK for Windows Store Apps Headers-x86_en-us.msi. Client Process Id: 14692.
Information,7/18/2018 2:04:25 PM,MsiInstaller,1042,None,Ending a Windows Installer transaction: C:\ProgramData\Package Cache\{833F02C5-2C39-49F6-BD64-91D351081274}v10.1.15254.1\Redistributable\10.1.15254.1\WindowsPhoneSdk-Desktop.msi. Client Process Id: 14692.
Information,7/18/2018 2:04:25 PM,MsiInstaller,1033,None,Windows Installer installed the product. Product Name: Windows Mobile Connectivity Tools 10.0.15254.0 - Desktop x86. Product Version: 10.1.15254.1. Product Language: 1033. Manufacturer: Microsoft Corporation. Installation success or error status: 0.
Information,7/18/2018 2:04:25 PM,MsiInstaller,11707,None,Product: Windows Mobile Connectivity Tools 10.0.15254.0 - Desktop x86 -- Installation completed successfully.
Information,7/18/2018 2:04:10 PM,Microsoft-Windows-RestartManager,10000,None,Starting session 0 - ‎2018‎-‎07‎-‎18T20:04:10.877518500Z.
Information,7/18/2018 2:04:10 PM,Microsoft-Windows-RestartManager,10001,None,Ending session 0 started ‎2018‎-‎07‎-‎18T20:04:09.790028600Z.
Information,7/18/2018 2:04:10 PM,MsiInstaller,1040,None,Beginning a Windows Installer transaction: C:\ProgramData\Package Cache\{833F02C5-2C39-49F6-BD64-91D351081274}v10.1.15254.1\Redistributable\10.1.15254.1\WindowsPhoneSdk-Desktop.msi. Client Process Id: 14692.
Information,7/18/2018 2:04:10 PM,MsiInstaller,1042,None,Ending a Windows Installer transaction: C:\ProgramData\Package Cache\{E77C2F78-6089-48F8-89DF-DDF2850DFFD9}v10.1.0.0\Redistributable\10.1.0.0\UAPSDKAddOn-x86.msi. Client Process Id: 14692.
Information,7/18/2018 2:04:10 PM,MsiInstaller,1033,None,Windows Installer installed the product. Product Name: Windows SDK AddOn. Product Version: 10.1.0.0. Product Language: 1033. Manufacturer: Microsoft Corporation. Installation success or error status: 0.
Information,7/18/2018 2:04:10 PM,MsiInstaller,11707,None,Product: Windows SDK AddOn -- Installation completed successfully.
Information,7/18/2018 2:04:09 PM,Microsoft-Windows-RestartManager,10000,None,Starting session 0 - ‎2018‎-‎07‎-‎18T20:04:09.790028600Z.
Information,7/18/2018 2:04:09 PM,Microsoft-Windows-RestartManager,10001,None,Ending session 0 started ‎2018‎-‎07‎-‎18T20:04:08.103998500Z.
Information,7/18/2018 2:04:09 PM,MsiInstaller,1040,None,Beginning a Windows Installer transaction: C:\ProgramData\Package Cache\{E77C2F78-6089-48F8-89DF-DDF2850DFFD9}v10.1.0.0\Redistributable\10.1.0.0\UAPSDKAddOn-x86.msi. Client Process Id: 14692.
Information,7/18/2018 2:04:09 PM,MsiInstaller,1042,None,Ending a Windows Installer transaction: C:\ProgramData\Package Cache\{66CEB5CD-2D62-66EA-8969-BDC63E71D7B6}v10.1.17134.12\Installers\Windows Desktop Extension SDK-x86_en-us.msi. Client Process Id: 14692.
Information,7/18/2018 2:04:09 PM,MsiInstaller,1033,None,Windows Installer installed the product. Product Name: Windows Desktop Extension SDK. Product Version: 10.1.17134.12. Product Language: 1033. Manufacturer: Microsoft Corporation. Installation success or error status: 0.
Information,7/18/2018 2:04:09 PM,MsiInstaller,11707,None,Product: Windows Desktop Extension SDK -- Installation completed successfully.
Information,7/18/2018 2:04:08 PM,Microsoft-Windows-RestartManager,10000,None,Starting session 0 - ‎2018‎-‎07‎-‎18T20:04:08.103998500Z.
Information,7/18/2018 2:04:07 PM,Microsoft-Windows-RestartManager,10001,None,Ending session 0 started ‎2018‎-‎07‎-‎18T20:04:05.682179400Z.
Information,7/18/2018 2:04:07 PM,MsiInstaller,1040,None,Beginning a Windows Installer transaction: C:\ProgramData\Package Cache\{66CEB5CD-2D62-66EA-8969-BDC63E71D7B6}v10.1.17134.12\Installers\Windows Desktop Extension SDK-x86_en-us.msi. Client Process Id: 14692.
Information,7/18/2018 2:04:07 PM,MsiInstaller,1042,None,Ending a Windows Installer transaction: C:\ProgramData\Package Cache\{C12887C1-91E2-4C05-5D06-7DC02AE4A627}v10.1.17134.12\Installers\Windows Desktop Extension SDK Contracts-x86_en-us.msi. Client Process Id: 14692.
Information,7/18/2018 2:04:07 PM,MsiInstaller,1033,None,Windows Installer installed the product. Product Name: Windows Desktop Extension SDK Contracts. Product Version: 10.1.17134.12. Product Language: 1033. Manufacturer: Microsoft Corporation. Installation success or error status: 0.
Information,7/18/2018 2:04:07 PM,MsiInstaller,11707,None,Product: Windows Desktop Extension SDK Contracts -- Installation completed successfully.
Information,7/18/2018 2:04:05 PM,Microsoft-Windows-RestartManager,10000,None,Starting session 0 - ‎2018‎-‎07‎-‎18T20:04:05.682179400Z.
Information,7/18/2018 2:04:05 PM,Microsoft-Windows-RestartManager,10001,None,Ending session 0 started ‎2018‎-‎07‎-‎18T20:04:03.846861200Z.
Information,7/18/2018 2:04:05 PM,MsiInstaller,1040,None,Beginning a Windows Installer transaction: C:\ProgramData\Package Cache\{C12887C1-91E2-4C05-5D06-7DC02AE4A627}v10.1.17134.12\Installers\Windows Desktop Extension SDK Contracts-x86_en-us.msi. Client Process Id: 14692.
Information,7/18/2018 2:04:05 PM,MsiInstaller,1042,None,Ending a Windows Installer transaction: C:\ProgramData\Package Cache\{18ABFDF6-23D9-87E6-015E-FFE3C7F153D5}v10.1.17134.12\Installers\Universal CRT Extension SDK-x86_en-us.msi. Client Process Id: 14692.
Information,7/18/2018 2:04:05 PM,MsiInstaller,1033,None,Windows Installer installed the product. Product Name: Universal CRT Extension SDK. Product Version: 10.1.17134.12. Product Language: 1033. Manufacturer: Microsoft Corporation. Installation success or error status: 0.
Information,7/18/2018 2:04:05 PM,MsiInstaller,11707,None,Product: Universal CRT Extension SDK -- Installation completed successfully.
Information,7/18/2018 2:04:03 PM,Microsoft-Windows-RestartManager,10000,None,Starting session 0 - ‎2018‎-‎07‎-‎18T20:04:03.846861200Z.
Information,7/18/2018 2:04:03 PM,Microsoft-Windows-RestartManager,10001,None,Ending session 0 started ‎2018‎-‎07‎-‎18T20:04:01.748570700Z.
Information,7/18/2018 2:04:03 PM,MsiInstaller,1040,None,Beginning a Windows Installer transaction: C:\ProgramData\Package Cache\{18ABFDF6-23D9-87E6-015E-FFE3C7F153D5}v10.1.17134.12\Installers\Universal CRT Extension SDK-x86_en-us.msi. Client Process Id: 14692.
Information,7/18/2018 2:04:03 PM,MsiInstaller,1042,None,Ending a Windows Installer transaction: C:\ProgramData\Package Cache\{50C05B8C-47A8-FD93-B84E-6AAA99732700}v10.1.17134.12\Installers\Windows Mobile Extension SDK-x86_en-us.msi. Client Process Id: 14692.
Information,7/18/2018 2:04:03 PM,MsiInstaller,1033,None,Windows Installer installed the product. Product Name: Windows Mobile Extension SDK. Product Version: 10.1.17134.12. Product Language: 1033. Manufacturer: Microsoft Corporation. Installation success or error status: 0.
Information,7/18/2018 2:04:03 PM,MsiInstaller,11707,None,Product: Windows Mobile Extension SDK -- Installation completed successfully.
Information,7/18/2018 2:04:01 PM,Microsoft-Windows-RestartManager,10000,None,Starting session 0 - ‎2018‎-‎07‎-‎18T20:04:01.748570700Z.
Information,7/18/2018 2:04:01 PM,Microsoft-Windows-RestartManager,10001,None,Ending session 0 started ‎2018‎-‎07‎-‎18T20:04:00.500693400Z.
Information,7/18/2018 2:04:01 PM,MsiInstaller,1040,None,Beginning a Windows Installer transaction: C:\ProgramData\Package Cache\{50C05B8C-47A8-FD93-B84E-6AAA99732700}v10.1.17134.12\Installers\Windows Mobile Extension SDK-x86_en-us.msi. Client Process Id: 14692.
Information,7/18/2018 2:04:01 PM,MsiInstaller,1042,None,Ending a Windows Installer transaction: C:\ProgramData\Package Cache\{9AC65F8A-4F7F-A9FC-222F-CC43ED464041}v10.1.17134.12\Installers\Windows Mobile Extension SDK Contracts-x86_en-us.msi. Client Process Id: 14692.
Information,7/18/2018 2:04:00 PM,Microsoft-Windows-RestartManager,10000,None,Starting session 0 - ‎2018‎-‎07‎-‎18T20:04:00.500693400Z.
Information,7/18/2018 2:04:00 PM,Microsoft-Windows-RestartManager,10001,None,Ending session 0 started ‎2018‎-‎07‎-‎18T20:03:59.266988400Z.
Information,7/18/2018 2:04:01 PM,MsiInstaller,1033,None,Windows Installer installed the product. Product Name: Windows Mobile Extension SDK Contracts. Product Version: 10.1.17134.12. Product Language: 1033. Manufacturer: Microsoft Corporation. Installation success or error status: 0.
Information,7/18/2018 2:04:01 PM,MsiInstaller,11707,None,Product: Windows Mobile Extension SDK Contracts -- Installation completed successfully.
Information,7/18/2018 2:04:00 PM,MsiInstaller,1040,None,Beginning a Windows Installer transaction: C:\ProgramData\Package Cache\{9AC65F8A-4F7F-A9FC-222F-CC43ED464041}v10.1.17134.12\Installers\Windows Mobile Extension SDK Contracts-x86_en-us.msi. Client Process Id: 14692.
Information,7/18/2018 2:04:00 PM,MsiInstaller,1042,None,Ending a Windows Installer transaction: C:\ProgramData\Package Cache\{FA57EACC-E7E8-406A-83FA-168A812BD079}v10.1.17134.12\Installers\Windows Team Extension SDK Contracts-x86_en-us.msi. Client Process Id: 14692.
Information,7/18/2018 2:04:00 PM,MsiInstaller,1033,None,Windows Installer installed the product. Product Name: Windows Team Extension SDK Contracts. Product Version: 10.1.17134.12. Product Language: 1033. Manufacturer: Microsoft Corporation. Installation success or error status: 0.
Information,7/18/2018 2:04:00 PM,MsiInstaller,11707,None,Product: Windows Team Extension SDK Contracts -- Installation completed successfully.
Information,7/18/2018 2:03:59 PM,Microsoft-Windows-RestartManager,10000,None,Starting session 0 - ‎2018‎-‎07‎-‎18T20:03:59.266988400Z.
Information,7/18/2018 2:03:58 PM,Microsoft-Windows-RestartManager,10001,None,Ending session 0 started ‎2018‎-‎07‎-‎18T20:03:57.899071400Z.
Information,7/18/2018 2:03:59 PM,MsiInstaller,1040,None,Beginning a Windows Installer transaction: C:\ProgramData\Package Cache\{FA57EACC-E7E8-406A-83FA-168A812BD079}v10.1.17134.12\Installers\Windows Team Extension SDK Contracts-x86_en-us.msi. Client Process Id: 14692.
Information,7/18/2018 2:03:59 PM,MsiInstaller,1042,None,Ending a Windows Installer transaction: C:\ProgramData\Package Cache\{4B16F2E6-8A76-5A63-2890-329FB7C98C70}v10.1.17134.12\Installers\Windows Team Extension SDK-x86_en-us.msi. Client Process Id: 14692.
Information,7/18/2018 2:03:58 PM,MsiInstaller,1033,None,Windows Installer installed the product. Product Name: Windows Team Extension SDK. Product Version: 10.1.17134.12. Product Language: 1033. Manufacturer: Microsoft Corporation. Installation success or error status: 0.
Information,7/18/2018 2:03:58 PM,MsiInstaller,11707,None,Product: Windows Team Extension SDK -- Installation completed successfully.
Information,7/18/2018 2:03:57 PM,Microsoft-Windows-RestartManager,10000,None,Starting session 0 - ‎2018‎-‎07‎-‎18T20:03:57.899071400Z.
Information,7/18/2018 2:03:57 PM,Microsoft-Windows-RestartManager,10001,None,Ending session 0 started ‎2018‎-‎07‎-‎18T20:03:55.906750400Z.
Information,7/18/2018 2:03:57 PM,MsiInstaller,1040,None,Beginning a Windows Installer transaction: C:\ProgramData\Package Cache\{4B16F2E6-8A76-5A63-2890-329FB7C98C70}v10.1.17134.12\Installers\Windows Team Extension SDK-x86_en-us.msi. Client Process Id: 14692.
Information,7/18/2018 2:03:57 PM,MsiInstaller,1042,None,Ending a Windows Installer transaction: C:\ProgramData\Package Cache\{046D36A5-1ADC-E573-1078-5C8602994B1F}v10.1.17134.12\Installers\Windows IoT Extension SDK-x86_en-us.msi. Client Process Id: 14692.
Information,7/18/2018 2:03:57 PM,MsiInstaller,1033,None,Windows Installer installed the product. Product Name: Windows IoT Extension SDK. Product Version: 10.1.17134.12. Product Language: 1033. Manufacturer: Microsoft Corporation. Installation success or error status: 0.
Information,7/18/2018 2:03:57 PM,MsiInstaller,11707,None,Product: Windows IoT Extension SDK -- Installation completed successfully.
Information,7/18/2018 2:03:55 PM,Microsoft-Windows-RestartManager,10000,None,Starting session 0 - ‎2018‎-‎07‎-‎18T20:03:55.906750400Z.
Information,7/18/2018 2:03:55 PM,Microsoft-Windows-RestartManager,10001,None,Ending session 0 started ‎2018‎-‎07‎-‎18T20:03:54.665882800Z.
Information,7/18/2018 2:03:55 PM,MsiInstaller,1040,None,Beginning a Windows Installer transaction: C:\ProgramData\Package Cache\{046D36A5-1ADC-E573-1078-5C8602994B1F}v10.1.17134.12\Installers\Windows IoT Extension SDK-x86_en-us.msi. Client Process Id: 14692.
Information,7/18/2018 2:03:55 PM,MsiInstaller,1042,None,Ending a Windows Installer transaction: C:\ProgramData\Package Cache\{D49DF187-7968-A39D-CF62-EBE13CAE9068}v10.1.17134.12\Installers\Windows IoT Extension SDK Contracts-x86_en-us.msi. Client Process Id: 14692.
Information,7/18/2018 2:03:55 PM,MsiInstaller,1033,None,Windows Installer installed the product. Product Name: Windows IoT Extension SDK Contracts. Product Version: 10.1.17134.12. Product Language: 1033. Manufacturer: Microsoft Corporation. Installation success or error status: 0.
Information,7/18/2018 2:03:55 PM,MsiInstaller,11707,None,Product: Windows IoT Extension SDK Contracts -- Installation completed successfully.
Information,7/18/2018 2:03:54 PM,Microsoft-Windows-RestartManager,10000,None,Starting session 0 - ‎2018‎-‎07‎-‎18T20:03:54.665882800Z.
Information,7/18/2018 2:03:54 PM,Microsoft-Windows-RestartManager,10001,None,Ending session 0 started ‎2018‎-‎07‎-‎18T20:03:53.180034900Z.
Information,7/18/2018 2:03:54 PM,MsiInstaller,1040,None,Beginning a Windows Installer transaction: C:\ProgramData\Package Cache\{D49DF187-7968-A39D-CF62-EBE13CAE9068}v10.1.17134.12\Installers\Windows IoT Extension SDK Contracts-x86_en-us.msi. Client Process Id: 14692.
Information,7/18/2018 2:03:54 PM,MsiInstaller,1042,None,Ending a Windows Installer transaction: C:\ProgramData\Package Cache\{729DA966-8590-2C1F-2178-16C1D32FD7FD}v10.1.17134.12\Installers\WinRT Intellisense PPI - en-us-x86_en-us.msi. Client Process Id: 14692.
Information,7/18/2018 2:03:54 PM,MsiInstaller,1033,None,Windows Installer installed the product. Product Name: WinRT Intellisense PPI - en-us. Product Version: 10.1.17134.12. Product Language: 1033. Manufacturer: Microsoft Corporation. Installation success or error status: 0.
Information,7/18/2018 2:03:54 PM,MsiInstaller,11707,None,Product: WinRT Intellisense PPI - en-us -- Installation completed successfully.
Information,7/18/2018 2:03:53 PM,Microsoft-Windows-RestartManager,10000,None,Starting session 0 - ‎2018‎-‎07‎-‎18T20:03:53.180034900Z.
Information,7/18/2018 2:03:52 PM,Microsoft-Windows-RestartManager,10001,None,Ending session 0 started ‎2018‎-‎07‎-‎18T20:03:52.062005400Z.
Information,7/18/2018 2:03:53 PM,MsiInstaller,1040,None,Beginning a Windows Installer transaction: C:\ProgramData\Package Cache\{729DA966-8590-2C1F-2178-16C1D32FD7FD}v10.1.17134.12\Installers\WinRT Intellisense PPI - en-us-x86_en-us.msi. Client Process Id: 14692.
Information,7/18/2018 2:03:52 PM,MsiInstaller,1042,None,Ending a Windows Installer transaction: C:\ProgramData\Package Cache\{965D1746-D94A-49B9-2A48-A14914CA3B57}v10.1.17134.12\Installers\WinRT Intellisense IoT - en-us-x86_en-us.msi. Client Process Id: 14692.
Information,7/18/2018 2:03:52 PM,MsiInstaller,1033,None,Windows Installer installed the product. Product Name: WinRT Intellisense IoT - en-us. Product Version: 10.1.17134.12. Product Language: 1033. Manufacturer: Microsoft Corporation. Installation success or error status: 0.
Information,7/18/2018 2:03:52 PM,MsiInstaller,11707,None,Product: WinRT Intellisense IoT - en-us -- Installation completed successfully.
Information,7/18/2018 2:03:52 PM,Microsoft-Windows-RestartManager,10000,None,Starting session 0 - ‎2018‎-‎07‎-‎18T20:03:52.062005400Z.
Information,7/18/2018 2:03:51 PM,Microsoft-Windows-RestartManager,10001,None,Ending session 0 started ‎2018‎-‎07‎-‎18T20:03:49.898812100Z.
Information,7/18/2018 2:03:51 PM,MsiInstaller,1040,None,Beginning a Windows Installer transaction: C:\ProgramData\Package Cache\{965D1746-D94A-49B9-2A48-A14914CA3B57}v10.1.17134.12\Installers\WinRT Intellisense IoT - en-us-x86_en-us.msi. Client Process Id: 14692.
Information,7/18/2018 2:03:51 PM,MsiInstaller,1042,None,Ending a Windows Installer transaction: C:\ProgramData\Package Cache\{389D182F-0ADA-5C7E-FF32-2573A821592C}v10.1.17134.12\Installers\WinRT Intellisense Desktop - en-us-x86_en-us.msi. Client Process Id: 14692.
Information,7/18/2018 2:03:51 PM,MsiInstaller,1033,None,Windows Installer installed the product. Product Name: WinRT Intellisense Desktop - en-us. Product Version: 10.1.17134.12. Product Language: 1033. Manufacturer: Microsoft Corporation. Installation success or error status: 0.
Information,7/18/2018 2:03:51 PM,MsiInstaller,11707,None,Product: WinRT Intellisense Desktop - en-us -- Installation completed successfully.
Information,7/18/2018 2:03:49 PM,Microsoft-Windows-RestartManager,10000,None,Starting session 0 - ‎2018‎-‎07‎-‎18T20:03:49.898812100Z.
Information,7/18/2018 2:03:49 PM,Microsoft-Windows-RestartManager,10001,None,Ending session 0 started ‎2018‎-‎07‎-‎18T20:03:48.886144000Z.
Information,7/18/2018 2:03:49 PM,MsiInstaller,1040,None,Beginning a Windows Installer transaction: C:\ProgramData\Package Cache\{389D182F-0ADA-5C7E-FF32-2573A821592C}v10.1.17134.12\Installers\WinRT Intellisense Desktop - en-us-x86_en-us.msi. Client Process Id: 14692.
Information,7/18/2018 2:03:49 PM,MsiInstaller,1042,None,Ending a Windows Installer transaction: C:\ProgramData\Package Cache\{3755CD99-C62E-3312-DDD3-29A4F259270D}v10.1.17134.12\Installers\WinRT Intellisense Mobile - en-us-x86_en-us.msi. Client Process Id: 14692.
Information,7/18/2018 2:03:49 PM,MsiInstaller,1033,None,Windows Installer installed the product. Product Name: WinRT Intellisense Mobile - en-us. Product Version: 10.1.17134.12. Product Language: 1033. Manufacturer: Microsoft Corporation. Installation success or error status: 0.
Information,7/18/2018 2:03:49 PM,MsiInstaller,11707,None,Product: WinRT Intellisense Mobile - en-us -- Installation completed successfully.
Information,7/18/2018 2:03:48 PM,Microsoft-Windows-RestartManager,10000,None,Starting session 0 - ‎2018‎-‎07‎-‎18T20:03:48.886144000Z.
Information,7/18/2018 2:03:48 PM,Microsoft-Windows-RestartManager,10001,None,Ending session 0 started ‎2018‎-‎07‎-‎18T20:03:47.445603100Z.
Information,7/18/2018 2:03:48 PM,MsiInstaller,1040,None,Beginning a Windows Installer transaction: C:\ProgramData\Package Cache\{3755CD99-C62E-3312-DDD3-29A4F259270D}v10.1.17134.12\Installers\WinRT Intellisense Mobile - en-us-x86_en-us.msi. Client Process Id: 14692.
Information,7/18/2018 2:03:48 PM,MsiInstaller,1042,None,Ending a Windows Installer transaction: C:\ProgramData\Package Cache\{4095D263-6A13-78D3-DEDA-AA3452011F6E}v10.1.17134.12\Installers\WinRT Intellisense UAP - en-us-x86_en-us.msi. Client Process Id: 14692.
Information,7/18/2018 2:03:48 PM,MsiInstaller,1033,None,Windows Installer installed the product. Product Name: WinRT Intellisense UAP - en-us. Product Version: 10.1.17134.12. Product Language: 1033. Manufacturer: Microsoft Corporation. Installation success or error status: 0.
Information,7/18/2018 2:03:48 PM,MsiInstaller,11707,None,Product: WinRT Intellisense UAP - en-us -- Installation completed successfully.
Information,7/18/2018 2:03:47 PM,Microsoft-Windows-RestartManager,10000,None,Starting session 0 - ‎2018‎-‎07‎-‎18T20:03:47.445603100Z.
Information,7/18/2018 2:03:47 PM,Microsoft-Windows-RestartManager,10001,None,Ending session 0 started ‎2018‎-‎07‎-‎18T20:03:45.708611700Z.
Information,7/18/2018 2:03:47 PM,MsiInstaller,1040,None,Beginning a Windows Installer transaction: C:\ProgramData\Package Cache\{4095D263-6A13-78D3-DEDA-AA3452011F6E}v10.1.17134.12\Installers\WinRT Intellisense UAP - en-us-x86_en-us.msi. Client Process Id: 14692.
Information,7/18/2018 2:03:47 PM,MsiInstaller,1042,None,Ending a Windows Installer transaction: C:\ProgramData\Package Cache\{BA6F1D53-C3F2-F9D5-80CE-CEF608E36AD3}v10.1.17134.12\Installers\Universal CRT Tools x64-x64_en-us.msi. Client Process Id: 14692.
Information,7/18/2018 2:03:47 PM,MsiInstaller,1033,None,Windows Installer installed the product. Product Name: Universal CRT Tools x64. Product Version: 10.1.17134.12. Product Language: 1033. Manufacturer: Microsoft Corporation. Installation success or error status: 0.
Information,7/18/2018 2:03:47 PM,MsiInstaller,11707,None,Product: Universal CRT Tools x64 -- Installation completed successfully.
Information,7/18/2018 2:03:45 PM,Microsoft-Windows-RestartManager,10000,None,Starting session 0 - ‎2018‎-‎07‎-‎18T20:03:45.708611700Z.
Information,7/18/2018 2:03:45 PM,Microsoft-Windows-RestartManager,10001,None,Ending session 0 started ‎2018‎-‎07‎-‎18T20:03:43.000706200Z.
Information,7/18/2018 2:03:45 PM,MsiInstaller,1040,None,Beginning a Windows Installer transaction: C:\ProgramData\Package Cache\{BA6F1D53-C3F2-F9D5-80CE-CEF608E36AD3}v10.1.17134.12\Installers\Universal CRT Tools x64-x64_en-us.msi. Client Process Id: 14692.
Information,7/18/2018 2:03:45 PM,MsiInstaller,1042,None,Ending a Windows Installer transaction: C:\ProgramData\Package Cache\{6E43CA0C-046E-4F38-A0A2-3B1BA139B661}v10.1.17134.12\Installers\Universal CRT Tools x86-x86_en-us.msi. Client Process Id: 14692.
Information,7/18/2018 2:03:44 PM,MsiInstaller,1033,None,Windows Installer installed the product. Product Name: Universal CRT Tools x86. Product Version: 10.1.17134.12. Product Language: 1033. Manufacturer: Microsoft Corporation. Installation success or error status: 0.
Information,7/18/2018 2:03:44 PM,MsiInstaller,11707,None,Product: Universal CRT Tools x86 -- Installation completed successfully.
Information,7/18/2018 2:03:43 PM,Microsoft-Windows-RestartManager,10000,None,Starting session 0 - ‎2018‎-‎07‎-‎18T20:03:43.000706200Z.
Information,7/18/2018 2:03:42 PM,Microsoft-Windows-RestartManager,10001,None,Ending session 0 started ‎2018‎-‎07‎-‎18T20:03:20.448304700Z.
Information,7/18/2018 2:03:42 PM,MsiInstaller,1040,None,Beginning a Windows Installer transaction: C:\ProgramData\Package Cache\{6E43CA0C-046E-4F38-A0A2-3B1BA139B661}v10.1.17134.12\Installers\Universal CRT Tools x86-x86_en-us.msi. Client Process Id: 14692.
Information,7/18/2018 2:03:42 PM,MsiInstaller,1042,None,Ending a Windows Installer transaction: C:\ProgramData\Package Cache\{0D6B41AF-D117-8944-A059-3F9346A896C5}v10.1.17134.12\Installers\Universal CRT Headers Libraries and Sources-x86_en-us.msi. Client Process Id: 14692.
Information,7/18/2018 2:03:42 PM,MsiInstaller,1033,None,Windows Installer installed the product. Product Name: Universal CRT Headers Libraries and Sources. Product Version: 10.1.17134.12. Product Language: 1033. Manufacturer: Microsoft Corporation. Installation success or error status: 0.
Information,7/18/2018 2:03:42 PM,MsiInstaller,11707,None,Product: Universal CRT Headers Libraries and Sources -- Installation completed successfully.
Information,7/18/2018 2:03:20 PM,Microsoft-Windows-RestartManager,10000,None,Starting session 0 - ‎2018‎-‎07‎-‎18T20:03:20.448304700Z.
Information,7/18/2018 2:03:20 PM,Microsoft-Windows-RestartManager,10001,None,Ending session 0 started ‎2018‎-‎07‎-‎18T20:03:17.718310900Z.
Information,7/18/2018 2:03:20 PM,MsiInstaller,1040,None,Beginning a Windows Installer transaction: C:\ProgramData\Package Cache\{0D6B41AF-D117-8944-A059-3F9346A896C5}v10.1.17134.12\Installers\Universal CRT Headers Libraries and Sources-x86_en-us.msi. Client Process Id: 14692.
Information,7/18/2018 2:03:20 PM,MsiInstaller,1042,None,Ending a Windows Installer transaction: C:\ProgramData\Package Cache\{B6273353-8B54-1F89-1A16-5940925104CE}v10.1.17134.12\Installers\Universal CRT Redistributable-x86_en-us.msi. Client Process Id: 14692.
Information,7/18/2018 2:03:19 PM,MsiInstaller,1033,None,Windows Installer installed the product. Product Name: Universal CRT Redistributable. Product Version: 10.1.17134.12. Product Language: 1033. Manufacturer: Microsoft Corporation. Installation success or error status: 0.
Information,7/18/2018 2:03:19 PM,MsiInstaller,11707,None,Product: Universal CRT Redistributable -- Installation completed successfully.
Information,7/18/2018 2:03:17 PM,Microsoft-Windows-RestartManager,10000,None,Starting session 0 - ‎2018‎-‎07‎-‎18T20:03:17.718310900Z.
Information,7/18/2018 2:03:17 PM,Microsoft-Windows-RestartManager,10001,None,Ending session 0 started ‎2018‎-‎07‎-‎18T20:03:16.257304600Z.
Information,7/18/2018 2:03:17 PM,MsiInstaller,1040,None,Beginning a Windows Installer transaction: C:\ProgramData\Package Cache\{B6273353-8B54-1F89-1A16-5940925104CE}v10.1.17134.12\Installers\Universal CRT Redistributable-x86_en-us.msi. Client Process Id: 14692.
Information,7/18/2018 2:03:17 PM,MsiInstaller,1042,None,Ending a Windows Installer transaction: C:\ProgramData\Package Cache\{775886B8-DEE1-CB20-8A94-FC09FA54ECF6}v10.1.17134.12\Installers\Universal General MIDI DLS Extension SDK-x86_en-us.msi. Client Process Id: 14692.
Information,7/18/2018 2:03:17 PM,MsiInstaller,1033,None,Windows Installer installed the product. Product Name: Universal General MIDI DLS Extension SDK. Product Version: 10.1.17134.12. Product Language: 1033. Manufacturer: Microsoft Corporation. Installation success or error status: 0.
Information,7/18/2018 2:03:17 PM,MsiInstaller,11707,None,Product: Universal General MIDI DLS Extension SDK -- Installation completed successfully.
Information,7/18/2018 2:03:16 PM,Microsoft-Windows-RestartManager,10000,None,Starting session 0 - ‎2018‎-‎07‎-‎18T20:03:16.257304600Z.
Information,7/18/2018 2:03:16 PM,Microsoft-Windows-RestartManager,10001,None,Ending session 0 started ‎2018‎-‎07‎-‎18T20:03:15.247425800Z.
Information,7/18/2018 2:03:16 PM,MsiInstaller,1040,None,Beginning a Windows Installer transaction: C:\ProgramData\Package Cache\{775886B8-DEE1-CB20-8A94-FC09FA54ECF6}v10.1.17134.12\Installers\Universal General MIDI DLS Extension SDK-x86_en-us.msi. Client Process Id: 14692.
Information,7/18/2018 2:03:16 PM,MsiInstaller,1042,None,Ending a Windows Installer transaction: C:\ProgramData\Package Cache\{3A971391-8100-F9CB-06EB-6510C6B68937}v10.1.17134.12\Installers\Windows SDK Facade Windows WinMD Versioned-x86_en-us.msi. Client Process Id: 14692.
Information,7/18/2018 2:03:15 PM,Microsoft-Windows-RestartManager,10000,None,Starting session 0 - ‎2018‎-‎07‎-‎18T20:03:15.247425800Z.
Information,7/18/2018 2:03:15 PM,Microsoft-Windows-RestartManager,10001,None,Ending session 0 started ‎2018‎-‎07‎-‎18T20:03:13.627586100Z.
Information,7/18/2018 2:03:15 PM,MsiInstaller,1033,None,Windows Installer installed the product. Product Name: Windows SDK Facade Windows WinMD Versioned. Product Version: 10.1.17134.12. Product Language: 1033. Manufacturer: Microsoft Corporation. Installation success or error status: 0.
Information,7/18/2018 2:03:15 PM,MsiInstaller,11707,None,Product: Windows SDK Facade Windows WinMD Versioned -- Installation completed successfully.
Information,7/18/2018 2:03:15 PM,MsiInstaller,1040,None,Beginning a Windows Installer transaction: C:\ProgramData\Package Cache\{3A971391-8100-F9CB-06EB-6510C6B68937}v10.1.17134.12\Installers\Windows SDK Facade Windows WinMD Versioned-x86_en-us.msi. Client Process Id: 14692.
Information,7/18/2018 2:03:15 PM,MsiInstaller,1042,None,Ending a Windows Installer transaction: C:\ProgramData\Package Cache\{21603239-9380-AE0E-DCDF-FF910036043C}v10.1.17134.12\Installers\Windows SDK for Windows Store Apps Contracts-x86_en-us.msi. Client Process Id: 14692.
Information,7/18/2018 2:03:14 PM,MsiInstaller,1033,None,Windows Installer installed the product. Product Name: Windows SDK for Windows Store Apps Contracts. Product Version: 10.1.17134.12. Product Language: 1033. Manufacturer: Microsoft Corporation. Installation success or error status: 0.
Information,7/18/2018 2:03:14 PM,MsiInstaller,11707,None,Product: Windows SDK for Windows Store Apps Contracts -- Installation completed successfully.
Information,7/18/2018 2:03:13 PM,Microsoft-Windows-RestartManager,10000,None,Starting session 0 - ‎2018‎-‎07‎-‎18T20:03:13.627586100Z.
Information,7/18/2018 2:03:13 PM,Microsoft-Windows-RestartManager,10001,None,Ending session 0 started ‎2018‎-‎07‎-‎18T20:03:11.671294400Z.
Information,7/18/2018 2:03:13 PM,MsiInstaller,1040,None,Beginning a Windows Installer transaction: C:\ProgramData\Package Cache\{21603239-9380-AE0E-DCDF-FF910036043C}v10.1.17134.12\Installers\Windows SDK for Windows Store Apps Contracts-x86_en-us.msi. Client Process Id: 14692.
Information,7/18/2018 2:03:13 PM,MsiInstaller,1042,None,Ending a Windows Installer transaction: C:\ProgramData\Package Cache\{E3B98FCC-416A-A89A-E672-333BF429632F}v10.1.17134.12\Installers\Windows SDK for Windows Store Managed Apps Libs-x86_en-us.msi. Client Process Id: 14692.
Information,7/18/2018 2:03:13 PM,MsiInstaller,1033,None,Windows Installer installed the product. Product Name: Windows SDK for Windows Store Managed Apps Libs. Product Version: 10.1.17134.12. Product Language: 1033. Manufacturer: Microsoft Corporation. Installation success or error status: 0.
Information,7/18/2018 2:03:13 PM,MsiInstaller,11707,None,Product: Windows SDK for Windows Store Managed Apps Libs -- Installation completed successfully.
Information,7/18/2018 2:03:11 PM,Microsoft-Windows-RestartManager,10000,None,Starting session 0 - ‎2018‎-‎07‎-‎18T20:03:11.671294400Z.
Information,7/18/2018 2:03:11 PM,Microsoft-Windows-RestartManager,10001,None,Ending session 0 started ‎2018‎-‎07‎-‎18T20:03:09.297347700Z.
Information,7/18/2018 2:03:11 PM,MsiInstaller,1040,None,Beginning a Windows Installer transaction: C:\ProgramData\Package Cache\{E3B98FCC-416A-A89A-E672-333BF429632F}v10.1.17134.12\Installers\Windows SDK for Windows Store Managed Apps Libs-x86_en-us.msi. Client Process Id: 14692.
Information,7/18/2018 2:03:11 PM,MsiInstaller,1042,None,Ending a Windows Installer transaction: C:\ProgramData\Package Cache\{5AD4A604-B476-1578-2A20-6B02FC6258BE}v10.1.17134.12\Installers\WinAppDeploy-x86_en-us.msi. Client Process Id: 14692.
Information,7/18/2018 2:03:11 PM,MsiInstaller,1033,None,Windows Installer installed the product. Product Name: WinAppDeploy. Product Version: 10.1.17134.12. Product Language: 1033. Manufacturer: Microsoft Corporation. Installation success or error status: 0.
Information,7/18/2018 2:03:11 PM,MsiInstaller,11707,None,Product: WinAppDeploy -- Installation completed successfully.
Information,7/18/2018 2:03:09 PM,Microsoft-Windows-RestartManager,10000,None,Starting session 0 - ‎2018‎-‎07‎-‎18T20:03:09.297347700Z.
Information,7/18/2018 2:03:08 PM,Microsoft-Windows-RestartManager,10001,None,Ending session 0 started ‎2018‎-‎07‎-‎18T20:02:47.704755500Z.
Information,7/18/2018 2:03:09 PM,MsiInstaller,1040,None,Beginning a Windows Installer transaction: C:\ProgramData\Package Cache\{5AD4A604-B476-1578-2A20-6B02FC6258BE}v10.1.17134.12\Installers\WinAppDeploy-x86_en-us.msi. Client Process Id: 14692.
Information,7/18/2018 2:03:09 PM,MsiInstaller,1042,None,Ending a Windows Installer transaction: C:\ProgramData\Package Cache\{99E0F2B6-0FEC-3CCD-E857-55B91C73D1D4}v10.1.17134.12\Installers\Windows SDK Modern Non-Versioned Developer Tools-x86_en-us.msi. Client Process Id: 14692.
Information,7/18/2018 2:03:08 PM,MsiInstaller,1033,None,Windows Installer installed the product. Product Name: Windows SDK Modern Non-Versioned Developer Tools. Product Version: 10.1.17134.12. Product Language: 1033. Manufacturer: Microsoft Corporation. Installation success or error status: 0.
Information,7/18/2018 2:03:08 PM,MsiInstaller,11707,None,Product: Windows SDK Modern Non-Versioned Developer Tools -- Installation completed successfully.
Information,7/18/2018 2:02:47 PM,Microsoft-Windows-RestartManager,10000,None,Starting session 0 - ‎2018‎-‎07‎-‎18T20:02:47.704755500Z.
Information,7/18/2018 2:02:47 PM,Microsoft-Windows-RestartManager,10001,None,Ending session 0 started ‎2018‎-‎07‎-‎18T20:02:45.507104400Z.
Information,7/18/2018 2:02:47 PM,MsiInstaller,1040,None,Beginning a Windows Installer transaction: C:\ProgramData\Package Cache\{99E0F2B6-0FEC-3CCD-E857-55B91C73D1D4}v10.1.17134.12\Installers\Windows SDK Modern Non-Versioned Developer Tools-x86_en-us.msi. Client Process Id: 14692.
Information,7/18/2018 2:02:47 PM,MsiInstaller,1042,None,Ending a Windows Installer transaction: C:\ProgramData\Package Cache\{5073B1D2-656B-F677-AC77-5F8DAA8888B2}v10.1.17134.12\Installers\Windows SDK Modern Versioned Developer Tools-x86_en-us.msi. Client Process Id: 14692.
Information,7/18/2018 2:02:47 PM,MsiInstaller,1033,None,Windows Installer installed the product. Product Name: Windows SDK Modern Versioned Developer Tools. Product Version: 10.1.17134.12. Product Language: 1033. Manufacturer: Microsoft Corporation. Installation success or error status: 0.
Information,7/18/2018 2:02:47 PM,MsiInstaller,11707,None,Product: Windows SDK Modern Versioned Developer Tools -- Installation completed successfully.
Information,7/18/2018 2:02:45 PM,Microsoft-Windows-RestartManager,10000,None,Starting session 0 - ‎2018‎-‎07‎-‎18T20:02:45.507104400Z.
Information,7/18/2018 2:02:45 PM,Microsoft-Windows-RestartManager,10001,None,Ending session 0 started ‎2018‎-‎07‎-‎18T20:02:34.243263600Z.
Information,7/18/2018 2:02:45 PM,MsiInstaller,1040,None,Beginning a Windows Installer transaction: C:\ProgramData\Package Cache\{5073B1D2-656B-F677-AC77-5F8DAA8888B2}v10.1.17134.12\Installers\Windows SDK Modern Versioned Developer Tools-x86_en-us.msi. Client Process Id: 14692.
Information,7/18/2018 2:02:45 PM,MsiInstaller,1042,None,Ending a Windows Installer transaction: C:\ProgramData\Package Cache\{3A5BBDEC-5254-43DA-F809-443771DBCB85}v10.1.17134.12\Installers\Windows SDK for Windows Store Apps Tools-x86_en-us.msi. Client Process Id: 14692.
Information,7/18/2018 2:02:45 PM,MsiInstaller,1033,None,Windows Installer installed the product. Product Name: Windows SDK for Windows Store Apps Tools. Product Version: 10.1.17134.12. Product Language: 1033. Manufacturer: Microsoft Corporation. Installation success or error status: 0.
Information,7/18/2018 2:02:45 PM,MsiInstaller,11707,None,Product: Windows SDK for Windows Store Apps Tools -- Installation completed successfully.
Information,7/18/2018 2:02:34 PM,Microsoft-Windows-RestartManager,10000,None,Starting session 0 - ‎2018‎-‎07‎-‎18T20:02:34.243263600Z.
Information,7/18/2018 2:02:33 PM,Microsoft-Windows-RestartManager,10001,None,Ending session 0 started ‎2018‎-‎07‎-‎18T20:02:32.743256300Z.
Information,7/18/2018 2:02:34 PM,MsiInstaller,1040,None,Beginning a Windows Installer transaction: C:\ProgramData\Package Cache\{3A5BBDEC-5254-43DA-F809-443771DBCB85}v10.1.17134.12\Installers\Windows SDK for Windows Store Apps Tools-x86_en-us.msi. Client Process Id: 14692.
Information,7/18/2018 2:02:33 PM,MsiInstaller,1042,None,Ending a Windows Installer transaction: C:\ProgramData\Package Cache\{6EFCFA87-BB5E-7BE5-3936-BCADCFBFADEB}v10.1.17134.12\Installers\Windows SDK for Windows Store Apps Metadata-x86_en-us.msi. Client Process Id: 14692.
Information,7/18/2018 2:02:33 PM,MsiInstaller,1033,None,Windows Installer installed the product. Product Name: Windows SDK for Windows Store Apps Metadata. Product Version: 10.1.17134.12. Product Language: 1033. Manufacturer: Microsoft Corporation. Installation success or error status: 0.
Information,7/18/2018 2:02:33 PM,MsiInstaller,11707,None,Product: Windows SDK for Windows Store Apps Metadata -- Installation completed successfully.
Information,7/18/2018 2:02:32 PM,Microsoft-Windows-RestartManager,10000,None,Starting session 0 - ‎2018‎-‎07‎-‎18T20:02:32.743256300Z.
Information,7/18/2018 2:02:32 PM,Microsoft-Windows-RestartManager,10001,None,Ending session 0 started ‎2018‎-‎07‎-‎18T20:02:30.404688400Z.
Information,7/18/2018 2:02:32 PM,MsiInstaller,1040,None,Beginning a Windows Installer transaction: C:\ProgramData\Package Cache\{6EFCFA87-BB5E-7BE5-3936-BCADCFBFADEB}v10.1.17134.12\Installers\Windows SDK for Windows Store Apps Metadata-x86_en-us.msi. Client Process Id: 14692.
Information,7/18/2018 2:02:32 PM,MsiInstaller,1042,None,Ending a Windows Installer transaction: C:\ProgramData\Package Cache\{C63E9058-B5E7-6637-9EC6-4953A7D54F77}v10.1.17134.12\Installers\Windows SDK for Windows Store Apps-x86_en-us.msi. Client Process Id: 14692.
Information,7/18/2018 2:02:32 PM,MsiInstaller,1033,None,Windows Installer installed the product. Product Name: Windows SDK for Windows Store Apps. Product Version: 10.1.17134.12. Product Language: 1033. Manufacturer: Microsoft Corporation. Installation success or error status: 0.
Information,7/18/2018 2:02:32 PM,MsiInstaller,11707,None,Product: Windows SDK for Windows Store Apps -- Installation completed successfully.
Information,7/18/2018 2:02:30 PM,Microsoft-Windows-RestartManager,10000,None,Starting session 0 - ‎2018‎-‎07‎-‎18T20:02:30.404688400Z.
Information,7/18/2018 2:02:30 PM,Microsoft-Windows-RestartManager,10001,None,Ending session 0 started ‎2018‎-‎07‎-‎18T20:02:27.243055200Z.
Information,7/18/2018 2:02:30 PM,MsiInstaller,1040,None,Beginning a Windows Installer transaction: C:\ProgramData\Package Cache\{C63E9058-B5E7-6637-9EC6-4953A7D54F77}v10.1.17134.12\Installers\Windows SDK for Windows Store Apps-x86_en-us.msi. Client Process Id: 14692.
Information,7/18/2018 2:02:30 PM,MsiInstaller,1042,None,Ending a Windows Installer transaction: C:\ProgramData\Package Cache\{763488F5-EAB7-3BB4-597F-81CA2F11535F}v10.1.17134.12\Installers\Windows SDK-x86_en-us.msi. Client Process Id: 14692.
Information,7/18/2018 2:02:30 PM,MsiInstaller,1033,None,Windows Installer installed the product. Product Name: Windows SDK. Product Version: 10.1.17134.12. Product Language: 1033. Manufacturer: Microsoft Corporation. Installation success or error status: 0.
Information,7/18/2018 2:02:30 PM,MsiInstaller,11707,None,Product: Windows SDK -- Installation completed successfully.
Information,7/18/2018 2:02:27 PM,Microsoft-Windows-RestartManager,10000,None,Starting session 0 - ‎2018‎-‎07‎-‎18T20:02:27.243055200Z.
Information,7/18/2018 2:02:26 PM,Microsoft-Windows-RestartManager,10001,None,Ending session 0 started ‎2018‎-‎07‎-‎18T20:02:25.556526100Z.
Information,7/18/2018 2:02:27 PM,MsiInstaller,1040,None,Beginning a Windows Installer transaction: C:\ProgramData\Package Cache\{763488F5-EAB7-3BB4-597F-81CA2F11535F}v10.1.17134.12\Installers\Windows SDK-x86_en-us.msi. Client Process Id: 14692.
Information,7/18/2018 2:02:27 PM,MsiInstaller,1042,None,Ending a Windows Installer transaction: C:\ProgramData\Package Cache\{8C4160A1-6C94-FC27-A086-D0FC3A297153}v10.1.17134.12\Installers\Windows SDK Signing Tools-x86_en-us.msi. Client Process Id: 14692.
Information,7/18/2018 2:02:26 PM,MsiInstaller,1033,None,Windows Installer installed the product. Product Name: Windows SDK Signing Tools. Product Version: 10.1.17134.12. Product Language: 1033. Manufacturer: Microsoft Corporation. Installation success or error status: 0.
Information,7/18/2018 2:02:26 PM,MsiInstaller,11707,None,Product: Windows SDK Signing Tools -- Installation completed successfully.
Information,7/18/2018 2:02:25 PM,Microsoft-Windows-RestartManager,10000,None,Starting session 0 - ‎2018‎-‎07‎-‎18T20:02:25.556526100Z.
Information,7/18/2018 2:02:25 PM,Microsoft-Windows-RestartManager,10001,None,Ending session 0 started ‎2018‎-‎07‎-‎18T20:02:23.734039100Z.
Information,7/18/2018 2:02:25 PM,MsiInstaller,1040,None,Beginning a Windows Installer transaction: C:\ProgramData\Package Cache\{8C4160A1-6C94-FC27-A086-D0FC3A297153}v10.1.17134.12\Installers\Windows SDK Signing Tools-x86_en-us.msi. Client Process Id: 14692.
Information,7/18/2018 2:02:25 PM,MsiInstaller,1042,None,Ending a Windows Installer transaction: C:\ProgramData\Package Cache\{1E406B46-65F4-91CE-65DA-DB66D5443B68}v10.1.17134.12\Installers\MSI Development Tools-x86_en-us.msi. Client Process Id: 14692.
Information,7/18/2018 2:02:24 PM,MsiInstaller,1033,None,Windows Installer installed the product. Product Name: MSI Development Tools. Product Version: 10.1.17134.12. Product Language: 1033. Manufacturer: Microsoft Corporation. Installation success or error status: 0.
Information,7/18/2018 2:02:24 PM,MsiInstaller,11707,None,Product: MSI Development Tools -- Installation completed successfully.
Information,7/18/2018 2:02:23 PM,Microsoft-Windows-RestartManager,10000,None,Starting session 0 - ‎2018‎-‎07‎-‎18T20:02:23.734039100Z.
Information,7/18/2018 2:02:23 PM,Microsoft-Windows-RestartManager,10001,None,Ending session 0 started ‎2018‎-‎07‎-‎18T20:02:21.957794900Z.
Information,7/18/2018 2:02:23 PM,MsiInstaller,1040,None,Beginning a Windows Installer transaction: C:\ProgramData\Package Cache\{1E406B46-65F4-91CE-65DA-DB66D5443B68}v10.1.17134.12\Installers\MSI Development Tools-x86_en-us.msi. Client Process Id: 14692.
Information,7/18/2018 2:02:23 PM,MsiInstaller,1042,None,Ending a Windows Installer transaction: C:\ProgramData\Package Cache\{18380907-0DDE-C70B-74D1-46F0144502CD}v10.1.17134.12\Installers\Windows SDK EULA-x86_en-us.msi. Client Process Id: 14692.
Information,7/18/2018 2:02:23 PM,MsiInstaller,1033,None,Windows Installer installed the product. Product Name: Windows SDK EULA. Product Version: 10.1.17134.12. Product Language: 1033. Manufacturer: Microsoft Corporations. Installation success or error status: 0.
Information,7/18/2018 2:02:23 PM,MsiInstaller,11707,None,Product: Windows SDK EULA -- Installation completed successfully.
Information,7/18/2018 2:02:21 PM,Microsoft-Windows-RestartManager,10000,None,Starting session 0 - ‎2018‎-‎07‎-‎18T20:02:21.957794900Z.
Information,7/18/2018 2:02:21 PM,Microsoft-Windows-RestartManager,10001,None,Ending session 0 started ‎2018‎-‎07‎-‎18T20:02:16.558653800Z.
Information,7/18/2018 2:02:21 PM,MsiInstaller,1040,None,Beginning a Windows Installer transaction: C:\ProgramData\Package Cache\{18380907-0DDE-C70B-74D1-46F0144502CD}v10.1.17134.12\Installers\Windows SDK EULA-x86_en-us.msi. Client Process Id: 14692.
Information,7/18/2018 2:02:21 PM,MsiInstaller,1042,None,Ending a Windows Installer transaction: C:\ProgramData\Package Cache\{E96B47FB-9BB8-2C34-84B7-82F25DE6DCE7}v10.1.17134.12\Installers\Windows App Certification Kit Native Components-x64_en-us.msi. Client Process Id: 14692.
Information,7/18/2018 2:02:21 PM,MsiInstaller,1033,None,Windows Installer installed the product. Product Name: Windows App Certification Kit Native Components. Product Version: 10.1.17134.12. Product Language: 1033. Manufacturer: Microsoft Corporation. Installation success or error status: 0.
Information,7/18/2018 2:02:21 PM,MsiInstaller,11707,None,Product: Windows App Certification Kit Native Components -- Installation completed successfully.
Information,7/18/2018 2:02:16 PM,Microsoft-Windows-RestartManager,10000,None,Starting session 0 - ‎2018‎-‎07‎-‎18T20:02:16.558653800Z.
Information,7/18/2018 2:02:16 PM,Microsoft-Windows-RestartManager,10001,None,Ending session 0 started ‎2018‎-‎07‎-‎18T20:02:03.563458200Z.
Information,7/18/2018 2:02:16 PM,MsiInstaller,1040,None,Beginning a Windows Installer transaction: C:\ProgramData\Package Cache\{E96B47FB-9BB8-2C34-84B7-82F25DE6DCE7}v10.1.17134.12\Installers\Windows App Certification Kit Native Components-x64_en-us.msi. Client Process Id: 14692.
Information,7/18/2018 2:02:16 PM,MsiInstaller,1042,None,Ending a Windows Installer transaction: C:\ProgramData\Package Cache\{8068A09D-0DDA-BCD5-1CDB-7D30D78F1BBC}v10.1.17134.12\Installers\Windows App Certification Kit x64-x86_en-us.msi. Client Process Id: 14692.
Information,7/18/2018 2:02:16 PM,MsiInstaller,1033,None,Windows Installer installed the product. Product Name: Windows App Certification Kit x64. Product Version: 10.1.17134.12. Product Language: 1033. Manufacturer: Microsoft Corporation. Installation success or error status: 0.
Information,7/18/2018 2:02:16 PM,MsiInstaller,11707,None,Product: Windows App Certification Kit x64 -- Installation completed successfully.
Information,7/18/2018 2:02:03 PM,Microsoft-Windows-RestartManager,10000,None,Starting session 0 - ‎2018‎-‎07‎-‎18T20:02:03.563458200Z.
Information,7/18/2018 2:02:03 PM,Microsoft-Windows-RestartManager,10001,None,Ending session 0 started ‎2018‎-‎07‎-‎18T20:02:01.438183500Z.
Information,7/18/2018 2:02:03 PM,MsiInstaller,1040,None,Beginning a Windows Installer transaction: C:\ProgramData\Package Cache\{8068A09D-0DDA-BCD5-1CDB-7D30D78F1BBC}v10.1.17134.12\Installers\Windows App Certification Kit x64-x86_en-us.msi. Client Process Id: 14692.
Information,7/18/2018 2:02:03 PM,MsiInstaller,1042,None,Ending a Windows Installer transaction: C:\ProgramData\Package Cache\{FDCFD759-BA24-F0C8-FE83-43513EE6D443}v10.1.17134.12\Installers\Windows App Certification Kit SupportedApiList x86-x86_en-us.msi. Client Process Id: 14692.
Information,7/18/2018 2:02:02 PM,MsiInstaller,1033,None,Windows Installer installed the product. Product Name: Windows App Certification Kit SupportedApiList x86. Product Version: 10.1.17134.12. Product Language: 1033. Manufacturer: Microsoft Corporation. Installation success or error status: 0.
Information,7/18/2018 2:02:02 PM,MsiInstaller,11707,None,Product: Windows App Certification Kit SupportedApiList x86 -- Installation completed successfully.
Information,7/18/2018 2:02:01 PM,Microsoft-Windows-RestartManager,10000,None,Starting session 0 - ‎2018‎-‎07‎-‎18T20:02:01.438183500Z.
Information,7/18/2018 2:02:01 PM,Microsoft-Windows-RestartManager,10001,None,Ending session 0 started ‎2018‎-‎07‎-‎18T20:01:59.153785000Z.
Information,7/18/2018 2:02:01 PM,MsiInstaller,1040,None,Beginning a Windows Installer transaction: C:\ProgramData\Package Cache\{FDCFD759-BA24-F0C8-FE83-43513EE6D443}v10.1.17134.12\Installers\Windows App Certification Kit SupportedApiList x86-x86_en-us.msi. Client Process Id: 14692.
Information,7/18/2018 2:02:01 PM,MsiInstaller,1042,None,Ending a Windows Installer transaction: C:\ProgramData\Package Cache\{6F502640-B753-C101-FFA5-B38C3FA5B29A}v10.1.17134.12\Installers\Kits Configuration Installer-x86_en-us.msi. Client Process Id: 14692.
Information,7/18/2018 2:02:01 PM,MsiInstaller,1033,None,Windows Installer installed the product. Product Name: Kits Configuration Installer. Product Version: 10.1.17134.12. Product Language: 1033. Manufacturer: Microsoft. Installation success or error status: 0.
Information,7/18/2018 2:02:01 PM,MsiInstaller,11707,None,Product: Kits Configuration Installer -- Installation completed successfully.
Information,7/18/2018 2:01:59 PM,Microsoft-Windows-RestartManager,10000,None,Starting session 0 - ‎2018‎-‎07‎-‎18T20:01:59.153785000Z.
Information,7/18/2018 2:01:58 PM,Microsoft-Windows-RestartManager,10001,None,Ending session 0 started ‎2018‎-‎07‎-‎18T20:01:55.075054000Z.
Information,7/18/2018 2:01:58 PM,MsiInstaller,1040,None,Beginning a Windows Installer transaction: C:\ProgramData\Package Cache\{6F502640-B753-C101-FFA5-B38C3FA5B29A}v10.1.17134.12\Installers\Kits Configuration Installer-x86_en-us.msi. Client Process Id: 14692.
Information,7/18/2018 2:01:58 PM,MsiInstaller,1042,None,Ending a Windows Installer transaction: C:\ProgramData\Package Cache\{62CB44B2-8007-DBB2-1CBA-5CB7309EB3C3}v10.1.17134.12\Installers\Application Verifier x64 External Package-x64_en-us.msi. Client Process Id: 14692.
Information,7/18/2018 2:01:58 PM,MsiInstaller,1033,None,Windows Installer installed the product. Product Name: Application Verifier x64 External Package. Product Version: 10.1.17134.12. Product Language: 1033. Manufacturer: Microsoft. Installation success or error status: 0.
Information,7/18/2018 2:01:58 PM,MsiInstaller,11707,None,Product: Application Verifier x64 External Package -- Installation completed successfully.
Information,7/18/2018 2:01:55 PM,Microsoft-Windows-RestartManager,10000,None,Starting session 0 - ‎2018‎-‎07‎-‎18T20:01:55.075054000Z.
Information,7/18/2018 2:01:53 PM,MsiInstaller,1040,None,Beginning a Windows Installer transaction: C:\ProgramData\Package Cache\{62CB44B2-8007-DBB2-1CBA-5CB7309EB3C3}v10.1.17134.12\Installers\Application Verifier x64 External Package-x64_en-us.msi. Client Process Id: 14692.
Error,7/18/2018 2:01:13 PM,VSS,8193,None,"Volume Shadow Copy Service error: Unexpected error calling routine QueryFullProcessImageNameW.  hr = 0x80070006, The handle is invalid.
. 

Operation:
   Executing Asynchronous Operation

Context:
   Current State: DoSnapshotSet"
