Information,7/18/2018 2:08:24 PM,MsiInstaller,1033,None,Windows Installer installed the product. Product Name: windows_toolscorepkg. Product Version: 15.7.27703. Product Language: 1033. Manufacturer: Microsoft Corporation. Installation success or error status: 0.
Information,7/18/2018 2:08:24 PM,MsiInstaller,11707,None,Product: windows_toolscorepkg -- Installation completed successfully.
Information,7/18/2018 2:08:20 PM,Microsoft-Windows-RestartManager,10000,None,Starting session 0 - ‎2018‎-‎07‎-‎18T20:08:20.251046700Z.
Information,7/18/2018 2:08:19 PM,MsiInstaller,1040,None,"Beginning a Windows Installer transaction: C:\ProgramData\Microsoft\VisualStudio\Packages\Microsoft.VisualStudio.Windows.Tools.Msi,version=15.7.27703.2018\Microsoft.VisualStudio.Windows.Tools.Msi.msi. Client Process Id: 3084."
Information,7/18/2018 2:08:13 PM,Microsoft-Windows-RestartManager,10001,None,Ending session 0 started ‎2018‎-‎07‎-‎18T20:08:10.678615600Z.
Information,7/18/2018 2:08:13 PM,Microsoft-Windows-RestartManager,10001,None,Ending session 0 started ‎2018‎-‎07‎-‎18T20:08:13.267355500Z.
Information,7/18/2018 2:08:13 PM,Microsoft-Windows-RestartManager,10005,None,Machine restart is required.
Warning,7/18/2018 2:08:13 PM,Microsoft-Windows-RestartManager,10010,None,Application 'C:\Program Files (x86)\Microsoft Office\Office15\OUTLOOK.EXE' (pid 22652) cannot be restarted - Application SID does not match Conductor SID..
Information,7/18/2018 2:08:13 PM,Microsoft-Windows-RestartManager,10000,None,Starting session 0 - ‎2018‎-‎07‎-‎18T20:08:13.267355500Z.
Information,7/18/2018 2:08:13 PM,Microsoft-Windows-RestartManager,10001,None,Ending session 0 started ‎2018‎-‎07‎-‎18T20:08:13.088235200Z.
Information,7/18/2018 2:08:13 PM,Microsoft-Windows-RestartManager,10005,None,Machine restart is required.
Warning,7/18/2018 2:08:13 PM,Microsoft-Windows-RestartManager,10010,None,Application 'C:\Program Files (x86)\Microsoft Office\Office15\OUTLOOK.EXE' (pid 22652) cannot be restarted - Application SID does not match Conductor SID..
Information,7/18/2018 2:08:13 PM,Microsoft-Windows-RestartManager,10000,None,Starting session 0 - ‎2018‎-‎07‎-‎18T20:08:13.088235200Z.
Information,7/18/2018 2:08:13 PM,MsiInstaller,1042,None,"Ending a Windows Installer transaction: C:\ProgramData\Microsoft\VisualStudio\Packages\Microsoft.Windows.Simulator.Package,version=15.0.26621.2\windows_sim.msi. Client Process Id: 3084."
Information,7/18/2018 2:08:13 PM,MsiInstaller,1033,None,Windows Installer installed the product. Product Name: Windows Simulator. Product Version: 15.0.26621. Product Language: 1033. Manufacturer: Microsoft Corporation. Installation success or error status: 0.
Information,7/18/2018 2:08:13 PM,MsiInstaller,11707,None,Product: Windows Simulator -- Installation completed successfully.
Information,7/18/2018 2:08:10 PM,Microsoft-Windows-RestartManager,10000,None,Starting session 0 - ‎2018‎-‎07‎-‎18T20:08:10.678615600Z.
Information,7/18/2018 2:08:10 PM,MsiInstaller,1040,None,"Beginning a Windows Installer transaction: C:\ProgramData\Microsoft\VisualStudio\Packages\Microsoft.Windows.Simulator.Package,version=15.0.26621.2\windows_sim.msi. Client Process Id: 3084."
Information,7/18/2018 2:08:10 PM,Microsoft-Windows-RestartManager,10001,None,Ending session 0 started ‎2018‎-‎07‎-‎18T20:08:09.464800600Z.
Information,7/18/2018 2:08:10 PM,Microsoft-Windows-RestartManager,10001,None,Ending session 0 started ‎2018‎-‎07‎-‎18T20:08:10.076213300Z.
Information,7/18/2018 2:08:10 PM,Microsoft-Windows-RestartManager,10005,None,Machine restart is required.
Warning,7/18/2018 2:08:10 PM,Microsoft-Windows-RestartManager,10010,None,Application 'C:\Program Files (x86)\Microsoft Office\Office15\OUTLOOK.EXE' (pid 22652) cannot be restarted - Application SID does not match Conductor SID..
Information,7/18/2018 2:08:10 PM,Microsoft-Windows-RestartManager,10000,None,Starting session 0 - ‎2018‎-‎07‎-‎18T20:08:10.076213300Z.
Information,7/18/2018 2:08:09 PM,Microsoft-Windows-RestartManager,10000,None,Starting session 0 - ‎2018‎-‎07‎-‎18T20:08:09.464800600Z.
Information,7/18/2018 2:08:10 PM,MsiInstaller,1042,None,"Ending a Windows Installer transaction: C:\ProgramData\Microsoft\VisualStudio\Packages\Microsoft.Windows.Simulator.Package.Resources,version=15.0.26621.2\windows_simres.msi. Client Process Id: 3084."
Information,7/18/2018 2:08:10 PM,MsiInstaller,1033,None,Windows Installer installed the product. Product Name: Windows Simulator - ENU. Product Version: 15.0.26621. Product Language: 1033. Manufacturer: Microsoft Corporation. Installation success or error status: 0.
Information,7/18/2018 2:08:10 PM,MsiInstaller,11707,None,Product: Windows Simulator - ENU -- Installation completed successfully.
Information,7/18/2018 2:08:09 PM,MsiInstaller,1040,None,"Beginning a Windows Installer transaction: C:\ProgramData\Microsoft\VisualStudio\Packages\Microsoft.Windows.Simulator.Package.Resources,version=15.0.26621.2\windows_simres.msi. Client Process Id: 3084."
Information,7/18/2018 2:07:46 PM,Microsoft-Windows-RestartManager,10001,None,Ending session 0 started ‎2018‎-‎07‎-‎18T20:07:45.333007900Z.
Information,7/18/2018 2:07:45 PM,Microsoft-Windows-RestartManager,10000,None,Starting session 0 - ‎2018‎-‎07‎-‎18T20:07:45.333007900Z.
Information,7/18/2018 2:07:46 PM,MsiInstaller,1042,None,"Ending a Windows Installer transaction: C:\ProgramData\Microsoft\VisualStudio\Packages\Microsoft.VisualStudio.Debugger.ImmersiveActivateHelper.Msi,version=15.7.27520.0\immersiveactivate.msi. Client Process Id: 3084."
Information,7/18/2018 2:07:45 PM,MsiInstaller,1033,None,Windows Installer installed the product. Product Name: VS Immersive Activate Helper. Product Version: 16.0.94.0. Product Language: 1033. Manufacturer: Microsoft Corporation. Installation success or error status: 0.
Information,7/18/2018 2:07:45 PM,MsiInstaller,11707,None,Product: VS Immersive Activate Helper -- Installation completed successfully.
Information,7/18/2018 2:07:45 PM,MsiInstaller,1040,None,"Beginning a Windows Installer transaction: C:\ProgramData\Microsoft\VisualStudio\Packages\Microsoft.VisualStudio.Debugger.ImmersiveActivateHelper.Msi,version=15.7.27520.0\immersiveactivate.msi. Client Process Id: 3084."
Information,7/18/2018 2:07:44 PM,Microsoft-Windows-RestartManager,10001,None,Ending session 0 started ‎2018‎-‎07‎-‎18T20:07:44.094174100Z.
Information,7/18/2018 2:07:44 PM,Microsoft-Windows-RestartManager,10000,None,Starting session 0 - ‎2018‎-‎07‎-‎18T20:07:44.094174100Z.
Information,7/18/2018 2:07:44 PM,MsiInstaller,1042,None,"Ending a Windows Installer transaction: C:\ProgramData\Microsoft\VisualStudio\Packages\Microsoft.VisualCpp.CRT.ClickOnce.Msi,version=14.14.26405,language=en-US\vcpp_crt.redist.clickonce.msi. Client Process Id: 3084."
Information,7/18/2018 2:07:44 PM,MsiInstaller,1033,None,Windows Installer installed the product. Product Name: vcpp_crt.redist.clickonce. Product Version: 14.14.26405. Product Language: 1033. Manufacturer: Microsoft Corporation. Installation success or error status: 0.
Information,7/18/2018 2:07:44 PM,MsiInstaller,11707,None,Product: vcpp_crt.redist.clickonce -- Installation completed successfully.
Information,7/18/2018 2:07:43 PM,MsiInstaller,1040,None,"Beginning a Windows Installer transaction: C:\ProgramData\Microsoft\VisualStudio\Packages\Microsoft.VisualCpp.CRT.ClickOnce.Msi,version=14.14.26405,language=en-US\vcpp_crt.redist.clickonce.msi. Client Process Id: 3084."
Information,7/18/2018 2:07:43 PM,Microsoft-Windows-RestartManager,10001,None,Ending session 0 started ‎2018‎-‎07‎-‎18T20:07:43.237599400Z.
Information,7/18/2018 2:07:43 PM,Microsoft-Windows-RestartManager,10000,None,Starting session 0 - ‎2018‎-‎07‎-‎18T20:07:43.237599400Z.
Information,7/18/2018 2:07:42 PM,Microsoft-Windows-RestartManager,10001,None,Ending session 0 started ‎2018‎-‎07‎-‎18T20:07:41.095573500Z.
Information,7/18/2018 2:07:43 PM,MsiInstaller,1042,None,"Ending a Windows Installer transaction: C:\ProgramData\Microsoft\VisualStudio\Packages\Microsoft.ClickOnce.SignTool.Msi,version=15.0.27005.2\Microsoft.ClickOnce.SignTool.Msi.msi. Client Process Id: 3084."
Information,7/18/2018 2:07:43 PM,MsiInstaller,1033,None,Windows Installer installed the product. Product Name: vs_clickoncesigntoolmsi. Product Version: 15.0.27005. Product Language: 1033. Manufacturer: Microsoft Corporation. Installation success or error status: 0.
Information,7/18/2018 2:07:43 PM,MsiInstaller,11707,None,Product: vs_clickoncesigntoolmsi -- Installation completed successfully.
Information,7/18/2018 2:07:42 PM,MsiInstaller,1040,None,"Beginning a Windows Installer transaction: C:\ProgramData\Microsoft\VisualStudio\Packages\Microsoft.ClickOnce.SignTool.Msi,version=15.0.27005.2\Microsoft.ClickOnce.SignTool.Msi.msi. Client Process Id: 3084."
Information,7/18/2018 2:07:42 PM,MsiInstaller,1042,None,"Ending a Windows Installer transaction: C:\ProgramData\Microsoft\VisualStudio\Packages\Microsoft.SQL.ClickOnceBootstrapper.Msi,version=15.0.27005.2\Microsoft.SQL.ClickOnceBootstrapper.Msi.msi. Client Process Id: 3084."
Information,7/18/2018 2:07:42 PM,MsiInstaller,1033,None,Windows Installer installed the product. Product Name: vs_SQLClickOnceBootstrappermsi. Product Version: 15.0.27005. Product Language: 1033. Manufacturer: Microsoft Corporation. Installation success or error status: 0.
Information,7/18/2018 2:07:42 PM,MsiInstaller,11707,None,Product: vs_SQLClickOnceBootstrappermsi -- Installation completed successfully.
Information,7/18/2018 2:07:41 PM,Microsoft-Windows-RestartManager,10000,None,Starting session 0 - ‎2018‎-‎07‎-‎18T20:07:41.095573500Z.
Information,7/18/2018 2:07:40 PM,Microsoft-Windows-RestartManager,10001,None,Ending session 0 started ‎2018‎-‎07‎-‎18T20:07:31.158738600Z.
Information,7/18/2018 2:07:40 PM,MsiInstaller,1040,None,"Beginning a Windows Installer transaction: C:\ProgramData\Microsoft\VisualStudio\Packages\Microsoft.SQL.ClickOnceBootstrapper.Msi,version=15.0.27005.2\Microsoft.SQL.ClickOnceBootstrapper.Msi.msi. Client Process Id: 3084."
Information,7/18/2018 2:07:40 PM,MsiInstaller,1042,None,"Ending a Windows Installer transaction: C:\ProgramData\Microsoft\VisualStudio\Packages\Microsoft.Net.ClickOnceBootstrapper,version=4.7.2558.2\netfx_bootstrapper.msi. Client Process Id: 3084."
Information,7/18/2018 2:07:40 PM,MsiInstaller,1033,None,Windows Installer installed the product. Product Name: ClickOnce Bootstrapper Package for Microsoft .NET Framework. Product Version: 4.7.02558. Product Language: 1033. Manufacturer: Microsoft Corporation. Installation success or error status: 0.
Information,7/18/2018 2:07:40 PM,MsiInstaller,11707,None,Product: ClickOnce Bootstrapper Package for Microsoft .NET Framework -- Installation completed successfully.
Information,7/18/2018 2:07:31 PM,Microsoft-Windows-RestartManager,10000,None,Starting session 0 - ‎2018‎-‎07‎-‎18T20:07:31.158738600Z.
Information,7/18/2018 2:07:30 PM,MsiInstaller,1040,None,"Beginning a Windows Installer transaction: C:\ProgramData\Microsoft\VisualStudio\Packages\Microsoft.Net.ClickOnceBootstrapper,version=4.7.2558.2\netfx_bootstrapper.msi. Client Process Id: 3084."
Information,7/18/2018 2:07:30 PM,Microsoft-Windows-RestartManager,10001,None,Ending session 0 started ‎2018‎-‎07‎-‎18T20:07:29.862131400Z.
Information,7/18/2018 2:07:29 PM,Microsoft-Windows-RestartManager,10000,None,Starting session 0 - ‎2018‎-‎07‎-‎18T20:07:29.862131400Z.
Information,7/18/2018 2:07:30 PM,MsiInstaller,1042,None,"Ending a Windows Installer transaction: C:\ProgramData\Microsoft\VisualStudio\Packages\Microsoft.ClickOnce.BootStrapper.Msi.Resources,version=15.0.27005.2\Microsoft.ClickOnce.BootStrapper.Msi.Resources.msi. Client Process Id: 3084."
Information,7/18/2018 2:07:30 PM,MsiInstaller,1033,None,Windows Installer installed the product. Product Name: vs_clickoncebootstrappermsires. Product Version: 15.0.27005. Product Language: 1033. Manufacturer: Microsoft Corporation. Installation success or error status: 0.
Information,7/18/2018 2:07:30 PM,MsiInstaller,11707,None,Product: vs_clickoncebootstrappermsires -- Installation completed successfully.
Information,7/18/2018 2:07:29 PM,Microsoft-Windows-RestartManager,10001,None,Ending session 0 started ‎2018‎-‎07‎-‎18T20:07:28.793054300Z.
Information,7/18/2018 2:07:28 PM,Microsoft-Windows-RestartManager,10000,None,Starting session 0 - ‎2018‎-‎07‎-‎18T20:07:28.793054300Z.
Information,7/18/2018 2:07:29 PM,MsiInstaller,1040,None,"Beginning a Windows Installer transaction: C:\ProgramData\Microsoft\VisualStudio\Packages\Microsoft.ClickOnce.BootStrapper.Msi.Resources,version=15.0.27005.2\Microsoft.ClickOnce.BootStrapper.Msi.Resources.msi. Client Process Id: 3084."
Information,7/18/2018 2:07:29 PM,MsiInstaller,1042,None,"Ending a Windows Installer transaction: C:\ProgramData\Microsoft\VisualStudio\Packages\Microsoft.ClickOnce.BootStrapper.Msi,version=15.0.27005.2\Microsoft.ClickOnce.BootStrapper.Msi.msi. Client Process Id: 3084."
Information,7/18/2018 2:07:29 PM,MsiInstaller,1033,None,Windows Installer installed the product. Product Name: vs_clickoncebootstrappermsi. Product Version: 15.0.27005. Product Language: 1033. Manufacturer: Microsoft Corporation. Installation success or error status: 0.
Information,7/18/2018 2:07:29 PM,MsiInstaller,11707,None,Product: vs_clickoncebootstrappermsi -- Installation completed successfully.
Information,7/18/2018 2:07:28 PM,MsiInstaller,1040,None,"Beginning a Windows Installer transaction: C:\ProgramData\Microsoft\VisualStudio\Packages\Microsoft.ClickOnce.BootStrapper.Msi,version=15.0.27005.2\Microsoft.ClickOnce.BootStrapper.Msi.msi. Client Process Id: 3084."
Information,7/18/2018 2:07:21 PM,Microsoft-Windows-RestartManager,10001,None,Ending session 0 started ‎2018‎-‎07‎-‎18T20:07:20.080745000Z.
Information,7/18/2018 2:07:21 PM,MsiInstaller,1042,None,"Ending a Windows Installer transaction: C:\ProgramData\Microsoft\VisualStudio\Packages\Microsoft.Icecap.Collection.Msi,version=15.6.27413.0\Microsoft.Icecap.Collection.Msi.msi. Client Process Id: 3084."
Information,7/18/2018 2:07:21 PM,Microsoft-Windows-RestartManager,10001,None,Ending session 0 started ‎2018‎-‎07‎-‎18T20:07:21.457068400Z.
Information,7/18/2018 2:07:21 PM,Microsoft-Windows-RestartManager,10005,None,Machine restart is required.
Warning,7/18/2018 2:07:21 PM,Microsoft-Windows-RestartManager,10010,None,Application 'C:\Program Files (x86)\Microsoft Office\Office15\OUTLOOK.EXE' (pid 22652) cannot be restarted - Application SID does not match Conductor SID..
Information,7/18/2018 2:07:21 PM,Microsoft-Windows-RestartManager,10000,None,Starting session 0 - ‎2018‎-‎07‎-‎18T20:07:21.457068400Z.
Information,7/18/2018 2:07:21 PM,MsiInstaller,1033,None,Windows Installer installed the product. Product Name: icecap_collection_neutral. Product Version: 15.6.27413. Product Language: 1033. Manufacturer: Microsoft Corporation. Installation success or error status: 0.
Information,7/18/2018 2:07:21 PM,MsiInstaller,11707,None,Product: icecap_collection_neutral -- Installation completed successfully.
Information,7/18/2018 2:07:20 PM,Microsoft-Windows-RestartManager,10000,None,Starting session 0 - ‎2018‎-‎07‎-‎18T20:07:20.080745000Z.
Information,7/18/2018 2:07:19 PM,Microsoft-Windows-RestartManager,10001,None,Ending session 0 started ‎2018‎-‎07‎-‎18T20:07:18.508489500Z.
Information,7/18/2018 2:07:19 PM,MsiInstaller,1040,None,"Beginning a Windows Installer transaction: C:\ProgramData\Microsoft\VisualStudio\Packages\Microsoft.Icecap.Collection.Msi,version=15.6.27413.0\Microsoft.Icecap.Collection.Msi.msi. Client Process Id: 3084."
Information,7/18/2018 2:07:19 PM,MsiInstaller,1042,None,"Ending a Windows Installer transaction: C:\ProgramData\Microsoft\VisualStudio\Packages\Microsoft.Icecap.Collection.Msi.Targeted,version=15.6.27413.0,chip=x64\Microsoft.Icecap.Collection.Msi.x64.msi. Client Process Id: 3084."
Information,7/18/2018 2:07:19 PM,MsiInstaller,1033,None,Windows Installer installed the product. Product Name: icecap_collection_x64. Product Version: 15.6.27413. Product Language: 1033. Manufacturer: Microsoft Corporation. Installation success or error status: 0.
Information,7/18/2018 2:07:19 PM,MsiInstaller,11707,None,Product: icecap_collection_x64 -- Installation completed successfully.
Information,7/18/2018 2:07:18 PM,Microsoft-Windows-RestartManager,10000,None,Starting session 0 - ‎2018‎-‎07‎-‎18T20:07:18.508489500Z.
Information,7/18/2018 2:07:18 PM,Microsoft-Windows-RestartManager,10001,None,Ending session 0 started ‎2018‎-‎07‎-‎18T20:07:17.705949600Z.
Information,7/18/2018 2:07:18 PM,MsiInstaller,1040,None,"Beginning a Windows Installer transaction: C:\ProgramData\Microsoft\VisualStudio\Packages\Microsoft.Icecap.Collection.Msi.Targeted,version=15.6.27413.0,chip=x64\Microsoft.Icecap.Collection.Msi.x64.msi. Client Process Id: 3084."
Information,7/18/2018 2:07:18 PM,MsiInstaller,1042,None,"Ending a Windows Installer transaction: C:\ProgramData\Microsoft\VisualStudio\Packages\Microsoft.Icecap.Collection.Msi.Resources,version=15.6.27406.0,language=en-US\Microsoft.Icecap.Collection.Msi.Resources.msi. Client Process Id: 3084."
Information,7/18/2018 2:07:18 PM,MsiInstaller,1033,None,Windows Installer installed the product. Product Name: icecap_collectionresources. Product Version: 15.6.27406. Product Language: 1033. Manufacturer: Microsoft Corporation. Installation success or error status: 0.
Information,7/18/2018 2:07:18 PM,MsiInstaller,11707,None,Product: icecap_collectionresources -- Installation completed successfully.
Information,7/18/2018 2:07:17 PM,Microsoft-Windows-RestartManager,10000,None,Starting session 0 - ‎2018‎-‎07‎-‎18T20:07:17.705949600Z.
Information,7/18/2018 2:07:17 PM,Microsoft-Windows-RestartManager,10001,None,Ending session 0 started ‎2018‎-‎07‎-‎18T20:07:16.767308800Z.
Information,7/18/2018 2:07:16 PM,Microsoft-Windows-RestartManager,10000,None,Starting session 0 - ‎2018‎-‎07‎-‎18T20:07:16.767308800Z.
Information,7/18/2018 2:07:17 PM,MsiInstaller,1040,None,"Beginning a Windows Installer transaction: C:\ProgramData\Microsoft\VisualStudio\Packages\Microsoft.Icecap.Collection.Msi.Resources,version=15.6.27406.0,language=en-US\Microsoft.Icecap.Collection.Msi.Resources.msi. Client Process Id: 3084."
Information,7/18/2018 2:07:17 PM,MsiInstaller,1042,None,"Ending a Windows Installer transaction: C:\ProgramData\Microsoft\VisualStudio\Packages\Microsoft.Icecap.Collection.Msi.Resources.Targeted,version=15.6.27406.0,chip=x64,language=en-US\Microsoft.Icecap.Collection.Msi.Resources.x64.msi. Client Process Id: 3084."
Information,7/18/2018 2:07:17 PM,MsiInstaller,1033,None,Windows Installer installed the product. Product Name: icecap_collectionresourcesx64. Product Version: 15.6.27406. Product Language: 1033. Manufacturer: Microsoft Corporation. Installation success or error status: 0.
Information,7/18/2018 2:07:17 PM,MsiInstaller,11707,None,Product: icecap_collectionresourcesx64 -- Installation completed successfully.
Information,7/18/2018 2:07:16 PM,MsiInstaller,1040,None,"Beginning a Windows Installer transaction: C:\ProgramData\Microsoft\VisualStudio\Packages\Microsoft.Icecap.Collection.Msi.Resources.Targeted,version=15.6.27406.0,chip=x64,language=en-US\Microsoft.Icecap.Collection.Msi.Resources.x64.msi. Client Process Id: 3084."
Information,7/18/2018 2:07:10 PM,MsiInstaller,1042,None,"Ending a Windows Installer transaction: C:\ProgramData\Microsoft\VisualStudio\Packages\Microsoft.DiagnosticsHub.Collection.Service,version=15.7.27520.0,chip=x64\Microsoft.DiagnosticsHub.Collection.Service.Msi.msi. Client Process Id: 3084."
Information,7/18/2018 2:07:10 PM,Microsoft-Windows-RestartManager,10001,None,Ending session 0 started ‎2018‎-‎07‎-‎18T20:07:09.843587200Z.
Information,7/18/2018 2:07:09 PM,Microsoft-Windows-RestartManager,10000,None,Starting session 0 - ‎2018‎-‎07‎-‎18T20:07:09.843587200Z.
Information,7/18/2018 2:07:10 PM,MsiInstaller,1033,None,Windows Installer installed the product. Product Name: DiagnosticsHub_CollectionService. Product Version: 15.7.27520. Product Language: 1033. Manufacturer: Microsoft Corporation. Installation success or error status: 0.
Information,7/18/2018 2:07:10 PM,MsiInstaller,11707,None,Product: DiagnosticsHub_CollectionService -- Installation completed successfully.
Information,7/18/2018 2:07:09 PM,MsiInstaller,1040,None,"Beginning a Windows Installer transaction: C:\ProgramData\Microsoft\VisualStudio\Packages\Microsoft.DiagnosticsHub.Collection.Service,version=15.7.27520.0,chip=x64\Microsoft.DiagnosticsHub.Collection.Service.Msi.msi. Client Process Id: 3084."
Information,7/18/2018 2:06:22 PM,Microsoft-Windows-RestartManager,10001,None,Ending session 0 started ‎2018‎-‎07‎-‎18T20:06:16.100592600Z.
Information,7/18/2018 2:06:22 PM,MsiInstaller,1042,None,Ending a Windows Installer transaction: C:\ProgramData\Package Cache\{008E7522-C30C-1954-BBED-1F8E65094A5B}v10.1.17134.12\Installers\Windows SDK Desktop Libs arm64-x86_en-us.msi. Client Process Id: 14692.
Information,7/18/2018 2:06:22 PM,MsiInstaller,1033,None,Windows Installer installed the product. Product Name: Windows SDK Desktop Libs arm64. Product Version: 10.1.17134.12. Product Language: 1033. Manufacturer: Microsoft Corporation. Installation success or error status: 0.
Information,7/18/2018 2:06:22 PM,MsiInstaller,11707,None,Product: Windows SDK Desktop Libs arm64 -- Installation completed successfully.
Information,7/18/2018 2:06:16 PM,Microsoft-Windows-RestartManager,10000,None,Starting session 0 - ‎2018‎-‎07‎-‎18T20:06:16.100592600Z.
Information,7/18/2018 2:06:15 PM,Microsoft-Windows-RestartManager,10001,None,Ending session 0 started ‎2018‎-‎07‎-‎18T20:06:15.381109300Z.
Information,7/18/2018 2:06:15 PM,Microsoft-Windows-RestartManager,10000,None,Starting session 0 - ‎2018‎-‎07‎-‎18T20:06:15.381109300Z.
Information,7/18/2018 2:06:15 PM,Microsoft-Windows-RestartManager,10001,None,Ending session 0 started ‎2018‎-‎07‎-‎18T20:06:13.588758000Z.
Information,7/18/2018 2:06:15 PM,MsiInstaller,1040,None,Beginning a Windows Installer transaction: C:\ProgramData\Package Cache\{008E7522-C30C-1954-BBED-1F8E65094A5B}v10.1.17134.12\Installers\Windows SDK Desktop Libs arm64-x86_en-us.msi. Client Process Id: 14692.
Information,7/18/2018 2:06:15 PM,MsiInstaller,1042,None,Ending a Windows Installer transaction: C:\ProgramData\Package Cache\{366FE23C-D417-99CF-9606-130F37CC6C3F}v10.1.17134.12\Installers\Windows SDK Desktop Headers arm64-x86_en-us.msi. Client Process Id: 14692.
Information,7/18/2018 2:06:15 PM,MsiInstaller,1033,None,Windows Installer installed the product. Product Name: Windows SDK Desktop Headers arm64. Product Version: 10.1.17134.12. Product Language: 1033. Manufacturer: Microsoft Corporation. Installation success or error status: 0.
Information,7/18/2018 2:06:15 PM,MsiInstaller,11707,None,Product: Windows SDK Desktop Headers arm64 -- Installation completed successfully.
Information,7/18/2018 2:06:15 PM,MsiInstaller,1040,None,Beginning a Windows Installer transaction: C:\ProgramData\Package Cache\{366FE23C-D417-99CF-9606-130F37CC6C3F}v10.1.17134.12\Installers\Windows SDK Desktop Headers arm64-x86_en-us.msi. Client Process Id: 14692.
Information,7/18/2018 2:06:15 PM,MsiInstaller,1042,None,Ending a Windows Installer transaction: C:\ProgramData\Package Cache\{28FE86CA-745A-6C3B-3279-2879991FCF24}v10.1.17134.12\Installers\Windows SDK Desktop Tools arm64-x86_en-us.msi. Client Process Id: 14692.
Information,7/18/2018 2:06:15 PM,MsiInstaller,1033,None,Windows Installer installed the product. Product Name: Windows SDK Desktop Tools arm64. Product Version: 10.1.17134.12. Product Language: 1033. Manufacturer: Microsoft Corporation. Installation success or error status: 0.
Information,7/18/2018 2:06:15 PM,MsiInstaller,11707,None,Product: Windows SDK Desktop Tools arm64 -- Installation completed successfully.
Information,7/18/2018 2:06:13 PM,Microsoft-Windows-RestartManager,10000,None,Starting session 0 - ‎2018‎-‎07‎-‎18T20:06:13.588758000Z.
Information,7/18/2018 2:06:13 PM,Microsoft-Windows-RestartManager,10001,None,Ending session 0 started ‎2018‎-‎07‎-‎18T20:06:12.817239300Z.
Information,7/18/2018 2:06:12 PM,Microsoft-Windows-RestartManager,10000,None,Starting session 0 - ‎2018‎-‎07‎-‎18T20:06:12.817239300Z.
Information,7/18/2018 2:06:12 PM,Microsoft-Windows-RestartManager,10001,None,Ending session 0 started ‎2018‎-‎07‎-‎18T20:06:11.661464500Z.
Information,7/18/2018 2:06:13 PM,MsiInstaller,1040,None,Beginning a Windows Installer transaction: C:\ProgramData\Package Cache\{28FE86CA-745A-6C3B-3279-2879991FCF24}v10.1.17134.12\Installers\Windows SDK Desktop Tools arm64-x86_en-us.msi. Client Process Id: 14692.
Information,7/18/2018 2:06:13 PM,MsiInstaller,1042,None,Ending a Windows Installer transaction: C:\ProgramData\Package Cache\{825784BB-114D-ADB3-B65F-E1EB2A63C3BC}v10.1.17134.12\Installers\SDK ARM Redistributables-x86_en-us.msi. Client Process Id: 14692.
Information,7/18/2018 2:06:13 PM,MsiInstaller,1033,None,Windows Installer installed the product. Product Name: SDK ARM Redistributables. Product Version: 10.1.17134.12. Product Language: 1033. Manufacturer: Microsoft Corporation. Installation success or error status: 0.
Information,7/18/2018 2:06:13 PM,MsiInstaller,11707,None,Product: SDK ARM Redistributables -- Installation completed successfully.
Information,7/18/2018 2:06:12 PM,MsiInstaller,1040,None,Beginning a Windows Installer transaction: C:\ProgramData\Package Cache\{825784BB-114D-ADB3-B65F-E1EB2A63C3BC}v10.1.17134.12\Installers\SDK ARM Redistributables-x86_en-us.msi. Client Process Id: 14692.
Information,7/18/2018 2:06:12 PM,MsiInstaller,1042,None,Ending a Windows Installer transaction: C:\ProgramData\Package Cache\{445D4B64-9E1D-C610-50B5-BAF5B11D7E70}v10.1.17134.12\Installers\Windows SDK ARM Desktop Tools-x86_en-us.msi. Client Process Id: 14692.
Information,7/18/2018 2:06:12 PM,MsiInstaller,1033,None,Windows Installer installed the product. Product Name: Windows SDK ARM Desktop Tools. Product Version: 10.1.17134.12. Product Language: 1033. Manufacturer: Microsoft Corporation. Installation success or error status: 0.
Information,7/18/2018 2:06:12 PM,MsiInstaller,11707,None,Product: Windows SDK ARM Desktop Tools -- Installation completed successfully.
Information,7/18/2018 2:06:11 PM,Microsoft-Windows-RestartManager,10000,None,Starting session 0 - ‎2018‎-‎07‎-‎18T20:06:11.661464500Z.
Information,7/18/2018 2:06:11 PM,Microsoft-Windows-RestartManager,10001,None,Ending session 0 started ‎2018‎-‎07‎-‎18T20:06:10.912962000Z.
Information,7/18/2018 2:06:10 PM,Microsoft-Windows-RestartManager,10000,None,Starting session 0 - ‎2018‎-‎07‎-‎18T20:06:10.912962000Z.
Information,7/18/2018 2:06:10 PM,Microsoft-Windows-RestartManager,10001,None,Ending session 0 started ‎2018‎-‎07‎-‎18T20:06:05.141020600Z.
Information,7/18/2018 2:06:11 PM,MsiInstaller,1040,None,Beginning a Windows Installer transaction: C:\ProgramData\Package Cache\{445D4B64-9E1D-C610-50B5-BAF5B11D7E70}v10.1.17134.12\Installers\Windows SDK ARM Desktop Tools-x86_en-us.msi. Client Process Id: 14692.
Information,7/18/2018 2:06:11 PM,MsiInstaller,1042,None,Ending a Windows Installer transaction: C:\ProgramData\Package Cache\{346B2C02-CC0D-6E09-8B9D-CAA2821473CF}v10.1.17134.12\Installers\SDK ARM Additions-x86_en-us.msi. Client Process Id: 14692.
Information,7/18/2018 2:06:11 PM,MsiInstaller,1033,None,Windows Installer installed the product. Product Name: SDK ARM Additions. Product Version: 10.1.17134.12. Product Language: 1033. Manufacturer: Microsoft Corporation. Installation success or error status: 0.
Information,7/18/2018 2:06:11 PM,MsiInstaller,11707,None,Product: SDK ARM Additions -- Installation completed successfully.
Information,7/18/2018 2:06:10 PM,MsiInstaller,1040,None,Beginning a Windows Installer transaction: C:\ProgramData\Package Cache\{346B2C02-CC0D-6E09-8B9D-CAA2821473CF}v10.1.17134.12\Installers\SDK ARM Additions-x86_en-us.msi. Client Process Id: 14692.
Information,7/18/2018 2:06:10 PM,MsiInstaller,1042,None,Ending a Windows Installer transaction: C:\ProgramData\Package Cache\{586380AB-3003-92AB-EB8E-3C33020ED8C3}v10.1.17134.12\Installers\Windows SDK Desktop Libs arm-x86_en-us.msi. Client Process Id: 14692.
Information,7/18/2018 2:06:10 PM,MsiInstaller,1033,None,Windows Installer installed the product. Product Name: Windows SDK Desktop Libs arm. Product Version: 10.1.17134.12. Product Language: 1033. Manufacturer: Microsoft Corporation. Installation success or error status: 0.
Information,7/18/2018 2:06:10 PM,MsiInstaller,11707,None,Product: Windows SDK Desktop Libs arm -- Installation completed successfully.
Information,7/18/2018 2:06:05 PM,Microsoft-Windows-RestartManager,10000,None,Starting session 0 - ‎2018‎-‎07‎-‎18T20:06:05.141020600Z.
Information,7/18/2018 2:06:04 PM,Microsoft-Windows-RestartManager,10001,None,Ending session 0 started ‎2018‎-‎07‎-‎18T20:06:03.826630300Z.
Information,7/18/2018 2:06:04 PM,MsiInstaller,1040,None,Beginning a Windows Installer transaction: C:\ProgramData\Package Cache\{586380AB-3003-92AB-EB8E-3C33020ED8C3}v10.1.17134.12\Installers\Windows SDK Desktop Libs arm-x86_en-us.msi. Client Process Id: 14692.
Information,7/18/2018 2:06:04 PM,MsiInstaller,1042,None,Ending a Windows Installer transaction: C:\ProgramData\Package Cache\{83707B3E-47D2-4839-D1CF-FEC213D3C8E7}v10.1.17134.12\Installers\Windows SDK Desktop Headers arm-x86_en-us.msi. Client Process Id: 14692.
Information,7/18/2018 2:06:04 PM,MsiInstaller,1033,None,Windows Installer installed the product. Product Name: Windows SDK Desktop Headers arm. Product Version: 10.1.17134.12. Product Language: 1033. Manufacturer: Microsoft Corporation. Installation success or error status: 0.
Information,7/18/2018 2:06:04 PM,MsiInstaller,11707,None,Product: Windows SDK Desktop Headers arm -- Installation completed successfully.
Information,7/18/2018 2:06:03 PM,Microsoft-Windows-RestartManager,10000,None,Starting session 0 - ‎2018‎-‎07‎-‎18T20:06:03.826630300Z.
Information,7/18/2018 2:06:03 PM,Microsoft-Windows-RestartManager,10001,None,Ending session 0 started ‎2018‎-‎07‎-‎18T20:06:02.054554600Z.
Information,7/18/2018 2:06:03 PM,MsiInstaller,1040,None,Beginning a Windows Installer transaction: C:\ProgramData\Package Cache\{83707B3E-47D2-4839-D1CF-FEC213D3C8E7}v10.1.17134.12\Installers\Windows SDK Desktop Headers arm-x86_en-us.msi. Client Process Id: 14692.
Information,7/18/2018 2:06:03 PM,MsiInstaller,1042,None,Ending a Windows Installer transaction: C:\ProgramData\Package Cache\{A84B4CAC-C89B-FAD4-87CC-B2B547E4AFDF}v10.1.17134.12\Installers\Windows SDK Desktop Tools x64-x86_en-us.msi. Client Process Id: 14692.
Information,7/18/2018 2:06:03 PM,MsiInstaller,1033,None,Windows Installer installed the product. Product Name: Windows SDK Desktop Tools x64. Product Version: 10.1.17134.12. Product Language: 1033. Manufacturer: Microsoft Corporation. Installation success or error status: 0.
Information,7/18/2018 2:06:03 PM,MsiInstaller,11707,None,Product: Windows SDK Desktop Tools x64 -- Installation completed successfully.
Information,7/18/2018 2:06:02 PM,Microsoft-Windows-RestartManager,10000,None,Starting session 0 - ‎2018‎-‎07‎-‎18T20:06:02.054554600Z.
Information,7/18/2018 2:06:01 PM,Microsoft-Windows-RestartManager,10001,None,Ending session 0 started ‎2018‎-‎07‎-‎18T20:05:56.389765600Z.
Information,7/18/2018 2:06:01 PM,MsiInstaller,1040,None,Beginning a Windows Installer transaction: C:\ProgramData\Package Cache\{A84B4CAC-C89B-FAD4-87CC-B2B547E4AFDF}v10.1.17134.12\Installers\Windows SDK Desktop Tools x64-x86_en-us.msi. Client Process Id: 14692.
Information,7/18/2018 2:06:01 PM,MsiInstaller,1042,None,Ending a Windows Installer transaction: C:\ProgramData\Package Cache\{A0B6B6D7-5ECA-4A37-182A-05D4F5A4E530}v10.1.17134.12\Installers\Windows SDK Desktop Libs x64-x86_en-us.msi. Client Process Id: 14692.
Information,7/18/2018 2:06:01 PM,MsiInstaller,1033,None,Windows Installer installed the product. Product Name: Windows SDK Desktop Libs x64. Product Version: 10.1.17134.12. Product Language: 1033. Manufacturer: Microsoft Corporation. Installation success or error status: 0.
Information,7/18/2018 2:06:01 PM,MsiInstaller,11707,None,Product: Windows SDK Desktop Libs x64 -- Installation completed successfully.
Information,7/18/2018 2:05:56 PM,Microsoft-Windows-RestartManager,10000,None,Starting session 0 - ‎2018‎-‎07‎-‎18T20:05:56.389765600Z.
Information,7/18/2018 2:05:56 PM,Microsoft-Windows-RestartManager,10001,None,Ending session 0 started ‎2018‎-‎07‎-‎18T20:05:55.515178400Z.
Information,7/18/2018 2:05:55 PM,Microsoft-Windows-RestartManager,10000,None,Starting session 0 - ‎2018‎-‎07‎-‎18T20:05:55.515178400Z.
Information,7/18/2018 2:05:55 PM,Microsoft-Windows-RestartManager,10001,None,Ending session 0 started ‎2018‎-‎07‎-‎18T20:05:52.883678500Z.
Information,7/18/2018 2:05:56 PM,MsiInstaller,1040,None,Beginning a Windows Installer transaction: C:\ProgramData\Package Cache\{A0B6B6D7-5ECA-4A37-182A-05D4F5A4E530}v10.1.17134.12\Installers\Windows SDK Desktop Libs x64-x86_en-us.msi. Client Process Id: 14692.
Information,7/18/2018 2:05:56 PM,MsiInstaller,1042,None,Ending a Windows Installer transaction: C:\ProgramData\Package Cache\{22DC8AC8-D9DC-8989-C12D-C74C3676BDB1}v10.1.17134.12\Installers\Windows SDK Desktop Headers x64-x86_en-us.msi. Client Process Id: 14692.
Information,7/18/2018 2:05:56 PM,MsiInstaller,1033,None,Windows Installer installed the product. Product Name: Windows SDK Desktop Headers x64. Product Version: 10.1.17134.12. Product Language: 1033. Manufacturer: Microsoft Corporation. Installation success or error status: 0.
Information,7/18/2018 2:05:56 PM,MsiInstaller,11707,None,Product: Windows SDK Desktop Headers x64 -- Installation completed successfully.
Information,7/18/2018 2:05:55 PM,MsiInstaller,1040,None,Beginning a Windows Installer transaction: C:\ProgramData\Package Cache\{22DC8AC8-D9DC-8989-C12D-C74C3676BDB1}v10.1.17134.12\Installers\Windows SDK Desktop Headers x64-x86_en-us.msi. Client Process Id: 14692.
Information,7/18/2018 2:05:55 PM,MsiInstaller,1042,None,Ending a Windows Installer transaction: C:\ProgramData\Package Cache\{241CF4B0-1FCB-C443-433B-B663D59408A7}v10.1.17134.12\Installers\Windows SDK Desktop Tools x86-x86_en-us.msi. Client Process Id: 14692.
Information,7/18/2018 2:05:55 PM,MsiInstaller,1033,None,Windows Installer installed the product. Product Name: Windows SDK Desktop Tools x86. Product Version: 10.1.17134.12. Product Language: 1033. Manufacturer: Microsoft Corporation. Installation success or error status: 0.
Information,7/18/2018 2:05:55 PM,MsiInstaller,11707,None,Product: Windows SDK Desktop Tools x86 -- Installation completed successfully.
Information,7/18/2018 2:05:52 PM,Microsoft-Windows-RestartManager,10000,None,Starting session 0 - ‎2018‎-‎07‎-‎18T20:05:52.883678500Z.
Information,7/18/2018 2:05:52 PM,Microsoft-Windows-RestartManager,10001,None,Ending session 0 started ‎2018‎-‎07‎-‎18T20:05:46.973002400Z.
Information,7/18/2018 2:05:52 PM,MsiInstaller,1040,None,Beginning a Windows Installer transaction: C:\ProgramData\Package Cache\{241CF4B0-1FCB-C443-433B-B663D59408A7}v10.1.17134.12\Installers\Windows SDK Desktop Tools x86-x86_en-us.msi. Client Process Id: 14692.
Information,7/18/2018 2:05:52 PM,MsiInstaller,1042,None,Ending a Windows Installer transaction: C:\ProgramData\Package Cache\{02078319-BC7B-218A-7690-53692709C041}v10.1.17134.12\Installers\Windows SDK Desktop Libs x86-x86_en-us.msi. Client Process Id: 14692.
Information,7/18/2018 2:05:52 PM,MsiInstaller,1033,None,Windows Installer installed the product. Product Name: Windows SDK Desktop Libs x86. Product Version: 10.1.17134.12. Product Language: 1033. Manufacturer: Microsoft Corporation. Installation success or error status: 0.
Information,7/18/2018 2:05:52 PM,MsiInstaller,11707,None,Product: Windows SDK Desktop Libs x86 -- Installation completed successfully.
Information,7/18/2018 2:05:46 PM,Microsoft-Windows-RestartManager,10000,None,Starting session 0 - ‎2018‎-‎07‎-‎18T20:05:46.973002400Z.
Information,7/18/2018 2:05:46 PM,Microsoft-Windows-RestartManager,10001,None,Ending session 0 started ‎2018‎-‎07‎-‎18T20:05:27.192060400Z.
Information,7/18/2018 2:05:46 PM,MsiInstaller,1040,None,Beginning a Windows Installer transaction: C:\ProgramData\Package Cache\{02078319-BC7B-218A-7690-53692709C041}v10.1.17134.12\Installers\Windows SDK Desktop Libs x86-x86_en-us.msi. Client Process Id: 14692.
Information,7/18/2018 2:05:46 PM,MsiInstaller,1042,None,Ending a Windows Installer transaction: C:\ProgramData\Package Cache\{6730F3AB-D022-B4A6-29C0-C95A7836EED4}v10.1.17134.12\Installers\Windows SDK Desktop Headers x86-x86_en-us.msi. Client Process Id: 14692.
Information,7/18/2018 2:05:46 PM,MsiInstaller,1033,None,Windows Installer installed the product. Product Name: Windows SDK Desktop Headers x86. Product Version: 10.1.17134.12. Product Language: 1033. Manufacturer: Microsoft Corporation. Installation success or error status: 0.
Information,7/18/2018 2:05:46 PM,MsiInstaller,11707,None,Product: Windows SDK Desktop Headers x86 -- Installation completed successfully.
Information,7/18/2018 2:05:27 PM,Microsoft-Windows-RestartManager,10000,None,Starting session 0 - ‎2018‎-‎07‎-‎18T20:05:27.192060400Z.
Information,7/18/2018 2:05:26 PM,Microsoft-Windows-RestartManager,10001,None,Ending session 0 started ‎2018‎-‎07‎-‎18T20:05:25.466701300Z.
Information,7/18/2018 2:05:26 PM,MsiInstaller,1040,None,Beginning a Windows Installer transaction: C:\ProgramData\Package Cache\{6730F3AB-D022-B4A6-29C0-C95A7836EED4}v10.1.17134.12\Installers\Windows SDK Desktop Headers x86-x86_en-us.msi. Client Process Id: 14692.
Information,7/18/2018 2:05:26 PM,MsiInstaller,1042,None,Ending a Windows Installer transaction: C:\ProgramData\Package Cache\{F1C18506-3168-A9D9-E2D9-D23A512A326E}v10.1.17134.12\Installers\WinRT Intellisense PPI - Other Languages-x86_en-us.msi. Client Process Id: 14692.
Information,7/18/2018 2:05:26 PM,MsiInstaller,1033,None,Windows Installer installed the product. Product Name: WinRT Intellisense PPI - Other Languages. Product Version: 10.1.17134.12. Product Language: 1033. Manufacturer: Microsoft Corporation. Installation success or error status: 0.
Information,7/18/2018 2:05:26 PM,MsiInstaller,11707,None,Product: WinRT Intellisense PPI - Other Languages -- Installation completed successfully.
Information,7/18/2018 2:05:25 PM,Microsoft-Windows-RestartManager,10000,None,Starting session 0 - ‎2018‎-‎07‎-‎18T20:05:25.466701300Z.
Information,7/18/2018 2:05:25 PM,Microsoft-Windows-RestartManager,10001,None,Ending session 0 started ‎2018‎-‎07‎-‎18T20:05:24.375640100Z.
Information,7/18/2018 2:05:25 PM,MsiInstaller,1040,None,Beginning a Windows Installer transaction: C:\ProgramData\Package Cache\{F1C18506-3168-A9D9-E2D9-D23A512A326E}v10.1.17134.12\Installers\WinRT Intellisense PPI - Other Languages-x86_en-us.msi. Client Process Id: 14692.
Information,7/18/2018 2:05:25 PM,MsiInstaller,1042,None,Ending a Windows Installer transaction: C:\ProgramData\Package Cache\{84C6B91B-67DA-DDE3-86F1-87A3E307E8C1}v10.1.17134.12\Installers\WinRT Intellisense IoT - Other Languages-x86_en-us.msi. Client Process Id: 14692.
Information,7/18/2018 2:05:25 PM,MsiInstaller,1033,None,Windows Installer installed the product. Product Name: WinRT Intellisense IoT - Other Languages. Product Version: 10.1.17134.12. Product Language: 1033. Manufacturer: Microsoft Corporation. Installation success or error status: 0.
Information,7/18/2018 2:05:25 PM,MsiInstaller,11707,None,Product: WinRT Intellisense IoT - Other Languages -- Installation completed successfully.
Information,7/18/2018 2:05:24 PM,Microsoft-Windows-RestartManager,10000,None,Starting session 0 - ‎2018‎-‎07‎-‎18T20:05:24.375640100Z.
Information,7/18/2018 2:05:24 PM,Microsoft-Windows-RestartManager,10001,None,Ending session 0 started ‎2018‎-‎07‎-‎18T20:05:16.444429500Z.
Information,7/18/2018 2:05:24 PM,MsiInstaller,1040,None,Beginning a Windows Installer transaction: C:\ProgramData\Package Cache\{84C6B91B-67DA-DDE3-86F1-87A3E307E8C1}v10.1.17134.12\Installers\WinRT Intellisense IoT - Other Languages-x86_en-us.msi. Client Process Id: 14692.
Information,7/18/2018 2:05:24 PM,MsiInstaller,1042,None,Ending a Windows Installer transaction: C:\ProgramData\Package Cache\{C3776B36-B34E-00E2-3009-95A6F1870B58}v10.1.17134.12\Installers\WinRT Intellisense Desktop - Other Languages-x86_en-us.msi. Client Process Id: 14692.
Information,7/18/2018 2:05:24 PM,MsiInstaller,1033,None,Windows Installer installed the product. Product Name: WinRT Intellisense Desktop - Other Languages. Product Version: 10.1.17134.12. Product Language: 1033. Manufacturer: Microsoft Corporation. Installation success or error status: 0.
Information,7/18/2018 2:05:24 PM,MsiInstaller,11707,None,Product: WinRT Intellisense Desktop - Other Languages -- Installation completed successfully.
Information,7/18/2018 2:05:16 PM,Microsoft-Windows-RestartManager,10000,None,Starting session 0 - ‎2018‎-‎07‎-‎18T20:05:16.444429500Z.
Information,7/18/2018 2:05:16 PM,Microsoft-Windows-RestartManager,10001,None,Ending session 0 started ‎2018‎-‎07‎-‎18T20:05:12.423753300Z.
Information,7/18/2018 2:05:16 PM,MsiInstaller,1040,None,Beginning a Windows Installer transaction: C:\ProgramData\Package Cache\{C3776B36-B34E-00E2-3009-95A6F1870B58}v10.1.17134.12\Installers\WinRT Intellisense Desktop - Other Languages-x86_en-us.msi. Client Process Id: 14692.
Information,7/18/2018 2:05:16 PM,MsiInstaller,1042,None,Ending a Windows Installer transaction: C:\ProgramData\Package Cache\{C3243E23-2EB6-4419-2692-40944923B112}v10.1.17134.12\Installers\WinRT Intellisense UAP - Other Languages-x86_en-us.msi. Client Process Id: 14692.
Information,7/18/2018 2:05:16 PM,MsiInstaller,1033,None,Windows Installer installed the product. Product Name: WinRT Intellisense UAP - Other Languages. Product Version: 10.1.17134.12. Product Language: 1033. Manufacturer: Microsoft Corporation. Installation success or error status: 0.
Information,7/18/2018 2:05:16 PM,MsiInstaller,11707,None,Product: WinRT Intellisense UAP - Other Languages -- Installation completed successfully.
Information,7/18/2018 2:05:12 PM,Microsoft-Windows-RestartManager,10000,None,Starting session 0 - ‎2018‎-‎07‎-‎18T20:05:12.423753300Z.
Information,7/18/2018 2:05:12 PM,Microsoft-Windows-RestartManager,10001,None,Ending session 0 started ‎2018‎-‎07‎-‎18T20:05:10.611549700Z.
Information,7/18/2018 2:05:12 PM,MsiInstaller,1040,None,Beginning a Windows Installer transaction: C:\ProgramData\Package Cache\{C3243E23-2EB6-4419-2692-40944923B112}v10.1.17134.12\Installers\WinRT Intellisense UAP - Other Languages-x86_en-us.msi. Client Process Id: 14692.
Information,7/18/2018 2:05:12 PM,MsiInstaller,1042,None,Ending a Windows Installer transaction: C:\ProgramData\Package Cache\{45885E89-108E-2590-C1D5-D3532C2435F7}v10.1.17134.12\Installers\Windows SDK for Windows Store Apps DirectX x64 Remote-x64_en-us.msi. Client Process Id: 14692.
Information,7/18/2018 2:05:12 PM,MsiInstaller,1033,None,Windows Installer installed the product. Product Name: Windows SDK for Windows Store Apps DirectX x64 Remote. Product Version: 10.1.17134.12. Product Language: 1033. Manufacturer: Microsoft Corporation. Installation success or error status: 0.
Information,7/18/2018 2:05:12 PM,MsiInstaller,11707,None,Product: Windows SDK for Windows Store Apps DirectX x64 Remote -- Installation completed successfully.
Information,7/18/2018 2:05:10 PM,Microsoft-Windows-RestartManager,10000,None,Starting session 0 - ‎2018‎-‎07‎-‎18T20:05:10.611549700Z.
Information,7/18/2018 2:05:10 PM,Microsoft-Windows-RestartManager,10001,None,Ending session 0 started ‎2018‎-‎07‎-‎18T20:05:09.659908800Z.
Information,7/18/2018 2:05:09 PM,Microsoft-Windows-RestartManager,10000,None,Starting session 0 - ‎2018‎-‎07‎-‎18T20:05:09.659908800Z.
Information,7/18/2018 2:05:10 PM,MsiInstaller,1040,None,Beginning a Windows Installer transaction: C:\ProgramData\Package Cache\{45885E89-108E-2590-C1D5-D3532C2435F7}v10.1.17134.12\Installers\Windows SDK for Windows Store Apps DirectX x64 Remote-x64_en-us.msi. Client Process Id: 14692.
Information,7/18/2018 2:05:10 PM,MsiInstaller,1042,None,Ending a Windows Installer transaction: C:\ProgramData\Package Cache\{C8FE2B4D-9C81-DD3B-D414-0E0B3BFE51D1}v10.1.17134.12\Installers\Windows SDK for Windows Store Apps DirectX x86 Remote-x86_en-us.msi. Client Process Id: 14692.
Information,7/18/2018 2:05:10 PM,MsiInstaller,1033,None,Windows Installer installed the product. Product Name: Windows SDK for Windows Store Apps DirectX x86 Remote. Product Version: 10.1.17134.12. Product Language: 1033. Manufacturer: Microsoft Corporation. Installation success or error status: 0.
Information,7/18/2018 2:05:10 PM,MsiInstaller,11707,None,Product: Windows SDK for Windows Store Apps DirectX x86 Remote -- Installation completed successfully.
Information,7/18/2018 2:05:09 PM,Microsoft-Windows-RestartManager,10001,None,Ending session 0 started ‎2018‎-‎07‎-‎18T20:05:08.761187100Z.
Information,7/18/2018 2:05:08 PM,Microsoft-Windows-RestartManager,10000,None,Starting session 0 - ‎2018‎-‎07‎-‎18T20:05:08.761187100Z.
Information,7/18/2018 2:05:08 PM,Microsoft-Windows-RestartManager,10001,None,Ending session 0 started ‎2018‎-‎07‎-‎18T20:05:07.471306000Z.
Information,7/18/2018 2:05:09 PM,MsiInstaller,1040,None,Beginning a Windows Installer transaction: C:\ProgramData\Package Cache\{C8FE2B4D-9C81-DD3B-D414-0E0B3BFE51D1}v10.1.17134.12\Installers\Windows SDK for Windows Store Apps DirectX x86 Remote-x86_en-us.msi. Client Process Id: 14692.
Information,7/18/2018 2:05:09 PM,MsiInstaller,1042,None,Ending a Windows Installer transaction: C:\ProgramData\Package Cache\{6D4E3F1B-27CF-88EA-1FAA-D0F6E313F23B}v10.1.17134.12\Installers\Windows SDK DirectX x64 Remote-x64_en-us.msi. Client Process Id: 14692.
Information,7/18/2018 2:05:09 PM,MsiInstaller,1033,None,Windows Installer installed the product. Product Name: Windows SDK DirectX x64 Remote. Product Version: 10.1.17134.12. Product Language: 1033. Manufacturer: Microsoft Corporation. Installation success or error status: 0.
Information,7/18/2018 2:05:09 PM,MsiInstaller,11707,None,Product: Windows SDK DirectX x64 Remote -- Installation completed successfully.
Information,7/18/2018 2:05:08 PM,MsiInstaller,1040,None,Beginning a Windows Installer transaction: C:\ProgramData\Package Cache\{6D4E3F1B-27CF-88EA-1FAA-D0F6E313F23B}v10.1.17134.12\Installers\Windows SDK DirectX x64 Remote-x64_en-us.msi. Client Process Id: 14692.
Information,7/18/2018 2:05:08 PM,MsiInstaller,1042,None,Ending a Windows Installer transaction: C:\ProgramData\Package Cache\{FDBB1A62-A051-92FA-DB8F-206BA077F7E1}v10.1.17134.12\Installers\Windows SDK DirectX x86 Remote-x86_en-us.msi. Client Process Id: 14692.
Information,7/18/2018 2:05:07 PM,Microsoft-Windows-RestartManager,10000,None,Starting session 0 - ‎2018‎-‎07‎-‎18T20:05:07.471306000Z.
Information,7/18/2018 2:05:08 PM,MsiInstaller,1033,None,Windows Installer installed the product. Product Name: Windows SDK DirectX x86 Remote. Product Version: 10.1.17134.12. Product Language: 1033. Manufacturer: Microsoft Corporation. Installation success or error status: 0.
Information,7/18/2018 2:05:08 PM,MsiInstaller,11707,None,Product: Windows SDK DirectX x86 Remote -- Installation completed successfully.
Information,7/18/2018 2:05:07 PM,MsiInstaller,1040,None,Beginning a Windows Installer transaction: C:\ProgramData\Package Cache\{FDBB1A62-A051-92FA-DB8F-206BA077F7E1}v10.1.17134.12\Installers\Windows SDK DirectX x86 Remote-x86_en-us.msi. Client Process Id: 14692.
Information,7/18/2018 2:05:07 PM,Microsoft-Windows-RestartManager,10001,None,Ending session 0 started ‎2018‎-‎07‎-‎18T20:05:06.489648100Z.
Information,7/18/2018 2:05:06 PM,Microsoft-Windows-RestartManager,10000,None,Starting session 0 - ‎2018‎-‎07‎-‎18T20:05:06.489648100Z.
Information,7/18/2018 2:05:06 PM,Microsoft-Windows-RestartManager,10001,None,Ending session 0 started ‎2018‎-‎07‎-‎18T20:04:59.632247600Z.
Information,7/18/2018 2:05:07 PM,MsiInstaller,1042,None,Ending a Windows Installer transaction: C:\ProgramData\Package Cache\{D86E4022-2886-808F-BA10-9C0EE9956860}v10.1.17134.12\Installers\Windows SDK Redistributables-x86_en-us.msi. Client Process Id: 14692.
Information,7/18/2018 2:05:07 PM,MsiInstaller,1033,None,Windows Installer installed the product. Product Name: Windows SDK Redistributables. Product Version: 10.1.17134.12. Product Language: 1033. Manufacturer: Microsoft Corporation. Installation success or error status: 0.
Information,7/18/2018 2:05:07 PM,MsiInstaller,11707,None,Product: Windows SDK Redistributables -- Installation completed successfully.
Information,7/18/2018 2:05:06 PM,MsiInstaller,1040,None,Beginning a Windows Installer transaction: C:\ProgramData\Package Cache\{D86E4022-2886-808F-BA10-9C0EE9956860}v10.1.17134.12\Installers\Windows SDK Redistributables-x86_en-us.msi. Client Process Id: 14692.
Information,7/18/2018 2:05:06 PM,MsiInstaller,1042,None,Ending a Windows Installer transaction: C:\ProgramData\Package Cache\{104CBBE4-1D61-05DD-38D2-C3BBA1C212E5}v10.1.17134.12\Installers\Windows SDK for Windows Store Apps Libs-x86_en-us.msi. Client Process Id: 14692.
Information,7/18/2018 2:05:06 PM,MsiInstaller,1033,None,Windows Installer installed the product. Product Name: Windows SDK for Windows Store Apps Libs. Product Version: 10.1.17134.12. Product Language: 1033. Manufacturer: Microsoft Corporation. Installation success or error status: 0.
Information,7/18/2018 2:05:06 PM,MsiInstaller,11707,None,Product: Windows SDK for Windows Store Apps Libs -- Installation completed successfully.
Information,7/18/2018 2:04:59 PM,Microsoft-Windows-RestartManager,10000,None,Starting session 0 - ‎2018‎-‎07‎-‎18T20:04:59.632247600Z.
