Information,7/18/2018 1:26:42 PM,MsiInstaller,1042,None,Ending a Windows Installer transaction: C:\ProgramData\Package Cache\{88072DD5-CE0A-3AB3-A9DF-53031BFE8BA0}v2.0.13103.0\AspNetCore.2.0.9.RuntimePackageStore_x64.msi. Client Process Id: 22152.
Information,7/18/2018 1:26:41 PM,MsiInstaller,1033,None,Windows Installer installed the product. Product Name: Microsoft ASP.NET Core 2.0.9 Runtime Package Store (x64). Product Version: 2.0.13103.0. Product Language: 1033. Manufacturer: Microsoft Corporation. Installation success or error status: 0.
Information,7/18/2018 1:26:41 PM,MsiInstaller,11707,None,Product: Microsoft ASP.NET Core 2.0.9 Runtime Package Store (x64) -- Installation completed successfully.
Information,7/18/2018 1:25:54 PM,Microsoft-Windows-RestartManager,10000,None,Starting session 0 - ‎2018‎-‎07‎-‎18T19:25:54.745356200Z.
Information,7/18/2018 1:25:47 PM,Microsoft-Windows-RestartManager,10001,None,Ending session 0 started ‎2018‎-‎07‎-‎18T19:20:28.996625600Z.
Information,7/18/2018 1:25:47 PM,MsiInstaller,1040,None,Beginning a Windows Installer transaction: C:\ProgramData\Package Cache\{88072DD5-CE0A-3AB3-A9DF-53031BFE8BA0}v2.0.13103.0\AspNetCore.2.0.9.RuntimePackageStore_x64.msi. Client Process Id: 22152.
Information,7/18/2018 1:25:47 PM,MsiInstaller,1042,None,Ending a Windows Installer transaction: C:\ProgramData\Package Cache\{0EC8A4AE-29FE-43B9-90C8-4D8D7D62393C}v8.50.40411\dotnet-sdk-internal-2.1.202-win-x64.msi. Client Process Id: 22152.
Information,7/18/2018 1:25:47 PM,MsiInstaller,1033,None,Windows Installer installed the product. Product Name: Microsoft .NET Core SDK - 2.1.202 (x64). Product Version: 8.50.40411. Product Language: 1033. Manufacturer: Microsoft Corporation. Installation success or error status: 0.
Information,7/18/2018 1:25:47 PM,MsiInstaller,11707,None,Product: Microsoft .NET Core SDK - 2.1.202 (x64) -- Installation completed successfully.
Error,7/18/2018 1:24:23 PM,Microsoft-Windows-Immersive-Shell,5973,(5973),Activation of app Microsoft.Windows.Photos_8wekyb3d8bbwe!App failed with error: The remote procedure call failed. See the Microsoft-Windows-TWinUI/Operational log for additional information.
Information,7/18/2018 1:20:28 PM,Microsoft-Windows-RestartManager,10000,None,Starting session 0 - ‎2018‎-‎07‎-‎18T19:20:28.996625600Z.
Information,7/18/2018 1:20:28 PM,Microsoft-Windows-RestartManager,10001,None,Ending session 0 started ‎2018‎-‎07‎-‎18T19:20:24.847946100Z.
Information,7/18/2018 1:20:28 PM,MsiInstaller,1040,None,Beginning a Windows Installer transaction: C:\ProgramData\Package Cache\{0EC8A4AE-29FE-43B9-90C8-4D8D7D62393C}v8.50.40411\dotnet-sdk-internal-2.1.202-win-x64.msi. Client Process Id: 22152.
Information,7/18/2018 1:20:28 PM,MsiInstaller,1042,None,Ending a Windows Installer transaction: C:\ProgramData\Package Cache\{0B28A1DB-A543-45FB-8767-DF71EE5A9323}v16.36.26615\dotnet-host-2.0.9-win-x64.msi. Client Process Id: 22152.
Information,7/18/2018 1:20:28 PM,MsiInstaller,1033,None,Windows Installer installed the product. Product Name: Microsoft .NET Core Host - 2.0.9 (x64). Product Version: 16.36.26615. Product Language: 1033. Manufacturer: Microsoft Corporation. Installation success or error status: 0.
Information,7/18/2018 1:20:28 PM,MsiInstaller,11707,None,Product: Microsoft .NET Core Host - 2.0.9 (x64) -- Installation completed successfully.
Information,7/18/2018 1:20:24 PM,Microsoft-Windows-RestartManager,10000,None,Starting session 0 - ‎2018‎-‎07‎-‎18T19:20:24.847946100Z.
Information,7/18/2018 1:20:24 PM,Microsoft-Windows-RestartManager,10001,None,Ending session 0 started ‎2018‎-‎07‎-‎18T19:20:22.281987900Z.
Information,7/18/2018 1:20:24 PM,MsiInstaller,1040,None,Beginning a Windows Installer transaction: C:\ProgramData\Package Cache\{0B28A1DB-A543-45FB-8767-DF71EE5A9323}v16.36.26615\dotnet-host-2.0.9-win-x64.msi. Client Process Id: 22152.
Information,7/18/2018 1:20:24 PM,MsiInstaller,1042,None,Ending a Windows Installer transaction: C:\ProgramData\Package Cache\{5ABDD743-82EB-444C-913F-F2BC033AEAE6}v16.36.26615\dotnet-hostfxr-2.0.9-win-x64.msi. Client Process Id: 22152.
Information,7/18/2018 1:20:24 PM,MsiInstaller,1033,None,Windows Installer installed the product. Product Name: Microsoft .NET Core Host FX Resolver - 2.0.9 (x64). Product Version: 16.36.26615. Product Language: 1033. Manufacturer: Microsoft Corporation. Installation success or error status: 0.
Information,7/18/2018 1:20:24 PM,MsiInstaller,11707,None,Product: Microsoft .NET Core Host FX Resolver - 2.0.9 (x64) -- Installation completed successfully.
Information,7/18/2018 1:20:22 PM,Microsoft-Windows-RestartManager,10000,None,Starting session 0 - ‎2018‎-‎07‎-‎18T19:20:22.281987900Z.
Information,7/18/2018 1:20:21 PM,Microsoft-Windows-RestartManager,10001,None,Ending session 0 started ‎2018‎-‎07‎-‎18T19:20:15.298175200Z.
Information,7/18/2018 1:20:21 PM,MsiInstaller,1040,None,Beginning a Windows Installer transaction: C:\ProgramData\Package Cache\{5ABDD743-82EB-444C-913F-F2BC033AEAE6}v16.36.26615\dotnet-hostfxr-2.0.9-win-x64.msi. Client Process Id: 22152.
Information,7/18/2018 1:20:21 PM,MsiInstaller,1042,None,Ending a Windows Installer transaction: C:\ProgramData\Package Cache\{A75E492B-1D84-4E86-BDCA-077B4C536B6D}v16.36.26615\dotnet-runtime-2.0.9-win-x64.msi. Client Process Id: 22152.
Information,7/18/2018 1:20:21 PM,MsiInstaller,1033,None,Windows Installer installed the product. Product Name: Microsoft .NET Core Runtime - 2.0.9 (x64). Product Version: 16.36.26615. Product Language: 1033. Manufacturer: Microsoft Corporation. Installation success or error status: 0.
Information,7/18/2018 1:20:21 PM,MsiInstaller,11707,None,Product: Microsoft .NET Core Runtime - 2.0.9 (x64) -- Installation completed successfully.
Information,7/18/2018 1:20:15 PM,Microsoft-Windows-RestartManager,10000,None,Starting session 0 - ‎2018‎-‎07‎-‎18T19:20:15.298175200Z.
Information,7/18/2018 1:20:14 PM,MsiInstaller,1040,None,Beginning a Windows Installer transaction: C:\ProgramData\Package Cache\{A75E492B-1D84-4E86-BDCA-077B4C536B6D}v16.36.26615\dotnet-runtime-2.0.9-win-x64.msi. Client Process Id: 22152.
Information,7/18/2018 1:19:45 PM,Microsoft-Windows-RestartManager,10001,None,Ending session 0 started ‎2018‎-‎07‎-‎18T19:19:41.047458100Z.
Information,7/18/2018 1:19:45 PM,MsiInstaller,1042,None,"Ending a Windows Installer transaction: C:\ProgramData\Microsoft\VisualStudio\Packages\Microsoft.VisualStudio.DotNetNative.CoreRuntime,version=15.6.27309.0\netfx_CoreRuntimeSDK.15.0.msi. Client Process Id: 3084."
Information,7/18/2018 1:19:45 PM,MsiInstaller,1033,None,Windows Installer installed the product. Product Name: Microsoft .NET CoreRuntime SDK. Product Version: 1.1.25915.0. Product Language: 1033. Manufacturer: Microsoft Corporation. Installation success or error status: 0.
Information,7/18/2018 1:19:45 PM,MsiInstaller,11707,None,Product: Microsoft .NET CoreRuntime SDK -- Installation completed successfully.
Information,7/18/2018 1:19:41 PM,Microsoft-Windows-RestartManager,10000,None,Starting session 0 - ‎2018‎-‎07‎-‎18T19:19:41.047458100Z.
Information,7/18/2018 1:19:38 PM,MsiInstaller,1040,None,"Beginning a Windows Installer transaction: C:\ProgramData\Microsoft\VisualStudio\Packages\Microsoft.VisualStudio.DotNetNative.CoreRuntime,version=15.6.27309.0\netfx_CoreRuntimeSDK.15.0.msi. Client Process Id: 3084."
Information,7/18/2018 1:19:36 PM,Microsoft-Windows-RestartManager,10001,None,Ending session 0 started ‎2018‎-‎07‎-‎18T19:19:26.767773800Z.
Information,7/18/2018 1:19:36 PM,MsiInstaller,1042,None,"Ending a Windows Installer transaction: C:\ProgramData\Microsoft\VisualStudio\Packages\Microsoft.SmartDevice.Connectivity.CoreRuntime,version=15.0.27005.2\netfx_CoreRuntimeForCoreCon.msi. Client Process Id: 3084."
Information,7/18/2018 1:19:36 PM,MsiInstaller,1033,None,Windows Installer installed the product. Product Name: Microsoft .NET CoreRuntime For CoreCon. Product Version: 1.0.0.0. Product Language: 1033. Manufacturer: Microsoft Corporation. Installation success or error status: 0.
Information,7/18/2018 1:19:36 PM,MsiInstaller,11707,None,Product: Microsoft .NET CoreRuntime For CoreCon -- Installation completed successfully.
Information,7/18/2018 1:19:26 PM,Microsoft-Windows-RestartManager,10000,None,Starting session 0 - ‎2018‎-‎07‎-‎18T19:19:26.767773800Z.
Information,7/18/2018 1:19:21 PM,MsiInstaller,1040,None,"Beginning a Windows Installer transaction: C:\ProgramData\Microsoft\VisualStudio\Packages\Microsoft.SmartDevice.Connectivity.CoreRuntime,version=15.0.27005.2\netfx_CoreRuntimeForCoreCon.msi. Client Process Id: 3084."
Information,7/18/2018 1:19:16 PM,Microsoft-Windows-RestartManager,10001,None,Ending session 0 started ‎2018‎-‎07‎-‎18T19:14:44.218945600Z.
Information,7/18/2018 1:19:17 PM,MsiInstaller,1042,None,"Ending a Windows Installer transaction: C:\ProgramData\Microsoft\VisualStudio\Packages\Microsoft.VisualStudio.DotNetNative.ILC,version=15.7.27617.1\netfx_NativeCompilationBuild.15.0.msi. Client Process Id: 3084."
Information,7/18/2018 1:19:16 PM,MsiInstaller,1033,None,Windows Installer installed the product. Product Name: Microsoft .NET Native SDK. Product Version: 15.0.24211. Product Language: 1033. Manufacturer: Microsoft Corporation. Installation success or error status: 0.
Information,7/18/2018 1:19:16 PM,MsiInstaller,11707,None,Product: Microsoft .NET Native SDK -- Installation completed successfully.
Information,7/18/2018 1:18:36 PM,SynTPEnhService,0,None,"The description for Event ID 0 from source SynTPEnhService cannot be found. Either the component that raises this event is not installed on your local computer or the installation is corrupted. You can install or repair the component on the local computer.

If the event originated on another computer, the display information had to be saved with the event.

The following information was included with the event: 

SynTPEnhService
Session Changed User lock
"
Information,7/18/2018 1:17:30 PM,Outlook,63,None,The Exchange web service request GetAppManifests succeeded. 
Information,7/18/2018 1:15:31 PM,VSS,8224,None,The VSS service is shutting down due to idle timeout. 
Information,7/18/2018 1:14:44 PM,Microsoft-Windows-RestartManager,10000,None,Starting session 0 - ‎2018‎-‎07‎-‎18T19:14:44.218945600Z.
Information,7/18/2018 1:14:43 PM,MsiInstaller,1040,None,"Beginning a Windows Installer transaction: C:\ProgramData\Microsoft\VisualStudio\Packages\Microsoft.VisualStudio.DotNetNative.ILC,version=15.7.27617.1\netfx_NativeCompilationBuild.15.0.msi. Client Process Id: 3084."
Information,7/18/2018 1:12:50 PM,Microsoft-Windows-RestartManager,10001,None,Ending session 0 started ‎2018‎-‎07‎-‎18T19:12:47.897515400Z.
Information,7/18/2018 1:12:50 PM,MsiInstaller,1042,None,"Ending a Windows Installer transaction: C:\ProgramData\Microsoft\VisualStudio\Packages\Microsoft.VisualStudio.Community.Msi.Resources,version=15.0.26621.2,language=en-US\Microsoft.VisualStudio.Community.Msi.Resources.msi. Client Process Id: 3084."
Information,7/18/2018 1:12:50 PM,MsiInstaller,1033,None,Windows Installer installed the product. Product Name: vs_communitymsires. Product Version: 15.0.26621. Product Language: 1033. Manufacturer: Microsoft Corporation. Installation success or error status: 0.
Information,7/18/2018 1:12:50 PM,MsiInstaller,11707,None,Product: vs_communitymsires -- Installation completed successfully.
Information,7/18/2018 1:12:47 PM,Microsoft-Windows-RestartManager,10000,None,Starting session 0 - ‎2018‎-‎07‎-‎18T19:12:47.897515400Z.
Information,7/18/2018 1:12:46 PM,Microsoft-Windows-RestartManager,10001,None,Ending session 0 started ‎2018‎-‎07‎-‎18T19:12:30.312855000Z.
Information,7/18/2018 1:12:47 PM,MsiInstaller,1040,None,"Beginning a Windows Installer transaction: C:\ProgramData\Microsoft\VisualStudio\Packages\Microsoft.VisualStudio.Community.Msi.Resources,version=15.0.26621.2,language=en-US\Microsoft.VisualStudio.Community.Msi.Resources.msi. Client Process Id: 3084."
Information,7/18/2018 1:12:46 PM,MsiInstaller,1042,None,"Ending a Windows Installer transaction: C:\ProgramData\Microsoft\VisualStudio\Packages\Microsoft.VisualStudio.Community.Msi,version=15.7.27617.1\Microsoft.VisualStudio.Community.Msi.msi. Client Process Id: 3084."
Information,7/18/2018 1:12:46 PM,Microsoft-Windows-RestartManager,10001,None,Ending session 0 started ‎2018‎-‎07‎-‎18T19:12:45.823819700Z.
Information,7/18/2018 1:12:46 PM,Microsoft-Windows-RestartManager,10005,None,Machine restart is required.
Warning,7/18/2018 1:12:46 PM,Microsoft-Windows-RestartManager,10010,None,Application 'C:\Program Files (x86)\Microsoft Office\Office15\OUTLOOK.EXE' (pid 22652) cannot be restarted - Application SID does not match Conductor SID..
Information,7/18/2018 1:12:45 PM,Microsoft-Windows-RestartManager,10000,None,Starting session 0 - ‎2018‎-‎07‎-‎18T19:12:45.823819700Z.
Information,7/18/2018 1:12:46 PM,MsiInstaller,1033,None,Windows Installer installed the product. Product Name: vs_communitymsi. Product Version: 15.7.27617. Product Language: 1033. Manufacturer: Microsoft Corporation. Installation success or error status: 0.
Information,7/18/2018 1:12:46 PM,MsiInstaller,11707,None,Product: vs_communitymsi -- Installation completed successfully.
Information,7/18/2018 1:12:30 PM,Microsoft-Windows-RestartManager,10000,None,Starting session 0 - ‎2018‎-‎07‎-‎18T19:12:30.312855000Z.
Information,7/18/2018 1:12:29 PM,Microsoft-Windows-RestartManager,10001,None,Ending session 0 started ‎2018‎-‎07‎-‎18T19:12:27.165019900Z.
Information,7/18/2018 1:12:29 PM,MsiInstaller,1040,None,"Beginning a Windows Installer transaction: C:\ProgramData\Microsoft\VisualStudio\Packages\Microsoft.VisualStudio.Community.Msi,version=15.7.27617.1\Microsoft.VisualStudio.Community.Msi.msi. Client Process Id: 3084."
Information,7/18/2018 1:12:29 PM,MsiInstaller,1042,None,"Ending a Windows Installer transaction: C:\ProgramData\Microsoft\VisualStudio\Packages\Microsoft.VisualStudio.Devenv.Msi,version=15.0.26621.2\Microsoft.VisualStudio.Devenv.Msi.msi. Client Process Id: 3084."
Information,7/18/2018 1:12:29 PM,MsiInstaller,1033,None,Windows Installer installed the product. Product Name: vs_devenvmsi. Product Version: 15.0.26621. Product Language: 1033. Manufacturer: Microsoft Corporation. Installation success or error status: 0.
Information,7/18/2018 1:12:29 PM,MsiInstaller,11707,None,Product: vs_devenvmsi -- Installation completed successfully.
Information,7/18/2018 1:12:27 PM,Microsoft-Windows-RestartManager,10000,None,Starting session 0 - ‎2018‎-‎07‎-‎18T19:12:27.165019900Z.
Information,7/18/2018 1:12:26 PM,MsiInstaller,1040,None,"Beginning a Windows Installer transaction: C:\ProgramData\Microsoft\VisualStudio\Packages\Microsoft.VisualStudio.Devenv.Msi,version=15.0.26621.2\Microsoft.VisualStudio.Devenv.Msi.msi. Client Process Id: 3084."
Information,7/18/2018 1:12:25 PM,Microsoft-Windows-RestartManager,10001,None,Ending session 0 started ‎2018‎-‎07‎-‎18T19:12:12.056048900Z.
Information,7/18/2018 1:12:25 PM,MsiInstaller,1042,None,"Ending a Windows Installer transaction: C:\ProgramData\Microsoft\VisualStudio\Packages\Microsoft.VisualStudio.MinShell.Interop.Msi,version=15.7.27604.0\Microsoft.VisualStudio.MinShell.Interop.Msi.msi. Client Process Id: 3084."
Information,7/18/2018 1:12:25 PM,MsiInstaller,1033,None,Windows Installer installed the product. Product Name: vs_minshellinteropmsi. Product Version: 15.7.27604. Product Language: 1033. Manufacturer: Microsoft Corporation. Installation success or error status: 0.
Information,7/18/2018 1:12:25 PM,MsiInstaller,11707,None,Product: vs_minshellinteropmsi -- Installation completed successfully.
Information,7/18/2018 1:12:12 PM,Microsoft-Windows-RestartManager,10000,None,Starting session 0 - ‎2018‎-‎07‎-‎18T19:12:12.056048900Z.
Information,7/18/2018 1:12:11 PM,MsiInstaller,1040,None,"Beginning a Windows Installer transaction: C:\ProgramData\Microsoft\VisualStudio\Packages\Microsoft.VisualStudio.MinShell.Interop.Msi,version=15.7.27604.0\Microsoft.VisualStudio.MinShell.Interop.Msi.msi. Client Process Id: 3084."
Information,7/18/2018 1:12:07 PM,Microsoft-Windows-RestartManager,10001,None,Ending session 0 started ‎2018‎-‎07‎-‎18T19:12:04.824219500Z.
Information,7/18/2018 1:12:07 PM,MsiInstaller,1042,None,"Ending a Windows Installer transaction: C:\ProgramData\Microsoft\VisualStudio\Packages\Microsoft.VisualStudio.Blend.Msi,version=15.0.27205.0\Microsoft.VisualStudio.Blend.Msi.msi. Client Process Id: 3084."
Information,7/18/2018 1:12:07 PM,MsiInstaller,1033,None,Windows Installer installed the product. Product Name: vs_BlendMsi. Product Version: 15.0.27205. Product Language: 1033. Manufacturer: Microsoft Corporation. Installation success or error status: 0.
Information,7/18/2018 1:12:07 PM,MsiInstaller,11707,None,Product: vs_BlendMsi -- Installation completed successfully.
Information,7/18/2018 1:12:04 PM,Microsoft-Windows-RestartManager,10000,None,Starting session 0 - ‎2018‎-‎07‎-‎18T19:12:04.824219500Z.
Information,7/18/2018 1:12:04 PM,MsiInstaller,1040,None,"Beginning a Windows Installer transaction: C:\ProgramData\Microsoft\VisualStudio\Packages\Microsoft.VisualStudio.Blend.Msi,version=15.0.27205.0\Microsoft.VisualStudio.Blend.Msi.msi. Client Process Id: 3084."
Information,7/18/2018 1:10:16 PM,Microsoft-Windows-RestartManager,10001,None,Ending session 0 started ‎2018‎-‎07‎-‎18T19:10:14.622266800Z.
Information,7/18/2018 1:10:16 PM,MsiInstaller,1042,None,"Ending a Windows Installer transaction: C:\ProgramData\Microsoft\VisualStudio\Packages\Microsoft.Build.FileTracker.Msi,version=15.6.27309.0\Microsoft.Build.FileTracker.Msi.msi. Client Process Id: 3084."
Information,7/18/2018 1:10:16 PM,MsiInstaller,1033,None,Windows Installer installed the product. Product Name: vs_FileTracker_Singleton. Product Version: 15.6.27309. Product Language: 1033. Manufacturer: Microsoft Corporation. Installation success or error status: 0.
Information,7/18/2018 1:10:16 PM,MsiInstaller,11707,None,Product: vs_FileTracker_Singleton -- Installation completed successfully.
Information,7/18/2018 1:10:14 PM,Microsoft-Windows-RestartManager,10000,None,Starting session 0 - ‎2018‎-‎07‎-‎18T19:10:14.622266800Z.
Information,7/18/2018 1:10:14 PM,MsiInstaller,1040,None,"Beginning a Windows Installer transaction: C:\ProgramData\Microsoft\VisualStudio\Packages\Microsoft.Build.FileTracker.Msi,version=15.6.27309.0\Microsoft.Build.FileTracker.Msi.msi. Client Process Id: 3084."
Information,7/18/2018 1:09:54 PM,Microsoft-Windows-RestartManager,10001,None,Ending session 0 started ‎2018‎-‎07‎-‎18T19:09:43.067889700Z.
Information,7/18/2018 1:09:54 PM,MsiInstaller,1042,None,"Ending a Windows Installer transaction: C:\ProgramData\Microsoft\VisualStudio\Packages\Microsoft.TeamFoundation.OfficeIntegration,version=15.129.27825.1,chip=x64\tfs_officeIntegrationCore.msi. Client Process Id: 3084."
Information,7/18/2018 1:09:54 PM,MsiInstaller,1033,None,Windows Installer installed the product. Product Name: Microsoft Visual Studio Team Foundation Server 2017 RC Office Integration (x64). Product Version: 15.129.27825. Product Language: 1033. Manufacturer: Microsoft Corporation. Installation success or error status: 0.
Information,7/18/2018 1:09:54 PM,MsiInstaller,11707,None,Product: Microsoft Visual Studio Team Foundation Server 2017 RC Office Integration (x64) -- Installation completed successfully.
Information,7/18/2018 1:09:43 PM,Microsoft-Windows-RestartManager,10000,None,Starting session 0 - ‎2018‎-‎07‎-‎18T19:09:43.067889700Z.
Information,7/18/2018 1:09:42 PM,MsiInstaller,1040,None,"Beginning a Windows Installer transaction: C:\ProgramData\Microsoft\VisualStudio\Packages\Microsoft.TeamFoundation.OfficeIntegration,version=15.129.27825.1,chip=x64\tfs_officeIntegrationCore.msi. Client Process Id: 3084."
Information,7/18/2018 1:09:39 PM,MsiInstaller,1042,None,"Ending a Windows Installer transaction: C:\ProgramData\Microsoft\VisualStudio\Packages\Microsoft.TeamFoundation.OfficeIntegration.Resources,version=15.129.27825.1,chip=x64,language=en-US\tfs_officeIntegrationCoreRes.msi. Client Process Id: 3084."
Information,7/18/2018 1:09:38 PM,Microsoft-Windows-RestartManager,10001,None,Ending session 0 started ‎2018‎-‎07‎-‎18T19:09:33.288736100Z.
Information,7/18/2018 1:09:38 PM,MsiInstaller,1033,None,Windows Installer installed the product. Product Name: Microsoft Visual Studio Team Foundation Server 2017 RC Office Integration Language Pack (x64) - ENU. Product Version: 15.129.27825. Product Language: 1033. Manufacturer: Microsoft Corporation. Installation success or error status: 0.
Information,7/18/2018 1:09:38 PM,MsiInstaller,11707,None,Product: Microsoft Visual Studio Team Foundation Server 2017 RC Office Integration Language Pack (x64) - ENU -- Installation completed successfully.
Information,7/18/2018 1:09:33 PM,Microsoft-Windows-RestartManager,10000,None,Starting session 0 - ‎2018‎-‎07‎-‎18T19:09:33.288736100Z.
Information,7/18/2018 1:09:32 PM,MsiInstaller,1040,None,"Beginning a Windows Installer transaction: C:\ProgramData\Microsoft\VisualStudio\Packages\Microsoft.TeamFoundation.OfficeIntegration.Resources,version=15.129.27825.1,chip=x64,language=en-US\tfs_officeIntegrationCoreRes.msi. Client Process Id: 3084."
Information,7/18/2018 1:08:20 PM,Microsoft-Windows-RestartManager,10001,None,Ending session 0 started ‎2018‎-‎07‎-‎18T19:08:17.884553500Z.
Information,7/18/2018 1:08:20 PM,MsiInstaller,1042,None,"Ending a Windows Installer transaction: C:\ProgramData\Microsoft\VisualStudio\Packages\Microsoft.VisualStudio.FileHandler.Msi,version=15.7.27617.1,chip=x64\Microsoft.VisualStudio.FileHandler.Msi.x64.msi. Client Process Id: 3084."
Information,7/18/2018 1:08:20 PM,MsiInstaller,1033,None,Windows Installer installed the product. Product Name: vs_filehandler_amd64. Product Version: 15.7.27617. Product Language: 1033. Manufacturer: Microsoft Corporation. Installation success or error status: 0.
Information,7/18/2018 1:08:20 PM,MsiInstaller,11707,None,Product: vs_filehandler_amd64 -- Installation completed successfully.
Information,7/18/2018 1:08:17 PM,Microsoft-Windows-RestartManager,10000,None,Starting session 0 - ‎2018‎-‎07‎-‎18T19:08:17.884553500Z.
Information,7/18/2018 1:08:17 PM,MsiInstaller,1040,None,"Beginning a Windows Installer transaction: C:\ProgramData\Microsoft\VisualStudio\Packages\Microsoft.VisualStudio.FileHandler.Msi,version=15.7.27617.1,chip=x64\Microsoft.VisualStudio.FileHandler.Msi.x64.msi. Client Process Id: 3084."
Information,7/18/2018 1:08:16 PM,Microsoft-Windows-RestartManager,10001,None,Ending session 0 started ‎2018‎-‎07‎-‎18T19:08:12.896170100Z.
Information,7/18/2018 1:08:16 PM,MsiInstaller,1042,None,"Ending a Windows Installer transaction: C:\ProgramData\Microsoft\VisualStudio\Packages\Microsoft.VisualStudio.FileHandler.Msi,version=15.7.27617.1,chip=x86\Microsoft.VisualStudio.FileHandler.Msi.x86.msi. Client Process Id: 3084."
Information,7/18/2018 1:08:15 PM,MsiInstaller,1033,None,Windows Installer installed the product. Product Name: vs_filehandler_x86. Product Version: 15.7.27617. Product Language: 1033. Manufacturer: Microsoft Corporation. Installation success or error status: 0.
Information,7/18/2018 1:08:15 PM,MsiInstaller,11707,None,Product: vs_filehandler_x86 -- Installation completed successfully.
Information,7/18/2018 1:08:12 PM,Microsoft-Windows-RestartManager,10000,None,Starting session 0 - ‎2018‎-‎07‎-‎18T19:08:12.896170100Z.
Information,7/18/2018 1:08:12 PM,MsiInstaller,1040,None,"Beginning a Windows Installer transaction: C:\ProgramData\Microsoft\VisualStudio\Packages\Microsoft.VisualStudio.FileHandler.Msi,version=15.7.27617.1,chip=x86\Microsoft.VisualStudio.FileHandler.Msi.x86.msi. Client Process Id: 3084."
Information,7/18/2018 1:07:53 PM,Microsoft-Windows-RestartManager,10001,None,Ending session 0 started ‎2018‎-‎07‎-‎18T19:07:51.708969000Z.
Information,7/18/2018 1:07:53 PM,MsiInstaller,1042,None,"Ending a Windows Installer transaction: C:\ProgramData\Microsoft\VisualStudio\Packages\Microsoft.VisualStudio.Setup.Configuration,version=1.16.1163.30317\Microsoft.VisualStudio.Setup.Configuration.msi. Client Process Id: 3084."
Information,7/18/2018 1:07:53 PM,MsiInstaller,1033,None,Windows Installer installed the product. Product Name: Microsoft Visual Studio Setup Configuration. Product Version: 1.16.1163.30317. Product Language: 1033. Manufacturer: Microsoft Corporation. Installation success or error status: 0.
Information,7/18/2018 1:07:53 PM,MsiInstaller,11707,None,Product: Microsoft Visual Studio Setup Configuration -- Installation completed successfully.
Information,7/18/2018 1:07:51 PM,Microsoft-Windows-RestartManager,10000,None,Starting session 0 - ‎2018‎-‎07‎-‎18T19:07:51.708969000Z.
Information,7/18/2018 1:07:51 PM,MsiInstaller,1040,None,"Beginning a Windows Installer transaction: C:\ProgramData\Microsoft\VisualStudio\Packages\Microsoft.VisualStudio.Setup.Configuration,version=1.16.1163.30317\Microsoft.VisualStudio.Setup.Configuration.msi. Client Process Id: 3084."
Information,7/18/2018 1:07:50 PM,Microsoft-Windows-RestartManager,10001,None,Ending session 0 started ‎2018‎-‎07‎-‎18T19:07:48.592827900Z.
Information,7/18/2018 1:07:50 PM,MsiInstaller,1042,None,"Ending a Windows Installer transaction: C:\ProgramData\Microsoft\VisualStudio\Packages\Microsoft.VisualStudio.MinShell.Msi,version=15.7.27617.1\Microsoft.VisualStudio.MinShell.Msi.msi. Client Process Id: 3084."
Information,7/18/2018 1:07:50 PM,MsiInstaller,1033,None,Windows Installer installed the product. Product Name: vs_minshellmsi. Product Version: 15.7.27617. Product Language: 1033. Manufacturer: Microsoft Corporation. Installation success or error status: 0.
Information,7/18/2018 1:07:50 PM,MsiInstaller,11707,None,Product: vs_minshellmsi -- Installation completed successfully.
Information,7/18/2018 1:07:48 PM,Microsoft-Windows-RestartManager,10000,None,Starting session 0 - ‎2018‎-‎07‎-‎18T19:07:48.592827900Z.
Information,7/18/2018 1:07:48 PM,MsiInstaller,1040,None,"Beginning a Windows Installer transaction: C:\ProgramData\Microsoft\VisualStudio\Packages\Microsoft.VisualStudio.MinShell.Msi,version=15.7.27617.1\Microsoft.VisualStudio.MinShell.Msi.msi. Client Process Id: 3084."
Information,7/18/2018 1:07:46 PM,Microsoft-Windows-RestartManager,10001,None,Ending session 0 started ‎2018‎-‎07‎-‎18T19:07:41.964025600Z.
Information,7/18/2018 1:07:47 PM,MsiInstaller,1042,None,"Ending a Windows Installer transaction: C:\ProgramData\Microsoft\VisualStudio\Packages\Microsoft.VisualStudio.MinShell.Msi.Resources,version=15.0.26621.2,language=en-US\Microsoft.VisualStudio.MinShell.Msi.Resources.msi. Client Process Id: 3084."
Information,7/18/2018 1:07:46 PM,MsiInstaller,1033,None,Windows Installer installed the product. Product Name: vs_minshellmsires. Product Version: 15.0.26621. Product Language: 1033. Manufacturer: Microsoft Corporation. Installation success or error status: 0.
Information,7/18/2018 1:07:46 PM,MsiInstaller,11707,None,Product: vs_minshellmsires -- Installation completed successfully.
Information,7/18/2018 1:07:41 PM,Microsoft-Windows-RestartManager,10000,None,Starting session 0 - ‎2018‎-‎07‎-‎18T19:07:41.964025600Z.
Error,7/18/2018 1:07:41 PM,VSS,8193,None,"Volume Shadow Copy Service error: Unexpected error calling routine QueryFullProcessImageNameW.  hr = 0x80070006, The handle is invalid.
. 

Operation:
   Executing Asynchronous Operation

Context:
   Current State: DoSnapshotSet"
Information,7/18/2018 1:07:39 PM,MsiInstaller,1040,None,"Beginning a Windows Installer transaction: C:\ProgramData\Microsoft\VisualStudio\Packages\Microsoft.VisualStudio.MinShell.Msi.Resources,version=15.0.26621.2,language=en-US\Microsoft.VisualStudio.MinShell.Msi.Resources.msi. Client Process Id: 3084."
Information,7/18/2018 1:07:25 PM,System Restore,8194,None,"Successfully created restore point (Process = C:\Program Files (x86)\Microsoft Visual Studio\Installer\resources\app\ServiceHub\Hosts\Microsoft.ServiceHub.Host.CLR\vs_installerservice.exe Files (x86)\Microsoft Visual Studio\Installer\resources\app\ServiceHub\Hosts\Microsoft.ServiceHub.Host.CLR\vs_installerservice.exe"" desktopClr$C94B8CFE-E3FD-4BAF-A941-2866DBB566FE 149db246233eec1e5a15fb7d7b571cdd; Description = Installing Visual Studio Community 2017)."
Error,7/18/2018 1:06:52 PM,VSS,8194,None,"Volume Shadow Copy Service error: Unexpected error querying for the IVssWriterCallback interface.  hr = 0x80070005, Access is denied.
. This is often caused by incorrect security settings in either the writer or requestor process. 

Operation:
   Gathering Writer Data

Context:
   Writer Class Id: {e8132975-6f93-4464-a53e-1050253ae220}
   Writer Name: System Writer
   Writer Instance ID: {de656b3a-2948-4c6d-8262-c03086904cf3}"
Information,7/18/2018 1:06:51 PM,Microsoft-Windows-RestartManager,10000,None,Starting session 10 - ‎2018‎-‎07‎-‎18T19:06:51.070823400Z.
Information,7/18/2018 11:25:38 AM,SynTPEnhService,0,None,"The description for Event ID 0 from source SynTPEnhService cannot be found. Either the component that raises this event is not installed on your local computer or the installation is corrupted. You can install or repair the component on the local computer.

If the event originated on another computer, the display information had to be saved with the event.

The following information was included with the event: 

SynTPEnhService
Session Changed User unlock
"
Information,7/18/2018 11:12:36 AM,SynTPEnhService,0,None,"The description for Event ID 0 from source SynTPEnhService cannot be found. Either the component that raises this event is not installed on your local computer or the installation is corrupted. You can install or repair the component on the local computer.

If the event originated on another computer, the display information had to be saved with the event.

The following information was included with the event: 

SynTPEnhService
Session Changed User lock
"
Information,7/18/2018 11:07:39 AM,Office Software Protection Platform Service,903,None,"The Software Protection service has stopped.
"
Information,7/18/2018 11:02:39 AM,Office Software Protection Platform Service,902,None,"The Software Protection service has started.
15.0.169.500"
Information,7/18/2018 11:02:39 AM,Office Software Protection Platform Service,1066,None,"Initialization status for service objects.
C:\Program Files\Common Files\Microsoft Shared\OfficeSoftwareProtectionPlatform\OSPPOBJS.DLL, msft:rm/algorithm/phone/1.0, 0x00000000, 0x00000000
C:\Program Files\Common Files\Microsoft Shared\OfficeSoftwareProtectionPlatform\OSPPOBJS.DLL, msft:rm/algorithm/pkey/detect, 0x00000000, 0x00000000
C:\Program Files\Common Files\Microsoft Shared\OfficeSoftwareProtectionPlatform\OSPPOBJS.DLL, msft:spp/TaskScheduler/1.0, 0x00000000, 0x00000000
C:\Program Files\Common Files\Microsoft Shared\OfficeSoftwareProtectionPlatform\OSPPOBJS.DLL, msft:spp/statecollector/pkey, 0x00000000, 0x00000000
C:\Program Files\Common Files\Microsoft Shared\OfficeSoftwareProtectionPlatform\OSPPOBJS.DLL, msft:spp/volume/services/kms/licenserenewal/1.0, 0x00000000, 0x00000000
"
Information,7/18/2018 11:02:39 AM,Office Software Protection Platform Service,900,None,"The Software Protection service is starting.
"
Information,7/18/2018 10:38:11 AM,Outlook,45,None,Outlook loaded the following add-in(s):


Name: Microsoft VBA for Outlook Addin
Description: 
ProgID: Microsoft.VbaAddinForOutlook.1
GUID: {799ED9EA-FB5E-11D1-B7D6-00C04FC2AAE2}
Load Behavior: 9
HKLM: 1
Location: C:\PROGRA~2\MICROS~1\Office15\ADDINS\OUTLVBA.DLL
Boot Time (Milliseconds): 32

Warning,7/18/2018 10:30:25 AM,Microsoft-Windows-CertificateServicesClient-AutoEnrollment,64,None,Certificate for local system with Thumbprint c3 61 c2 31 d0 73 ec db 79 3f e9 10 64 1d b0 49 50 29 15 be is about to expire or already expired.
Information,7/18/2018 10:29:15 AM,VSS,8224,None,The VSS service is shutting down due to idle timeout. 
Information,7/18/2018 10:26:14 AM,Microsoft-Windows-MSMQ,2230,None,A backup (components: none) was completed successfully.
Information,7/18/2018 10:19:47 AM,Avecto Defendpoint Service,116,None,"Process execution was blocked.  Command Line: ""C:\WINDOWS\system32\CompMgmtLauncher.exe""  Process Id: 14440 Parent Process Id: 15552 Workstyle: Privilege Guard.Elevated Admin Application Group: Privilege Guard.ePO-Blocked Apps and Utilities Reason: <None> File Name: c:\windows\system32\compmgmtlauncher.exe Hash: 4A3AEDA1A3BCA4E2E3C9C8B9E3F770B878011497 Certificate: Microsoft Windows Description: Computer Management Snapin Launcher Application Type: exe Product Name: Microsoft® Windows® Operating System Product Code: <None> Upgrade Code: <None> Product Version: 10.0.15063.0 File Version: 10.0.15063.0 (WinBuild.160101.0800) Application Group Description: <None> Workstyle Description: <None> Token Assignment Id: da462cf7-1f9e-4e13-b14a-203c915b1060 Token Assignment Is Shell: false Token Id: f30a3824-27af-4d69-9125-c78e44764ac1 Message Id: ce1d63ac-4ca0-4360-a9df-8800ac046a76 Token: Add Admin Rights Token Description: <None> Message Name: Privilege Guard.Block Message Message Description: Block unauthorized application Unique Process ID: 7d349c85-aa69-4eb3-84a2-2c25d0d385c2 Workstyle ID: 75621e41-e103-4e6b-8bc3-e87962b03ff7 Application Group ID: b68162d2-459f-4562-91fc-0713fa11b77f User SID: S-1-5-21-1223559079-994587851-4263662072-43138 User Name: mliu User Domain SID: S-1-5-21-1223559079-994587851-4263662072 User Domain Name: CORP User Domain Name NetBIOS: CORP Host SID: S-1-5-21-1223559079-994587851-4263662072-125936 Host Name: 45212MLIU-7 Host Name NetBIOS: 45212MLIU-7 Host Domain SID: S-1-5-21-1223559079-994587851-4263662072 Host Domain Name: corp.premierinc.com Host Domain Name NetBIOS: CORP Event ID: e0e09513-8098-44bb-b30f-da221d963e51 Process Start Time: 131764043850041300 Process End Time: 0 Event Time: 131764043850041300 Authorizing User SID: <None> Authorizing User Name: <None> Authorizing User Domain SID: <None> Authorizing User Domain Name: <None> Authorizing User Domain Name NetBios: <None> Client IPV4: <None> Client Name:  <None> UAC Triggered: false File Owner SID: S-1-5-80-956008885-3418522649-1831038044-1853292631-2271478464 File Owner Name: TrustedInstaller File Owner Domain SID: S-1-5-80 File Owner Domain Name: NT SERVICE File Owner Domain Name NetBIOS: NT SERVICE Parent Process Unique ID: <None> Parent Process File Name: c:\windows\system32\runtimebroker.exe COM CLSID: <None> COM AppID: <None> COM Display Name: <None> Source URL: <None> Authorization Challenge: <None> Windows Store App Name: <None> Windows Store App Publisher: <None> Windows Store App Version: <None> Drive Type: Fixed Disk Challenge Response Status: Not Applicable PowerShell Command: <None> Application Workstyle Description: Computer Management Snapin Launcher Application Workstyle Id: 4494305a-e7cb-49bc-bc86-ea557b892dfe Sandbox Name: <None> Sandbox Definition ID: <None> Sandbox Instance ID: <None> Sandbox User SID: <None> Sandbox User Name: <None> Message Type: Prompt Classification: Private (Local) IE Zone Tag: <None> MD5: C37E904E102D2BB8AEBD0F2FAD3F0815"
Information,7/18/2018 10:19:24 AM,Avecto Defendpoint Service,116,None,"Process execution was blocked.  Command Line: ""C:\WINDOWS\system32\mmc.exe"" ""C:\Windows\System32\secpol.msc""  Process Id: 0 Parent Process Id: 15552 Workstyle: Privilege Guard.Elevated Admin Application Group: Privilege Guard.ePO-Blocked Apps and Utilities Reason: <None> File Name: C:\Windows\System32\secpol.msc Hash: 803FE601EF245A0CEED55341FDD4381DA9C47E1F Certificate: Microsoft Windows Description: secpol.msc Application Type: msc Product Name: <None> Product Code: <None> Upgrade Code: <None> Product Version: <None> File Version: <None> Application Group Description: <None> Workstyle Description: <None> Token Assignment Id: da462cf7-1f9e-4e13-b14a-203c915b1060 Token Assignment Is Shell: false Token Id: f30a3824-27af-4d69-9125-c78e44764ac1 Message Id: ce1d63ac-4ca0-4360-a9df-8800ac046a76 Token: Add Admin Rights Token Description: <None> Message Name: Privilege Guard.Block Message Message Description: Block unauthorized application Unique Process ID: 8668eb4c-4efe-4aa3-8984-58346c96215b Workstyle ID: 75621e41-e103-4e6b-8bc3-e87962b03ff7 Application Group ID: b68162d2-459f-4562-91fc-0713fa11b77f User SID: S-1-5-21-1223559079-994587851-4263662072-43138 User Name: mliu User Domain SID: S-1-5-21-1223559079-994587851-4263662072 User Domain Name: CORP User Domain Name NetBIOS: CORP Host SID: S-1-5-21-1223559079-994587851-4263662072-125936 Host Name: 45212MLIU-7 Host Name NetBIOS: 45212MLIU-7 Host Domain SID: S-1-5-21-1223559079-994587851-4263662072 Host Domain Name: corp.premierinc.com Host Domain Name NetBIOS: CORP Event ID: 8c2fd2d1-3451-40e5-b633-6baadcd3dfc4 Process Start Time: 131764043615949286 Process End Time: 0 Event Time: 131764043615949286 Authorizing User SID: <None> Authorizing User Name: <None> Authorizing User Domain SID: <None> Authorizing User Domain Name: <None> Authorizing User Domain Name NetBios: <None> Client IPV4: <None> Client Name:  <None> UAC Triggered: true File Owner SID: S-1-5-80-956008885-3418522649-1831038044-1853292631-2271478464 File Owner Name: TrustedInstaller File Owner Domain SID: S-1-5-80 File Owner Domain Name: NT SERVICE File Owner Domain Name NetBIOS: NT SERVICE Parent Process Unique ID: <None> Parent Process File Name: <None> COM CLSID: <None> COM AppID: <None> COM Display Name: <None> Source URL: <None> Authorization Challenge: <None> Windows Store App Name: <None> Windows Store App Publisher: <None> Windows Store App Version: <None> Drive Type: Fixed Disk Challenge Response Status: Not Applicable PowerShell Command: <None> Application Workstyle Description: Local Security Policy Application Workstyle Id: eda26fdb-5f06-4fdb-9aa2-083ee8ad1fbb Sandbox Name: <None> Sandbox Definition ID: <None> Sandbox Instance ID: <None> Sandbox User SID: <None> Sandbox User Name: <None> Message Type: Prompt Classification: Private (Local) IE Zone Tag: <None> MD5: 2BC2546831B054680C6F59888F295E44"
Information,7/18/2018 10:14:30 AM,SceCli,1704,None,Security policy in the Group policy objects has been applied successfully.
Error,7/18/2018 10:03:27 AM,Microsoft-Windows-Perflib,1008,None,"The Open Procedure for service ""BITS"" in DLL ""C:\Windows\System32\bitsperf.dll"" failed. Performance data for this service will not be available. The first four bytes (DWORD) of the Data section contains the error code."
Information,7/18/2018 9:41:23 AM,VSS,8224,None,The VSS service is shutting down due to idle timeout. 
Error,7/18/2018 9:28:23 AM,Microsoft-Windows-Security-SPP,8198,None,"License Activation (slui.exe) failed with the following error code:
hr=0xC004F074
Command-line arguments:
RuleId=502ff3ba-669a-4674-bbb1-601f34a3b968;Action=AutoActivateSilent;AppId=55c92734-d682-4d71-983e-d6ec3f16059f;SkuId=73111121-5638-40f6-bc11-f1d7b0d64300;NotificationInterval=1440;Trigger=TimerEvent"
Information,7/18/2018 9:28:23 AM,Microsoft-Windows-Security-SPP,1003,None,"The Software Protection service has completed licensing status check.
Application Id=55c92734-d682-4d71-983e-d6ec3f16059f
Licensing Status=
1: 040fa323-92b1-4baf-97a2-5b67feaefddb, 1, 0 [(0 [0xC004F014, 0, 0], [(?)(?)(?)(?)(?)(?)(?)(?)])(1 )(2 )(3 )]
2: 0724cb7d-3437-4cb7-93cb-830375d0079d, 1, 0 [(0 [0xC004F014, 0, 0], [(?)(?)(?)(?)(?)(?)(?)(?)])(1 )(2 )(3 )]
3: 221a02da-e2a1-4b75-864c-0a4410a33fdf, 1, 0 [(0 [0xC004F014, 0, 0], [(?)(?)(?)(?)(?)(?)(?)(?)])(1 )(2 )(3 )]
4: 2c293c26-a45a-4a2a-a350-c69a67097529, 1, 0 [(0 [0xC004F014, 0, 0], [(?)(?)(?)(?)(?)(?)(?)(?)])(1 )(2 )(3 )]
5: 2de67392-b7a7-462a-b1ca-108dd189f588, 1, 0 [(0 [0xC004F014, 0, 0], [(?)(?)(?)(?)(?)(?)(?)(?)])(1 )(2 )(3 )]
6: 2ffd8952-423e-4903-b993-72a1aa44cf82, 1, 0 [(0 [0xC004F014, 0, 0], [(?)(?)(?)(?)(?)(?)(?)(?)])(1 )(2 )(3 )]
7: 30a42c86-b7a0-4a34-8c90-ff177cb2acb7, 1, 0 [(0 [0xC004F014, 0, 0], [(?)(?)(?)(?)(?)(?)(?)(?)])(1 )(2 )(3 )]
8: 345a5db0-d94f-4e3b-a0c0-7c42f7bc3ebf, 1, 0 [(0 [0xC004F014, 0, 0], [(?)(?)(?)(?)(?)(?)(?)(?)])(1 )(2 )(3 )]
9: 377333b1-8b5d-48d6-9679-1225c872d37c, 1, 0 [(0 [0xC004F014, 0, 0], [(?)(?)(?)(?)(?)(?)(?)(?)])(1 )(2 )(3 )]
10: 3df374ef-d444-4494-a5a1-4b0d9fd0e203, 1, 0 [(0 [0xC004F014, 0, 0], [(?)(?)(?)(?)(?)(?)(?)(?)])(1 )(2 )(3 )]
11: 3f1afc82-f8ac-4f6c-8005-1d233e606eee, 1, 0 [(0 [0xC004F014, 0, 0], [(?)(?)(?)(?)(?)(?)(?)(?)])(1 )(2 )(3 )]
12: 49cd895b-53b2-4dc4-a5f7-b18aa019ad37, 1, 0 [(0 [0xC004F014, 0, 0], [(?)(?)(?)(?)(?)(?)(?)(?)])(1 )(2 )(3 )]
13: 4de7cb65-cdf1-4de9-8ae8-e3cce27b9f2c, 1, 0 [(0 [0xC004F014, 0, 0], [(?)(?)(?)(?)(?)(?)(?)(?)])(1 )(2 )(3 )]
14: 4f3da0d2-271d-4508-ae81-626b60809a38, 1, 0 [(0 [0xC004F014, 0, 0], [(?)(?)(?)(?)(?)(?)(?)(?)])(1 )(2 )(3 )]
15: 613d217f-7f13-4268-9907-1662339531cd, 1, 0 [(0 [0xC004F014, 0, 0], [(?)(?)(?)(?)(?)(?)(?)(?)])(1 )(2 )(3 )]
16: 62f0c100-9c53-4e02-b886-a3528ddfe7f6, 1, 0 [(0 [0xC004F014, 0, 0], [(?)(?)(?)(?)(?)(?)(?)(?)])(1 )(2 )(3 )]
17: 73111121-5638-40f6-bc11-f1d7b0d64300, 1, 1 [(0 [0x00000000, 1, 0], [(?)( 1 0x00000000)(?)( 2 0x00000000 0 0 msft:rm/algorithm/volume/1.0 0x00000000 188854)(?)(?)( 10 0x00000000 msft:rm/algorithm/flags/1.0)(?)])(1 )(2 )(3 )]
18: 7a802526-4c94-4bd1-ba14-835a1aca2120, 1, 0 [(0 [0xC004F014, 0, 0], [(?)(?)(?)(?)(?)(?)(?)(?)])(1 )(2 )(3 )]
19: 7cb546c0-c7d5-44d8-9a5c-69ecdd782b69, 1, 0 [(0 [0xC004F014, 0, 0], [(?)(?)(?)(?)(?)(?)(?)(?)])(1 )(2 )(3 )]
20: 8b351c9c-f398-4515-9900-09df49427262, 1, 0 [(0 [0xC004F014, 0, 0], [(?)(?)(?)(?)(?)(?)(?)(?)])(1 )(2 )(3 )]
21: b0773a15-df3a-4312-9ad2-83d69648e356, 1, 0 [(0 [0xC004F014, 0, 0], [(?)(?)(?)(?)(?)(?)(?)(?)])(1 )(2 )(3 )]
22: bd3762d7-270d-4760-8fb3-d829ca45278a, 1, 0 [(0 [0xC004F014, 0, 0], [(?)(?)(?)(?)(?)(?)(?)(?)])(1 )(2 )(3 )]
23: c86d5194-4840-4dae-9c1c-0301003a5ab0, 1, 0 [(0 [0xC004F014, 0, 0], [(?)(?)(?)(?)(?)(?)(?)(?)])(1 )(2 )(3 )]
24: d552befb-48cc-4327-8f39-47d2d94f987c, 1, 0 [(0 [0xC004F014, 0, 0], [(?)(?)(?)(?)(?)(?)(?)(?)])(1 )(2 )(3 )]
25: d6eadb3b-5ca8-4a6b-986e-35b550756111, 1, 0 [(0 [0xC004F014, 0, 0], [(?)(?)(?)(?)(?)(?)(?)(?)])(1 )(2 )(3 )]
26: e7a950a2-e548-4f10-bf16-02ec848e0643, 1, 0 [(0 [0xC004F014, 0, 0], [(?)(?)(?)(?)(?)(?)(?)(?)])(1 )(2 )(3 )]
27: ef51e000-2659-4f25-8345-3de70a9cf4c4, 1, 0 [(0 [0xC004F014, 0, 0], [(?)(?)(?)(?)(?)(?)(?)(?)])(1 )(2 )(3 )]
28: fe74f55b-0338-41d6-b267-4a201abe7285, 1, 0 [(0 [0xC004F014, 0, 0], [(?)(?)(?)(?)(?)(?)(?)(?)])(1 )(2 )(3 )]

"
Information,7/18/2018 9:28:23 AM,Microsoft-Windows-Security-SPP,1003,None,"The Software Protection service has completed licensing status check.
Application Id=55c92734-d682-4d71-983e-d6ec3f16059f
Licensing Status=
1: 040fa323-92b1-4baf-97a2-5b67feaefddb, 1, 0 [(0 [0xC004F014, 0, 0], [(?)(?)(?)(?)(?)(?)(?)(?)])(1 )(2 )(3 )]
2: 0724cb7d-3437-4cb7-93cb-830375d0079d, 1, 0 [(0 [0xC004F014, 0, 0], [(?)(?)(?)(?)(?)(?)(?)(?)])(1 )(2 )(3 )]
3: 221a02da-e2a1-4b75-864c-0a4410a33fdf, 1, 0 [(0 [0xC004F014, 0, 0], [(?)(?)(?)(?)(?)(?)(?)(?)])(1 )(2 )(3 )]
4: 2c293c26-a45a-4a2a-a350-c69a67097529, 1, 0 [(0 [0xC004F014, 0, 0], [(?)(?)(?)(?)(?)(?)(?)(?)])(1 )(2 )(3 )]
5: 2de67392-b7a7-462a-b1ca-108dd189f588, 1, 0 [(0 [0xC004F014, 0, 0], [(?)(?)(?)(?)(?)(?)(?)(?)])(1 )(2 )(3 )]
6: 2ffd8952-423e-4903-b993-72a1aa44cf82, 1, 0 [(0 [0xC004F014, 0, 0], [(?)(?)(?)(?)(?)(?)(?)(?)])(1 )(2 )(3 )]
7: 30a42c86-b7a0-4a34-8c90-ff177cb2acb7, 1, 0 [(0 [0xC004F014, 0, 0], [(?)(?)(?)(?)(?)(?)(?)(?)])(1 )(2 )(3 )]
8: 345a5db0-d94f-4e3b-a0c0-7c42f7bc3ebf, 1, 0 [(0 [0xC004F014, 0, 0], [(?)(?)(?)(?)(?)(?)(?)(?)])(1 )(2 )(3 )]
9: 377333b1-8b5d-48d6-9679-1225c872d37c, 1, 0 [(0 [0xC004F014, 0, 0], [(?)(?)(?)(?)(?)(?)(?)(?)])(1 )(2 )(3 )]
10: 3df374ef-d444-4494-a5a1-4b0d9fd0e203, 1, 0 [(0 [0xC004F014, 0, 0], [(?)(?)(?)(?)(?)(?)(?)(?)])(1 )(2 )(3 )]
11: 3f1afc82-f8ac-4f6c-8005-1d233e606eee, 1, 0 [(0 [0xC004F014, 0, 0], [(?)(?)(?)(?)(?)(?)(?)(?)])(1 )(2 )(3 )]
12: 49cd895b-53b2-4dc4-a5f7-b18aa019ad37, 1, 0 [(0 [0xC004F014, 0, 0], [(?)(?)(?)(?)(?)(?)(?)(?)])(1 )(2 )(3 )]
13: 4de7cb65-cdf1-4de9-8ae8-e3cce27b9f2c, 1, 0 [(0 [0xC004F014, 0, 0], [(?)(?)(?)(?)(?)(?)(?)(?)])(1 )(2 )(3 )]
14: 4f3da0d2-271d-4508-ae81-626b60809a38, 1, 0 [(0 [0xC004F014, 0, 0], [(?)(?)(?)(?)(?)(?)(?)(?)])(1 )(2 )(3 )]
15: 613d217f-7f13-4268-9907-1662339531cd, 1, 0 [(0 [0xC004F014, 0, 0], [(?)(?)(?)(?)(?)(?)(?)(?)])(1 )(2 )(3 )]
16: 62f0c100-9c53-4e02-b886-a3528ddfe7f6, 1, 0 [(0 [0xC004F014, 0, 0], [(?)(?)(?)(?)(?)(?)(?)(?)])(1 )(2 )(3 )]
17: 73111121-5638-40f6-bc11-f1d7b0d64300, 1, 1 [(0 [0x00000000, 1, 0], [(?)( 1 0x00000000)(?)( 2 0x00000000 0 0 msft:rm/algorithm/volume/1.0 0x00000000 188854)(?)(?)( 10 0x00000000 msft:rm/algorithm/flags/1.0)(?)])(1 )(2 )(3 )]
18: 7a802526-4c94-4bd1-ba14-835a1aca2120, 1, 0 [(0 [0xC004F014, 0, 0], [(?)(?)(?)(?)(?)(?)(?)(?)])(1 )(2 )(3 )]
19: 7cb546c0-c7d5-44d8-9a5c-69ecdd782b69, 1, 0 [(0 [0xC004F014, 0, 0], [(?)(?)(?)(?)(?)(?)(?)(?)])(1 )(2 )(3 )]
20: 8b351c9c-f398-4515-9900-09df49427262, 1, 0 [(0 [0xC004F014, 0, 0], [(?)(?)(?)(?)(?)(?)(?)(?)])(1 )(2 )(3 )]
21: b0773a15-df3a-4312-9ad2-83d69648e356, 1, 0 [(0 [0xC004F014, 0, 0], [(?)(?)(?)(?)(?)(?)(?)(?)])(1 )(2 )(3 )]
22: bd3762d7-270d-4760-8fb3-d829ca45278a, 1, 0 [(0 [0xC004F014, 0, 0], [(?)(?)(?)(?)(?)(?)(?)(?)])(1 )(2 )(3 )]
23: c86d5194-4840-4dae-9c1c-0301003a5ab0, 1, 0 [(0 [0xC004F014, 0, 0], [(?)(?)(?)(?)(?)(?)(?)(?)])(1 )(2 )(3 )]
24: d552befb-48cc-4327-8f39-47d2d94f987c, 1, 0 [(0 [0xC004F014, 0, 0], [(?)(?)(?)(?)(?)(?)(?)(?)])(1 )(2 )(3 )]
25: d6eadb3b-5ca8-4a6b-986e-35b550756111, 1, 0 [(0 [0xC004F014, 0, 0], [(?)(?)(?)(?)(?)(?)(?)(?)])(1 )(2 )(3 )]
26: e7a950a2-e548-4f10-bf16-02ec848e0643, 1, 0 [(0 [0xC004F014, 0, 0], [(?)(?)(?)(?)(?)(?)(?)(?)])(1 )(2 )(3 )]
27: ef51e000-2659-4f25-8345-3de70a9cf4c4, 1, 0 [(0 [0xC004F014, 0, 0], [(?)(?)(?)(?)(?)(?)(?)(?)])(1 )(2 )(3 )]
28: fe74f55b-0338-41d6-b267-4a201abe7285, 1, 0 [(0 [0xC004F014, 0, 0], [(?)(?)(?)(?)(?)(?)(?)(?)])(1 )(2 )(3 )]

"
Information,7/18/2018 9:28:22 AM,Microsoft-Windows-Security-SPP,12288,None,"The client has sent an activation request to the key management service machine.
Info:
0xC0020017, 0x00000000, 46499fmahoney-8.corp.premierinc.com:1688, 98e315f1-2e03-4cfa-b026-ef79751044b4, 2018/07/18 15:25, 1, 1, 188856, 73111121-5638-40f6-bc11-f1d7b0d64300, 25"
Information,7/18/2018 9:28:01 AM,Microsoft-Windows-Security-SPP,12288,None,"The client has sent an activation request to the key management service machine.
Info:
0x80072AF9, 0x00000000, vmw8redstone03.corp.premierinc.com:1688, 98e315f1-2e03-4cfa-b026-ef79751044b4, 2018/07/18 15:25, 1, 1, 188856, 73111121-5638-40f6-bc11-f1d7b0d64300, 25"
Information,7/18/2018 9:28:01 AM,Microsoft-Windows-Security-SPP,12288,None,"The client has sent an activation request to the key management service machine.
Info:
0x80072AF9, 0x00000000, vmw7x64off13v11.corp.premierinc.com:1688, 98e315f1-2e03-4cfa-b026-ef79751044b4, 2018/07/18 15:25, 1, 1, 188856, 73111121-5638-40f6-bc11-f1d7b0d64300, 25"
Information,7/18/2018 9:28:01 AM,Microsoft-Windows-Security-SPP,12288,None,"The client has sent an activation request to the key management service machine.
Info:
0x80072AF9, 0x00000000, vmw8su_c_01.corp.premierinc.com:1688, 98e315f1-2e03-4cfa-b026-ef79751044b4, 2018/07/18 15:25, 1, 1, 188856, 73111121-5638-40f6-bc11-f1d7b0d64300, 25"
Information,7/18/2018 9:28:01 AM,Microsoft-Windows-Security-SPP,12288,None,"The client has sent an activation request to the key management service machine.
Info:
0x80072AF9, 0x00000000, vmw8su_name.corp.premierinc.com:1688, 98e315f1-2e03-4cfa-b026-ef79751044b4, 2018/07/18 15:25, 1, 1, 188856, 73111121-5638-40f6-bc11-f1d7b0d64300, 25"
Information,7/18/2018 9:28:01 AM,Microsoft-Windows-Security-SPP,12288,None,"The client has sent an activation request to the key management service machine.
Info:
0xC0020017, 0x00000000, 46494twinning-8.corp.premierinc.com:1688, 98e315f1-2e03-4cfa-b026-ef79751044b4, 2018/07/18 15:25, 1, 1, 188856, 73111121-5638-40f6-bc11-f1d7b0d64300, 25"
Information,7/18/2018 9:27:40 AM,Microsoft-Windows-Security-SPP,12288,None,"The client has sent an activation request to the key management service machine.
Info:
0xC0020017, 0x00000000, 46500rkissick-8.corp.premierinc.com:1688, 98e315f1-2e03-4cfa-b026-ef79751044b4, 2018/07/18 15:25, 1, 1, 188856, 73111121-5638-40f6-bc11-f1d7b0d64300, 25"
Information,7/18/2018 9:27:19 AM,Microsoft-Windows-Security-SPP,12288,None,"The client has sent an activation request to the key management service machine.
Info:
0xC004F042, 0x00000000, c3pimdt1.corp.premierinc.com:1688, 98e315f1-2e03-4cfa-b026-ef79751044b4, 2018/07/18 15:25, 1, 1, 188856, 73111121-5638-40f6-bc11-f1d7b0d64300, 25"
Information,7/18/2018 9:27:19 AM,Microsoft-Windows-Security-SPP,12288,None,"The client has sent an activation request to the key management service machine.
Info:
0xC0020017, 0x00000000, vmw8su_c_001.corp.premierinc.com:1688, 98e315f1-2e03-4cfa-b026-ef79751044b4, 2018/07/18 15:25, 1, 1, 188856, 73111121-5638-40f6-bc11-f1d7b0d64300, 25"
Information,7/18/2018 9:27:18 AM,Microsoft-Windows-Security-SPP,12288,None,"The client has sent an activation request to the key management service machine.
Info:
0xC0020017, 0x00000000, 46532csapp-w8.corp.premierinc.com:1688, 98e315f1-2e03-4cfa-b026-ef79751044b4, 2018/07/18 15:25, 1, 1, 188856, 73111121-5638-40f6-bc11-f1d7b0d64300, 25"
Information,7/18/2018 9:26:57 AM,Microsoft-Windows-Security-SPP,12288,None,"The client has sent an activation request to the key management service machine.
Info:
0x80072AF9, 0x00000000, vmw7x64off10v11.corp.premierinc.com:1688, 98e315f1-2e03-4cfa-b026-ef79751044b4, 2018/07/18 15:25, 1, 1, 188856, 73111121-5638-40f6-bc11-f1d7b0d64300, 25"
