Information,7/18/2018 2:01:00 PM,System Restore,8194,None,Successfully created restore point (Process = C:\WINDOWS\Temp\{4E32AF5C-610C-47F3-98BE-B8641447D9EF}\.be\winsdksetup.exe -q -burn.elevated BurnPipe.{1D12F226-A95F-42EB-809B-914C46BB3DB6} {3D16440E-F635-42BB-B006-46D0D2324AED} 14116; Description = Windows Software Development Kit - Windows 10.0.17134.12).
Information,7/18/2018 1:59:26 PM,Microsoft-Windows-RestartManager,10001,None,Ending session 0 started ‎2018‎-‎07‎-‎18T19:59:25.780251600Z.
Information,7/18/2018 1:59:26 PM,MsiInstaller,1042,None,"Ending a Windows Installer transaction: C:\ProgramData\Microsoft\VisualStudio\Packages\Microsoft.IntelliTrace.ProfilerProxy.Msi.x64,version=15.0.17289.1,chip=x64\Microsoft.IntelliTrace.ProfilerProxy.Msi.msi. Client Process Id: 3084."
Information,7/18/2018 1:59:26 PM,MsiInstaller,1033,None,Windows Installer installed the product. Product Name: IntelliTraceProfilerProxy. Product Version: 15.0.17289.01. Product Language: 1033. Manufacturer: Microsoft Corporation. Installation success or error status: 0.
Information,7/18/2018 1:59:26 PM,MsiInstaller,11707,None,Product: IntelliTraceProfilerProxy -- Installation completed successfully.
Information,7/18/2018 1:59:25 PM,Microsoft-Windows-RestartManager,10000,None,Starting session 0 - ‎2018‎-‎07‎-‎18T19:59:25.780251600Z.
Information,7/18/2018 1:59:25 PM,Microsoft-Windows-RestartManager,10001,None,Ending session 0 started ‎2018‎-‎07‎-‎18T19:59:24.823943600Z.
Information,7/18/2018 1:59:24 PM,Microsoft-Windows-RestartManager,10000,None,Starting session 0 - ‎2018‎-‎07‎-‎18T19:59:24.823943600Z.
Information,7/18/2018 1:59:25 PM,MsiInstaller,1040,None,"Beginning a Windows Installer transaction: C:\ProgramData\Microsoft\VisualStudio\Packages\Microsoft.IntelliTrace.ProfilerProxy.Msi.x64,version=15.0.17289.1,chip=x64\Microsoft.IntelliTrace.ProfilerProxy.Msi.msi. Client Process Id: 3084."
Information,7/18/2018 1:59:25 PM,MsiInstaller,1042,None,"Ending a Windows Installer transaction: C:\ProgramData\Microsoft\VisualStudio\Packages\Microsoft.IntelliTrace.ProfilerProxy.Msi,version=15.0.17289.1,chip=neutral\Microsoft.IntelliTrace.ProfilerProxy.Msi.msi. Client Process Id: 3084."
Information,7/18/2018 1:59:25 PM,MsiInstaller,1033,None,Windows Installer installed the product. Product Name: IntelliTraceProfilerProxy. Product Version: 15.0.17289.01. Product Language: 1033. Manufacturer: Microsoft Corporation. Installation success or error status: 0.
Information,7/18/2018 1:59:25 PM,MsiInstaller,11707,None,Product: IntelliTraceProfilerProxy -- Installation completed successfully.
Information,7/18/2018 1:59:24 PM,MsiInstaller,1040,None,"Beginning a Windows Installer transaction: C:\ProgramData\Microsoft\VisualStudio\Packages\Microsoft.IntelliTrace.ProfilerProxy.Msi,version=15.0.17289.1,chip=neutral\Microsoft.IntelliTrace.ProfilerProxy.Msi.msi. Client Process Id: 3084."
Information,7/18/2018 1:59:02 PM,Microsoft-Windows-RestartManager,10001,None,Ending session 0 started ‎2018‎-‎07‎-‎18T19:59:01.419211800Z.
Information,7/18/2018 1:59:02 PM,MsiInstaller,1042,None,"Ending a Windows Installer transaction: C:\ProgramData\Microsoft\VisualStudio\Packages\Microsoft.VisualStudio.TestTools.TP.Legacy.Tips.Msi,version=15.0.27005.2\Microsoft.VisualStudio.TestTools.TP.Legacy.Tips.Msi.msi. Client Process Id: 3084."
Information,7/18/2018 1:59:02 PM,MsiInstaller,1033,None,Windows Installer installed the product. Product Name: vs_tipsmsi. Product Version: 15.0.27005. Product Language: 1033. Manufacturer: Microsoft Corporation. Installation success or error status: 0.
Information,7/18/2018 1:59:02 PM,MsiInstaller,11707,None,Product: vs_tipsmsi -- Installation completed successfully.
Information,7/18/2018 1:59:01 PM,Microsoft-Windows-RestartManager,10000,None,Starting session 0 - ‎2018‎-‎07‎-‎18T19:59:01.419211800Z.
Information,7/18/2018 1:59:00 PM,MsiInstaller,1040,None,"Beginning a Windows Installer transaction: C:\ProgramData\Microsoft\VisualStudio\Packages\Microsoft.VisualStudio.TestTools.TP.Legacy.Tips.Msi,version=15.0.27005.2\Microsoft.VisualStudio.TestTools.TP.Legacy.Tips.Msi.msi. Client Process Id: 3084."
Information,7/18/2018 1:58:44 PM,Microsoft-Windows-RestartManager,10001,None,Ending session 0 started ‎2018‎-‎07‎-‎18T19:47:54.504700100Z.
Information,7/18/2018 1:58:44 PM,MsiInstaller,1042,None,"Ending a Windows Installer transaction: C:\ProgramData\Microsoft\VisualStudio\Packages\Microsoft.Net.CoreUWP,version=1.1.41\netfx_NETCoreUWP.msi. Client Process Id: 3084."
Information,7/18/2018 1:58:44 PM,MsiInstaller,1033,None,Windows Installer installed the product. Product Name: Microsoft UniversalWindowsPlatform SDK. Product Version: 15.7.5. Product Language: 1033. Manufacturer: Microsoft. Installation success or error status: 0.
Information,7/18/2018 1:58:44 PM,MsiInstaller,11707,None,Product: Microsoft UniversalWindowsPlatform SDK -- Installation completed successfully.
Information,7/18/2018 1:49:38 PM,VSS,8224,None,The VSS service is shutting down due to idle timeout. 
Information,7/18/2018 1:47:54 PM,Microsoft-Windows-RestartManager,10000,None,Starting session 0 - ‎2018‎-‎07‎-‎18T19:47:54.504700100Z.
Information,7/18/2018 1:47:52 PM,Microsoft-Windows-RestartManager,10001,None,Ending session 0 started ‎2018‎-‎07‎-‎18T19:43:47.591895600Z.
Information,7/18/2018 1:47:53 PM,MsiInstaller,1040,None,"Beginning a Windows Installer transaction: C:\ProgramData\Microsoft\VisualStudio\Packages\Microsoft.Net.CoreUWP,version=1.1.41\netfx_NETCoreUWP.msi. Client Process Id: 3084."
Information,7/18/2018 1:47:52 PM,MsiInstaller,1042,None,"Ending a Windows Installer transaction: C:\ProgramData\Microsoft\VisualStudio\Packages\Microsoft.Net.CoreSDK.50,version=1.0.23909\netfx_NETCoreSDK.msi. Client Process Id: 3084."
Information,7/18/2018 1:47:52 PM,MsiInstaller,1033,None,Windows Installer installed the product. Product Name: Microsoft NetStandard SDK. Product Version: 15.0.51105. Product Language: 1033. Manufacturer: Microsoft Corporation. Installation success or error status: 0.
Information,7/18/2018 1:47:52 PM,MsiInstaller,11707,None,Product: Microsoft NetStandard SDK -- Installation completed successfully.
Information,7/18/2018 1:43:47 PM,Microsoft-Windows-RestartManager,10000,None,Starting session 0 - ‎2018‎-‎07‎-‎18T19:43:47.591895600Z.
Information,7/18/2018 1:43:46 PM,Microsoft-Windows-RestartManager,10001,None,Ending session 0 started ‎2018‎-‎07‎-‎18T19:43:29.020901700Z.
Information,7/18/2018 1:43:47 PM,MsiInstaller,1040,None,"Beginning a Windows Installer transaction: C:\ProgramData\Microsoft\VisualStudio\Packages\Microsoft.Net.CoreSDK.50,version=1.0.23909\netfx_NETCoreSDK.msi. Client Process Id: 3084."
Information,7/18/2018 1:43:46 PM,MsiInstaller,1042,None,"Ending a Windows Installer transaction: C:\ProgramData\Microsoft\VisualStudio\Packages\Microsoft.PortableLibrary.TargetingPack.Msi.Resources,version=15.0.26621.2,language=en-US\portablelibrary_dtplp_sfx.msi. Client Process Id: 3084."
Information,7/18/2018 1:43:46 PM,MsiInstaller,1033,None,Windows Installer installed the product. Product Name: Microsoft Portable Library Multi-Targeting Pack Language Pack - enu. Product Version: 15.0.26621.02. Product Language: 1033. Manufacturer: Microsoft Corporation. Installation success or error status: 0.
Information,7/18/2018 1:43:46 PM,MsiInstaller,11707,None,Product: Microsoft Portable Library Multi-Targeting Pack Language Pack - enu -- Installation completed successfully.
Information,7/18/2018 1:43:29 PM,Microsoft-Windows-RestartManager,10000,None,Starting session 0 - ‎2018‎-‎07‎-‎18T19:43:29.020901700Z.
Information,7/18/2018 1:43:27 PM,Microsoft-Windows-RestartManager,10001,None,Ending session 0 started ‎2018‎-‎07‎-‎18T19:43:02.770982900Z.
Information,7/18/2018 1:43:28 PM,MsiInstaller,1040,None,"Beginning a Windows Installer transaction: C:\ProgramData\Microsoft\VisualStudio\Packages\Microsoft.PortableLibrary.TargetingPack.Msi.Resources,version=15.0.26621.2,language=en-US\portablelibrary_dtplp_sfx.msi. Client Process Id: 3084."
Information,7/18/2018 1:43:27 PM,MsiInstaller,1042,None,"Ending a Windows Installer transaction: C:\ProgramData\Microsoft\VisualStudio\Packages\Microsoft.PortableLibrary.TargetingPack.Msi,version=15.0.26621.2\portablelibrary_dtp_sfx.msi. Client Process Id: 3084."
Information,7/18/2018 1:43:27 PM,MsiInstaller,1033,None,Windows Installer installed the product. Product Name: Microsoft Portable Library Multi-Targeting Pack. Product Version: 15.0.26621.02. Product Language: 1033. Manufacturer: Microsoft Corporation. Installation success or error status: 0.
Information,7/18/2018 1:43:27 PM,MsiInstaller,11707,None,Product: Microsoft Portable Library Multi-Targeting Pack -- Installation completed successfully.
Information,7/18/2018 1:43:02 PM,Microsoft-Windows-RestartManager,10000,None,Starting session 0 - ‎2018‎-‎07‎-‎18T19:43:02.770982900Z.
Information,7/18/2018 1:43:02 PM,MsiInstaller,1040,None,"Beginning a Windows Installer transaction: C:\ProgramData\Microsoft\VisualStudio\Packages\Microsoft.PortableLibrary.TargetingPack.Msi,version=15.0.26621.2\portablelibrary_dtp_sfx.msi. Client Process Id: 3084."
Information,7/18/2018 1:41:57 PM,MsiInstaller,1042,None,"Ending a Windows Installer transaction: C:\ProgramData\Microsoft\VisualStudio\Packages\Microsoft.SmartDevice.Connectivity,version=15.7.27604.0\WPSDK_en.msi. Client Process Id: 3084."
Information,7/18/2018 1:41:57 PM,Microsoft-Windows-RestartManager,10001,None,Ending session 0 started ‎2018‎-‎07‎-‎18T19:41:53.092490100Z.
Information,7/18/2018 1:41:56 PM,Microsoft-Windows-RestartManager,10001,None,Ending session 0 started ‎2018‎-‎07‎-‎18T19:41:56.893908100Z.
Information,7/18/2018 1:41:56 PM,Microsoft-Windows-RestartManager,10005,None,Machine restart is required.
Warning,7/18/2018 1:41:56 PM,Microsoft-Windows-RestartManager,10010,None,Application 'C:\Program Files (x86)\Microsoft Office\Office15\OUTLOOK.EXE' (pid 22652) cannot be restarted - Application SID does not match Conductor SID..
Information,7/18/2018 1:41:56 PM,Microsoft-Windows-RestartManager,10000,None,Starting session 0 - ‎2018‎-‎07‎-‎18T19:41:56.893908100Z.
Information,7/18/2018 1:41:56 PM,Microsoft-Windows-RestartManager,10001,None,Ending session 0 started ‎2018‎-‎07‎-‎18T19:41:56.761790000Z.
Information,7/18/2018 1:41:56 PM,Microsoft-Windows-RestartManager,10005,None,Machine restart is required.
Warning,7/18/2018 1:41:56 PM,Microsoft-Windows-RestartManager,10010,None,Application 'C:\Program Files (x86)\Microsoft Office\Office15\OUTLOOK.EXE' (pid 22652) cannot be restarted - Application SID does not match Conductor SID..
Information,7/18/2018 1:41:56 PM,Microsoft-Windows-RestartManager,10000,None,Starting session 0 - ‎2018‎-‎07‎-‎18T19:41:56.761790000Z.
Information,7/18/2018 1:41:56 PM,Microsoft-Windows-RestartManager,10001,None,Ending session 0 started ‎2018‎-‎07‎-‎18T19:41:56.612688000Z.
Information,7/18/2018 1:41:56 PM,Microsoft-Windows-RestartManager,10005,None,Machine restart is required.
Warning,7/18/2018 1:41:56 PM,Microsoft-Windows-RestartManager,10010,None,Application 'C:\Program Files (x86)\Microsoft Office\Office15\OUTLOOK.EXE' (pid 22652) cannot be restarted - Application SID does not match Conductor SID..
Information,7/18/2018 1:41:56 PM,Microsoft-Windows-RestartManager,10000,None,Starting session 0 - ‎2018‎-‎07‎-‎18T19:41:56.612688000Z.
Information,7/18/2018 1:41:56 PM,Microsoft-Windows-RestartManager,10001,None,Ending session 0 started ‎2018‎-‎07‎-‎18T19:41:56.479596100Z.
Information,7/18/2018 1:41:56 PM,Microsoft-Windows-RestartManager,10005,None,Machine restart is required.
Warning,7/18/2018 1:41:56 PM,Microsoft-Windows-RestartManager,10010,None,Application 'C:\Program Files (x86)\Microsoft Office\Office15\OUTLOOK.EXE' (pid 22652) cannot be restarted - Application SID does not match Conductor SID..
Information,7/18/2018 1:41:56 PM,Microsoft-Windows-RestartManager,10000,None,Starting session 0 - ‎2018‎-‎07‎-‎18T19:41:56.479596100Z.
Information,7/18/2018 1:41:56 PM,Microsoft-Windows-RestartManager,10001,None,Ending session 0 started ‎2018‎-‎07‎-‎18T19:41:56.305478900Z.
Information,7/18/2018 1:41:56 PM,Microsoft-Windows-RestartManager,10005,None,Machine restart is required.
Information,7/18/2018 1:41:57 PM,MsiInstaller,1033,None,Windows Installer installed the product. Product Name: Windows Phone SDK 8.0 Assemblies for Visual Studio 2017. Product Version: 15.0.27604. Product Language: 1033. Manufacturer: Microsoft Corporation. Installation success or error status: 0.
Information,7/18/2018 1:41:57 PM,MsiInstaller,11707,None,Product: Windows Phone SDK 8.0 Assemblies for Visual Studio 2017 -- Installation completed successfully.
Warning,7/18/2018 1:41:56 PM,Microsoft-Windows-RestartManager,10010,None,Application 'C:\Program Files (x86)\Microsoft Office\Office15\OUTLOOK.EXE' (pid 22652) cannot be restarted - Application SID does not match Conductor SID..
Information,7/18/2018 1:41:56 PM,Microsoft-Windows-RestartManager,10000,None,Starting session 0 - ‎2018‎-‎07‎-‎18T19:41:56.305478900Z.
Information,7/18/2018 1:41:56 PM,Microsoft-Windows-RestartManager,10001,None,Ending session 0 started ‎2018‎-‎07‎-‎18T19:41:56.138362600Z.
Information,7/18/2018 1:41:56 PM,Microsoft-Windows-RestartManager,10005,None,Machine restart is required.
Warning,7/18/2018 1:41:56 PM,Microsoft-Windows-RestartManager,10010,None,Application 'C:\Program Files (x86)\Microsoft Office\Office15\OUTLOOK.EXE' (pid 22652) cannot be restarted - Application SID does not match Conductor SID..
Information,7/18/2018 1:41:56 PM,Microsoft-Windows-RestartManager,10000,None,Starting session 0 - ‎2018‎-‎07‎-‎18T19:41:56.138362600Z.
Information,7/18/2018 1:41:53 PM,Microsoft-Windows-RestartManager,10000,None,Starting session 0 - ‎2018‎-‎07‎-‎18T19:41:53.092490100Z.
Information,7/18/2018 1:41:52 PM,MsiInstaller,1040,None,"Beginning a Windows Installer transaction: C:\ProgramData\Microsoft\VisualStudio\Packages\Microsoft.SmartDevice.Connectivity,version=15.7.27604.0\WPSDK_en.msi. Client Process Id: 3084."
Error,7/18/2018 1:41:49 PM,VSS,8193,None,"Volume Shadow Copy Service error: Unexpected error calling routine QueryFullProcessImageNameW.  hr = 0x80070006, The handle is invalid.
. 

Operation:
   Executing Asynchronous Operation

Context:
   Current State: DoSnapshotSet"
Information,7/18/2018 1:41:31 PM,System Restore,8194,None,"Successfully created restore point (Process = C:\ProgramData\Package Cache\{323dad84-0974-4d90-a1c1-e006c7fdbb7d}\VC_redist.x64.exe Cache\{323dad84-0974-4d90-a1c1-e006c7fdbb7d}\VC_redist.x64.exe"" -uninstall -quiet -burn.related.upgrade -burn.ancestors={5b295ba9-ef89-4aeb-8acc-b61adb0b9b5f} -burn.embedded BurnPipe.{94D67C69-B9F6-49D4-B350-3680155E2B51} {3F8592F4-1491-4B35-AE7F-60DFF3CDDFD5} 17996; Description = Microsoft Visual C++ 2015 Redistributable (x64) - 14.0.24212)."
Information,7/18/2018 1:41:04 PM,Microsoft-Windows-RestartManager,10001,None,Ending session 0 started ‎2018‎-‎07‎-‎18T19:41:03.139964100Z.
Information,7/18/2018 1:41:04 PM,Microsoft-Windows-RestartManager,10001,None,Ending session 0 started ‎2018‎-‎07‎-‎18T19:40:59.819750000Z.
Information,7/18/2018 1:41:04 PM,MsiInstaller,1042,None,Ending a Windows Installer transaction: C:\ProgramData\Package Cache\{A2999714-5C2C-3729-A911-4AE198B7B2FD}v14.14.26405\packages\vcRuntimeAdditional_amd64\vc_runtimeAdditional_x64.msi. Client Process Id: 17996.
Information,7/18/2018 1:41:04 PM,MsiInstaller,1033,None,Windows Installer installed the product. Product Name: Microsoft Visual C++ 2017 x64 Additional Runtime - 14.14.26405. Product Version: 14.14.26405. Product Language: 1033. Manufacturer: Microsoft Corporation. Installation success or error status: 0.
Information,7/18/2018 1:41:04 PM,MsiInstaller,11707,None,Product: Microsoft Visual C++ 2017 x64 Additional Runtime - 14.14.26405 -- Installation completed successfully.
Information,7/18/2018 1:41:03 PM,Microsoft-Windows-RestartManager,10000,None,Starting session 0 - ‎2018‎-‎07‎-‎18T19:41:03.139964100Z.
Information,7/18/2018 1:40:59 PM,Microsoft-Windows-RestartManager,10000,None,Starting session 0 - ‎2018‎-‎07‎-‎18T19:40:59.819750000Z.
Information,7/18/2018 1:40:59 PM,Microsoft-Windows-RestartManager,10001,None,Ending session 10 started ‎2018‎-‎07‎-‎18T19:39:28.462393000Z.
Information,7/18/2018 1:40:59 PM,Microsoft-Windows-RestartManager,10001,None,Ending session 0 started ‎2018‎-‎07‎-‎18T19:40:57.681047600Z.
Information,7/18/2018 1:40:59 PM,Microsoft-Windows-RestartManager,10001,None,Ending session 0 started ‎2018‎-‎07‎-‎18T19:39:27.710159800Z.
Information,7/18/2018 1:40:59 PM,MsiInstaller,1040,None,Beginning a Windows Installer transaction: C:\ProgramData\Package Cache\{A2999714-5C2C-3729-A911-4AE198B7B2FD}v14.14.26405\packages\vcRuntimeAdditional_amd64\vc_runtimeAdditional_x64.msi. Client Process Id: 17996.
Information,7/18/2018 1:40:59 PM,MsiInstaller,1042,None,Ending a Windows Installer transaction: C:\ProgramData\Package Cache\{BCA8F863-9BAB-3398-B8E4-E1D0959D0943}v14.14.26405\packages\vcRuntimeMinimum_amd64\vc_runtimeMinimum_x64.msi. Client Process Id: 17996.
Information,7/18/2018 1:40:59 PM,MsiInstaller,1029,None,Product: Microsoft Visual C++ 2017 x64 Minimum Runtime - 14.14.26405. Restart required. The installation or update for the product required a restart for all changes to take effect.  The restart was deferred to a later time.
Information,7/18/2018 1:40:59 PM,MsiInstaller,1038,None,Windows Installer requires a system restart. Product Name: Microsoft Visual C++ 2017 x64 Minimum Runtime - 14.14.26405. Product Version: 14.14.26405. Product Language: 1033. Manufacturer: Microsoft Corporation. Type of System Restart: 2. Reason for Restart: 1.
Information,7/18/2018 1:40:59 PM,MsiInstaller,1033,None,Windows Installer installed the product. Product Name: Microsoft Visual C++ 2017 x64 Minimum Runtime - 14.14.26405. Product Version: 14.14.26405. Product Language: 1033. Manufacturer: Microsoft Corporation. Installation success or error status: 0.
Information,7/18/2018 1:40:59 PM,MsiInstaller,11707,None,Product: Microsoft Visual C++ 2017 x64 Minimum Runtime - 14.14.26405 -- Installation completed successfully.
Information,7/18/2018 1:40:57 PM,Microsoft-Windows-RestartManager,10000,None,Starting session 0 - ‎2018‎-‎07‎-‎18T19:40:57.681047600Z.
Information,7/18/2018 1:40:57 PM,MsiInstaller,1025,None,"Product: Microsoft Visual C++ 2017 x64 Minimum Runtime - 14.14.26405. The file C:\WINDOWS\system32\vcruntime140.dll is being used by the following process: Name: fcag , Id 27148."
Information,7/18/2018 1:40:57 PM,MsiInstaller,1025,None,"Product: Microsoft Visual C++ 2017 x64 Minimum Runtime - 14.14.26405. The file C:\WINDOWS\system32\vcruntime140.dll is being used by the following process: Name: mfetp , Id 7812."
Information,7/18/2018 1:40:57 PM,MsiInstaller,1025,None,"Product: Microsoft Visual C++ 2017 x64 Minimum Runtime - 14.14.26405. The file C:\WINDOWS\system32\vcruntime140.dll is being used by the following process: Name: mfeatp , Id 6180."
Information,7/18/2018 1:40:57 PM,MsiInstaller,1025,None,"Product: Microsoft Visual C++ 2017 x64 Minimum Runtime - 14.14.26405. The file C:\WINDOWS\system32\vcruntime140.dll is being used by the following process: Name: mfefw , Id 6816."
Information,7/18/2018 1:40:57 PM,MsiInstaller,1025,None,"Product: Microsoft Visual C++ 2017 x64 Minimum Runtime - 14.14.26405. The file C:\WINDOWS\system32\vcruntime140.dll is being used by the following process: Name: mfeesp , Id 6484."
Information,7/18/2018 1:40:57 PM,MsiInstaller,1025,None,"Product: Microsoft Visual C++ 2017 x64 Minimum Runtime - 14.14.26405. The file C:\WINDOWS\system32\msvcp140.dll is being used by the following process: Name: fcag , Id 27148."
Information,7/18/2018 1:40:57 PM,MsiInstaller,1025,None,"Product: Microsoft Visual C++ 2017 x64 Minimum Runtime - 14.14.26405. The file C:\WINDOWS\system32\msvcp140.dll is being used by the following process: Name: mfetp , Id 7812."
Information,7/18/2018 1:40:57 PM,MsiInstaller,1025,None,"Product: Microsoft Visual C++ 2017 x64 Minimum Runtime - 14.14.26405. The file C:\WINDOWS\system32\msvcp140.dll is being used by the following process: Name: mfeatp , Id 6180."
Information,7/18/2018 1:40:57 PM,MsiInstaller,1025,None,"Product: Microsoft Visual C++ 2017 x64 Minimum Runtime - 14.14.26405. The file C:\WINDOWS\system32\msvcp140.dll is being used by the following process: Name: mfefw , Id 6816."
Information,7/18/2018 1:40:57 PM,MsiInstaller,1025,None,"Product: Microsoft Visual C++ 2017 x64 Minimum Runtime - 14.14.26405. The file C:\WINDOWS\system32\msvcp140.dll is being used by the following process: Name: mfeesp , Id 6484."
Error,7/18/2018 1:39:36 PM,VSS,8193,None,"Volume Shadow Copy Service error: Unexpected error calling routine QueryFullProcessImageNameW.  hr = 0x80070006, The handle is invalid.
. 

Operation:
   Executing Asynchronous Operation

Context:
   Current State: DoSnapshotSet"
Information,7/18/2018 1:39:28 PM,Microsoft-Windows-RestartManager,10000,None,Starting session 10 - ‎2018‎-‎07‎-‎18T19:39:28.462393000Z.
Information,7/18/2018 1:39:28 PM,Microsoft-Windows-RestartManager,10005,None,Machine restart is required.
Warning,7/18/2018 1:39:28 PM,Microsoft-Windows-RestartManager,10010,None,Application 'C:\Program Files\McAfee\DLP\Agent\fcag.exe' (pid 27148) cannot be restarted - Application SID does not match Conductor SID..
Information,7/18/2018 1:39:27 PM,Microsoft-Windows-RestartManager,10000,None,Starting session 0 - ‎2018‎-‎07‎-‎18T19:39:27.710159800Z.
Information,7/18/2018 1:39:27 PM,MsiInstaller,1040,None,Beginning a Windows Installer transaction: C:\ProgramData\Package Cache\{BCA8F863-9BAB-3398-B8E4-E1D0959D0943}v14.14.26405\packages\vcRuntimeMinimum_amd64\vc_runtimeMinimum_x64.msi. Client Process Id: 17996.
Information,7/18/2018 1:39:26 PM,System Restore,8194,None,"Successfully created restore point (Process = C:\ProgramData\Microsoft\VisualStudio\Packages\Microsoft.VisualCpp.Redist.14,version=14.14.26405,chip=x64\VC_redist.x64.exe /q /norestart /log ""C:\Users\mliu\AppData\Local\Temp\dd_setup_20180718130645_148_Microsoft.VisualCpp.Redist.14.log""; Description = Microsoft Visual C++ 2017 Redistributable (x64) - 14.14.26405)."
Error,7/18/2018 1:38:55 PM,VSS,8193,None,"Volume Shadow Copy Service error: Unexpected error calling routine QueryFullProcessImageNameW.  hr = 0x80070006, The handle is invalid.
. 

Operation:
   Executing Asynchronous Operation

Context:
   Current State: DoSnapshotSet"
Information,7/18/2018 1:38:36 PM,System Restore,8194,None,"Successfully created restore point (Process = C:\ProgramData\Package Cache\{462f63a8-6347-4894-a1b3-dbfe3a4c981d}\VC_redist.x86.exe Cache\{462f63a8-6347-4894-a1b3-dbfe3a4c981d}\VC_redist.x86.exe"" -uninstall -quiet -burn.related.upgrade -burn.ancestors={ec9c2282-a836-48a6-9e41-c2f0bf8d678b} -burn.embedded BurnPipe.{F8D9CF55-2694-42E2-937B-2B91928B01C5} {A9F28BA6-6CE3-42F7-A384-DC7571C85782} 27200; Description = Microsoft Visual C++ 2015 Redistributable (x86) - 14.0.24212)."
Error,7/18/2018 1:38:02 PM,VSS,8193,None,"Volume Shadow Copy Service error: Unexpected error calling routine QueryFullProcessImageNameW.  hr = 0x80070006, The handle is invalid.
. 

Operation:
   Executing Asynchronous Operation

Context:
   Current State: DoSnapshotSet"
Information,7/18/2018 1:37:58 PM,Microsoft-Windows-RestartManager,10001,None,Ending session 0 started ‎2018‎-‎07‎-‎18T19:37:55.492311700Z.
Information,7/18/2018 1:37:58 PM,Microsoft-Windows-RestartManager,10001,None,Ending session 0 started ‎2018‎-‎07‎-‎18T19:37:50.817660600Z.
Information,7/18/2018 1:37:58 PM,MsiInstaller,1042,None,Ending a Windows Installer transaction: C:\ProgramData\Package Cache\{2BCACFA1-2BE1-373C-9051-76A9661D9FC4}v14.14.26405\packages\vcRuntimeAdditional_x86\vc_runtimeAdditional_x86.msi. Client Process Id: 27200.
Information,7/18/2018 1:37:57 PM,MsiInstaller,1033,None,Windows Installer installed the product. Product Name: Microsoft Visual C++ 2017 x86 Additional Runtime - 14.14.26405. Product Version: 14.14.26405. Product Language: 1033. Manufacturer: Microsoft Corporation. Installation success or error status: 0.
Information,7/18/2018 1:37:57 PM,MsiInstaller,11707,None,Product: Microsoft Visual C++ 2017 x86 Additional Runtime - 14.14.26405 -- Installation completed successfully.
Information,7/18/2018 1:37:55 PM,Microsoft-Windows-RestartManager,10000,None,Starting session 0 - ‎2018‎-‎07‎-‎18T19:37:55.492311700Z.
Information,7/18/2018 1:37:50 PM,Microsoft-Windows-RestartManager,10000,None,Starting session 0 - ‎2018‎-‎07‎-‎18T19:37:50.817660600Z.
Information,7/18/2018 1:37:50 PM,MsiInstaller,1040,None,Beginning a Windows Installer transaction: C:\ProgramData\Package Cache\{2BCACFA1-2BE1-373C-9051-76A9661D9FC4}v14.14.26405\packages\vcRuntimeAdditional_x86\vc_runtimeAdditional_x86.msi. Client Process Id: 27200.
Information,7/18/2018 1:37:50 PM,Microsoft-Windows-RestartManager,10001,None,Ending session 0 started ‎2018‎-‎07‎-‎18T19:37:49.565804600Z.
Information,7/18/2018 1:37:50 PM,Microsoft-Windows-RestartManager,10001,None,Ending session 0 started ‎2018‎-‎07‎-‎18T19:37:46.674482200Z.
Information,7/18/2018 1:37:49 PM,Microsoft-Windows-RestartManager,10000,None,Starting session 0 - ‎2018‎-‎07‎-‎18T19:37:49.565804600Z.
Information,7/18/2018 1:37:50 PM,MsiInstaller,1042,None,Ending a Windows Installer transaction: C:\ProgramData\Package Cache\{644544A0-318A-344C-964C-4DBE2FB5F864}v14.14.26405\packages\vcRuntimeMinimum_x86\vc_runtimeMinimum_x86.msi. Client Process Id: 27200.
Information,7/18/2018 1:37:50 PM,MsiInstaller,1033,None,Windows Installer installed the product. Product Name: Microsoft Visual C++ 2017 x86 Minimum Runtime - 14.14.26405. Product Version: 14.14.26405. Product Language: 1033. Manufacturer: Microsoft Corporation. Installation success or error status: 0.
Information,7/18/2018 1:37:50 PM,MsiInstaller,11707,None,Product: Microsoft Visual C++ 2017 x86 Minimum Runtime - 14.14.26405 -- Installation completed successfully.
Information,7/18/2018 1:37:46 PM,Microsoft-Windows-RestartManager,10000,None,Starting session 0 - ‎2018‎-‎07‎-‎18T19:37:46.674482200Z.
Information,7/18/2018 1:37:46 PM,MsiInstaller,1040,None,Beginning a Windows Installer transaction: C:\ProgramData\Package Cache\{644544A0-318A-344C-964C-4DBE2FB5F864}v14.14.26405\packages\vcRuntimeMinimum_x86\vc_runtimeMinimum_x86.msi. Client Process Id: 27200.
Information,7/18/2018 1:37:44 PM,System Restore,8194,None,"Successfully created restore point (Process = C:\ProgramData\Microsoft\VisualStudio\Packages\Microsoft.VisualCpp.Redist.14,version=14.14.26405,chip=x86\VC_redist.x86.exe /q /norestart /log ""C:\Users\mliu\AppData\Local\Temp\dd_setup_20180718130645_147_Microsoft.VisualCpp.Redist.14.log""; Description = Microsoft Visual C++ 2017 Redistributable (x86) - 14.14.26405)."
Information,7/18/2018 1:36:33 PM,Microsoft-Windows-RestartManager,10001,None,Ending session 10 started ‎2018‎-‎07‎-‎18T19:35:05.656056900Z.
Information,7/18/2018 1:36:33 PM,Microsoft-Windows-RestartManager,10001,None,Ending session 0 started ‎2018‎-‎07‎-‎18T19:35:03.730772400Z.
Information,7/18/2018 1:36:33 PM,MsiInstaller,1042,None,"Ending a Windows Installer transaction: C:\ProgramData\Microsoft\VisualStudio\Packages\sqlsysclrtypes,version=15.1.61804.210,chip=x64,language=en-US\SQLSysClrTypes.msi. Client Process Id: 3084."
Information,7/18/2018 1:36:33 PM,MsiInstaller,1029,None,Product: Microsoft System CLR Types for SQL Server 2017. Restart required. The installation or update for the product required a restart for all changes to take effect.  The restart was deferred to a later time.
Information,7/18/2018 1:36:33 PM,MsiInstaller,1038,None,Windows Installer requires a system restart. Product Name: Microsoft System CLR Types for SQL Server 2017. Product Version: 14.0.3006.16. Product Language: 1033. Manufacturer: Microsoft Corporation. Type of System Restart: 2. Reason for Restart: 1.
Information,7/18/2018 1:36:33 PM,MsiInstaller,1033,None,Windows Installer installed the product. Product Name: Microsoft System CLR Types for SQL Server 2017. Product Version: 14.0.3006.16. Product Language: 1033. Manufacturer: Microsoft Corporation. Installation success or error status: 0.
Information,7/18/2018 1:36:33 PM,MsiInstaller,11707,None,Product: Microsoft System CLR Types for SQL Server 2017 -- Installation completed successfully.
Information,7/18/2018 1:36:32 PM,MsiInstaller,1025,None,"Product: Microsoft System CLR Types for SQL Server 2017. The file C:\WINDOWS\system32\msvcr120.dll is being used by the following process: Name: mozyprostat , Id 3636."
Information,7/18/2018 1:36:32 PM,MsiInstaller,1025,None,"Product: Microsoft System CLR Types for SQL Server 2017. The file C:\WINDOWS\system32\msvcr120.dll is being used by the following process: Name: explorer , Id 27804."
Information,7/18/2018 1:36:32 PM,MsiInstaller,1025,None,"Product: Microsoft System CLR Types for SQL Server 2017. The file C:\WINDOWS\system32\msvcr120.dll is being used by the following process: Name: mozyprobackup , Id 7020."
Information,7/18/2018 1:36:32 PM,MsiInstaller,1025,None,"Product: Microsoft System CLR Types for SQL Server 2017. The file C:\WINDOWS\system32\msvcr120.dll is being used by the following process: Name: WmiPrvSE , Id 19704."
Information,7/18/2018 1:36:32 PM,MsiInstaller,1025,None,"Product: Microsoft System CLR Types for SQL Server 2017. The file C:\WINDOWS\system32\msvcr120.dll is being used by the following process: Name: mozyprobackup , Id 6184."
Information,7/18/2018 1:36:32 PM,MsiInstaller,1025,None,"Product: Microsoft System CLR Types for SQL Server 2017. The file C:\WINDOWS\system32\msvcr120.dll is being used by the following process: Name: WmiPrvSE , Id 15140."
Information,7/18/2018 1:36:32 PM,MsiInstaller,1025,None,"Product: Microsoft System CLR Types for SQL Server 2017. The file C:\WINDOWS\system32\msvcr120.dll is being used by the following process: Name: CmRcService , Id 13272."
Information,7/18/2018 1:36:32 PM,MsiInstaller,1025,None,"Product: Microsoft System CLR Types for SQL Server 2017. The file C:\WINDOWS\system32\msvcr120.dll is being used by the following process: Name: CcmExec , Id 12544."
Information,7/18/2018 1:36:32 PM,MsiInstaller,1025,None,"Product: Microsoft System CLR Types for SQL Server 2017. The file C:\WINDOWS\system32\msvcr120.dll is being used by the following process: Name: WmiPrvSE , Id 7308."
Information,7/18/2018 1:36:32 PM,MsiInstaller,1025,None,"Product: Microsoft System CLR Types for SQL Server 2017. The file C:\WINDOWS\system32\msvcp120.dll is being used by the following process: Name: mozyprostat , Id 3636."
Information,7/18/2018 1:36:32 PM,MsiInstaller,1025,None,"Product: Microsoft System CLR Types for SQL Server 2017. The file C:\WINDOWS\system32\msvcp120.dll is being used by the following process: Name: explorer , Id 27804."
Information,7/18/2018 1:36:32 PM,MsiInstaller,1025,None,"Product: Microsoft System CLR Types for SQL Server 2017. The file C:\WINDOWS\system32\msvcp120.dll is being used by the following process: Name: mozyprobackup , Id 7020."
Information,7/18/2018 1:36:32 PM,MsiInstaller,1025,None,"Product: Microsoft System CLR Types for SQL Server 2017. The file C:\WINDOWS\system32\msvcp120.dll is being used by the following process: Name: WmiPrvSE , Id 19704."
Information,7/18/2018 1:36:32 PM,MsiInstaller,1025,None,"Product: Microsoft System CLR Types for SQL Server 2017. The file C:\WINDOWS\system32\msvcp120.dll is being used by the following process: Name: mozyprobackup , Id 6184."
Information,7/18/2018 1:36:32 PM,MsiInstaller,1025,None,"Product: Microsoft System CLR Types for SQL Server 2017. The file C:\WINDOWS\system32\msvcp120.dll is being used by the following process: Name: WmiPrvSE , Id 15140."
Information,7/18/2018 1:36:32 PM,MsiInstaller,1025,None,"Product: Microsoft System CLR Types for SQL Server 2017. The file C:\WINDOWS\system32\msvcp120.dll is being used by the following process: Name: CcmExec , Id 12544."
Information,7/18/2018 1:36:32 PM,MsiInstaller,1025,None,"Product: Microsoft System CLR Types for SQL Server 2017. The file C:\WINDOWS\system32\msvcp120.dll is being used by the following process: Name: WmiPrvSE , Id 7308."
Information,7/18/2018 1:35:05 PM,Microsoft-Windows-RestartManager,10005,None,Machine restart is required.
Warning,7/18/2018 1:35:05 PM,Microsoft-Windows-RestartManager,10010,None,Application 'C:\Program Files\MozyPro\mozyprobackup.exe' (pid 7020) cannot be restarted - Application SID does not match Conductor SID..
Information,7/18/2018 1:35:05 PM,Microsoft-Windows-RestartManager,10000,None,Starting session 10 - ‎2018‎-‎07‎-‎18T19:35:05.656056900Z.
Information,7/18/2018 1:35:05 PM,Microsoft-Windows-RestartManager,10005,None,Machine restart is required.
Warning,7/18/2018 1:35:05 PM,Microsoft-Windows-RestartManager,10010,None,Application 'C:\Program Files\MozyPro\mozyprostat.exe' (pid 3636) cannot be restarted - Application SID does not match Conductor SID..
Warning,7/18/2018 1:35:05 PM,Microsoft-Windows-RestartManager,10010,None,Application 'C:\Windows\explorer.exe' (pid 27804) cannot be restarted - Application SID does not match Conductor SID..
Information,7/18/2018 1:35:03 PM,Microsoft-Windows-RestartManager,10000,None,Starting session 0 - ‎2018‎-‎07‎-‎18T19:35:03.730772400Z.
Information,7/18/2018 1:35:02 PM,Microsoft-Windows-RestartManager,10001,None,Ending session 10 started ‎2018‎-‎07‎-‎18T19:33:28.612262800Z.
Information,7/18/2018 1:35:02 PM,Microsoft-Windows-RestartManager,10001,None,Ending session 0 started ‎2018‎-‎07‎-‎18T19:33:26.812058800Z.
Information,7/18/2018 1:35:03 PM,MsiInstaller,1040,None,"Beginning a Windows Installer transaction: C:\ProgramData\Microsoft\VisualStudio\Packages\sqlsysclrtypes,version=15.1.61804.210,chip=x64,language=en-US\SQLSysClrTypes.msi. Client Process Id: 3084."
Information,7/18/2018 1:35:02 PM,MsiInstaller,1042,None,"Ending a Windows Installer transaction: C:\ProgramData\Microsoft\VisualStudio\Packages\sqlsysclrtypes,version=15.1.61804.210,chip=x86,language=en-US\SQLSysClrTypes.msi. Client Process Id: 3084."
Information,7/18/2018 1:35:02 PM,MsiInstaller,1029,None,Product: Microsoft System CLR Types for SQL Server 2017. Restart required. The installation or update for the product required a restart for all changes to take effect.  The restart was deferred to a later time.
Information,7/18/2018 1:35:02 PM,MsiInstaller,1038,None,Windows Installer requires a system restart. Product Name: Microsoft System CLR Types for SQL Server 2017. Product Version: 14.0.3006.16. Product Language: 1033. Manufacturer: Microsoft Corporation. Type of System Restart: 2. Reason for Restart: 1.
Information,7/18/2018 1:35:02 PM,MsiInstaller,1033,None,Windows Installer installed the product. Product Name: Microsoft System CLR Types for SQL Server 2017. Product Version: 14.0.3006.16. Product Language: 1033. Manufacturer: Microsoft Corporation. Installation success or error status: 0.
Information,7/18/2018 1:35:02 PM,MsiInstaller,11707,None,Product: Microsoft System CLR Types for SQL Server 2017 -- Installation completed successfully.
Information,7/18/2018 1:35:02 PM,Microsoft-Windows-RestartManager,10001,None,Ending session 0 started ‎2018‎-‎07‎-‎18T19:35:02.244755300Z.
Information,7/18/2018 1:35:02 PM,Microsoft-Windows-RestartManager,10005,None,Machine restart is required.
Warning,7/18/2018 1:35:02 PM,Microsoft-Windows-RestartManager,10010,None,Application 'C:\Program Files (x86)\Microsoft Office\Office15\OUTLOOK.EXE' (pid 22652) cannot be restarted - Application SID does not match Conductor SID..
Information,7/18/2018 1:35:02 PM,Microsoft-Windows-RestartManager,10000,None,Starting session 0 - ‎2018‎-‎07‎-‎18T19:35:02.244755300Z.
Information,7/18/2018 1:35:02 PM,Microsoft-Windows-RestartManager,10001,None,Ending session 0 started ‎2018‎-‎07‎-‎18T19:35:02.052622600Z.
Information,7/18/2018 1:35:02 PM,Microsoft-Windows-RestartManager,10005,None,Machine restart is required.
Warning,7/18/2018 1:35:02 PM,Microsoft-Windows-RestartManager,10010,None,Application 'C:\Program Files (x86)\Microsoft Office\Office15\OUTLOOK.EXE' (pid 22652) cannot be restarted - Application SID does not match Conductor SID..
Information,7/18/2018 1:35:02 PM,Microsoft-Windows-RestartManager,10000,None,Starting session 0 - ‎2018‎-‎07‎-‎18T19:35:02.052622600Z.
Information,7/18/2018 1:35:02 PM,Microsoft-Windows-RestartManager,10001,None,Ending session 0 started ‎2018‎-‎07‎-‎18T19:35:01.912527500Z.
Information,7/18/2018 1:35:02 PM,Microsoft-Windows-RestartManager,10005,None,Machine restart is required.
Warning,7/18/2018 1:35:01 PM,Microsoft-Windows-RestartManager,10010,None,Application 'C:\Program Files (x86)\Microsoft Office\Office15\OUTLOOK.EXE' (pid 22652) cannot be restarted - Application SID does not match Conductor SID..
Information,7/18/2018 1:35:01 PM,Microsoft-Windows-RestartManager,10000,None,Starting session 0 - ‎2018‎-‎07‎-‎18T19:35:01.912527500Z.
Information,7/18/2018 1:35:01 PM,Microsoft-Windows-RestartManager,10001,None,Ending session 0 started ‎2018‎-‎07‎-‎18T19:35:01.752417900Z.
Information,7/18/2018 1:35:01 PM,Microsoft-Windows-RestartManager,10005,None,Machine restart is required.
Warning,7/18/2018 1:35:01 PM,Microsoft-Windows-RestartManager,10010,None,Application 'C:\Program Files (x86)\Microsoft Office\Office15\OUTLOOK.EXE' (pid 22652) cannot be restarted - Application SID does not match Conductor SID..
Information,7/18/2018 1:35:01 PM,Microsoft-Windows-RestartManager,10000,None,Starting session 0 - ‎2018‎-‎07‎-‎18T19:35:01.752417900Z.
Information,7/18/2018 1:35:01 PM,Microsoft-Windows-RestartManager,10001,None,Ending session 0 started ‎2018‎-‎07‎-‎18T19:35:01.564289200Z.
Information,7/18/2018 1:35:01 PM,Microsoft-Windows-RestartManager,10005,None,Machine restart is required.
Warning,7/18/2018 1:35:01 PM,Microsoft-Windows-RestartManager,10010,None,Application 'C:\Program Files (x86)\Microsoft Office\Office15\OUTLOOK.EXE' (pid 22652) cannot be restarted - Application SID does not match Conductor SID..
Information,7/18/2018 1:35:01 PM,Microsoft-Windows-RestartManager,10000,None,Starting session 0 - ‎2018‎-‎07‎-‎18T19:35:01.564289200Z.
Information,7/18/2018 1:35:01 PM,Microsoft-Windows-RestartManager,10001,None,Ending session 0 started ‎2018‎-‎07‎-‎18T19:35:01.394172400Z.
Information,7/18/2018 1:35:01 PM,Microsoft-Windows-RestartManager,10005,None,Machine restart is required.
Warning,7/18/2018 1:35:01 PM,Microsoft-Windows-RestartManager,10010,None,Application 'C:\Program Files (x86)\Microsoft Office\Office15\OUTLOOK.EXE' (pid 22652) cannot be restarted - Application SID does not match Conductor SID..
Information,7/18/2018 1:35:01 PM,Microsoft-Windows-RestartManager,10000,None,Starting session 0 - ‎2018‎-‎07‎-‎18T19:35:01.394172400Z.
Information,7/18/2018 1:35:01 PM,Microsoft-Windows-RestartManager,10001,None,Ending session 0 started ‎2018‎-‎07‎-‎18T19:35:01.162013500Z.
Information,7/18/2018 1:35:01 PM,Microsoft-Windows-RestartManager,10005,None,Machine restart is required.
Warning,7/18/2018 1:35:01 PM,Microsoft-Windows-RestartManager,10010,None,Application 'C:\Program Files (x86)\Microsoft Office\Office15\OUTLOOK.EXE' (pid 22652) cannot be restarted - Application SID does not match Conductor SID..
Information,7/18/2018 1:35:01 PM,Microsoft-Windows-RestartManager,10000,None,Starting session 0 - ‎2018‎-‎07‎-‎18T19:35:01.162013500Z.
Information,7/18/2018 1:35:01 PM,Microsoft-Windows-RestartManager,10001,None,Ending session 0 started ‎2018‎-‎07‎-‎18T19:35:00.964878500Z.
Information,7/18/2018 1:35:01 PM,Microsoft-Windows-RestartManager,10005,None,Machine restart is required.
Warning,7/18/2018 1:35:01 PM,Microsoft-Windows-RestartManager,10010,None,Application 'C:\Program Files (x86)\Microsoft Office\Office15\OUTLOOK.EXE' (pid 22652) cannot be restarted - Application SID does not match Conductor SID..
Information,7/18/2018 1:35:00 PM,Microsoft-Windows-RestartManager,10000,None,Starting session 0 - ‎2018‎-‎07‎-‎18T19:35:00.964878500Z.
Information,7/18/2018 1:35:00 PM,Microsoft-Windows-RestartManager,10001,None,Ending session 0 started ‎2018‎-‎07‎-‎18T19:35:00.767744400Z.
Information,7/18/2018 1:35:00 PM,Microsoft-Windows-RestartManager,10005,None,Machine restart is required.
Warning,7/18/2018 1:35:00 PM,Microsoft-Windows-RestartManager,10010,None,Application 'C:\Program Files (x86)\Microsoft Office\Office15\OUTLOOK.EXE' (pid 22652) cannot be restarted - Application SID does not match Conductor SID..
Information,7/18/2018 1:35:00 PM,Microsoft-Windows-RestartManager,10000,None,Starting session 0 - ‎2018‎-‎07‎-‎18T19:35:00.767744400Z.
Information,7/18/2018 1:35:00 PM,Microsoft-Windows-RestartManager,10001,None,Ending session 0 started ‎2018‎-‎07‎-‎18T19:35:00.564605000Z.
Information,7/18/2018 1:35:00 PM,Microsoft-Windows-RestartManager,10005,None,Machine restart is required.
Warning,7/18/2018 1:35:00 PM,Microsoft-Windows-RestartManager,10010,None,Application 'C:\Program Files (x86)\Microsoft Office\Office15\OUTLOOK.EXE' (pid 22652) cannot be restarted - Application SID does not match Conductor SID..
Information,7/18/2018 1:35:00 PM,Microsoft-Windows-RestartManager,10000,None,Starting session 0 - ‎2018‎-‎07‎-‎18T19:35:00.564605000Z.
Information,7/18/2018 1:35:00 PM,Microsoft-Windows-RestartManager,10001,None,Ending session 0 started ‎2018‎-‎07‎-‎18T19:35:00.389485500Z.
Information,7/18/2018 1:35:00 PM,Microsoft-Windows-RestartManager,10005,None,Machine restart is required.
Warning,7/18/2018 1:35:00 PM,Microsoft-Windows-RestartManager,10010,None,Application 'C:\Program Files (x86)\Microsoft Office\Office15\OUTLOOK.EXE' (pid 22652) cannot be restarted - Application SID does not match Conductor SID..
Information,7/18/2018 1:35:00 PM,Microsoft-Windows-RestartManager,10000,None,Starting session 0 - ‎2018‎-‎07‎-‎18T19:35:00.389485500Z.
Information,7/18/2018 1:34:59 PM,MsiInstaller,1025,None,"Product: Microsoft System CLR Types for SQL Server 2017. The file C:\WINDOWS\SysWOW64\msvcr120.dll is being used by the following process: Name: mozyprostat , Id 3636."
Information,7/18/2018 1:34:59 PM,MsiInstaller,1025,None,"Product: Microsoft System CLR Types for SQL Server 2017. The file C:\WINDOWS\SysWOW64\msvcr120.dll is being used by the following process: Name: explorer , Id 27804."
Information,7/18/2018 1:34:59 PM,MsiInstaller,1025,None,"Product: Microsoft System CLR Types for SQL Server 2017. The file C:\WINDOWS\SysWOW64\msvcr120.dll is being used by the following process: Name: mozyprobackup , Id 7020."
Information,7/18/2018 1:34:59 PM,MsiInstaller,1025,None,"Product: Microsoft System CLR Types for SQL Server 2017. The file C:\WINDOWS\SysWOW64\msvcr120.dll is being used by the following process: Name: WmiPrvSE , Id 19704."
Information,7/18/2018 1:34:59 PM,MsiInstaller,1025,None,"Product: Microsoft System CLR Types for SQL Server 2017. The file C:\WINDOWS\SysWOW64\msvcr120.dll is being used by the following process: Name: mozyprobackup , Id 6184."
Information,7/18/2018 1:34:59 PM,MsiInstaller,1025,None,"Product: Microsoft System CLR Types for SQL Server 2017. The file C:\WINDOWS\SysWOW64\msvcr120.dll is being used by the following process: Name: WmiPrvSE , Id 15140."
Information,7/18/2018 1:34:59 PM,MsiInstaller,1025,None,"Product: Microsoft System CLR Types for SQL Server 2017. The file C:\WINDOWS\SysWOW64\msvcr120.dll is being used by the following process: Name: CmRcService , Id 13272."
Information,7/18/2018 1:34:59 PM,MsiInstaller,1025,None,"Product: Microsoft System CLR Types for SQL Server 2017. The file C:\WINDOWS\SysWOW64\msvcr120.dll is being used by the following process: Name: CcmExec , Id 12544."
Information,7/18/2018 1:34:59 PM,MsiInstaller,1025,None,"Product: Microsoft System CLR Types for SQL Server 2017. The file C:\WINDOWS\SysWOW64\msvcr120.dll is being used by the following process: Name: WmiPrvSE , Id 7308."
Information,7/18/2018 1:33:28 PM,Microsoft-Windows-RestartManager,10000,None,Starting session 10 - ‎2018‎-‎07‎-‎18T19:33:28.612262800Z.
Information,7/18/2018 1:33:28 PM,Microsoft-Windows-RestartManager,10005,None,Machine restart is required.
Warning,7/18/2018 1:33:28 PM,Microsoft-Windows-RestartManager,10010,None,Application 'C:\Program Files (x86)\Microsoft Office\Office15\OUTLOOK.EXE' (pid 22652) cannot be restarted - Application SID does not match Conductor SID..
Information,7/18/2018 1:33:26 PM,Microsoft-Windows-RestartManager,10000,None,Starting session 0 - ‎2018‎-‎07‎-‎18T19:33:26.812058800Z.
Information,7/18/2018 1:33:26 PM,MsiInstaller,1040,None,"Beginning a Windows Installer transaction: C:\ProgramData\Microsoft\VisualStudio\Packages\sqlsysclrtypes,version=15.1.61804.210,chip=x86,language=en-US\SQLSysClrTypes.msi. Client Process Id: 3084."
Information,7/18/2018 1:29:40 PM,Microsoft-Windows-RestartManager,10001,None,Ending session 0 started ‎2018‎-‎07‎-‎18T19:29:35.386388900Z.
Information,7/18/2018 1:29:40 PM,MsiInstaller,1042,None,"Ending a Windows Installer transaction: C:\ProgramData\Microsoft\VisualStudio\Packages\Microsoft.VisualStudio.Debugger.Script.Msi,version=15.7.27520.0,chip=x64\scriptdebugging_x64.msi. Client Process Id: 3084."
Information,7/18/2018 1:29:39 PM,MsiInstaller,1033,None,Windows Installer installed the product. Product Name: VS Script Debugging Common. Product Version: 16.0.94.0. Product Language: 1033. Manufacturer: Microsoft Corporation. Installation success or error status: 0.
Information,7/18/2018 1:29:39 PM,MsiInstaller,11707,None,Product: VS Script Debugging Common -- Installation completed successfully.
Information,7/18/2018 1:29:35 PM,Microsoft-Windows-RestartManager,10000,None,Starting session 0 - ‎2018‎-‎07‎-‎18T19:29:35.386388900Z.
Information,7/18/2018 1:29:34 PM,MsiInstaller,1040,None,"Beginning a Windows Installer transaction: C:\ProgramData\Microsoft\VisualStudio\Packages\Microsoft.VisualStudio.Debugger.Script.Msi,version=15.7.27520.0,chip=x64\scriptdebugging_x64.msi. Client Process Id: 3084."
Information,7/18/2018 1:29:27 PM,Microsoft-Windows-RestartManager,10001,None,Ending session 0 started ‎2018‎-‎07‎-‎18T19:29:21.999374200Z.
Information,7/18/2018 1:29:27 PM,MsiInstaller,1042,None,"Ending a Windows Installer transaction: C:\ProgramData\Microsoft\VisualStudio\Packages\Microsoft.VisualStudio.TypeScript.Sdk.2.8,version=2.8.80515.1\TypeScript_SDK.msi. Client Process Id: 3084."
Information,7/18/2018 1:29:27 PM,MsiInstaller,1033,None,Windows Installer installed the product. Product Name: TypeScript SDK. Product Version: 2.8.4.0. Product Language: 1033. Manufacturer: Microsoft Corporation. Installation success or error status: 0.
Information,7/18/2018 1:29:27 PM,MsiInstaller,11707,None,Product: TypeScript SDK -- Installation completed successfully.
Information,7/18/2018 1:29:22 PM,Microsoft-Windows-RestartManager,10000,None,Starting session 0 - ‎2018‎-‎07‎-‎18T19:29:21.999374200Z.
Information,7/18/2018 1:29:21 PM,MsiInstaller,1040,None,"Beginning a Windows Installer transaction: C:\ProgramData\Microsoft\VisualStudio\Packages\Microsoft.VisualStudio.TypeScript.Sdk.2.8,version=2.8.80515.1\TypeScript_SDK.msi. Client Process Id: 3084."
Information,7/18/2018 1:28:48 PM,Microsoft-Windows-RestartManager,10001,None,Ending session 0 started ‎2018‎-‎07‎-‎18T19:28:31.401748000Z.
Information,7/18/2018 1:28:49 PM,MsiInstaller,1042,None,"Ending a Windows Installer transaction: C:\ProgramData\Microsoft\VisualStudio\Packages\Microsoft.Net.4.6.1.SDK,version=4.6.1055.1\sdk_tools461.msi. Client Process Id: 3084."
Information,7/18/2018 1:28:48 PM,MsiInstaller,1033,None,Windows Installer installed the product. Product Name: Microsoft .NET Framework 4.6.1 SDK. Product Version: 4.6.01055. Product Language: 1033. Manufacturer: Microsoft Corporation. Installation success or error status: 0.
Information,7/18/2018 1:28:48 PM,MsiInstaller,11707,None,Product: Microsoft .NET Framework 4.6.1 SDK -- Installation completed successfully.
Information,7/18/2018 1:28:31 PM,Microsoft-Windows-RestartManager,10000,None,Starting session 0 - ‎2018‎-‎07‎-‎18T19:28:31.401748000Z.
Information,7/18/2018 1:28:31 PM,MsiInstaller,1040,None,"Beginning a Windows Installer transaction: C:\ProgramData\Microsoft\VisualStudio\Packages\Microsoft.Net.4.6.1.SDK,version=4.6.1055.1\sdk_tools461.msi. Client Process Id: 3084."
Information,7/18/2018 1:28:05 PM,Microsoft-Windows-RestartManager,10001,None,Ending session 0 started ‎2018‎-‎07‎-‎18T19:27:17.377694300Z.
Information,7/18/2018 1:28:05 PM,MsiInstaller,1042,None,"Ending a Windows Installer transaction: C:\ProgramData\Microsoft\VisualStudio\Packages\Microsoft.VisualStudio.TestTools.TestPlatform.LocalFeed.msi,version=15.7.0.1550004\Microsoft.VisualStudio.TestTools.TestPlatform.LocalFeed.msi. Client Process Id: 3084."
Information,7/18/2018 1:28:05 PM,MsiInstaller,1033,None,Windows Installer installed the product. Product Name: Microsoft TestPlatform SDK Local Feed. Product Version: 15.7.0.1550004. Product Language: 1033. Manufacturer: Microsoft. Installation success or error status: 0.
Information,7/18/2018 1:28:05 PM,MsiInstaller,11707,None,Product: Microsoft TestPlatform SDK Local Feed -- Installation completed successfully.
Information,7/18/2018 1:27:17 PM,Microsoft-Windows-RestartManager,10000,None,Starting session 0 - ‎2018‎-‎07‎-‎18T19:27:17.377694300Z.
Information,7/18/2018 1:27:13 PM,MsiInstaller,1040,None,"Beginning a Windows Installer transaction: C:\ProgramData\Microsoft\VisualStudio\Packages\Microsoft.VisualStudio.TestTools.TestPlatform.LocalFeed.msi,version=15.7.0.1550004\Microsoft.VisualStudio.TestTools.TestPlatform.LocalFeed.msi. Client Process Id: 3084."
Information,7/18/2018 1:26:42 PM,Microsoft-Windows-RestartManager,10001,None,Ending session 0 started ‎2018‎-‎07‎-‎18T19:25:54.745356200Z.
