Information,7/18/2018 2:35:45 PM,SynTPEnhService,0,None,"The description for Event ID 0 from source SynTPEnhService cannot be found. Either the component that raises this event is not installed on your local computer or the installation is corrupted. You can install or repair the component on the local computer.

If the event originated on another computer, the display information had to be saved with the event.

The following information was included with the event: 

SynTPEnhService
CEnhanceCallerService::Update: SessionID: 11
"
Information,7/18/2018 2:35:45 PM,SynTPEnhService,0,None,"The description for Event ID 0 from source SynTPEnhService cannot be found. Either the component that raises this event is not installed on your local computer or the installation is corrupted. You can install or repair the component on the local computer.

If the event originated on another computer, the display information had to be saved with the event.

The following information was included with the event: 

SynTPEnhService
CEnhanceCallerService::Update: Message1: 26, Message2:28
"
Information,7/18/2018 2:35:43 PM,SynTPEnhService,0,None,"The description for Event ID 0 from source SynTPEnhService cannot be found. Either the component that raises this event is not installed on your local computer or the installation is corrupted. You can install or repair the component on the local computer.

If the event originated on another computer, the display information had to be saved with the event.

The following information was included with the event: 

SynTPEnhService
Log on New Session:11 Launch Enh
"
Information,7/18/2018 2:35:43 PM,SynTPEnhService,0,None,"The description for Event ID 0 from source SynTPEnhService cannot be found. Either the component that raises this event is not installed on your local computer or the installation is corrupted. You can install or repair the component on the local computer.

If the event originated on another computer, the display information had to be saved with the event.

The following information was included with the event: 

SynTPEnhService
Session Changed User Log on
"
Information,7/18/2018 2:35:42 PM,Avecto Defendpoint Service,300,None,"Detected user logon.								  Logon Session ID: 41edf7ea-75c4-440b-9a6e-70eee2255a30 Administrator: true Power User: false Workstyle: Privilege Guard.Elevated Admin Workstyle Description: <None> Workstyle ID: 75621e41-e103-4e6b-8bc3-e87962b03ff7 User SID: S-1-5-21-1223559079-994587851-4263662072-43138 User Name: mliu User Domain SID: S-1-5-21-1223559079-994587851-4263662072 User Domain Name: CORP User Domain Name NetBIOS: CORP Host SID: S-1-5-21-1223559079-994587851-4263662072-125936 Host Name: 45212MLIU-7 Host Name NetBIOS: 45212MLIU-7 Host Domain SID: S-1-5-21-1223559079-994587851-4263662072 Host Domain Name: corp.premierinc.com Host Domain Name NetBIOS: CORP Event ID: 83a0fb05-f7a3-4900-bd1f-8ad5924ffb1a Logon Time: 131764197423871159 UI Language: 1033 Locale: 1033 Time Zone: Mountain Standard Time (+420) Terminal Session ID: 11 IP4 Addresses: 169.254.207.82,127.0.0.1,192.168.163.1,192.168.26.1,206.71.92.121"
Information,7/18/2018 2:35:42 PM,igfxCUIService1.0.0.0,0,None,"The description for Event ID 0 from source igfxCUIService1.0.0.0 cannot be found. Either the component that raises this event is not installed on your local computer or the installation is corrupted. You can install or repair the component on the local computer.

If the event originated on another computer, the display information had to be saved with the event.

The following information was included with the event: 

Logon: 11

"
Information,7/18/2018 2:35:42 PM,igfxCUIService1.0.0.0,0,None,"The description for Event ID 0 from source igfxCUIService1.0.0.0 cannot be found. Either the component that raises this event is not installed on your local computer or the installation is corrupted. You can install or repair the component on the local computer.

If the event originated on another computer, the display information had to be saved with the event.

The following information was included with the event: 

Log on event received User1

"
Information,7/18/2018 2:35:32 PM,Microsoft-Windows-Security-SPP,12288,None,"The client has sent an activation request to the key management service machine.
Info:
0xC0020017, 0x00000000, vmw8su_c_001.corp.premierinc.com:1688, 98e315f1-2e03-4cfa-b026-ef79751044b4, 2018/07/18 20:34, 1, 1, 188548, 73111121-5638-40f6-bc11-f1d7b0d64300, 25"
Information,7/18/2018 2:35:31 PM,Microsoft-Windows-Security-SPP,12288,None,"The client has sent an activation request to the key management service machine.
Info:
0x8007000D, 0x00000000, c3pigpsdsh2.corp.premierinc.com:1688, 98e315f1-2e03-4cfa-b026-ef79751044b4, 2018/07/18 20:34, 1, 1, 188548, 73111121-5638-40f6-bc11-f1d7b0d64300, 25"
Information,7/18/2018 2:35:31 PM,Microsoft-Windows-Security-SPP,12288,None,"The client has sent an activation request to the key management service machine.
Info:
0xC004F042, 0x00000000, c3piadmin1.corp.premierinc.com:1688, 98e315f1-2e03-4cfa-b026-ef79751044b4, 2018/07/18 20:34, 1, 1, 188548, 73111121-5638-40f6-bc11-f1d7b0d64300, 25"
Information,7/18/2018 2:35:30 PM,Microsoft-Windows-Security-SPP,12288,None,"The client has sent an activation request to the key management service machine.
Info:
0xC0020017, 0x00000000, 46532csapp-w8.corp.premierinc.com:1688, 98e315f1-2e03-4cfa-b026-ef79751044b4, 2018/07/18 20:34, 1, 1, 188548, 73111121-5638-40f6-bc11-f1d7b0d64300, 25"
Information,7/18/2018 2:35:30 PM,Microsoft-Windows-Security-SPP,12288,None,"The client has sent an activation request to the key management service machine.
Info:
0x80072AF9, 0x00000000, vmw8su_c_01.corp.premierinc.com:1688, 98e315f1-2e03-4cfa-b026-ef79751044b4, 2018/07/18 20:34, 1, 1, 188548, 73111121-5638-40f6-bc11-f1d7b0d64300, 25"
Information,7/18/2018 2:35:30 PM,Microsoft-Windows-Security-SPP,12288,None,"The client has sent an activation request to the key management service machine.
Info:
0x80072AF9, 0x00000000, vmw7x64off10v11.corp.premierinc.com:1688, 98e315f1-2e03-4cfa-b026-ef79751044b4, 2018/07/18 20:34, 1, 1, 188548, 73111121-5638-40f6-bc11-f1d7b0d64300, 25"
Information,7/18/2018 2:35:30 PM,Microsoft-Windows-Security-SPP,12288,None,"The client has sent an activation request to the key management service machine.
Info:
0xC0020017, 0x00000000, 46500rkissick-8.corp.premierinc.com:1688, 98e315f1-2e03-4cfa-b026-ef79751044b4, 2018/07/18 20:34, 1, 1, 188548, 73111121-5638-40f6-bc11-f1d7b0d64300, 25"
Information,7/18/2018 2:35:09 PM,Microsoft-Windows-Security-SPP,12288,None,"The client has sent an activation request to the key management service machine.
Info:
0x80072AF9, 0x00000000, vmw7x64off10v11.corp.premierinc.com:1688, 98e315f1-2e03-4cfa-b026-ef79751044b4, 2018/07/18 20:34, 1, 1, 188548, 73111121-5638-40f6-bc11-f1d7b0d64300, 25"
Information,7/18/2018 2:35:09 PM,Microsoft-Windows-Security-SPP,12288,None,"The client has sent an activation request to the key management service machine.
Info:
0xC0020017, 0x00000000, 46499fmahoney-8.corp.premierinc.com:1688, 98e315f1-2e03-4cfa-b026-ef79751044b4, 2018/07/18 20:34, 1, 1, 188548, 73111121-5638-40f6-bc11-f1d7b0d64300, 25"
Information,7/18/2018 2:35:09 PM,Microsoft-Windows-Security-SPP,12288,None,"The client has sent an activation request to the key management service machine.
Info:
0xC0020017, 0x00000000, 46532csapp-w8.corp.premierinc.com:1688, 98e315f1-2e03-4cfa-b026-ef79751044b4, 2018/07/18 20:34, 1, 1, 188548, 73111121-5638-40f6-bc11-f1d7b0d64300, 25"
Information,7/18/2018 2:34:48 PM,Microsoft-Windows-Security-SPP,12288,None,"The client has sent an activation request to the key management service machine.
Info:
0xC004F042, 0x00000000, c2pieposcan2.corp.premierinc.com:1688, 98e315f1-2e03-4cfa-b026-ef79751044b4, 2018/07/18 20:34, 1, 1, 188548, 73111121-5638-40f6-bc11-f1d7b0d64300, 25"
Information,7/18/2018 2:34:48 PM,Microsoft-Windows-Security-SPP,12288,None,"The client has sent an activation request to the key management service machine.
Info:
0x80072AF9, 0x00000000, vmw8su_c_01.corp.premierinc.com:1688, 98e315f1-2e03-4cfa-b026-ef79751044b4, 2018/07/18 20:34, 1, 1, 188548, 73111121-5638-40f6-bc11-f1d7b0d64300, 25"
Information,7/18/2018 2:34:48 PM,Microsoft-Windows-Security-SPP,12288,None,"The client has sent an activation request to the key management service machine.
Info:
0xC0020017, 0x00000000, 46534nsmith2-8.corp.premierinc.com:1688, 98e315f1-2e03-4cfa-b026-ef79751044b4, 2018/07/18 20:34, 1, 1, 188548, 73111121-5638-40f6-bc11-f1d7b0d64300, 25"
Information,7/18/2018 2:34:48 PM,Microsoft-Windows-Security-SPP,12288,None,"The client has sent an activation request to the key management service machine.
Info:
0xC0020017, 0x00000000, 46497alewis1-w8.corp.premierinc.com:1688, 98e315f1-2e03-4cfa-b026-ef79751044b4, 2018/07/18 20:34, 1, 1, 188548, 73111121-5638-40f6-bc11-f1d7b0d64300, 25"
Information,7/18/2018 2:34:27 PM,Microsoft-Windows-Security-SPP,12288,None,"The client has sent an activation request to the key management service machine.
Info:
0xC0020017, 0x00000000, 46533dokelley-8.corp.premierinc.com:1688, 98e315f1-2e03-4cfa-b026-ef79751044b4, 2018/07/18 20:34, 1, 1, 188548, 73111121-5638-40f6-bc11-f1d7b0d64300, 25"
Information,7/18/2018 2:34:27 PM,Microsoft-Windows-Security-SPP,12288,None,"The client has sent an activation request to the key management service machine.
Info:
0xC0020017, 0x00000000, 46497alewis1-w8.corp.premierinc.com:1688, 98e315f1-2e03-4cfa-b026-ef79751044b4, 2018/07/18 20:34, 1, 1, 188548, 73111121-5638-40f6-bc11-f1d7b0d64300, 25"
Information,7/18/2018 2:34:06 PM,Microsoft-Windows-Security-SPP,12288,None,"The client has sent an activation request to the key management service machine.
Info:
0xC0020017, 0x00000000, vmw8su_c_001.corp.premierinc.com:1688, 98e315f1-2e03-4cfa-b026-ef79751044b4, 2018/07/18 20:34, 1, 1, 188548, 73111121-5638-40f6-bc11-f1d7b0d64300, 25"
Information,7/18/2018 2:34:05 PM,Microsoft-Windows-Security-SPP,8230,None,"The rules engine successfully re-evaluated the schedule.
Kernel policies:
Security-SPP-Action-StateData (REG_SZ) =AppId=55c92734-d682-4d71-983e-d6ec3f16059f;GraceEndDate=2018/11/26:19:02:05;LastConsumptionReason=0x00000000;LastNotificationId=VolumeRenewalRequired;LicenseState=SL_LICENSING_STATUS_LICENSED;PartialProductKey=2YT43;ProductKeyType=Volume:GVLK;SkuId=73111121-5638-40f6-bc11-f1d7b0d64300;ruleId=502ff3ba-669a-4674-bbb1-601f34a3b968;uxDifferentiator=ENVIRONMENT;volumeActivationOrder=normal"
Information,7/18/2018 2:34:05 PM,Microsoft-Windows-Security-SPP,12288,None,"The client has sent an activation request to the key management service machine.
Info:
0xC004F042, 0x00000000, c3pimdt1.corp.premierinc.com:1688, 98e315f1-2e03-4cfa-b026-ef79751044b4, 2018/07/18 20:34, 1, 1, 188548, 73111121-5638-40f6-bc11-f1d7b0d64300, 25"
Information,7/18/2018 2:34:04 PM,Microsoft-Windows-Security-SPP,12288,None,"The client has sent an activation request to the key management service machine.
Info:
0x80072AF9, 0x00000000, vmw8redstone01.corp.premierinc.com:1688, 98e315f1-2e03-4cfa-b026-ef79751044b4, 2018/07/18 20:34, 1, 1, 188548, 73111121-5638-40f6-bc11-f1d7b0d64300, 25"
Information,7/18/2018 2:34:03 PM,Microsoft-Windows-Security-SPP,8230,None,"The rules engine successfully re-evaluated the schedule.
Kernel policies:
Security-SPP-Action-StateData (REG_SZ) =AppId=55c92734-d682-4d71-983e-d6ec3f16059f;GraceEndDate=2018/11/26:19:02:02;LastConsumptionReason=0x00000000;LastNotificationId=VolumeRenewalRequired;LicenseState=SL_LICENSING_STATUS_LICENSED;PartialProductKey=2YT43;ProductKeyType=Volume:GVLK;SkuId=73111121-5638-40f6-bc11-f1d7b0d64300;ruleId=502ff3ba-669a-4674-bbb1-601f34a3b968;uxDifferentiator=ENVIRONMENT;volumeActivationOrder=normal"
Information,7/18/2018 2:34:01 PM,Microsoft-Windows-Security-SPP,1040,None,"Hardware has changed from previous boot.
 AppId=0ff1ce15-a989-479d-af46-f275c6370663, SkuId=e13ac10e-75d0-4aff-a0cd-764982cf541c."
Information,7/18/2018 2:34:01 PM,Microsoft-Windows-Security-SPP,1040,None,"Hardware has changed from previous boot.
 AppId=0ff1ce15-a989-479d-af46-f275c6370663, SkuId=b322da9c-a2e2-4058-9e4e-f59a6970bd69."
Information,7/18/2018 2:34:00 PM,Microsoft-Windows-Security-SPP,1040,None,"Hardware has changed from previous boot.
 AppId=0ff1ce15-a989-479d-af46-f275c6370663, SkuId=427a28d1-d17c-4abf-b717-32c780ba6f07."
Information,7/18/2018 2:31:57 PM,Microsoft-Windows-Security-SPP,16384,None,Successfully scheduled Software Protection service for re-start at 2018-07-19T15:22:55Z. Reason: RulesEngine.
Information,7/18/2018 2:31:49 PM,SynTPEnhService,0,None,"The description for Event ID 0 from source SynTPEnhService cannot be found. Either the component that raises this event is not installed on your local computer or the installation is corrupted. You can install or repair the component on the local computer.

If the event originated on another computer, the display information had to be saved with the event.

The following information was included with the event: 

SynTPEnhService
SessionId:10 no longer exist remove it

"
Information,7/18/2018 2:31:44 PM,Microsoft-Windows-User Profiles Service,1530,None,"Windows detected your registry file is still in use by other applications or services. The file will be unloaded now. The applications or services that hold your registry file may not function properly afterwards. No user action is required.  

 DETAIL - 
 4 user registry handles leaked from \Registry\User\S-1-5-21-1223559079-994587851-4263662072-43138_Classes:
Process 17540 (\Device\HarddiskVolume2\Windows\System32\svchost.exe) has opened key \REGISTRY\USER\S-1-5-21-1223559079-994587851-4263662072-43138_Classes
Process 17540 (\Device\HarddiskVolume2\Windows\System32\svchost.exe) has opened key \REGISTRY\USER\S-1-5-21-1223559079-994587851-4263662072-43138_Classes
Process 17540 (\Device\HarddiskVolume2\Windows\System32\svchost.exe) has opened key \REGISTRY\USER\S-1-5-21-1223559079-994587851-4263662072-43138_Classes
Process 3608 (\Device\HarddiskVolume2\Program Files\McAfee\DLP\Agent\fcag.exe) has opened key \REGISTRY\USER\S-1-5-21-1223559079-994587851-4263662072-43138_Classes
"
Information,7/18/2018 2:31:42 PM,SynTPEnhService,0,None,"The description for Event ID 0 from source SynTPEnhService cannot be found. Either the component that raises this event is not installed on your local computer or the installation is corrupted. You can install or repair the component on the local computer.

If the event originated on another computer, the display information had to be saved with the event.

The following information was included with the event: 

SynTPEnhService
Session Changed User Log off
"
Information,7/18/2018 2:31:39 PM,Microsoft-Windows-User Profiles Service,1530,None,"Windows detected your registry file is still in use by other applications or services. The file will be unloaded now. The applications or services that hold your registry file may not function properly afterwards. No user action is required.  

 DETAIL - 
 26 user registry handles leaked from \Registry\User\S-1-5-21-1223559079-994587851-4263662072-43138:
Process 12156 (\Device\HarddiskVolume2\Windows\System32\winlogon.exe) has opened key \REGISTRY\USER\S-1-5-21-1223559079-994587851-4263662072-43138
Process 26044 (\Device\HarddiskVolume2\Program Files (x86)\Zscaler\ZSATray\ZSATray.exe) has opened key \REGISTRY\USER\S-1-5-21-1223559079-994587851-4263662072-43138
Process 740 (\Device\HarddiskVolume2\Windows\System32\svchost.exe) has opened key \REGISTRY\USER\S-1-5-21-1223559079-994587851-4263662072-43138\System\GameConfigStore\Parents
Process 17540 (\Device\HarddiskVolume2\Windows\System32\svchost.exe) has opened key \REGISTRY\USER\S-1-5-21-1223559079-994587851-4263662072-43138\Software\Microsoft\CommsAPHost\Test
Process 17540 (\Device\HarddiskVolume2\Windows\System32\svchost.exe) has opened key \REGISTRY\USER\S-1-5-21-1223559079-994587851-4263662072-43138\Software\Microsoft\CommsAPHost\Test
Process 740 (\Device\HarddiskVolume2\Windows\System32\svchost.exe) has opened key \REGISTRY\USER\S-1-5-21-1223559079-994587851-4263662072-43138\System\GameConfigStore
Process 4092 (\Device\HarddiskVolume2\Windows\System32\svchost.exe) has opened key \REGISTRY\USER\S-1-5-21-1223559079-994587851-4263662072-43138\Software\Policies\Microsoft\Windows\CloudContent
Process 18128 (\Device\HarddiskVolume2\Windows\System32\svchost.exe) has opened key \REGISTRY\USER\S-1-5-21-1223559079-994587851-4263662072-43138\Software\Microsoft\Windows\CurrentVersion\PushNotifications
Process 5156 (\Device\HarddiskVolume2\Windows\System32\svchost.exe) has opened key \REGISTRY\USER\S-1-5-21-1223559079-994587851-4263662072-43138\Software\Microsoft\Windows\CurrentVersion\Uninstall
Process 17540 (\Device\HarddiskVolume2\Windows\System32\svchost.exe) has opened key \REGISTRY\USER\S-1-5-21-1223559079-994587851-4263662072-43138\Software\Microsoft\Windows\CurrentVersion\Explorer
Process 18128 (\Device\HarddiskVolume2\Windows\System32\svchost.exe) has opened key \REGISTRY\USER\S-1-5-21-1223559079-994587851-4263662072-43138\Software\Microsoft\Windows\CurrentVersion\Explorer
Process 4092 (\Device\HarddiskVolume2\Windows\System32\svchost.exe) has opened key \REGISTRY\USER\S-1-5-21-1223559079-994587851-4263662072-43138\Software\Microsoft\Windows\CurrentVersion\Privacy
Process 7316 (\Device\HarddiskVolume2\Windows\System32\wbem\WmiPrvSE.exe) has opened key \REGISTRY\USER\S-1-5-21-1223559079-994587851-4263662072-43138\Software\Xerox\PrinterDriver\V5.0\NamedSettings\UNIV
Process 4092 (\Device\HarddiskVolume2\Windows\System32\svchost.exe) has opened key \REGISTRY\USER\S-1-5-21-1223559079-994587851-4263662072-43138\Software\Policies\Microsoft\Windows\DataCollection
Process 17540 (\Device\HarddiskVolume2\Windows\System32\svchost.exe) has opened key \REGISTRY\USER\S-1-5-21-1223559079-994587851-4263662072-43138\Software\Microsoft\Internet Explorer\Main
Process 18128 (\Device\HarddiskVolume2\Windows\System32\svchost.exe) has opened key \REGISTRY\USER\S-1-5-21-1223559079-994587851-4263662072-43138\Software\Microsoft\Internet Explorer\Main
Process 27448 (\Device\HarddiskVolume2\Windows\System32\svchost.exe) has opened key \REGISTRY\USER\S-1-5-21-1223559079-994587851-4263662072-43138\Software\Microsoft\Internet Explorer\Main
Process 17540 (\Device\HarddiskVolume2\Windows\System32\svchost.exe) has opened key \REGISTRY\USER\S-1-5-21-1223559079-994587851-4263662072-43138\Software\Microsoft\ActiveSync\JobDispatcher\JobRegistry\1.1
Process 23912 (<Unknown>) has opened key \REGISTRY\USER\S-1-5-21-1223559079-994587851-4263662072-43138\Software\Microsoft\Windows NT\CurrentVersion\Fonts
Process 740 (\Device\HarddiskVolume2\Windows\System32\svchost.exe) has opened key \REGISTRY\USER\S-1-5-21-1223559079-994587851-4263662072-43138\System\GameConfigStore\Children
Process 17540 (\Device\HarddiskVolume2\Windows\System32\svchost.exe) has opened key \REGISTRY\USER\S-1-5-21-1223559079-994587851-4263662072-43138\Software\Microsoft\Internet Explorer\Security
Process 18128 (\Device\HarddiskVolume2\Windows\System32\svchost.exe) has opened key \REGISTRY\USER\S-1-5-21-1223559079-994587851-4263662072-43138\Software\Microsoft\Internet Explorer\Security
Process 27448 (\Device\HarddiskVolume2\Windows\System32\svchost.exe) has opened key \REGISTRY\USER\S-1-5-21-1223559079-994587851-4263662072-43138\Software\Microsoft\Internet Explorer\Security
Process 18128 (\Device\HarddiskVolume2\Windows\System32\svchost.exe) has opened key \REGISTRY\USER\S-1-5-21-1223559079-994587851-4263662072-43138\Software\Microsoft\Windows\CurrentVersion\PushNotifications\wpnidm
Process 17540 (\Device\HarddiskVolume2\Windows\System32\svchost.exe) has opened key \REGISTRY\USER\S-1-5-21-1223559079-994587851-4263662072-43138\Software\Microsoft\Unified Store\HighWaterMarks\C:_Users_mliu_AppData_Local_Comms_UnistoreDB_store.vol
Process 7316 (\Device\HarddiskVolume2\Windows\System32\wbem\WmiPrvSE.exe) has opened key \REGISTRY\USER\S-1-5-21-1223559079-994587851-4263662072-43138\Software\Xerox\PrinterDriver\V5.0\ApplicationDefaults\UNIV
"
Information,7/18/2018 2:31:38 PM,igfxCUIService1.0.0.0,0,None,"The description for Event ID 0 from source igfxCUIService1.0.0.0 cannot be found. Either the component that raises this event is not installed on your local computer or the installation is corrupted. You can install or repair the component on the local computer.

If the event originated on another computer, the display information had to be saved with the event.

The following information was included with the event: 

 Logoff: 10

"
Information,7/18/2018 2:31:38 PM,igfxCUIService1.0.0.0,0,None,"The description for Event ID 0 from source igfxCUIService1.0.0.0 cannot be found. Either the component that raises this event is not installed on your local computer or the installation is corrupted. You can install or repair the component on the local computer.

If the event originated on another computer, the display information had to be saved with the event.

The following information was included with the event: 

 Logoff: Test

"
Information,7/18/2018 2:31:36 PM,Desktop Window Manager,9027,None,The Desktop Window Manager has registered the session port.
Information,7/18/2018 2:31:35 PM,SynTPEnhService,0,None,"The description for Event ID 0 from source SynTPEnhService cannot be found. Either the component that raises this event is not installed on your local computer or the installation is corrupted. You can install or repair the component on the local computer.

If the event originated on another computer, the display information had to be saved with the event.

The following information was included with the event: 

SynTPEnhService
CEnhanceCallerService::Update: SessionID: 10
"
Information,7/18/2018 2:31:35 PM,SynTPEnhService,0,None,"The description for Event ID 0 from source SynTPEnhService cannot be found. Either the component that raises this event is not installed on your local computer or the installation is corrupted. You can install or repair the component on the local computer.

If the event originated on another computer, the display information had to be saved with the event.

The following information was included with the event: 

SynTPEnhService
CEnhanceCallerService::Update: Message1: 26, Message2:28
"
Information,7/18/2018 2:31:34 PM,SynTPEnhService,0,None,"The description for Event ID 0 from source SynTPEnhService cannot be found. Either the component that raises this event is not installed on your local computer or the installation is corrupted. You can install or repair the component on the local computer.

If the event originated on another computer, the display information had to be saved with the event.

The following information was included with the event: 

SynTPEnhService
Enh Exit with Exit Code: 0x40010004, ReLanuch Enh for Session:10
"
Information,7/18/2018 2:31:31 PM,SynTPEnhService,0,None,"The description for Event ID 0 from source SynTPEnhService cannot be found. Either the component that raises this event is not installed on your local computer or the installation is corrupted. You can install or repair the component on the local computer.

If the event originated on another computer, the display information had to be saved with the event.

The following information was included with the event: 

SynTPEnhService
CEnhanceCallerService::Update: SessionID: 10
"
Information,7/18/2018 2:31:31 PM,SynTPEnhService,0,None,"The description for Event ID 0 from source SynTPEnhService cannot be found. Either the component that raises this event is not installed on your local computer or the installation is corrupted. You can install or repair the component on the local computer.

If the event originated on another computer, the display information had to be saved with the event.

The following information was included with the event: 

SynTPEnhService
CEnhanceCallerService::Update: Message1: 26, Message2:28
"
Information,7/18/2018 2:31:28 PM,SynTPEnhService,0,None,"The description for Event ID 0 from source SynTPEnhService cannot be found. Either the component that raises this event is not installed on your local computer or the installation is corrupted. You can install or repair the component on the local computer.

If the event originated on another computer, the display information had to be saved with the event.

The following information was included with the event: 

SynTPEnhService
Enh Exit with Exit Code: 0x40010004, ReLanuch Enh for Session:10
"
Information,7/18/2018 2:28:35 PM,SynTPEnhService,0,None,"The description for Event ID 0 from source SynTPEnhService cannot be found. Either the component that raises this event is not installed on your local computer or the installation is corrupted. You can install or repair the component on the local computer.

If the event originated on another computer, the display information had to be saved with the event.

The following information was included with the event: 

SynTPEnhService
Session Changed User unlock
"
Information,7/18/2018 2:16:41 PM,Microsoft-Windows-RestartManager,10001,None,Ending session 10 started ‎2018‎-‎07‎-‎18T19:06:51.070823400Z.
Information,7/18/2018 2:13:07 PM,Microsoft-Windows-RestartManager,10001,None,Ending session 0 started ‎2018‎-‎07‎-‎18T20:13:02.911919300Z.
Information,7/18/2018 2:13:07 PM,MsiInstaller,1042,None,"Ending a Windows Installer transaction: C:\ProgramData\Microsoft\VisualStudio\Packages\Microsoft.VisualStudio.Debugger.JustInTime.Msi,version=15.7.27520.0,chip=x64\jitdebugger_x64.msi. Client Process Id: 3084."
Information,7/18/2018 2:13:07 PM,MsiInstaller,1033,None,Windows Installer installed the product. Product Name: VS JIT Debugger. Product Version: 16.0.94.0. Product Language: 1033. Manufacturer: Microsoft Corporation. Installation success or error status: 0.
Information,7/18/2018 2:13:07 PM,MsiInstaller,11707,None,Product: VS JIT Debugger -- Installation completed successfully.
Information,7/18/2018 2:13:02 PM,Microsoft-Windows-RestartManager,10000,None,Starting session 0 - ‎2018‎-‎07‎-‎18T20:13:02.911919300Z.
Information,7/18/2018 2:13:02 PM,MsiInstaller,1040,None,"Beginning a Windows Installer transaction: C:\ProgramData\Microsoft\VisualStudio\Packages\Microsoft.VisualStudio.Debugger.JustInTime.Msi,version=15.7.27520.0,chip=x64\jitdebugger_x64.msi. Client Process Id: 3084."
Information,7/18/2018 2:12:39 PM,Microsoft-Windows-RestartManager,10001,None,Ending session 0 started ‎2018‎-‎07‎-‎18T20:12:34.600945500Z.
Information,7/18/2018 2:12:39 PM,MsiInstaller,1042,None,"Ending a Windows Installer transaction: C:\ProgramData\Microsoft\VisualStudio\Packages\Microsoft.VisualStudio.EntityFrameworkTools.Msi,version=6.1.61529.0\EF6Tools.msi. Client Process Id: 3084."
Information,7/18/2018 2:12:39 PM,MsiInstaller,1033,None,Windows Installer installed the product. Product Name: Entity Framework 6.2.0 Tools  for Visual Studio 2017. Product Version: 6.2.61529.0. Product Language: 1033. Manufacturer: Microsoft Corporation. Installation success or error status: 0.
Information,7/18/2018 2:12:39 PM,MsiInstaller,11707,None,Product: Entity Framework 6.2.0 Tools  for Visual Studio 2017 -- Installation completed successfully.
Information,7/18/2018 2:12:34 PM,Microsoft-Windows-RestartManager,10000,None,Starting session 0 - ‎2018‎-‎07‎-‎18T20:12:34.600945500Z.
Information,7/18/2018 2:12:34 PM,MsiInstaller,1040,None,"Beginning a Windows Installer transaction: C:\ProgramData\Microsoft\VisualStudio\Packages\Microsoft.VisualStudio.EntityFrameworkTools.Msi,version=6.1.61529.0\EF6Tools.msi. Client Process Id: 3084."
Information,7/18/2018 2:12:32 PM,Microsoft-Windows-RestartManager,10001,None,Ending session 0 started ‎2018‎-‎07‎-‎18T20:12:27.726815900Z.
Information,7/18/2018 2:12:32 PM,MsiInstaller,1042,None,"Ending a Windows Installer transaction: C:\ProgramData\Microsoft\VisualStudio\Packages\Microsoft.Net.4.6.TargetingPack,version=4.6.81.1\netfx_46mtpack.msi. Client Process Id: 3084."
Information,7/18/2018 2:12:32 PM,MsiInstaller,1033,None,Windows Installer installed the product. Product Name: Microsoft .NET Framework 4.6 Targeting Pack. Product Version: 4.6.00081. Product Language: 1033. Manufacturer: Microsoft Corporation. Installation success or error status: 0.
Information,7/18/2018 2:12:32 PM,MsiInstaller,11707,None,Product: Microsoft .NET Framework 4.6 Targeting Pack -- Installation completed successfully.
Information,7/18/2018 2:12:27 PM,Microsoft-Windows-RestartManager,10000,None,Starting session 0 - ‎2018‎-‎07‎-‎18T20:12:27.726815900Z.
Information,7/18/2018 2:12:26 PM,Microsoft-Windows-RestartManager,10001,None,Ending session 0 started ‎2018‎-‎07‎-‎18T20:12:23.067519900Z.
Information,7/18/2018 2:12:27 PM,MsiInstaller,1040,None,"Beginning a Windows Installer transaction: C:\ProgramData\Microsoft\VisualStudio\Packages\Microsoft.Net.4.6.TargetingPack,version=4.6.81.1\netfx_46mtpack.msi. Client Process Id: 3084."
Information,7/18/2018 2:12:26 PM,MsiInstaller,1042,None,"Ending a Windows Installer transaction: C:\ProgramData\Microsoft\VisualStudio\Packages\Microsoft.Net.4.5.2.TargetingPack,version=4.5.51651.1\netfx_452mtpack.msi. Client Process Id: 3084."
Information,7/18/2018 2:12:26 PM,MsiInstaller,1033,None,Windows Installer installed the product. Product Name: Microsoft .NET Framework 4.5.2 Multi-Targeting Pack. Product Version: 4.5.51651. Product Language: 1033. Manufacturer: Microsoft Corporation. Installation success or error status: 0.
Information,7/18/2018 2:12:26 PM,MsiInstaller,11707,None,Product: Microsoft .NET Framework 4.5.2 Multi-Targeting Pack -- Installation completed successfully.
Information,7/18/2018 2:12:23 PM,Microsoft-Windows-RestartManager,10000,None,Starting session 0 - ‎2018‎-‎07‎-‎18T20:12:23.067519900Z.
Information,7/18/2018 2:12:21 PM,Microsoft-Windows-RestartManager,10001,None,Ending session 0 started ‎2018‎-‎07‎-‎18T20:12:15.355962400Z.
Information,7/18/2018 2:12:22 PM,MsiInstaller,1040,None,"Beginning a Windows Installer transaction: C:\ProgramData\Microsoft\VisualStudio\Packages\Microsoft.Net.4.5.2.TargetingPack,version=4.5.51651.1\netfx_452mtpack.msi. Client Process Id: 3084."
Information,7/18/2018 2:12:21 PM,MsiInstaller,1042,None,"Ending a Windows Installer transaction: C:\ProgramData\Microsoft\VisualStudio\Packages\Microsoft.Net.4.5.1.TargetingPack,version=4.5.50932.1\netfx_451mtpack.msi. Client Process Id: 3084."
Information,7/18/2018 2:12:21 PM,MsiInstaller,1033,None,Windows Installer installed the product. Product Name: Microsoft .NET Framework 4.5.1 Multi-Targeting Pack. Product Version: 4.5.50932. Product Language: 1033. Manufacturer: Microsoft Corporation. Installation success or error status: 0.
Information,7/18/2018 2:12:21 PM,MsiInstaller,11707,None,Product: Microsoft .NET Framework 4.5.1 Multi-Targeting Pack -- Installation completed successfully.
Information,7/18/2018 2:12:15 PM,Microsoft-Windows-RestartManager,10000,None,Starting session 0 - ‎2018‎-‎07‎-‎18T20:12:15.355962400Z.
Information,7/18/2018 2:12:15 PM,MsiInstaller,1040,None,"Beginning a Windows Installer transaction: C:\ProgramData\Microsoft\VisualStudio\Packages\Microsoft.Net.4.5.1.TargetingPack,version=4.5.50932.1\netfx_451mtpack.msi. Client Process Id: 3084."
Information,7/18/2018 2:11:56 PM,Microsoft-Windows-RestartManager,10001,None,Ending session 0 started ‎2018‎-‎07‎-‎18T20:11:47.946504500Z.
Information,7/18/2018 2:11:56 PM,MsiInstaller,1042,None,"Ending a Windows Installer transaction: C:\ProgramData\Microsoft\VisualStudio\Packages\Microsoft.Net.4.6.1.TargetingPack,version=4.6.1055.1\netfx_461mtpack.msi. Client Process Id: 3084."
Information,7/18/2018 2:11:56 PM,MsiInstaller,1033,None,Windows Installer installed the product. Product Name: Microsoft .NET Framework 4.6.1 Targeting Pack. Product Version: 4.6.01055. Product Language: 1033. Manufacturer: Microsoft Corporation. Installation success or error status: 0.
Information,7/18/2018 2:11:56 PM,MsiInstaller,11707,None,Product: Microsoft .NET Framework 4.6.1 Targeting Pack -- Installation completed successfully.
Information,7/18/2018 2:11:47 PM,Microsoft-Windows-RestartManager,10000,None,Starting session 0 - ‎2018‎-‎07‎-‎18T20:11:47.946504500Z.
Information,7/18/2018 2:11:47 PM,Microsoft-Windows-RestartManager,10001,None,Ending session 0 started ‎2018‎-‎07‎-‎18T20:11:32.000755500Z.
Information,7/18/2018 2:11:47 PM,MsiInstaller,1040,None,"Beginning a Windows Installer transaction: C:\ProgramData\Microsoft\VisualStudio\Packages\Microsoft.Net.4.6.1.TargetingPack,version=4.6.1055.1\netfx_461mtpack.msi. Client Process Id: 3084."
Information,7/18/2018 2:11:47 PM,MsiInstaller,1042,None,"Ending a Windows Installer transaction: C:\ProgramData\Microsoft\VisualStudio\Packages\Microsoft.Net.Cumulative.TargetingPack.Resources,version=4.7.2558.2,language=en-US\netfx_mtpacklp.msi. Client Process Id: 3084."
Information,7/18/2018 2:11:47 PM,MsiInstaller,1033,None,Windows Installer installed the product. Product Name: Microsoft .NET Framework Cumulative Intellisense Pack for Visual Studio (ENU). Product Version: 4.7.02558. Product Language: 1033. Manufacturer: Microsoft Corporation. Installation success or error status: 0.
Information,7/18/2018 2:11:47 PM,MsiInstaller,11707,None,Product: Microsoft .NET Framework Cumulative Intellisense Pack for Visual Studio (ENU) -- Installation completed successfully.
Information,7/18/2018 2:11:32 PM,Microsoft-Windows-RestartManager,10000,None,Starting session 0 - ‎2018‎-‎07‎-‎18T20:11:32.000755500Z.
Information,7/18/2018 2:11:31 PM,MsiInstaller,1040,None,"Beginning a Windows Installer transaction: C:\ProgramData\Microsoft\VisualStudio\Packages\Microsoft.Net.Cumulative.TargetingPack.Resources,version=4.7.2558.2,language=en-US\netfx_mtpacklp.msi. Client Process Id: 3084."
Information,7/18/2018 2:11:13 PM,Microsoft-Windows-RestartManager,10001,None,Ending session 0 started ‎2018‎-‎07‎-‎18T20:11:12.383360900Z.
Information,7/18/2018 2:11:13 PM,MsiInstaller,1042,None,"Ending a Windows Installer transaction: C:\ProgramData\Microsoft\VisualStudio\Packages\Microsoft.VisualStudio.Graphics.Msi,version=15.0.27005.2,chip=x64\Microsoft.VisualStudio.Graphics.Msi.x64.msi. Client Process Id: 3084."
Information,7/18/2018 2:11:13 PM,MsiInstaller,1033,None,Windows Installer installed the product. Product Name: vs_Graphics_Singletonx64. Product Version: 15.0.27005. Product Language: 1033. Manufacturer: Microsoft Corporation. Installation success or error status: 0.
Information,7/18/2018 2:11:13 PM,MsiInstaller,11707,None,Product: vs_Graphics_Singletonx64 -- Installation completed successfully.
Information,7/18/2018 2:11:12 PM,Microsoft-Windows-RestartManager,10000,None,Starting session 0 - ‎2018‎-‎07‎-‎18T20:11:12.383360900Z.
Information,7/18/2018 2:11:11 PM,Microsoft-Windows-RestartManager,10001,None,Ending session 0 started ‎2018‎-‎07‎-‎18T20:11:09.735207400Z.
Information,7/18/2018 2:11:12 PM,MsiInstaller,1040,None,"Beginning a Windows Installer transaction: C:\ProgramData\Microsoft\VisualStudio\Packages\Microsoft.VisualStudio.Graphics.Msi,version=15.0.27005.2,chip=x64\Microsoft.VisualStudio.Graphics.Msi.x64.msi. Client Process Id: 3084."
Information,7/18/2018 2:11:11 PM,MsiInstaller,1042,None,"Ending a Windows Installer transaction: C:\ProgramData\Microsoft\VisualStudio\Packages\Microsoft.VisualStudio.Graphics.Msi,version=15.0.27005.2,chip=x86\Microsoft.VisualStudio.Graphics.Msi.x86.msi. Client Process Id: 3084."
Information,7/18/2018 2:11:11 PM,MsiInstaller,1033,None,Windows Installer installed the product. Product Name: vs_Graphics_Singletonx86. Product Version: 15.0.27005. Product Language: 1033. Manufacturer: Microsoft Corporation. Installation success or error status: 0.
Information,7/18/2018 2:11:11 PM,MsiInstaller,11707,None,Product: vs_Graphics_Singletonx86 -- Installation completed successfully.
Information,7/18/2018 2:11:09 PM,Microsoft-Windows-RestartManager,10000,None,Starting session 0 - ‎2018‎-‎07‎-‎18T20:11:09.735207400Z.
Information,7/18/2018 2:11:09 PM,MsiInstaller,1040,None,"Beginning a Windows Installer transaction: C:\ProgramData\Microsoft\VisualStudio\Packages\Microsoft.VisualStudio.Graphics.Msi,version=15.0.27005.2,chip=x86\Microsoft.VisualStudio.Graphics.Msi.x86.msi. Client Process Id: 3084."
Information,7/18/2018 2:10:38 PM,Microsoft-Windows-RestartManager,10001,None,Ending session 0 started ‎2018‎-‎07‎-‎18T20:10:37.184233300Z.
Information,7/18/2018 2:10:38 PM,MsiInstaller,1042,None,"Ending a Windows Installer transaction: C:\ProgramData\Microsoft\VisualStudio\Packages\Microsoft.VisualCpp.RuntimeDebug.14,version=14.14.26405,chip=x64\vc_RuntimeDebug.msi. Client Process Id: 3084."
Information,7/18/2018 2:10:38 PM,MsiInstaller,1033,None,Windows Installer installed the product. Product Name: Microsoft Visual C++ 2017 x64 Debug Runtime - 14.14.26405. Product Version: 14.14.26405. Product Language: 1033. Manufacturer: Microsoft Corporation. Installation success or error status: 0.
Information,7/18/2018 2:10:38 PM,MsiInstaller,11707,None,Product: Microsoft Visual C++ 2017 x64 Debug Runtime - 14.14.26405 -- Installation completed successfully.
Information,7/18/2018 2:10:37 PM,Microsoft-Windows-RestartManager,10000,None,Starting session 0 - ‎2018‎-‎07‎-‎18T20:10:37.184233300Z.
Information,7/18/2018 2:10:36 PM,Microsoft-Windows-RestartManager,10001,None,Ending session 0 started ‎2018‎-‎07‎-‎18T20:10:34.445943400Z.
Information,7/18/2018 2:10:36 PM,MsiInstaller,1040,None,"Beginning a Windows Installer transaction: C:\ProgramData\Microsoft\VisualStudio\Packages\Microsoft.VisualCpp.RuntimeDebug.14,version=14.14.26405,chip=x64\vc_RuntimeDebug.msi. Client Process Id: 3084."
Information,7/18/2018 2:10:36 PM,MsiInstaller,1042,None,"Ending a Windows Installer transaction: C:\ProgramData\Microsoft\VisualStudio\Packages\Microsoft.VisualCpp.RuntimeDebug.14,version=14.14.26405,chip=x86\vc_RuntimeDebug.msi. Client Process Id: 3084."
Information,7/18/2018 2:10:36 PM,MsiInstaller,1033,None,Windows Installer installed the product. Product Name: Microsoft Visual C++ 2017 x86 Debug Runtime - 14.14.26405. Product Version: 14.14.26405. Product Language: 1033. Manufacturer: Microsoft Corporation. Installation success or error status: 0.
Information,7/18/2018 2:10:36 PM,MsiInstaller,11707,None,Product: Microsoft Visual C++ 2017 x86 Debug Runtime - 14.14.26405 -- Installation completed successfully.
Information,7/18/2018 2:10:34 PM,Microsoft-Windows-RestartManager,10000,None,Starting session 0 - ‎2018‎-‎07‎-‎18T20:10:34.445943400Z.
Information,7/18/2018 2:10:34 PM,MsiInstaller,1040,None,"Beginning a Windows Installer transaction: C:\ProgramData\Microsoft\VisualStudio\Packages\Microsoft.VisualCpp.RuntimeDebug.14,version=14.14.26405,chip=x86\vc_RuntimeDebug.msi. Client Process Id: 3084."
Information,7/18/2018 2:09:44 PM,Microsoft-Windows-RestartManager,10001,None,Ending session 0 started ‎2018‎-‎07‎-‎18T20:09:37.082751400Z.
Information,7/18/2018 2:09:44 PM,MsiInstaller,1042,None,"Ending a Windows Installer transaction: C:\ProgramData\Microsoft\VisualStudio\Packages\Microsoft.Net.4.TargetingPack,version=4.0.30319.1\netfx_dtp.msi. Client Process Id: 3084."
Information,7/18/2018 2:09:44 PM,MsiInstaller,1033,None,Windows Installer installed the product. Product Name: Microsoft .NET Framework 4 Multi-Targeting Pack. Product Version: 4.0.30319. Product Language: 1033. Manufacturer: Microsoft Corporation. Installation success or error status: 0.
Information,7/18/2018 2:09:44 PM,MsiInstaller,11707,None,Product: Microsoft .NET Framework 4 Multi-Targeting Pack -- Installation completed successfully.
Information,7/18/2018 2:09:44 PM,MsiInstaller,1036,None,Windows Installer installed an update. Product Name: Microsoft .NET Framework 4 Multi-Targeting Pack. Product Version: 4.0.30319. Product Language: 1033. Manufacturer: Microsoft Corporation. Update Name: KB2504637. Installation success or error status: 0.
Information,7/18/2018 2:09:44 PM,MsiInstaller,1022,None,Product: Microsoft .NET Framework 4 Multi-Targeting Pack - Update 'KB2504637' installed successfully.
Information,7/18/2018 2:09:37 PM,Microsoft-Windows-RestartManager,10000,None,Starting session 0 - ‎2018‎-‎07‎-‎18T20:09:37.082751400Z.
Information,7/18/2018 2:09:36 PM,MsiInstaller,1040,None,"Beginning a Windows Installer transaction: C:\ProgramData\Microsoft\VisualStudio\Packages\Microsoft.Net.4.TargetingPack,version=4.0.30319.1\netfx_dtp.msi. Client Process Id: 3084."
Information,7/18/2018 2:09:35 PM,Microsoft-Windows-RestartManager,10001,None,Ending session 0 started ‎2018‎-‎07‎-‎18T20:09:30.022466000Z.
Information,7/18/2018 2:09:35 PM,MsiInstaller,1042,None,"Ending a Windows Installer transaction: C:\ProgramData\Microsoft\VisualStudio\Packages\Microsoft.Net.4.5.TargetingPack,version=4.5.50709.1\netfx45_dtp.msi. Client Process Id: 3084."
Information,7/18/2018 2:09:35 PM,MsiInstaller,1033,None,Windows Installer installed the product. Product Name: Microsoft .NET Framework 4.5 Multi-Targeting Pack. Product Version: 4.5.50710. Product Language: 1033. Manufacturer: Microsoft Corporation. Installation success or error status: 0.
Information,7/18/2018 2:09:35 PM,MsiInstaller,11707,None,Product: Microsoft .NET Framework 4.5 Multi-Targeting Pack -- Installation completed successfully.
Information,7/18/2018 2:09:30 PM,Microsoft-Windows-RestartManager,10000,None,Starting session 0 - ‎2018‎-‎07‎-‎18T20:09:30.022466000Z.
Information,7/18/2018 2:09:29 PM,MsiInstaller,1040,None,"Beginning a Windows Installer transaction: C:\ProgramData\Microsoft\VisualStudio\Packages\Microsoft.Net.4.5.TargetingPack,version=4.5.50709.1\netfx45_dtp.msi. Client Process Id: 3084."
Information,7/18/2018 2:09:12 PM,VSS,8224,None,The VSS service is shutting down due to idle timeout. 
Information,7/18/2018 2:08:40 PM,Microsoft-Windows-RestartManager,10001,None,Ending session 0 started ‎2018‎-‎07‎-‎18T20:08:39.279796600Z.
Information,7/18/2018 2:08:40 PM,MsiInstaller,1042,None,"Ending a Windows Installer transaction: C:\ProgramData\Microsoft\VisualStudio\Packages\Microsoft.VisualCpp.CRT.Appx.Universal.120.Msi,version=14.10.26428.1\VC_CRT.Appx.120.Universal.msi. Client Process Id: 3084."
Information,7/18/2018 2:08:40 PM,MsiInstaller,1033,None,Windows Installer installed the product. Product Name: Visual C++ Library CRT Appx Package. Product Version: 14.14.26428. Product Language: 1033. Manufacturer: Microsoft Corporation. Installation success or error status: 0.
Information,7/18/2018 2:08:40 PM,MsiInstaller,11707,None,Product: Visual C++ Library CRT Appx Package -- Installation completed successfully.
Information,7/18/2018 2:08:39 PM,Microsoft-Windows-RestartManager,10000,None,Starting session 0 - ‎2018‎-‎07‎-‎18T20:08:39.279796600Z.
Information,7/18/2018 2:08:38 PM,Microsoft-Windows-RestartManager,10001,None,Ending session 0 started ‎2018‎-‎07‎-‎18T20:08:36.586261700Z.
Information,7/18/2018 2:08:39 PM,MsiInstaller,1040,None,"Beginning a Windows Installer transaction: C:\ProgramData\Microsoft\VisualStudio\Packages\Microsoft.VisualCpp.CRT.Appx.Universal.120.Msi,version=14.10.26428.1\VC_CRT.Appx.120.Universal.msi. Client Process Id: 3084."
Information,7/18/2018 2:08:38 PM,MsiInstaller,1042,None,"Ending a Windows Installer transaction: C:\ProgramData\Microsoft\VisualStudio\Packages\Microsoft.VisualCpp.CRT.Appx.Desktop.140.Msi,version=14.10.26428.1\VC_CRT.Desktop.Appx.140.msi. Client Process Id: 3084."
Information,7/18/2018 2:08:38 PM,MsiInstaller,1033,None,Windows Installer installed the product. Product Name: Visual C++ Library CRT Desktop Appx Package. Product Version: 14.14.26428. Product Language: 1033. Manufacturer: Microsoft Corporation. Installation success or error status: 0.
Information,7/18/2018 2:08:38 PM,MsiInstaller,11707,None,Product: Visual C++ Library CRT Desktop Appx Package -- Installation completed successfully.
Information,7/18/2018 2:08:36 PM,Microsoft-Windows-RestartManager,10000,None,Starting session 0 - ‎2018‎-‎07‎-‎18T20:08:36.586261700Z.
Information,7/18/2018 2:08:36 PM,Microsoft-Windows-RestartManager,10001,None,Ending session 0 started ‎2018‎-‎07‎-‎18T20:08:32.127152500Z.
Information,7/18/2018 2:08:36 PM,MsiInstaller,1040,None,"Beginning a Windows Installer transaction: C:\ProgramData\Microsoft\VisualStudio\Packages\Microsoft.VisualCpp.CRT.Appx.Desktop.140.Msi,version=14.10.26428.1\VC_CRT.Desktop.Appx.140.msi. Client Process Id: 3084."
Information,7/18/2018 2:08:36 PM,MsiInstaller,1042,None,"Ending a Windows Installer transaction: C:\ProgramData\Microsoft\VisualStudio\Packages\Microsoft.VisualCpp.CRT.Appx.Desktop.120.Msi,version=14.10.26428.1\VC_CRT.Desktop.Appx.120.msi. Client Process Id: 3084."
Information,7/18/2018 2:08:36 PM,MsiInstaller,1033,None,Windows Installer installed the product. Product Name: Visual C++ Library CRT Desktop Appx Package. Product Version: 14.14.26428. Product Language: 1033. Manufacturer: Microsoft Corporation. Installation success or error status: 0.
Information,7/18/2018 2:08:36 PM,MsiInstaller,11707,None,Product: Visual C++ Library CRT Desktop Appx Package -- Installation completed successfully.
Information,7/18/2018 2:08:32 PM,Microsoft-Windows-RestartManager,10000,None,Starting session 0 - ‎2018‎-‎07‎-‎18T20:08:32.127152500Z.
Information,7/18/2018 2:08:31 PM,Microsoft-Windows-RestartManager,10001,None,Ending session 0 started ‎2018‎-‎07‎-‎18T20:08:29.951443900Z.
Information,7/18/2018 2:08:31 PM,MsiInstaller,1040,None,"Beginning a Windows Installer transaction: C:\ProgramData\Microsoft\VisualStudio\Packages\Microsoft.VisualCpp.CRT.Appx.Desktop.120.Msi,version=14.10.26428.1\VC_CRT.Desktop.Appx.120.msi. Client Process Id: 3084."
Information,7/18/2018 2:08:31 PM,MsiInstaller,1042,None,"Ending a Windows Installer transaction: C:\ProgramData\Microsoft\VisualStudio\Packages\Microsoft.VisualCpp.CRT.Appx.Desktop.110.Msi,version=14.10.26428.1\VC_CRT.Desktop.Appx.110.msi. Client Process Id: 3084."
Information,7/18/2018 2:08:31 PM,MsiInstaller,1033,None,Windows Installer installed the product. Product Name: Visual C++ Library CRT Desktop Appx Package. Product Version: 14.14.26428. Product Language: 1033. Manufacturer: Microsoft Corporation. Installation success or error status: 0.
Information,7/18/2018 2:08:31 PM,MsiInstaller,11707,None,Product: Visual C++ Library CRT Desktop Appx Package -- Installation completed successfully.
Information,7/18/2018 2:08:29 PM,Microsoft-Windows-RestartManager,10000,None,Starting session 0 - ‎2018‎-‎07‎-‎18T20:08:29.951443900Z.
Information,7/18/2018 2:08:29 PM,Microsoft-Windows-RestartManager,10001,None,Ending session 0 started ‎2018‎-‎07‎-‎18T20:08:28.500955900Z.
Information,7/18/2018 2:08:29 PM,MsiInstaller,1040,None,"Beginning a Windows Installer transaction: C:\ProgramData\Microsoft\VisualStudio\Packages\Microsoft.VisualCpp.CRT.Appx.Desktop.110.Msi,version=14.10.26428.1\VC_CRT.Desktop.Appx.110.msi. Client Process Id: 3084."
Information,7/18/2018 2:08:29 PM,MsiInstaller,1042,None,"Ending a Windows Installer transaction: C:\ProgramData\Microsoft\VisualStudio\Packages\Microsoft.VisualCpp.CRT.Appx.Msi,version=14.10.26428.1\VC_CRT.Appx.msi. Client Process Id: 3084."
Information,7/18/2018 2:08:29 PM,MsiInstaller,1033,None,Windows Installer installed the product. Product Name: Visual C++ Library CRT Appx Package. Product Version: 14.14.26428. Product Language: 1033. Manufacturer: Microsoft Corporation. Installation success or error status: 0.
Information,7/18/2018 2:08:29 PM,MsiInstaller,11707,None,Product: Visual C++ Library CRT Appx Package -- Installation completed successfully.
Information,7/18/2018 2:08:28 PM,Microsoft-Windows-RestartManager,10000,None,Starting session 0 - ‎2018‎-‎07‎-‎18T20:08:28.500955900Z.
Information,7/18/2018 2:08:28 PM,MsiInstaller,1040,None,"Beginning a Windows Installer transaction: C:\ProgramData\Microsoft\VisualStudio\Packages\Microsoft.VisualCpp.CRT.Appx.Msi,version=14.10.26428.1\VC_CRT.Appx.msi. Client Process Id: 3084."
Information,7/18/2018 2:08:28 PM,MsiInstaller,1042,None,"Ending a Windows Installer transaction: C:\ProgramData\Microsoft\VisualStudio\Packages\Microsoft.VisualCpp.CRT.Appx.Resources.Msi,version=14.10.26428.1,language=en-US\VC_CRT.Appx.Res.msi. Client Process Id: 3084."
Information,7/18/2018 2:08:28 PM,Microsoft-Windows-RestartManager,10001,None,Ending session 0 started ‎2018‎-‎07‎-‎18T20:08:27.053086500Z.
Information,7/18/2018 2:08:27 PM,Microsoft-Windows-RestartManager,10000,None,Starting session 0 - ‎2018‎-‎07‎-‎18T20:08:27.053086500Z.
Information,7/18/2018 2:08:28 PM,MsiInstaller,1033,None,Windows Installer installed the product. Product Name: Visual C++ Library CRT Appx Resource Package. Product Version: 14.14.26428. Product Language: 1033. Manufacturer: Microsoft Corporation. Installation success or error status: 0.
Information,7/18/2018 2:08:28 PM,MsiInstaller,11707,None,Product: Visual C++ Library CRT Appx Resource Package -- Installation completed successfully.
Information,7/18/2018 2:08:26 PM,MsiInstaller,1040,None,"Beginning a Windows Installer transaction: C:\ProgramData\Microsoft\VisualStudio\Packages\Microsoft.VisualCpp.CRT.Appx.Resources.Msi,version=14.10.26428.1,language=en-US\VC_CRT.Appx.Res.msi. Client Process Id: 3084."
Information,7/18/2018 2:08:24 PM,Microsoft-Windows-RestartManager,10001,None,Ending session 0 started ‎2018‎-‎07‎-‎18T20:08:20.251046700Z.
Information,7/18/2018 2:08:24 PM,MsiInstaller,1042,None,"Ending a Windows Installer transaction: C:\ProgramData\Microsoft\VisualStudio\Packages\Microsoft.VisualStudio.Windows.Tools.Msi,version=15.7.27703.2018\Microsoft.VisualStudio.Windows.Tools.Msi.msi. Client Process Id: 3084."
