Information,7/16/2018 9:18:11 AM,Microsoft-Windows-Security-SPP,1003,None,"The Software Protection service has completed licensing status check.
Application Id=55c92734-d682-4d71-983e-d6ec3f16059f
Licensing Status=
1: 040fa323-92b1-4baf-97a2-5b67feaefddb, 1, 0 [(0 [0xC004F014, 0, 0], [(?)(?)(?)(?)(?)(?)(?)(?)])(1 )(2 )(3 )]
2: 0724cb7d-3437-4cb7-93cb-830375d0079d, 1, 0 [(0 [0xC004F014, 0, 0], [(?)(?)(?)(?)(?)(?)(?)(?)])(1 )(2 )(3 )]
3: 221a02da-e2a1-4b75-864c-0a4410a33fdf, 1, 0 [(0 [0xC004F014, 0, 0], [(?)(?)(?)(?)(?)(?)(?)(?)])(1 )(2 )(3 )]
4: 2c293c26-a45a-4a2a-a350-c69a67097529, 1, 0 [(0 [0xC004F014, 0, 0], [(?)(?)(?)(?)(?)(?)(?)(?)])(1 )(2 )(3 )]
5: 2de67392-b7a7-462a-b1ca-108dd189f588, 1, 0 [(0 [0xC004F014, 0, 0], [(?)(?)(?)(?)(?)(?)(?)(?)])(1 )(2 )(3 )]
6: 2ffd8952-423e-4903-b993-72a1aa44cf82, 1, 0 [(0 [0xC004F014, 0, 0], [(?)(?)(?)(?)(?)(?)(?)(?)])(1 )(2 )(3 )]
7: 30a42c86-b7a0-4a34-8c90-ff177cb2acb7, 1, 0 [(0 [0xC004F014, 0, 0], [(?)(?)(?)(?)(?)(?)(?)(?)])(1 )(2 )(3 )]
8: 345a5db0-d94f-4e3b-a0c0-7c42f7bc3ebf, 1, 0 [(0 [0xC004F014, 0, 0], [(?)(?)(?)(?)(?)(?)(?)(?)])(1 )(2 )(3 )]
9: 377333b1-8b5d-48d6-9679-1225c872d37c, 1, 0 [(0 [0xC004F014, 0, 0], [(?)(?)(?)(?)(?)(?)(?)(?)])(1 )(2 )(3 )]
10: 3df374ef-d444-4494-a5a1-4b0d9fd0e203, 1, 0 [(0 [0xC004F014, 0, 0], [(?)(?)(?)(?)(?)(?)(?)(?)])(1 )(2 )(3 )]
11: 3f1afc82-f8ac-4f6c-8005-1d233e606eee, 1, 0 [(0 [0xC004F014, 0, 0], [(?)(?)(?)(?)(?)(?)(?)(?)])(1 )(2 )(3 )]
12: 49cd895b-53b2-4dc4-a5f7-b18aa019ad37, 1, 0 [(0 [0xC004F014, 0, 0], [(?)(?)(?)(?)(?)(?)(?)(?)])(1 )(2 )(3 )]
13: 4de7cb65-cdf1-4de9-8ae8-e3cce27b9f2c, 1, 0 [(0 [0xC004F014, 0, 0], [(?)(?)(?)(?)(?)(?)(?)(?)])(1 )(2 )(3 )]
14: 4f3da0d2-271d-4508-ae81-626b60809a38, 1, 0 [(0 [0xC004F014, 0, 0], [(?)(?)(?)(?)(?)(?)(?)(?)])(1 )(2 )(3 )]
15: 613d217f-7f13-4268-9907-1662339531cd, 1, 0 [(0 [0xC004F014, 0, 0], [(?)(?)(?)(?)(?)(?)(?)(?)])(1 )(2 )(3 )]
16: 62f0c100-9c53-4e02-b886-a3528ddfe7f6, 1, 0 [(0 [0xC004F014, 0, 0], [(?)(?)(?)(?)(?)(?)(?)(?)])(1 )(2 )(3 )]
17: 73111121-5638-40f6-bc11-f1d7b0d64300, 1, 1 [(0 [0x00000000, 1, 0], [(?)( 1 0x00000000)(?)( 2 0x00000000 0 0 msft:rm/algorithm/volume/1.0 0x00000000 191744)(?)(?)( 10 0x00000000 msft:rm/algorithm/flags/1.0)(?)])(1 )(2 )(3 )]
18: 7a802526-4c94-4bd1-ba14-835a1aca2120, 1, 0 [(0 [0xC004F014, 0, 0], [(?)(?)(?)(?)(?)(?)(?)(?)])(1 )(2 )(3 )]
19: 7cb546c0-c7d5-44d8-9a5c-69ecdd782b69, 1, 0 [(0 [0xC004F014, 0, 0], [(?)(?)(?)(?)(?)(?)(?)(?)])(1 )(2 )(3 )]
20: 8b351c9c-f398-4515-9900-09df49427262, 1, 0 [(0 [0xC004F014, 0, 0], [(?)(?)(?)(?)(?)(?)(?)(?)])(1 )(2 )(3 )]
21: b0773a15-df3a-4312-9ad2-83d69648e356, 1, 0 [(0 [0xC004F014, 0, 0], [(?)(?)(?)(?)(?)(?)(?)(?)])(1 )(2 )(3 )]
22: bd3762d7-270d-4760-8fb3-d829ca45278a, 1, 0 [(0 [0xC004F014, 0, 0], [(?)(?)(?)(?)(?)(?)(?)(?)])(1 )(2 )(3 )]
23: c86d5194-4840-4dae-9c1c-0301003a5ab0, 1, 0 [(0 [0xC004F014, 0, 0], [(?)(?)(?)(?)(?)(?)(?)(?)])(1 )(2 )(3 )]
24: d552befb-48cc-4327-8f39-47d2d94f987c, 1, 0 [(0 [0xC004F014, 0, 0], [(?)(?)(?)(?)(?)(?)(?)(?)])(1 )(2 )(3 )]
25: d6eadb3b-5ca8-4a6b-986e-35b550756111, 1, 0 [(0 [0xC004F014, 0, 0], [(?)(?)(?)(?)(?)(?)(?)(?)])(1 )(2 )(3 )]
26: e7a950a2-e548-4f10-bf16-02ec848e0643, 1, 0 [(0 [0xC004F014, 0, 0], [(?)(?)(?)(?)(?)(?)(?)(?)])(1 )(2 )(3 )]
27: ef51e000-2659-4f25-8345-3de70a9cf4c4, 1, 0 [(0 [0xC004F014, 0, 0], [(?)(?)(?)(?)(?)(?)(?)(?)])(1 )(2 )(3 )]
28: fe74f55b-0338-41d6-b267-4a201abe7285, 1, 0 [(0 [0xC004F014, 0, 0], [(?)(?)(?)(?)(?)(?)(?)(?)])(1 )(2 )(3 )]

"
Information,7/16/2018 9:18:10 AM,Microsoft-Windows-Security-SPP,1003,None,"The Software Protection service has completed licensing status check.
Application Id=55c92734-d682-4d71-983e-d6ec3f16059f
Licensing Status=
1: 040fa323-92b1-4baf-97a2-5b67feaefddb, 1, 0 [(0 [0xC004F014, 0, 0], [(?)(?)(?)(?)(?)(?)(?)(?)])(1 )(2 )(3 )]
2: 0724cb7d-3437-4cb7-93cb-830375d0079d, 1, 0 [(0 [0xC004F014, 0, 0], [(?)(?)(?)(?)(?)(?)(?)(?)])(1 )(2 )(3 )]
3: 221a02da-e2a1-4b75-864c-0a4410a33fdf, 1, 0 [(0 [0xC004F014, 0, 0], [(?)(?)(?)(?)(?)(?)(?)(?)])(1 )(2 )(3 )]
4: 2c293c26-a45a-4a2a-a350-c69a67097529, 1, 0 [(0 [0xC004F014, 0, 0], [(?)(?)(?)(?)(?)(?)(?)(?)])(1 )(2 )(3 )]
5: 2de67392-b7a7-462a-b1ca-108dd189f588, 1, 0 [(0 [0xC004F014, 0, 0], [(?)(?)(?)(?)(?)(?)(?)(?)])(1 )(2 )(3 )]
6: 2ffd8952-423e-4903-b993-72a1aa44cf82, 1, 0 [(0 [0xC004F014, 0, 0], [(?)(?)(?)(?)(?)(?)(?)(?)])(1 )(2 )(3 )]
7: 30a42c86-b7a0-4a34-8c90-ff177cb2acb7, 1, 0 [(0 [0xC004F014, 0, 0], [(?)(?)(?)(?)(?)(?)(?)(?)])(1 )(2 )(3 )]
8: 345a5db0-d94f-4e3b-a0c0-7c42f7bc3ebf, 1, 0 [(0 [0xC004F014, 0, 0], [(?)(?)(?)(?)(?)(?)(?)(?)])(1 )(2 )(3 )]
9: 377333b1-8b5d-48d6-9679-1225c872d37c, 1, 0 [(0 [0xC004F014, 0, 0], [(?)(?)(?)(?)(?)(?)(?)(?)])(1 )(2 )(3 )]
10: 3df374ef-d444-4494-a5a1-4b0d9fd0e203, 1, 0 [(0 [0xC004F014, 0, 0], [(?)(?)(?)(?)(?)(?)(?)(?)])(1 )(2 )(3 )]
11: 3f1afc82-f8ac-4f6c-8005-1d233e606eee, 1, 0 [(0 [0xC004F014, 0, 0], [(?)(?)(?)(?)(?)(?)(?)(?)])(1 )(2 )(3 )]
12: 49cd895b-53b2-4dc4-a5f7-b18aa019ad37, 1, 0 [(0 [0xC004F014, 0, 0], [(?)(?)(?)(?)(?)(?)(?)(?)])(1 )(2 )(3 )]
13: 4de7cb65-cdf1-4de9-8ae8-e3cce27b9f2c, 1, 0 [(0 [0xC004F014, 0, 0], [(?)(?)(?)(?)(?)(?)(?)(?)])(1 )(2 )(3 )]
14: 4f3da0d2-271d-4508-ae81-626b60809a38, 1, 0 [(0 [0xC004F014, 0, 0], [(?)(?)(?)(?)(?)(?)(?)(?)])(1 )(2 )(3 )]
15: 613d217f-7f13-4268-9907-1662339531cd, 1, 0 [(0 [0xC004F014, 0, 0], [(?)(?)(?)(?)(?)(?)(?)(?)])(1 )(2 )(3 )]
16: 62f0c100-9c53-4e02-b886-a3528ddfe7f6, 1, 0 [(0 [0xC004F014, 0, 0], [(?)(?)(?)(?)(?)(?)(?)(?)])(1 )(2 )(3 )]
17: 73111121-5638-40f6-bc11-f1d7b0d64300, 1, 1 [(0 [0x00000000, 1, 0], [(?)( 1 0x00000000)(?)( 2 0x00000000 0 0 msft:rm/algorithm/volume/1.0 0x00000000 191744)(?)(?)( 10 0x00000000 msft:rm/algorithm/flags/1.0)(?)])(1 )(2 )(3 )]
18: 7a802526-4c94-4bd1-ba14-835a1aca2120, 1, 0 [(0 [0xC004F014, 0, 0], [(?)(?)(?)(?)(?)(?)(?)(?)])(1 )(2 )(3 )]
19: 7cb546c0-c7d5-44d8-9a5c-69ecdd782b69, 1, 0 [(0 [0xC004F014, 0, 0], [(?)(?)(?)(?)(?)(?)(?)(?)])(1 )(2 )(3 )]
20: 8b351c9c-f398-4515-9900-09df49427262, 1, 0 [(0 [0xC004F014, 0, 0], [(?)(?)(?)(?)(?)(?)(?)(?)])(1 )(2 )(3 )]
21: b0773a15-df3a-4312-9ad2-83d69648e356, 1, 0 [(0 [0xC004F014, 0, 0], [(?)(?)(?)(?)(?)(?)(?)(?)])(1 )(2 )(3 )]
22: bd3762d7-270d-4760-8fb3-d829ca45278a, 1, 0 [(0 [0xC004F014, 0, 0], [(?)(?)(?)(?)(?)(?)(?)(?)])(1 )(2 )(3 )]
23: c86d5194-4840-4dae-9c1c-0301003a5ab0, 1, 0 [(0 [0xC004F014, 0, 0], [(?)(?)(?)(?)(?)(?)(?)(?)])(1 )(2 )(3 )]
24: d552befb-48cc-4327-8f39-47d2d94f987c, 1, 0 [(0 [0xC004F014, 0, 0], [(?)(?)(?)(?)(?)(?)(?)(?)])(1 )(2 )(3 )]
25: d6eadb3b-5ca8-4a6b-986e-35b550756111, 1, 0 [(0 [0xC004F014, 0, 0], [(?)(?)(?)(?)(?)(?)(?)(?)])(1 )(2 )(3 )]
26: e7a950a2-e548-4f10-bf16-02ec848e0643, 1, 0 [(0 [0xC004F014, 0, 0], [(?)(?)(?)(?)(?)(?)(?)(?)])(1 )(2 )(3 )]
27: ef51e000-2659-4f25-8345-3de70a9cf4c4, 1, 0 [(0 [0xC004F014, 0, 0], [(?)(?)(?)(?)(?)(?)(?)(?)])(1 )(2 )(3 )]
28: fe74f55b-0338-41d6-b267-4a201abe7285, 1, 0 [(0 [0xC004F014, 0, 0], [(?)(?)(?)(?)(?)(?)(?)(?)])(1 )(2 )(3 )]

"
Information,7/16/2018 9:18:10 AM,Microsoft-Windows-Security-SPP,12288,None,"The client has sent an activation request to the key management service machine.
Info:
0xC0020017, 0x00000000, 46533DOKELLEY-8.corp.premierinc.com:1688, 98e315f1-2e03-4cfa-b026-ef79751044b4, 2018/07/16 15:17, 1, 1, 191744, 73111121-5638-40f6-bc11-f1d7b0d64300, 25"
Information,7/16/2018 9:18:10 AM,Microsoft-Windows-Security-SPP,12288,None,"The client has sent an activation request to the key management service machine.
Info:
0x8007000D, 0x00000000, c3pigpsdsh2.corp.premierinc.com:1688, 98e315f1-2e03-4cfa-b026-ef79751044b4, 2018/07/16 15:15, 1, 1, 191746, 73111121-5638-40f6-bc11-f1d7b0d64300, 25"
Information,7/16/2018 9:18:10 AM,Microsoft-Windows-Security-SPP,12288,None,"The client has sent an activation request to the key management service machine.
Info:
0x80072AF9, 0x00000000, vmW7x64Off10v11.corp.premierinc.com:1688, 98e315f1-2e03-4cfa-b026-ef79751044b4, 2018/07/16 15:15, 1, 1, 191746, 73111121-5638-40f6-bc11-f1d7b0d64300, 25"
Information,7/16/2018 9:18:10 AM,Microsoft-Windows-Security-SPP,12288,None,"The client has sent an activation request to the key management service machine.
Info:
0x80072AF9, 0x00000000, vmw8redstone01.corp.premierinc.com:1688, 98e315f1-2e03-4cfa-b026-ef79751044b4, 2018/07/16 15:15, 1, 1, 191746, 73111121-5638-40f6-bc11-f1d7b0d64300, 25"
Information,7/16/2018 9:18:10 AM,Microsoft-Windows-Security-SPP,12288,None,"The client has sent an activation request to the key management service machine.
Info:
0xC004F042, 0x00000000, c3piadmin1.corp.premierinc.com:1688, 98e315f1-2e03-4cfa-b026-ef79751044b4, 2018/07/16 15:15, 1, 1, 191746, 73111121-5638-40f6-bc11-f1d7b0d64300, 25"
Information,7/16/2018 9:18:09 AM,Microsoft-Windows-Security-SPP,12288,None,"The client has sent an activation request to the key management service machine.
Info:
0xC0020017, 0x00000000, 46532CSAPP-W8.corp.premierinc.com:1688, 98e315f1-2e03-4cfa-b026-ef79751044b4, 2018/07/16 15:15, 1, 1, 191746, 73111121-5638-40f6-bc11-f1d7b0d64300, 25"
Information,7/16/2018 9:18:03 AM,Microsoft-Windows-Security-SPP,12288,None,"The client has sent an activation request to the key management service machine.
Info:
0xC0020017, 0x00000000, 46499FMAHONEY-8.corp.premierinc.com:1688, 98e315f1-2e03-4cfa-b026-ef79751044b4, 2018/07/16 15:17, 1, 1, 191744, 73111121-5638-40f6-bc11-f1d7b0d64300, 25"
Information,7/16/2018 9:17:54 AM,Microsoft-Windows-Security-SPP,1003,None,"The Software Protection service has completed licensing status check.
Application Id=0ff1ce15-a989-479d-af46-f275c6370663
Licensing Status=
1: e13ac10e-75d0-4aff-a0cd-764982cf541c, 1, 1 [(0 [0x00000000, 1, 0], [(?)( 1 0x00000000)(?)( 2 0x00000000 0 0 msft:rm/algorithm/volume/1.0 0x00000000 250579)(?)(?)(?)(?)])(1 )(2 )(3 )]

"
Information,7/16/2018 9:17:54 AM,Microsoft-Windows-Security-SPP,1003,None,"The Software Protection service has completed licensing status check.
Application Id=0ff1ce15-a989-479d-af46-f275c6370663
Licensing Status=
1: b322da9c-a2e2-4058-9e4e-f59a6970bd69, 1, 1 [(0 [0x00000000, 1, 0], [(?)( 1 0x00000000)(?)( 2 0x00000000 0 0 msft:rm/algorithm/volume/1.0 0x00000000 250579)(?)(?)(?)(?)])(1 )(2 )(3 )]

"
Information,7/16/2018 9:17:53 AM,Microsoft-Windows-Security-SPP,1003,None,"The Software Protection service has completed licensing status check.
Application Id=0ff1ce15-a989-479d-af46-f275c6370663
Licensing Status=
1: 427a28d1-d17c-4abf-b717-32c780ba6f07, 1, 1 [(0 [0x00000000, 1, 0], [(?)( 1 0x00000000)(?)( 2 0x00000000 0 0 msft:rm/algorithm/volume/1.0 0x00000000 250579)(?)(?)(?)(?)])(1 )(2 )(3 )]

"
Information,7/16/2018 9:17:53 AM,Microsoft-Windows-Security-SPP,1003,None,"The Software Protection service has completed licensing status check.
Application Id=0ff1ce15-a989-479d-af46-f275c6370663
Licensing Status=
1: 2b88c4f2-ea8f-43cd-805e-4d41346e18a7, 1, 0 [(0 [0xC004F014, 0, 0], [(?)(?)(?)(?)(?)(?)(?)(?)])(1 )(2 )(3 )]
2: 2b9e4a37-6230-4b42-bee2-e25ce86c8c7a, 1, 0 [(0 [0xC004F014, 0, 0], [(?)(?)(?)(?)(?)(?)(?)(?)])(1 )(2 )(3 )]
3: 3e4294dd-a765-49bc-8dbd-cf8b62a4bd3d, 1, 0 [(0 [0xC004F014, 0, 0], [(?)(?)(?)(?)(?)(?)(?)(?)])(1 )(2 )(3 )]
4: 427a28d1-d17c-4abf-b717-32c780ba6f07, 1, 1 [(0 [0x00000000, 1, 0], [(?)( 1 0x00000000)(?)( 2 0x00000000 0 0 msft:rm/algorithm/volume/1.0 0x00000000 250579)(?)(?)(?)(?)])(1 )(2 )(3 )]
5: b322da9c-a2e2-4058-9e4e-f59a6970bd69, 1, 1 [(0 [0x00000000, 1, 0], [(?)( 1 0x00000000)(?)( 2 0x00000000 0 0 msft:rm/algorithm/volume/1.0 0x00000000 250579)(?)(?)(?)(?)])(1 )(2 )(3 )]
6: e13ac10e-75d0-4aff-a0cd-764982cf541c, 1, 1 [(0 [0x00000000, 1, 0], [(?)( 1 0x00000000)(?)( 2 0x00000000 0 0 msft:rm/algorithm/volume/1.0 0x00000000 250579)(?)(?)(?)(?)])(1 )(2 )(3 )]

"
Information,7/16/2018 9:17:49 AM,Microsoft-Windows-Security-SPP,12288,None,"The client has sent an activation request to the key management service machine.
Info:
0x80072AF9, 0x00000000, vmw8redstone01.corp.premierinc.com:1688, 98e315f1-2e03-4cfa-b026-ef79751044b4, 2018/07/16 15:17, 1, 1, 191744, 73111121-5638-40f6-bc11-f1d7b0d64300, 25"
Information,7/16/2018 9:17:49 AM,Microsoft-Windows-Security-SPP,12288,None,"The client has sent an activation request to the key management service machine.
Info:
0x80072AF9, 0x00000000, vmW7x64Off10v11.corp.premierinc.com:1688, 98e315f1-2e03-4cfa-b026-ef79751044b4, 2018/07/16 15:17, 1, 1, 191744, 73111121-5638-40f6-bc11-f1d7b0d64300, 25"
Information,7/16/2018 9:17:49 AM,Microsoft-Windows-Security-SPP,12288,None,"The client has sent an activation request to the key management service machine.
Info:
0x80072AF9, 0x00000000, vmw8redstone01.corp.premierinc.com:1688, 98e315f1-2e03-4cfa-b026-ef79751044b4, 2018/07/16 15:15, 1, 1, 191747, 73111121-5638-40f6-bc11-f1d7b0d64300, 25"
Information,7/16/2018 9:17:49 AM,Microsoft-Windows-Security-SPP,12288,None,"The client has sent an activation request to the key management service machine.
Info:
0xC0020017, 0x00000000, 46497ALEWIS1-W8.corp.premierinc.com:1688, 98e315f1-2e03-4cfa-b026-ef79751044b4, 2018/07/16 15:15, 1, 1, 191747, 73111121-5638-40f6-bc11-f1d7b0d64300, 25"
Information,7/16/2018 9:17:48 AM,Microsoft-Windows-Security-SPP,12288,None,"The client has sent an activation request to the key management service machine.
Info:
0xC0020017, 0x00000000, 46500RKISSICK-8.corp.premierinc.com:1688, 98e315f1-2e03-4cfa-b026-ef79751044b4, 2018/07/16 15:15, 1, 1, 191746, 73111121-5638-40f6-bc11-f1d7b0d64300, 25"
Information,7/16/2018 9:17:42 AM,Microsoft-Windows-Security-SPP,12288,None,"The client has sent an activation request to the key management service machine.
Info:
0x80072AF9, 0x00000000, vmw7x64off13v11.corp.premierinc.com:1688, 98e315f1-2e03-4cfa-b026-ef79751044b4, 2018/07/16 15:17, 1, 1, 191744, 73111121-5638-40f6-bc11-f1d7b0d64300, 25"
Information,7/16/2018 9:17:38 AM,Microsoft-Windows-Security-SPP,12288,None,"The client has sent an activation request to the key management service machine.
Info:
0x80072AF9, 0x00000000, vmw8redstone03.corp.premierinc.com:1688, 98e315f1-2e03-4cfa-b026-ef79751044b4, 2018/07/16 15:15, 1, 1, 191747, 73111121-5638-40f6-bc11-f1d7b0d64300, 25"
Information,7/16/2018 9:17:38 AM,Microsoft-Windows-Security-SPP,12288,None,"The client has sent an activation request to the key management service machine.
Info:
0xC0020017, 0x00000000, 46499FMAHONEY-8.corp.premierinc.com:1688, 98e315f1-2e03-4cfa-b026-ef79751044b4, 2018/07/16 15:15, 1, 1, 191747, 73111121-5638-40f6-bc11-f1d7b0d64300, 25"
Information,7/16/2018 9:17:28 AM,Microsoft-Windows-Security-SPP,12288,None,"The client has sent an activation request to the key management service machine.
Info:
0xC0020017, 0x00000000, 46532CSAPP-W8.corp.premierinc.com:1688, 98e315f1-2e03-4cfa-b026-ef79751044b4, 2018/07/16 15:15, 1, 1, 191747, 73111121-5638-40f6-bc11-f1d7b0d64300, 25"
Information,7/16/2018 9:17:27 AM,Microsoft-Windows-Security-SPP,12288,None,"The client has sent an activation request to the key management service machine.
Info:
0x80072AF9, 0x00000000, vmw8redstone03.corp.premierinc.com:1688, 98e315f1-2e03-4cfa-b026-ef79751044b4, 2018/07/16 15:15, 1, 1, 191746, 73111121-5638-40f6-bc11-f1d7b0d64300, 25"
Information,7/16/2018 9:17:27 AM,Microsoft-Windows-Security-SPP,12288,None,"The client has sent an activation request to the key management service machine.
Info:
0xC0020017, 0x00000000, 46497ALEWIS1-W8.corp.premierinc.com:1688, 98e315f1-2e03-4cfa-b026-ef79751044b4, 2018/07/16 15:15, 1, 1, 191746, 73111121-5638-40f6-bc11-f1d7b0d64300, 25"
Information,7/16/2018 9:17:17 AM,Microsoft-Windows-Security-SPP,12288,None,"The client has sent an activation request to the key management service machine.
Info:
0x80072AF9, 0x00000000, vmw8redstone01.corp.premierinc.com:1688, 98e315f1-2e03-4cfa-b026-ef79751044b4, 2018/07/16 15:15, 1, 1, 191747, 73111121-5638-40f6-bc11-f1d7b0d64300, 25"
Information,7/16/2018 9:17:17 AM,Microsoft-Windows-Security-SPP,12288,None,"The client has sent an activation request to the key management service machine.
Info:
0xC0020017, 0x00000000, vmw8su_c_001.corp.premierinc.com:1688, 98e315f1-2e03-4cfa-b026-ef79751044b4, 2018/07/16 15:15, 1, 1, 191747, 73111121-5638-40f6-bc11-f1d7b0d64300, 25"
Information,7/16/2018 9:17:16 AM,Microsoft-Windows-Security-SPP,12288,None,"The client has sent an activation request to the key management service machine.
Info:
0xC004F042, 0x00000000, c2pieposcan2.corp.premierinc.com:1688, 98e315f1-2e03-4cfa-b026-ef79751044b4, 2018/07/16 15:15, 1, 1, 191747, 73111121-5638-40f6-bc11-f1d7b0d64300, 25"
Information,7/16/2018 9:17:16 AM,Microsoft-Windows-Security-SPP,12288,None,"The client has sent an activation request to the key management service machine.
Info:
0xC0020017, 0x00000000, 46534NSMITH2-8.corp.premierinc.com:1688, 98e315f1-2e03-4cfa-b026-ef79751044b4, 2018/07/16 15:15, 1, 1, 191747, 73111121-5638-40f6-bc11-f1d7b0d64300, 25"
Information,7/16/2018 9:17:07 AM,Microsoft-Windows-Security-SPP,12288,None,"The client has sent an activation request to the key management service machine.
Info:
0xC004F042, 0x00000000, c3pimdt1.corp.premierinc.com:1688, 98e315f1-2e03-4cfa-b026-ef79751044b4, 2018/07/16 15:15, 1, 1, 191747, 73111121-5638-40f6-bc11-f1d7b0d64300, 25"
Information,7/16/2018 9:17:07 AM,Microsoft-Windows-Security-SPP,12288,None,"The client has sent an activation request to the key management service machine.
Info:
0xC0020017, 0x00000000, 46534NSMITH2-8.corp.premierinc.com:1688, 98e315f1-2e03-4cfa-b026-ef79751044b4, 2018/07/16 15:15, 1, 1, 191747, 73111121-5638-40f6-bc11-f1d7b0d64300, 25"
Information,7/16/2018 9:17:06 AM,Microsoft-Windows-Security-SPP,12288,None,"The client has sent an activation request to the key management service machine.
Info:
0xC004F042, 0x00000000, c3pimdt1.corp.premierinc.com:1688, 98e315f1-2e03-4cfa-b026-ef79751044b4, 2018/07/16 15:15, 1, 1, 191746, 73111121-5638-40f6-bc11-f1d7b0d64300, 25"
Information,7/16/2018 9:17:06 AM,Microsoft-Windows-Security-SPP,12288,None,"The client has sent an activation request to the key management service machine.
Info:
0xC0020017, 0x00000000, 46533DOKELLEY-8.corp.premierinc.com:1688, 98e315f1-2e03-4cfa-b026-ef79751044b4, 2018/07/16 15:15, 1, 1, 191746, 73111121-5638-40f6-bc11-f1d7b0d64300, 25"
Information,7/16/2018 9:16:55 AM,Microsoft-Windows-Security-SPP,12288,None,"The client has sent an activation request to the key management service machine.
Info:
0x80072AF9, 0x00000000, vmw8su_name.corp.premierinc.com:1688, 98e315f1-2e03-4cfa-b026-ef79751044b4, 2018/07/16 15:15, 1, 1, 191747, 73111121-5638-40f6-bc11-f1d7b0d64300, 25"
Information,7/16/2018 9:16:55 AM,Microsoft-Windows-Security-SPP,12288,None,"The client has sent an activation request to the key management service machine.
Info:
0xC004F042, 0x00000000, c3pimdt1.corp.premierinc.com:1688, 98e315f1-2e03-4cfa-b026-ef79751044b4, 2018/07/16 15:15, 1, 1, 191747, 73111121-5638-40f6-bc11-f1d7b0d64300, 25"
Information,7/16/2018 9:16:55 AM,Microsoft-Windows-Security-SPP,12288,None,"The client has sent an activation request to the key management service machine.
Info:
0xC0020017, 0x00000000, 46497ALEWIS1-W8.corp.premierinc.com:1688, 98e315f1-2e03-4cfa-b026-ef79751044b4, 2018/07/16 15:15, 1, 1, 191747, 73111121-5638-40f6-bc11-f1d7b0d64300, 25"
Information,7/16/2018 9:16:46 AM,Microsoft-Windows-Security-SPP,12288,None,"The client has sent an activation request to the key management service machine.
Info:
0x80072AF9, 0x00000000, vmW7x64Off10v11.corp.premierinc.com:1688, 98e315f1-2e03-4cfa-b026-ef79751044b4, 2018/07/16 15:15, 1, 1, 191747, 73111121-5638-40f6-bc11-f1d7b0d64300, 25"
Information,7/16/2018 9:16:46 AM,Microsoft-Windows-Security-SPP,12288,None,"The client has sent an activation request to the key management service machine.
Info:
0x8007000D, 0x00000000, c3pigpsdsh2.corp.premierinc.com:1688, 98e315f1-2e03-4cfa-b026-ef79751044b4, 2018/07/16 15:15, 1, 1, 191747, 73111121-5638-40f6-bc11-f1d7b0d64300, 25"
Information,7/16/2018 9:16:46 AM,Microsoft-Windows-Security-SPP,12288,None,"The client has sent an activation request to the key management service machine.
Info:
0x80072AF9, 0x00000000, vmw8redstone03.corp.premierinc.com:1688, 98e315f1-2e03-4cfa-b026-ef79751044b4, 2018/07/16 15:15, 1, 1, 191747, 73111121-5638-40f6-bc11-f1d7b0d64300, 25"
Information,7/16/2018 9:16:46 AM,Microsoft-Windows-Security-SPP,12288,None,"The client has sent an activation request to the key management service machine.
Info:
0xC0020017, 0x00000000, vmw8su_c_001.corp.premierinc.com:1688, 98e315f1-2e03-4cfa-b026-ef79751044b4, 2018/07/16 15:15, 1, 1, 191747, 73111121-5638-40f6-bc11-f1d7b0d64300, 25"
Information,7/16/2018 9:16:45 AM,Microsoft-Windows-Security-SPP,12288,None,"The client has sent an activation request to the key management service machine.
Info:
0x80072AF9, 0x00000000, vmw8su_name.corp.premierinc.com:1688, 98e315f1-2e03-4cfa-b026-ef79751044b4, 2018/07/16 15:15, 1, 1, 191746, 73111121-5638-40f6-bc11-f1d7b0d64300, 25"
Information,7/16/2018 9:16:45 AM,Microsoft-Windows-Security-SPP,12288,None,"The client has sent an activation request to the key management service machine.
Info:
0x80072AF9, 0x00000000, vmw7x64off13v11.corp.premierinc.com:1688, 98e315f1-2e03-4cfa-b026-ef79751044b4, 2018/07/16 15:15, 1, 1, 191746, 73111121-5638-40f6-bc11-f1d7b0d64300, 25"
Information,7/16/2018 9:16:45 AM,Microsoft-Windows-Security-SPP,12288,None,"The client has sent an activation request to the key management service machine.
Info:
0xC004F042, 0x00000000, c2pieposcan2.corp.premierinc.com:1688, 98e315f1-2e03-4cfa-b026-ef79751044b4, 2018/07/16 15:15, 1, 1, 191746, 73111121-5638-40f6-bc11-f1d7b0d64300, 25"
Information,7/16/2018 9:16:45 AM,Microsoft-Windows-Security-SPP,12288,None,"The client has sent an activation request to the key management service machine.
Info:
0xC0020017, 0x00000000, 46534NSMITH2-8.corp.premierinc.com:1688, 98e315f1-2e03-4cfa-b026-ef79751044b4, 2018/07/16 15:15, 1, 1, 191746, 73111121-5638-40f6-bc11-f1d7b0d64300, 25"
Information,7/16/2018 9:16:44 AM,Microsoft-Windows-Security-SPP,12288,None,"The client has sent an activation request to the key management service machine.
Info:
0xC0020017, 0x00000000, 46499FMAHONEY-8.corp.premierinc.com:1688, 98e315f1-2e03-4cfa-b026-ef79751044b4, 2018/07/16 15:15, 1, 1, 191747, 73111121-5638-40f6-bc11-f1d7b0d64300, 25"
Information,7/16/2018 9:16:33 AM,Microsoft-Windows-Security-SPP,12288,None,"The client has sent an activation request to the key management service machine.
Info:
0x8007000D, 0x00000000, c3pigpsdsh2.corp.premierinc.com:1688, 98e315f1-2e03-4cfa-b026-ef79751044b4, 2018/07/16 15:15, 1, 1, 191747, 73111121-5638-40f6-bc11-f1d7b0d64300, 25"
Information,7/16/2018 9:16:33 AM,Microsoft-Windows-Security-SPP,12288,None,"The client has sent an activation request to the key management service machine.
Info:
0xC004F042, 0x00000000, c3piadmin1.corp.premierinc.com:1688, 98e315f1-2e03-4cfa-b026-ef79751044b4, 2018/07/16 15:15, 1, 1, 191747, 73111121-5638-40f6-bc11-f1d7b0d64300, 25"
Information,7/16/2018 9:16:33 AM,Microsoft-Windows-Security-SPP,12288,None,"The client has sent an activation request to the key management service machine.
Info:
0xC0020017, 0x00000000, 46494TWINNING-8.corp.premierinc.com:1688, 98e315f1-2e03-4cfa-b026-ef79751044b4, 2018/07/16 15:15, 1, 1, 191747, 73111121-5638-40f6-bc11-f1d7b0d64300, 25"
Information,7/16/2018 9:16:24 AM,Microsoft-Windows-Security-SPP,12288,None,"The client has sent an activation request to the key management service machine.
Info:
0xC0020017, 0x00000000, 46499FMAHONEY-8.corp.premierinc.com:1688, 98e315f1-2e03-4cfa-b026-ef79751044b4, 2018/07/16 15:15, 1, 1, 191746, 73111121-5638-40f6-bc11-f1d7b0d64300, 25"
Information,7/16/2018 9:16:23 AM,Microsoft-Windows-Security-SPP,12288,None,"The client has sent an activation request to the key management service machine.
Info:
0xC004F042, 0x00000000, c3piadmin1.corp.premierinc.com:1688, 98e315f1-2e03-4cfa-b026-ef79751044b4, 2018/07/16 15:15, 1, 1, 191747, 73111121-5638-40f6-bc11-f1d7b0d64300, 25"
Information,7/16/2018 9:16:23 AM,Microsoft-Windows-Security-SPP,12288,None,"The client has sent an activation request to the key management service machine.
Info:
0x80072AF9, 0x00000000, vmw8su_name.corp.premierinc.com:1688, 98e315f1-2e03-4cfa-b026-ef79751044b4, 2018/07/16 15:15, 1, 1, 191747, 73111121-5638-40f6-bc11-f1d7b0d64300, 25"
Information,7/16/2018 9:16:23 AM,Microsoft-Windows-Security-SPP,12288,None,"The client has sent an activation request to the key management service machine.
Info:
0xC0020017, 0x00000000, 46500RKISSICK-8.corp.premierinc.com:1688, 98e315f1-2e03-4cfa-b026-ef79751044b4, 2018/07/16 15:15, 1, 1, 191747, 73111121-5638-40f6-bc11-f1d7b0d64300, 25"
Information,7/16/2018 9:16:12 AM,Microsoft-Windows-Security-SPP,12288,None,"The client has sent an activation request to the key management service machine.
Info:
0xC0020017, 0x00000000, 46533DOKELLEY-8.corp.premierinc.com:1688, 98e315f1-2e03-4cfa-b026-ef79751044b4, 2018/07/16 15:15, 1, 1, 191747, 73111121-5638-40f6-bc11-f1d7b0d64300, 25"
Information,7/16/2018 9:16:02 AM,Microsoft-Windows-Security-SPP,12288,None,"The client has sent an activation request to the key management service machine.
Info:
0xC0020017, 0x00000000, vmw8su_c_001.corp.premierinc.com:1688, 98e315f1-2e03-4cfa-b026-ef79751044b4, 2018/07/16 15:15, 1, 1, 191746, 73111121-5638-40f6-bc11-f1d7b0d64300, 25"
Information,7/16/2018 9:16:02 AM,Microsoft-Windows-Security-SPP,12288,None,"The client has sent an activation request to the key management service machine.
Info:
0x80072AF9, 0x00000000, vmw8su_c_01.corp.premierinc.com:1688, 98e315f1-2e03-4cfa-b026-ef79751044b4, 2018/07/16 15:15, 1, 1, 191747, 73111121-5638-40f6-bc11-f1d7b0d64300, 25"
Information,7/16/2018 9:16:02 AM,Microsoft-Windows-Security-SPP,12288,None,"The client has sent an activation request to the key management service machine.
Info:
0x80072AF9, 0x00000000, vmw7x64off13v11.corp.premierinc.com:1688, 98e315f1-2e03-4cfa-b026-ef79751044b4, 2018/07/16 15:15, 1, 1, 191747, 73111121-5638-40f6-bc11-f1d7b0d64300, 25"
Information,7/16/2018 9:16:02 AM,Microsoft-Windows-Security-SPP,12288,None,"The client has sent an activation request to the key management service machine.
Info:
0xC004F042, 0x00000000, c2pieposcan2.corp.premierinc.com:1688, 98e315f1-2e03-4cfa-b026-ef79751044b4, 2018/07/16 15:15, 1, 1, 191747, 73111121-5638-40f6-bc11-f1d7b0d64300, 25"
Information,7/16/2018 9:16:01 AM,Microsoft-Windows-Security-SPP,12288,None,"The client has sent an activation request to the key management service machine.
Info:
0xC0020017, 0x00000000, 46533DOKELLEY-8.corp.premierinc.com:1688, 98e315f1-2e03-4cfa-b026-ef79751044b4, 2018/07/16 15:15, 1, 1, 191747, 73111121-5638-40f6-bc11-f1d7b0d64300, 25"
Information,7/16/2018 9:16:01 AM,Microsoft-Windows-Security-SPP,12288,None,"The client has sent an activation request to the key management service machine.
Info:
0x80072AF9, 0x00000000, vmw8su_c_01.corp.premierinc.com:1688, 98e315f1-2e03-4cfa-b026-ef79751044b4, 2018/07/16 15:15, 1, 1, 191746, 73111121-5638-40f6-bc11-f1d7b0d64300, 25"
Information,7/16/2018 9:16:01 AM,Microsoft-Windows-Security-SPP,12288,None,"The client has sent an activation request to the key management service machine.
Info:
0xC0020017, 0x00000000, 46494TWINNING-8.corp.premierinc.com:1688, 98e315f1-2e03-4cfa-b026-ef79751044b4, 2018/07/16 15:15, 1, 1, 191746, 73111121-5638-40f6-bc11-f1d7b0d64300, 25"
Information,7/16/2018 9:15:51 AM,Microsoft-Windows-Security-SPP,12288,None,"The client has sent an activation request to the key management service machine.
Info:
0x80072AF9, 0x00000000, vmw7x64off13v11.corp.premierinc.com:1688, 98e315f1-2e03-4cfa-b026-ef79751044b4, 2018/07/16 15:15, 1, 1, 191747, 73111121-5638-40f6-bc11-f1d7b0d64300, 25"
Information,7/16/2018 9:15:51 AM,Microsoft-Windows-Security-SPP,12288,None,"The client has sent an activation request to the key management service machine.
Info:
0xC0020017, 0x00000000, 46500RKISSICK-8.corp.premierinc.com:1688, 98e315f1-2e03-4cfa-b026-ef79751044b4, 2018/07/16 15:15, 1, 1, 191747, 73111121-5638-40f6-bc11-f1d7b0d64300, 25"
Information,7/16/2018 9:15:40 AM,Microsoft-Windows-Security-SPP,12288,None,"The client has sent an activation request to the key management service machine.
Info:
0xC0020017, 0x00000000, 46494TWINNING-8.corp.premierinc.com:1688, 98e315f1-2e03-4cfa-b026-ef79751044b4, 2018/07/16 15:15, 1, 1, 191747, 73111121-5638-40f6-bc11-f1d7b0d64300, 25"
Information,7/16/2018 9:15:35 AM,Microsoft-Windows-Security-SPP,8230,None,"The rules engine successfully re-evaluated the schedule.
Kernel policies:
Security-SPP-Action-StateData (REG_SZ) =AppId=55c92734-d682-4d71-983e-d6ec3f16059f;GraceEndDate=2018/11/26:19:02:32;LastConsumptionReason=0x00000000;LastNotificationId=VolumeRenewalRequired;LicenseState=SL_LICENSING_STATUS_LICENSED;PartialProductKey=2YT43;ProductKeyType=Volume:GVLK;SkuId=73111121-5638-40f6-bc11-f1d7b0d64300;ruleId=502ff3ba-669a-4674-bbb1-601f34a3b968;uxDifferentiator=ENVIRONMENT;volumeActivationOrder=normal"
Information,7/16/2018 9:15:31 AM,SynTPEnhService,0,None,"The description for Event ID 0 from source SynTPEnhService cannot be found. Either the component that raises this event is not installed on your local computer or the installation is corrupted. You can install or repair the component on the local computer.

If the event originated on another computer, the display information had to be saved with the event.

The following information was included with the event: 

SynTPEnhService
CEnhanceCallerService::Update: SessionID: 8
"
Information,7/16/2018 9:15:31 AM,SynTPEnhService,0,None,"The description for Event ID 0 from source SynTPEnhService cannot be found. Either the component that raises this event is not installed on your local computer or the installation is corrupted. You can install or repair the component on the local computer.

If the event originated on another computer, the display information had to be saved with the event.

The following information was included with the event: 

SynTPEnhService
CEnhanceCallerService::Update: Message1: 26, Message2:28
"
Information,7/16/2018 9:15:30 AM,Microsoft-Windows-Security-SPP,12288,None,"The client has sent an activation request to the key management service machine.
Info:
0x80072AF9, 0x00000000, vmw8su_c_01.corp.premierinc.com:1688, 98e315f1-2e03-4cfa-b026-ef79751044b4, 2018/07/16 15:15, 1, 1, 191747, 73111121-5638-40f6-bc11-f1d7b0d64300, 25"
Information,7/16/2018 9:15:30 AM,Microsoft-Windows-Security-SPP,12288,None,"The client has sent an activation request to the key management service machine.
Info:
0x80072AF9, 0x00000000, vmW7x64Off10v11.corp.premierinc.com:1688, 98e315f1-2e03-4cfa-b026-ef79751044b4, 2018/07/16 15:15, 1, 1, 191747, 73111121-5638-40f6-bc11-f1d7b0d64300, 25"
Information,7/16/2018 9:15:30 AM,Microsoft-Windows-Security-SPP,12288,None,"The client has sent an activation request to the key management service machine.
Info:
0xC0020017, 0x00000000, 46532CSAPP-W8.corp.premierinc.com:1688, 98e315f1-2e03-4cfa-b026-ef79751044b4, 2018/07/16 15:15, 1, 1, 191747, 73111121-5638-40f6-bc11-f1d7b0d64300, 25"
Information,7/16/2018 9:15:29 AM,igfxCUIService1.0.0.0,0,None,"The description for Event ID 0 from source igfxCUIService1.0.0.0 cannot be found. Either the component that raises this event is not installed on your local computer or the installation is corrupted. You can install or repair the component on the local computer.

If the event originated on another computer, the display information had to be saved with the event.

The following information was included with the event: 

Received Post Shell Event 8

"
Information,7/16/2018 9:15:29 AM,Microsoft-Windows-Winlogon,6000,None,The winlogon notification subscriber <SessionEnv> was unavailable to handle a notification event.
Information,7/16/2018 9:15:26 AM,SynTPEnhService,0,None,"The description for Event ID 0 from source SynTPEnhService cannot be found. Either the component that raises this event is not installed on your local computer or the installation is corrupted. You can install or repair the component on the local computer.

If the event originated on another computer, the display information had to be saved with the event.

The following information was included with the event: 

SynTPEnhService
Log on New Session:8 Launch Enh
"
Information,7/16/2018 9:15:26 AM,SynTPEnhService,0,None,"The description for Event ID 0 from source SynTPEnhService cannot be found. Either the component that raises this event is not installed on your local computer or the installation is corrupted. You can install or repair the component on the local computer.

If the event originated on another computer, the display information had to be saved with the event.

The following information was included with the event: 

SynTPEnhService
Session Changed User Log on
"
Information,7/16/2018 9:15:26 AM,igfxCUIService1.0.0.0,0,None,"The description for Event ID 0 from source igfxCUIService1.0.0.0 cannot be found. Either the component that raises this event is not installed on your local computer or the installation is corrupted. You can install or repair the component on the local computer.

If the event originated on another computer, the display information had to be saved with the event.

The following information was included with the event: 

Logon: 8

"
Information,7/16/2018 9:15:26 AM,igfxCUIService1.0.0.0,0,None,"The description for Event ID 0 from source igfxCUIService1.0.0.0 cannot be found. Either the component that raises this event is not installed on your local computer or the installation is corrupted. You can install or repair the component on the local computer.

If the event originated on another computer, the display information had to be saved with the event.

The following information was included with the event: 

Log on event received User1

"
Information,7/16/2018 9:15:26 AM,Avecto Defendpoint Service,300,None,"Detected user logon.								  Logon Session ID: f160834a-4c5a-4a50-bb40-645036ef4f19 Administrator: true Power User: false Workstyle: Privilege Guard.Elevated Admin Workstyle Description: <None> Workstyle ID: 75621e41-e103-4e6b-8bc3-e87962b03ff7 User SID: S-1-5-21-1223559079-994587851-4263662072-43138 User Name: mliu User Domain SID: S-1-5-21-1223559079-994587851-4263662072 User Domain Name: CORP User Domain Name NetBIOS: CORP Host SID: S-1-5-21-1223559079-994587851-4263662072-125936 Host Name: 45212MLIU-7 Host Name NetBIOS: 45212MLIU-7 Host Domain SID: S-1-5-21-1223559079-994587851-4263662072 Host Domain Name: corp.premierinc.com Host Domain Name NetBIOS: CORP Event ID: adb08766-421f-4189-b25e-6284f4a08b3e Logon Time: 131762277260659922 UI Language: 1033 Locale: 1033 Time Zone: Mountain Standard Time (+420) Terminal Session ID: 8 IP4 Addresses: 169.254.207.82,127.0.0.1,192.168.163.1,192.168.26.1,206.71.92.121"
Information,7/16/2018 9:15:24 AM,Microsoft-Windows-Winlogon,6003,None,The winlogon notification subscriber <SessionEnv> was unavailable to handle a critical notification event.
Information,7/16/2018 9:15:17 AM,Microsoft-Windows-Security-SPP,8230,None,"The rules engine successfully re-evaluated the schedule.
Kernel policies:
Security-SPP-Action-StateData (REG_SZ) =AppId=55c92734-d682-4d71-983e-d6ec3f16059f;GraceEndDate=2018/11/26:19:02:14;LastConsumptionReason=0x00000000;LastNotificationId=VolumeRenewalRequired;LicenseState=SL_LICENSING_STATUS_LICENSED;PartialProductKey=2YT43;ProductKeyType=Volume:GVLK;SkuId=73111121-5638-40f6-bc11-f1d7b0d64300;ruleId=502ff3ba-669a-4674-bbb1-601f34a3b968;uxDifferentiator=ENVIRONMENT;volumeActivationOrder=normal"
Warning,7/16/2018 9:15:12 AM,Microsoft-Windows-CertificateServicesClient-AutoEnrollment,64,None,Certificate for local system with Thumbprint c3 61 c2 31 d0 73 ec db 79 3f e9 10 64 1d b0 49 50 29 15 be is about to expire or already expired.
Information,7/16/2018 9:14:51 AM,Microsoft-Windows-Security-SPP,8230,None,"The rules engine successfully re-evaluated the schedule.
Kernel policies:
Security-SPP-Action-StateData (REG_SZ) =AppId=55c92734-d682-4d71-983e-d6ec3f16059f;GraceEndDate=2018/11/26:19:02:28;LastConsumptionReason=0x00000000;LastNotificationId=VolumeRenewalRequired;LicenseState=SL_LICENSING_STATUS_LICENSED;PartialProductKey=2YT43;ProductKeyType=Volume:GVLK;SkuId=73111121-5638-40f6-bc11-f1d7b0d64300;ruleId=502ff3ba-669a-4674-bbb1-601f34a3b968;uxDifferentiator=ENVIRONMENT;volumeActivationOrder=normal"
Warning,7/12/2018 5:15:42 PM,ESENT,508,Performance,"wuaueng.dll (19176) SUS20ClientDataStore: A request to write to the file ""C:\WINDOWS\SoftwareDistribution\DataStore\DataStore.edb"" at offset 901120 (0x00000000000dc000) for 16384 (0x00004000) bytes succeeded, but took an abnormally long time (20 seconds) to be serviced by the OS. This problem is likely due to faulty hardware. Please contact your hardware vendor for further assistance diagnosing the problem."
Information,7/12/2018 5:14:28 PM,SynTPEnhService,0,None,"The description for Event ID 0 from source SynTPEnhService cannot be found. Either the component that raises this event is not installed on your local computer or the installation is corrupted. You can install or repair the component on the local computer.

If the event originated on another computer, the display information had to be saved with the event.

The following information was included with the event: 

SynTPEnhService
SessionId:7 no longer exist remove it

"
Information,7/12/2018 5:14:25 PM,Microsoft-Windows-Winlogon,6000,None,The winlogon notification subscriber <SessionEnv> was unavailable to handle a notification event.
Information,7/12/2018 5:14:20 PM,Microsoft-Windows-User Profiles Service,1530,None,"Windows detected your registry file is still in use by other applications or services. The file will be unloaded now. The applications or services that hold your registry file may not function properly afterwards. No user action is required.  

 DETAIL - 
 19 user registry handles leaked from \Registry\User\S-1-5-21-1223559079-994587851-4263662072-43138:
Process 17120 (\Device\HarddiskVolume2\Windows\System32\winlogon.exe) has opened key \REGISTRY\USER\S-1-5-21-1223559079-994587851-4263662072-43138
Process 740 (\Device\HarddiskVolume2\Windows\System32\svchost.exe) has opened key \REGISTRY\USER\S-1-5-21-1223559079-994587851-4263662072-43138\System\GameConfigStore\Parents
Process 1416 (\Device\HarddiskVolume2\Windows\System32\svchost.exe) has opened key \REGISTRY\USER\S-1-5-21-1223559079-994587851-4263662072-43138\Software\Microsoft\CommsAPHost\Test
Process 740 (\Device\HarddiskVolume2\Windows\System32\svchost.exe) has opened key \REGISTRY\USER\S-1-5-21-1223559079-994587851-4263662072-43138\System\GameConfigStore
Process 4092 (\Device\HarddiskVolume2\Windows\System32\svchost.exe) has opened key \REGISTRY\USER\S-1-5-21-1223559079-994587851-4263662072-43138\Software\Policies\Microsoft\Windows\CloudContent
Process 5156 (\Device\HarddiskVolume2\Windows\System32\svchost.exe) has opened key \REGISTRY\USER\S-1-5-21-1223559079-994587851-4263662072-43138\Software\Microsoft\Windows\CurrentVersion\Uninstall
Process 1416 (\Device\HarddiskVolume2\Windows\System32\svchost.exe) has opened key \REGISTRY\USER\S-1-5-21-1223559079-994587851-4263662072-43138\Software\Microsoft\Windows\CurrentVersion\Explorer
Process 4620 (\Device\HarddiskVolume2\Windows\System32\svchost.exe) has opened key \REGISTRY\USER\S-1-5-21-1223559079-994587851-4263662072-43138\Software\Microsoft\Windows\CurrentVersion\Explorer
Process 4092 (\Device\HarddiskVolume2\Windows\System32\svchost.exe) has opened key \REGISTRY\USER\S-1-5-21-1223559079-994587851-4263662072-43138\Software\Microsoft\Windows\CurrentVersion\Privacy
Process 7316 (\Device\HarddiskVolume2\Windows\System32\wbem\WmiPrvSE.exe) has opened key \REGISTRY\USER\S-1-5-21-1223559079-994587851-4263662072-43138\Software\Xerox\PrinterDriver\V5.0\NamedSettings\UNIV
Process 4092 (\Device\HarddiskVolume2\Windows\System32\svchost.exe) has opened key \REGISTRY\USER\S-1-5-21-1223559079-994587851-4263662072-43138\Software\Policies\Microsoft\Windows\DataCollection
Process 1416 (\Device\HarddiskVolume2\Windows\System32\svchost.exe) has opened key \REGISTRY\USER\S-1-5-21-1223559079-994587851-4263662072-43138\Software\Microsoft\Internet Explorer\Main
Process 4620 (\Device\HarddiskVolume2\Windows\System32\svchost.exe) has opened key \REGISTRY\USER\S-1-5-21-1223559079-994587851-4263662072-43138\Software\Microsoft\Internet Explorer\Main
Process 13364 (<Unknown>) has opened key \REGISTRY\USER\S-1-5-21-1223559079-994587851-4263662072-43138\Software\Microsoft\Windows NT\CurrentVersion\Fonts
Process 740 (\Device\HarddiskVolume2\Windows\System32\svchost.exe) has opened key \REGISTRY\USER\S-1-5-21-1223559079-994587851-4263662072-43138\System\GameConfigStore\Children
Process 1416 (\Device\HarddiskVolume2\Windows\System32\svchost.exe) has opened key \REGISTRY\USER\S-1-5-21-1223559079-994587851-4263662072-43138\Software\Microsoft\Internet Explorer\Security
Process 4620 (\Device\HarddiskVolume2\Windows\System32\svchost.exe) has opened key \REGISTRY\USER\S-1-5-21-1223559079-994587851-4263662072-43138\Software\Microsoft\Internet Explorer\Security
Process 1416 (\Device\HarddiskVolume2\Windows\System32\svchost.exe) has opened key \REGISTRY\USER\S-1-5-21-1223559079-994587851-4263662072-43138\Software\Microsoft\Unified Store\HighWaterMarks\C:_Users_mliu_AppData_Local_Comms_UnistoreDB_store.vol
Process 7316 (\Device\HarddiskVolume2\Windows\System32\wbem\WmiPrvSE.exe) has opened key \REGISTRY\USER\S-1-5-21-1223559079-994587851-4263662072-43138\Software\Xerox\PrinterDriver\V5.0\ApplicationDefaults\UNIV
"
Information,7/12/2018 5:14:19 PM,SynTPEnhService,0,None,"The description for Event ID 0 from source SynTPEnhService cannot be found. Either the component that raises this event is not installed on your local computer or the installation is corrupted. You can install or repair the component on the local computer.

If the event originated on another computer, the display information had to be saved with the event.

The following information was included with the event: 

SynTPEnhService
Session Changed User Log off
"
Information,7/12/2018 5:14:19 PM,Avecto Defendpoint Service,300,None,"Detected user logon.								  Logon Session ID: 24ab9dbe-4754-493c-92cd-9495cc4348a4 Administrator: true Power User: false Workstyle: Privilege Guard.Elevated Admin Workstyle Description: <None> Workstyle ID: 75621e41-e103-4e6b-8bc3-e87962b03ff7 User SID: S-1-5-21-1223559079-994587851-4263662072-43138 User Name: mliu User Domain SID: S-1-5-21-1223559079-994587851-4263662072 User Domain Name: CORP User Domain Name NetBIOS: CORP Host SID: S-1-5-21-1223559079-994587851-4263662072-125936 Host Name: 45212MLIU-7 Host Name NetBIOS: 45212MLIU-7 Host Domain SID: S-1-5-21-1223559079-994587851-4263662072 Host Domain Name: corp.premierinc.com Host Domain Name NetBIOS: CORP Event ID: cdb276cf-5b05-4254-a7f5-58caddb35a89 Logon Time: 131759108595481776 UI Language: 1033 Locale: 1033 Time Zone: Mountain Standard Time (+420) Terminal Session ID: 7 IP4 Addresses: 127.0.0.1,192.168.163.1,192.168.26.1,206.71.92.121"
Information,7/12/2018 5:14:19 PM,igfxCUIService1.0.0.0,0,None,"The description for Event ID 0 from source igfxCUIService1.0.0.0 cannot be found. Either the component that raises this event is not installed on your local computer or the installation is corrupted. You can install or repair the component on the local computer.

If the event originated on another computer, the display information had to be saved with the event.

The following information was included with the event: 

 Logoff: 7

"
Information,7/12/2018 5:14:19 PM,igfxCUIService1.0.0.0,0,None,"The description for Event ID 0 from source igfxCUIService1.0.0.0 cannot be found. Either the component that raises this event is not installed on your local computer or the installation is corrupted. You can install or repair the component on the local computer.

If the event originated on another computer, the display information had to be saved with the event.

The following information was included with the event: 

 Logoff: Test

"
Information,7/12/2018 5:14:17 PM,SynTPEnhService,0,None,"The description for Event ID 0 from source SynTPEnhService cannot be found. Either the component that raises this event is not installed on your local computer or the installation is corrupted. You can install or repair the component on the local computer.

If the event originated on another computer, the display information had to be saved with the event.

The following information was included with the event: 

SynTPEnhService
Enh Exit with Exit Code: 0x40010004, ReLanuch Enh for Session:7
"
Information,7/12/2018 5:14:15 PM,SynTPEnhService,0,None,"The description for Event ID 0 from source SynTPEnhService cannot be found. Either the component that raises this event is not installed on your local computer or the installation is corrupted. You can install or repair the component on the local computer.

If the event originated on another computer, the display information had to be saved with the event.

The following information was included with the event: 

SynTPEnhService
CEnhanceCallerService::Update: SessionID: 7
"
Information,7/12/2018 5:14:15 PM,SynTPEnhService,0,None,"The description for Event ID 0 from source SynTPEnhService cannot be found. Either the component that raises this event is not installed on your local computer or the installation is corrupted. You can install or repair the component on the local computer.

If the event originated on another computer, the display information had to be saved with the event.

The following information was included with the event: 

SynTPEnhService
CEnhanceCallerService::Update: Message1: 26, Message2:28
"
Information,7/12/2018 5:14:12 PM,SynTPEnhService,0,None,"The description for Event ID 0 from source SynTPEnhService cannot be found. Either the component that raises this event is not installed on your local computer or the installation is corrupted. You can install or repair the component on the local computer.

If the event originated on another computer, the display information had to be saved with the event.

The following information was included with the event: 

SynTPEnhService
Enh Exit with Exit Code: 0x40010004, ReLanuch Enh for Session:7
"
Information,7/12/2018 5:14:12 PM,Microsoft-Windows-Winsrv,10001,None,The following application attempted to veto the shutdown: mctray.exe.
Information,7/12/2018 5:14:12 PM,Desktop Window Manager,9027,None,The Desktop Window Manager has registered the session port.
Information,7/12/2018 5:01:57 PM,Microsoft-Windows-Security-SPP,1003,None,"The Software Protection service has completed licensing status check.
Application Id=0ff1ce15-a989-479d-af46-f275c6370663
Licensing Status=
1: e13ac10e-75d0-4aff-a0cd-764982cf541c, 1, 1 [(0 [0x00000000, 1, 0], [(?)( 1 0x00000000)(?)( 2 0x00000000 0 0 msft:rm/algorithm/volume/1.0 0x00000000 255875)(?)(?)(?)(?)])(1 )(2 )(3 )]

"
Information,7/12/2018 5:01:57 PM,Microsoft-Windows-Security-SPP,1003,None,"The Software Protection service has completed licensing status check.
Application Id=0ff1ce15-a989-479d-af46-f275c6370663
Licensing Status=
1: b322da9c-a2e2-4058-9e4e-f59a6970bd69, 1, 1 [(0 [0x00000000, 1, 0], [(?)( 1 0x00000000)(?)( 2 0x00000000 0 0 msft:rm/algorithm/volume/1.0 0x00000000 255875)(?)(?)(?)(?)])(1 )(2 )(3 )]

"
Information,7/12/2018 5:01:57 PM,Microsoft-Windows-Security-SPP,1003,None,"The Software Protection service has completed licensing status check.
Application Id=0ff1ce15-a989-479d-af46-f275c6370663
Licensing Status=
1: 427a28d1-d17c-4abf-b717-32c780ba6f07, 1, 1 [(0 [0x00000000, 1, 0], [(?)( 1 0x00000000)(?)( 2 0x00000000 0 0 msft:rm/algorithm/volume/1.0 0x00000000 255875)(?)(?)(?)(?)])(1 )(2 )(3 )]

"
Information,7/12/2018 5:01:57 PM,Microsoft-Windows-Security-SPP,1003,None,"The Software Protection service has completed licensing status check.
Application Id=0ff1ce15-a989-479d-af46-f275c6370663
Licensing Status=
1: 2b88c4f2-ea8f-43cd-805e-4d41346e18a7, 1, 0 [(0 [0xC004F014, 0, 0], [(?)(?)(?)(?)(?)(?)(?)(?)])(1 )(2 )(3 )]
2: 2b9e4a37-6230-4b42-bee2-e25ce86c8c7a, 1, 0 [(0 [0xC004F014, 0, 0], [(?)(?)(?)(?)(?)(?)(?)(?)])(1 )(2 )(3 )]
3: 3e4294dd-a765-49bc-8dbd-cf8b62a4bd3d, 1, 0 [(0 [0xC004F014, 0, 0], [(?)(?)(?)(?)(?)(?)(?)(?)])(1 )(2 )(3 )]
4: 427a28d1-d17c-4abf-b717-32c780ba6f07, 1, 1 [(0 [0x00000000, 1, 0], [(?)( 1 0x00000000)(?)( 2 0x00000000 0 0 msft:rm/algorithm/volume/1.0 0x00000000 255875)(?)(?)(?)(?)])(1 )(2 )(3 )]
5: b322da9c-a2e2-4058-9e4e-f59a6970bd69, 1, 1 [(0 [0x00000000, 1, 0], [(?)( 1 0x00000000)(?)( 2 0x00000000 0 0 msft:rm/algorithm/volume/1.0 0x00000000 255875)(?)(?)(?)(?)])(1 )(2 )(3 )]
6: e13ac10e-75d0-4aff-a0cd-764982cf541c, 1, 1 [(0 [0x00000000, 1, 0], [(?)( 1 0x00000000)(?)( 2 0x00000000 0 0 msft:rm/algorithm/volume/1.0 0x00000000 255875)(?)(?)(?)(?)])(1 )(2 )(3 )]

"
