Warning,6/4/2018 7:19:47 PM,Microsoft-Windows-DNS-Client,8019,(1028),"The system failed to register host (A or AAAA) resource records (RRs) for network adapter
with settings:

           Adapter Name : {D8E1E31A-6CDC-4DF9-A781-06398854202A}
           Host Name : 45212MLIU-7
           Primary Domain Suffix : corp.premierinc.com
           DNS server list :
             	206.71.92.6, 206.71.92.5
           Sent update to server : 10.32.2.53:53
           IP Address(es) :
             206.71.92.121

The reason the system could not register these RRs was because of a security related problem. The cause of this could be (a) your computer does not have permissions to register and update the specific DNS domain name set for this adapter, or (b) there might have been a problem negotiating valid credentials with the DNS server during the processing of the update request.

You can manually retry DNS registration of the network adapter and its settings by typing 'ipconfig /registerdns' at the command prompt. If problems still persist, contact your DNS server or network systems administrator. See event details for specific error code information."
Warning,6/4/2018 7:19:47 PM,Microsoft-Windows-DNS-Client,8019,(1028),"The system failed to register host (A or AAAA) resource records (RRs) for network adapter
with settings:

           Adapter Name : {D8E1E31A-6CDC-4DF9-A781-06398854202A}
           Host Name : 45212MLIU-7
           Primary Domain Suffix : corp.premierinc.com
           DNS server list :
             	206.71.92.6, 206.71.92.5
           Sent update to server : 10.32.2.53:53
           IP Address(es) :
             206.71.92.121

The reason the system could not register these RRs was because of a security related problem. The cause of this could be (a) your computer does not have permissions to register and update the specific DNS domain name set for this adapter, or (b) there might have been a problem negotiating valid credentials with the DNS server during the processing of the update request.

You can manually retry DNS registration of the network adapter and its settings by typing 'ipconfig /registerdns' at the command prompt. If problems still persist, contact your DNS server or network systems administrator. See event details for specific error code information."
Information,6/4/2018 7:19:40 PM,Microsoft-Windows-FilterManager,6,None,"File System Filter 'storqosflt' (10.0, ‎2015‎-‎12‎-‎17T21:36:27.000000000Z) has successfully loaded and registered with Filter Manager."
Error,6/4/2018 7:19:40 PM,Microsoft-Windows-Eventlog,22,Service startup,"The event logging service encountered an error while initializing publishing resources for channel Microsoft-Windows-MBAM/Debug. If channel type is Analytic or Debug, then this could mean there was an error initializing logging resources as well."
Error,6/4/2018 7:19:39 PM,Microsoft-Windows-Eventlog,22,Service startup,"The event logging service encountered an error while initializing publishing resources for channel Microsoft-Windows-MBAM/Analytic. If channel type is Analytic or Debug, then this could mean there was an error initializing logging resources as well."
Error,6/4/2018 7:19:39 PM,Service Control Manager,7000,None,"The CldFlt service failed to start due to the following error: 
The request is not supported."
Information,6/4/2018 7:19:39 PM,Microsoft-Windows-FilterManager,6,None,"File System Filter 'luafv' (10.0, ‎2037‎-‎06‎-‎08T03:55:59.000000000Z) has successfully loaded and registered with Filter Manager."
Error,6/4/2018 7:19:39 PM,Microsoft-Windows-Eventlog,22,Service startup,"The event logging service encountered an error while initializing publishing resources for channel Microsoft-RMS-MSIPC/Debug. If channel type is Analytic or Debug, then this could mean there was an error initializing logging resources as well."
Error,6/4/2018 7:19:39 PM,Microsoft-Windows-Eventlog,22,Service startup,"The event logging service encountered an error while initializing publishing resources for channel DebugChannel. If channel type is Analytic or Debug, then this could mean there was an error initializing logging resources as well."
Information,6/4/2018 7:19:39 PM,Microsoft-Windows-Time-Service,158,None,The time provider 'VMICTimeProvider' has indicated that the current hardware and operating environment is not supported and has stopped. This behavior is expected for VMICTimeProvider on non-HyperV-guest environments. This may be the expected behavior for the current provider in the current operating environment as well.
Warning,6/4/2018 7:19:38 PM,Microsoft-Windows-Time-Service,159,None,"W32time is unable to communicate with Netlogon Service. This failure prevents NTPClient from discovering and using domain peers, besides causing problems with correct W32time service state being advertised by Netlogon. This could be a temporary condition that resolves itself shortly. If this warning repeats over a considerable period of time, ensure the Netlogon service is running and is responsive and restart W32time service to reintiaize the overall state. The error was 0x80070700: An attempt was made to logon, but the network logon service was not started.
"
Information,6/4/2018 7:19:37 PM,Microsoft-Windows-DHCPv6-Client,51046,Service State Event,DHCPv6 client service is started
Information,6/4/2018 7:19:37 PM,Microsoft-Windows-FilterManager,6,None,"File System Filter 'wcifs' (10.0, ‎2079‎-‎07‎-‎15T12:50:57.000000000Z) has successfully loaded and registered with Filter Manager."
Information,6/4/2018 7:19:37 PM,Microsoft-Windows-Dhcp-Client,50103,Service State Event,DHCPv4 client registered for shutdown notification
Information,6/4/2018 7:19:37 PM,Microsoft-Windows-Dhcp-Client,50036,Service State Event,DHCPv4 client service is started
Information,6/4/2018 7:19:10 PM,Microsoft-Windows-Directory-Services-SAM,16962,None,"Remote calls to the SAM database are being restricted using the default security descriptor: O:SYG:SYD:(A;;RC;;;BA).
For more information please see http://go.microsoft.com/fwlink/?LinkId=787651."
Information,6/4/2018 7:19:06 PM,Microsoft-Windows-Wininit,14,None,"Credential Guard (LsaIso.exe) configuration: 0x0, 0"
Information,6/4/2018 7:19:02 PM,e1iexpress,32,None,"Intel(R) 82579LM Gigabit Network Connection
 Network link has been established at 1Gbps full duplex.
"
Information,6/4/2018 7:19:00 PM,Microsoft-Windows-Kernel-Power,521,(220),Active battery count change.
Information,6/4/2018 7:18:59 PM,NETwNe64,7036,None,The \Device\NDMP5 service entered the Intel(R) Centrino(R) Advanced-N 6205 state.
Information,6/4/2018 7:18:59 PM,MEIx64,2,None,Intel(R) Management Engine Interface driver has started successfully.
Information,6/4/2018 7:18:59 PM,Microsoft-Windows-Kernel-Processor-Power,55,(47),"Processor 3 in group 0 exposes the following power management capabilities:

Idle state type: ACPI Idle (C) States (2 state(s))

Performance state type: ACPI Performance (P) / Throttle (T) States
Nominal Frequency (MHz): 2601
Maximum performance percentage: 100
Minimum performance percentage: 46
Minimum throttle percentage: 5"
Information,6/4/2018 7:18:59 PM,Microsoft-Windows-Kernel-Processor-Power,55,(47),"Processor 2 in group 0 exposes the following power management capabilities:

Idle state type: ACPI Idle (C) States (2 state(s))

Performance state type: ACPI Performance (P) / Throttle (T) States
Nominal Frequency (MHz): 2601
Maximum performance percentage: 100
Minimum performance percentage: 46
Minimum throttle percentage: 5"
Information,6/4/2018 7:18:59 PM,Microsoft-Windows-Kernel-Processor-Power,55,(47),"Processor 1 in group 0 exposes the following power management capabilities:

Idle state type: ACPI Idle (C) States (2 state(s))

Performance state type: ACPI Performance (P) / Throttle (T) States
Nominal Frequency (MHz): 2601
Maximum performance percentage: 100
Minimum performance percentage: 46
Minimum throttle percentage: 5"
Information,6/4/2018 7:18:59 PM,Microsoft-Windows-Kernel-Processor-Power,55,(47),"Processor 0 in group 0 exposes the following power management capabilities:

Idle state type: ACPI Idle (C) States (2 state(s))

Performance state type: ACPI Performance (P) / Throttle (T) States
Nominal Frequency (MHz): 2601
Maximum performance percentage: 100
Minimum performance percentage: 46
Minimum throttle percentage: 5"
Information,6/4/2018 7:18:54 PM,Microsoft-Windows-Ntfs,98,None,Volume \\?\Volume{167022d7-4dd4-11e6-8f1d-806e6f6e6963} (\Device\HarddiskVolume1) is healthy.  No action is needed.
Information,6/4/2018 7:18:53 PM,Microsoft-Windows-Ntfs,98,None,Volume \\?\Volume{167022d9-4dd4-11e6-8f1d-806e6f6e6963} (\Device\HarddiskVolume3) is healthy.  No action is needed.
Information,6/4/2018 7:18:52 PM,VMnetAdapter,36,None,() Starting up the Adapter Driver for VMware Virtual Networks.
Information,6/4/2018 7:18:52 PM,Microsoft-Windows-Kernel-Power,172,(203),"Connectivity state in standby: Disconnected, Reason: NIC compliance"
Information,6/4/2018 7:18:52 PM,Microsoft-Windows-FilterManager,6,None,"File System Filter 'npsvctrig' (10.0, ‎2097‎-‎07‎-‎25T04:18:05.000000000Z) has successfully loaded and registered with Filter Manager."
Information,6/4/2018 7:18:51 PM,Microsoft-Windows-FilterManager,6,None,"File System Filter 'hdlpflt' (10.0, ‎2017‎-‎12‎-‎07T06:22:28.000000000Z) has successfully loaded and registered with Filter Manager."
Information,6/4/2018 7:18:51 PM,Microsoft-Windows-FilterManager,6,None,"File System Filter 'FileCrypt' (10.0, ‎2030‎-‎05‎-‎28T02:10:59.000000000Z) has successfully loaded and registered with Filter Manager."
Information,6/4/2018 7:18:49 PM,Microsoft-Windows-Ntfs,98,None,Volume C: (\Device\HarddiskVolume2) is healthy.  No action is needed.
Information,6/4/2018 7:18:48 PM,Microsoft-Windows-FilterManager,6,None,"File System Filter 'mfehidk' (0.0, ‎2017‎-‎11‎-‎30T23:46:33.000000000Z) has successfully loaded and registered with Filter Manager."
Information,6/4/2018 7:18:48 PM,Microsoft-Windows-FilterManager,6,None,"File System Filter 'Wof' (10.0, ‎1974‎-‎03‎-‎11T16:47:45.000000000Z) has successfully loaded and registered with Filter Manager."
Information,6/4/2018 7:18:48 PM,Microsoft-Windows-FilterManager,6,None,"File System Filter 'FileInfo' (10.0, ‎2042‎-‎06‎-‎30T08:43:32.000000000Z) has successfully loaded and registered with Filter Manager."
Information,6/4/2018 7:18:48 PM,TPM,24,None,The Trusted Platform Module (TPM) status: Enabled and Active.
Information,6/4/2018 7:18:47 PM,Microsoft-Windows-Kernel-Boot,30,(21),The firmware reported boot metrics.
Information,6/4/2018 7:18:47 PM,Microsoft-Windows-Kernel-Boot,32,None,The bootmgr spent 0 ms waiting for user input.
Information,6/4/2018 7:18:47 PM,Microsoft-Windows-Kernel-Boot,26,None,A one-time boot sequence was used during this boot.
Information,6/4/2018 7:18:47 PM,Microsoft-Windows-Kernel-Boot,25,(32),The boot menu policy was 0x1.
Information,6/4/2018 7:18:47 PM,Microsoft-Windows-Kernel-Boot,27,(33),The boot type was 0x0.
Information,6/4/2018 7:18:47 PM,Microsoft-Windows-Kernel-Boot,20,(31),The last shutdown's success status was true. The last boot's success status was true.
Information,6/4/2018 7:18:47 PM,Microsoft-Windows-Kernel-Boot,153,None,Virtualization-based security (policies: 0) is disabled.
Information,6/4/2018 7:18:47 PM,Microsoft-Windows-Kernel-General,12,(1),The operating system started at system time ‎2018‎-‎06‎-‎05T01:18:47.490942000Z.
Information,6/4/2018 7:18:32 PM,Microsoft-Windows-Kernel-General,13,(2),The operating system is shutting down at system time ‎2018‎-‎06‎-‎05T01:18:32.659959300Z.
Information,6/4/2018 7:18:29 PM,Microsoft-Windows-Kernel-Power,109,(103),"The kernel power manager has initiated a shutdown transition.

Shutdown Reason: Kernel API"
Information,6/4/2018 7:18:25 PM,Microsoft-Windows-WLAN-AutoConfig,4001,None,"WLAN AutoConfig service has successfully stopped.
"
Information,6/4/2018 7:19:38 PM,EventLog,6013,None,The system uptime is 50 seconds.
Information,6/4/2018 7:19:38 PM,EventLog,6005,None,The Event log service was started.
Information,6/4/2018 7:19:38 PM,EventLog,6009,None,Microsoft (R) Windows (R) 10.00. 15063  Multiprocessor Free.
Information,6/4/2018 7:18:24 PM,Microsoft-Windows-Dhcp-Client,50037,Service State Event,DHCPv4 client service is stopped. ShutDown Flag value is 1
Information,6/4/2018 7:18:24 PM,Microsoft-Windows-DHCPv6-Client,51047,Service State Event,DHCPv6 client service is stopped. ShutDown Flag value is 1
Information,6/4/2018 7:18:24 PM,Microsoft-Windows-Dhcp-Client,50106,Service State Event,DHCPv4 is waiting on DHCPv6 service to stop
Information,6/4/2018 7:18:24 PM,Microsoft-Windows-Dhcp-Client,50105,Service State Event,DHCPv4 client ProcessDHCPRequestForever received TERMINATE_EVENT
Information,6/4/2018 7:18:24 PM,Microsoft-Windows-Dhcp-Client,50104,Service State Event,DHCPv4 client received shutdown notification
Information,6/4/2018 7:18:24 PM,EventLog,6006,None,The Event log service was stopped.
Information,6/4/2018 7:18:23 PM,User32,1074,None,"The process C:\WINDOWS\system32\winlogon.exe (45212MLIU-7) has initiated the restart of computer 45212MLIU-7 on behalf of user NT AUTHORITY\SYSTEM for the following reason: Operating System: Upgrade (Planned)
 Reason Code: 0x80020003
 Shutdown Type: restart
 Comment: "
Information,6/4/2018 7:16:22 PM,Service Control Manager,7045,None,"A service was installed in the system.

Service Name:  McAfee Inc. mfeplk
Service File Name:  system32\drivers\mfeplk.sys
Service Type:  kernel mode driver
Service Start Type:  demand start
Service Account:  "
Information,6/4/2018 7:16:22 PM,Service Control Manager,7045,None,"A service was installed in the system.

Service Name:  hdlpctrl
Service File Name:  system32\drivers\hdlpctrl.sys
Service Type:  kernel mode driver
Service Start Type:  demand start
Service Account:  "
Information,6/4/2018 7:16:22 PM,Service Control Manager,7045,None,"A service was installed in the system.

Service Name:  McAfee Inc. mfehidk
Service File Name:  \SystemRoot\system32\drivers\mfehidk.sys
Service Type:  kernel mode driver
Service Start Type:  boot start
Service Account:  "
Information,6/4/2018 7:16:22 PM,Service Control Manager,7045,None,"A service was installed in the system.

Service Name:  VMware hcmon
Service File Name:  \??\C:\windows\system32\drivers\hcmon.sys
Service Type:  kernel mode driver
Service Start Type:  auto start
Service Account:  "
Information,6/4/2018 7:16:22 PM,Service Control Manager,7045,None,"A service was installed in the system.

Service Name:  McAfee LLC. mfencbdc
Service File Name:  system32\DRIVERS\mfencbdc.sys
Service Type:  kernel mode driver
Service Start Type:  demand start
Service Account:  "
Information,6/4/2018 7:16:22 PM,Service Control Manager,7045,None,"A service was installed in the system.

Service Name:  McAfee AAC Disk Filter Driver
Service File Name:  \SystemRoot\system32\DRIVERS\mfedisk.sys
Service Type:  kernel mode driver
Service Start Type:  boot start
Service Account:  "
Information,6/4/2018 7:16:22 PM,Service Control Manager,7045,None,"A service was installed in the system.

Service Name:  McAfee Inc. mfehck
Service File Name:  system32\drivers\mfehck.sys
Service Type:  kernel mode driver
Service Start Type:  demand start
Service Account:  "
Information,6/4/2018 7:16:22 PM,Service Control Manager,7045,None,"A service was installed in the system.

Service Name:  hdlphook
Service File Name:  \SystemRoot\system32\drivers\hdlphook.sys
Service Type:  kernel mode driver
Service Start Type:  demand start
Service Account:  "
Information,6/4/2018 7:16:22 PM,Service Control Manager,7045,None,"A service was installed in the system.

Service Name:  McAfee MfeEpNfcp
Service File Name:  system32\drivers\MfeEpNfcp.sys
Service Type:  kernel mode driver
Service Start Type:  demand start
Service Account:  "
Information,6/4/2018 7:16:22 PM,Service Control Manager,7045,None,"A service was installed in the system.

Service Name:  hdlpflt
Service File Name:  system32\DRIVERS\hdlpflt.sys
Service Type:  kernel mode driver
Service Start Type:  system start
Service Account:  "
Information,6/4/2018 7:16:22 PM,Service Control Manager,7045,None,"A service was installed in the system.

Service Name:  McAfee mfeepmpk
Service File Name:  system32\drivers\mfeepmpk.sys
Service Type:  kernel mode driver
Service Start Type:  demand start
Service Account:  "
Information,6/4/2018 7:16:22 PM,Service Control Manager,7045,None,"A service was installed in the system.

Service Name:  McAfee Inc. mfeavfk
Service File Name:  system32\drivers\mfeavfk.sys
Service Type:  kernel mode driver
Service Start Type:  demand start
Service Account:  "
Information,6/4/2018 7:16:22 PM,Service Control Manager,7045,None,"A service was installed in the system.

Service Name:  SmbDrv
Service File Name:  \SystemRoot\system32\drivers\Smb_driver_AMDASF.sys
Service Type:  kernel mode driver
Service Start Type:  demand start
Service Account:  "
Information,6/4/2018 7:16:22 PM,Service Control Manager,7045,None,"A service was installed in the system.

Service Name:  VMware vmx86
Service File Name:  \??\C:\windows\system32\drivers\vmx86.sys
Service Type:  kernel mode driver
Service Start Type:  auto start
Service Account:  "
Information,6/4/2018 7:16:22 PM,Service Control Manager,7045,None,"A service was installed in the system.

Service Name:  VMware Network Application Interface
Service File Name:  \??\C:\windows\system32\drivers\vmnetuserif.sys
Service Type:  kernel mode driver
Service Start Type:  auto start
Service Account:  "
Information,6/4/2018 7:16:22 PM,Service Control Manager,7045,None,"A service was installed in the system.

Service Name:  vSockets Driver
Service File Name:  \SystemRoot\system32\drivers\vsock.sys
Service Type:  kernel mode driver
Service Start Type:  boot start
Service Account:  "
Information,6/4/2018 7:16:22 PM,Service Control Manager,7045,None,"A service was installed in the system.

Service Name:  hdlpnetmonitor
Service File Name:  system32\drivers\hdlpnetmonitor.sys
Service Type:  kernel mode driver
Service Start Type:  demand start
Service Account:  "
Information,6/4/2018 7:16:22 PM,Service Control Manager,7045,None,"A service was installed in the system.

Service Name:  Shockprf
Service File Name:  \SystemRoot\System32\DRIVERS\Apsx64.sys
Service Type:  kernel mode driver
Service Start Type:  boot start
Service Account:  "
Information,6/4/2018 7:16:22 PM,Service Control Manager,7045,None,"A service was installed in the system.

Service Name:  mozyproFilter
Service File Name:  system32\DRIVERS\mozyproFilter.sys
Service Type:  kernel mode driver
Service Start Type:  system start
Service Account:  "
Information,6/4/2018 7:16:22 PM,Service Control Manager,7045,None,"A service was installed in the system.

Service Name:  hdlpevnt
Service File Name:  system32\drivers\hdlpevnt.sys
Service Type:  kernel mode driver
Service Start Type:  demand start
Service Account:  "
Information,6/4/2018 7:16:22 PM,Service Control Manager,7045,None,"A service was installed in the system.

Service Name:  TPDIGIMN
Service File Name:  \SystemRoot\System32\DRIVERS\ApsHM64.sys
Service Type:  kernel mode driver
Service Start Type:  boot start
Service Account:  "
Information,6/4/2018 7:16:22 PM,Service Control Manager,7045,None,"A service was installed in the system.

Service Name:  McAfee Inc. mfefirek
Service File Name:  system32\drivers\mfefirek.sys
Service Type:  kernel mode driver
Service Start Type:  demand start
Service Account:  "
Information,6/4/2018 7:16:22 PM,Service Control Manager,7045,None,"A service was installed in the system.

Service Name:  McAfee Inc. mfewfpk
Service File Name:  \SystemRoot\system32\drivers\mfewfpk.sys
Service Type:  kernel mode driver
Service Start Type:  boot start
Service Account:  "
Information,6/4/2018 7:16:22 PM,Service Control Manager,7045,None,"A service was installed in the system.

Service Name:  Intel RAID Controller
Service File Name:  \SystemRoot\system32\drivers\iaStor.sys
Service Type:  kernel mode driver
Service Start Type:  boot start
Service Account:  "
Information,6/4/2018 7:16:22 PM,Service Control Manager,7045,None,"A service was installed in the system.

Service Name:  McAfee Inc. mfeaack
Service File Name:  system32\drivers\mfeaack.sys
Service Type:  kernel mode driver
Service Start Type:  demand start
Service Account:  "
Information,6/4/2018 7:16:22 PM,Service Control Manager,7045,None,"A service was installed in the system.

Service Name:  McAfee LLC. mfencrk
Service File Name:  system32\DRIVERS\mfencrk.sys
Service Type:  kernel mode driver
Service Start Type:  demand start
Service Account:  "
Information,6/4/2018 7:16:22 PM,Service Control Manager,7045,None,"A service was installed in the system.

Service Name:  VMware kbd
Service File Name:  \??\C:\windows\system32\drivers\VMkbd.sys
Service Type:  kernel mode driver
Service Start Type:  demand start
Service Account:  "
Information,6/4/2018 7:16:22 PM,Service Control Manager,7045,None,"A service was installed in the system.

Service Name:  Cisco AnyConnect Secure Mobility Client Virtual Miniport Adapter for Windows x64
Service File Name:  system32\DRIVERS\vpnva64-6.sys
Service Type:  kernel mode driver
Service Start Type:  demand start
Service Account:  "
Information,6/4/2018 7:16:22 PM,Service Control Manager,7045,None,"A service was installed in the system.

Service Name:  fcvsc
Service File Name:  \SystemRoot\system32\drivers\fcvsc.sys
Service Type:  kernel mode driver
Service Start Type:  demand start
Service Account:  "
Information,6/4/2018 7:16:22 PM,Service Control Manager,7045,None,"A service was installed in the system.

Service Name:  SMS Process Event Driver
Service File Name:  system32\DRIVERS\prepdrv.sys
Service Type:  kernel mode driver
Service Start Type:  demand start
Service Account:  "
Information,6/4/2018 7:16:22 PM,Service Control Manager,7045,None,"A service was installed in the system.

Service Name:  hdlpdbk
Service File Name:  system32\drivers\hdlpdbk.sys
Service Type:  kernel mode driver
Service Start Type:  demand start
Service Account:  "
Information,6/4/2018 7:16:22 PM,Service Control Manager,7045,None,"A service was installed in the system.

Service Name:  VMware Bridge Protocol
Service File Name:  system32\DRIVERS\vmnetbridge.sys
Service Type:  kernel mode driver
Service Start Type:  auto start
Service Account:  "
Information,6/4/2018 7:16:22 PM,Service Control Manager,7045,None,"A service was installed in the system.

Service Name:  McAfee Firewall Core Service
Service File Name:  ""C:\Program Files\Common Files\McAfee\SystemCore\mfefire.exe""
Service Type:  user mode service
Service Start Type:  demand start
Service Account:  LocalSystem"
Information,6/4/2018 7:16:22 PM,Service Control Manager,7045,None,"A service was installed in the system.

Service Name:  SMS Agent Host
Service File Name:  C:\windows\CCM\CcmExec.exe
Service Type:  user mode service
Service Start Type:  disabled
Service Account:  LocalSystem"
Information,6/4/2018 7:16:22 PM,Service Control Manager,7045,None,"A service was installed in the system.

Service Name:  MozyPro Backup Service
Service File Name:  ""C:\Program Files\MozyPro\mozyprobackup.exe""
Service Type:  user mode service
Service Start Type:  auto start
Service Account:  LocalSystem"
Information,6/4/2018 7:16:22 PM,Service Control Manager,7045,None,"A service was installed in the system.

Service Name:  ZSATunnel
Service File Name:  ""C:\Program Files (x86)\Zscaler\ZSATunnel\ZSATunnel.exe"" 
Service Type:  user mode service
Service Start Type:  demand start
Service Account:  LocalSystem"
Information,6/4/2018 7:16:22 PM,Service Control Manager,7045,None,"A service was installed in the system.

Service Name:  Mozilla Maintenance Service
Service File Name:  ""C:\Program Files (x86)\Mozilla Maintenance Service\maintenanceservice.exe""
Service Type:  user mode service
Service Start Type:  demand start
Service Account:  LocalSystem"
Information,6/4/2018 7:16:22 PM,Service Control Manager,7045,None,"A service was installed in the system.

Service Name:  ZSAUpdater
Service File Name:  ""C:\Program Files (x86)\Zscaler\ZSAUpdater\ZSAUpdater.exe"" 
Service Type:  user mode service
Service Start Type:  auto start
Service Account:  LocalSystem"
Information,6/4/2018 7:16:22 PM,Service Control Manager,7045,None,"A service was installed in the system.

Service Name:  System Update
Service File Name:  ""C:\Program Files (x86)\Lenovo\System Update\SUService.exe""
Service Type:  user mode service
Service Start Type:  demand start
Service Account:  LocalSystem"
Information,6/4/2018 7:16:22 PM,Service Control Manager,7045,None,"A service was installed in the system.

Service Name:  Internet Explorer ETW Collector Service
Service File Name:  C:\windows\system32\IEEtwCollector.exe /V
Service Type:  user mode service
Service Start Type:  demand start
Service Account:  LocalSystem"
Information,6/4/2018 7:16:22 PM,Service Control Manager,7045,None,"A service was installed in the system.

Service Name:  Adobe Flash Player Update Service
Service File Name:  C:\windows\SysWOW64\Macromed\Flash\FlashPlayerUpdateService.exe
Service Type:  user mode service
Service Start Type:  demand start
Service Account:  LocalSystem"
Information,6/4/2018 7:16:22 PM,Service Control Manager,7045,None,"A service was installed in the system.

Service Name:  Lenovo Microphone Mute
Service File Name:  ""C:\Program Files\LENOVO\HOTKEY\MICMUTE.exe""
Service Type:  user mode service
Service Start Type:  auto start
Service Account:  LocalSystem"
Information,6/4/2018 7:16:22 PM,Service Control Manager,7045,None,"A service was installed in the system.

Service Name:  Lenovo Camera Mute
Service File Name:  ""C:\Program Files\Lenovo\Communications Utility\CAMMUTE.exe""
Service Type:  user mode service
Service Start Type:  auto start
Service Account:  LocalSystem"
Information,6/4/2018 7:16:22 PM,Service Control Manager,7045,None,"A service was installed in the system.

Service Name:  On Screen Display
Service File Name:  ""C:\Program Files\LENOVO\HOTKEY\TPHKSVC.exe""
Service Type:  user mode service
Service Start Type:  auto start
Service Account:  LocalSystem"
Information,6/4/2018 7:16:22 PM,Service Control Manager,7045,None,"A service was installed in the system.

Service Name:  McAfee Agent Service
Service File Name:  ""C:\Program Files\McAfee\Agent\masvc.exe"" /ServiceStart
Service Type:  user mode service
Service Start Type:  auto start
Service Account:  LocalSystem"
Information,6/4/2018 7:16:22 PM,Service Control Manager,7045,None,"A service was installed in the system.

Service Name:  McAfee Agent Common Services
Service File Name:  ""C:\Program Files\McAfee\Agent\macmnsvc.exe"" /ServiceStart
Service Type:  user mode service
Service Start Type:  auto start
Service Account:  LocalSystem"
Information,6/4/2018 7:16:22 PM,Service Control Manager,7045,None,"A service was installed in the system.

Service Name:  VMware NAT Service
Service File Name:  C:\WINDOWS\SYSWOW64\VMNAT.EXE
Service Type:  user mode service
Service Start Type:  auto start
Service Account:  LocalSystem"
Information,6/4/2018 7:16:22 PM,Service Control Manager,7045,None,"A service was installed in the system.

Service Name:  Lenovo Hotkey Client Loader
Service File Name:  ""C:\Program Files\LENOVO\HOTKEY\TPHKLOAD.exe""
Service Type:  user mode service
Service Start Type:  auto start
Service Account:  LocalSystem"
Information,6/4/2018 7:16:22 PM,Service Control Manager,7045,None,"A service was installed in the system.

Service Name:  Google Update Service (gupdatem)
Service File Name:  ""C:\Program Files (x86)\Google\Update\GoogleUpdate.exe"" /medsvc
Service Type:  user mode service
Service Start Type:  demand start
Service Account:  LocalSystem"
Information,6/4/2018 7:16:22 PM,Service Control Manager,7045,None,"A service was installed in the system.

Service Name:  Google Update Service (gupdate)
Service File Name:  ""C:\Program Files (x86)\Google\Update\GoogleUpdate.exe"" /svc
Service Type:  user mode service
Service Start Type:  auto start
Service Account:  LocalSystem"
Information,6/4/2018 7:16:22 PM,Service Control Manager,7045,None,"A service was installed in the system.

Service Name:  Adobe Acrobat Update Service
Service File Name:  ""C:\Program Files (x86)\Common Files\Adobe\ARM\1.0\armsvc.exe""
Service Type:  user mode service
Service Start Type:  auto start
Service Account:  LocalSystem"
Information,6/4/2018 7:16:22 PM,Service Control Manager,7045,None,"A service was installed in the system.

Service Name:  VMware Authorization Service
Service File Name:  ""C:\Program Files (x86)\VMware\VMware Player\vmware-authd.exe""
Service Type:  user mode service
Service Start Type:  auto start
Service Account:  LocalSystem"
Information,6/4/2018 7:16:22 PM,Service Control Manager,7045,None,"A service was installed in the system.

Service Name:  Lenovo Auto Scroll
Service File Name:  ""C:\Program Files\LENOVO\VIRTSCRL\lvvsst.exe""
Service Type:  user mode service
Service Start Type:  auto start
Service Account:  LocalSystem"
Information,6/4/2018 7:16:22 PM,Service Control Manager,7045,None,"A service was installed in the system.

Service Name:  VMware USB Arbitration Service
Service File Name:  ""C:\Program Files (x86)\Common Files\VMware\USB\vmware-usbarbitrator64.exe""
Service Type:  user mode service
Service Start Type:  auto start
Service Account:  LocalSystem"
Information,6/4/2018 7:16:22 PM,Service Control Manager,7045,None,"A service was installed in the system.

Service Name:  Microsoft Policy Platform Processor
Service File Name:  ""C:\Program Files\Microsoft Policy Platform\policyHost.exe"" /service
Service Type:  user mode service
Service Start Type:  demand start
Service Account:  LocalSystem"
Information,6/4/2018 7:16:22 PM,Service Control Manager,7045,None,"A service was installed in the system.

Service Name:  Microsoft Policy Platform Local Authority
Service File Name:  ""C:\Program Files\Microsoft Policy Platform\policyHost.exe"" /service
Service Type:  user mode service
Service Start Type:  demand start
Service Account:  LocalSystem"
Information,6/4/2018 7:16:22 PM,Service Control Manager,7045,None,"A service was installed in the system.

Service Name:  Office  Source Engine
Service File Name:  ""C:\Program Files (x86)\Common Files\Microsoft Shared\Source Engine\OSE.EXE""
Service Type:  user mode service
Service Start Type:  demand start
Service Account:  LocalSystem"
Information,6/4/2018 7:16:22 PM,Service Control Manager,7045,None,"A service was installed in the system.

Service Name:  McAfee Agent Backwards Compatibility Service
Service File Name:  ""C:\Program Files\McAfee\Agent\x86\macompatsvc.exe""
Service Type:  user mode service
Service Start Type:  demand start
Service Account:  LocalSystem"
Information,6/4/2018 7:16:22 PM,Service Control Manager,7045,None,"A service was installed in the system.

Service Name:  Lenovo Keyboard Noise Reduction
Service File Name:  ""C:\Program Files\Lenovo\Communications Utility\TPKNRSVC.exe""
Service Type:  user mode service
Service Start Type:  auto start
Service Account:  LocalSystem"
Information,6/4/2018 7:16:22 PM,Service Control Manager,7045,None,"A service was installed in the system.

Service Name:  BitLocker Management Client Service
Service File Name:  ""C:\Program Files\Microsoft\MDOP MBAM\MBAMAgent.exe""
Service Type:  user mode service
Service Start Type:  auto start
Service Account:  LocalSystem"
Information,6/4/2018 7:16:22 PM,Service Control Manager,7045,None,"A service was installed in the system.

Service Name:  Office Software Protection Platform
Service File Name:  ""C:\Program Files\Common Files\Microsoft Shared\OfficeSoftwareProtectionPlatform\OSPPSVC.EXE""
Service Type:  user mode service
Service Start Type:  demand start
Service Account:  LocalSystem"
Information,6/4/2018 7:16:22 PM,Service Control Manager,7045,None,"A service was installed in the system.

Service Name:  Microsoft Online Services Sign-in Assistant
Service File Name:  ""C:\Program Files\Common Files\Microsoft Shared\Microsoft Online Services\MSOIDSVC.EXE""
Service Type:  user mode service
Service Start Type:  auto start
Service Account:  LocalSystem"
Information,6/4/2018 7:16:22 PM,Service Control Manager,7045,None,"A service was installed in the system.

Service Name:  McAfee Service Controller
Service File Name:  ""C:\Program Files\Common Files\McAfee\SystemCore\mfemms.exe""
Service Type:  user mode service
Service Start Type:  auto start
Service Account:  LocalSystem"
Information,6/4/2018 7:16:22 PM,Service Control Manager,7045,None,"A service was installed in the system.

Service Name:  Intel(R) Integrated Clock Controller Service - Intel(R) ICCS
Service File Name:  ""C:\Program Files (x86)\Intel\Intel(R) Integrated Clock Controller Service\ICCProxy.exe""
Service Type:  user mode service
Service Start Type:  demand start
Service Account:  LocalSystem"
Information,6/4/2018 7:16:22 PM,Service Control Manager,7045,None,"A service was installed in the system.

Service Name:  Google Software Updater
Service File Name:  ""C:\Program Files (x86)\Google\Common\Google Updater\GoogleUpdaterService.exe""
Service Type:  user mode service
Service Start Type:  demand start
Service Account:  LocalSystem"
Information,6/4/2018 7:16:22 PM,Service Control Manager,7045,None,"A service was installed in the system.

Service Name:  McAfee DLP Endpoint Service
Service File Name:  ""C:\Program Files\McAfee\DLP\Agent\fcags.exe""
Service Type:  user mode service
Service Start Type:  auto start
Service Account:  LocalSystem"
Information,6/4/2018 7:16:22 PM,Service Control Manager,7045,None,"A service was installed in the system.

Service Name:  VMware DHCP Service
Service File Name:  C:\WINDOWS\SYSWOW64\VMNETDHCP.EXE
Service Type:  user mode service
Service Start Type:  auto start
Service Account:  LocalSystem"
Information,6/4/2018 7:16:22 PM,Service Control Manager,7045,None,"A service was installed in the system.

Service Name:  McAfee Endpoint Security Web Control Service
Service File Name:  ""C:\Program Files (x86)\McAfee\Endpoint Security\Web Control\mfewc.exe""
Service Type:  user mode service
Service Start Type:  auto start
Service Account:  LocalSystem"
Information,6/4/2018 7:16:22 PM,Service Control Manager,7045,None,"A service was installed in the system.

Service Name:  Configuration Manager Remote Control
Service File Name:  C:\windows\CCM\RemCtrl\CmRcService.exe
Service Type:  user mode service
Service Start Type:  auto start
Service Account:  LocalSystem"
Information,6/4/2018 7:16:22 PM,Service Control Manager,7045,None,"A service was installed in the system.

Service Name:  ZSAService
Service File Name:  ""C:\Program Files (x86)\Zscaler\ZSAService\ZSAService.exe"" 
Service Type:  user mode service
Service Start Type:  auto start
Service Account:  LocalSystem"
Information,6/4/2018 7:16:22 PM,Service Control Manager,7045,None,"A service was installed in the system.

Service Name:  McAfee Validation Trust Protection Service
Service File Name:  ""C:\windows\system32\mfevtps.exe""
Service Type:  user mode service
Service Start Type:  auto start
Service Account:  LocalSystem"
Information,6/4/2018 7:16:22 PM,Service Control Manager,7045,None,"A service was installed in the system.

Service Name:  ConfigMgr Task Sequence Agent
Service File Name:  C:\windows\CCM\TSManager.exe /service
Service Type:  user mode service
Service Start Type:  disabled
Service Account:  LocalSystem"
Information,6/4/2018 7:16:22 PM,Service Control Manager,7045,None,"A service was installed in the system.

Service Name:  ThinkPad HDD APS Logging Service
Service File Name:  System32\TPHDEXLG64.exe
Service Type:  user mode service
Service Start Type:  demand start
Service Account:  LocalSystem"
Information,6/4/2018 7:14:48 PM,Microsoft-Windows-Time-Service,158,None,The time provider 'VMICTimeProvider' has indicated that the current hardware and operating environment is not supported and has stopped. This behavior is expected for VMICTimeProvider on non-HyperV-guest environments. This may be the expected behavior for the current provider in the current operating environment as well.
Information,6/4/2018 7:14:47 PM,Microsoft-Windows-Kernel-General,16,None,The access history in hive \??\C:\WINDOWS\AppCompat\Programs\Amcache.hve.tmp was cleared updating 0 keys and creating 0 modified pages.
Information,6/4/2018 7:14:21 PM,Service Control Manager,7045,None,"A service was installed in the system.

Service Name:  VMware Bridge Protocol
Service File Name:  \SystemRoot\system32\DRIVERS\vmnetbridge.sys
Service Type:  kernel mode driver
Service Start Type:  auto start
Service Account:  "
Error,6/4/2018 7:10:24 PM,Microsoft-Windows-DistributedCOM,10010,None,The server {A47979D2-C419-11D9-A5B4-001185AD2B89} did not register with DCOM within the required timeout.
Information,6/4/2018 7:04:41 PM,Microsoft-Windows-Kernel-General,16,None,The access history in hive \??\C:\Windows.old\Users\Administrator\AppData\Local\Microsoft\Windows\UsrClass.dat was cleared updating 0 keys and creating 0 modified pages.
Information,6/4/2018 7:04:28 PM,Microsoft-Windows-Kernel-General,16,None,The access history in hive \??\C:\Windows.old\Users\jwill2\AppData\Local\Microsoft\Windows\UsrClass.dat was cleared updating 0 keys and creating 0 modified pages.
Information,6/4/2018 7:04:17 PM,Microsoft-Windows-Kernel-General,16,None,The access history in hive \??\C:\Windows.old\Users\jdoran\AppData\Local\Microsoft\Windows\UsrClass.dat was cleared updating 0 keys and creating 0 modified pages.
Information,6/4/2018 7:03:27 PM,Microsoft-Windows-Kernel-General,16,None,The access history in hive \??\C:\Windows.old\Users\Default\NTUSER.DAT was cleared updating 8 keys and creating 3 modified pages.
Information,6/4/2018 7:03:26 PM,Microsoft-Windows-Kernel-General,16,None,The access history in hive \??\C:\Windows.old\Users\Administrator\AppData\Local\Microsoft\Windows\UsrClass.dat was cleared updating 0 keys and creating 0 modified pages.
Information,6/4/2018 7:03:26 PM,Microsoft-Windows-Kernel-General,16,None,The access history in hive \??\C:\Windows.old\Users\Administrator\NTUSER.DAT was cleared updating 8 keys and creating 3 modified pages.
Information,6/4/2018 7:03:26 PM,Microsoft-Windows-Kernel-General,16,None,The access history in hive \??\C:\Windows.old\Users\mliu\AppData\Local\Microsoft\Windows\UsrClass.dat was cleared updating 1 keys and creating 1 modified pages.
Information,6/4/2018 7:03:26 PM,Microsoft-Windows-Kernel-General,16,None,The access history in hive \??\C:\Windows.old\Users\mliu\NTUSER.DAT was cleared updating 8 keys and creating 3 modified pages.
Information,6/4/2018 7:03:25 PM,Microsoft-Windows-Kernel-General,16,None,The access history in hive \??\C:\Windows.old\Users\mthomps2\AppData\Local\Microsoft\Windows\UsrClass.dat was cleared updating 0 keys and creating 0 modified pages.
Information,6/4/2018 7:03:25 PM,Microsoft-Windows-Kernel-General,16,None,The access history in hive \??\C:\Windows.old\Users\mthomps2\NTUSER.DAT was cleared updating 8 keys and creating 3 modified pages.
Information,6/4/2018 7:03:25 PM,Microsoft-Windows-Kernel-General,16,None,The access history in hive \??\C:\Windows.old\Users\jdoran\AppData\Local\Microsoft\Windows\UsrClass.dat was cleared updating 0 keys and creating 0 modified pages.
Information,6/4/2018 7:03:25 PM,Microsoft-Windows-Kernel-General,16,None,The access history in hive \??\C:\Windows.old\Users\jdoran\NTUSER.DAT was cleared updating 8 keys and creating 3 modified pages.
Information,6/4/2018 7:03:25 PM,Microsoft-Windows-Kernel-General,16,None,The access history in hive \??\C:\Windows.old\Users\jwill2\AppData\Local\Microsoft\Windows\UsrClass.dat was cleared updating 0 keys and creating 0 modified pages.
Information,6/4/2018 7:03:25 PM,Microsoft-Windows-Kernel-General,16,None,The access history in hive \??\C:\Windows.old\Users\jwill2\NTUSER.DAT was cleared updating 8 keys and creating 3 modified pages.
Information,6/4/2018 7:03:24 PM,Microsoft-Windows-Kernel-General,16,None,The access history in hive \??\C:\Windows.old\windows\system32\config\elam was cleared updating 0 keys and creating 0 modified pages.
Information,6/4/2018 7:03:24 PM,Microsoft-Windows-Kernel-General,16,None,The access history in hive \??\C:\Windows.old\windows\system32\config\userdiff was cleared updating 1 keys and creating 1 modified pages.
Information,6/4/2018 7:03:24 PM,Microsoft-Windows-Kernel-General,16,None,The access history in hive \??\C:\Windows.old\windows\system32\config\default was cleared updating 1 keys and creating 1 modified pages.
Information,6/4/2018 7:03:24 PM,Microsoft-Windows-Kernel-General,15,None,Hive \??\C:\Windows.old\windows\system32\config\system was reorganized with a starting size of 23613440 bytes and an ending size of 23613440 bytes.
Information,6/4/2018 7:03:23 PM,Microsoft-Windows-Kernel-General,16,None,The access history in hive \??\C:\Windows.old\windows\system32\config\components was cleared updating 1 keys and creating 1 modified pages.
Information,6/4/2018 7:03:22 PM,Microsoft-Windows-Kernel-General,15,None,Hive \??\C:\Windows.old\windows\system32\config\software was reorganized with a starting size of 115097600 bytes and an ending size of 115097600 bytes.
Information,6/4/2018 7:03:19 PM,Microsoft-Windows-Kernel-General,16,None,The access history in hive \??\C:\Windows.old\windows\system32\config\security was cleared updating 3 keys and creating 2 modified pages.
Information,6/4/2018 7:03:19 PM,Microsoft-Windows-Kernel-General,16,None,The access history in hive \??\C:\Windows.old\windows\system32\config\sam was cleared updating 35 keys and creating 5 modified pages.
Information,6/4/2018 7:03:07 PM,Microsoft-Windows-Kernel-General,16,None,The access history in hive \??\C:\WINDOWS\system32\config\elam was cleared updating 1 keys and creating 1 modified pages.
Information,6/4/2018 7:03:06 PM,Microsoft-Windows-Kernel-General,15,None,Hive \??\C:\WINDOWS\System32\SMI\Store\Machine\SCHEMA.DAT was reorganized with a starting size of 11796480 bytes and an ending size of 11792384 bytes.
Information,6/4/2018 7:03:05 PM,Microsoft-Windows-Setup,2004,OS information,Successfully logged OS information
Information,6/4/2018 7:02:59 PM,Service Control Manager,7040,None,The start type of the Net.Pipe Listener Adapter service was changed from disabled to auto start.
Information,6/4/2018 7:02:53 PM,Service Control Manager,7040,None,The start type of the Net.Msmq Listener Adapter service was changed from disabled to auto start.
Information,6/4/2018 7:02:47 PM,Microsoft-Windows-WAS,5211,None,The Windows Process Activation Service (WAS) started with 'Classic' mode using 'ConfigurationSystem'
Information,6/4/2018 7:02:45 PM,Service Control Manager,7040,None,The start type of the Net.Tcp Listener Adapter service was changed from disabled to auto start.
Information,6/4/2018 7:02:45 PM,Service Control Manager,7040,None,The start type of the Net.Tcp Port Sharing Service service was changed from disabled to demand start.
Information,6/4/2018 7:02:30 PM,Service Control Manager,7040,None,The start type of the Message Queuing service was changed from demand start to auto start.
Information,6/4/2018 7:02:29 PM,Microsoft-Windows-Kernel-General,15,None,Hive \??\C:\WINDOWS\System32\config\COMPONENTS was reorganized with a starting size of 37642240 bytes and an ending size of 37621760 bytes.
Information,6/4/2018 7:02:21 PM,Microsoft-Windows-Kernel-General,16,None,The access history in hive \??\C:\ProgramData\Microsoft\Windows\AppRepository\Packages\Microsoft.ZuneVideo_10.16112.11601.0_x64__8wekyb3d8bbwe\ActivationStore.dat was cleared updating 0 keys and creating 0 modified pages.
Information,6/4/2018 7:02:17 PM,Microsoft-Windows-Kernel-General,16,None,The access history in hive \??\C:\ProgramData\Microsoft\Windows\AppRepository\Packages\Microsoft.ZuneMusic_10.16112.11621.0_x64__8wekyb3d8bbwe\ActivationStore.dat was cleared updating 0 keys and creating 0 modified pages.
Information,6/4/2018 7:02:13 PM,Microsoft-Windows-Kernel-General,16,None,The access history in hive \??\C:\ProgramData\Microsoft\Windows\AppRepository\Packages\Microsoft.XboxSpeechToTextOverlay_1.14.2002.0_x64__8wekyb3d8bbwe\ActivationStore.dat was cleared updating 0 keys and creating 0 modified pages.
Information,6/4/2018 7:02:12 PM,Microsoft-Windows-Kernel-General,16,None,The access history in hive \??\C:\ProgramData\Microsoft\Windows\AppRepository\Packages\Microsoft.XboxIdentityProvider_11.19.19003.0_x64__8wekyb3d8bbwe\ActivationStore.dat was cleared updating 0 keys and creating 0 modified pages.
Information,6/4/2018 7:02:10 PM,Microsoft-Windows-Kernel-General,16,None,The access history in hive \??\C:\ProgramData\Microsoft\Windows\AppRepository\Packages\Microsoft.XboxGameOverlay_1.15.2003.0_x64__8wekyb3d8bbwe\ActivationStore.dat was cleared updating 0 keys and creating 0 modified pages.
Information,6/4/2018 7:02:08 PM,Microsoft-Windows-Kernel-General,16,None,The access history in hive \??\C:\ProgramData\Microsoft\Windows\AppRepository\Packages\Microsoft.XboxApp_25.25.13009.0_x64__8wekyb3d8bbwe\ActivationStore.dat was cleared updating 0 keys and creating 0 modified pages.
Information,6/4/2018 7:02:03 PM,Microsoft-Windows-Kernel-General,16,None,The access history in hive \??\C:\ProgramData\Microsoft\Windows\AppRepository\Packages\Microsoft.WindowsStore_11701.1001.87.0_x64__8wekyb3d8bbwe\ActivationStore.dat was cleared updating 0 keys and creating 0 modified pages.
Information,6/4/2018 7:02:00 PM,Microsoft-Windows-Kernel-General,16,None,The access history in hive \??\C:\ProgramData\Microsoft\Windows\AppRepository\Packages\Microsoft.WindowsSoundRecorder_10.1702.301.0_x64__8wekyb3d8bbwe\ActivationStore.dat was cleared updating 0 keys and creating 0 modified pages.
Information,6/4/2018 7:01:56 PM,Microsoft-Windows-Kernel-General,16,None,The access history in hive \??\C:\ProgramData\Microsoft\Windows\AppRepository\Packages\Microsoft.WindowsMaps_5.1611.10393.0_x64__8wekyb3d8bbwe\ActivationStore.dat was cleared updating 0 keys and creating 0 modified pages.
Information,6/4/2018 7:01:48 PM,Microsoft-Windows-Kernel-General,16,None,The access history in hive \??\C:\ProgramData\Microsoft\Windows\AppRepository\Packages\Microsoft.WindowsFeedbackHub_1.1612.10312.0_x64__8wekyb3d8bbwe\ActivationStore.dat was cleared updating 0 keys and creating 0 modified pages.
Information,6/4/2018 7:01:45 PM,Microsoft-Windows-Kernel-General,16,None,The access history in hive \??\C:\ProgramData\Microsoft\Windows\AppRepository\Packages\microsoft.windowscommunicationsapps_17.7906.42257.0_x64__8wekyb3d8bbwe\ActivationStore.dat was cleared updating 0 keys and creating 0 modified pages.
Error,6/4/2018 7:01:32 PM,Microsoft-Windows-DistributedCOM,10010,None,The server {4991D34B-80A1-4291-83B6-3328366B9097} did not register with DCOM within the required timeout.
Information,6/4/2018 7:01:32 PM,Microsoft-Windows-Kernel-General,16,None,The access history in hive \??\C:\ProgramData\Microsoft\Windows\AppRepository\Packages\Microsoft.WindowsCamera_2017.125.40.0_x64__8wekyb3d8bbwe\ActivationStore.dat was cleared updating 0 keys and creating 0 modified pages.
Information,6/4/2018 7:01:28 PM,Microsoft-Windows-Kernel-General,16,None,The access history in hive \??\C:\ProgramData\Microsoft\Windows\AppRepository\Packages\Microsoft.WindowsCalculator_10.1702.312.0_x64__8wekyb3d8bbwe\ActivationStore.dat was cleared updating 0 keys and creating 0 modified pages.
Information,6/4/2018 7:01:26 PM,Microsoft-Windows-Kernel-General,16,None,The access history in hive \??\C:\ProgramData\Microsoft\Windows\AppRepository\Packages\Microsoft.WindowsAlarms_10.1702.333.0_x64__8wekyb3d8bbwe\ActivationStore.dat was cleared updating 0 keys and creating 0 modified pages.
Information,6/4/2018 7:01:22 PM,Microsoft-Windows-Kernel-General,16,None,The access history in hive \??\C:\ProgramData\Microsoft\Windows\AppRepository\Packages\Microsoft.Windows.Photos_16.511.8780.0_x64__8wekyb3d8bbwe\ActivationStore.dat was cleared updating 0 keys and creating 0 modified pages.
Information,6/4/2018 7:01:17 PM,Microsoft-Windows-Kernel-General,16,None,The access history in hive \??\C:\ProgramData\Microsoft\Windows\AppRepository\Packages\Microsoft.Wallet_1.0.16328.0_x64__8wekyb3d8bbwe\ActivationStore.dat was cleared updating 0 keys and creating 0 modified pages.
Information,6/4/2018 7:01:16 PM,Microsoft-Windows-Kernel-General,16,None,The access history in hive \??\C:\ProgramData\Microsoft\Windows\AppRepository\Packages\Microsoft.StorePurchaseApp_1.0.45.0_x64__8wekyb3d8bbwe\ActivationStore.dat was cleared updating 0 keys and creating 0 modified pages.
Information,6/4/2018 7:01:14 PM,Microsoft-Windows-Kernel-General,16,None,The access history in hive \??\C:\ProgramData\Microsoft\Windows\AppRepository\Packages\Microsoft.SkypeApp_11.8.204.0_x64__kzf8qxf38zg5c\ActivationStore.dat was cleared updating 0 keys and creating 0 modified pages.
Information,6/4/2018 7:01:04 PM,Microsoft-Windows-Kernel-General,16,None,The access history in hive \??\C:\ProgramData\Microsoft\Windows\AppRepository\Packages\Microsoft.People_10.1.10531.0_x64__8wekyb3d8bbwe\ActivationStore.dat was cleared updating 0 keys and creating 0 modified pages.
Information,6/4/2018 7:01:00 PM,Microsoft-Windows-Kernel-General,16,None,The access history in hive \??\C:\ProgramData\Microsoft\Windows\AppRepository\Packages\Microsoft.OneConnect_2.1701.277.0_x64__8wekyb3d8bbwe\ActivationStore.dat was cleared updating 0 keys and creating 0 modified pages.
Information,6/4/2018 7:00:56 PM,Microsoft-Windows-Kernel-General,16,None,The access history in hive \??\C:\ProgramData\Microsoft\Windows\AppRepository\Packages\Microsoft.Office.OneNote_17.7668.58071.0_x64__8wekyb3d8bbwe\ActivationStore.dat was cleared updating 0 keys and creating 0 modified pages.
