Information,6/29/2018 2:33:09 PM,Microsoft-Windows-Kernel-General,16,None,The access history in hive \??\C:\Users\mliu\AppData\Local\Packages\Microsoft.Windows.WindowPicker_cw5n1h2txyewy\Settings\settings.dat was cleared updating 3 keys and creating 1 modified pages.
Information,6/29/2018 2:33:07 PM,Microsoft-Windows-Time-Service,158,None,The time provider 'VMICTimeProvider' has indicated that the current hardware and operating environment is not supported and has stopped. This behavior is expected for VMICTimeProvider on non-HyperV-guest environments. This may be the expected behavior for the current provider in the current operating environment as well.
Information,6/29/2018 2:33:05 PM,Microsoft-Windows-Kernel-Power,520,(218),The brightness on this system is managed by high-precision brightness aware service.
Information,6/29/2018 2:33:04 PM,Microsoft-Windows-Kernel-General,16,None,The access history in hive \??\C:\Users\mliu\AppData\Local\Packages\Windows.ContactSupport_cw5n1h2txyewy\Settings\settings.dat was cleared updating 3 keys and creating 1 modified pages.
Information,6/29/2018 2:32:42 PM,Microsoft-Windows-Kernel-General,11,None,"TxR init phase for hive \SystemRoot\System32\AppLocker\AppCache.dat (TM: {3DCE764E-7BD4-11E8-8C66-28D2444507FA}, RM: {3DCE764D-7BD4-11E8-8C66-28D2444507FA}) finished with result=0xC0000022 (Internal code=7)."
Information,6/29/2018 2:32:42 PM,Microsoft-Windows-Kernel-General,11,None,"TxR init phase for hive \SystemRoot\System32\AppLocker\AppCache.dat (TM: {553287F5-6869-11E8-8C63-28D2444507FA}, RM: {553287F4-6869-11E8-8C63-28D2444507FA}) finished with result=0xC0000022 (Internal code=0)."
Information,6/29/2018 2:32:42 PM,Microsoft-Windows-Kernel-General,16,None,The access history in hive \SystemRoot\System32\AppLocker\AppCache.dat was cleared updating 1 keys and creating 1 modified pages.
Information,6/29/2018 2:32:27 PM,Microsoft-Windows-Kernel-General,16,None,The access history in hive \??\C:\Users\mliu\AppData\Local\Packages\Microsoft.MicrosoftEdge_8wekyb3d8bbwe\Settings\settings.dat was cleared updating 2 keys and creating 1 modified pages.
Information,6/29/2018 2:32:11 PM,Microsoft-Windows-Kernel-General,16,None,The access history in hive \??\C:\ProgramData\Microsoft\Windows\AppRepository\Packages\Windows.ContactSupport_10.0.15063.936_neutral_neutral_cw5n1h2txyewy\ActivationStore.dat was cleared updating 0 keys and creating 0 modified pages.
Information,6/29/2018 2:32:09 PM,Microsoft-Windows-Kernel-General,16,None,The access history in hive \??\C:\ProgramData\Microsoft\Windows\AppRepository\Packages\Microsoft.Windows.WindowPicker_10.0.15063.1155_neutral__cw5n1h2txyewy\ActivationStore.dat was cleared updating 0 keys and creating 0 modified pages.
Information,6/29/2018 2:32:09 PM,Microsoft-Windows-Kernel-General,16,None,The access history in hive \??\C:\ProgramData\Microsoft\Windows\AppRepository\Packages\Microsoft.Windows.ShellExperienceHost_10.0.15063.936_neutral_neutral_cw5n1h2txyewy\ActivationStore.dat was cleared updating 0 keys and creating 0 modified pages.
Information,6/29/2018 2:32:07 PM,Microsoft-Windows-Kernel-General,16,None,The access history in hive \??\C:\ProgramData\Microsoft\Windows\AppRepository\Packages\Microsoft.Windows.HolographicFirstRun_10.0.15063.1155_neutral_neutral_cw5n1h2txyewy\ActivationStore.dat was cleared updating 0 keys and creating 0 modified pages.
Information,6/29/2018 2:32:06 PM,Microsoft-Windows-Kernel-General,16,None,The access history in hive \??\C:\ProgramData\Microsoft\Windows\AppRepository\Packages\Microsoft.MicrosoftEdge_40.15063.674.0_neutral__8wekyb3d8bbwe\ActivationStore.dat was cleared updating 0 keys and creating 0 modified pages.
Information,6/29/2018 2:32:04 PM,Microsoft-Windows-Kernel-General,16,None,The access history in hive \??\C:\ProgramData\Microsoft\Windows\AppRepository\Packages\Microsoft.AccountsControl_10.0.15063.936_neutral__cw5n1h2txyewy\ActivationStore.dat was cleared updating 0 keys and creating 0 modified pages.
Error,6/29/2018 2:32:03 PM,Microsoft-Windows-GroupPolicy,1130,None,"Logon script failed. 
	GPO Name : CorporateTemplates
	GPO File System Path : \\corp.premierinc.com\SysVol\corp.premierinc.com\Policies\{537F14AF-167E-45E3-ABF6-D336AF72E8A3}\User
	Script Name: \\infrastructure\win7_app_deploy\PPT\PPT.bat"
Error,6/29/2018 2:32:03 PM,Microsoft-Windows-GroupPolicy,1130,None,"Logon script failed. 
	GPO Name : WriteDrivePrinters
	GPO File System Path : \\corp.premierinc.com\SysVol\corp.premierinc.com\Policies\{35C46FB7-C147-4027-8EC3-9A330109E69A}\User
	Script Name: WriteDriveMapSetup.ps1"
Information,6/29/2018 2:32:02 PM,Microsoft-Windows-Kernel-General,16,None,The access history in hive \??\C:\ProgramData\Microsoft\Windows\AppRepository\Packages\HoloShell_10.0.15063.1155_neutral__cw5n1h2txyewy\ActivationStore.dat was cleared updating 0 keys and creating 0 modified pages.
Information,6/29/2018 2:32:01 PM,Microsoft-Windows-Kernel-General,16,None,The access history in hive \??\C:\ProgramData\Microsoft\Windows\AppRepository\Packages\EnvironmentsApp_10.0.15063.1155_neutral__cw5n1h2txyewy\ActivationStore.dat was cleared updating 0 keys and creating 0 modified pages.
Information,6/29/2018 2:32:00 PM,Microsoft-Windows-Kernel-General,16,None,The access history in hive \??\C:\ProgramData\Microsoft\Windows\AppRepository\Packages\E2A4F912-2574-4A75-9BB0-0D023378592B_10.0.15063.1155_neutral_neutral_cw5n1h2txyewy\ActivationStore.dat was cleared updating 0 keys and creating 0 modified pages.
Information,6/29/2018 2:32:00 PM,Microsoft-Windows-Kernel-General,16,None,The access history in hive \??\C:\ProgramData\Microsoft\Windows\AppRepository\Packages\DesktopView_1000.15063.1155.0_neutral_neutral_cw5n1h2txyewy\ActivationStore.dat was cleared updating 0 keys and creating 0 modified pages.
Information,6/29/2018 2:31:59 PM,Microsoft-Windows-Kernel-General,16,None,The access history in hive \??\C:\ProgramData\Microsoft\Windows\AppRepository\Packages\DesktopLearning_1000.15063.1155.0_neutral__cw5n1h2txyewy\ActivationStore.dat was cleared updating 0 keys and creating 0 modified pages.
Information,6/29/2018 2:31:58 PM,Microsoft-Windows-Kernel-General,16,None,The access history in hive \??\C:\ProgramData\Microsoft\Windows\AppRepository\Packages\CortanaListenUIApp_10.0.15063.1155_neutral__cw5n1h2txyewy\ActivationStore.dat was cleared updating 0 keys and creating 0 modified pages.
Information,6/29/2018 2:31:56 PM,Microsoft-Windows-Kernel-General,16,None,The access history in hive \??\C:\ProgramData\Microsoft\Windows\AppRepository\Packages\1527c705-839a-4832-9118-54d4Bd6a0c89_10.0.15063.1155_neutral_neutral_cw5n1h2txyewy\ActivationStore.dat was cleared updating 0 keys and creating 0 modified pages.
Error,6/29/2018 2:31:41 PM,Microsoft-Windows-GroupPolicy,1129,None,"The processing of Group Policy failed because of lack of network connectivity to a domain controller. This may be a transient condition. A success message would be generated once the machine gets connected to the domain controller and Group Policy has successfully processed. If you do not see a success message for several hours, then contact your administrator."
Information,6/29/2018 2:31:38 PM,Microsoft-Windows-Winlogon,7001,(1101),User Logon Notification for Customer Experience Improvement Program
Warning,6/29/2018 2:31:36 PM,Microsoft-Windows-Time-Service,129,None,NtpClient was unable to set a domain peer to use as a time source because of discovery error. NtpClient will try again in 15 minutes and double the reattempt interval thereafter. The error was: The entry is not found. (0x800706E1)
Information,6/29/2018 2:16:03 PM,Microsoft-Windows-Time-Service,158,None,The time provider 'VMICTimeProvider' has indicated that the current hardware and operating environment is not supported and has stopped. This behavior is expected for VMICTimeProvider on non-HyperV-guest environments. This may be the expected behavior for the current provider in the current operating environment as well.
Information,6/29/2018 1:58:59 PM,Microsoft-Windows-Time-Service,158,None,The time provider 'VMICTimeProvider' has indicated that the current hardware and operating environment is not supported and has stopped. This behavior is expected for VMICTimeProvider on non-HyperV-guest environments. This may be the expected behavior for the current provider in the current operating environment as well.
Information,6/29/2018 1:51:38 PM,Lfsvc,1,None,Geolocation positioning is enabled.
Information,6/29/2018 1:51:38 PM,Lfsvc,1,None,Geolocation positioning is enabled.
Error,6/29/2018 1:46:27 PM,Microsoft-Windows-GroupPolicy,1130,None,"Startup script failed. 
	GPO Name : CA Policy
	GPO File System Path : \\corp.premierinc.com\SysVol\corp.premierinc.com\Policies\{7906F913-2516-477E-8217-9A4569781C5C}\Machine
	Script Name: \\c3pipkioei1\CertDeploy\startup.bat"
Error,6/29/2018 1:46:17 PM,Microsoft-Windows-GroupPolicy,1129,None,"The processing of Group Policy failed because of lack of network connectivity to a domain controller. This may be a transient condition. A success message would be generated once the machine gets connected to the domain controller and Group Policy has successfully processed. If you do not see a success message for several hours, then contact your administrator."
Information,6/29/2018 1:46:16 PM,Microsoft-Windows-WindowsUpdateClient,19,Windows Update Agent,Installation Successful: Windows successfully installed the following update: 2018-06 Cumulative Update for Windows 10 Version 1703 for x64-based Systems (KB4284874)
Information,6/29/2018 1:45:45 PM,Microsoft-Windows-HttpEvent,15007,None,Reservation for namespace identified by URL prefix http://+:10246/MDEServer/ was successfully added.
Information,6/29/2018 1:45:45 PM,Microsoft-Windows-HttpEvent,15007,None,Reservation for namespace identified by URL prefix http://+:10243/WMPNSSv4/ was successfully added.
Information,6/29/2018 1:45:45 PM,Microsoft-Windows-HttpEvent,15007,None,Reservation for namespace identified by URL prefix https://+:10245/WMPNSSv4/ was successfully added.
Information,6/29/2018 1:45:45 PM,Microsoft-Windows-UserModePowerService,12,(10),Process C:\Windows\WinSxS\amd64_microsoft-windows-servicingstack_31bf3856ad364e35_10.0.15063.410_none_9e914f9d2d85dacb\TiWorker.exe (process ID:3396) reset policy scheme from {381B4222-F694-41F0-9685-FF5BB260DF2E} to {381B4222-F694-41F0-9685-FF5BB260DF2E}
Information,6/29/2018 1:45:17 PM,Microsoft-Windows-UserModePowerService,12,(10),Process C:\Windows\WinSxS\amd64_microsoft-windows-servicingstack_31bf3856ad364e35_10.0.15063.410_none_9e914f9d2d85dacb\TiWorker.exe (process ID:3396) reset policy scheme from {381B4222-F694-41F0-9685-FF5BB260DF2E} to {381B4222-F694-41F0-9685-FF5BB260DF2E}
Information,6/29/2018 1:44:50 PM,Microsoft-Windows-HttpEvent,15007,None,Reservation for namespace identified by URL prefix http://+:80/116B50EB-ECE2-41ac-8429-9F9E963361B7/ was successfully added.
Information,6/29/2018 1:44:50 PM,Microsoft-Windows-HttpEvent,15007,None,Reservation for namespace identified by URL prefix https://+:443/C574AC30-5794-4AEE-B1BB-6651C5315029/ was successfully added.
Information,6/29/2018 1:44:50 PM,Microsoft-Windows-HttpEvent,15007,None,Reservation for namespace identified by URL prefix http://+:80/0131501b-d67f-491b-9a40-c4bf27bcb4d4/ was successfully added.
Warning,6/29/2018 1:44:37 PM,Microsoft-Windows-WinRM,10154,None,"The WinRM service failed to create the following SPNs: WSMAN/45212MLIU-7.corp.premierinc.com; WSMAN/45212MLIU-7. 

 Additional Data 
 The error received was 1355: %%1355.

 User Action 
 The SPNs can be created by an administrator using setspn.exe utility."
Information,6/29/2018 1:44:37 PM,Microsoft-Windows-WinRM,10148,None,"The WinRM service is listening for WS-Management requests. 

 User Action 
 Use the following command to see the specific IPs on which WinRM is listening: 

 winrm enumerate winrm/config/listener"
Error,6/29/2018 1:43:37 PM,Microsoft-Windows-Eventlog,30,Service startup,"The event logging service encountered an error (5) while enabling publisher {0BF2FB94-7B60-4B4D-9766-E82F658DF540} to channel Microsoft-Windows-Kernel-ShimEngine/Operational. This does not affect channel operation, but does affect the ability of the publisher to raise events to the channel. One common reason for this error is that the Provider is using ETW Provider Security and has not granted enable permissions to the Event Log service identity."
Information,6/29/2018 1:43:05 PM,McAfee Service Controller,1,None,The mfeesp MMS Service entered the running state.
Information,6/29/2018 1:42:55 PM,Microsoft-Windows-Kernel-General,16,None,The access history in hive \??\C:\Users\Default\NTUSER.DAT was cleared updating 1186 keys and creating 75 modified pages.
Information,6/29/2018 1:42:52 PM,McAfee Service Controller,1,None,The mfedxl MMS Service entered the running state.
Information,6/29/2018 1:42:49 PM,McAfee Service Controller,1,None,The mfetp MMS Service entered the running state.
Information,6/29/2018 1:42:44 PM,McAfee Service Controller,2,None,The mfedxl MMS Service entered the stopped state.
Information,6/29/2018 1:42:43 PM,Microsoft-Windows-HttpEvent,15008,None,Reservation for namespace identified by URL prefix http://+:80/116B50EB-ECE2-41ac-8429-9F9E963361B7/ was successfully deleted.
Information,6/29/2018 1:42:43 PM,Microsoft-Windows-HttpEvent,15008,None,Reservation for namespace identified by URL prefix https://+:443/C574AC30-5794-4AEE-B1BB-6651C5315029/ was successfully deleted.
Information,6/29/2018 1:42:43 PM,Microsoft-Windows-HttpEvent,15008,None,Reservation for namespace identified by URL prefix http://+:80/0131501b-d67f-491b-9a40-c4bf27bcb4d4/ was successfully deleted.
Information,6/29/2018 1:42:43 PM,Microsoft-Windows-UserModePowerService,12,(10),Process C:\Windows\WinSxS\amd64_microsoft-windows-servicingstack_31bf3856ad364e35_10.0.15063.410_none_9e914f9d2d85dacb\TiWorker.exe (process ID:3396) reset policy scheme from {381B4222-F694-41F0-9685-FF5BB260DF2E} to {381B4222-F694-41F0-9685-FF5BB260DF2E}
Information,6/29/2018 1:42:38 PM,Microsoft-Windows-UserModePowerService,12,(10),Process C:\Windows\WinSxS\amd64_microsoft-windows-servicingstack_31bf3856ad364e35_10.0.15063.410_none_9e914f9d2d85dacb\TiWorker.exe (process ID:3396) reset policy scheme from {381B4222-F694-41F0-9685-FF5BB260DF2E} to {381B4222-F694-41F0-9685-FF5BB260DF2E}
Information,6/29/2018 1:42:36 PM,Microsoft-Windows-HttpEvent,15008,None,Reservation for namespace identified by URL prefix http://+:10243/WMPNSSv4/ was successfully deleted.
Information,6/29/2018 1:42:36 PM,Microsoft-Windows-HttpEvent,15008,None,Reservation for namespace identified by URL prefix https://+:10245/WMPNSSv4/ was successfully deleted.
Information,6/29/2018 1:42:31 PM,Microsoft-Windows-TPM-WMI,1026,None,"The Trusted Platform Module (TPM) hardware on this computer cannot be provisioned for use automatically.  To set up the TPM interactively use the TPM management console (Start->tpm.msc) and use the action to make the TPM ready.

Error: The TPM provisioning action is not allowed by the specified flags.  For provisioning to be successful, one of several actions may be required.  The TPM management console (tpm.msc) action to make the TPM Ready may help.  For further information, see the documentation for the Win32_Tpm WMI method 'Provision'.  (The actions that may be required include importing the TPM Owner Authorization value into the system, calling the Win32_Tpm WMI method for provisioning the TPM and specifying TRUE for either 'ForceClear_Allowed' or 'PhysicalPresencePrompts_Allowed' (as indicated by the value returned in the Additional Information), or enabling the TPM in the system BIOS.)
Additional Information: 0x80011c"
Information,6/29/2018 1:42:26 PM,Microsoft-Windows-HttpEvent,15008,None,Reservation for namespace identified by URL prefix http://+:10246/MDEServer/ was successfully deleted.
Information,6/29/2018 1:42:15 PM,Service Control Manager,7040,None,The start type of the Background Intelligent Transfer Service service was changed from demand start to auto start.
Information,6/29/2018 1:42:07 PM,TPM,18,None,This event triggers the Trusted Platform Module (TPM) provisioning/status check to run.
Information,6/29/2018 1:42:07 PM,Service Control Manager,7026,None,"The following boot-start or system-start driver(s) did not load: 
dam"
Information,6/29/2018 1:42:00 PM,McAfee Service Controller,1,None,The mfeatp MMS Service entered the running state.
Information,6/29/2018 1:41:58 PM,McAfee Service Controller,1,None,The mfehcs MMS Service entered the running state.
Information,6/29/2018 1:41:58 PM,McAfee Service Controller,1,None,The mfedxl MMS Service entered the running state.
Warning,6/29/2018 1:41:55 PM,Microsoft-Windows-Time-Service,129,None,NtpClient was unable to set a domain peer to use as a time source because of discovery error. NtpClient will try again in 15 minutes and double the reattempt interval thereafter. The error was: The entry is not found. (0x800706E1)
Information,6/29/2018 1:41:55 PM,McAfee Service Controller,1,None,The mfefire MMS Service entered the running state.
Information,6/29/2018 1:41:55 PM,McAfee Service Controller,1,None,The mfefw MMS Service entered the running state.
Warning,6/29/2018 1:41:53 PM,Microsoft-Windows-Time-Service,129,None,NtpClient was unable to set a domain peer to use as a time source because of discovery error. NtpClient will try again in 15 minutes and double the reattempt interval thereafter. The error was: The entry is not found. (0x800706E1)
Information,6/29/2018 1:41:53 PM,BROWSER,8033,None,The browser has forced an election on network \Device\NetBT_Tcpip_{CFAF5E97-E3D1-4F0F-B282-9B1C710A19FF} because a master browser was stopped.
Information,6/29/2018 1:41:50 PM,McAfee Service Controller,1,None,The mfecore MMS Service entered the running state.
Information,6/29/2018 1:41:49 PM,Microsoft-Windows-Kernel-General,16,None,The access history in hive \??\C:\WINDOWS\AppCompat\Programs\Amcache.hve was cleared updating 12 keys and creating 0 modified pages.
Warning,6/29/2018 1:41:40 PM,Microsoft-Windows-Time-Service,129,None,NtpClient was unable to set a domain peer to use as a time source because of discovery error. NtpClient will try again in 15 minutes and double the reattempt interval thereafter. The error was: The entry is not found. (0x800706E1)
Warning,6/29/2018 1:41:39 PM,Microsoft-Windows-Time-Service,129,None,NtpClient was unable to set a domain peer to use as a time source because of discovery error. NtpClient will try again in 15 minutes and double the reattempt interval thereafter. The error was: The entry is not found. (0x800706E1)
Information,6/29/2018 1:41:39 PM,Microsoft-Windows-Time-Service,158,None,The time provider 'VMICTimeProvider' has indicated that the current hardware and operating environment is not supported and has stopped. This behavior is expected for VMICTimeProvider on non-HyperV-guest environments. This may be the expected behavior for the current provider in the current operating environment as well.
Information,6/29/2018 1:41:36 PM,VMnetuserif,1,None,() Starting up the User Interface Driver for VMware Virtual Networks.
Information,6/29/2018 1:41:37 PM,McAfee Service Controller,1,None,The mfevtp MMS Service entered the running state.
Error,6/29/2018 1:41:34 PM,NETLOGON,5719,None,"This computer was not able to set up a secure session with a domain controller in domain CORP due to the following: 
We can't sign you in with this credential because your domain isn't available. Make sure your device is connected to your organization's network and try again. If you previously signed in on this device with another credential, you can sign in with that credential. 
This may lead to authentication problems. Make sure that this computer is connected to the network. If the problem persists, please contact your domain administrator.  

ADDITIONAL INFO 
If this computer is a domain controller for the specified domain, it sets up the secure session to the primary domain controller emulator in the specified domain. Otherwise, this computer sets up the secure session to any domain controller in the specified domain."
Information,6/29/2018 1:41:33 PM,Microsoft-Windows-WAS,5211,None,The Windows Process Activation Service (WAS) started with 'Classic' mode using 'ConfigurationSystem'
Error,6/29/2018 1:41:32 PM,Service Control Manager,7001,None,"The NetTcpActivator service depends on the NetTcpPortSharing service which failed to start because of the following error: 
The service cannot be started, either because it is disabled or because it has no enabled devices associated with it."
Information,6/29/2018 1:41:32 PM,vmx86,34,None,"The description for Event ID 34 from source vmx86 cannot be found. Either the component that raises this event is not installed on your local computer or the installation is corrupted. You can install or repair the component on the local computer.

If the event originated on another computer, the display information had to be saved with the event.

The following information was included with the event: 

VMX86.SYS: begin DriverEntry built @ 12:34:37
"
Information,6/29/2018 1:41:29 PM,Microsoft-Windows-WLAN-AutoConfig,10001,None,"WLAN Extensibility Module has successfully started.

Module Path: C:\WINDOWS\system32\acnamihv.dll
"
Information,6/29/2018 1:41:29 PM,Microsoft-Windows-WLAN-AutoConfig,4000,None,"WLAN AutoConfig service has successfully started.
"
Warning,6/29/2018 1:41:24 PM,Microsoft-Windows-Wininit,11,None,Custom dynamic link libraries are being loaded for every application. The system administrator should review the list of libraries to ensure they are related to trusted applications. Please visit http://support.microsoft.com/kb/197571 for more information.
Information,6/29/2018 1:41:18 PM,Microsoft-Windows-FilterManager,6,None,"File System Filter 'storqosflt' (10.0, ‎2066‎-‎07‎-‎23T05:44:23.000000000Z) has successfully loaded and registered with Filter Manager."
Error,6/29/2018 1:41:18 PM,Service Control Manager,7000,None,"The CldFlt service failed to start due to the following error: 
The request is not supported."
Information,6/29/2018 1:41:18 PM,Microsoft-Windows-FilterManager,6,None,"File System Filter 'wcifs' (10.0, ‎1989‎-‎10‎-‎07T07:01:51.000000000Z) has successfully loaded and registered with Filter Manager."
Information,6/29/2018 1:41:18 PM,Microsoft-Windows-DHCPv6-Client,51046,Service State Event,DHCPv6 client service is started
Information,6/29/2018 1:41:18 PM,Microsoft-Windows-FilterManager,6,None,"File System Filter 'luafv' (10.0, ‎2008‎-‎03‎-‎16T23:17:00.000000000Z) has successfully loaded and registered with Filter Manager."
Information,6/29/2018 1:41:17 PM,Microsoft-Windows-Dhcp-Client,50103,Service State Event,DHCPv4 client registered for shutdown notification
Information,6/29/2018 1:41:17 PM,Microsoft-Windows-Dhcp-Client,50036,Service State Event,DHCPv4 client service is started
Information,6/29/2018 1:41:17 PM,Microsoft-Windows-Kernel-General,16,None,The access history in hive \SystemRoot\System32\Config\BBI was cleared updating 467 keys and creating 85 modified pages.
Information,6/29/2018 1:41:17 PM,Microsoft-Windows-Kernel-General,16,None,The access history in hive \??\C:\WINDOWS\ServiceProfiles\LocalService\NTUSER.DAT was cleared updating 679 keys and creating 36 modified pages.
Information,6/29/2018 1:41:15 PM,Microsoft-Windows-Kernel-General,16,None,The access history in hive \??\C:\WINDOWS\ServiceProfiles\NetworkService\NTUSER.DAT was cleared updating 674 keys and creating 36 modified pages.
Information,6/29/2018 1:41:15 PM,Microsoft-Windows-Kernel-General,16,None,The access history in hive \SystemRoot\System32\Config\SAM was cleared updating 91 keys and creating 8 modified pages.
Information,6/29/2018 1:41:15 PM,Microsoft-Windows-Directory-Services-SAM,16962,None,"Remote calls to the SAM database are being restricted using the default security descriptor: O:SYG:SYD:(A;;RC;;;BA).
For more information please see http://go.microsoft.com/fwlink/?LinkId=787651."
Information,6/29/2018 1:41:14 PM,Microsoft-Windows-Kernel-General,16,None,The access history in hive \SystemRoot\System32\Config\SECURITY was cleared updating 120 keys and creating 7 modified pages.
Information,6/29/2018 1:41:14 PM,Microsoft-Windows-Wininit,14,None,"Credential Guard (LsaIso.exe) configuration: 0x0, 0"
Information,6/29/2018 1:40:36 PM,Microsoft-Windows-Kernel-General,15,None,Hive \SystemRoot\System32\Config\DEFAULT was reorganized with a starting size of 1896448 bytes and an ending size of 536576 bytes.
Warning,6/29/2018 1:40:36 PM,e1iexpress,27,None,"Intel(R) 82579LM Gigabit Network Connection
 Network link is disconnected.
"
Information,6/29/2018 1:40:36 PM,Microsoft-Windows-Kernel-General,15,None,Hive \SystemRoot\System32\Config\SOFTWARE was reorganized with a starting size of 112402432 bytes and an ending size of 111837184 bytes.
Information,6/29/2018 1:40:31 PM,Microsoft-Windows-Ntfs,98,None,Volume \\?\Volume{167022d7-4dd4-11e6-8f1d-806e6f6e6963} (\Device\HarddiskVolume1) is healthy.  No action is needed.
Information,6/29/2018 1:40:31 PM,Microsoft-Windows-Ntfs,98,None,Volume \\?\Volume{167022d9-4dd4-11e6-8f1d-806e6f6e6963} (\Device\HarddiskVolume3) is healthy.  No action is needed.
Information,6/29/2018 1:40:30 PM,Microsoft-Windows-Kernel-Power,521,(220),Active battery count change.
Information,6/29/2018 1:40:30 PM,NETwNe64,7036,None,The \Device\NDMP5 service entered the Intel(R) Centrino(R) Advanced-N 6205 state.
Information,6/29/2018 1:40:30 PM,MEIx64,2,None,Intel(R) Management Engine Interface driver has started successfully.
Information,6/29/2018 1:40:30 PM,Microsoft-Windows-Kernel-Processor-Power,55,(47),"Processor 3 in group 0 exposes the following power management capabilities:

Idle state type: ACPI Idle (C) States (2 state(s))

Performance state type: ACPI Performance (P) / Throttle (T) States
Nominal Frequency (MHz): 2601
Maximum performance percentage: 100
Minimum performance percentage: 46
Minimum throttle percentage: 5"
Information,6/29/2018 1:40:30 PM,Microsoft-Windows-Kernel-Processor-Power,55,(47),"Processor 2 in group 0 exposes the following power management capabilities:

Idle state type: ACPI Idle (C) States (2 state(s))

Performance state type: ACPI Performance (P) / Throttle (T) States
Nominal Frequency (MHz): 2601
Maximum performance percentage: 100
Minimum performance percentage: 46
Minimum throttle percentage: 5"
Information,6/29/2018 1:40:30 PM,Microsoft-Windows-Kernel-Processor-Power,55,(47),"Processor 1 in group 0 exposes the following power management capabilities:

Idle state type: ACPI Idle (C) States (2 state(s))

Performance state type: ACPI Performance (P) / Throttle (T) States
Nominal Frequency (MHz): 2601
Maximum performance percentage: 100
Minimum performance percentage: 46
Minimum throttle percentage: 5"
Information,6/29/2018 1:40:30 PM,Microsoft-Windows-Kernel-Processor-Power,55,(47),"Processor 0 in group 0 exposes the following power management capabilities:

Idle state type: ACPI Idle (C) States (2 state(s))

Performance state type: ACPI Performance (P) / Throttle (T) States
Nominal Frequency (MHz): 2601
Maximum performance percentage: 100
Minimum performance percentage: 46
Minimum throttle percentage: 5"
Information,6/29/2018 1:40:20 PM,VMnetAdapter,36,None,() Starting up the Adapter Driver for VMware Virtual Networks.
Information,6/29/2018 1:40:20 PM,Microsoft-Windows-Kernel-Power,172,(203),"Connectivity state in standby: Disconnected, Reason: NIC compliance"
Information,6/29/2018 1:40:20 PM,Microsoft-Windows-FilterManager,6,None,"File System Filter 'npsvctrig' (10.0, ‎2097‎-‎07‎-‎25T04:18:05.000000000Z) has successfully loaded and registered with Filter Manager."
Information,6/29/2018 1:40:18 PM,Microsoft-Windows-FilterManager,6,None,"File System Filter 'hdlpflt' (10.0, ‎2017‎-‎12‎-‎07T06:22:28.000000000Z) has successfully loaded and registered with Filter Manager."
Information,6/29/2018 1:40:18 PM,Microsoft-Windows-FilterManager,6,None,"File System Filter 'FileCrypt' (10.0, ‎2030‎-‎05‎-‎28T02:10:59.000000000Z) has successfully loaded and registered with Filter Manager."
Information,6/29/2018 1:40:16 PM,Microsoft-Windows-Ntfs,98,None,Volume C: (\Device\HarddiskVolume2) is healthy.  No action is needed.
Information,6/29/2018 1:40:14 PM,Microsoft-Windows-FilterManager,6,None,"File System Filter 'mfehidk' (0.0, ‎2017‎-‎11‎-‎30T23:46:33.000000000Z) has successfully loaded and registered with Filter Manager."
Information,6/29/2018 1:40:14 PM,Microsoft-Windows-FilterManager,6,None,"File System Filter 'Wof' (10.0, ‎1974‎-‎03‎-‎11T16:47:45.000000000Z) has successfully loaded and registered with Filter Manager."
Information,6/29/2018 1:40:14 PM,Microsoft-Windows-FilterManager,6,None,"File System Filter 'MfeEEFF' (6.0, ‎2017‎-‎11‎-‎21T08:16:24.000000000Z) has successfully loaded and registered with Filter Manager."
Information,6/29/2018 1:40:14 PM,Microsoft-Windows-FilterManager,6,None,"File System Filter 'MfeEERM' (6.0, ‎2017‎-‎11‎-‎10T05:55:41.000000000Z) has successfully loaded and registered with Filter Manager."
Information,6/29/2018 1:40:14 PM,Microsoft-Windows-FilterManager,6,None,"File System Filter 'FileInfo' (10.0, ‎2042‎-‎06‎-‎30T08:43:32.000000000Z) has successfully loaded and registered with Filter Manager."
Information,6/29/2018 1:40:14 PM,TPM,24,None,The Trusted Platform Module (TPM) status: Enabled and Active.
Information,6/29/2018 1:40:13 PM,Microsoft-Windows-Kernel-Boot,30,(21),The firmware reported boot metrics.
Information,6/29/2018 1:40:13 PM,Microsoft-Windows-Kernel-Boot,32,None,The bootmgr spent 0 ms waiting for user input.
Information,6/29/2018 1:40:13 PM,Microsoft-Windows-Kernel-Boot,18,None,There are 0x1 boot options on this system.
Information,6/29/2018 1:40:13 PM,Microsoft-Windows-Kernel-Boot,25,(32),The boot menu policy was 0x1.
Information,6/29/2018 1:40:13 PM,Microsoft-Windows-Kernel-Boot,27,(33),The boot type was 0x0.
Information,6/29/2018 1:40:13 PM,Microsoft-Windows-Kernel-Boot,20,(31),The last shutdown's success status was true. The last boot's success status was true.
Information,6/29/2018 1:40:13 PM,Microsoft-Windows-Kernel-Boot,153,None,Virtualization-based security (policies: 0) is disabled.
Information,6/29/2018 1:40:13 PM,Microsoft-Windows-Kernel-General,12,(1),The operating system started at system time ‎2018‎-‎06‎-‎29T19:40:13.490551600Z.
Information,6/29/2018 1:38:28 PM,Microsoft-Windows-Kernel-General,13,(2),The operating system is shutting down at system time ‎2018‎-‎06‎-‎29T19:38:28.984930800Z.
Error,6/29/2018 1:37:30 PM,Service Control Manager,7011,None,A timeout (30000 milliseconds) was reached while waiting for a transaction response from the mfemms service.
Information,6/29/2018 1:37:05 PM,Microsoft-Windows-Kernel-Power,109,(103),"The kernel power manager has initiated a shutdown transition.

Shutdown Reason: Kernel API"
Information,6/29/2018 1:37:05 PM,Microsoft-Windows-WLAN-AutoConfig,4001,None,"WLAN AutoConfig service has successfully stopped.
"
Information,6/29/2018 1:41:19 PM,EventLog,6013,None,The system uptime is 66 seconds.
Information,6/29/2018 1:41:19 PM,EventLog,6005,None,The Event log service was started.
Information,6/29/2018 1:41:19 PM,EventLog,6009,None,Microsoft (R) Windows (R) 10.00. 15063  Multiprocessor Free.
Warning,6/29/2018 1:37:04 PM,Microsoft-Windows-WLAN-AutoConfig,10002,None,"WLAN Extensibility Module has stopped.

Module Path: C:\WINDOWS\system32\acnamihv.dll
"
Information,6/29/2018 1:37:01 PM,Microsoft-Windows-Dhcp-Client,50037,Service State Event,DHCPv4 client service is stopped. ShutDown Flag value is 1
Information,6/29/2018 1:37:01 PM,Microsoft-Windows-DHCPv6-Client,51047,Service State Event,DHCPv6 client service is stopped. ShutDown Flag value is 1
Information,6/29/2018 1:37:00 PM,Microsoft-Windows-Dhcp-Client,50106,Service State Event,DHCPv4 is waiting on DHCPv6 service to stop
Information,6/29/2018 1:37:00 PM,Microsoft-Windows-Kernel-General,1,(5),"The system time has changed to ‎2018‎-‎06‎-‎29T19:37:00.306000000Z from ‎2018‎-‎06‎-‎29T19:37:00.319777500Z.

Change Reason: An application or system component changed the time."
Information,6/29/2018 1:37:00 PM,Microsoft-Windows-Dhcp-Client,50105,Service State Event,DHCPv4 client ProcessDHCPRequestForever received TERMINATE_EVENT
Information,6/29/2018 1:37:00 PM,Microsoft-Windows-Dhcp-Client,50104,Service State Event,DHCPv4 client received shutdown notification
Information,6/29/2018 1:37:00 PM,EventLog,6006,None,The Event log service was stopped.
Information,6/29/2018 1:37:00 PM,McAfee Service Controller,4,None,The mfevtp MMS Service entered the Post-Shutdown state.
Information,6/29/2018 1:37:00 PM,McAfee Service Controller,4,None,The mfefire MMS Service entered the Post-Shutdown state.
Warning,6/29/2018 1:26:18 PM,Microsoft-Windows-Time-Service,129,None,NtpClient was unable to set a domain peer to use as a time source because of discovery error. NtpClient will try again in 15 minutes and double the reattempt interval thereafter. The error was: The entry is not found. (0x800706E1)
Information,6/29/2018 1:26:16 PM,Microsoft-Windows-Winlogon,7002,(1102),User Logoff Notification for Customer Experience Improvement Program
Error,6/29/2018 1:00:42 PM,NETLOGON,5719,None,"This computer was not able to set up a secure session with a domain controller in domain CORP due to the following: 
We can't sign you in with this credential because your domain isn't available. Make sure your device is connected to your organization's network and try again. If you previously signed in on this device with another credential, you can sign in with that credential. 
This may lead to authentication problems. Make sure that this computer is connected to the network. If the problem persists, please contact your domain administrator.  

ADDITIONAL INFO 
If this computer is a domain controller for the specified domain, it sets up the secure session to the primary domain controller emulator in the specified domain. Otherwise, this computer sets up the secure session to any domain controller in the specified domain."
Information,6/29/2018 12:55:53 PM,Service Control Manager,7040,None,The start type of the Background Intelligent Transfer Service service was changed from auto start to demand start.
Information,6/29/2018 12:53:39 PM,Service Control Manager,7040,None,The start type of the Background Intelligent Transfer Service service was changed from demand start to auto start.
Information,6/29/2018 12:44:34 PM,Microsoft-Windows-GroupPolicy,1500,None,The Group Policy settings for the computer were processed successfully. There were no changes detected since the last successful processing of Group Policy.
Error,6/29/2018 12:44:34 PM,Microsoft-Windows-GroupPolicy,1129,None,"The processing of Group Policy failed because of lack of network connectivity to a domain controller. This may be a transient condition. A success message would be generated once the machine gets connected to the domain controller and Group Policy has successfully processed. If you do not see a success message for several hours, then contact your administrator."
Information,6/29/2018 12:31:57 PM,Microsoft-Windows-GroupPolicy,1501,None,The Group Policy settings for the user were processed successfully. There were no changes detected since the last successful processing of Group Policy.
Error,6/29/2018 12:31:57 PM,Microsoft-Windows-GroupPolicy,1129,None,"The processing of Group Policy failed because of lack of network connectivity to a domain controller. This may be a transient condition. A success message would be generated once the machine gets connected to the domain controller and Group Policy has successfully processed. If you do not see a success message for several hours, then contact your administrator."
Information,6/29/2018 12:00:00 PM,EventLog,6013,None,The system uptime is 1991233 seconds.
Information,6/29/2018 11:57:38 AM,Service Control Manager,7040,None,The start type of the Background Intelligent Transfer Service service was changed from auto start to demand start.
Information,6/29/2018 11:53:39 AM,Service Control Manager,7040,None,The start type of the Background Intelligent Transfer Service service was changed from demand start to auto start.
Information,6/29/2018 11:43:56 AM,Microsoft-Windows-Ntfs,98,None,Volume Windows (\Device\HarddiskVolumeShadowCopy39) is healthy.  No action is needed.
Information,6/29/2018 11:34:06 AM,Microsoft-Windows-UserModePowerService,22,(18),Reapply power settings upon completion of the provisioning engine's turn 5
Information,6/29/2018 11:32:35 AM,Microsoft-Windows-Kernel-General,16,None,The access history in hive \??\C:\ProgramData\Microsoft\Provisioning\Microsoft-Desktop-Provisioning-Sequence.dat was cleared updating 0 keys and creating 0 modified pages.
Information,6/29/2018 11:24:44 AM,Microsoft-Windows-WindowsUpdateClient,19,Windows Update Agent,Installation Successful: Windows successfully installed the following update: Security Update for Microsoft Outlook 2013 (KB4022169) 32-Bit Edition
Information,6/29/2018 11:20:19 AM,Microsoft-Windows-WindowsUpdateClient,43,Windows Update Agent,Installation Started: Windows has started installing the following update: Security Update for Microsoft Outlook 2013 (KB4022169) 32-Bit Edition
Information,6/29/2018 11:20:19 AM,Microsoft-Windows-WindowsUpdateClient,19,Windows Update Agent,Installation Successful: Windows successfully installed the following update: Update for Microsoft OneDrive for Business (KB3178712) 32-Bit Edition
Information,6/29/2018 11:18:38 AM,Microsoft-Windows-WindowsUpdateClient,43,Windows Update Agent,Installation Started: Windows has started installing the following update: Update for Microsoft OneDrive for Business (KB3178712) 32-Bit Edition
Information,6/29/2018 11:18:38 AM,Microsoft-Windows-WindowsUpdateClient,19,Windows Update Agent,Installation Successful: Windows successfully installed the following update: Update for Microsoft Project 2013 (KB4022171) 32-Bit Edition
Information,6/29/2018 11:18:07 AM,Microsoft-Windows-WindowsUpdateClient,43,Windows Update Agent,Installation Started: Windows has started installing the following update: Update for Microsoft Project 2013 (KB4022171) 32-Bit Edition
Information,6/29/2018 11:18:07 AM,Microsoft-Windows-WindowsUpdateClient,19,Windows Update Agent,Installation Successful: Windows successfully installed the following update: 2018-06 Security Update for Adobe Flash Player for Windows 10 Version 1703 for x64-based Systems (KB4287903)
Information,6/29/2018 11:17:54 AM,Microsoft-Windows-WindowsUpdateClient,43,Windows Update Agent,Installation Started: Windows has started installing the following update: 2018-06 Security Update for Adobe Flash Player for Windows 10 Version 1703 for x64-based Systems (KB4287903)
Information,6/29/2018 11:17:54 AM,Microsoft-Windows-WindowsUpdateClient,19,Windows Update Agent,Installation Successful: Windows successfully installed the following update: Update for Microsoft Word 2013 (KB4022186) 32-Bit Edition
Information,6/29/2018 11:15:13 AM,Microsoft-Windows-WindowsUpdateClient,43,Windows Update Agent,Installation Started: Windows has started installing the following update: Update for Microsoft Word 2013 (KB4022186) 32-Bit Edition
Information,6/29/2018 11:15:13 AM,Microsoft-Windows-WindowsUpdateClient,19,Windows Update Agent,Installation Successful: Windows successfully installed the following update: Security Update for Microsoft Excel 2013 (KB4022191) 32-Bit Edition
Information,6/29/2018 11:13:50 AM,Microsoft-Windows-WindowsUpdateClient,43,Windows Update Agent,Installation Started: Windows has started installing the following update: Security Update for Microsoft Excel 2013 (KB4022191) 32-Bit Edition
Information,6/29/2018 11:13:50 AM,Microsoft-Windows-WindowsUpdateClient,19,Windows Update Agent,Installation Successful: Windows successfully installed the following update: Security Update for Microsoft Office 2013 (KB4018387) 32-Bit Edition
Information,6/29/2018 11:10:42 AM,Microsoft-Windows-WindowsUpdateClient,43,Windows Update Agent,Installation Started: Windows has started installing the following update: Security Update for Microsoft Office 2013 (KB4018387) 32-Bit Edition
Information,6/29/2018 11:10:42 AM,Microsoft-Windows-WindowsUpdateClient,19,Windows Update Agent,Installation Successful: Windows successfully installed the following update: Windows Malicious Software Removal Tool x64 - June 2018 (KB890830)
Information,6/29/2018 11:10:04 AM,Microsoft-Windows-Kernel-General,16,None,The access history in hive \??\c:\users\jwill2\AppData\Local\Microsoft\Windows\usrclass.dat was cleared updating 4001 keys and creating 263 modified pages.
Information,6/29/2018 11:10:03 AM,Microsoft-Windows-Kernel-General,16,None,The access history in hive \??\c:\users\jdoran\AppData\Local\Microsoft\Windows\usrclass.dat was cleared updating 4001 keys and creating 263 modified pages.
Information,6/29/2018 11:10:03 AM,Microsoft-Windows-Kernel-General,16,None,The access history in hive \??\c:\users\administrator\AppData\Local\Microsoft\Windows\usrclass.dat was cleared updating 4060 keys and creating 268 modified pages.
Information,6/29/2018 11:03:34 AM,Microsoft-Windows-GroupPolicy,1500,None,The Group Policy settings for the computer were processed successfully. There were no changes detected since the last successful processing of Group Policy.
Error,6/29/2018 11:03:34 AM,Microsoft-Windows-GroupPolicy,1129,None,"The processing of Group Policy failed because of lack of network connectivity to a domain controller. This may be a transient condition. A success message would be generated once the machine gets connected to the domain controller and Group Policy has successfully processed. If you do not see a success message for several hours, then contact your administrator."
Information,6/29/2018 11:02:58 AM,Microsoft-Windows-WindowsUpdateClient,43,Windows Update Agent,Installation Started: Windows has started installing the following update: Windows Malicious Software Removal Tool x64 - June 2018 (KB890830)
Information,6/29/2018 11:02:58 AM,Microsoft-Windows-WindowsUpdateClient,19,Windows Update Agent,Installation Successful: Windows successfully installed the following update: Security Update for Microsoft Office 2013 (KB4022182) 32-Bit Edition
Information,6/29/2018 11:02:03 AM,Microsoft-Windows-WindowsUpdateClient,43,Windows Update Agent,Installation Started: Windows has started installing the following update: Security Update for Microsoft Office 2013 (KB4022182) 32-Bit Edition
Information,6/29/2018 10:56:14 AM,Service Control Manager,7040,None,The start type of the Background Intelligent Transfer Service service was changed from auto start to demand start.
Error,6/29/2018 10:52:10 AM,Microsoft-Windows-DNS-Client,1012,(1012),There was an error while attempting to read the local hosts file.
Information,6/29/2018 10:50:29 AM,Service Control Manager,7040,None,The start type of the Background Intelligent Transfer Service service was changed from demand start to auto start.
Error,6/29/2018 10:49:47 AM,Microsoft-Windows-GroupPolicy,1130,None,"Logon script failed. 
	GPO Name : CorporateTemplates
	GPO File System Path : \\corp.premierinc.com\SysVol\corp.premierinc.com\Policies\{537F14AF-167E-45E3-ABF6-D336AF72E8A3}\User
	Script Name: \\infrastructure\win7_app_deploy\PPT\PPT.bat"
Error,6/29/2018 10:49:47 AM,Microsoft-Windows-GroupPolicy,1130,None,"Logon script failed. 
	GPO Name : WriteDrivePrinters
	GPO File System Path : \\corp.premierinc.com\SysVol\corp.premierinc.com\Policies\{35C46FB7-C147-4027-8EC3-9A330109E69A}\User
	Script Name: WriteDriveMapSetup.ps1"
Information,6/29/2018 10:49:15 AM,Service Control Manager,7040,None,The start type of the Background Intelligent Transfer Service service was changed from auto start to demand start.
Warning,6/29/2018 10:47:58 AM,Microsoft-Windows-Time-Service,129,None,NtpClient was unable to set a domain peer to use as a time source because of discovery error. NtpClient will try again in 15 minutes and double the reattempt interval thereafter. The error was: The entry is not found. (0x800706E1)
Error,6/29/2018 10:47:57 AM,Microsoft-Windows-GroupPolicy,1129,None,"The processing of Group Policy failed because of lack of network connectivity to a domain controller. This may be a transient condition. A success message would be generated once the machine gets connected to the domain controller and Group Policy has successfully processed. If you do not see a success message for several hours, then contact your administrator."
Information,6/29/2018 10:47:56 AM,Microsoft-Windows-Winlogon,7001,(1101),User Logon Notification for Customer Experience Improvement Program
Information,6/29/2018 10:47:14 AM,Service Control Manager,7040,None,The start type of the Background Intelligent Transfer Service service was changed from demand start to auto start.
Warning,6/29/2018 10:47:08 AM,Microsoft-Windows-Time-Service,129,None,NtpClient was unable to set a domain peer to use as a time source because of discovery error. NtpClient will try again in 15 minutes and double the reattempt interval thereafter. The error was: The entry is not found. (0x800706E1)
Information,6/29/2018 10:47:06 AM,Microsoft-Windows-Power-Troubleshooter,1,None,"The system has returned from a low power state.

Sleep Time: ‎2018‎-‎06‎-‎29T16:45:20.981063300Z
Wake Time: ‎2018‎-‎06‎-‎29T16:47:02.989113900Z

Wake Source: Unknown"
Warning,6/29/2018 10:47:04 AM,Microsoft-Windows-Time-Service,129,None,NtpClient was unable to set a domain peer to use as a time source because of discovery error. NtpClient will try again in 15 minutes and double the reattempt interval thereafter. The error was: The entry is not found. (0x800706E1)
Warning,6/29/2018 10:47:02 AM,Microsoft-Windows-Time-Service,129,None,NtpClient was unable to set a domain peer to use as a time source because of discovery error. NtpClient will try again in 15 minutes and double the reattempt interval thereafter. The error was: The entry is not found. (0x800706E1)
Information,6/29/2018 10:47:02 AM,MEIx64,2,None,Intel(R) Management Engine Interface driver has started successfully.
Warning,6/29/2018 10:47:02 AM,e1iexpress,27,None,"Intel(R) 82579LM Gigabit Network Connection
 Network link is disconnected.
"
Information,6/29/2018 10:47:02 AM,Microsoft-Windows-Kernel-Boot,32,None,The bootmgr spent 0 ms waiting for user input.
Information,6/29/2018 10:47:02 AM,Microsoft-Windows-Kernel-Boot,18,None,There are 0x1 boot options on this system.
Information,6/29/2018 10:47:02 AM,Microsoft-Windows-Kernel-Boot,27,(33),The boot type was 0x1.
Information,6/29/2018 10:47:02 AM,Microsoft-Windows-Kernel-Boot,25,(32),The boot menu policy was 0x1.
Information,6/29/2018 10:47:02 AM,Microsoft-Windows-Kernel-Boot,30,(21),The firmware reported boot metrics.
Information,6/29/2018 10:47:02 AM,Microsoft-Windows-Kernel-Power,105,(100),Power source change.
Information,6/29/2018 10:47:01 AM,Microsoft-Windows-Kernel-General,1,(5),"The system time has changed to ‎2018‎-‎06‎-‎29T16:47:01.500000000Z from ‎2018‎-‎06‎-‎29T16:45:41.110292700Z.

Change Reason: System time synchronized with the hardware clock."
Information,6/29/2018 10:45:41 AM,Microsoft-Windows-Kernel-Power,107,(102),The system has resumed from sleep.
Warning,6/29/2018 10:45:40 AM,Microsoft-Windows-Time-Service,129,None,NtpClient was unable to set a domain peer to use as a time source because of discovery error. NtpClient will try again in 15 minutes and double the reattempt interval thereafter. The error was: The entry is not found. (0x800706E1)
Information,6/29/2018 10:45:29 AM,Microsoft-Windows-Kernel-Power,42,(64),"The system is entering sleep.

Sleep Reason: Application API"
Information,6/29/2018 10:45:21 AM,Microsoft-Windows-Kernel-General,1,(5),"The system time has changed to ‎2018‎-‎06‎-‎29T16:45:21.059000000Z from ‎2018‎-‎06‎-‎29T16:45:21.060417900Z.

Change Reason: An application or system component changed the time."
Information,6/29/2018 10:45:20 AM,Microsoft-Windows-Winlogon,7002,(1102),User Logoff Notification for Customer Experience Improvement Program
Warning,6/29/2018 10:45:19 AM,Microsoft-Windows-Time-Service,129,None,NtpClient was unable to set a domain peer to use as a time source because of discovery error. NtpClient will try again in 15 minutes and double the reattempt interval thereafter. The error was: The entry is not found. (0x800706E1)
Warning,6/29/2018 10:42:50 AM,Microsoft-Windows-DNS-Client,8020,(1028),"The system failed to register host (A or AAAA) resource records (RRs) for network adapter
with settings:

           Adapter Name : {70336238-9E29-46F3-BB7D-CE7E9C71C337}
           Host Name : 45212MLIU-7
           Primary Domain Suffix : corp.premierinc.com
           DNS server list :
             	192.168.86.1
           Sent update to server : 184.85.248.66:53
           IP Address(es) :
             192.168.86.55

The reason the system could not register these RRs during the update request was because of a system problem. You can manually retry DNS registration of the network adapter and its settings by typing 'ipconfig /registerdns' at the command prompt. If problems still persist, contact your DNS server or network systems administrator. See event details for specific error code information."
Warning,6/29/2018 10:42:46 AM,Microsoft-Windows-Time-Service,129,None,NtpClient was unable to set a domain peer to use as a time source because of discovery error. NtpClient will try again in 15 minutes and double the reattempt interval thereafter. The error was: The entry is not found. (0x800706E1)
Information,6/29/2018 10:42:35 AM,Microsoft-Windows-WLAN-AutoConfig,10001,None,"WLAN Extensibility Module has successfully started.

Module Path: C:\WINDOWS\system32\acnamihv.dll
"
