Warning,6/4/2018 7:56:19 PM,Microsoft-Windows-Wininit,11,None,Custom dynamic link libraries are being loaded for every application. The system administrator should review the list of libraries to ensure they are related to trusted applications. Please visit http://support.microsoft.com/kb/197571 for more information.
Information,6/4/2018 7:56:17 PM,Microsoft-Windows-FilterManager,6,None,"File System Filter 'storqosflt' (10.0, ‎2015‎-‎12‎-‎17T21:36:27.000000000Z) has successfully loaded and registered with Filter Manager."
Information,6/4/2018 7:56:17 PM,Microsoft-Windows-DHCPv6-Client,51046,Service State Event,DHCPv6 client service is started
Error,6/4/2018 7:56:16 PM,Service Control Manager,7000,None,"The CldFlt service failed to start due to the following error: 
The request is not supported."
Information,6/4/2018 7:56:16 PM,Microsoft-Windows-FilterManager,6,None,"File System Filter 'luafv' (10.0, ‎2037‎-‎06‎-‎08T03:55:59.000000000Z) has successfully loaded and registered with Filter Manager."
Information,6/4/2018 7:56:16 PM,Microsoft-Windows-Dhcp-Client,50103,Service State Event,DHCPv4 client registered for shutdown notification
Information,6/4/2018 7:56:16 PM,Microsoft-Windows-Dhcp-Client,50036,Service State Event,DHCPv4 client service is started
Information,6/4/2018 7:56:15 PM,Microsoft-Windows-FilterManager,6,None,"File System Filter 'wcifs' (10.0, ‎2079‎-‎07‎-‎15T12:50:57.000000000Z) has successfully loaded and registered with Filter Manager."
Information,6/4/2018 7:56:11 PM,Microsoft-Windows-Directory-Services-SAM,16962,None,"Remote calls to the SAM database are being restricted using the default security descriptor: O:SYG:SYD:(A;;RC;;;BA).
For more information please see http://go.microsoft.com/fwlink/?LinkId=787651."
Information,6/4/2018 7:56:08 PM,Microsoft-Windows-Wininit,14,None,"Credential Guard (LsaIso.exe) configuration: 0x0, 0"
Information,6/4/2018 7:56:07 PM,e1iexpress,32,None,"Intel(R) 82579LM Gigabit Network Connection
 Network link has been established at 1Gbps full duplex.
"
Information,6/4/2018 7:56:04 PM,Microsoft-Windows-Kernel-Power,521,(220),Active battery count change.
Information,6/4/2018 7:56:04 PM,NETwNe64,7036,None,The \Device\NDMP5 service entered the Intel(R) Centrino(R) Advanced-N 6205 state.
Information,6/4/2018 7:56:03 PM,MEIx64,2,None,Intel(R) Management Engine Interface driver has started successfully.
Information,6/4/2018 7:56:03 PM,Microsoft-Windows-Kernel-Processor-Power,55,(47),"Processor 3 in group 0 exposes the following power management capabilities:

Idle state type: ACPI Idle (C) States (2 state(s))

Performance state type: ACPI Performance (P) / Throttle (T) States
Nominal Frequency (MHz): 2601
Maximum performance percentage: 100
Minimum performance percentage: 46
Minimum throttle percentage: 5"
Information,6/4/2018 7:56:03 PM,Microsoft-Windows-Kernel-Processor-Power,55,(47),"Processor 2 in group 0 exposes the following power management capabilities:

Idle state type: ACPI Idle (C) States (2 state(s))

Performance state type: ACPI Performance (P) / Throttle (T) States
Nominal Frequency (MHz): 2601
Maximum performance percentage: 100
Minimum performance percentage: 46
Minimum throttle percentage: 5"
Information,6/4/2018 7:56:03 PM,Microsoft-Windows-Kernel-Processor-Power,55,(47),"Processor 1 in group 0 exposes the following power management capabilities:

Idle state type: ACPI Idle (C) States (2 state(s))

Performance state type: ACPI Performance (P) / Throttle (T) States
Nominal Frequency (MHz): 2601
Maximum performance percentage: 100
Minimum performance percentage: 46
Minimum throttle percentage: 5"
Information,6/4/2018 7:56:03 PM,Microsoft-Windows-Kernel-Processor-Power,55,(47),"Processor 0 in group 0 exposes the following power management capabilities:

Idle state type: ACPI Idle (C) States (2 state(s))

Performance state type: ACPI Performance (P) / Throttle (T) States
Nominal Frequency (MHz): 2601
Maximum performance percentage: 100
Minimum performance percentage: 46
Minimum throttle percentage: 5"
Information,6/4/2018 7:56:48 PM,McAfee Service Controller,1,None,The mfedxl MMS Service entered the running state.
Information,6/4/2018 7:55:58 PM,Microsoft-Windows-Ntfs,98,None,Volume \\?\Volume{167022d7-4dd4-11e6-8f1d-806e6f6e6963} (\Device\HarddiskVolume1) is healthy.  No action is needed.
Information,6/4/2018 7:55:58 PM,Microsoft-Windows-Ntfs,98,None,Volume \\?\Volume{167022d9-4dd4-11e6-8f1d-806e6f6e6963} (\Device\HarddiskVolume3) is healthy.  No action is needed.
Information,6/4/2018 7:55:57 PM,VMnetAdapter,36,None,() Starting up the Adapter Driver for VMware Virtual Networks.
Information,6/4/2018 7:55:57 PM,Microsoft-Windows-Kernel-Power,172,(203),"Connectivity state in standby: Disconnected, Reason: NIC compliance"
Information,6/4/2018 7:55:56 PM,Microsoft-Windows-FilterManager,6,None,"File System Filter 'npsvctrig' (10.0, ‎2097‎-‎07‎-‎25T04:18:05.000000000Z) has successfully loaded and registered with Filter Manager."
Information,6/4/2018 7:55:53 PM,Microsoft-Windows-FilterManager,6,None,"File System Filter 'hdlpflt' (10.0, ‎2017‎-‎12‎-‎07T06:22:28.000000000Z) has successfully loaded and registered with Filter Manager."
Information,6/4/2018 7:55:52 PM,Microsoft-Windows-FilterManager,6,None,"File System Filter 'FileCrypt' (10.0, ‎2030‎-‎05‎-‎28T02:10:59.000000000Z) has successfully loaded and registered with Filter Manager."
Information,6/4/2018 7:56:42 PM,McAfee Service Controller,1,None,The mfefw MMS Service entered the running state.
Information,6/4/2018 7:56:42 PM,McAfee Service Controller,1,None,The mfeesp MMS Service entered the running state.
Information,6/4/2018 7:56:40 PM,McAfee Service Controller,1,None,The mfehcs MMS Service entered the running state.
Information,6/4/2018 7:55:51 PM,Microsoft-Windows-Ntfs,98,None,Volume C: (\Device\HarddiskVolume2) is healthy.  No action is needed.
Information,6/4/2018 7:56:38 PM,McAfee Service Controller,1,None,The mfefire MMS Service entered the running state.
Information,6/4/2018 7:56:37 PM,McAfee Service Controller,1,None,The mfecore MMS Service entered the running state.
Information,6/4/2018 7:56:35 PM,McAfee Service Controller,1,None,The mfevtp MMS Service entered the running state.
Information,6/4/2018 7:55:50 PM,Microsoft-Windows-FilterManager,6,None,"File System Filter 'mfehidk' (0.0, ‎2017‎-‎11‎-‎30T23:46:33.000000000Z) has successfully loaded and registered with Filter Manager."
Information,6/4/2018 7:55:50 PM,Microsoft-Windows-FilterManager,6,None,"File System Filter 'Wof' (10.0, ‎1974‎-‎03‎-‎11T16:47:45.000000000Z) has successfully loaded and registered with Filter Manager."
Information,6/4/2018 7:55:50 PM,Microsoft-Windows-FilterManager,6,None,"File System Filter 'FileInfo' (10.0, ‎2042‎-‎06‎-‎30T08:43:32.000000000Z) has successfully loaded and registered with Filter Manager."
Information,6/4/2018 7:55:50 PM,TPM,24,None,The Trusted Platform Module (TPM) status: Enabled and Active.
Information,6/4/2018 7:55:49 PM,Microsoft-Windows-Kernel-Boot,30,(21),The firmware reported boot metrics.
Information,6/4/2018 7:55:49 PM,Microsoft-Windows-Kernel-Boot,32,None,The bootmgr spent 0 ms waiting for user input.
Information,6/4/2018 7:55:49 PM,Microsoft-Windows-Kernel-Boot,18,None,There are 0x1 boot options on this system.
Information,6/4/2018 7:55:49 PM,Microsoft-Windows-Kernel-Boot,25,(32),The boot menu policy was 0x1.
Information,6/4/2018 7:55:49 PM,Microsoft-Windows-Kernel-Boot,27,(33),The boot type was 0x0.
Information,6/4/2018 7:55:49 PM,Microsoft-Windows-Kernel-Boot,20,(31),The last shutdown's success status was true. The last boot's success status was true.
Information,6/4/2018 7:55:49 PM,Microsoft-Windows-Kernel-Boot,153,None,Virtualization-based security (policies: 0) is disabled.
Information,6/4/2018 7:55:49 PM,Microsoft-Windows-Kernel-General,12,(1),The operating system started at system time ‎2018‎-‎06‎-‎05T01:55:49.490739500Z.
Information,6/4/2018 7:55:32 PM,Microsoft-Windows-Kernel-General,13,(2),The operating system is shutting down at system time ‎2018‎-‎06‎-‎05T01:55:32.753605200Z.
Information,6/4/2018 7:55:24 PM,Microsoft-Windows-Kernel-Power,109,(103),"The kernel power manager has initiated a shutdown transition.

Shutdown Reason: Kernel API"
Information,6/4/2018 7:55:21 PM,Microsoft-Windows-WLAN-AutoConfig,4001,None,"WLAN AutoConfig service has successfully stopped.
"
Information,6/4/2018 7:56:16 PM,EventLog,6013,None,The system uptime is 26 seconds.
Information,6/4/2018 7:56:16 PM,EventLog,6005,None,The Event log service was started.
Information,6/4/2018 7:56:16 PM,EventLog,6009,None,Microsoft (R) Windows (R) 10.00. 15063  Multiprocessor Free.
Information,6/4/2018 7:55:20 PM,Microsoft-Windows-Dhcp-Client,50037,Service State Event,DHCPv4 client service is stopped. ShutDown Flag value is 1
Information,6/4/2018 7:55:20 PM,Microsoft-Windows-DHCPv6-Client,51047,Service State Event,DHCPv6 client service is stopped. ShutDown Flag value is 1
Information,6/4/2018 7:55:19 PM,Microsoft-Windows-Dhcp-Client,50106,Service State Event,DHCPv4 is waiting on DHCPv6 service to stop
Information,6/4/2018 7:55:19 PM,Microsoft-Windows-Kernel-General,1,(5),"The system time has changed to ‎2018‎-‎06‎-‎05T01:55:19.733000000Z from ‎2018‎-‎06‎-‎05T01:55:19.738249000Z.

Change Reason: An application or system component changed the time."
Information,6/4/2018 7:55:19 PM,Microsoft-Windows-Dhcp-Client,50105,Service State Event,DHCPv4 client ProcessDHCPRequestForever received TERMINATE_EVENT
Information,6/4/2018 7:55:19 PM,Microsoft-Windows-Dhcp-Client,50104,Service State Event,DHCPv4 client received shutdown notification
Information,6/4/2018 7:55:20 PM,EventLog,6006,None,The Event log service was stopped.
Information,6/4/2018 7:55:19 PM,McAfee Service Controller,4,None,The mfefire MMS Service entered the Post-Shutdown state.
Information,6/4/2018 7:55:15 PM,User32,1074,None,"The process msiexec.exe has initiated the restart of computer 45212MLIU-7 on behalf of user NT AUTHORITY\SYSTEM for the following reason: No title for this reason could be found
 Reason Code: 0x80030002
 Shutdown Type: restart
 Comment: The Windows Installer initiated a system restart to complete or continue the configuration of 'Avecto Defendpoint Client (x64) 4.4.92'."
Information,6/4/2018 7:55:14 PM,Service Control Manager,7045,None,"A service was installed in the system.

Service Name:  Avecto Defendpoint Driver
Service File Name:  \SystemRoot\system32\DRIVERS\PGDriver.sys
Service Type:  kernel mode driver
Service Start Type:  system start
Service Account:  "
Information,6/4/2018 7:55:07 PM,Service Control Manager,7045,None,"A service was installed in the system.

Service Name:  Avecto Defendpoint Service
Service File Name:  ""C:\Program Files\Avecto\Privilege Guard Client\DefendpointService.exe""
Service Type:  user mode service
Service Start Type:  auto start
Service Account:  LocalSystem"
Information,6/4/2018 7:52:51 PM,Service Control Manager,7040,None,The start type of the Background Intelligent Transfer Service service was changed from auto start to demand start.
Information,6/4/2018 7:52:18 PM,Microsoft-Windows-Ntfs,98,None,Volume Windows (\Device\HarddiskVolumeShadowCopy1) is healthy.  No action is needed.
Information,6/4/2018 7:51:27 PM,Microsoft-Windows-WindowsUpdateClient,19,Windows Update Agent,"Installation Successful: Windows successfully installed the following update: Lenovo - Keyboard, Other hardware - Lenovo Optical Mouse (HID)"
Information,6/4/2018 7:51:21 PM,Microsoft-Windows-UserPnp,20001,(7005),Driver Management concluded the process to install driver phidmou.inf_amd64_01f8ccc69f4031df\phidmou.inf for Device Instance ID USB\VID_04B3&PID_310C\7&3A27DAC5&0&6 with the following status: 0x0.
Information,6/4/2018 7:51:19 PM,Microsoft-Windows-UserPnp,20003,(7005),Driver Management has concluded the process to add Service HidUsb for Device Instance ID USB\VID_04B3&PID_310C\7&3A27DAC5&0&6 with the following status: 0.
Information,6/4/2018 7:51:19 PM,Microsoft-Windows-UserPnp,20003,(7005),Driver Management has concluded the process to add Service pelmouse for Device Instance ID USB\VID_04B3&PID_310C\7&3A27DAC5&0&6 with the following status: 0.
Information,6/4/2018 7:51:19 PM,Service Control Manager,7045,None,"A service was installed in the system.

Service Name:  Mouse Suite Driver
Service File Name:  \SystemRoot\system32\DRIVERS\pelmouse.sys
Service Type:  kernel mode driver
Service Start Type:  demand start
Service Account:  "
Information,6/4/2018 7:51:19 PM,Microsoft-Windows-UserPnp,20003,(7005),Driver Management has concluded the process to add Service pelusblf for Device Instance ID USB\VID_04B3&PID_310C\7&3A27DAC5&0&6 with the following status: 0.
Information,6/4/2018 7:51:19 PM,Service Control Manager,7045,None,"A service was installed in the system.

Service Name:  USB Mouse Low Filter Driver
Service File Name:  \SystemRoot\system32\DRIVERS\pelusblf.sys
Service Type:  kernel mode driver
Service Start Type:  demand start
Service Account:  "
Information,6/4/2018 7:51:13 PM,Microsoft-Windows-UserPnp,20001,(7005),Driver Management concluded the process to install driver iwdbus.inf_amd64_2174cb4f0f69d5e4\iwdbus.inf for Device Instance ID ROOT\SYSTEM\0001 with the following status: 0x0.
Information,6/4/2018 7:51:13 PM,Microsoft-Windows-WindowsUpdateClient,43,Windows Update Agent,"Installation Started: Windows has started installing the following update: Lenovo - Keyboard, Other hardware - Lenovo Optical Mouse (HID)"
Information,6/4/2018 7:51:11 PM,Service Control Manager,7045,None,"A service was installed in the system.

Service Name:  IWD Bus Enumerator
Service File Name:  \SystemRoot\System32\drivers\iwdbus.sys
Service Type:  kernel mode driver
Service Start Type:  demand start
Service Account:  "
Information,6/4/2018 7:51:08 PM,Microsoft-Windows-WindowsUpdateClient,44,Windows Update Agent,Windows Update started downloading an update.
Information,6/4/2018 7:50:48 PM,Microsoft-Windows-WinRM,10148,None,"The WinRM service is listening for WS-Management requests. 

 User Action 
 Use the following command to see the specific IPs on which WinRM is listening: 

 winrm enumerate winrm/config/listener"
Information,6/4/2018 7:49:05 PM,McAfee Service Controller,1,None,The mfetp MMS Service entered the running state.
Information,6/4/2018 7:48:46 PM,Service Control Manager,7040,None,The start type of the Background Intelligent Transfer Service service was changed from demand start to auto start.
Information,6/4/2018 7:48:43 PM,McAfee Service Controller,1,None,The mfedxl MMS Service entered the running state.
Error,6/4/2018 7:48:29 PM,Service Control Manager,7000,None,"The Net.Msmq Listener Adapter service failed to start due to the following error: 
The service did not respond to the start or control request in a timely fashion."
Error,6/4/2018 7:48:29 PM,Service Control Manager,7000,None,"The Net.Pipe Listener Adapter service failed to start due to the following error: 
The service did not respond to the start or control request in a timely fashion."
Information,6/4/2018 7:48:29 PM,Microsoft-Windows-TPM-WMI,1026,None,"The Trusted Platform Module (TPM) hardware on this computer cannot be provisioned for use automatically.  To set up the TPM interactively use the TPM management console (Start->tpm.msc) and use the action to make the TPM ready.

Error: The TPM provisioning action is not allowed by the specified flags.  For provisioning to be successful, one of several actions may be required.  The TPM management console (tpm.msc) action to make the TPM Ready may help.  For further information, see the documentation for the Win32_Tpm WMI method 'Provision'.  (The actions that may be required include importing the TPM Owner Authorization value into the system, calling the Win32_Tpm WMI method for provisioning the TPM and specifying TRUE for either 'ForceClear_Allowed' or 'PhysicalPresencePrompts_Allowed' (as indicated by the value returned in the Additional Information), or enabling the TPM in the system BIOS.)
Additional Information: 0x80011c"
Error,6/4/2018 7:48:29 PM,Service Control Manager,7009,None,A timeout was reached (30000 milliseconds) while waiting for the NetMsmqActivator service to connect.
Error,6/4/2018 7:48:29 PM,Service Control Manager,7009,None,A timeout was reached (30000 milliseconds) while waiting for the NetPipeActivator service to connect.
Error,6/4/2018 7:48:20 PM,Service Control Manager,7011,None,A timeout (30000 milliseconds) was reached while waiting for a transaction response from the McAfeeDLPAgentService service.
Information,6/4/2018 7:48:18 PM,TPM,18,None,This event triggers the Trusted Platform Module (TPM) provisioning/status check to run.
Information,6/4/2018 7:48:18 PM,Service Control Manager,7026,None,"The following boot-start or system-start driver(s) did not load: 
dam"
Information,6/4/2018 7:48:10 PM,McAfee Service Controller,1,None,The mfeatp MMS Service entered the running state.
Information,6/4/2018 7:48:10 PM,McAfee Service Controller,5,None,The mfedxl MMS Service terminated unexpectedly.
Information,6/4/2018 7:47:58 PM,Microsoft-Windows-WAS,5211,None,The Windows Process Activation Service (WAS) started with 'Classic' mode using 'ConfigurationSystem'
Information,6/4/2018 7:47:51 PM,Service Control Manager,7040,None,The start type of the cphs service was changed from auto start to demand start.
Information,6/4/2018 7:47:47 PM,Microsoft-Windows-Time-Service,35,None,The time service is now synchronizing the system time with the time source C11PICORPDC1.corp.premierinc.com (ntp.d|0.0.0.0:123->10.10.240.117:123).
Information,6/4/2018 7:47:47 PM,McAfee Service Controller,1,None,The mfeesp MMS Service entered the running state.
Information,6/4/2018 7:47:46 PM,McAfee Service Controller,1,None,The mfefw MMS Service entered the running state.
Information,6/4/2018 7:47:45 PM,Microsoft-Windows-WLAN-AutoConfig,4000,None,"WLAN AutoConfig service has successfully started.
"
Information,6/4/2018 7:47:43 PM,McAfee Service Controller,1,None,The mfehcs MMS Service entered the running state.
Information,6/4/2018 7:47:42 PM,McAfee Service Controller,1,None,The mfecore MMS Service entered the running state.
Information,6/4/2018 7:47:42 PM,McAfee Service Controller,1,None,The mfefire MMS Service entered the running state.
Information,6/4/2018 7:47:40 PM,Microsoft-Windows-Time-Service,37,None,The time provider NtpClient is currently receiving valid time data from C11PICORPDC1.corp.premierinc.com (ntp.d|0.0.0.0:123->10.10.240.117:123).
Information,6/4/2018 7:47:38 PM,McAfee Service Controller,1,None,The mfevtp MMS Service entered the running state.
Information,6/4/2018 7:47:33 PM,Microsoft-Windows-Time-Service,37,None,The time provider NtpClient is currently receiving valid time data from C11PICORPDC1.corp.premierinc.com (ntp.d|0.0.0.0:123->10.10.240.117:123).
Information,6/4/2018 7:47:31 PM,Microsoft-Windows-Time-Service,158,None,The time provider 'VMICTimeProvider' has indicated that the current hardware and operating environment is not supported and has stopped. This behavior is expected for VMICTimeProvider on non-HyperV-guest environments. This may be the expected behavior for the current provider in the current operating environment as well.
Information,6/4/2018 7:47:31 PM,VMnetuserif,1,None,() Starting up the User Interface Driver for VMware Virtual Networks.
Error,6/4/2018 7:47:28 PM,Service Control Manager,7001,None,"The NetTcpActivator service depends on the NetTcpPortSharing service which failed to start because of the following error: 
The service cannot be started, either because it is disabled or because it has no enabled devices associated with it."
Information,6/4/2018 7:47:28 PM,vmx86,34,None,"The description for Event ID 34 from source vmx86 cannot be found. Either the component that raises this event is not installed on your local computer or the installation is corrupted. You can install or repair the component on the local computer.

If the event originated on another computer, the display information had to be saved with the event.

The following information was included with the event: 

VMX86.SYS: begin DriverEntry built @ 12:34:37
"
Warning,6/4/2018 7:47:27 PM,Microsoft-Windows-DNS-Client,8019,(1028),"The system failed to register host (A or AAAA) resource records (RRs) for network adapter
with settings:

           Adapter Name : {D8E1E31A-6CDC-4DF9-A781-06398854202A}
           Host Name : 45212MLIU-7
           Primary Domain Suffix : corp.premierinc.com
           DNS server list :
             	206.71.92.6, 206.71.92.5
           Sent update to server : 10.32.2.53:53
           IP Address(es) :
             206.71.92.121

The reason the system could not register these RRs was because of a security related problem. The cause of this could be (a) your computer does not have permissions to register and update the specific DNS domain name set for this adapter, or (b) there might have been a problem negotiating valid credentials with the DNS server during the processing of the update request.

You can manually retry DNS registration of the network adapter and its settings by typing 'ipconfig /registerdns' at the command prompt. If problems still persist, contact your DNS server or network systems administrator. See event details for specific error code information."
Warning,6/4/2018 7:47:13 PM,Microsoft-Windows-Wininit,11,None,Custom dynamic link libraries are being loaded for every application. The system administrator should review the list of libraries to ensure they are related to trusted applications. Please visit http://support.microsoft.com/kb/197571 for more information.
Information,6/4/2018 7:47:11 PM,Microsoft-Windows-DHCPv6-Client,51046,Service State Event,DHCPv6 client service is started
Information,6/4/2018 7:47:10 PM,Microsoft-Windows-FilterManager,6,None,"File System Filter 'storqosflt' (10.0, ‎2015‎-‎12‎-‎17T21:36:27.000000000Z) has successfully loaded and registered with Filter Manager."
Error,6/4/2018 7:47:10 PM,Service Control Manager,7000,None,"The CldFlt service failed to start due to the following error: 
The request is not supported."
Information,6/4/2018 7:47:10 PM,Microsoft-Windows-FilterManager,6,None,"File System Filter 'luafv' (10.0, ‎2037‎-‎06‎-‎08T03:55:59.000000000Z) has successfully loaded and registered with Filter Manager."
Information,6/4/2018 7:47:10 PM,Microsoft-Windows-Dhcp-Client,50103,Service State Event,DHCPv4 client registered for shutdown notification
Information,6/4/2018 7:47:10 PM,Microsoft-Windows-Dhcp-Client,50036,Service State Event,DHCPv4 client service is started
Information,6/4/2018 7:47:10 PM,Microsoft-Windows-FilterManager,6,None,"File System Filter 'wcifs' (10.0, ‎2079‎-‎07‎-‎15T12:50:57.000000000Z) has successfully loaded and registered with Filter Manager."
Information,6/4/2018 7:47:05 PM,Microsoft-Windows-Directory-Services-SAM,16962,None,"Remote calls to the SAM database are being restricted using the default security descriptor: O:SYG:SYD:(A;;RC;;;BA).
For more information please see http://go.microsoft.com/fwlink/?LinkId=787651."
Information,6/4/2018 7:47:03 PM,Microsoft-Windows-Wininit,14,None,"Credential Guard (LsaIso.exe) configuration: 0x0, 0"
Information,6/4/2018 7:47:00 PM,e1iexpress,32,None,"Intel(R) 82579LM Gigabit Network Connection
 Network link has been established at 1Gbps full duplex.
"
Information,6/4/2018 7:46:57 PM,Microsoft-Windows-Kernel-Power,521,(220),Active battery count change.
Information,6/4/2018 7:46:57 PM,NETwNe64,7036,None,The \Device\NDMP5 service entered the Intel(R) Centrino(R) Advanced-N 6205 state.
Information,6/4/2018 7:46:57 PM,MEIx64,2,None,Intel(R) Management Engine Interface driver has started successfully.
Information,6/4/2018 7:46:57 PM,Microsoft-Windows-Kernel-Processor-Power,55,(47),"Processor 3 in group 0 exposes the following power management capabilities:

Idle state type: ACPI Idle (C) States (2 state(s))

Performance state type: ACPI Performance (P) / Throttle (T) States
Nominal Frequency (MHz): 2601
Maximum performance percentage: 100
Minimum performance percentage: 46
Minimum throttle percentage: 5"
Information,6/4/2018 7:46:57 PM,Microsoft-Windows-Kernel-Processor-Power,55,(47),"Processor 2 in group 0 exposes the following power management capabilities:

Idle state type: ACPI Idle (C) States (2 state(s))

Performance state type: ACPI Performance (P) / Throttle (T) States
Nominal Frequency (MHz): 2601
Maximum performance percentage: 100
Minimum performance percentage: 46
Minimum throttle percentage: 5"
Information,6/4/2018 7:46:57 PM,Microsoft-Windows-Kernel-Processor-Power,55,(47),"Processor 1 in group 0 exposes the following power management capabilities:

Idle state type: ACPI Idle (C) States (2 state(s))

Performance state type: ACPI Performance (P) / Throttle (T) States
Nominal Frequency (MHz): 2601
Maximum performance percentage: 100
Minimum performance percentage: 46
Minimum throttle percentage: 5"
Information,6/4/2018 7:46:57 PM,Microsoft-Windows-Kernel-Processor-Power,55,(47),"Processor 0 in group 0 exposes the following power management capabilities:

Idle state type: ACPI Idle (C) States (2 state(s))

Performance state type: ACPI Performance (P) / Throttle (T) States
Nominal Frequency (MHz): 2601
Maximum performance percentage: 100
Minimum performance percentage: 46
Minimum throttle percentage: 5"
Information,6/4/2018 7:46:51 PM,Microsoft-Windows-Ntfs,98,None,Volume \\?\Volume{167022d7-4dd4-11e6-8f1d-806e6f6e6963} (\Device\HarddiskVolume1) is healthy.  No action is needed.
Information,6/4/2018 7:46:51 PM,Microsoft-Windows-Ntfs,98,None,Volume \\?\Volume{167022d9-4dd4-11e6-8f1d-806e6f6e6963} (\Device\HarddiskVolume3) is healthy.  No action is needed.
Information,6/4/2018 7:46:50 PM,VMnetAdapter,36,None,() Starting up the Adapter Driver for VMware Virtual Networks.
Information,6/4/2018 7:46:50 PM,Microsoft-Windows-Kernel-Power,172,(203),"Connectivity state in standby: Disconnected, Reason: NIC compliance"
Information,6/4/2018 7:46:49 PM,Microsoft-Windows-FilterManager,6,None,"File System Filter 'npsvctrig' (10.0, ‎2097‎-‎07‎-‎25T04:18:05.000000000Z) has successfully loaded and registered with Filter Manager."
Information,6/4/2018 7:46:49 PM,Microsoft-Windows-FilterManager,6,None,"File System Filter 'hdlpflt' (10.0, ‎2017‎-‎12‎-‎07T06:22:28.000000000Z) has successfully loaded and registered with Filter Manager."
Information,6/4/2018 7:46:49 PM,Microsoft-Windows-FilterManager,6,None,"File System Filter 'FileCrypt' (10.0, ‎2030‎-‎05‎-‎28T02:10:59.000000000Z) has successfully loaded and registered with Filter Manager."
Information,6/4/2018 7:46:47 PM,Microsoft-Windows-Ntfs,98,None,Volume C: (\Device\HarddiskVolume2) is healthy.  No action is needed.
Information,6/4/2018 7:46:45 PM,Microsoft-Windows-FilterManager,6,None,"File System Filter 'mfehidk' (0.0, ‎2017‎-‎11‎-‎30T23:46:33.000000000Z) has successfully loaded and registered with Filter Manager."
Information,6/4/2018 7:46:45 PM,Microsoft-Windows-FilterManager,6,None,"File System Filter 'Wof' (10.0, ‎1974‎-‎03‎-‎11T16:47:45.000000000Z) has successfully loaded and registered with Filter Manager."
Information,6/4/2018 7:46:45 PM,Microsoft-Windows-FilterManager,6,None,"File System Filter 'FileInfo' (10.0, ‎2042‎-‎06‎-‎30T08:43:32.000000000Z) has successfully loaded and registered with Filter Manager."
Information,6/4/2018 7:46:45 PM,TPM,24,None,The Trusted Platform Module (TPM) status: Enabled and Active.
Information,6/4/2018 7:46:44 PM,Microsoft-Windows-Kernel-Boot,30,(21),The firmware reported boot metrics.
Information,6/4/2018 7:46:44 PM,Microsoft-Windows-Kernel-Boot,32,None,The bootmgr spent 0 ms waiting for user input.
Information,6/4/2018 7:46:44 PM,Microsoft-Windows-Kernel-Boot,18,None,There are 0x1 boot options on this system.
Information,6/4/2018 7:46:44 PM,Microsoft-Windows-Kernel-Boot,25,(32),The boot menu policy was 0x1.
Information,6/4/2018 7:46:44 PM,Microsoft-Windows-Kernel-Boot,27,(33),The boot type was 0x0.
Information,6/4/2018 7:46:44 PM,Microsoft-Windows-Kernel-Boot,20,(31),The last shutdown's success status was true. The last boot's success status was true.
Information,6/4/2018 7:46:44 PM,Microsoft-Windows-Kernel-Boot,153,None,Virtualization-based security (policies: 0) is disabled.
Information,6/4/2018 7:46:44 PM,Microsoft-Windows-Kernel-General,12,(1),The operating system started at system time ‎2018‎-‎06‎-‎05T01:46:44.490915500Z.
Information,6/4/2018 7:46:27 PM,Microsoft-Windows-Kernel-General,13,(2),The operating system is shutting down at system time ‎2018‎-‎06‎-‎05T01:46:27.139508600Z.
Information,6/4/2018 7:46:16 PM,Microsoft-Windows-Kernel-Power,109,(103),"The kernel power manager has initiated a shutdown transition.

Shutdown Reason: Kernel API"
Information,6/4/2018 7:46:12 PM,Microsoft-Windows-WLAN-AutoConfig,4001,None,"WLAN AutoConfig service has successfully stopped.
"
Information,6/4/2018 7:47:10 PM,EventLog,6013,None,The system uptime is 25 seconds.
Information,6/4/2018 7:47:10 PM,EventLog,6005,None,The Event log service was started.
Information,6/4/2018 7:47:10 PM,EventLog,6009,None,Microsoft (R) Windows (R) 10.00. 15063  Multiprocessor Free.
Information,6/4/2018 7:46:11 PM,Microsoft-Windows-Dhcp-Client,50037,Service State Event,DHCPv4 client service is stopped. ShutDown Flag value is 1
Information,6/4/2018 7:46:11 PM,Microsoft-Windows-Dhcp-Client,50106,Service State Event,DHCPv4 is waiting on DHCPv6 service to stop
Information,6/4/2018 7:46:11 PM,Microsoft-Windows-DHCPv6-Client,51047,Service State Event,DHCPv6 client service is stopped. ShutDown Flag value is 1
Information,6/4/2018 7:46:11 PM,Microsoft-Windows-Kernel-General,1,(5),"The system time has changed to ‎2018‎-‎06‎-‎05T01:46:11.678000000Z from ‎2018‎-‎06‎-‎05T01:46:11.680821100Z.

Change Reason: An application or system component changed the time."
Information,6/4/2018 7:46:11 PM,Microsoft-Windows-Dhcp-Client,50105,Service State Event,DHCPv4 client ProcessDHCPRequestForever received TERMINATE_EVENT
Information,6/4/2018 7:46:11 PM,Microsoft-Windows-Dhcp-Client,50104,Service State Event,DHCPv4 client received shutdown notification
Information,6/4/2018 7:46:11 PM,EventLog,6006,None,The Event log service was stopped.
Information,6/4/2018 7:46:11 PM,McAfee Service Controller,4,None,The mfefire MMS Service entered the Post-Shutdown state.
Information,6/4/2018 7:45:52 PM,User32,1074,None,"The process C:\WINDOWS\system32\winlogon.exe (45212MLIU-7) has initiated the restart of computer 45212MLIU-7 on behalf of user NT AUTHORITY\SYSTEM for the following reason: Operating System: Upgrade (Planned)
 Reason Code: 0x80020003
 Shutdown Type: restart
 Comment: "
Information,6/4/2018 7:45:37 PM,Microsoft-Windows-WindowsUpdateClient,43,Windows Update Agent,Installation Started: Windows has started installing the following update: Intel Corporation driver update for Intel(R) HD Graphics 4000
Information,6/4/2018 7:45:37 PM,Microsoft-Windows-WindowsUpdateClient,19,Windows Update Agent,Installation Successful: Windows successfully installed the following update: Intel Corporation driver update for Intel(R) HD Graphics 4000
Information,6/4/2018 7:45:37 PM,Microsoft-Windows-UserPnp,20001,(7005),Driver Management concluded the process to install driver igdlh64.inf_amd64_5f8dc4eab6fcd2f0\igdlh64.inf for Device Instance ID PCI\VEN_8086&DEV_0166&SUBSYS_21F317AA&REV_09\3&E89B380&0&10 with the following status: 0x0.
Information,6/4/2018 7:45:34 PM,Microsoft-Windows-UserPnp,20003,(7005),Driver Management has concluded the process to add Service igfxCUIService1.0.0.0 for Device Instance ID PCI\VEN_8086&DEV_0166&SUBSYS_21F317AA&REV_09\3&E89B380&0&10 with the following status: 0.
Information,6/4/2018 7:45:34 PM,Service Control Manager,7045,None,"A service was installed in the system.

Service Name:  Intel(R) HD Graphics Control Panel Service
Service File Name:  %SystemRoot%\system32\igfxCUIService.exe
Service Type:  user mode service
Service Start Type:  auto start
Service Account:  LocalSystem"
Information,6/4/2018 7:45:34 PM,Microsoft-Windows-UserPnp,20003,(7005),Driver Management has concluded the process to add Service cphs for Device Instance ID PCI\VEN_8086&DEV_0166&SUBSYS_21F317AA&REV_09\3&E89B380&0&10 with the following status: 0.
Information,6/4/2018 7:45:34 PM,Service Control Manager,7045,None,"A service was installed in the system.

Service Name:  Intel(R) Content Protection HECI Service
Service File Name:  %SystemRoot%\SysWow64\IntelCpHeciSvc.exe
Service Type:  user mode service
Service Start Type:  auto start
Service Account:  LocalSystem"
Information,6/4/2018 7:45:34 PM,Microsoft-Windows-UserPnp,20003,(7005),Driver Management has concluded the process to add Service igfx for Device Instance ID PCI\VEN_8086&DEV_0166&SUBSYS_21F317AA&REV_09\3&E89B380&0&10 with the following status: 0.
Information,6/4/2018 7:45:34 PM,Service Control Manager,7045,None,"A service was installed in the system.

Service Name:  igfx
Service File Name:  \SystemRoot\system32\DRIVERS\igdkmd64.sys
Service Type:  kernel mode driver
Service Start Type:  demand start
Service Account:  "
Information,6/4/2018 7:44:44 PM,Microsoft-Windows-WindowsUpdateClient,43,Windows Update Agent,Installation Started: Windows has started installing the following update: Intel Corporation driver update for Intel(R) HD Graphics 4000
Information,6/4/2018 7:43:11 PM,Microsoft-Windows-WindowsUpdateClient,44,Windows Update Agent,Windows Update started downloading an update.
Information,6/4/2018 7:40:41 PM,Microsoft-Windows-WindowsUpdateClient,44,Windows Update Agent,Windows Update started downloading an update.
Information,6/4/2018 7:40:41 PM,Microsoft-Windows-WindowsUpdateClient,19,Windows Update Agent,Installation Successful: Windows successfully installed the following update: Synaptics - Mouse - 9/19/2016 12:00:00 AM - 19.0.17.115
Information,6/4/2018 7:40:35 PM,Microsoft-Windows-UserPnp,20001,(7005),Driver Management concluded the process to install driver synpd.inf_amd64_638cf613aa734cba\synpd.inf for Device Instance ID ACPI\LEN0015\4&9CC4A9A&0 with the following status: 0x0.
Information,6/4/2018 7:40:35 PM,Service Control Manager,7045,None,"A service was installed in the system.

Service Name:  SynTPEnh Caller Service
Service File Name:  ""C:\Program Files\Synaptics\SynTP\SynTPEnhService.exe""
Service Type:  user mode service
Service Start Type:  auto start
Service Account:  LocalSystem"
Information,6/4/2018 7:39:58 PM,Microsoft-Windows-UserPnp,20003,(7005),Driver Management has concluded the process to add Service i8042prt for Device Instance ID ACPI\LEN0015\4&9CC4A9A&0 with the following status: 0.
Information,6/4/2018 7:39:58 PM,Microsoft-Windows-UserPnp,20003,(7005),Driver Management has concluded the process to add Service mouclass for Device Instance ID ACPI\LEN0015\4&9CC4A9A&0 with the following status: 0.
Information,6/4/2018 7:39:58 PM,Microsoft-Windows-UserPnp,20003,(7005),Driver Management has concluded the process to add Service SynTP for Device Instance ID ACPI\LEN0015\4&9CC4A9A&0 with the following status: 0.
Information,6/4/2018 7:39:29 PM,Microsoft-Windows-WindowsUpdateClient,43,Windows Update Agent,Installation Started: Windows has started installing the following update: Synaptics - Mouse - 9/19/2016 12:00:00 AM - 19.0.17.115
Information,6/4/2018 7:39:09 PM,Service Control Manager,7040,None,The start type of the Configuration Manager Remote Control service was changed from disabled to auto start.
Information,6/4/2018 7:39:07 PM,Service Control Manager,7045,None,"A service was installed in the system.

Service Name:  SMS Process Event Driver
Service File Name:  \SystemRoot\system32\DRIVERS\prepdrv.sys
Service Type:  kernel mode driver
Service Start Type:  demand start
Service Account:  "
Information,6/4/2018 7:38:47 PM,Microsoft-Windows-WindowsUpdateClient,44,Windows Update Agent,Windows Update started downloading an update.
Information,6/4/2018 7:37:24 PM,Service Control Manager,7040,None,The start type of the ConfigMgr Task Sequence Agent service was changed from disabled to demand start.
Information,6/4/2018 7:37:24 PM,Service Control Manager,7040,None,The start type of the SMS Agent Host service was changed from disabled to auto start.
Information,6/4/2018 7:37:15 PM,Microsoft-Windows-Time-Service,35,None,The time service is now synchronizing the system time with the time source C11PICORPDC1.corp.premierinc.com (ntp.d|0.0.0.0:123->10.10.240.117:123).
Information,6/4/2018 7:36:59 PM,Microsoft-Windows-Time-Service,37,None,The time provider NtpClient is currently receiving valid time data from C11PICORPDC1.corp.premierinc.com (ntp.d|0.0.0.0:123->10.10.240.117:123).
Information,6/4/2018 7:36:59 PM,Microsoft-Windows-Time-Service,158,None,The time provider 'VMICTimeProvider' has indicated that the current hardware and operating environment is not supported and has stopped. This behavior is expected for VMICTimeProvider on non-HyperV-guest environments. This may be the expected behavior for the current provider in the current operating environment as well.
Information,6/4/2018 7:36:30 PM,Service Control Manager,7040,None,The start type of the Background Intelligent Transfer Service service was changed from auto start to demand start.
Information,6/4/2018 7:34:28 PM,Service Control Manager,7040,None,The start type of the Background Intelligent Transfer Service service was changed from demand start to auto start.
Information,6/4/2018 7:32:50 PM,Lfsvc,1,None,Geolocation positioning is enabled.
Information,6/4/2018 7:32:09 PM,Microsoft-Windows-WLAN-AutoConfig,4000,None,"WLAN AutoConfig service has successfully started.
"
Information,6/4/2018 7:31:33 PM,Service Control Manager,7040,None,The start type of the Windows Defender Antivirus Mini-Filter Driver service was changed from boot start to demand start.
Information,6/4/2018 7:31:33 PM,Microsoft-Windows-FilterManager,1,None,"File System Filter 'WdFilter' (Version 10.0, ‎2102‎-‎10‎-‎04T10:25:01.000000000Z) unloaded successfully."
Information,6/4/2018 7:31:33 PM,Service Control Manager,7040,None,The start type of the Windows Defender Antivirus Boot Driver service was changed from boot start to demand start.
Information,6/4/2018 7:31:32 PM,Service Control Manager,7040,None,The start type of the Windows Defender Antivirus Service service was changed from auto start to demand start.
Error,6/4/2018 7:31:10 PM,Service Control Manager,7024,None,"The BranchCache service terminated with the following service-specific error: 
This program is blocked by group policy. For more information, contact your system administrator."
Information,6/4/2018 7:30:42 PM,Microsoft-Windows-FilterManager,6,None,"File System Filter 'WdFilter' (10.0, ‎2102‎-‎10‎-‎04T10:25:01.000000000Z) has successfully loaded and registered with Filter Manager."
Information,6/4/2018 7:30:13 PM,Microsoft-Windows-UserModePowerService,22,(18),Reapply power settings upon completion of the provisioning engine's turn 1
Information,6/4/2018 7:29:56 PM,Microsoft-Windows-Kernel-General,16,None,The access history in hive \??\C:\ProgramData\Microsoft\Provisioning\Microsoft-Desktop-Provisioning-Sequence.dat was cleared updating 0 keys and creating 0 modified pages.
Information,6/4/2018 7:29:55 PM,Microsoft-Windows-WLAN-AutoConfig,4001,None,"WLAN AutoConfig service has successfully stopped.
"
Information,6/4/2018 7:29:43 PM,Microsoft-Windows-TPM-WMI,1026,None,"The Trusted Platform Module (TPM) hardware on this computer cannot be provisioned for use automatically.  To set up the TPM interactively use the TPM management console (Start->tpm.msc) and use the action to make the TPM ready.

Error: The TPM provisioning action is not allowed by the specified flags.  For provisioning to be successful, one of several actions may be required.  The TPM management console (tpm.msc) action to make the TPM Ready may help.  For further information, see the documentation for the Win32_Tpm WMI method 'Provision'.  (The actions that may be required include importing the TPM Owner Authorization value into the system, calling the Win32_Tpm WMI method for provisioning the TPM and specifying TRUE for either 'ForceClear_Allowed' or 'PhysicalPresencePrompts_Allowed' (as indicated by the value returned in the Additional Information), or enabling the TPM in the system BIOS.)
Additional Information: 0x80011c"
Information,6/4/2018 7:29:30 PM,Microsoft-Windows-TPM-WMI,1026,None,"The Trusted Platform Module (TPM) hardware on this computer cannot be provisioned for use automatically.  To set up the TPM interactively use the TPM management console (Start->tpm.msc) and use the action to make the TPM ready.

Error: The TPM provisioning action is not allowed by the specified flags.  For provisioning to be successful, one of several actions may be required.  The TPM management console (tpm.msc) action to make the TPM Ready may help.  For further information, see the documentation for the Win32_Tpm WMI method 'Provision'.  (The actions that may be required include importing the TPM Owner Authorization value into the system, calling the Win32_Tpm WMI method for provisioning the TPM and specifying TRUE for either 'ForceClear_Allowed' or 'PhysicalPresencePrompts_Allowed' (as indicated by the value returned in the Additional Information), or enabling the TPM in the system BIOS.)
Additional Information: 0x80011c"
Information,6/4/2018 7:29:18 PM,Microsoft-Windows-TPM-WMI,1026,None,"The Trusted Platform Module (TPM) hardware on this computer cannot be provisioned for use automatically.  To set up the TPM interactively use the TPM management console (Start->tpm.msc) and use the action to make the TPM ready.

Error: The TPM provisioning action is not allowed by the specified flags.  For provisioning to be successful, one of several actions may be required.  The TPM management console (tpm.msc) action to make the TPM Ready may help.  For further information, see the documentation for the Win32_Tpm WMI method 'Provision'.  (The actions that may be required include importing the TPM Owner Authorization value into the system, calling the Win32_Tpm WMI method for provisioning the TPM and specifying TRUE for either 'ForceClear_Allowed' or 'PhysicalPresencePrompts_Allowed' (as indicated by the value returned in the Additional Information), or enabling the TPM in the system BIOS.)
Additional Information: 0x11c"
Information,6/4/2018 7:29:18 PM,Microsoft-Windows-TPM-WMI,1282,None,The TBS device identifier has been generated.
Information,6/4/2018 7:29:18 PM,Microsoft-Windows-TPM-WMI,1281,None,This event triggers the TBS device identifier generation.
Information,6/4/2018 7:28:39 PM,Service Control Manager,7040,None,The start type of the Task Scheduler service was changed from demand start to disabled.
Information,6/4/2018 7:28:38 PM,Service Control Manager,7040,None,The start type of the Task Scheduler service was changed from disabled to demand start.
Information,6/4/2018 7:28:36 PM,Service Control Manager,7040,None,The start type of the Distributed Transaction Coordinator service was changed from auto start to demand start.
Information,6/4/2018 7:28:14 PM,Service Control Manager,7040,None,The start type of the Distributed Transaction Coordinator service was changed from demand start to auto start.
Information,6/4/2018 7:27:54 PM,Service Control Manager,7045,None,"A service was installed in the system.

Service Name:  VMware Bridge Protocol
Service File Name:  \SystemRoot\system32\DRIVERS\vmnetbridge.sys
Service Type:  kernel mode driver
Service Start Type:  auto start
Service Account:  "
Information,6/4/2018 7:23:44 PM,Service Control Manager,7040,None,The start type of the Distributed Transaction Coordinator service was changed from auto start to demand start.
Information,6/4/2018 7:23:40 PM,Service Control Manager,7040,None,The start type of the Distributed Transaction Coordinator service was changed from demand start to auto start.
Information,6/4/2018 7:23:39 PM,McAfee Service Controller,1,None,The mfeatp MMS Service entered the running state.
Information,6/4/2018 7:23:20 PM,Service Control Manager,7040,None,The start type of the Background Intelligent Transfer Service service was changed from auto start to demand start.
Information,6/4/2018 7:23:10 PM,Service Control Manager,7040,None,The start type of the Configuration Manager Remote Control service was changed from auto start to disabled.
Information,6/4/2018 7:22:12 PM,McAfee Service Controller,5,None,The mfeatp MMS Service terminated unexpectedly.
Information,6/4/2018 7:21:47 PM,McAfee Service Controller,1,None,The mfetp MMS Service entered the running state.
Information,6/4/2018 7:21:46 PM,McAfee Service Controller,1,None,The mfeesp MMS Service entered the running state.
Information,6/4/2018 7:21:42 PM,Microsoft-Windows-Kernel-General,16,None,The access history in hive \??\C:\Windows.old\windows\system32\config\elam was cleared updating 0 keys and creating 0 modified pages.
Information,6/4/2018 7:21:09 PM,McAfee Service Controller,1,None,The mfedxl MMS Service entered the running state.
Error,6/4/2018 7:20:54 PM,Service Control Manager,7011,None,A timeout (30000 milliseconds) was reached while waiting for a transaction response from the McAfeeDLPAgentService service.
Information,6/4/2018 7:20:50 PM,Service Control Manager,7040,None,The start type of the Background Intelligent Transfer Service service was changed from demand start to auto start.
Error,6/4/2018 7:20:44 PM,Service Control Manager,7000,None,"The Net.Msmq Listener Adapter service failed to start due to the following error: 
The service did not respond to the start or control request in a timely fashion."
Error,6/4/2018 7:20:44 PM,Service Control Manager,7009,None,A timeout was reached (30000 milliseconds) while waiting for the NetMsmqActivator service to connect.
Error,6/4/2018 7:20:42 PM,Service Control Manager,7000,None,"The Net.Pipe Listener Adapter service failed to start due to the following error: 
The service did not respond to the start or control request in a timely fashion."
Error,6/4/2018 7:20:42 PM,Service Control Manager,7009,None,A timeout was reached (30000 milliseconds) while waiting for the NetPipeActivator service to connect.
Information,6/4/2018 7:20:42 PM,TPM,18,None,This event triggers the Trusted Platform Module (TPM) provisioning/status check to run.
Information,6/4/2018 7:20:42 PM,Service Control Manager,7026,None,"The following boot-start or system-start driver(s) did not load: 
dam"
Information,6/4/2018 7:20:38 PM,McAfee Service Controller,5,None,The mfedxl MMS Service terminated unexpectedly.
Information,6/4/2018 7:20:28 PM,Service Control Manager,7040,None,The start type of the IKEEXT service was changed from demand start to auto start.
Information,6/4/2018 7:20:22 PM,Microsoft-Windows-UserPnp,20001,(7005),Driver Management concluded the process to install driver netvwifimp.inf_amd64_356b66ad47b23393\netvwifimp.inf for Device Instance ID {5D624F94-8850-40C3-A3FA-A4FD2080BAF3}\VWIFIMP_SAP\5&2E8ECAEB&0&12 with the following status: 0x0.
Information,6/4/2018 7:20:15 PM,Microsoft-Windows-WLAN-AutoConfig,4000,None,"WLAN AutoConfig service has successfully started.
"
Information,6/4/2018 7:20:16 PM,McAfee Service Controller,1,None,The mfefw MMS Service entered the running state.
Information,6/4/2018 7:20:14 PM,McAfee Service Controller,1,None,The mfehcs MMS Service entered the running state.
Information,6/4/2018 7:20:13 PM,McAfee Service Controller,1,None,The mfefire MMS Service entered the running state.
Information,6/4/2018 7:20:11 PM,McAfee Service Controller,1,None,The mfecore MMS Service entered the running state.
Information,6/4/2018 7:20:07 PM,Microsoft-Windows-WAS,5211,None,The Windows Process Activation Service (WAS) started with 'Classic' mode using 'ConfigurationSystem'
Information,6/4/2018 7:20:06 PM,McAfee Service Controller,1,None,The mfevtp MMS Service entered the running state.
Information,6/4/2018 7:19:58 PM,VMnetuserif,1,None,() Starting up the User Interface Driver for VMware Virtual Networks.
Error,6/4/2018 7:19:52 PM,Service Control Manager,7001,None,"The NetTcpActivator service depends on the NetTcpPortSharing service which failed to start because of the following error: 
The service cannot be started, either because it is disabled or because it has no enabled devices associated with it."
Information,6/4/2018 7:19:52 PM,vmx86,34,None,"The description for Event ID 34 from source vmx86 cannot be found. Either the component that raises this event is not installed on your local computer or the installation is corrupted. You can install or repair the component on the local computer.

If the event originated on another computer, the display information had to be saved with the event.

The following information was included with the event: 

VMX86.SYS: begin DriverEntry built @ 12:34:37
"
Warning,6/4/2018 7:19:50 PM,Microsoft-Windows-DNS-Client,8019,(1028),"The system failed to register host (A or AAAA) resource records (RRs) for network adapter
with settings:

           Adapter Name : {D8E1E31A-6CDC-4DF9-A781-06398854202A}
           Host Name : 45212MLIU-7
           Primary Domain Suffix : corp.premierinc.com
           DNS server list :
             	206.71.92.6, 206.71.92.5
           Sent update to server : 10.32.2.53:53
           IP Address(es) :
             206.71.92.121

The reason the system could not register these RRs was because of a security related problem. The cause of this could be (a) your computer does not have permissions to register and update the specific DNS domain name set for this adapter, or (b) there might have been a problem negotiating valid credentials with the DNS server during the processing of the update request.

You can manually retry DNS registration of the network adapter and its settings by typing 'ipconfig /registerdns' at the command prompt. If problems still persist, contact your DNS server or network systems administrator. See event details for specific error code information."
