Warning,6/4/2018 6:57:48 PM,Microsoft-Windows-Kernel-PnP,225,(223),The application \Device\HarddiskVolume2\Windows\System32\svchost.exe with process id 1032 stopped the removal or ejection for the device ACPI\PNP0A08\2&daba3ff&3.
Warning,6/4/2018 6:57:48 PM,Microsoft-Windows-Kernel-PnP,225,(223),The application \Device\HarddiskVolume2\Windows\System32\svchost.exe with process id 1000 stopped the removal or ejection for the device ACPI\PNP0A08\2&daba3ff&3.
Warning,6/4/2018 6:57:48 PM,Microsoft-Windows-Kernel-PnP,225,(223),The application \Device\HarddiskVolume2\Windows\System32\svchost.exe with process id 960 stopped the removal or ejection for the device ACPI\PNP0A08\2&daba3ff&3.
Warning,6/4/2018 6:57:48 PM,Microsoft-Windows-Kernel-PnP,225,(223),The application \Device\HarddiskVolume2\Windows\System32\fontdrvhost.exe with process id 888 stopped the removal or ejection for the device ACPI\PNP0A08\2&daba3ff&3.
Warning,6/4/2018 6:57:48 PM,Microsoft-Windows-Kernel-PnP,225,(223),The application \Device\HarddiskVolume2\Windows\System32\fontdrvhost.exe with process id 852 stopped the removal or ejection for the device ACPI\PNP0A08\2&daba3ff&3.
Warning,6/4/2018 6:57:48 PM,Microsoft-Windows-Kernel-PnP,225,(223),The application \Device\HarddiskVolume2\Windows\System32\svchost.exe with process id 828 stopped the removal or ejection for the device ACPI\PNP0A08\2&daba3ff&3.
Warning,6/4/2018 6:57:48 PM,Microsoft-Windows-Kernel-PnP,225,(223),The application \Device\HarddiskVolume2\Windows\System32\svchost.exe with process id 808 stopped the removal or ejection for the device ACPI\PNP0A08\2&daba3ff&3.
Warning,6/4/2018 6:57:48 PM,Microsoft-Windows-Kernel-PnP,225,(223),The application \Device\HarddiskVolume2\Windows\System32\svchost.exe with process id 716 stopped the removal or ejection for the device ACPI\PNP0A08\2&daba3ff&3.
Warning,6/4/2018 6:57:48 PM,Microsoft-Windows-Kernel-PnP,225,(223),The application \Device\HarddiskVolume2\Windows\System32\lsass.exe with process id 700 stopped the removal or ejection for the device ACPI\PNP0A08\2&daba3ff&3.
Warning,6/4/2018 6:57:48 PM,Microsoft-Windows-Kernel-PnP,225,(223),The application \Device\HarddiskVolume2\Windows\System32\svchost.exe with process id 692 stopped the removal or ejection for the device ACPI\PNP0A08\2&daba3ff&3.
Warning,6/4/2018 6:57:48 PM,Microsoft-Windows-Kernel-PnP,225,(223),The application \Device\HarddiskVolume2\Windows\System32\services.exe with process id 684 stopped the removal or ejection for the device ACPI\PNP0A08\2&daba3ff&3.
Warning,6/4/2018 6:57:48 PM,Microsoft-Windows-Kernel-PnP,225,(223),The application \Device\HarddiskVolume2\Windows\System32\dwm.exe with process id 680 stopped the removal or ejection for the device ACPI\PNP0A08\2&daba3ff&3.
Warning,6/4/2018 6:57:48 PM,Microsoft-Windows-Kernel-PnP,225,(223),The application \Device\HarddiskVolume2\Windows\System32\winlogon.exe with process id 588 stopped the removal or ejection for the device ACPI\PNP0A08\2&daba3ff&3.
Warning,6/4/2018 6:57:48 PM,Microsoft-Windows-Kernel-PnP,225,(223),The application \Device\HarddiskVolume2\Windows\System32\wininit.exe with process id 548 stopped the removal or ejection for the device ACPI\PNP0A08\2&daba3ff&3.
Warning,6/4/2018 6:57:48 PM,Microsoft-Windows-Kernel-PnP,225,(223),The application \Device\HarddiskVolume2\Windows\System32\svchost.exe with process id 532 stopped the removal or ejection for the device ACPI\PNP0A08\2&daba3ff&3.
Warning,6/4/2018 6:57:48 PM,Microsoft-Windows-Kernel-PnP,225,(223),The application \Device\HarddiskVolume2\Windows\System32\csrss.exe with process id 524 stopped the removal or ejection for the device ACPI\PNP0A08\2&daba3ff&3.
Warning,6/4/2018 6:57:48 PM,Microsoft-Windows-Kernel-PnP,225,(223),The application \Device\HarddiskVolume2\Windows\System32\csrss.exe with process id 456 stopped the removal or ejection for the device ACPI\PNP0A08\2&daba3ff&3.
Warning,6/4/2018 6:57:48 PM,Microsoft-Windows-Kernel-PnP,225,(223),The application \Device\HarddiskVolume2\Windows\System32\svchost.exe with process id 448 stopped the removal or ejection for the device ACPI\PNP0A08\2&daba3ff&3.
Warning,6/4/2018 6:57:48 PM,Microsoft-Windows-Kernel-PnP,225,(223),The application \Device\HarddiskVolume2\Windows\System32\sppsvc.exe with process id 372 stopped the removal or ejection for the device ACPI\PNP0A08\2&daba3ff&3.
Warning,6/4/2018 6:57:48 PM,Microsoft-Windows-Kernel-PnP,225,(223),The application \Device\HarddiskVolume2\Windows\System32\smss.exe with process id 356 stopped the removal or ejection for the device ACPI\PNP0A08\2&daba3ff&3.
Warning,6/4/2018 6:57:48 PM,Microsoft-Windows-Kernel-PnP,225,(223),The application \Device\HarddiskVolume2\Windows\System32\svchost.exe with process id 108 stopped the removal or ejection for the device ACPI\PNP0A08\2&daba3ff&3.
Warning,6/4/2018 6:57:48 PM,Microsoft-Windows-Kernel-PnP,225,(223),The application System with process id 4 stopped the removal or ejection for the device ACPI\PNP0A08\2&daba3ff&3.
Information,6/4/2018 6:57:47 PM,Microsoft-Windows-Kernel-Power,521,(220),Active battery count change.
Information,6/4/2018 6:57:47 PM,Service Control Manager,7045,None,"A service was installed in the system.

Service Name:  Intel(R) USB 3.0 Host Controller Switch Driver
Service File Name:  System32\drivers\iusb3hcs.sys
Service Type:  kernel mode driver
Service Start Type:  boot start
Service Account:  "
Information,6/4/2018 6:57:47 PM,Microsoft-Windows-UserPnp,20001,(7005),Driver Management concluded the process to install driver pantherpointsystem.inf_amd64_0b68c2beb293c8fa\pantherpointsystem.inf for Device Instance ID PCI\VEN_8086&DEV_1E10&SUBSYS_21F317AA&REV_C4\3&E89B380&0&E0 with the following status: 0x0.
Error,6/4/2018 6:57:45 PM,Microsoft-Windows-NDIS,10317,PnP,"Miniport Zscaler Network Adapter 1.0.1.0, {5C3B7904-7B71-4391-9B63-A6B3991428C9}, had event Network Interface deleted while PNP Device still exists. Note that this event is provided for informational purpose and might not be an error always (Eg: In case of vSwitch which was recently un-installed or a LBFO team was removed)"
Information,6/4/2018 6:57:45 PM,Microsoft-Windows-UserPnp,20001,(7005),Driver Management concluded the process to install driver ztap.inf_amd64_2fa4bcbfb1554d78\ztap.inf for Device Instance ID ROOT\NET\0001 with the following status: 0x0.
Information,6/4/2018 6:57:44 PM,Service Control Manager,7045,None,"A service was installed in the system.

Service Name:  Zscaler Network Adapter 1.0.1.0
Service File Name:  \SystemRoot\System32\drivers\ztap.sys
Service Type:  kernel mode driver
Service Start Type:  demand start
Service Account:  "
Information,6/4/2018 6:57:43 PM,TPM,18,None,This event triggers the Trusted Platform Module (TPM) provisioning/status check to run.
Information,6/4/2018 6:57:43 PM,Service Control Manager,7026,None,"The following boot-start or system-start driver(s) did not load: 
CSC
dam"
Information,6/4/2018 6:57:35 PM,Microsoft-Windows-Kernel-General,16,None,The access history in hive \??\C:\WINDOWS\AppCompat\Programs\Amcache.hve was cleared updating 0 keys and creating 0 modified pages.
Error,6/4/2018 6:57:32 PM,Service Control Manager,7000,None,"The Cisco IP Communicator driver for CDP service failed to start due to the following error: 
The system cannot find the file specified."
Error,6/4/2018 6:57:30 PM,Service Control Manager,7001,None,"The NcaSvc service depends on the iphlpsvc service which failed to start because of the following error: 
The service cannot be started, either because it is disabled or because it has no enabled devices associated with it."
Error,6/4/2018 6:57:30 PM,Service Control Manager,7023,None,"The iphlpsvc service terminated with the following error: 
The service cannot be started, either because it is disabled or because it has no enabled devices associated with it."
Warning,6/4/2018 6:57:30 PM,Microsoft-Windows-Time-Service,134,None,"NtpClient was unable to set a manual peer to use as a time source because of DNS resolution error on 'time.windows.com,0x9'. NtpClient will try again in 15 minutes and double the reattempt interval thereafter. The error was: No such host is known. (0x80072AF9)"
Information,6/4/2018 6:57:29 PM,Microsoft-Windows-FilterManager,6,None,"File System Filter 'storqosflt' (10.0, ‎2015‎-‎12‎-‎17T21:36:27.000000000Z) has successfully loaded and registered with Filter Manager."
Error,6/4/2018 6:57:29 PM,Service Control Manager,7000,None,"The CldFlt service failed to start due to the following error: 
The request is not supported."
Information,6/4/2018 6:57:29 PM,Microsoft-Windows-FilterManager,6,None,"File System Filter 'luafv' (10.0, ‎2037‎-‎06‎-‎08T03:55:59.000000000Z) has successfully loaded and registered with Filter Manager."
Warning,6/4/2018 6:57:29 PM,Microsoft-Windows-Time-Service,134,None,"NtpClient was unable to set a manual peer to use as a time source because of DNS resolution error on 'time.windows.com,0x9'. NtpClient will try again in 15 minutes and double the reattempt interval thereafter. The error was: No such host is known. (0x80072AF9)"
Information,6/4/2018 6:57:28 PM,Microsoft-Windows-Time-Service,158,None,The time provider 'VMICTimeProvider' has indicated that the current hardware and operating environment is not supported and has stopped. This behavior is expected for VMICTimeProvider on non-HyperV-guest environments. This may be the expected behavior for the current provider in the current operating environment as well.
Warning,6/4/2018 6:57:28 PM,Microsoft-Windows-Time-Service,159,None,"W32time is unable to communicate with Netlogon Service. This failure prevents NTPClient from discovering and using domain peers, besides causing problems with correct W32time service state being advertised by Netlogon. This could be a temporary condition that resolves itself shortly. If this warning repeats over a considerable period of time, ensure the Netlogon service is running and is responsive and restart W32time service to reintiaize the overall state. The error was 0x80070700: An attempt was made to logon, but the network logon service was not started.
"
Information,6/4/2018 6:57:28 PM,Microsoft-Windows-DHCPv6-Client,51046,Service State Event,DHCPv6 client service is started
Information,6/4/2018 6:57:28 PM,Microsoft-Windows-FilterManager,6,None,"File System Filter 'wcifs' (10.0, ‎2079‎-‎07‎-‎15T12:50:57.000000000Z) has successfully loaded and registered with Filter Manager."
Information,6/4/2018 6:57:28 PM,Microsoft-Windows-Dhcp-Client,50103,Service State Event,DHCPv4 client registered for shutdown notification
Information,6/4/2018 6:57:28 PM,Microsoft-Windows-Dhcp-Client,50036,Service State Event,DHCPv4 client service is started
Information,6/4/2018 6:57:28 PM,Microsoft-Windows-Kernel-General,16,None,The access history in hive \SystemRoot\System32\Config\BBI was cleared updating 1 keys and creating 1 modified pages.
Information,6/4/2018 6:56:04 PM,Microsoft-Windows-SetupPlatform,2005,Install Windows Task,New Setup information
Information,6/4/2018 6:55:46 PM,Microsoft-Windows-WLAN-AutoConfig,4000,None,"WLAN AutoConfig service has successfully started.
"
Error,6/4/2018 6:55:44 PM,Service Control Manager,7000,None,"The McAfee NDIS Light Filter service failed to start due to the following error: 
The system cannot find the file specified."
Information,6/4/2018 6:55:41 PM,Service Control Manager,7045,None,"A service was installed in the system.

Service Name:  Cisco IP Communicator driver for CDP
Service File Name:  \SystemRoot\system32\DRIVERS\CipcCdp.sys
Service Type:  kernel mode driver
Service Start Type:  auto start
Service Account:  "
Information,6/4/2018 6:55:40 PM,Service Control Manager,7045,None,"A service was installed in the system.

Service Name:  VMware Bridge Protocol
Service File Name:  \SystemRoot\system32\DRIVERS\vmnetbridge.sys
Service Type:  kernel mode driver
Service Start Type:  auto start
Service Account:  "
Information,6/4/2018 6:55:39 PM,Service Control Manager,7040,None,The start type of the WlanSvc service was changed from demand start to auto start.
Information,6/4/2018 6:55:39 PM,Service Control Manager,7045,None,"A service was installed in the system.

Service Name:  McAfee NDIS Light Filter
Service File Name:  \SystemRoot\system32\DRIVERS\mfenlfk.sys
Service Type:  kernel mode driver
Service Start Type:  system start
Service Account:  "
Information,6/4/2018 6:55:24 PM,Microsoft-Windows-Kernel-General,16,None,The access history in hive \SystemRoot\System32\Config\SAM was cleared updating 1 keys and creating 1 modified pages.
Information,6/4/2018 6:55:24 PM,Microsoft-Windows-Directory-Services-SAM,16962,None,"Remote calls to the SAM database are being restricted using the default security descriptor: O:SYG:SYD:(A;;RC;;;BA).
For more information please see http://go.microsoft.com/fwlink/?LinkId=787651."
Information,6/4/2018 6:55:21 PM,Microsoft-Windows-Kernel-General,16,None,The access history in hive \SystemRoot\System32\Config\SECURITY was cleared updating 1 keys and creating 1 modified pages.
Information,6/4/2018 6:55:20 PM,Microsoft-Windows-Wininit,14,None,"Credential Guard (LsaIso.exe) configuration: 0x0, 0"
Information,6/4/2018 6:55:09 PM,Microsoft-Windows-Kernel-General,16,None,The access history in hive \??\C:\Users\Default\NTUSER.DAT was cleared updating 15 keys and creating 6 modified pages.
Information,6/4/2018 6:55:03 PM,Microsoft-Windows-Kernel-General,16,None,The access history in hive \SystemRoot\System32\Config\DEFAULT was cleared updating 3 keys and creating 1 modified pages.
Information,6/4/2018 6:55:03 PM,Microsoft-Windows-Kernel-Power,521,(220),Active battery count change.
Information,6/4/2018 6:55:03 PM,Microsoft-Windows-Kernel-Power,521,(220),Active battery count change.
Information,6/4/2018 6:55:03 PM,Microsoft-Windows-Kernel-Power,521,(220),Active battery count change.
Warning,6/4/2018 6:55:03 PM,Microsoft-Windows-Kernel-PnP,225,(223),The application \Device\HarddiskVolume2\Windows\System32\setupcl.exe with process id 420 stopped the removal or ejection for the device ACPI\PNP0A08\2&daba3ff&3.
Warning,6/4/2018 6:55:03 PM,Microsoft-Windows-Kernel-PnP,225,(223),The application \Device\HarddiskVolume2\Windows\System32\smss.exe with process id 356 stopped the removal or ejection for the device ACPI\PNP0A08\2&daba3ff&3.
Warning,6/4/2018 6:55:03 PM,Microsoft-Windows-Kernel-PnP,225,(223),The application System with process id 4 stopped the removal or ejection for the device ACPI\PNP0A08\2&daba3ff&3.
Information,6/4/2018 6:55:03 PM,Microsoft-Windows-Kernel-Power,521,(220),Active battery count change.
Information,6/4/2018 6:55:02 PM,Microsoft-Windows-Kernel-General,15,None,Hive \SystemRoot\System32\Config\SOFTWARE was reorganized with a starting size of 65789952 bytes and an ending size of 65806336 bytes.
Information,6/4/2018 6:55:01 PM,Microsoft-Windows-Kernel-General,16,None,The access history in hive \Device\HarddiskVolume1\Boot\BCD was cleared updating 120 keys and creating 7 modified pages.
Information,6/4/2018 6:55:00 PM,Microsoft-Windows-Kernel-General,15,None,Hive \SystemRoot\System32\config\DRIVERS was reorganized with a starting size of 6615040 bytes and an ending size of 6606848 bytes.
Information,6/4/2018 6:54:59 PM,Microsoft-Windows-Ntfs,98,None,Volume \\?\Volume{167022d7-4dd4-11e6-8f1d-806e6f6e6963} (\Device\HarddiskVolume1) is healthy.  No action is needed.
Information,6/4/2018 6:54:59 PM,Microsoft-Windows-Ntfs,98,None,Volume \\?\Volume{167022d9-4dd4-11e6-8f1d-806e6f6e6963} (\Device\HarddiskVolume3) is healthy.  No action is needed.
Information,6/4/2018 6:54:58 PM,Microsoft-Windows-Kernel-Power,172,(203),"Connectivity state in standby: Disconnected, Reason: NIC compliance"
Information,6/4/2018 6:54:58 PM,Microsoft-Windows-FilterManager,6,None,"File System Filter 'npsvctrig' (10.0, ‎2097‎-‎07‎-‎25T04:18:05.000000000Z) has successfully loaded and registered with Filter Manager."
Information,6/4/2018 6:54:57 PM,Microsoft-Windows-Kernel-Processor-Power,55,(47),"Processor 3 in group 0 exposes the following power management capabilities:

Idle state type: ACPI Idle (C) States (2 state(s))

Performance state type: ACPI Performance (P) / Throttle (T) States
Nominal Frequency (MHz): 2601
Maximum performance percentage: 100
Minimum performance percentage: 46
Minimum throttle percentage: 5"
Information,6/4/2018 6:54:57 PM,Microsoft-Windows-Kernel-Processor-Power,55,(47),"Processor 2 in group 0 exposes the following power management capabilities:

Idle state type: ACPI Idle (C) States (2 state(s))

Performance state type: ACPI Performance (P) / Throttle (T) States
Nominal Frequency (MHz): 2601
Maximum performance percentage: 100
Minimum performance percentage: 46
Minimum throttle percentage: 5"
Information,6/4/2018 6:54:57 PM,Microsoft-Windows-Kernel-Processor-Power,55,(47),"Processor 1 in group 0 exposes the following power management capabilities:

Idle state type: ACPI Idle (C) States (2 state(s))

Performance state type: ACPI Performance (P) / Throttle (T) States
Nominal Frequency (MHz): 2601
Maximum performance percentage: 100
Minimum performance percentage: 46
Minimum throttle percentage: 5"
Information,6/4/2018 6:54:57 PM,Microsoft-Windows-Kernel-Processor-Power,55,(47),"Processor 0 in group 0 exposes the following power management capabilities:

Idle state type: ACPI Idle (C) States (2 state(s))

Performance state type: ACPI Performance (P) / Throttle (T) States
Nominal Frequency (MHz): 2601
Maximum performance percentage: 100
Minimum performance percentage: 46
Minimum throttle percentage: 5"
Information,6/4/2018 6:54:57 PM,Microsoft-Windows-FilterManager,6,None,"File System Filter 'FileCrypt' (10.0, ‎2030‎-‎05‎-‎28T02:10:59.000000000Z) has successfully loaded and registered with Filter Manager."
Information,6/4/2018 6:54:43 PM,Microsoft-Windows-Ntfs,98,None,Volume C: (\Device\HarddiskVolume2) is healthy.  No action is needed.
Information,6/4/2018 6:54:42 PM,Microsoft-Windows-FilterManager,6,None,"File System Filter 'Wof' (10.0, ‎1974‎-‎03‎-‎11T16:47:45.000000000Z) has successfully loaded and registered with Filter Manager."
Information,6/4/2018 6:54:42 PM,Microsoft-Windows-FilterManager,6,None,"File System Filter 'FileInfo' (10.0, ‎2042‎-‎06‎-‎30T08:43:32.000000000Z) has successfully loaded and registered with Filter Manager."
Information,6/4/2018 6:54:42 PM,TPM,24,None,The Trusted Platform Module (TPM) status: Enabled and Active.
Information,6/4/2018 6:57:29 PM,EventLog,6005,None,The Event log service was started.
Information,6/4/2018 6:57:29 PM,EventLog,6009,None,Microsoft (R) Windows (R) 10.00. 15063  Multiprocessor Free.
Information,6/4/2018 6:54:41 PM,Microsoft-Windows-Kernel-Boot,30,(21),The firmware reported boot metrics.
Information,6/4/2018 6:54:41 PM,Microsoft-Windows-Kernel-Boot,32,None,The bootmgr spent 0 ms waiting for user input.
Information,6/4/2018 6:54:41 PM,Microsoft-Windows-Kernel-Boot,26,None,A one-time boot sequence was used during this boot.
Information,6/4/2018 6:54:41 PM,Microsoft-Windows-Kernel-Boot,25,(32),The boot menu policy was 0x1.
Information,6/4/2018 6:54:41 PM,Microsoft-Windows-Kernel-Boot,27,(33),The boot type was 0x0.
Information,6/4/2018 6:54:41 PM,Microsoft-Windows-Kernel-Boot,153,None,Virtualization-based security (policies: 0) is disabled.
Information,6/4/2018 6:54:41 PM,Microsoft-Windows-Kernel-General,12,(1),The operating system started at system time ‎2018‎-‎06‎-‎05T00:54:41.493841700Z.
