Information,6/7/2018 4:25:04 PM,Microsoft-Windows-Time-Service,158,None,The time provider 'VMICTimeProvider' has indicated that the current hardware and operating environment is not supported and has stopped. This behavior is expected for VMICTimeProvider on non-HyperV-guest environments. This may be the expected behavior for the current provider in the current operating environment as well.
Information,6/7/2018 4:25:03 PM,Microsoft-Windows-GroupPolicy,1502,None,The Group Policy settings for the computer were processed successfully. New settings from 17 Group Policy objects were detected and applied.
Information,6/7/2018 4:24:02 PM,Microsoft-Windows-Time-Service,158,None,The time provider 'VMICTimeProvider' has indicated that the current hardware and operating environment is not supported and has stopped. This behavior is expected for VMICTimeProvider on non-HyperV-guest environments. This may be the expected behavior for the current provider in the current operating environment as well.
Information,6/7/2018 4:24:01 PM,Microsoft-Windows-GroupPolicy,1502,None,The Group Policy settings for the computer were processed successfully. New settings from 17 Group Policy objects were detected and applied.
Information,6/7/2018 4:23:51 PM,Microsoft-Windows-GroupPolicy,1501,None,The Group Policy settings for the user were processed successfully. There were no changes detected since the last successful processing of Group Policy.
Warning,6/7/2018 4:23:46 PM,Microsoft-Windows-DNS-Client,8019,(1028),"The system failed to register host (A or AAAA) resource records (RRs) for network adapter
with settings:

           Adapter Name : {D8E1E31A-6CDC-4DF9-A781-06398854202A}
           Host Name : 45212MLIU-7
           Primary Domain Suffix : corp.premierinc.com
           DNS server list :
             	206.71.92.6, 206.71.92.5
           Sent update to server : 10.32.2.53:53
           IP Address(es) :
             206.71.92.121

The reason the system could not register these RRs was because of a security related problem. The cause of this could be (a) your computer does not have permissions to register and update the specific DNS domain name set for this adapter, or (b) there might have been a problem negotiating valid credentials with the DNS server during the processing of the update request.

You can manually retry DNS registration of the network adapter and its settings by typing 'ipconfig /registerdns' at the command prompt. If problems still persist, contact your DNS server or network systems administrator. See event details for specific error code information."
Information,6/7/2018 3:37:58 PM,Service Control Manager,7040,None,The start type of the Background Intelligent Transfer Service service was changed from auto start to demand start.
Information,6/7/2018 3:35:47 PM,Service Control Manager,7040,None,The start type of the Background Intelligent Transfer Service service was changed from demand start to auto start.
Information,6/7/2018 3:32:49 PM,Microsoft-Windows-GroupPolicy,1500,None,The Group Policy settings for the computer were processed successfully. There were no changes detected since the last successful processing of Group Policy.
Information,6/7/2018 3:31:42 PM,Service Control Manager,7040,None,The start type of the Background Intelligent Transfer Service service was changed from auto start to demand start.
Warning,6/7/2018 3:31:09 PM,Microsoft-Windows-DNS-Client,8019,(1028),"The system failed to register host (A or AAAA) resource records (RRs) for network adapter
with settings:

           Adapter Name : {D8E1E31A-6CDC-4DF9-A781-06398854202A}
           Host Name : 45212MLIU-7
           Primary Domain Suffix : corp.premierinc.com
           DNS server list :
             	206.71.92.6, 206.71.92.5
           Sent update to server : 10.32.2.53:53
           IP Address(es) :
             206.71.92.121

The reason the system could not register these RRs was because of a security related problem. The cause of this could be (a) your computer does not have permissions to register and update the specific DNS domain name set for this adapter, or (b) there might have been a problem negotiating valid credentials with the DNS server during the processing of the update request.

You can manually retry DNS registration of the network adapter and its settings by typing 'ipconfig /registerdns' at the command prompt. If problems still persist, contact your DNS server or network systems administrator. See event details for specific error code information."
Information,6/7/2018 3:29:20 PM,Service Control Manager,7040,None,The start type of the Background Intelligent Transfer Service service was changed from demand start to auto start.
Information,6/7/2018 2:44:10 PM,Service Control Manager,7040,None,The start type of the Background Intelligent Transfer Service service was changed from auto start to demand start.
Information,6/7/2018 2:42:09 PM,Service Control Manager,7040,None,The start type of the Background Intelligent Transfer Service service was changed from demand start to auto start.
Information,6/7/2018 2:38:50 PM,Microsoft-Windows-GroupPolicy,1501,None,The Group Policy settings for the user were processed successfully. There were no changes detected since the last successful processing of Group Policy.
Warning,6/7/2018 2:38:31 PM,Microsoft-Windows-DNS-Client,8019,(1028),"The system failed to register host (A or AAAA) resource records (RRs) for network adapter
with settings:

           Adapter Name : {D8E1E31A-6CDC-4DF9-A781-06398854202A}
           Host Name : 45212MLIU-7
           Primary Domain Suffix : corp.premierinc.com
           DNS server list :
             	206.71.92.6, 206.71.92.5
           Sent update to server : 10.32.2.53:53
           IP Address(es) :
             206.71.92.121

The reason the system could not register these RRs was because of a security related problem. The cause of this could be (a) your computer does not have permissions to register and update the specific DNS domain name set for this adapter, or (b) there might have been a problem negotiating valid credentials with the DNS server during the processing of the update request.

You can manually retry DNS registration of the network adapter and its settings by typing 'ipconfig /registerdns' at the command prompt. If problems still persist, contact your DNS server or network systems administrator. See event details for specific error code information."
Information,6/7/2018 2:31:36 PM,Service Control Manager,7040,None,The start type of the Background Intelligent Transfer Service service was changed from auto start to demand start.
Information,6/7/2018 2:29:19 PM,Service Control Manager,7040,None,The start type of the Background Intelligent Transfer Service service was changed from demand start to auto start.
Information,6/7/2018 2:20:57 PM,Service Control Manager,7040,None,The start type of the Background Intelligent Transfer Service service was changed from auto start to demand start.
Information,6/7/2018 2:19:29 PM,Microsoft-Windows-Time-Service,158,None,The time provider 'VMICTimeProvider' has indicated that the current hardware and operating environment is not supported and has stopped. This behavior is expected for VMICTimeProvider on non-HyperV-guest environments. This may be the expected behavior for the current provider in the current operating environment as well.
Information,6/7/2018 2:19:28 PM,Microsoft-Windows-GroupPolicy,1502,None,The Group Policy settings for the computer were processed successfully. New settings from 17 Group Policy objects were detected and applied.
Information,6/7/2018 2:18:04 PM,Service Control Manager,7040,None,The start type of the Background Intelligent Transfer Service service was changed from demand start to auto start.
Information,6/7/2018 1:52:17 PM,Microsoft-Windows-Kernel-General,16,None,The access history in hive \??\C:\WINDOWS\AppCompat\Programs\Amcache.hve.tmp was cleared updating 0 keys and creating 0 modified pages.
Information,6/7/2018 1:51:55 PM,Microsoft-Windows-GroupPolicy,1500,None,The Group Policy settings for the computer were processed successfully. There were no changes detected since the last successful processing of Group Policy.
Warning,6/7/2018 1:45:53 PM,Microsoft-Windows-DNS-Client,8019,(1028),"The system failed to register host (A or AAAA) resource records (RRs) for network adapter
with settings:

           Adapter Name : {D8E1E31A-6CDC-4DF9-A781-06398854202A}
           Host Name : 45212MLIU-7
           Primary Domain Suffix : corp.premierinc.com
           DNS server list :
             	206.71.92.6, 206.71.92.5
           Sent update to server : 10.32.2.53:53
           IP Address(es) :
             206.71.92.121

The reason the system could not register these RRs was because of a security related problem. The cause of this could be (a) your computer does not have permissions to register and update the specific DNS domain name set for this adapter, or (b) there might have been a problem negotiating valid credentials with the DNS server during the processing of the update request.

You can manually retry DNS registration of the network adapter and its settings by typing 'ipconfig /registerdns' at the command prompt. If problems still persist, contact your DNS server or network systems administrator. See event details for specific error code information."
Information,6/7/2018 1:31:30 PM,Service Control Manager,7040,None,The start type of the Background Intelligent Transfer Service service was changed from auto start to demand start.
Information,6/7/2018 1:29:14 PM,Service Control Manager,7040,None,The start type of the Background Intelligent Transfer Service service was changed from demand start to auto start.
Information,6/7/2018 12:53:51 PM,Microsoft-Windows-GroupPolicy,1501,None,The Group Policy settings for the user were processed successfully. There were no changes detected since the last successful processing of Group Policy.
Warning,6/7/2018 12:53:18 PM,Microsoft-Windows-DNS-Client,8019,(1028),"The system failed to register host (A or AAAA) resource records (RRs) for network adapter
with settings:

           Adapter Name : {D8E1E31A-6CDC-4DF9-A781-06398854202A}
           Host Name : 45212MLIU-7
           Primary Domain Suffix : corp.premierinc.com
           DNS server list :
             	206.71.92.6, 206.71.92.5
           Sent update to server : 10.32.2.53:53
           IP Address(es) :
             206.71.92.121

The reason the system could not register these RRs was because of a security related problem. The cause of this could be (a) your computer does not have permissions to register and update the specific DNS domain name set for this adapter, or (b) there might have been a problem negotiating valid credentials with the DNS server during the processing of the update request.

You can manually retry DNS registration of the network adapter and its settings by typing 'ipconfig /registerdns' at the command prompt. If problems still persist, contact your DNS server or network systems administrator. See event details for specific error code information."
Warning,6/7/2018 12:41:55 PM,Microsoft-Windows-DNS-Client,1014,(1014),Name resolution for the name burgundy timed out after none of the configured DNS servers responded.
Information,6/7/2018 12:31:27 PM,Service Control Manager,7040,None,The start type of the Background Intelligent Transfer Service service was changed from auto start to demand start.
Information,6/7/2018 12:29:15 PM,Service Control Manager,7040,None,The start type of the Background Intelligent Transfer Service service was changed from demand start to auto start.
Information,6/7/2018 12:10:50 PM,Microsoft-Windows-GroupPolicy,1500,None,The Group Policy settings for the computer were processed successfully. There were no changes detected since the last successful processing of Group Policy.
Warning,6/7/2018 12:00:45 PM,Microsoft-Windows-DNS-Client,8019,(1028),"The system failed to register host (A or AAAA) resource records (RRs) for network adapter
with settings:

           Adapter Name : {D8E1E31A-6CDC-4DF9-A781-06398854202A}
           Host Name : 45212MLIU-7
           Primary Domain Suffix : corp.premierinc.com
           DNS server list :
             	206.71.92.6, 206.71.92.5
           Sent update to server : 10.32.2.53:53
           IP Address(es) :
             206.71.92.121

The reason the system could not register these RRs was because of a security related problem. The cause of this could be (a) your computer does not have permissions to register and update the specific DNS domain name set for this adapter, or (b) there might have been a problem negotiating valid credentials with the DNS server during the processing of the update request.

You can manually retry DNS registration of the network adapter and its settings by typing 'ipconfig /registerdns' at the command prompt. If problems still persist, contact your DNS server or network systems administrator. See event details for specific error code information."
Information,6/7/2018 12:00:00 PM,EventLog,6013,None,The system uptime is 90432 seconds.
Information,6/7/2018 11:59:59 AM,EventLog,6013,None,The system uptime is 90431 seconds.
Information,6/7/2018 11:31:29 AM,Service Control Manager,7040,None,The start type of the Background Intelligent Transfer Service service was changed from auto start to demand start.
Information,6/7/2018 11:29:16 AM,Service Control Manager,7040,None,The start type of the Background Intelligent Transfer Service service was changed from demand start to auto start.
Information,6/7/2018 11:16:35 AM,Microsoft-Windows-Ntfs,98,None,Volume Windows (\Device\HarddiskVolumeShadowCopy5) is healthy.  No action is needed.
Information,6/7/2018 11:08:51 AM,Microsoft-Windows-GroupPolicy,1501,None,The Group Policy settings for the user were processed successfully. There were no changes detected since the last successful processing of Group Policy.
Warning,6/7/2018 11:08:09 AM,Microsoft-Windows-DNS-Client,8019,(1028),"The system failed to register host (A or AAAA) resource records (RRs) for network adapter
with settings:

           Adapter Name : {D8E1E31A-6CDC-4DF9-A781-06398854202A}
           Host Name : 45212MLIU-7
           Primary Domain Suffix : corp.premierinc.com
           DNS server list :
             	206.71.92.6, 206.71.92.5
           Sent update to server : 10.32.2.53:53
           IP Address(es) :
             206.71.92.121

The reason the system could not register these RRs was because of a security related problem. The cause of this could be (a) your computer does not have permissions to register and update the specific DNS domain name set for this adapter, or (b) there might have been a problem negotiating valid credentials with the DNS server during the processing of the update request.

You can manually retry DNS registration of the network adapter and its settings by typing 'ipconfig /registerdns' at the command prompt. If problems still persist, contact your DNS server or network systems administrator. See event details for specific error code information."
Information,6/7/2018 10:39:57 AM,Service Control Manager,7040,None,The start type of the Background Intelligent Transfer Service service was changed from auto start to demand start.
Information,6/7/2018 10:38:20 AM,Microsoft-Windows-Time-Service,158,None,The time provider 'VMICTimeProvider' has indicated that the current hardware and operating environment is not supported and has stopped. This behavior is expected for VMICTimeProvider on non-HyperV-guest environments. This may be the expected behavior for the current provider in the current operating environment as well.
Information,6/7/2018 10:38:19 AM,Microsoft-Windows-GroupPolicy,1502,None,The Group Policy settings for the computer were processed successfully. New settings from 17 Group Policy objects were detected and applied.
Information,6/7/2018 10:37:46 AM,Service Control Manager,7040,None,The start type of the Background Intelligent Transfer Service service was changed from demand start to auto start.
Warning,6/7/2018 10:31:33 AM,Microsoft-Windows-DNS-Client,1014,(1014),Name resolution for the name hl7 timed out after none of the configured DNS servers responded.
Information,6/7/2018 10:31:31 AM,Service Control Manager,7040,None,The start type of the Background Intelligent Transfer Service service was changed from auto start to demand start.
Information,6/7/2018 10:29:52 AM,Microsoft-Windows-GroupPolicy,1500,None,The Group Policy settings for the computer were processed successfully. There were no changes detected since the last successful processing of Group Policy.
Information,6/7/2018 10:29:14 AM,Service Control Manager,7040,None,The start type of the Background Intelligent Transfer Service service was changed from demand start to auto start.
Warning,6/7/2018 10:15:34 AM,Microsoft-Windows-DNS-Client,8019,(1028),"The system failed to register host (A or AAAA) resource records (RRs) for network adapter
with settings:

           Adapter Name : {D8E1E31A-6CDC-4DF9-A781-06398854202A}
           Host Name : 45212MLIU-7
           Primary Domain Suffix : corp.premierinc.com
           DNS server list :
             	206.71.92.6, 206.71.92.5
           Sent update to server : 10.32.2.53:53
           IP Address(es) :
             206.71.92.121

The reason the system could not register these RRs was because of a security related problem. The cause of this could be (a) your computer does not have permissions to register and update the specific DNS domain name set for this adapter, or (b) there might have been a problem negotiating valid credentials with the DNS server during the processing of the update request.

You can manually retry DNS registration of the network adapter and its settings by typing 'ipconfig /registerdns' at the command prompt. If problems still persist, contact your DNS server or network systems administrator. See event details for specific error code information."
Information,6/7/2018 10:13:25 AM,Microsoft-Windows-UserModePowerService,22,(18),Reapply power settings upon completion of the provisioning engine's turn 5
Information,6/7/2018 10:13:19 AM,Microsoft-Windows-Kernel-General,16,None,The access history in hive \??\C:\ProgramData\Microsoft\Provisioning\Microsoft-Desktop-Provisioning-Sequence.dat was cleared updating 0 keys and creating 0 modified pages.
Information,6/7/2018 9:56:56 AM,Service Control Manager,7040,None,The start type of the Background Intelligent Transfer Service service was changed from auto start to demand start.
Information,6/7/2018 9:55:39 AM,Microsoft-Windows-Time-Service,158,None,The time provider 'VMICTimeProvider' has indicated that the current hardware and operating environment is not supported and has stopped. This behavior is expected for VMICTimeProvider on non-HyperV-guest environments. This may be the expected behavior for the current provider in the current operating environment as well.
Information,6/7/2018 9:55:38 AM,Microsoft-Windows-GroupPolicy,1502,None,The Group Policy settings for the computer were processed successfully. New settings from 17 Group Policy objects were detected and applied.
Information,6/7/2018 9:55:05 AM,Service Control Manager,7045,None,"A service was installed in the system.

Service Name:  ccmsetup
Service File Name:  ""C:\WINDOWS\ccmsetup\ccmsetup.exe"" /runservice  /AutoUpgrade /UpgradePackageVersion:2
Service Type:  user mode service
Service Start Type:  auto start
Service Account:  LocalSystem"
Information,6/7/2018 9:53:55 AM,Service Control Manager,7040,None,The start type of the Background Intelligent Transfer Service service was changed from demand start to auto start.
Warning,6/7/2018 9:42:56 AM,Microsoft-Windows-DNS-Client,1014,(1014),Name resolution for the name citycreek timed out after none of the configured DNS servers responded.
Information,6/7/2018 9:32:51 AM,Service Control Manager,7040,None,The start type of the Background Intelligent Transfer Service service was changed from auto start to demand start.
Information,6/7/2018 9:27:04 AM,Service Control Manager,7040,None,The start type of the Background Intelligent Transfer Service service was changed from demand start to auto start.
Error,6/7/2018 9:26:13 AM,Service Control Manager,7000,None,"The ZSATunnel service failed to start due to the following error: 
The service did not respond to the start or control request in a timely fashion."
Error,6/7/2018 9:26:13 AM,Service Control Manager,7009,None,A timeout was reached (30000 milliseconds) while waiting for the ZSATunnel service to connect.
Information,6/7/2018 9:25:32 AM,Service Control Manager,7040,None,The start type of the Background Intelligent Transfer Service service was changed from auto start to demand start.
Warning,6/7/2018 9:24:31 AM,Microsoft-Windows-DNS-Client,1014,(1014),Name resolution for the name kgirlce timed out after none of the configured DNS servers responded.
Information,6/7/2018 9:23:03 AM,Microsoft-Windows-Time-Service,37,None,The time provider NtpClient is currently receiving valid time data from C11PICORPDC1.corp.premierinc.com (ntp.d|0.0.0.0:123->10.10.240.117:123).
Information,6/7/2018 9:23:01 AM,Microsoft-Windows-Kernel-General,1,(5),"The system time has changed to ‎2018‎-‎06‎-‎07T15:23:01.603000000Z from ‎2018‎-‎06‎-‎07T15:23:01.607815500Z.

Change Reason: An application or system component changed the time."
Information,6/7/2018 9:23:01 AM,Microsoft-Windows-Time-Service,37,None,The time provider NtpClient is currently receiving valid time data from C11PICORPDC1.corp.premierinc.com (ntp.d|0.0.0.0:123->10.10.240.117:123).
Information,6/7/2018 9:23:01 AM,Microsoft-Windows-Winlogon,7001,(1101),User Logon Notification for Customer Experience Improvement Program
Warning,6/7/2018 9:23:00 AM,Microsoft-Windows-DNS-Client,8019,(1028),"The system failed to register host (A or AAAA) resource records (RRs) for network adapter
with settings:

           Adapter Name : {D8E1E31A-6CDC-4DF9-A781-06398854202A}
           Host Name : 45212MLIU-7
           Primary Domain Suffix : corp.premierinc.com
           DNS server list :
             	206.71.92.6, 206.71.92.5
           Sent update to server : 10.32.2.53:53
           IP Address(es) :
             206.71.92.121

The reason the system could not register these RRs was because of a security related problem. The cause of this could be (a) your computer does not have permissions to register and update the specific DNS domain name set for this adapter, or (b) there might have been a problem negotiating valid credentials with the DNS server during the processing of the update request.

You can manually retry DNS registration of the network adapter and its settings by typing 'ipconfig /registerdns' at the command prompt. If problems still persist, contact your DNS server or network systems administrator. See event details for specific error code information."
Warning,6/7/2018 9:22:59 AM,Microsoft-Windows-DNS-Client,8019,(1028),"The system failed to register host (A or AAAA) resource records (RRs) for network adapter
with settings:

           Adapter Name : {D8E1E31A-6CDC-4DF9-A781-06398854202A}
           Host Name : 45212MLIU-7
           Primary Domain Suffix : corp.premierinc.com
           DNS server list :
             	206.71.92.6, 206.71.92.5
           Sent update to server : 10.32.2.53:53
           IP Address(es) :
             206.71.92.121

The reason the system could not register these RRs was because of a security related problem. The cause of this could be (a) your computer does not have permissions to register and update the specific DNS domain name set for this adapter, or (b) there might have been a problem negotiating valid credentials with the DNS server during the processing of the update request.

You can manually retry DNS registration of the network adapter and its settings by typing 'ipconfig /registerdns' at the command prompt. If problems still persist, contact your DNS server or network systems administrator. See event details for specific error code information."
Error,6/7/2018 9:22:59 AM,NETLOGON,5719,None,"This computer was not able to set up a secure session with a domain controller in domain CORP due to the following: 
We can't sign you in with this credential because your domain isn't available. Make sure your device is connected to your organization's network and try again. If you previously signed in on this device with another credential, you can sign in with that credential. 
This may lead to authentication problems. Make sure that this computer is connected to the network. If the problem persists, please contact your domain administrator.  

ADDITIONAL INFO 
If this computer is a domain controller for the specified domain, it sets up the secure session to the primary domain controller emulator in the specified domain. Otherwise, this computer sets up the secure session to any domain controller in the specified domain."
Warning,6/7/2018 9:22:59 AM,Microsoft-Windows-Time-Service,129,None,NtpClient was unable to set a domain peer to use as a time source because of discovery error. NtpClient will try again in 15 minutes and double the reattempt interval thereafter. The error was: The entry is not found. (0x800706E1)
Warning,6/7/2018 9:22:51 AM,Microsoft-Windows-DNS-Client,1014,(1014),Name resolution for the name c3piepo1.corp.premierinc.com timed out after none of the configured DNS servers responded.
Information,6/7/2018 9:22:20 AM,Microsoft-Windows-Power-Troubleshooter,1,None,"The system has returned from a low power state.

Sleep Time: ‎2018‎-‎06‎-‎06T23:08:17.278124900Z
Wake Time: ‎2018‎-‎06‎-‎07T15:22:17.387080200Z

Wake Source: Unknown"
Information,6/7/2018 9:22:19 AM,e1iexpress,32,None,"Intel(R) 82579LM Gigabit Network Connection
 Network link has been established at 1Gbps full duplex.
"
Information,6/7/2018 9:22:18 AM,Microsoft-Windows-Kernel-Power,520,(218),The brightness on this system is managed by high-precision brightness aware service.
Information,6/7/2018 9:22:17 AM,Microsoft-Windows-Kernel-Boot,32,None,The bootmgr spent 0 ms waiting for user input.
Information,6/7/2018 9:22:17 AM,Microsoft-Windows-Kernel-Boot,18,None,There are 0x1 boot options on this system.
Information,6/7/2018 9:22:17 AM,Microsoft-Windows-Kernel-Boot,27,(33),The boot type was 0x1.
Information,6/7/2018 9:22:17 AM,Microsoft-Windows-Kernel-Boot,25,(32),The boot menu policy was 0x1.
Information,6/7/2018 9:22:17 AM,Microsoft-Windows-Kernel-Boot,30,(21),The firmware reported boot metrics.
Information,6/7/2018 9:22:16 AM,MEIx64,2,None,Intel(R) Management Engine Interface driver has started successfully.
Warning,6/7/2018 9:22:15 AM,e1iexpress,27,None,"Intel(R) 82579LM Gigabit Network Connection
 Network link is disconnected.
"
Information,6/7/2018 9:22:15 AM,Microsoft-Windows-Kernel-Power,105,(100),Power source change.
Information,6/7/2018 9:22:15 AM,Microsoft-Windows-Kernel-General,1,(5),"The system time has changed to ‎2018‎-‎06‎-‎07T15:22:15.500000000Z from ‎2018‎-‎06‎-‎06T23:08:30.702431800Z.

Change Reason: System time synchronized with the hardware clock."
Information,6/6/2018 5:08:30 PM,Microsoft-Windows-Kernel-Power,107,(102),The system has resumed from sleep.
Warning,6/6/2018 5:08:29 PM,Microsoft-Windows-Time-Service,129,None,NtpClient was unable to set a domain peer to use as a time source because of discovery error. NtpClient will try again in 15 minutes and double the reattempt interval thereafter. The error was: The entry is not found. (0x800706E1)
Warning,6/6/2018 5:08:27 PM,e1iexpress,27,None,"Intel(R) 82579LM Gigabit Network Connection
 Network link is disconnected.
"
Information,6/6/2018 5:08:27 PM,Microsoft-Windows-Kernel-Power,105,(100),Power source change.
Information,6/6/2018 5:08:23 PM,Microsoft-Windows-Kernel-Power,42,(64),"The system is entering sleep.

Sleep Reason: Application API"
Information,6/6/2018 5:08:17 PM,Microsoft-Windows-Kernel-General,1,(5),"The system time has changed to ‎2018‎-‎06‎-‎06T23:08:17.512000000Z from ‎2018‎-‎06‎-‎06T23:08:17.525790100Z.

Change Reason: An application or system component changed the time."
Information,6/6/2018 5:08:16 PM,Microsoft-Windows-Winlogon,7002,(1102),User Logoff Notification for Customer Experience Improvement Program
Information,6/6/2018 5:08:05 PM,User32,1074,None,"The process C:\Windows\System32\RuntimeBroker.exe (45212MLIU-7) has initiated the power off of computer 45212MLIU-7 on behalf of user CORP\mliu for the following reason: Other (Unplanned)
 Reason Code: 0x0
 Shutdown Type: power off
 Comment: "
Information,6/6/2018 5:06:48 PM,Service Control Manager,7040,None,The start type of the Background Intelligent Transfer Service service was changed from demand start to auto start.
Warning,6/6/2018 5:01:32 PM,Microsoft-Windows-DNS-Client,8019,(1028),"The system failed to register host (A or AAAA) resource records (RRs) for network adapter
with settings:

           Adapter Name : {D8E1E31A-6CDC-4DF9-A781-06398854202A}
           Host Name : 45212MLIU-7
           Primary Domain Suffix : corp.premierinc.com
           DNS server list :
             	206.71.92.6, 206.71.92.5
           Sent update to server : 10.32.2.53:53
           IP Address(es) :
             206.71.92.121

The reason the system could not register these RRs was because of a security related problem. The cause of this could be (a) your computer does not have permissions to register and update the specific DNS domain name set for this adapter, or (b) there might have been a problem negotiating valid credentials with the DNS server during the processing of the update request.

You can manually retry DNS registration of the network adapter and its settings by typing 'ipconfig /registerdns' at the command prompt. If problems still persist, contact your DNS server or network systems administrator. See event details for specific error code information."
Information,6/6/2018 4:46:06 PM,Microsoft-Windows-Time-Service,158,None,The time provider 'VMICTimeProvider' has indicated that the current hardware and operating environment is not supported and has stopped. This behavior is expected for VMICTimeProvider on non-HyperV-guest environments. This may be the expected behavior for the current provider in the current operating environment as well.
Information,6/6/2018 4:46:03 PM,Microsoft-Windows-GroupPolicy,1502,None,The Group Policy settings for the computer were processed successfully. New settings from 17 Group Policy objects were detected and applied.
Information,6/6/2018 4:33:09 PM,Service Control Manager,7040,None,The start type of the Background Intelligent Transfer Service service was changed from auto start to demand start.
Information,6/6/2018 4:31:02 PM,Service Control Manager,7040,None,The start type of the Background Intelligent Transfer Service service was changed from demand start to auto start.
Information,6/6/2018 4:11:19 PM,Microsoft-Windows-GroupPolicy,1501,None,The Group Policy settings for the user were processed successfully. There were no changes detected since the last successful processing of Group Policy.
Information,6/6/2018 4:08:58 PM,Service Control Manager,7040,None,The start type of the Background Intelligent Transfer Service service was changed from auto start to demand start.
Warning,6/6/2018 4:08:55 PM,Microsoft-Windows-DNS-Client,8019,(1028),"The system failed to register host (A or AAAA) resource records (RRs) for network adapter
with settings:

           Adapter Name : {D8E1E31A-6CDC-4DF9-A781-06398854202A}
           Host Name : 45212MLIU-7
           Primary Domain Suffix : corp.premierinc.com
           DNS server list :
             	206.71.92.6, 206.71.92.5
           Sent update to server : 10.32.2.53:53
           IP Address(es) :
             206.71.92.121

The reason the system could not register these RRs was because of a security related problem. The cause of this could be (a) your computer does not have permissions to register and update the specific DNS domain name set for this adapter, or (b) there might have been a problem negotiating valid credentials with the DNS server during the processing of the update request.

You can manually retry DNS registration of the network adapter and its settings by typing 'ipconfig /registerdns' at the command prompt. If problems still persist, contact your DNS server or network systems administrator. See event details for specific error code information."
Information,6/6/2018 4:06:46 PM,Service Control Manager,7040,None,The start type of the Background Intelligent Transfer Service service was changed from demand start to auto start.
Information,6/6/2018 3:58:50 PM,Microsoft-Windows-GroupPolicy,1500,None,The Group Policy settings for the computer were processed successfully. There were no changes detected since the last successful processing of Group Policy.
Warning,6/6/2018 3:16:19 PM,Microsoft-Windows-DNS-Client,8019,(1028),"The system failed to register host (A or AAAA) resource records (RRs) for network adapter
with settings:

           Adapter Name : {D8E1E31A-6CDC-4DF9-A781-06398854202A}
           Host Name : 45212MLIU-7
           Primary Domain Suffix : corp.premierinc.com
           DNS server list :
             	206.71.92.6, 206.71.92.5
           Sent update to server : 10.32.2.53:53
           IP Address(es) :
             206.71.92.121

The reason the system could not register these RRs was because of a security related problem. The cause of this could be (a) your computer does not have permissions to register and update the specific DNS domain name set for this adapter, or (b) there might have been a problem negotiating valid credentials with the DNS server during the processing of the update request.

You can manually retry DNS registration of the network adapter and its settings by typing 'ipconfig /registerdns' at the command prompt. If problems still persist, contact your DNS server or network systems administrator. See event details for specific error code information."
Information,6/6/2018 3:08:57 PM,Service Control Manager,7040,None,The start type of the Background Intelligent Transfer Service service was changed from auto start to demand start.
Information,6/6/2018 3:06:44 PM,Service Control Manager,7040,None,The start type of the Background Intelligent Transfer Service service was changed from demand start to auto start.
Information,6/6/2018 2:53:56 PM,Service Control Manager,7040,None,The start type of the Background Intelligent Transfer Service service was changed from auto start to demand start.
Warning,6/6/2018 2:46:47 PM,Microsoft-Windows-DNS-Client,1014,(1014),Name resolution for the name radix timed out after none of the configured DNS servers responded.
Information,6/6/2018 2:43:14 PM,Service Control Manager,7040,None,The start type of the Background Intelligent Transfer Service service was changed from demand start to auto start.
Information,6/6/2018 2:36:11 PM,Service Control Manager,7040,None,The start type of the Background Intelligent Transfer Service service was changed from auto start to demand start.
Information,6/6/2018 2:34:35 PM,Microsoft-Windows-Time-Service,158,None,The time provider 'VMICTimeProvider' has indicated that the current hardware and operating environment is not supported and has stopped. This behavior is expected for VMICTimeProvider on non-HyperV-guest environments. This may be the expected behavior for the current provider in the current operating environment as well.
Information,6/6/2018 2:34:34 PM,Microsoft-Windows-GroupPolicy,1502,None,The Group Policy settings for the computer were processed successfully. New settings from 17 Group Policy objects were detected and applied.
Information,6/6/2018 2:34:03 PM,Service Control Manager,7040,None,The start type of the Background Intelligent Transfer Service service was changed from demand start to auto start.
Information,6/6/2018 2:26:21 PM,Microsoft-Windows-GroupPolicy,1501,None,The Group Policy settings for the user were processed successfully. There were no changes detected since the last successful processing of Group Policy.
Warning,6/6/2018 2:23:41 PM,Microsoft-Windows-DNS-Client,8019,(1028),"The system failed to register host (A or AAAA) resource records (RRs) for network adapter
with settings:

           Adapter Name : {D8E1E31A-6CDC-4DF9-A781-06398854202A}
           Host Name : 45212MLIU-7
           Primary Domain Suffix : corp.premierinc.com
           DNS server list :
             	206.71.92.6, 206.71.92.5
           Sent update to server : 10.32.2.53:53
           IP Address(es) :
             206.71.92.121

The reason the system could not register these RRs was because of a security related problem. The cause of this could be (a) your computer does not have permissions to register and update the specific DNS domain name set for this adapter, or (b) there might have been a problem negotiating valid credentials with the DNS server during the processing of the update request.

You can manually retry DNS registration of the network adapter and its settings by typing 'ipconfig /registerdns' at the command prompt. If problems still persist, contact your DNS server or network systems administrator. See event details for specific error code information."
Information,6/6/2018 2:17:50 PM,Microsoft-Windows-GroupPolicy,1500,None,The Group Policy settings for the computer were processed successfully. There were no changes detected since the last successful processing of Group Policy.
Information,6/6/2018 2:08:55 PM,Service Control Manager,7040,None,The start type of the Background Intelligent Transfer Service service was changed from auto start to demand start.
Information,6/6/2018 2:06:38 PM,Service Control Manager,7040,None,The start type of the Background Intelligent Transfer Service service was changed from demand start to auto start.
Information,6/6/2018 1:32:12 PM,Service Control Manager,7040,None,The start type of the Background Intelligent Transfer Service service was changed from auto start to demand start.
Warning,6/6/2018 1:31:06 PM,Microsoft-Windows-DNS-Client,8019,(1028),"The system failed to register host (A or AAAA) resource records (RRs) for network adapter
with settings:

           Adapter Name : {D8E1E31A-6CDC-4DF9-A781-06398854202A}
           Host Name : 45212MLIU-7
           Primary Domain Suffix : corp.premierinc.com
           DNS server list :
             	206.71.92.6, 206.71.92.5
           Sent update to server : 10.32.2.53:53
           IP Address(es) :
             206.71.92.121

The reason the system could not register these RRs was because of a security related problem. The cause of this could be (a) your computer does not have permissions to register and update the specific DNS domain name set for this adapter, or (b) there might have been a problem negotiating valid credentials with the DNS server during the processing of the update request.

You can manually retry DNS registration of the network adapter and its settings by typing 'ipconfig /registerdns' at the command prompt. If problems still persist, contact your DNS server or network systems administrator. See event details for specific error code information."
Information,6/6/2018 1:30:03 PM,Service Control Manager,7040,None,The start type of the Background Intelligent Transfer Service service was changed from demand start to auto start.
Information,6/6/2018 1:08:55 PM,Service Control Manager,7040,None,The start type of the Background Intelligent Transfer Service service was changed from auto start to demand start.
Information,6/6/2018 1:06:41 PM,Service Control Manager,7040,None,The start type of the Background Intelligent Transfer Service service was changed from demand start to auto start.
Information,6/6/2018 12:45:16 PM,Service Control Manager,7040,None,The start type of the Background Intelligent Transfer Service service was changed from auto start to demand start.
Information,6/6/2018 12:42:52 PM,Service Control Manager,7040,None,The start type of the Background Intelligent Transfer Service service was changed from demand start to auto start.
Information,6/6/2018 12:41:20 PM,Microsoft-Windows-GroupPolicy,1501,None,The Group Policy settings for the user were processed successfully. There were no changes detected since the last successful processing of Group Policy.
Warning,6/6/2018 12:38:29 PM,Microsoft-Windows-DNS-Client,8019,(1028),"The system failed to register host (A or AAAA) resource records (RRs) for network adapter
with settings:

           Adapter Name : {D8E1E31A-6CDC-4DF9-A781-06398854202A}
           Host Name : 45212MLIU-7
           Primary Domain Suffix : corp.premierinc.com
           DNS server list :
             	206.71.92.6, 206.71.92.5
           Sent update to server : 10.32.2.53:53
           IP Address(es) :
             206.71.92.121

The reason the system could not register these RRs was because of a security related problem. The cause of this could be (a) your computer does not have permissions to register and update the specific DNS domain name set for this adapter, or (b) there might have been a problem negotiating valid credentials with the DNS server during the processing of the update request.

You can manually retry DNS registration of the network adapter and its settings by typing 'ipconfig /registerdns' at the command prompt. If problems still persist, contact your DNS server or network systems administrator. See event details for specific error code information."
Information,6/6/2018 12:36:50 PM,Microsoft-Windows-GroupPolicy,1500,None,The Group Policy settings for the computer were processed successfully. There were no changes detected since the last successful processing of Group Policy.
Information,6/6/2018 12:14:33 PM,Microsoft-Windows-Ntfs,98,None,Volume Windows (\Device\HarddiskVolumeShadowCopy4) is healthy.  No action is needed.
Information,6/6/2018 12:10:23 PM,Microsoft-Windows-UserModePowerService,22,(18),Reapply power settings upon completion of the provisioning engine's turn 5
Information,6/6/2018 12:09:30 PM,Microsoft-Windows-Kernel-General,16,None,The access history in hive \??\C:\ProgramData\Microsoft\Provisioning\Microsoft-Desktop-Provisioning-Sequence.dat was cleared updating 0 keys and creating 0 modified pages.
Information,6/6/2018 12:08:53 PM,Service Control Manager,7040,None,The start type of the Background Intelligent Transfer Service service was changed from auto start to demand start.
Information,6/6/2018 12:06:41 PM,Service Control Manager,7040,None,The start type of the Background Intelligent Transfer Service service was changed from demand start to auto start.
Information,6/6/2018 12:01:37 PM,Microsoft-Windows-Time-Service,158,None,The time provider 'VMICTimeProvider' has indicated that the current hardware and operating environment is not supported and has stopped. This behavior is expected for VMICTimeProvider on non-HyperV-guest environments. This may be the expected behavior for the current provider in the current operating environment as well.
Information,6/6/2018 12:00:01 PM,EventLog,6013,None,The system uptime is 4033 seconds.
Information,6/6/2018 11:53:33 AM,Service Control Manager,7040,None,The start type of the Background Intelligent Transfer Service service was changed from auto start to demand start.
Information,6/6/2018 11:51:03 AM,Service Control Manager,7040,None,The start type of the Background Intelligent Transfer Service service was changed from demand start to auto start.
Warning,6/6/2018 11:45:51 AM,Microsoft-Windows-DNS-Client,8019,(1028),"The system failed to register host (A or AAAA) resource records (RRs) for network adapter
with settings:

           Adapter Name : {D8E1E31A-6CDC-4DF9-A781-06398854202A}
           Host Name : 45212MLIU-7
           Primary Domain Suffix : corp.premierinc.com
           DNS server list :
             	206.71.92.6, 206.71.92.5
           Sent update to server : 10.32.2.53:53
           IP Address(es) :
             206.71.92.121

The reason the system could not register these RRs was because of a security related problem. The cause of this could be (a) your computer does not have permissions to register and update the specific DNS domain name set for this adapter, or (b) there might have been a problem negotiating valid credentials with the DNS server during the processing of the update request.

You can manually retry DNS registration of the network adapter and its settings by typing 'ipconfig /registerdns' at the command prompt. If problems still persist, contact your DNS server or network systems administrator. See event details for specific error code information."
Information,6/6/2018 11:44:47 AM,Microsoft-Windows-Time-Service,158,None,The time provider 'VMICTimeProvider' has indicated that the current hardware and operating environment is not supported and has stopped. This behavior is expected for VMICTimeProvider on non-HyperV-guest environments. This may be the expected behavior for the current provider in the current operating environment as well.
Information,6/6/2018 11:43:17 AM,Service Control Manager,7040,None,The start type of the Background Intelligent Transfer Service service was changed from auto start to demand start.
Information,6/6/2018 11:40:51 AM,Service Control Manager,7040,None,The start type of the Background Intelligent Transfer Service service was changed from demand start to auto start.
Information,6/6/2018 11:27:43 AM,Microsoft-Windows-Time-Service,158,None,The time provider 'VMICTimeProvider' has indicated that the current hardware and operating environment is not supported and has stopped. This behavior is expected for VMICTimeProvider on non-HyperV-guest environments. This may be the expected behavior for the current provider in the current operating environment as well.
Warning,6/6/2018 11:18:08 AM,Microsoft-Windows-DNS-Client,1014,(1014),Name resolution for the name WN34049 timed out after none of the configured DNS servers responded.
Information,6/6/2018 11:12:56 AM,Service Control Manager,7040,None,The start type of the Background Intelligent Transfer Service service was changed from auto start to demand start.
Information,6/6/2018 11:10:39 AM,Microsoft-Windows-Time-Service,158,None,The time provider 'VMICTimeProvider' has indicated that the current hardware and operating environment is not supported and has stopped. This behavior is expected for VMICTimeProvider on non-HyperV-guest environments. This may be the expected behavior for the current provider in the current operating environment as well.
Information,6/6/2018 11:10:28 AM,Service Control Manager,7040,None,The start type of the Background Intelligent Transfer Service service was changed from demand start to auto start.
Information,6/6/2018 11:08:38 AM,Service Control Manager,7040,None,The start type of the Background Intelligent Transfer Service service was changed from auto start to demand start.
Information,6/6/2018 11:05:06 AM,Service Control Manager,7040,None,The start type of the Background Intelligent Transfer Service service was changed from demand start to auto start.
Information,6/6/2018 11:02:42 AM,Service Control Manager,7040,None,The start type of the Background Intelligent Transfer Service service was changed from auto start to demand start.
Information,6/6/2018 11:01:10 AM,Microsoft-Windows-Time-Service,158,None,The time provider 'VMICTimeProvider' has indicated that the current hardware and operating environment is not supported and has stopped. This behavior is expected for VMICTimeProvider on non-HyperV-guest environments. This may be the expected behavior for the current provider in the current operating environment as well.
Information,6/6/2018 11:01:10 AM,Microsoft-Windows-GroupPolicy,1502,None,The Group Policy settings for the computer were processed successfully. New settings from 17 Group Policy objects were detected and applied.
Information,6/6/2018 11:01:11 AM,Lfsvc,1,None,Geolocation positioning is enabled.
Information,6/6/2018 11:00:28 AM,Microsoft-Windows-WinRM,10148,None,"The WinRM service is listening for WS-Management requests. 

 User Action 
 Use the following command to see the specific IPs on which WinRM is listening: 

 winrm enumerate winrm/config/listener"
Information,6/6/2018 11:00:26 AM,Service Control Manager,7040,None,The start type of the Background Intelligent Transfer Service service was changed from demand start to auto start.
Warning,6/6/2018 10:59:25 AM,Microsoft-Windows-DNS-Client,1014,(1014),Name resolution for the name rfvoxmgtkywtwt timed out after none of the configured DNS servers responded.
Information,6/6/2018 10:59:13 AM,Service Control Manager,7040,None,The start type of the Background Intelligent Transfer Service service was changed from auto start to demand start.
Information,6/6/2018 10:56:11 AM,Microsoft-Windows-Kernel-General,11,None,"TxR init phase for hive \SystemRoot\System32\AppLocker\AppCache.dat (TM: {0A6C4BFB-69AA-11E8-8C65-A44E31DD6C6C}, RM: {0A6C4BFA-69AA-11E8-8C65-A44E31DD6C6C}) finished with result=0xC0000022 (Internal code=7)."
Information,6/6/2018 10:56:11 AM,Microsoft-Windows-Kernel-General,11,None,"TxR init phase for hive \SystemRoot\System32\AppLocker\AppCache.dat (TM: {553287F5-6869-11E8-8C63-28D2444507FA}, RM: {553287F4-6869-11E8-8C63-28D2444507FA}) finished with result=0xC0000022 (Internal code=0)."
Error,6/6/2018 10:55:43 AM,Service Control Manager,7000,None,"The Windows Presentation Foundation Font Cache 3.0.0.0 service failed to start due to the following error: 
The service did not respond to the start or control request in a timely fashion."
Error,6/6/2018 10:55:43 AM,Service Control Manager,7009,None,A timeout was reached (30000 milliseconds) while waiting for the Windows Presentation Foundation Font Cache 3.0.0.0 service to connect.
Information,6/6/2018 10:55:06 AM,Microsoft-Windows-Winlogon,7001,(1101),User Logon Notification for Customer Experience Improvement Program
