Warning,7/2/2018 10:29:04 AM,Microsoft-Windows-WLAN-AutoConfig,10002,None,"WLAN Extensibility Module has stopped.

Module Path: C:\WINDOWS\system32\acnamihv.dll
"
Information,7/2/2018 10:29:01 AM,Microsoft-Windows-Dhcp-Client,50037,Service State Event,DHCPv4 client service is stopped. ShutDown Flag value is 1
Information,7/2/2018 10:29:00 AM,Microsoft-Windows-DHCPv6-Client,51047,Service State Event,DHCPv6 client service is stopped. ShutDown Flag value is 1
Information,7/2/2018 10:29:00 AM,Microsoft-Windows-Kernel-General,1,(5),"The system time has changed to ‎2018‎-‎07‎-‎02T16:29:00.727000000Z from ‎2018‎-‎07‎-‎02T16:29:00.729126500Z.

Change Reason: An application or system component changed the time."
Information,7/2/2018 10:29:00 AM,Microsoft-Windows-Dhcp-Client,50106,Service State Event,DHCPv4 is waiting on DHCPv6 service to stop
Information,7/2/2018 10:29:00 AM,Microsoft-Windows-Dhcp-Client,50105,Service State Event,DHCPv4 client ProcessDHCPRequestForever received TERMINATE_EVENT
Information,7/2/2018 10:29:00 AM,Microsoft-Windows-Dhcp-Client,50104,Service State Event,DHCPv4 client received shutdown notification
Information,7/2/2018 10:29:01 AM,EventLog,6006,None,The Event log service was stopped.
Warning,7/2/2018 10:29:01 AM,Microsoft-Windows-WinRM,10149,None,"The WinRM service is not listening for WS-Management requests. 

 User Action 
 If you did not intentionally stop the service, use the following command to see the WinRM configuration: 

 winrm enumerate winrm/config/listener"
Information,7/2/2018 10:29:00 AM,McAfee Service Controller,2,None,The mfehcs MMS Service entered the stopped state.
Information,7/2/2018 10:29:00 AM,McAfee Service Controller,4,None,The mfefire MMS Service entered the Post-Shutdown state.
Information,7/2/2018 10:28:56 AM,Microsoft-Windows-Winlogon,7002,(1102),User Logoff Notification for Customer Experience Improvement Program
Information,7/2/2018 10:28:37 AM,User32,1074,None,"The process C:\WINDOWS\TEMP\{95D50461-FCCA-4E65-9416-599F98DEC4AC}\.cr\VMware-Horizon-Client-4.7.0-7395453.exe (45212MLIU-7) has initiated the restart of computer 45212MLIU-7 on behalf of user NT AUTHORITY\SYSTEM for the following reason: Application: Installation (Planned)
 Reason Code: 0x80040002
 Shutdown Type: restart
 Comment: "
Information,7/2/2018 10:28:25 AM,Service Control Manager,7045,None,"A service was installed in the system.

Service Name:  VMware hcmon
Service File Name:  \SystemRoot\system32\DRIVERS\hcmon.sys
Service Type:  kernel mode driver
Service Start Type:  auto start
Service Account:  "
Error,7/2/2018 10:28:25 AM,Service Control Manager,7023,None,"The Interactive Services Detection service terminated with the following error: 
Incorrect function."
Information,7/2/2018 10:27:48 AM,Service Control Manager,7045,None,"A service was installed in the system.

Service Name:  VMware Serial Com Redirection Client service
Service File Name:  ""C:\Program Files\Common Files\VMware\SerialPortRedirection\Client\vmwsprrdpwks.exe""
Service Type:  user mode service
Service Start Type:  auto start
Service Account:  LocalSystem"
Information,7/2/2018 10:27:48 AM,Service Control Manager,7045,None,"A service was installed in the system.

Service Name:  VMware Scanner Redirection Client
Service File Name:  ""C:\Program Files (x86)\VMware\ScannerRedirection\ftscanmgrhv.exe""
Service Type:  user mode service
Service Start Type:  auto start
Service Account:  LocalSystem"
Information,7/2/2018 10:27:48 AM,Service Control Manager,7045,None,"A service was installed in the system.

Service Name:  VMware Netlink Supervisor Service
Service File Name:  ""C:\Program Files\Common Files\VMware\DeviceRedirectionCommon\ftnlsv.exe""
Service Type:  user mode service
Service Start Type:  auto start
Service Account:  LocalSystem"
Error,7/2/2018 10:27:48 AM,Service Control Manager,7030,None,"The VMware Horizon Client service is marked as an interactive service.  However, the system is configured to not allow interactive services.  This service may not function properly."
Information,7/2/2018 10:27:48 AM,Service Control Manager,7045,None,"A service was installed in the system.

Service Name:  VMware Horizon Client
Service File Name:  ""C:\Program Files (x86)\VMware\VMware Horizon View Client\ClientService\horizon_client_service.exe"" -SCMStartup mfwStartFlags=2
Service Type:  user mode service
Service Start Type:  auto start
Service Account:  LocalSystem"
Information,7/2/2018 10:26:37 AM,Microsoft-Windows-Ntfs,98,None,Volume Windows (\Device\HarddiskVolumeShadowCopy25) is healthy.  No action is needed.
Information,7/2/2018 10:26:28 AM,Service Control Manager,7040,None,The start type of the Background Intelligent Transfer Service service was changed from auto start to demand start.
Information,7/2/2018 10:26:00 AM,Microsoft-Windows-Ntfs,98,None,Volume Windows (\Device\HarddiskVolumeShadowCopy24) is healthy.  No action is needed.
Information,7/2/2018 10:25:28 AM,Microsoft-Windows-Ntfs,98,None,Volume Windows (\Device\HarddiskVolumeShadowCopy23) is healthy.  No action is needed.
Information,7/2/2018 10:24:01 AM,Service Control Manager,7040,None,The start type of the Background Intelligent Transfer Service service was changed from demand start to auto start.
Warning,7/2/2018 10:22:58 AM,Microsoft-Windows-DNS-Client,8019,(1028),"The system failed to register host (A or AAAA) resource records (RRs) for network adapter
with settings:

           Adapter Name : {D8E1E31A-6CDC-4DF9-A781-06398854202A}
           Host Name : 45212MLIU-7
           Primary Domain Suffix : corp.premierinc.com
           DNS server list :
             	206.71.92.6, 206.71.92.5
           Sent update to server : 10.32.2.53:53
           IP Address(es) :
             206.71.92.121

The reason the system could not register these RRs was because of a security related problem. The cause of this could be (a) your computer does not have permissions to register and update the specific DNS domain name set for this adapter, or (b) there might have been a problem negotiating valid credentials with the DNS server during the processing of the update request.

You can manually retry DNS registration of the network adapter and its settings by typing 'ipconfig /registerdns' at the command prompt. If problems still persist, contact your DNS server or network systems administrator. See event details for specific error code information."
Information,7/2/2018 10:21:56 AM,Microsoft-Windows-Time-Service,158,None,The time provider 'VMICTimeProvider' has indicated that the current hardware and operating environment is not supported and has stopped. This behavior is expected for VMICTimeProvider on non-HyperV-guest environments. This may be the expected behavior for the current provider in the current operating environment as well.
Information,7/2/2018 10:20:18 AM,Service Control Manager,7040,None,The start type of the Background Intelligent Transfer Service service was changed from auto start to demand start.
Information,7/2/2018 10:17:41 AM,Service Control Manager,7040,None,The start type of the Background Intelligent Transfer Service service was changed from demand start to auto start.
Information,7/2/2018 10:04:52 AM,Microsoft-Windows-Time-Service,158,None,The time provider 'VMICTimeProvider' has indicated that the current hardware and operating environment is not supported and has stopped. This behavior is expected for VMICTimeProvider on non-HyperV-guest environments. This may be the expected behavior for the current provider in the current operating environment as well.
Information,7/2/2018 9:49:44 AM,Service Control Manager,7040,None,The start type of the Background Intelligent Transfer Service service was changed from auto start to demand start.
Information,7/2/2018 9:47:48 AM,Microsoft-Windows-Time-Service,158,None,The time provider 'VMICTimeProvider' has indicated that the current hardware and operating environment is not supported and has stopped. This behavior is expected for VMICTimeProvider on non-HyperV-guest environments. This may be the expected behavior for the current provider in the current operating environment as well.
Information,7/2/2018 9:47:11 AM,Service Control Manager,7040,None,The start type of the Background Intelligent Transfer Service service was changed from demand start to auto start.
Information,7/2/2018 9:46:19 AM,Service Control Manager,7040,None,The start type of the Background Intelligent Transfer Service service was changed from auto start to demand start.
Information,7/2/2018 9:40:58 AM,Microsoft-Windows-Ntfs,98,None,Volume Windows (\Device\HarddiskVolumeShadowCopy22) is healthy.  No action is needed.
Information,7/2/2018 9:38:59 AM,Service Control Manager,7040,None,The start type of the Background Intelligent Transfer Service service was changed from demand start to auto start.
Information,7/2/2018 9:38:11 AM,Service Control Manager,7040,None,The start type of the Background Intelligent Transfer Service service was changed from auto start to demand start.
Warning,7/2/2018 9:36:33 AM,Microsoft-Windows-DNS-Client,1014,(1014),Name resolution for the name ztpeirilvokex timed out after none of the configured DNS servers responded.
Information,7/2/2018 9:36:01 AM,Service Control Manager,7040,None,The start type of the Background Intelligent Transfer Service service was changed from demand start to auto start.
Information,7/2/2018 9:34:51 AM,Microsoft-Windows-GroupPolicy,1503,None,The Group Policy settings for the user were processed successfully. New settings from 9 Group Policy objects were detected and applied.
Information,7/2/2018 9:34:03 AM,Service Control Manager,7040,None,The start type of the Background Intelligent Transfer Service service was changed from auto start to demand start.
Information,7/2/2018 9:34:02 AM,Microsoft-Windows-Kernel-General,11,None,"TxR init phase for hive \SystemRoot\System32\AppLocker\AppCache.dat (TM: {B750AFAD-7E0C-11E8-8C67-A44E31DD6C6C}, RM: {B750AFAC-7E0C-11E8-8C67-A44E31DD6C6C}) finished with result=0xC0000022 (Internal code=7)."
Information,7/2/2018 9:34:02 AM,Microsoft-Windows-Kernel-General,11,None,"TxR init phase for hive \SystemRoot\System32\AppLocker\AppCache.dat (TM: {553287F5-6869-11E8-8C63-28D2444507FA}, RM: {553287F4-6869-11E8-8C63-28D2444507FA}) finished with result=0xC0000022 (Internal code=0)."
Information,7/2/2018 9:34:02 AM,Microsoft-Windows-Kernel-General,16,None,The access history in hive \SystemRoot\System32\AppLocker\AppCache.dat was cleared updating 1 keys and creating 1 modified pages.
Information,7/2/2018 9:33:16 AM,Lfsvc,1,None,Geolocation positioning is enabled.
Information,7/2/2018 9:33:12 AM,Microsoft-Windows-Time-Service,158,None,The time provider 'VMICTimeProvider' has indicated that the current hardware and operating environment is not supported and has stopped. This behavior is expected for VMICTimeProvider on non-HyperV-guest environments. This may be the expected behavior for the current provider in the current operating environment as well.
Information,7/2/2018 9:33:11 AM,Microsoft-Windows-GroupPolicy,1502,None,The Group Policy settings for the computer were processed successfully. New settings from 21 Group Policy objects were detected and applied.
Warning,7/2/2018 9:33:10 AM,Microsoft-Windows-GroupPolicy,1112,None,"The Group Policy Client Side Extension Software Installation was unable to apply one or more settings because the changes must be processed before system startup or user logon. The system will wait for Group Policy processing to finish completely before the next startup or logon for this user, and this may result in slow startup and boot performance."
Warning,7/2/2018 9:33:10 AM,Application Management Group Policy,108,None,Failed to apply changes to software installation settings.    The error was : %%1274
Information,7/2/2018 9:33:08 AM,Microsoft-Windows-Directory-Services-SAM,16963,None,"Remote calls to the SAM database are being restricted using the configured registry security descriptor: O:BAG:BAD:(A;;RC;;;BA).
For more information please see http://go.microsoft.com/fwlink/?LinkId=787651."
Information,7/2/2018 9:33:05 AM,Service Control Manager,7040,None,The start type of the HomeGroup Listener service was changed from demand start to disabled.
Information,7/2/2018 9:33:05 AM,Service Control Manager,7040,None,The start type of the HomeGroup Provider service was changed from demand start to disabled.
Information,7/2/2018 9:33:05 AM,Service Control Manager,7040,None,The start type of the Remote Registry service was changed from auto start to disabled.
Information,7/2/2018 9:33:05 AM,Service Control Manager,7040,None,The start type of the Xbox Game Monitoring service was changed from demand start to disabled.
Information,7/2/2018 9:33:05 AM,Service Control Manager,7040,None,The start type of the Xbox Live Auth Manager service was changed from demand start to disabled.
Information,7/2/2018 9:33:05 AM,Service Control Manager,7040,None,The start type of the Xbox Live Game Save service was changed from demand start to disabled.
Information,7/2/2018 9:33:05 AM,Service Control Manager,7040,None,The start type of the Xbox Accessory Management Service service was changed from demand start to disabled.
Information,7/2/2018 9:33:05 AM,Service Control Manager,7040,None,The start type of the Xbox Live Networking Service service was changed from demand start to disabled.
Information,7/2/2018 9:33:06 AM,Microsoft-Windows-WinRM,10148,None,"The WinRM service is listening for WS-Management requests. 

 User Action 
 Use the following command to see the specific IPs on which WinRM is listening: 

 winrm enumerate winrm/config/listener"
Information,7/2/2018 9:32:55 AM,Microsoft-Windows-Winlogon,7001,(1101),User Logon Notification for Customer Experience Improvement Program
Information,7/2/2018 9:32:46 AM,McAfee Service Controller,1,None,The mfedxl MMS Service entered the running state.
Information,7/2/2018 9:32:36 AM,McAfee Service Controller,2,None,The mfedxl MMS Service entered the stopped state.
Information,7/2/2018 9:32:35 AM,McAfee Service Controller,1,None,The mfedxl MMS Service entered the running state.
Information,7/2/2018 9:32:27 AM,McAfee Service Controller,2,None,The mfedxl MMS Service entered the stopped state.
Information,7/2/2018 9:32:26 AM,McAfee Service Controller,1,None,The mfedxl MMS Service entered the running state.
Information,7/2/2018 9:32:19 AM,McAfee Service Controller,2,None,The mfedxl MMS Service entered the stopped state.
Information,7/2/2018 9:32:18 AM,McAfee Service Controller,1,None,The mfedxl MMS Service entered the running state.
Information,7/2/2018 9:32:10 AM,McAfee Service Controller,2,None,The mfedxl MMS Service entered the stopped state.
Information,7/2/2018 9:32:10 AM,McAfee Service Controller,1,None,The mfedxl MMS Service entered the running state.
Information,7/2/2018 9:32:01 AM,McAfee Service Controller,2,None,The mfedxl MMS Service entered the stopped state.
Information,7/2/2018 9:32:01 AM,McAfee Service Controller,1,None,The mfedxl MMS Service entered the running state.
Information,7/2/2018 9:31:52 AM,McAfee Service Controller,2,None,The mfedxl MMS Service entered the stopped state.
Information,7/2/2018 9:31:52 AM,McAfee Service Controller,1,None,The mfedxl MMS Service entered the running state.
Information,7/2/2018 9:31:43 AM,McAfee Service Controller,2,None,The mfedxl MMS Service entered the stopped state.
Information,7/2/2018 9:31:42 AM,McAfee Service Controller,1,None,The mfedxl MMS Service entered the running state.
Information,7/2/2018 9:31:35 AM,Service Control Manager,7040,None,The start type of the Background Intelligent Transfer Service service was changed from demand start to auto start.
Information,7/2/2018 9:31:33 AM,McAfee Service Controller,2,None,The mfedxl MMS Service entered the stopped state.
Information,7/2/2018 9:31:32 AM,McAfee Service Controller,1,None,The mfedxl MMS Service entered the running state.
Information,7/2/2018 9:31:26 AM,Microsoft-Windows-TPM-WMI,1026,None,"The Trusted Platform Module (TPM) hardware on this computer cannot be provisioned for use automatically.  To set up the TPM interactively use the TPM management console (Start->tpm.msc) and use the action to make the TPM ready.

Error: The TPM provisioning action is not allowed by the specified flags.  For provisioning to be successful, one of several actions may be required.  The TPM management console (tpm.msc) action to make the TPM Ready may help.  For further information, see the documentation for the Win32_Tpm WMI method 'Provision'.  (The actions that may be required include importing the TPM Owner Authorization value into the system, calling the Win32_Tpm WMI method for provisioning the TPM and specifying TRUE for either 'ForceClear_Allowed' or 'PhysicalPresencePrompts_Allowed' (as indicated by the value returned in the Additional Information), or enabling the TPM in the system BIOS.)
Additional Information: 0x80011c"
Information,7/2/2018 9:31:22 AM,McAfee Service Controller,2,None,The mfedxl MMS Service entered the stopped state.
Information,7/2/2018 9:31:21 AM,McAfee Service Controller,1,None,The mfedxl MMS Service entered the running state.
Information,7/2/2018 9:31:21 AM,McAfee Service Controller,1,None,The mfetp MMS Service entered the running state.
Information,7/2/2018 9:31:13 AM,McAfee Service Controller,2,None,The mfedxl MMS Service entered the stopped state.
Information,7/2/2018 9:31:12 AM,McAfee Service Controller,1,None,The mfedxl MMS Service entered the running state.
Information,7/2/2018 9:31:02 AM,TPM,18,None,This event triggers the Trusted Platform Module (TPM) provisioning/status check to run.
Information,7/2/2018 9:31:02 AM,Service Control Manager,7026,None,"The following boot-start or system-start driver(s) did not load: 
dam"
Information,7/2/2018 9:31:01 AM,McAfee Service Controller,1,None,The mfeatp MMS Service entered the running state.
Information,7/2/2018 9:31:00 AM,McAfee Service Controller,1,None,The mfehcs MMS Service entered the running state.
Information,7/2/2018 9:31:00 AM,McAfee Service Controller,2,None,The mfedxl MMS Service entered the stopped state.
Information,7/2/2018 9:30:59 AM,Microsoft-Windows-Time-Service,35,None,The time service is now synchronizing the system time with the time source C11PICORPDC1.corp.premierinc.com (ntp.d|0.0.0.0:123->10.10.240.117:123).
Information,7/2/2018 9:30:59 AM,McAfee Service Controller,1,None,The mfedxl MMS Service entered the running state.
Information,7/2/2018 9:30:58 AM,McAfee Service Controller,1,None,The mfefw MMS Service entered the running state.
Information,7/2/2018 9:30:58 AM,McAfee Service Controller,1,None,The mfefire MMS Service entered the running state.
Information,7/2/2018 9:30:58 AM,McAfee Service Controller,1,None,The mfeesp MMS Service entered the running state.
Information,7/2/2018 9:30:53 AM,McAfee Service Controller,1,None,The mfecore MMS Service entered the running state.
Information,7/2/2018 9:30:44 AM,Microsoft-Windows-Time-Service,37,None,The time provider NtpClient is currently receiving valid time data from C11PICORPDC1.corp.premierinc.com (ntp.d|0.0.0.0:123->10.10.240.117:123).
Information,7/2/2018 9:30:43 AM,Microsoft-Windows-Time-Service,158,None,The time provider 'VMICTimeProvider' has indicated that the current hardware and operating environment is not supported and has stopped. This behavior is expected for VMICTimeProvider on non-HyperV-guest environments. This may be the expected behavior for the current provider in the current operating environment as well.
Information,7/2/2018 9:30:32 AM,VMnetuserif,1,None,() Starting up the User Interface Driver for VMware Virtual Networks.
Error,7/2/2018 9:30:32 AM,Service Control Manager,7001,None,"The NetTcpActivator service depends on the NetTcpPortSharing service which failed to start because of the following error: 
The service cannot be started, either because it is disabled or because it has no enabled devices associated with it."
Information,7/2/2018 9:30:32 AM,vmx86,34,None,"The description for Event ID 34 from source vmx86 cannot be found. Either the component that raises this event is not installed on your local computer or the installation is corrupted. You can install or repair the component on the local computer.

If the event originated on another computer, the display information had to be saved with the event.

The following information was included with the event: 

VMX86.SYS: begin DriverEntry built @ 12:34:37
"
Information,7/2/2018 9:30:31 AM,Microsoft-Windows-WLAN-AutoConfig,10001,None,"WLAN Extensibility Module has successfully started.

Module Path: C:\WINDOWS\system32\acnamihv.dll
"
Information,7/2/2018 9:30:30 AM,Microsoft-Windows-WLAN-AutoConfig,4000,None,"WLAN AutoConfig service has successfully started.
"
Warning,7/2/2018 9:30:25 AM,Microsoft-Windows-DNS-Client,8020,(1028),"The system failed to register host (A or AAAA) resource records (RRs) for network adapter
with settings:

           Adapter Name : {D8E1E31A-6CDC-4DF9-A781-06398854202A}
           Host Name : 45212MLIU-7
           Primary Domain Suffix : corp.premierinc.com
           DNS server list :
             	206.71.92.6, 206.71.92.5
           Sent update to server : <?>
           IP Address(es) :
             206.71.92.121

The reason the system could not register these RRs during the update request was because of a system problem. You can manually retry DNS registration of the network adapter and its settings by typing 'ipconfig /registerdns' at the command prompt. If problems still persist, contact your DNS server or network systems administrator. See event details for specific error code information."
Warning,7/2/2018 9:30:22 AM,Microsoft-Windows-Wininit,11,None,Custom dynamic link libraries are being loaded for every application. The system administrator should review the list of libraries to ensure they are related to trusted applications. Please visit http://support.microsoft.com/kb/197571 for more information.
Information,7/2/2018 9:30:16 AM,Microsoft-Windows-FilterManager,6,None,"File System Filter 'storqosflt' (10.0, ‎2066‎-‎07‎-‎23T05:44:23.000000000Z) has successfully loaded and registered with Filter Manager."
Error,7/2/2018 9:30:16 AM,Service Control Manager,7000,None,"The CldFlt service failed to start due to the following error: 
The request is not supported."
Information,7/2/2018 9:30:16 AM,Microsoft-Windows-DHCPv6-Client,51046,Service State Event,DHCPv6 client service is started
Information,7/2/2018 9:30:16 AM,Microsoft-Windows-FilterManager,6,None,"File System Filter 'luafv' (10.0, ‎2008‎-‎03‎-‎16T23:17:00.000000000Z) has successfully loaded and registered with Filter Manager."
Information,7/2/2018 9:30:16 AM,Microsoft-Windows-Dhcp-Client,50103,Service State Event,DHCPv4 client registered for shutdown notification
Information,7/2/2018 9:30:16 AM,Microsoft-Windows-Dhcp-Client,50036,Service State Event,DHCPv4 client service is started
Information,7/2/2018 9:30:16 AM,Microsoft-Windows-FilterManager,6,None,"File System Filter 'wcifs' (10.0, ‎1989‎-‎10‎-‎07T07:01:51.000000000Z) has successfully loaded and registered with Filter Manager."
Information,7/2/2018 9:30:13 AM,Microsoft-Windows-Directory-Services-SAM,16962,None,"Remote calls to the SAM database are being restricted using the default security descriptor: O:SYG:SYD:(A;;RC;;;BA).
For more information please see http://go.microsoft.com/fwlink/?LinkId=787651."
Information,7/2/2018 9:30:12 AM,Microsoft-Windows-Wininit,14,None,"Credential Guard (LsaIso.exe) configuration: 0x0, 0"
Information,7/2/2018 9:30:02 AM,Microsoft-Windows-Ntfs,98,None,Volume \\?\Volume{167022d7-4dd4-11e6-8f1d-806e6f6e6963} (\Device\HarddiskVolume1) is healthy.  No action is needed.
Information,7/2/2018 9:30:02 AM,Microsoft-Windows-Ntfs,98,None,Volume \\?\Volume{167022d9-4dd4-11e6-8f1d-806e6f6e6963} (\Device\HarddiskVolume3) is healthy.  No action is needed.
Information,7/2/2018 9:29:53 AM,e1iexpress,32,None,"Intel(R) 82579LM Gigabit Network Connection
 Network link has been established at 1Gbps full duplex.
"
Information,7/2/2018 9:29:50 AM,Microsoft-Windows-Kernel-Power,521,(220),Active battery count change.
Information,7/2/2018 9:29:50 AM,NETwNe64,7036,None,The \Device\NDMP5 service entered the Intel(R) Centrino(R) Advanced-N 6205 state.
Information,7/2/2018 9:29:50 AM,MEIx64,2,None,Intel(R) Management Engine Interface driver has started successfully.
Information,7/2/2018 9:29:50 AM,Microsoft-Windows-Kernel-Processor-Power,55,(47),"Processor 3 in group 0 exposes the following power management capabilities:

Idle state type: ACPI Idle (C) States (2 state(s))

Performance state type: ACPI Performance (P) / Throttle (T) States
Nominal Frequency (MHz): 2601
Maximum performance percentage: 100
Minimum performance percentage: 46
Minimum throttle percentage: 5"
Information,7/2/2018 9:29:50 AM,Microsoft-Windows-Kernel-Processor-Power,55,(47),"Processor 2 in group 0 exposes the following power management capabilities:

Idle state type: ACPI Idle (C) States (2 state(s))

Performance state type: ACPI Performance (P) / Throttle (T) States
Nominal Frequency (MHz): 2601
Maximum performance percentage: 100
Minimum performance percentage: 46
Minimum throttle percentage: 5"
Information,7/2/2018 9:29:50 AM,Microsoft-Windows-Kernel-Processor-Power,55,(47),"Processor 1 in group 0 exposes the following power management capabilities:

Idle state type: ACPI Idle (C) States (2 state(s))

Performance state type: ACPI Performance (P) / Throttle (T) States
Nominal Frequency (MHz): 2601
Maximum performance percentage: 100
Minimum performance percentage: 46
Minimum throttle percentage: 5"
Information,7/2/2018 9:29:50 AM,Microsoft-Windows-Kernel-Processor-Power,55,(47),"Processor 0 in group 0 exposes the following power management capabilities:

Idle state type: ACPI Idle (C) States (2 state(s))

Performance state type: ACPI Performance (P) / Throttle (T) States
Nominal Frequency (MHz): 2601
Maximum performance percentage: 100
Minimum performance percentage: 46
Minimum throttle percentage: 5"
Information,7/2/2018 9:29:49 AM,VMnetAdapter,36,None,() Starting up the Adapter Driver for VMware Virtual Networks.
Information,7/2/2018 9:29:49 AM,Microsoft-Windows-Kernel-Power,172,(203),"Connectivity state in standby: Disconnected, Reason: NIC compliance"
Critical,7/2/2018 9:29:49 AM,Microsoft-Windows-Kernel-Power,41,(63),"The system has rebooted without cleanly shutting down first. This error could be caused if the system stopped responding, crashed, or lost power unexpectedly."
Information,7/2/2018 9:29:49 AM,Microsoft-Windows-FilterManager,6,None,"File System Filter 'npsvctrig' (10.0, ‎2097‎-‎07‎-‎25T04:18:05.000000000Z) has successfully loaded and registered with Filter Manager."
Information,7/2/2018 9:29:48 AM,Microsoft-Windows-FilterManager,6,None,"File System Filter 'hdlpflt' (10.0, ‎2017‎-‎12‎-‎07T06:22:28.000000000Z) has successfully loaded and registered with Filter Manager."
Information,7/2/2018 9:29:48 AM,Microsoft-Windows-FilterManager,6,None,"File System Filter 'FileCrypt' (10.0, ‎2030‎-‎05‎-‎28T02:10:59.000000000Z) has successfully loaded and registered with Filter Manager."
Information,7/2/2018 9:30:38 AM,McAfee Service Controller,1,None,The mfevtp MMS Service entered the running state.
Information,7/2/2018 9:29:48 AM,Microsoft-Windows-Ntfs,98,None,Volume C: (\Device\HarddiskVolume2) is healthy.  No action is needed.
Information,7/2/2018 9:30:35 AM,Microsoft-Windows-WAS,5211,None,The Windows Process Activation Service (WAS) started with 'Classic' mode using 'ConfigurationSystem'
Information,7/2/2018 9:29:32 AM,Microsoft-Windows-FilterManager,6,None,"File System Filter 'mfehidk' (0.0, ‎2017‎-‎11‎-‎30T23:46:33.000000000Z) has successfully loaded and registered with Filter Manager."
Information,7/2/2018 9:29:32 AM,Microsoft-Windows-FilterManager,6,None,"File System Filter 'Wof' (10.0, ‎1974‎-‎03‎-‎11T16:47:45.000000000Z) has successfully loaded and registered with Filter Manager."
Information,7/2/2018 9:29:32 AM,Microsoft-Windows-FilterManager,6,None,"File System Filter 'MfeEEFF' (6.0, ‎2017‎-‎11‎-‎21T08:16:24.000000000Z) has successfully loaded and registered with Filter Manager."
Information,7/2/2018 9:29:32 AM,Microsoft-Windows-FilterManager,6,None,"File System Filter 'MfeEERM' (6.0, ‎2017‎-‎11‎-‎10T05:55:41.000000000Z) has successfully loaded and registered with Filter Manager."
Information,7/2/2018 9:29:32 AM,Microsoft-Windows-FilterManager,6,None,"File System Filter 'FileInfo' (10.0, ‎2042‎-‎06‎-‎30T08:43:32.000000000Z) has successfully loaded and registered with Filter Manager."
Information,7/2/2018 9:29:32 AM,TPM,24,None,The Trusted Platform Module (TPM) status: Enabled and Active.
Information,7/2/2018 9:30:17 AM,EventLog,6013,None,The system uptime is 45 seconds.
Information,7/2/2018 9:30:17 AM,EventLog,6005,None,The Event log service was started.
Information,7/2/2018 9:30:17 AM,EventLog,6009,None,Microsoft (R) Windows (R) 10.00. 15063  Multiprocessor Free.
Information,7/2/2018 9:29:31 AM,Microsoft-Windows-Kernel-Boot,30,(21),The firmware reported boot metrics.
Information,7/2/2018 9:29:31 AM,Microsoft-Windows-Kernel-Boot,32,None,The bootmgr spent 0 ms waiting for user input.
Information,7/2/2018 9:29:31 AM,Microsoft-Windows-Kernel-Boot,18,None,There are 0x1 boot options on this system.
Information,7/2/2018 9:29:31 AM,Microsoft-Windows-Kernel-Boot,25,(32),The boot menu policy was 0x1.
Information,7/2/2018 9:29:31 AM,Microsoft-Windows-Kernel-Boot,27,(33),The boot type was 0x0.
Information,7/2/2018 9:29:31 AM,Microsoft-Windows-Kernel-Boot,20,(31),The last shutdown's success status was false. The last boot's success status was true.
Information,7/2/2018 9:29:31 AM,Microsoft-Windows-Kernel-Boot,153,None,Virtualization-based security (policies: 0) is disabled.
Information,7/2/2018 9:29:31 AM,Microsoft-Windows-Kernel-General,12,(1),The operating system started at system time ‎2018‎-‎07‎-‎02T15:29:31.490678700Z.
Information,7/2/2018 9:21:19 AM,Microsoft-Windows-Winlogon,7001,(1101),User Logon Notification for Customer Experience Improvement Program
Information,7/2/2018 9:21:15 AM,Microsoft-Windows-Time-Service,35,None,The time service is now synchronizing the system time with the time source C11PICORPDC1.corp.premierinc.com (ntp.d|0.0.0.0:123->10.10.240.117:123).
Information,7/2/2018 9:21:03 AM,Service Control Manager,7040,None,The start type of the Background Intelligent Transfer Service service was changed from demand start to auto start.
Information,7/2/2018 9:21:01 AM,Microsoft-Windows-Time-Service,37,None,The time provider NtpClient is currently receiving valid time data from C11PICORPDC1.corp.premierinc.com (ntp.d|0.0.0.0:123->10.10.240.117:123).
Warning,7/2/2018 9:21:00 AM,Microsoft-Windows-DNS-Client,8019,(1028),"The system failed to register host (A or AAAA) resource records (RRs) for network adapter
with settings:

           Adapter Name : {D8E1E31A-6CDC-4DF9-A781-06398854202A}
           Host Name : 45212MLIU-7
           Primary Domain Suffix : corp.premierinc.com
           DNS server list :
             	206.71.92.6, 206.71.92.5
           Sent update to server : 10.32.2.53:53
           IP Address(es) :
             206.71.92.121

The reason the system could not register these RRs was because of a security related problem. The cause of this could be (a) your computer does not have permissions to register and update the specific DNS domain name set for this adapter, or (b) there might have been a problem negotiating valid credentials with the DNS server during the processing of the update request.

You can manually retry DNS registration of the network adapter and its settings by typing 'ipconfig /registerdns' at the command prompt. If problems still persist, contact your DNS server or network systems administrator. See event details for specific error code information."
Warning,7/2/2018 9:20:59 AM,Microsoft-Windows-Time-Service,129,None,NtpClient was unable to set a domain peer to use as a time source because of discovery error. NtpClient will try again in 15 minutes and double the reattempt interval thereafter. The error was: The entry is not found. (0x800706E1)
Information,7/2/2018 9:20:57 AM,Microsoft-Windows-Power-Troubleshooter,1,None,"The system has returned from a low power state.

Sleep Time: ‎2018‎-‎06‎-‎30T00:49:58.883293400Z
Wake Time: ‎2018‎-‎07‎-‎02T15:20:54.784327600Z

Wake Source: Unknown"
Information,7/2/2018 9:20:57 AM,e1iexpress,32,None,"Intel(R) 82579LM Gigabit Network Connection
 Network link has been established at 1Gbps full duplex.
"
Warning,7/2/2018 9:20:55 AM,Microsoft-Windows-Time-Service,129,None,NtpClient was unable to set a domain peer to use as a time source because of discovery error. NtpClient will try again in 15 minutes and double the reattempt interval thereafter. The error was: The entry is not found. (0x800706E1)
Information,7/2/2018 9:20:55 AM,Microsoft-Windows-Kernel-General,1,(5),"The system time has changed to ‎2018‎-‎07‎-‎02T15:20:55.118000000Z from ‎2018‎-‎07‎-‎02T15:20:55.130298800Z.

Change Reason: An application or system component changed the time."
Warning,7/2/2018 9:20:54 AM,Microsoft-Windows-Time-Service,129,None,NtpClient was unable to set a domain peer to use as a time source because of discovery error. NtpClient will try again in 15 minutes and double the reattempt interval thereafter. The error was: The entry is not found. (0x800706E1)
Information,7/2/2018 9:20:54 AM,Microsoft-Windows-Kernel-Boot,32,None,The bootmgr spent 0 ms waiting for user input.
Information,7/2/2018 9:20:54 AM,Microsoft-Windows-Kernel-Boot,18,None,There are 0x1 boot options on this system.
Information,7/2/2018 9:20:54 AM,Microsoft-Windows-Kernel-Boot,27,(33),The boot type was 0x1.
Information,7/2/2018 9:20:54 AM,Microsoft-Windows-Kernel-Boot,25,(32),The boot menu policy was 0x1.
Information,7/2/2018 9:20:54 AM,Microsoft-Windows-Kernel-Boot,30,(21),The firmware reported boot metrics.
Information,7/2/2018 9:20:54 AM,MEIx64,2,None,Intel(R) Management Engine Interface driver has started successfully.
Warning,7/2/2018 9:20:54 AM,e1iexpress,27,None,"Intel(R) 82579LM Gigabit Network Connection
 Network link is disconnected.
"
Warning,7/2/2018 9:20:54 AM,Microsoft-Windows-DNS-Client,8015,(1028),"The system failed to register host (A or AAAA) resource records (RRs) for network adapter
with settings:

           Adapter Name : {65C3C2FA-78D8-4738-B192-88221FEAC2B5}
           Host Name : 45212MLIU-7
           Primary Domain Suffix : corp.premierinc.com
           DNS server list :
             	10.32.2.53, 10.75.200.141
           Sent update to server : <?>
           IP Address(es) :
             10.77.63.254

The reason the system could not register these RRs was because the update request it sent to the DNS server timed out. The most likely cause of this is that the DNS server authoritative for the name it was attempting to register or update is not running at this time.

You can manually retry DNS registration of the network adapter and its settings by typing 'ipconfig /registerdns' at the command prompt. If problems still persist, contact your DNS server or network systems administrator."
Information,7/2/2018 9:20:53 AM,Microsoft-Windows-Kernel-General,1,(5),"The system time has changed to ‎2018‎-‎07‎-‎02T15:20:53.500000000Z from ‎2018‎-‎06‎-‎30T00:50:06.887378000Z.

Change Reason: System time synchronized with the hardware clock."
Information,6/29/2018 6:50:06 PM,Microsoft-Windows-Kernel-Power,107,(102),The system has resumed from sleep.
Information,7/2/2018 9:20:53 AM,EventLog,6013,None,The system uptime is 243640 seconds.
Information,6/29/2018 6:50:06 PM,BROWSER,8033,None,The browser has forced an election on network \Device\NetBT_Tcpip_{16292CE8-F4C8-4D5F-AC01-46C988FCFA75} because a master browser was stopped.
Information,6/29/2018 6:50:06 PM,BROWSER,8033,None,The browser has forced an election on network \Device\NetBT_Tcpip_{CFAF5E97-E3D1-4F0F-B282-9B1C710A19FF} because a master browser was stopped.
Information,6/29/2018 6:50:03 PM,Microsoft-Windows-Kernel-Power,42,(64),"The system is entering sleep.

Sleep Reason: Application API"
Information,6/29/2018 6:49:58 PM,Microsoft-Windows-Kernel-General,1,(5),"The system time has changed to ‎2018‎-‎06‎-‎30T00:49:58.961000000Z from ‎2018‎-‎06‎-‎30T00:49:58.962011200Z.

Change Reason: An application or system component changed the time."
Information,6/29/2018 6:49:58 PM,Microsoft-Windows-Winlogon,7002,(1102),User Logoff Notification for Customer Experience Improvement Program
Information,6/29/2018 6:49:57 PM,BROWSER,8033,None,The browser has forced an election on network \Device\NetBT_Tcpip_{65C3C2FA-78D8-4738-B192-88221FEAC2B5} because a master browser was stopped.
Information,6/29/2018 6:49:56 PM,BROWSER,8033,None,The browser has forced an election on network \Device\NetBT_Tcpip_{70336238-9E29-46F3-BB7D-CE7E9C71C337} because a master browser was stopped.
Warning,6/29/2018 6:46:59 PM,User32,1073,None,The attempt by user CORP\mliu to restart/shutdown computer 45212MLIU-7 failed
Information,6/29/2018 6:45:52 PM,User32,1074,None,"The process C:\Windows\System32\RuntimeBroker.exe (45212MLIU-7) has initiated the power off of computer 45212MLIU-7 on behalf of user CORP\mliu for the following reason: Other (Unplanned)
 Reason Code: 0x0
 Shutdown Type: power off
 Comment: "
Information,6/29/2018 6:39:27 PM,Service Control Manager,7040,None,The start type of the Background Intelligent Transfer Service service was changed from auto start to demand start.
Information,6/29/2018 6:37:14 PM,Service Control Manager,7040,None,The start type of the Background Intelligent Transfer Service service was changed from demand start to auto start.
Information,6/29/2018 6:32:27 PM,Service Control Manager,7040,None,The start type of the Background Intelligent Transfer Service service was changed from auto start to demand start.
Information,6/29/2018 6:30:01 PM,Service Control Manager,7040,None,The start type of the Background Intelligent Transfer Service service was changed from demand start to auto start.
Information,6/29/2018 6:14:53 PM,Microsoft-Windows-GroupPolicy,1501,None,The Group Policy settings for the user were processed successfully. There were no changes detected since the last successful processing of Group Policy.
Information,6/29/2018 5:53:06 PM,Microsoft-Windows-Ntfs,98,None,Volume Windows (\Device\HarddiskVolumeShadowCopy20) is healthy.  No action is needed.
Information,6/29/2018 5:39:42 PM,Microsoft-Windows-GroupPolicy,1500,None,The Group Policy settings for the computer were processed successfully. There were no changes detected since the last successful processing of Group Policy.
Information,6/29/2018 5:39:37 PM,Service Control Manager,7040,None,The start type of the Background Intelligent Transfer Service service was changed from auto start to demand start.
Information,6/29/2018 5:37:14 PM,Service Control Manager,7040,None,The start type of the Background Intelligent Transfer Service service was changed from demand start to auto start.
Error,6/29/2018 5:22:13 PM,Service Control Manager,7000,None,"The Windows Defender Antivirus Service service failed to start due to the following error: 
Windows cannot verify the digital signature for this file. A recent hardware or software change might have installed a file that is signed incorrectly or damaged, or that might be malicious software from an unknown source."
Information,6/29/2018 4:39:26 PM,Service Control Manager,7040,None,The start type of the Background Intelligent Transfer Service service was changed from auto start to demand start.
Information,6/29/2018 4:37:13 PM,Service Control Manager,7040,None,The start type of the Background Intelligent Transfer Service service was changed from demand start to auto start.
Information,6/29/2018 4:27:25 PM,Service Control Manager,7040,None,The start type of the Background Intelligent Transfer Service service was changed from auto start to demand start.
Information,6/29/2018 4:25:01 PM,Service Control Manager,7040,None,The start type of the Background Intelligent Transfer Service service was changed from demand start to auto start.
Information,6/29/2018 4:24:46 PM,Microsoft-Windows-GroupPolicy,1501,None,The Group Policy settings for the user were processed successfully. There were no changes detected since the last successful processing of Group Policy.
Information,6/29/2018 3:53:16 PM,Microsoft-Windows-Ntfs,98,None,Volume Windows (\Device\HarddiskVolumeShadowCopy19) is healthy.  No action is needed.
Information,6/29/2018 3:44:44 PM,Microsoft-Windows-GroupPolicy,1500,None,The Group Policy settings for the computer were processed successfully. There were no changes detected since the last successful processing of Group Policy.
Information,6/29/2018 3:39:25 PM,Service Control Manager,7040,None,The start type of the Background Intelligent Transfer Service service was changed from auto start to demand start.
Information,6/29/2018 3:37:12 PM,Service Control Manager,7040,None,The start type of the Background Intelligent Transfer Service service was changed from demand start to auto start.
Information,6/29/2018 3:22:27 PM,Service Control Manager,7040,None,The start type of the Background Intelligent Transfer Service service was changed from auto start to demand start.
Information,6/29/2018 3:20:00 PM,Service Control Manager,7040,None,The start type of the Background Intelligent Transfer Service service was changed from demand start to auto start.
Information,6/29/2018 3:05:42 PM,Microsoft-Windows-Time-Service,158,None,The time provider 'VMICTimeProvider' has indicated that the current hardware and operating environment is not supported and has stopped. This behavior is expected for VMICTimeProvider on non-HyperV-guest environments. This may be the expected behavior for the current provider in the current operating environment as well.
Information,6/29/2018 3:05:42 PM,Microsoft-Windows-GroupPolicy,1502,None,The Group Policy settings for the computer were processed successfully. New settings from 17 Group Policy objects were detected and applied.
Information,6/29/2018 2:50:55 PM,Microsoft-Windows-Time-Service,35,None,The time service is now synchronizing the system time with the time source C2PICORPDC2.corp.premierinc.com (ntp.d|0.0.0.0:123->10.75.6.79:123).
Information,6/29/2018 2:50:55 PM,Microsoft-Windows-Time-Service,37,None,The time provider NtpClient is currently receiving valid time data from C2PICORPDC2.corp.premierinc.com (ntp.d|0.0.0.0:123->10.75.6.79:123).
Information,6/29/2018 2:50:54 PM,Microsoft-Windows-Time-Service,138,None,NtpClient succeeds in resolving domain peer C2PICORPDC2.corp.premierinc.com after a previous failure.
Information,6/29/2018 2:50:19 PM,Service Control Manager,7040,None,The start type of the Background Intelligent Transfer Service service was changed from auto start to demand start.
Information,6/29/2018 2:50:11 PM,Microsoft-Windows-Time-Service,158,None,The time provider 'VMICTimeProvider' has indicated that the current hardware and operating environment is not supported and has stopped. This behavior is expected for VMICTimeProvider on non-HyperV-guest environments. This may be the expected behavior for the current provider in the current operating environment as well.
Information,6/29/2018 2:49:00 PM,Microsoft-Windows-GroupPolicy,1500,None,The Group Policy settings for the computer were processed successfully. There were no changes detected since the last successful processing of Group Policy.
Information,6/29/2018 2:47:44 PM,Service Control Manager,7040,None,The start type of the Background Intelligent Transfer Service service was changed from demand start to auto start.
Information,6/29/2018 2:45:32 PM,Microsoft-Windows-UserModePowerService,22,(18),Reapply power settings upon completion of the provisioning engine's turn 5
Information,6/29/2018 2:45:13 PM,Microsoft-Windows-GroupPolicy,1501,None,The Group Policy settings for the user were processed successfully. There were no changes detected since the last successful processing of Group Policy.
Information,6/29/2018 2:45:01 PM,Service Control Manager,7040,None,The start type of the Background Intelligent Transfer Service service was changed from auto start to demand start.
Information,6/29/2018 2:44:55 PM,Microsoft-Windows-Kernel-General,16,None,The access history in hive \??\C:\ProgramData\Microsoft\Provisioning\Microsoft-Desktop-Provisioning-Sequence.dat was cleared updating 0 keys and creating 0 modified pages.
Information,6/29/2018 2:42:50 PM,Service Control Manager,7040,None,The start type of the Background Intelligent Transfer Service service was changed from demand start to auto start.
Information,6/29/2018 2:41:49 PM,Service Control Manager,7040,None,The start type of the Background Intelligent Transfer Service service was changed from auto start to demand start.
Information,6/29/2018 2:39:30 PM,Service Control Manager,7040,None,The start type of the Background Intelligent Transfer Service service was changed from demand start to auto start.
Information,6/29/2018 2:39:21 PM,Service Control Manager,7040,None,The start type of the Background Intelligent Transfer Service service was changed from auto start to demand start.
Warning,6/29/2018 2:38:47 PM,Microsoft-Windows-DNS-Client,1014,(1014),Name resolution for the name images-na.ssl-images-amazon.com timed out after none of the configured DNS servers responded.
Information,6/29/2018 2:36:07 PM,Service Control Manager,7040,None,The start type of the Background Intelligent Transfer Service service was changed from demand start to auto start.
Information,6/29/2018 2:36:04 PM,Microsoft-Windows-DNS-Client,8013,(1028),"The system failed to register pointer (PTR) resource records (RRs) for network adapter
with settings:

           Adapter Name : {65C3C2FA-78D8-4738-B192-88221FEAC2B5}
           Host Name : 45212MLIU-7
           Adapter-specific Domain Suffix : corp.premierinc.com
           DNS server list :
             	10.32.2.53, 10.75.200.141
           Sent update to server : 10.32.2.53:53
           IP Address :
             10.77.63.254

The reason that the system could not register these RRs was because of a security related problem. The cause of this could be (a) your computer does not have permissions to register and update the specific DNS domain name set for this adapter, or (b) there might have been a problem negotiating valid credentials with the DNS server during the processing of the update request.

You can manually retry DNS registration of the network adapter and its settings by typing 'ipconfig /registerdns' at the command prompt. If problems still persist, contact your DNS server or network systems administrator."
Error,6/29/2018 2:35:55 PM,Microsoft-Windows-GroupPolicy,1129,None,"The processing of Group Policy failed because of lack of network connectivity to a domain controller. This may be a transient condition. A success message would be generated once the machine gets connected to the domain controller and Group Policy has successfully processed. If you do not see a success message for several hours, then contact your administrator."
Warning,6/29/2018 2:35:54 PM,Microsoft-Windows-Time-Service,129,None,NtpClient was unable to set a domain peer to use as a time source because of discovery error. NtpClient will try again in 15 minutes and double the reattempt interval thereafter. The error was: The entry is not found. (0x800706E1)
Information,6/29/2018 2:34:06 PM,Service Control Manager,7040,None,The start type of the Background Intelligent Transfer Service service was changed from auto start to demand start.
Information,6/29/2018 2:34:02 PM,Microsoft-Windows-Kernel-General,16,None,The access history in hive \??\C:\Users\mliu\AppData\Local\Packages\1527c705-839a-4832-9118-54d4Bd6a0c89_cw5n1h2txyewy\Settings\settings.dat was cleared updating 3 keys and creating 1 modified pages.
Information,6/29/2018 2:33:59 PM,Microsoft-Windows-Kernel-General,16,None,The access history in hive \??\C:\Users\mliu\AppData\Local\Packages\CortanaListenUIApp_cw5n1h2txyewy\Settings\settings.dat was cleared updating 3 keys and creating 1 modified pages.
Information,6/29/2018 2:33:57 PM,Microsoft-Windows-Kernel-General,16,None,The access history in hive \??\C:\Users\mliu\AppData\Local\Packages\DesktopLearning_cw5n1h2txyewy\Settings\settings.dat was cleared updating 3 keys and creating 1 modified pages.
Information,6/29/2018 2:33:50 PM,Microsoft-Windows-Kernel-General,16,None,The access history in hive \??\C:\Users\mliu\AppData\Local\Packages\DesktopView_cw5n1h2txyewy\Settings\settings.dat was cleared updating 3 keys and creating 1 modified pages.
Information,6/29/2018 2:33:47 PM,Microsoft-Windows-Kernel-General,16,None,The access history in hive \??\C:\Users\mliu\AppData\Local\Packages\E2A4F912-2574-4A75-9BB0-0D023378592B_cw5n1h2txyewy\Settings\settings.dat was cleared updating 3 keys and creating 1 modified pages.
Information,6/29/2018 2:33:26 PM,Microsoft-Windows-Kernel-General,16,None,The access history in hive \??\C:\Users\mliu\AppData\Local\Packages\EnvironmentsApp_cw5n1h2txyewy\Settings\settings.dat was cleared updating 3 keys and creating 1 modified pages.
Information,6/29/2018 2:33:18 PM,Microsoft-Windows-Kernel-General,16,None,The access history in hive \??\C:\Users\mliu\AppData\Local\Packages\HoloShell_cw5n1h2txyewy\Settings\settings.dat was cleared updating 3 keys and creating 1 modified pages.
Information,6/29/2018 2:33:14 PM,Microsoft-Windows-Kernel-General,16,None,The access history in hive \??\C:\Users\mliu\AppData\Local\Packages\Microsoft.AccountsControl_cw5n1h2txyewy\Settings\settings.dat was cleared updating 3 keys and creating 1 modified pages.
Information,6/29/2018 2:33:12 PM,Microsoft-Windows-Kernel-General,16,None,The access history in hive \??\C:\Users\mliu\AppData\Local\Packages\Microsoft.Windows.HolographicFirstRun_cw5n1h2txyewy\Settings\settings.dat was cleared updating 3 keys and creating 1 modified pages.
