Information,6/4/2018 7:00:47 PM,Microsoft-Windows-Kernel-General,16,None,The access history in hive \??\C:\ProgramData\Microsoft\Windows\AppRepository\Packages\Microsoft.MSPaint_1.1702.28017.0_x64__8wekyb3d8bbwe\ActivationStore.dat was cleared updating 0 keys and creating 0 modified pages.
Information,6/4/2018 7:00:41 PM,Microsoft-Windows-Kernel-General,16,None,The access history in hive \??\C:\ProgramData\Microsoft\Windows\AppRepository\Packages\Microsoft.MicrosoftStickyNotes_1.4.101.0_x64__8wekyb3d8bbwe\ActivationStore.dat was cleared updating 0 keys and creating 0 modified pages.
Information,6/4/2018 7:00:37 PM,Microsoft-Windows-Kernel-General,16,None,The access history in hive \??\C:\ProgramData\Microsoft\Windows\AppRepository\Packages\Microsoft.MicrosoftSolitaireCollection_3.14.1181.0_x64__8wekyb3d8bbwe\ActivationStore.dat was cleared updating 0 keys and creating 0 modified pages.
Information,6/4/2018 7:00:19 PM,Microsoft-Windows-Kernel-General,16,None,The access history in hive \??\C:\ProgramData\Microsoft\Windows\AppRepository\Packages\Microsoft.MicrosoftOfficeHub_17.8010.5926.0_x64__8wekyb3d8bbwe\ActivationStore.dat was cleared updating 0 keys and creating 0 modified pages.
Information,6/4/2018 7:00:14 PM,Microsoft-Windows-Kernel-General,16,None,The access history in hive \??\C:\ProgramData\Microsoft\Windows\AppRepository\Packages\Microsoft.Microsoft3DViewer_1.1702.21039.0_x64__8wekyb3d8bbwe\ActivationStore.dat was cleared updating 0 keys and creating 0 modified pages.
Information,6/4/2018 7:00:11 PM,Microsoft-Windows-Kernel-General,16,None,The access history in hive \??\C:\ProgramData\Microsoft\Windows\AppRepository\Packages\Microsoft.Messaging_3.26.24002.0_x64__8wekyb3d8bbwe\ActivationStore.dat was cleared updating 0 keys and creating 0 modified pages.
Information,6/4/2018 7:00:08 PM,Microsoft-Windows-Kernel-General,16,None,The access history in hive \??\C:\ProgramData\Microsoft\Windows\AppRepository\Packages\Microsoft.Getstarted_4.5.6.0_x64__8wekyb3d8bbwe\ActivationStore.dat was cleared updating 0 keys and creating 0 modified pages.
Information,6/4/2018 7:00:03 PM,Microsoft-Windows-Kernel-General,16,None,The access history in hive \??\C:\ProgramData\Microsoft\Windows\AppRepository\Packages\Microsoft.DesktopAppInstaller_1.0.10252.0_x64__8wekyb3d8bbwe\ActivationStore.dat was cleared updating 0 keys and creating 0 modified pages.
Information,6/4/2018 6:59:59 PM,Microsoft-Windows-Kernel-General,16,None,The access history in hive \??\C:\ProgramData\Microsoft\Windows\AppRepository\Packages\Microsoft.BingWeather_4.18.56.0_x64__8wekyb3d8bbwe\ActivationStore.dat was cleared updating 0 keys and creating 0 modified pages.
Information,6/4/2018 6:59:53 PM,Microsoft-Windows-Kernel-General,16,None,The access history in hive \??\C:\ProgramData\Microsoft\Windows\AppRepository\Packages\Microsoft.Advertising.Xaml_10.0.1605.0_x86__8wekyb3d8bbwe\ActivationStore.dat was cleared updating 0 keys and creating 0 modified pages.
Information,6/4/2018 6:59:52 PM,Microsoft-Windows-Kernel-General,16,None,The access history in hive \??\C:\ProgramData\Microsoft\Windows\AppRepository\Packages\Microsoft.Advertising.Xaml_10.0.1605.0_x64__8wekyb3d8bbwe\ActivationStore.dat was cleared updating 0 keys and creating 0 modified pages.
Information,6/4/2018 6:59:50 PM,Microsoft-Windows-Kernel-General,16,None,The access history in hive \??\C:\ProgramData\Microsoft\Windows\AppRepository\Packages\Microsoft.3DBuilder_13.0.10349.0_x64__8wekyb3d8bbwe\ActivationStore.dat was cleared updating 0 keys and creating 0 modified pages.
Error,6/4/2018 6:59:42 PM,Service Control Manager,7030,None,"The Printer Extensions and Notifications service is marked as an interactive service.  However, the system is configured to not allow interactive services.  This service may not function properly."
Information,6/4/2018 6:59:42 PM,Service Control Manager,7045,None,"A service was installed in the system.

Service Name:  Printer Extensions and Notifications
Service File Name:  %SystemRoot%\system32\svchost.exe -k print
Service Type:  user mode service
Service Start Type:  demand start
Service Account:  LocalSystem"
Error,6/4/2018 6:59:37 PM,Service Control Manager,7024,None,"The Background Intelligent Transfer Service service terminated with the following service-specific error: 
Server execution failed"
Error,6/4/2018 6:59:37 PM,Microsoft-Windows-Bits-Client,16392,None,The BITS service failed to start.  Error 0x80080005.
Error,6/4/2018 6:59:33 PM,Microsoft-Windows-DistributedCOM,10010,None,The server {A47979D2-C419-11D9-A5B4-001185AD2B89} did not register with DCOM within the required timeout.
Error,6/4/2018 6:59:32 PM,Microsoft-Windows-DistributedCOM,10010,None,The server {4991D34B-80A1-4291-83B6-3328366B9097} did not register with DCOM within the required timeout.
Information,6/4/2018 6:59:26 PM,Microsoft-Windows-Kernel-General,16,None,The access history in hive \??\C:\ProgramData\Microsoft\Windows\AppRepository\Packages\Windows.PrintDialog_6.2.0.0_neutral_neutral_cw5n1h2txyewy\ActivationStore.dat was cleared updating 0 keys and creating 0 modified pages.
Information,6/4/2018 6:59:25 PM,Microsoft-Windows-Kernel-General,16,None,The access history in hive \??\C:\ProgramData\Microsoft\Windows\AppRepository\Packages\Windows.MiracastView_6.3.0.0_neutral_neutral_cw5n1h2txyewy\ActivationStore.dat was cleared updating 0 keys and creating 0 modified pages.
Information,6/4/2018 6:59:24 PM,Microsoft-Windows-Kernel-General,16,None,The access history in hive \??\C:\ProgramData\Microsoft\Windows\AppRepository\Packages\windows.immersivecontrolpanel_6.2.0.0_neutral_neutral_cw5n1h2txyewy\ActivationStore.dat was cleared updating 0 keys and creating 0 modified pages.
Information,6/4/2018 6:59:22 PM,Microsoft-Windows-Kernel-General,16,None,The access history in hive \??\C:\ProgramData\Microsoft\Windows\AppRepository\Packages\Windows.ContactSupport_10.0.15063.0_neutral_neutral_cw5n1h2txyewy\ActivationStore.dat was cleared updating 0 keys and creating 0 modified pages.
Information,6/4/2018 6:59:20 PM,Microsoft-Windows-Kernel-General,16,None,The access history in hive \??\C:\ProgramData\Microsoft\Windows\AppRepository\Packages\Microsoft.XboxGameCallableUI_1000.15063.0.0_neutral_neutral_cw5n1h2txyewy\ActivationStore.dat was cleared updating 0 keys and creating 0 modified pages.
Information,6/4/2018 6:59:19 PM,Microsoft-Windows-Kernel-General,16,None,The access history in hive \??\C:\ProgramData\Microsoft\Windows\AppRepository\Packages\Microsoft.Windows.WindowPicker_10.0.15063.332_neutral__cw5n1h2txyewy\ActivationStore.dat was cleared updating 0 keys and creating 0 modified pages.
Information,6/4/2018 6:59:18 PM,Microsoft-Windows-Kernel-General,16,None,The access history in hive \??\C:\ProgramData\Microsoft\Windows\AppRepository\Packages\Microsoft.Windows.ShellExperienceHost_10.0.15063.332_neutral_neutral_cw5n1h2txyewy\ActivationStore.dat was cleared updating 0 keys and creating 0 modified pages.
Information,6/4/2018 6:59:17 PM,Microsoft-Windows-Kernel-General,16,None,The access history in hive \??\C:\ProgramData\Microsoft\Windows\AppRepository\Packages\Microsoft.Windows.SecureAssessmentBrowser_10.0.15063.0_neutral_neutral_cw5n1h2txyewy\ActivationStore.dat was cleared updating 0 keys and creating 0 modified pages.
Information,6/4/2018 6:59:15 PM,Microsoft-Windows-Kernel-General,16,None,The access history in hive \??\C:\ProgramData\Microsoft\Windows\AppRepository\Packages\Microsoft.Windows.SecondaryTileExperience_10.0.0.0_neutral__cw5n1h2txyewy\ActivationStore.dat was cleared updating 0 keys and creating 0 modified pages.
Information,6/4/2018 6:59:14 PM,Microsoft-Windows-Kernel-General,16,None,The access history in hive \??\C:\ProgramData\Microsoft\Windows\AppRepository\Packages\Microsoft.Windows.SecHealthUI_10.0.15063.0_neutral__cw5n1h2txyewy\ActivationStore.dat was cleared updating 0 keys and creating 0 modified pages.
Information,6/4/2018 6:59:13 PM,Microsoft-Windows-Kernel-General,16,None,The access history in hive \??\C:\ProgramData\Microsoft\Windows\AppRepository\Packages\Microsoft.Windows.ParentalControls_1000.15063.0.0_neutral_neutral_cw5n1h2txyewy\ActivationStore.dat was cleared updating 0 keys and creating 0 modified pages.
Information,6/4/2018 6:59:12 PM,Microsoft-Windows-Kernel-General,16,None,The access history in hive \??\C:\ProgramData\Microsoft\Windows\AppRepository\Packages\Microsoft.Windows.OOBENetworkConnectionFlow_10.0.15063.0_neutral__cw5n1h2txyewy\ActivationStore.dat was cleared updating 0 keys and creating 0 modified pages.
Information,6/4/2018 6:59:11 PM,Microsoft-Windows-Kernel-General,16,None,The access history in hive \??\C:\ProgramData\Microsoft\Windows\AppRepository\Packages\Microsoft.Windows.OOBENetworkCaptivePortal_10.0.15063.0_neutral__cw5n1h2txyewy\ActivationStore.dat was cleared updating 0 keys and creating 0 modified pages.
Information,6/4/2018 6:59:09 PM,Microsoft-Windows-Kernel-General,16,None,The access history in hive \??\C:\ProgramData\Microsoft\Windows\AppRepository\Packages\Microsoft.Windows.ModalSharePickerHost_1000.15063.0.0_neutral_neutral_cw5n1h2txyewy\ActivationStore.dat was cleared updating 0 keys and creating 0 modified pages.
Information,6/4/2018 6:59:08 PM,Microsoft-Windows-Kernel-General,16,None,The access history in hive \??\C:\ProgramData\Microsoft\Windows\AppRepository\Packages\Microsoft.Windows.HolographicFirstRun_10.0.15063.0_neutral_neutral_cw5n1h2txyewy\ActivationStore.dat was cleared updating 0 keys and creating 0 modified pages.
Information,6/4/2018 6:59:06 PM,Microsoft-Windows-Kernel-General,16,None,The access history in hive \??\C:\ProgramData\Microsoft\Windows\AppRepository\Packages\Microsoft.Windows.Cortana_1.8.12.15063_neutral_neutral_cw5n1h2txyewy\ActivationStore.dat was cleared updating 0 keys and creating 0 modified pages.
Information,6/4/2018 6:59:04 PM,Microsoft-Windows-Kernel-General,16,None,The access history in hive \??\C:\ProgramData\Microsoft\Windows\AppRepository\Packages\Microsoft.Windows.ContentDeliveryManager_10.0.15063.0_neutral_neutral_cw5n1h2txyewy\ActivationStore.dat was cleared updating 0 keys and creating 0 modified pages.
Information,6/4/2018 6:59:03 PM,Microsoft-Windows-Kernel-General,16,None,The access history in hive \??\C:\ProgramData\Microsoft\Windows\AppRepository\Packages\Microsoft.Windows.CloudExperienceHost_10.0.15063.0_neutral_neutral_cw5n1h2txyewy\ActivationStore.dat was cleared updating 0 keys and creating 0 modified pages.
Information,6/4/2018 6:59:01 PM,Microsoft-Windows-Kernel-General,16,None,The access history in hive \??\C:\ProgramData\Microsoft\Windows\AppRepository\Packages\Microsoft.Windows.AssignedAccessLockApp_1000.15063.0.0_neutral_neutral_cw5n1h2txyewy\ActivationStore.dat was cleared updating 0 keys and creating 0 modified pages.
Information,6/4/2018 6:59:00 PM,Microsoft-Windows-Kernel-General,16,None,The access history in hive \??\C:\ProgramData\Microsoft\Windows\AppRepository\Packages\Microsoft.Windows.Apprep.ChxApp_1000.15063.0.0_neutral_neutral_cw5n1h2txyewy\ActivationStore.dat was cleared updating 0 keys and creating 0 modified pages.
Information,6/4/2018 6:58:58 PM,Microsoft-Windows-Kernel-General,16,None,The access history in hive \??\C:\ProgramData\Microsoft\Windows\AppRepository\Packages\Microsoft.PPIProjection_10.0.15063.0_neutral_neutral_cw5n1h2txyewy\ActivationStore.dat was cleared updating 0 keys and creating 0 modified pages.
Information,6/4/2018 6:58:56 PM,Microsoft-Windows-Kernel-General,16,None,The access history in hive \??\C:\ProgramData\Microsoft\Windows\AppRepository\Packages\Microsoft.MicrosoftEdge_40.15063.0.0_neutral__8wekyb3d8bbwe\ActivationStore.dat was cleared updating 0 keys and creating 0 modified pages.
Information,6/4/2018 6:58:55 PM,Microsoft-Windows-Kernel-General,16,None,The access history in hive \??\C:\ProgramData\Microsoft\Windows\AppRepository\Packages\Microsoft.LockApp_10.0.15063.0_neutral__cw5n1h2txyewy\ActivationStore.dat was cleared updating 0 keys and creating 0 modified pages.
Information,6/4/2018 6:58:53 PM,Microsoft-Windows-Kernel-General,16,None,The access history in hive \??\C:\ProgramData\Microsoft\Windows\AppRepository\Packages\Microsoft.CredDialogHost_10.0.15063.0_neutral__cw5n1h2txyewy\ActivationStore.dat was cleared updating 0 keys and creating 0 modified pages.
Information,6/4/2018 6:58:52 PM,Microsoft-Windows-Kernel-General,16,None,The access history in hive \??\C:\ProgramData\Microsoft\Windows\AppRepository\Packages\Microsoft.BioEnrollment_10.0.15063.0_neutral__cw5n1h2txyewy\ActivationStore.dat was cleared updating 0 keys and creating 0 modified pages.
Information,6/4/2018 6:58:50 PM,Microsoft-Windows-Kernel-General,16,None,The access history in hive \??\C:\ProgramData\Microsoft\Windows\AppRepository\Packages\Microsoft.AccountsControl_10.0.15063.447_neutral__cw5n1h2txyewy\ActivationStore.dat was cleared updating 0 keys and creating 0 modified pages.
Information,6/4/2018 6:58:49 PM,Microsoft-Windows-Kernel-General,16,None,The access history in hive \??\C:\ProgramData\Microsoft\Windows\AppRepository\Packages\Microsoft.AAD.BrokerPlugin_1000.15063.0.0_neutral_neutral_cw5n1h2txyewy\ActivationStore.dat was cleared updating 0 keys and creating 0 modified pages.
Information,6/4/2018 6:58:47 PM,Microsoft-Windows-Kernel-General,16,None,The access history in hive \??\C:\ProgramData\Microsoft\Windows\AppRepository\Packages\HoloShell_10.0.15063.0_neutral__cw5n1h2txyewy\ActivationStore.dat was cleared updating 0 keys and creating 0 modified pages.
Information,6/4/2018 6:58:46 PM,Microsoft-Windows-Kernel-General,16,None,The access history in hive \??\C:\ProgramData\Microsoft\Windows\AppRepository\Packages\HoloItemPlayerApp_1.0.0.2_neutral__cw5n1h2txyewy\ActivationStore.dat was cleared updating 0 keys and creating 0 modified pages.
Information,6/4/2018 6:58:44 PM,Microsoft-Windows-Kernel-General,16,None,The access history in hive \??\C:\ProgramData\Microsoft\Windows\AppRepository\Packages\HoloCamera_1.0.0.5_neutral__cw5n1h2txyewy\ActivationStore.dat was cleared updating 0 keys and creating 0 modified pages.
Information,6/4/2018 6:58:43 PM,Microsoft-Windows-Kernel-General,16,None,The access history in hive \??\C:\ProgramData\Microsoft\Windows\AppRepository\Packages\EnvironmentsApp_10.0.15063.0_neutral__cw5n1h2txyewy\ActivationStore.dat was cleared updating 0 keys and creating 0 modified pages.
Information,6/4/2018 6:58:41 PM,Microsoft-Windows-Kernel-General,16,None,The access history in hive \??\C:\ProgramData\Microsoft\Windows\AppRepository\Packages\E2A4F912-2574-4A75-9BB0-0D023378592B_10.0.15063.332_neutral_neutral_cw5n1h2txyewy\ActivationStore.dat was cleared updating 0 keys and creating 0 modified pages.
Information,6/4/2018 6:58:39 PM,Microsoft-Windows-Kernel-General,16,None,The access history in hive \??\C:\ProgramData\Microsoft\Windows\AppRepository\Packages\DesktopView_1000.15063.0.0_neutral_neutral_cw5n1h2txyewy\ActivationStore.dat was cleared updating 0 keys and creating 0 modified pages.
Information,6/4/2018 6:58:38 PM,Microsoft-Windows-Kernel-General,16,None,The access history in hive \??\C:\ProgramData\Microsoft\Windows\AppRepository\Packages\DesktopLearning_1000.15063.0.0_neutral__cw5n1h2txyewy\ActivationStore.dat was cleared updating 0 keys and creating 0 modified pages.
Information,6/4/2018 6:58:37 PM,Microsoft-Windows-Kernel-General,16,None,The access history in hive \??\C:\ProgramData\Microsoft\Windows\AppRepository\Packages\CortanaListenUIApp_10.0.15063.0_neutral__cw5n1h2txyewy\ActivationStore.dat was cleared updating 0 keys and creating 0 modified pages.
Information,6/4/2018 6:58:35 PM,Microsoft-Windows-Kernel-General,16,None,The access history in hive \??\C:\ProgramData\Microsoft\Windows\AppRepository\Packages\c5e2524a-ea46-4f67-841f-6a9465d9d515_10.0.15063.0_neutral_neutral_cw5n1h2txyewy\ActivationStore.dat was cleared updating 0 keys and creating 0 modified pages.
Information,6/4/2018 6:58:34 PM,Microsoft-Windows-Kernel-General,16,None,The access history in hive \??\C:\ProgramData\Microsoft\Windows\AppRepository\Packages\1527c705-839a-4832-9118-54d4Bd6a0c89_10.0.15063.447_neutral_neutral_cw5n1h2txyewy\ActivationStore.dat was cleared updating 0 keys and creating 0 modified pages.
Information,6/4/2018 6:58:28 PM,Microsoft-Windows-UserPnp,20001,(7005),Driver Management concluded the process to install driver netvwifimp.inf_amd64_356b66ad47b23393\netvwifimp.inf for Device Instance ID {5D624F94-8850-40C3-A3FA-A4FD2080BAF3}\VWIFIMP_WFD\5&2E8ECAEB&0&11 with the following status: 0x0.
Information,6/4/2018 6:58:27 PM,Service Control Manager,7045,None,"A service was installed in the system.

Service Name:  Virtual WiFi Miniport Service
Service File Name:  \SystemRoot\System32\drivers\vwifimp.sys
Service Type:  kernel mode driver
Service Start Type:  demand start
Service Account:  "
Information,6/4/2018 6:58:27 PM,Microsoft-Windows-UserPnp,20001,(7005),Driver Management concluded the process to install driver ibmpmdrv.inf_amd64_2d2a75f18623f269\ibmpmdrv.inf for Device Instance ID ACPI\LEN0068\5&2890D699&0 with the following status: 0x0.
Information,6/4/2018 6:58:27 PM,NETwNe64,7036,None,The \Device\NDMP8 service entered the Intel(R) Centrino(R) Advanced-N 6205 state.
Information,6/4/2018 6:58:26 PM,Microsoft-Windows-UserPnp,20003,(7005),Driver Management has concluded the process to add Service LPlatSvc for Device Instance ID ACPI\LEN0068\5&2890D699&0 with the following status: 0.
Information,6/4/2018 6:58:26 PM,Service Control Manager,7045,None,"A service was installed in the system.

Service Name:  Lenovo Platform Service
Service File Name:  %SystemRoot%\system32\LPlatSvc.exe
Service Type:  user mode service
Service Start Type:  auto start
Service Account:  LocalSystem"
Information,6/4/2018 6:58:26 PM,Microsoft-Windows-UserPnp,20003,(7005),Driver Management has concluded the process to add Service IBMPMSVC for Device Instance ID ACPI\LEN0068\5&2890D699&0 with the following status: 0.
Information,6/4/2018 6:58:26 PM,Service Control Manager,7045,None,"A service was installed in the system.

Service Name:  Lenovo PM Service
Service File Name:  %SystemRoot%\system32\ibmpmsvc.exe
Service Type:  user mode service
Service Start Type:  auto start
Service Account:  LocalSystem"
Information,6/4/2018 6:58:26 PM,Microsoft-Windows-UserPnp,20003,(7005),Driver Management has concluded the process to add Service IBMPMDRV for Device Instance ID ACPI\LEN0068\5&2890D699&0 with the following status: 0.
Information,6/4/2018 6:58:26 PM,Service Control Manager,7045,None,"A service was installed in the system.

Service Name:  VMware Bridge Protocol
Service File Name:  \SystemRoot\system32\DRIVERS\vmnetbridge.sys
Service Type:  kernel mode driver
Service Start Type:  auto start
Service Account:  "
Information,6/4/2018 6:58:26 PM,Service Control Manager,7045,None,"A service was installed in the system.

Service Name:  IBMPMDRV
Service File Name:  \SystemRoot\system32\DRIVERS\ibmpmdrv.sys
Service Type:  kernel mode driver
Service Start Type:  demand start
Service Account:  "
Information,6/4/2018 6:58:26 PM,Microsoft-Windows-UserPnp,20001,(7005),Driver Management concluded the process to install driver netwew01.inf_amd64_84bf249d7c59a58c\netwew01.inf for Device Instance ID PCI\VEN_8086&DEV_0085&SUBSYS_13118086&REV_34\4&1BB24B1B&0&00E1 with the following status: 0x0.
Information,6/4/2018 6:58:26 PM,Service Control Manager,7045,None,"A service was installed in the system.

Service Name:  ___ Intel(R) Wireless WiFi Link 5000 Series Adapter Driver for Windows 8 - 64 Bit
Service File Name:  \SystemRoot\System32\drivers\NETwew01.sys
Service Type:  kernel mode driver
Service Start Type:  demand start
Service Account:  "
Information,6/4/2018 6:58:26 PM,Microsoft-Windows-UserPnp,20001,(7005),Driver Management concluded the process to install driver risdxc.inf_amd64_98ccc2022053a316\risdxc.inf for Device Instance ID PCI\VEN_1180&DEV_E823&SUBSYS_21F317AA&REV_04\4&1445B9DA&0&00E0 with the following status: 0x0.
Information,6/4/2018 6:58:26 PM,Microsoft-Windows-UserPnp,20003,(7005),Driver Management has concluded the process to add Service risdxc for Device Instance ID PCI\VEN_1180&DEV_E823&SUBSYS_21F317AA&REV_04\4&1445B9DA&0&00E0 with the following status: 0.
Information,6/4/2018 6:58:26 PM,Service Control Manager,7045,None,"A service was installed in the system.

Service Name:  risdxc
Service File Name:  \SystemRoot\system32\DRIVERS\risdxc64.sys
Service Type:  kernel mode driver
Service Start Type:  auto start
Service Account:  "
Information,6/4/2018 6:58:25 PM,Microsoft-Windows-UserPnp,20001,(7005),Driver Management concluded the process to install driver intcdaud.inf_amd64_e094d70d4df6855c\intcdaud.inf for Device Instance ID HDAUDIO\FUNC_01&VEN_8086&DEV_2806&SUBSYS_80860101&REV_1000\4&1FBFFC2&0&0301 with the following status: 0x0.
Information,6/4/2018 6:58:25 PM,Microsoft-Windows-UserPnp,20003,(7005),Driver Management has concluded the process to add Service IntcDAud for Device Instance ID HDAUDIO\FUNC_01&VEN_8086&DEV_2806&SUBSYS_80860101&REV_1000\4&1FBFFC2&0&0301 with the following status: 0.
Information,6/4/2018 6:58:25 PM,Service Control Manager,7045,None,"A service was installed in the system.

Service Name:  Intel(R) Display Audio
Service File Name:  \SystemRoot\system32\DRIVERS\IntcDAud.sys
Service Type:  kernel mode driver
Service Start Type:  demand start
Service Account:  "
Information,6/4/2018 6:58:24 PM,Microsoft-Windows-UserPnp,20001,(7005),Driver Management concluded the process to install driver synpd.inf_amd64_8632625ceae9dd32\synpd.inf for Device Instance ID ACPI\LEN0015\4&9CC4A9A&0 with the following status: 0x0.
Information,6/4/2018 6:58:23 PM,Microsoft-Windows-UserPnp,20003,(7005),Driver Management has concluded the process to add Service i8042prt for Device Instance ID ACPI\LEN0015\4&9CC4A9A&0 with the following status: 0.
Information,6/4/2018 6:58:23 PM,Microsoft-Windows-UserPnp,20003,(7005),Driver Management has concluded the process to add Service mouclass for Device Instance ID ACPI\LEN0015\4&9CC4A9A&0 with the following status: 0.
Information,6/4/2018 6:58:23 PM,Microsoft-Windows-UserPnp,20003,(7005),Driver Management has concluded the process to add Service SynTP for Device Instance ID ACPI\LEN0015\4&9CC4A9A&0 with the following status: 0.
Information,6/4/2018 6:58:23 PM,Service Control Manager,7045,None,"A service was installed in the system.

Service Name:  Synaptics TouchPad Driver
Service File Name:  \SystemRoot\system32\DRIVERS\SynTP.sys
Service Type:  kernel mode driver
Service Start Type:  demand start
Service Account:  "
Warning,6/4/2018 6:58:20 PM,Microsoft-Windows-DNS-Client,8019,(1028),"The system failed to register host (A or AAAA) resource records (RRs) for network adapter
with settings:

           Adapter Name : {D8E1E31A-6CDC-4DF9-A781-06398854202A}
           Host Name : 45212MLIU-7
           Primary Domain Suffix : corp.premierinc.com
           DNS server list :
             	206.71.92.6, 206.71.92.5
           Sent update to server : 10.32.2.53:53
           IP Address(es) :
             206.71.92.121

The reason the system could not register these RRs was because of a security related problem. The cause of this could be (a) your computer does not have permissions to register and update the specific DNS domain name set for this adapter, or (b) there might have been a problem negotiating valid credentials with the DNS server during the processing of the update request.

You can manually retry DNS registration of the network adapter and its settings by typing 'ipconfig /registerdns' at the command prompt. If problems still persist, contact your DNS server or network systems administrator. See event details for specific error code information."
Information,6/4/2018 6:58:14 PM,e1iexpress,32,None,"Intel(R) 82579LM Gigabit Network Connection
 Network link has been established at 1Gbps full duplex.
"
Warning,6/4/2018 6:58:14 PM,Microsoft-Windows-Time-Service,134,None,"NtpClient was unable to set a manual peer to use as a time source because of DNS resolution error on 'time.windows.com,0x9'. NtpClient will try again in 15 minutes and double the reattempt interval thereafter. The error was: No such host is known. (0x80072AF9)"
Information,6/4/2018 6:58:13 PM,Microsoft-Windows-UserPnp,20001,(7005),Driver Management concluded the process to install driver pantherpointsystem.inf_amd64_0b68c2beb293c8fa\pantherpointsystem.inf for Device Instance ID PCI\VEN_8086&DEV_1E12&SUBSYS_21F317AA&REV_C4\3&E89B380&0&E1 with the following status: 0x0.
Information,6/4/2018 6:58:13 PM,Microsoft-Windows-UserPnp,20001,(7005),Driver Management concluded the process to install driver pantherpointsystem.inf_amd64_0b68c2beb293c8fa\pantherpointsystem.inf for Device Instance ID PCI\VEN_8086&DEV_1E14&SUBSYS_21F317AA&REV_C4\3&E89B380&0&E2 with the following status: 0x0.
Information,6/4/2018 6:58:12 PM,Microsoft-Windows-UserPnp,20001,(7005),Driver Management concluded the process to install driver display.inf_amd64_d2be6fd24d698e35\display.inf for Device Instance ID PCI\VEN_8086&DEV_0166&SUBSYS_21F317AA&REV_09\3&E89B380&0&10 with the following status: 0x0.
Information,6/4/2018 6:58:12 PM,Microsoft-Windows-UserPnp,20003,(7005),Driver Management has concluded the process to add Service BasicDisplay for Device Instance ID PCI\VEN_8086&DEV_0166&SUBSYS_21F317AA&REV_09\3&E89B380&0&10 with the following status: 0.
Information,6/4/2018 6:58:10 PM,Microsoft-Windows-UserPnp,20001,(7005),Driver Management concluded the process to install driver net1ic64.inf_amd64_5d49cc27a6d05e5c\net1ic64.inf for Device Instance ID PCI\VEN_8086&DEV_1502&SUBSYS_21F317AA&REV_04\3&E89B380&0&C8 with the following status: 0x0.
Information,6/4/2018 6:58:10 PM,Service Control Manager,7045,None,"A service was installed in the system.

Service Name:  Intel(R) PRO/1000 PCI Express Network Connection Driver I
Service File Name:  \SystemRoot\System32\drivers\e1i63x64.sys
Service Type:  kernel mode driver
Service Start Type:  demand start
Service Account:  "
Information,6/4/2018 6:58:10 PM,Microsoft-Windows-UserPnp,20001,(7005),Driver Management concluded the process to install driver synsmbdrv.inf_amd64_525e6edc6d178ec4\synsmbdrv.inf for Device Instance ID PCI\VEN_8086&DEV_1E22&SUBSYS_21F317AA&REV_04\3&E89B380&0&FB with the following status: 0x0.
Information,6/4/2018 6:58:10 PM,Microsoft-Windows-UserPnp,20003,(7005),Driver Management has concluded the process to add Service SmbDrvI for Device Instance ID PCI\VEN_8086&DEV_1E22&SUBSYS_21F317AA&REV_04\3&E89B380&0&FB with the following status: 0.
Information,6/4/2018 6:58:10 PM,Service Control Manager,7045,None,"A service was installed in the system.

Service Name:  SmbDrvI
Service File Name:  \SystemRoot\system32\DRIVERS\Smb_driver_Intel.sys
Service Type:  kernel mode driver
Service Start Type:  demand start
Service Account:  "
Information,6/4/2018 6:58:09 PM,Microsoft-Windows-UserPnp,20001,(7005),Driver Management concluded the process to install driver heci.inf_amd64_57b83bc7853377bf\heci.inf for Device Instance ID PCI\VEN_8086&DEV_1E3A&SUBSYS_21F317AA&REV_04\3&E89B380&0&B0 with the following status: 0x0.
Information,6/4/2018 6:58:09 PM,MEIx64,2,None,Intel(R) Management Engine Interface driver has started successfully.
Information,6/4/2018 6:58:09 PM,Microsoft-Windows-UserPnp,20003,(7005),Driver Management has concluded the process to add Service MEIx64 for Device Instance ID PCI\VEN_8086&DEV_1E3A&SUBSYS_21F317AA&REV_04\3&E89B380&0&B0 with the following status: 0.
Information,6/4/2018 6:58:09 PM,Service Control Manager,7045,None,"A service was installed in the system.

Service Name:  Intel(R) Management Engine Interface 
Service File Name:  \SystemRoot\system32\DRIVERS\TeeDriverx64.sys
Service Type:  kernel mode driver
Service Start Type:  demand start
Service Account:  "
Information,6/4/2018 6:58:08 PM,Microsoft-Windows-UserPnp,20001,(7005),Driver Management concluded the process to install driver pantherpointsystem.inf_amd64_0b68c2beb293c8fa\pantherpointsystem.inf for Device Instance ID PCI\VEN_8086&DEV_1E55&SUBSYS_21F317AA&REV_04\3&E89B380&0&F8 with the following status: 0x0.
Information,6/4/2018 6:58:08 PM,Microsoft-Windows-Kernel-Power,521,(220),Active battery count change.
Information,6/4/2018 6:58:08 PM,Microsoft-Windows-Kernel-Power,521,(220),Active battery count change.
Information,6/4/2018 6:58:07 PM,Microsoft-Windows-UserPnp,20001,(7005),Driver Management concluded the process to install driver wdmaudio.inf_amd64_f164c3f2eb92e100\wdmaudio.inf for Device Instance ID SW\{EEC12DB6-AD9C-4168-8658-B03DAEF417FE}\{ABD61E00-9350-47E2-A632-4438B90C6641} with the following status: 0x0.
Information,6/4/2018 6:58:07 PM,Microsoft-Windows-UserPnp,20003,(7005),Driver Management has concluded the process to add Service drmkaud for Device Instance ID SW\{EEC12DB6-AD9C-4168-8658-B03DAEF417FE}\{ABD61E00-9350-47E2-A632-4438B90C6641} with the following status: 0.
Information,6/4/2018 6:58:07 PM,Service Control Manager,7045,None,"A service was installed in the system.

Service Name:  Microsoft Trusted Audio Drivers
Service File Name:  \SystemRoot\system32\DRIVERS\drmkaud.sys
Service Type:  kernel mode driver
Service Start Type:  demand start
Service Account:  "
Information,6/4/2018 6:58:07 PM,Microsoft-Windows-UserPnp,20001,(7005),Driver Management concluded the process to install driver ksfilter.inf_amd64_08c08773131a73d4\ksfilter.inf for Device Instance ID SW\{CFD669F1-9BC2-11D0-8299-0000F822FE8A}\{0A4252A0-7E70-11D0-A5D6-28DB04C10000} with the following status: 0x0.
Information,6/4/2018 6:58:07 PM,Microsoft-Windows-UserPnp,20003,(7005),Driver Management has concluded the process to add Service MSTEE for Device Instance ID SW\{CFD669F1-9BC2-11D0-8299-0000F822FE8A}\{0A4252A0-7E70-11D0-A5D6-28DB04C10000} with the following status: 0.
Information,6/4/2018 6:58:07 PM,Microsoft-Windows-UserPnp,20001,(7005),Driver Management concluded the process to install driver ksfilter.inf_amd64_08c08773131a73d4\ksfilter.inf for Device Instance ID SW\{CFD669F1-9BC2-11D0-8299-0000F822FE8A}\{CF1DDA2C-9743-11D0-A3EE-00A0C9223196} with the following status: 0x0.
Information,6/4/2018 6:58:06 PM,Microsoft-Windows-UserPnp,20003,(7005),Driver Management has concluded the process to add Service MSTEE for Device Instance ID SW\{CFD669F1-9BC2-11D0-8299-0000F822FE8A}\{CF1DDA2C-9743-11D0-A3EE-00A0C9223196} with the following status: 0.
Information,6/4/2018 6:58:06 PM,Service Control Manager,7045,None,"A service was installed in the system.

Service Name:  Microsoft Streaming Tee/Sink-to-Sink Converter
Service File Name:  \SystemRoot\system32\DRIVERS\MSTEE.sys
Service Type:  kernel mode driver
Service Start Type:  demand start
Service Account:  "
Information,6/4/2018 6:58:06 PM,Microsoft-Windows-UserPnp,20001,(7005),Driver Management concluded the process to install driver ksfilter.inf_amd64_08c08773131a73d4\ksfilter.inf for Device Instance ID SW\{96E080C7-143C-11D1-B40F-00A0C9223196}\{3C0D501A-140B-11D1-B40F-00A0C9223196} with the following status: 0x0.
Information,6/4/2018 6:58:06 PM,Microsoft-Windows-UserPnp,20003,(7005),Driver Management has concluded the process to add Service MSKSSRV for Device Instance ID SW\{96E080C7-143C-11D1-B40F-00A0C9223196}\{3C0D501A-140B-11D1-B40F-00A0C9223196} with the following status: 0.
Information,6/4/2018 6:58:06 PM,Service Control Manager,7045,None,"A service was installed in the system.

Service Name:  Microsoft Streaming Service Proxy
Service File Name:  \SystemRoot\system32\DRIVERS\MSKSSRV.sys
Service Type:  kernel mode driver
Service Start Type:  demand start
Service Account:  "
Information,6/4/2018 6:58:06 PM,Microsoft-Windows-UserPnp,20001,(7005),Driver Management concluded the process to install driver ksfilter.inf_amd64_08c08773131a73d4\ksfilter.inf for Device Instance ID SW\{97EBAACC-95BD-11D0-A3EA-00A0C9223196}\{53172480-4791-11D0-A5D6-28DB04C10000} with the following status: 0x0.
Information,6/4/2018 6:58:06 PM,Microsoft-Windows-UserPnp,20003,(7005),Driver Management has concluded the process to add Service MSPCLOCK for Device Instance ID SW\{97EBAACC-95BD-11D0-A3EA-00A0C9223196}\{53172480-4791-11D0-A5D6-28DB04C10000} with the following status: 0.
Information,6/4/2018 6:58:06 PM,Service Control Manager,7045,None,"A service was installed in the system.

Service Name:  Microsoft Streaming Clock Proxy
Service File Name:  \SystemRoot\system32\DRIVERS\MSPCLOCK.sys
Service Type:  kernel mode driver
Service Start Type:  demand start
Service Account:  "
Information,6/4/2018 6:58:05 PM,Microsoft-Windows-UserPnp,20001,(7005),Driver Management concluded the process to install driver ksfilter.inf_amd64_08c08773131a73d4\ksfilter.inf for Device Instance ID SW\{DDF4358E-BB2C-11D0-A42F-00A0C9223196}\{97EBAACB-95BD-11D0-A3EA-00A0C9223196} with the following status: 0x0.
Information,6/4/2018 6:58:05 PM,Microsoft-Windows-UserPnp,20003,(7005),Driver Management has concluded the process to add Service MSPQM for Device Instance ID SW\{DDF4358E-BB2C-11D0-A42F-00A0C9223196}\{97EBAACB-95BD-11D0-A3EA-00A0C9223196} with the following status: 0.
Information,6/4/2018 6:58:05 PM,Service Control Manager,7045,None,"A service was installed in the system.

Service Name:  Microsoft Streaming Quality Manager Proxy
Service File Name:  \SystemRoot\system32\DRIVERS\MSPQM.sys
Service Type:  kernel mode driver
Service Start Type:  demand start
Service Account:  "
Information,6/4/2018 6:58:05 PM,Microsoft-Windows-UserPnp,20001,(7005),Driver Management concluded the process to install driver mesrl.inf_amd64_2ce780dbc15b08d0\mesrl.inf for Device Instance ID PCI\VEN_8086&DEV_1E3D&SUBSYS_21F317AA&REV_04\3&E89B380&0&B3 with the following status: 0x0.
Information,6/4/2018 6:58:05 PM,Microsoft-Windows-UserPnp,20003,(7005),Driver Management has concluded the process to add Service Serenum for Device Instance ID PCI\VEN_8086&DEV_1E3D&SUBSYS_21F317AA&REV_04\3&E89B380&0&B3 with the following status: 0.
Information,6/4/2018 6:58:05 PM,Microsoft-Windows-UserPnp,20003,(7005),Driver Management has concluded the process to add Service Serial for Device Instance ID PCI\VEN_8086&DEV_1E3D&SUBSYS_21F317AA&REV_04\3&E89B380&0&B3 with the following status: 0.
Information,6/4/2018 6:58:05 PM,Service Control Manager,7040,None,The start type of the Serial port driver service was changed from demand start to system start.
Warning,6/4/2018 6:58:05 PM,Microsoft-Windows-Time-Service,134,None,"NtpClient was unable to set a manual peer to use as a time source because of DNS resolution error on 'time.windows.com,0x9'. NtpClient will try again in 15 minutes and double the reattempt interval thereafter. The error was: No such host is known. (0x80072AF9)"
Error,6/4/2018 6:58:04 PM,Microsoft-Windows-NDIS,10317,PnP,"Miniport VMware Virtual Ethernet Adapter for VMnet8, {73F299D3-BF78-4022-A6DA-62265215E72E}, had event Network Interface deleted while PNP Device still exists. Note that this event is provided for informational purpose and might not be an error always (Eg: In case of vSwitch which was recently un-installed or a LBFO team was removed)"
Information,6/4/2018 6:58:04 PM,Microsoft-Windows-UserPnp,20001,(7005),Driver Management concluded the process to install driver vmci.inf_amd64_13eea5ec01948d3b\vmci.inf for Device Instance ID ROOT\VMWVMCIHOSTDEV\0000 with the following status: 0x0.
Information,6/4/2018 6:58:04 PM,Service Control Manager,7045,None,"A service was installed in the system.

Service Name:  VMware VMCI Bus Driver
Service File Name:  System32\drivers\vmci.sys
Service Type:  kernel mode driver
Service Start Type:  boot start
Service Account:  "
Information,6/4/2018 6:58:04 PM,Microsoft-Windows-UserPnp,20001,(7005),Driver Management concluded the process to install driver netadapter.inf_amd64_0d5a77613357ec4d\netadapter.inf for Device Instance ID ROOT\VMWARE\0001 with the following status: 0x0.
Information,6/4/2018 6:58:04 PM,Microsoft-Windows-UserPnp,20003,(7005),Driver Management has concluded the process to add Service VMnetAdapter for Device Instance ID ROOT\VMWARE\0001 with the following status: 0.
Information,6/4/2018 6:58:04 PM,Microsoft-Windows-UserPnp,20001,(7005),Driver Management concluded the process to install driver hdxlvj.inf_amd64_b89e3fdad3d35768\hdxlvj.inf for Device Instance ID HDAUDIO\FUNC_01&VEN_10EC&DEV_0269&SUBSYS_17AA21F3&REV_1002\4&1FBFFC2&0&0001 with the following status: 0x0.
Information,6/4/2018 6:58:02 PM,Microsoft-Windows-UserPnp,20003,(7005),Driver Management has concluded the process to add Service IntcAzAudAddService for Device Instance ID HDAUDIO\FUNC_01&VEN_10EC&DEV_0269&SUBSYS_17AA21F3&REV_1002\4&1FBFFC2&0&0001 with the following status: 0.
Information,6/4/2018 6:58:02 PM,Service Control Manager,7045,None,"A service was installed in the system.

Service Name:  Service for Realtek HD Audio (WDM)
Service File Name:  \SystemRoot\system32\drivers\RTKVHD64.sys
Service Type:  kernel mode driver
Service Start Type:  demand start
Service Account:  "
Warning,6/4/2018 6:57:59 PM,Microsoft-Windows-Time-Service,134,None,"NtpClient was unable to set a manual peer to use as a time source because of DNS resolution error on 'time.windows.com,0x9'. NtpClient will try again in 15 minutes and double the reattempt interval thereafter. The error was: No such host is known. (0x80072AF9)"
Warning,6/4/2018 6:57:51 PM,Microsoft-Windows-Time-Service,134,None,"NtpClient was unable to set a manual peer to use as a time source because of DNS resolution error on 'time.windows.com,0x9'. NtpClient will try again in 15 minutes and double the reattempt interval thereafter. The error was: No such host is known. (0x80072AF9)"
Information,6/4/2018 6:57:49 PM,VMnetAdapter,36,None,() Starting up the Adapter Driver for VMware Virtual Networks.
Error,6/4/2018 6:57:49 PM,Microsoft-Windows-NDIS,10317,PnP,"Miniport VMware Virtual Ethernet Adapter for VMnet1, {B3F49C85-A963-4279-8FAB-79D5DB1DA5F2}, had event Network Interface deleted while PNP Device still exists. Note that this event is provided for informational purpose and might not be an error always (Eg: In case of vSwitch which was recently un-installed or a LBFO team was removed)"
Warning,6/4/2018 6:57:49 PM,Microsoft-Windows-Time-Service,134,None,"NtpClient was unable to set a manual peer to use as a time source because of DNS resolution error on 'time.windows.com,0x9'. NtpClient will try again in 15 minutes and double the reattempt interval thereafter. The error was: No such host is known. (0x80072AF9)"
Information,6/4/2018 6:57:49 PM,VMnetAdapter,36,None,() Starting up the Adapter Driver for VMware Virtual Networks.
Information,6/4/2018 6:57:49 PM,Microsoft-Windows-UserPnp,20001,(7005),Driver Management concluded the process to install driver netadapter.inf_amd64_0d5a77613357ec4d\netadapter.inf for Device Instance ID ROOT\VMWARE\0000 with the following status: 0x0.
Information,6/4/2018 6:57:49 PM,VMnetAdapter,36,None,() Starting up the Adapter Driver for VMware Virtual Networks.
Information,6/4/2018 6:57:49 PM,Microsoft-Windows-UserPnp,20003,(7005),Driver Management has concluded the process to add Service VMnetAdapter for Device Instance ID ROOT\VMWARE\0000 with the following status: 0.
Information,6/4/2018 6:57:49 PM,Service Control Manager,7045,None,"A service was installed in the system.

Service Name:  VMware Virtual Ethernet Adapter Driver
Service File Name:  \SystemRoot\system32\DRIVERS\vmnetadapter.sys
Service Type:  kernel mode driver
Service Start Type:  demand start
Service Account:  "
Information,6/4/2018 6:57:48 PM,Microsoft-Windows-UserPnp,20001,(7005),Driver Management concluded the process to install driver iusb3hcs.inf_amd64_ae6c6717cfdd6db1\iusb3hcs.inf for Device Instance ID ACPI\PNP0A08\2&DABA3FF&3 with the following status: 0x0.
Information,6/4/2018 6:57:48 PM,Microsoft-Windows-Kernel-Power,521,(220),Active battery count change.
Warning,6/4/2018 6:57:48 PM,Microsoft-Windows-Kernel-PnP,225,(223),The application \Device\HarddiskVolume2\Windows\System32\drvinst.exe with process id 3268 stopped the removal or ejection for the device ACPI\PNP0A08\2&daba3ff&3.
Warning,6/4/2018 6:57:48 PM,Microsoft-Windows-Kernel-PnP,225,(223),The application \Device\HarddiskVolume2\Windows\System32\drvinst.exe with process id 3172 stopped the removal or ejection for the device ACPI\PNP0A08\2&daba3ff&3.
Warning,6/4/2018 6:57:48 PM,Microsoft-Windows-Kernel-PnP,225,(223),The application \Device\HarddiskVolume2\Windows\System32\svchost.exe with process id 3032 stopped the removal or ejection for the device ACPI\PNP0A08\2&daba3ff&3.
Warning,6/4/2018 6:57:48 PM,Microsoft-Windows-Kernel-PnP,225,(223),The application \Device\HarddiskVolume2\Windows\System32\svchost.exe with process id 2600 stopped the removal or ejection for the device ACPI\PNP0A08\2&daba3ff&3.
Warning,6/4/2018 6:57:48 PM,Microsoft-Windows-Kernel-PnP,225,(223),The application \Device\HarddiskVolume2\Windows\System32\svchost.exe with process id 2568 stopped the removal or ejection for the device ACPI\PNP0A08\2&daba3ff&3.
Warning,6/4/2018 6:57:48 PM,Microsoft-Windows-Kernel-PnP,225,(223),The application \Device\HarddiskVolume2\Windows\System32\SecurityHealthService.exe with process id 2488 stopped the removal or ejection for the device ACPI\PNP0A08\2&daba3ff&3.
Warning,6/4/2018 6:57:48 PM,Microsoft-Windows-Kernel-PnP,225,(223),The application \Device\HarddiskVolume2\Windows\System32\svchost.exe with process id 2368 stopped the removal or ejection for the device ACPI\PNP0A08\2&daba3ff&3.
Warning,6/4/2018 6:57:48 PM,Microsoft-Windows-Kernel-PnP,225,(223),The application \Device\HarddiskVolume2\Windows\System32\svchost.exe with process id 2360 stopped the removal or ejection for the device ACPI\PNP0A08\2&daba3ff&3.
Warning,6/4/2018 6:57:48 PM,Microsoft-Windows-Kernel-PnP,225,(223),The application \Device\HarddiskVolume2\Windows\System32\svchost.exe with process id 2352 stopped the removal or ejection for the device ACPI\PNP0A08\2&daba3ff&3.
Warning,6/4/2018 6:57:48 PM,Microsoft-Windows-Kernel-PnP,225,(223),The application \Device\HarddiskVolume2\Windows\System32\svchost.exe with process id 2344 stopped the removal or ejection for the device ACPI\PNP0A08\2&daba3ff&3.
Warning,6/4/2018 6:57:48 PM,Microsoft-Windows-Kernel-PnP,225,(223),The application \Device\HarddiskVolume2\Windows\System32\svchost.exe with process id 2336 stopped the removal or ejection for the device ACPI\PNP0A08\2&daba3ff&3.
Warning,6/4/2018 6:57:48 PM,Microsoft-Windows-Kernel-PnP,225,(223),The application \Device\HarddiskVolume2\Windows\System32\svchost.exe with process id 2328 stopped the removal or ejection for the device ACPI\PNP0A08\2&daba3ff&3.
Warning,6/4/2018 6:57:48 PM,Microsoft-Windows-Kernel-PnP,225,(223),The application \Device\HarddiskVolume2\Windows\System32\svchost.exe with process id 2320 stopped the removal or ejection for the device ACPI\PNP0A08\2&daba3ff&3.
Warning,6/4/2018 6:57:48 PM,Microsoft-Windows-Kernel-PnP,225,(223),The application \Device\HarddiskVolume2\Windows\System32\svchost.exe with process id 2280 stopped the removal or ejection for the device ACPI\PNP0A08\2&daba3ff&3.
Warning,6/4/2018 6:57:48 PM,Microsoft-Windows-Kernel-PnP,225,(223),The application \Device\HarddiskVolume2\Windows\System32\drvinst.exe with process id 2216 stopped the removal or ejection for the device ACPI\PNP0A08\2&daba3ff&3.
Warning,6/4/2018 6:57:48 PM,Microsoft-Windows-Kernel-PnP,225,(223),The application \Device\HarddiskVolume2\Windows\System32\drvinst.exe with process id 2212 stopped the removal or ejection for the device ACPI\PNP0A08\2&daba3ff&3.
Warning,6/4/2018 6:57:48 PM,Microsoft-Windows-Kernel-PnP,225,(223),The application \Device\HarddiskVolume2\Windows\System32\spoolsv.exe with process id 2156 stopped the removal or ejection for the device ACPI\PNP0A08\2&daba3ff&3.
Warning,6/4/2018 6:57:48 PM,Microsoft-Windows-Kernel-PnP,225,(223),The application \Device\HarddiskVolume2\Windows\System32\svchost.exe with process id 2104 stopped the removal or ejection for the device ACPI\PNP0A08\2&daba3ff&3.
Warning,6/4/2018 6:57:48 PM,Microsoft-Windows-Kernel-PnP,225,(223),The application \Device\HarddiskVolume2\Windows\System32\svchost.exe with process id 2068 stopped the removal or ejection for the device ACPI\PNP0A08\2&daba3ff&3.
Warning,6/4/2018 6:57:48 PM,Microsoft-Windows-Kernel-PnP,225,(223),The application \Device\HarddiskVolume2\Windows\System32\svchost.exe with process id 2044 stopped the removal or ejection for the device ACPI\PNP0A08\2&daba3ff&3.
Warning,6/4/2018 6:57:48 PM,Microsoft-Windows-Kernel-PnP,225,(223),The application \Device\HarddiskVolume2\Windows\System32\svchost.exe with process id 2040 stopped the removal or ejection for the device ACPI\PNP0A08\2&daba3ff&3.
Warning,6/4/2018 6:57:48 PM,Microsoft-Windows-Kernel-PnP,225,(223),The application \Device\HarddiskVolume2\Windows\System32\svchost.exe with process id 1984 stopped the removal or ejection for the device ACPI\PNP0A08\2&daba3ff&3.
Warning,6/4/2018 6:57:48 PM,Microsoft-Windows-Kernel-PnP,225,(223),The application \Device\HarddiskVolume2\Windows\System32\svchost.exe with process id 1896 stopped the removal or ejection for the device ACPI\PNP0A08\2&daba3ff&3.
Warning,6/4/2018 6:57:48 PM,Microsoft-Windows-Kernel-PnP,225,(223),The application \Device\HarddiskVolume2\Windows\System32\svchost.exe with process id 1852 stopped the removal or ejection for the device ACPI\PNP0A08\2&daba3ff&3.
Warning,6/4/2018 6:57:48 PM,Microsoft-Windows-Kernel-PnP,225,(223),The application \Device\HarddiskVolume2\Windows\System32\svchost.exe with process id 1828 stopped the removal or ejection for the device ACPI\PNP0A08\2&daba3ff&3.
Warning,6/4/2018 6:57:48 PM,Microsoft-Windows-Kernel-PnP,225,(223),The application \Device\HarddiskVolume2\Windows\System32\oobe\Setup.exe with process id 1768 stopped the removal or ejection for the device ACPI\PNP0A08\2&daba3ff&3.
Warning,6/4/2018 6:57:48 PM,Microsoft-Windows-Kernel-PnP,225,(223),The application \Device\HarddiskVolume2\Windows\System32\svchost.exe with process id 1740 stopped the removal or ejection for the device ACPI\PNP0A08\2&daba3ff&3.
Warning,6/4/2018 6:57:48 PM,Microsoft-Windows-Kernel-PnP,225,(223),The application \Device\HarddiskVolume2\Windows\System32\svchost.exe with process id 1716 stopped the removal or ejection for the device ACPI\PNP0A08\2&daba3ff&3.
Warning,6/4/2018 6:57:48 PM,Microsoft-Windows-Kernel-PnP,225,(223),The application \Device\HarddiskVolume2\Windows\System32\svchost.exe with process id 1696 stopped the removal or ejection for the device ACPI\PNP0A08\2&daba3ff&3.
Warning,6/4/2018 6:57:48 PM,Microsoft-Windows-Kernel-PnP,225,(223),The application \Device\HarddiskVolume2\Windows\System32\svchost.exe with process id 1516 stopped the removal or ejection for the device ACPI\PNP0A08\2&daba3ff&3.
Warning,6/4/2018 6:57:48 PM,Microsoft-Windows-Kernel-PnP,225,(223),The application \Device\HarddiskVolume2\Windows\System32\svchost.exe with process id 1468 stopped the removal or ejection for the device ACPI\PNP0A08\2&daba3ff&3.
Warning,6/4/2018 6:57:48 PM,Microsoft-Windows-Kernel-PnP,225,(223),The application \Device\HarddiskVolume2\Windows\servicing\TrustedInstaller.exe with process id 1464 stopped the removal or ejection for the device ACPI\PNP0A08\2&daba3ff&3.
Warning,6/4/2018 6:57:48 PM,Microsoft-Windows-Kernel-PnP,225,(223),The application \Device\HarddiskVolume2\$WINDOWS.~BT\Sources\setupplatform.exe with process id 1456 stopped the removal or ejection for the device ACPI\PNP0A08\2&daba3ff&3.
Warning,6/4/2018 6:57:48 PM,Microsoft-Windows-Kernel-PnP,225,(223),The application \Device\HarddiskVolume2\Windows\System32\svchost.exe with process id 1440 stopped the removal or ejection for the device ACPI\PNP0A08\2&daba3ff&3.
Warning,6/4/2018 6:57:48 PM,Microsoft-Windows-Kernel-PnP,225,(223),The application \Device\HarddiskVolume2\Windows\System32\oobe\windeploy.exe with process id 1408 stopped the removal or ejection for the device ACPI\PNP0A08\2&daba3ff&3.
Warning,6/4/2018 6:57:48 PM,Microsoft-Windows-Kernel-PnP,225,(223),The application \Device\HarddiskVolume2\Windows\System32\svchost.exe with process id 1268 stopped the removal or ejection for the device ACPI\PNP0A08\2&daba3ff&3.
Warning,6/4/2018 6:57:48 PM,Microsoft-Windows-Kernel-PnP,225,(223),The application \Device\HarddiskVolume2\Windows\System32\svchost.exe with process id 1252 stopped the removal or ejection for the device ACPI\PNP0A08\2&daba3ff&3.
Warning,6/4/2018 6:57:48 PM,Microsoft-Windows-Kernel-PnP,225,(223),The application \Device\HarddiskVolume2\Windows\System32\svchost.exe with process id 1184 stopped the removal or ejection for the device ACPI\PNP0A08\2&daba3ff&3.
Warning,6/4/2018 6:57:48 PM,Microsoft-Windows-Kernel-PnP,225,(223),The application \Device\HarddiskVolume2\Windows\System32\svchost.exe with process id 1180 stopped the removal or ejection for the device ACPI\PNP0A08\2&daba3ff&3.
Warning,6/4/2018 6:57:48 PM,Microsoft-Windows-Kernel-PnP,225,(223),The application \Device\HarddiskVolume2\Windows\System32\svchost.exe with process id 1168 stopped the removal or ejection for the device ACPI\PNP0A08\2&daba3ff&3.
Warning,6/4/2018 6:57:48 PM,Microsoft-Windows-Kernel-PnP,225,(223),The application \Device\HarddiskVolume2\Windows\System32\svchost.exe with process id 1160 stopped the removal or ejection for the device ACPI\PNP0A08\2&daba3ff&3.
Warning,6/4/2018 6:57:48 PM,Microsoft-Windows-Kernel-PnP,225,(223),The application \Device\HarddiskVolume2\Windows\System32\svchost.exe with process id 1136 stopped the removal or ejection for the device ACPI\PNP0A08\2&daba3ff&3.
Warning,6/4/2018 6:57:48 PM,Microsoft-Windows-Kernel-PnP,225,(223),The application \Device\HarddiskVolume2\Windows\System32\svchost.exe with process id 1132 stopped the removal or ejection for the device ACPI\PNP0A08\2&daba3ff&3.
Warning,6/4/2018 6:57:48 PM,Microsoft-Windows-Kernel-PnP,225,(223),The application \Device\HarddiskVolume2\Windows\System32\svchost.exe with process id 1036 stopped the removal or ejection for the device ACPI\PNP0A08\2&daba3ff&3.
