Error,6/29/2018 10:42:33 AM,Service Control Manager,7031,None,The Cisco AnyConnect Network Access Manager service terminated unexpectedly.  It has done this 1 time(s).  The following corrective action will be taken in 2000 milliseconds: Restart the service.
Information,6/29/2018 10:42:32 AM,NETwNe64,7036,None,The \Device\NDMP18 service entered the Intel(R) Centrino(R) Advanced-N 6205 state.
Warning,6/29/2018 10:42:32 AM,Microsoft-Windows-WLAN-AutoConfig,10002,None,"WLAN Extensibility Module has stopped.

Module Path: C:\WINDOWS\system32\acnamihv.dll
"
Warning,6/29/2018 10:42:31 AM,Microsoft-Windows-Time-Service,129,None,NtpClient was unable to set a domain peer to use as a time source because of discovery error. NtpClient will try again in 15 minutes and double the reattempt interval thereafter. The error was: The entry is not found. (0x800706E1)
Information,6/29/2018 10:42:29 AM,NETwNe64,8000,None,"The description for Event ID 8000 from source NETwNe64 cannot be found. Either the component that raises this event is not installed on your local computer or the installation is corrupted. You can install or repair the component on the local computer.

If the event originated on another computer, the display information had to be saved with the event.

The following information was included with the event: 

\Device\NDMP5
Intel(R) Centrino(R) Advanced-N 6205

The specified resource type cannot be found in the image file
"
Information,6/29/2018 10:41:33 AM,Microsoft-Windows-Kernel-General,16,None,The access history in hive \??\C:\WINDOWS\System32\SMI\Store\Machine\SCHEMA.DAT was cleared updating 1 keys and creating 1 modified pages.
Warning,6/29/2018 10:40:52 AM,Microsoft-Windows-Time-Service,129,None,NtpClient was unable to set a domain peer to use as a time source because of discovery error. NtpClient will try again in 15 minutes and double the reattempt interval thereafter. The error was: The entry is not found. (0x800706E1)
Warning,6/29/2018 10:40:47 AM,Microsoft-Windows-DNS-Client,8015,(1028),"The system failed to register host (A or AAAA) resource records (RRs) for network adapter
with settings:

           Adapter Name : {65C3C2FA-78D8-4738-B192-88221FEAC2B5}
           Host Name : 45212MLIU-7
           Primary Domain Suffix : corp.premierinc.com
           DNS server list :
             	10.32.2.53, 10.75.200.141
           Sent update to server : <?>
           IP Address(es) :
             10.77.50.47

The reason the system could not register these RRs was because the update request it sent to the DNS server timed out. The most likely cause of this is that the DNS server authoritative for the name it was attempting to register or update is not running at this time.

You can manually retry DNS registration of the network adapter and its settings by typing 'ipconfig /registerdns' at the command prompt. If problems still persist, contact your DNS server or network systems administrator."
Warning,6/29/2018 10:40:42 AM,Microsoft-Windows-Time-Service,129,None,NtpClient was unable to set a domain peer to use as a time source because of discovery error. NtpClient will try again in 15 minutes and double the reattempt interval thereafter. The error was: The entry is not found. (0x800706E1)
Warning,6/29/2018 10:40:31 AM,Microsoft-Windows-DNS-Client,8015,(1028),"The system failed to register host (A or AAAA) resource records (RRs) for network adapter
with settings:

           Adapter Name : {65C3C2FA-78D8-4738-B192-88221FEAC2B5}
           Host Name : 45212MLIU-7
           Primary Domain Suffix : corp.premierinc.com
           DNS server list :
             	10.32.2.53, 10.75.200.141
           Sent update to server : <?>
           IP Address(es) :
             10.77.50.47

The reason the system could not register these RRs was because the update request it sent to the DNS server timed out. The most likely cause of this is that the DNS server authoritative for the name it was attempting to register or update is not running at this time.

You can manually retry DNS registration of the network adapter and its settings by typing 'ipconfig /registerdns' at the command prompt. If problems still persist, contact your DNS server or network systems administrator."
Warning,6/29/2018 10:40:29 AM,Microsoft-Windows-DNS-Client,1014,(1014),Name resolution for the name premierinc.com timed out after none of the configured DNS servers responded.
Warning,6/29/2018 10:40:19 AM,Microsoft-Windows-DNS-Client,8015,(1028),"The system failed to register host (A or AAAA) resource records (RRs) for network adapter
with settings:

           Adapter Name : {65C3C2FA-78D8-4738-B192-88221FEAC2B5}
           Host Name : 45212MLIU-7
           Primary Domain Suffix : corp.premierinc.com
           DNS server list :
             	10.32.2.53, 10.75.200.141
           Sent update to server : <?>
           IP Address(es) :
             10.77.50.47

The reason the system could not register these RRs was because the update request it sent to the DNS server timed out. The most likely cause of this is that the DNS server authoritative for the name it was attempting to register or update is not running at this time.

You can manually retry DNS registration of the network adapter and its settings by typing 'ipconfig /registerdns' at the command prompt. If problems still persist, contact your DNS server or network systems administrator."
Warning,6/29/2018 10:40:04 AM,Microsoft-Windows-Time-Service,129,None,NtpClient was unable to set a domain peer to use as a time source because of discovery error. NtpClient will try again in 15 minutes and double the reattempt interval thereafter. The error was: The entry is not found. (0x800706E1)
Warning,6/29/2018 10:39:52 AM,Microsoft-Windows-DNS-Client,8015,(1028),"The system failed to register host (A or AAAA) resource records (RRs) for network adapter
with settings:

           Adapter Name : {65C3C2FA-78D8-4738-B192-88221FEAC2B5}
           Host Name : 45212MLIU-7
           Primary Domain Suffix : corp.premierinc.com
           DNS server list :
             	10.32.2.53, 10.75.200.141
           Sent update to server : <?>
           IP Address(es) :
             10.77.50.47

The reason the system could not register these RRs was because the update request it sent to the DNS server timed out. The most likely cause of this is that the DNS server authoritative for the name it was attempting to register or update is not running at this time.

You can manually retry DNS registration of the network adapter and its settings by typing 'ipconfig /registerdns' at the command prompt. If problems still persist, contact your DNS server or network systems administrator."
Warning,6/29/2018 10:39:50 AM,Microsoft-Windows-Time-Service,129,None,NtpClient was unable to set a domain peer to use as a time source because of discovery error. NtpClient will try again in 15 minutes and double the reattempt interval thereafter. The error was: The entry is not found. (0x800706E1)
Warning,6/29/2018 10:39:37 AM,Microsoft-Windows-DNS-Client,8015,(1028),"The system failed to register host (A or AAAA) resource records (RRs) for network adapter
with settings:

           Adapter Name : {65C3C2FA-78D8-4738-B192-88221FEAC2B5}
           Host Name : 45212MLIU-7
           Primary Domain Suffix : corp.premierinc.com
           DNS server list :
             	10.32.2.53, 10.75.200.141
           Sent update to server : <?>
           IP Address(es) :
             10.77.50.47

The reason the system could not register these RRs was because the update request it sent to the DNS server timed out. The most likely cause of this is that the DNS server authoritative for the name it was attempting to register or update is not running at this time.

You can manually retry DNS registration of the network adapter and its settings by typing 'ipconfig /registerdns' at the command prompt. If problems still persist, contact your DNS server or network systems administrator."
Warning,6/29/2018 10:39:25 AM,Microsoft-Windows-Time-Service,129,None,NtpClient was unable to set a domain peer to use as a time source because of discovery error. NtpClient will try again in 15 minutes and double the reattempt interval thereafter. The error was: The entry is not found. (0x800706E1)
Warning,6/29/2018 10:39:25 AM,Microsoft-Windows-DNS-Client,1014,(1014),Name resolution for the name premierinc.com timed out after none of the configured DNS servers responded.
Warning,6/29/2018 10:39:24 AM,Microsoft-Windows-DNS-Client,8015,(1028),"The system failed to register host (A or AAAA) resource records (RRs) for network adapter
with settings:

           Adapter Name : {65C3C2FA-78D8-4738-B192-88221FEAC2B5}
           Host Name : 45212MLIU-7
           Primary Domain Suffix : corp.premierinc.com
           DNS server list :
             	10.32.2.53, 10.75.200.141
           Sent update to server : <?>
           IP Address(es) :
             10.77.50.47

The reason the system could not register these RRs was because the update request it sent to the DNS server timed out. The most likely cause of this is that the DNS server authoritative for the name it was attempting to register or update is not running at this time.

You can manually retry DNS registration of the network adapter and its settings by typing 'ipconfig /registerdns' at the command prompt. If problems still persist, contact your DNS server or network systems administrator."
Warning,6/29/2018 10:38:56 AM,Microsoft-Windows-DNS-Client,8015,(1028),"The system failed to register host (A or AAAA) resource records (RRs) for network adapter
with settings:

           Adapter Name : {65C3C2FA-78D8-4738-B192-88221FEAC2B5}
           Host Name : 45212MLIU-7
           Primary Domain Suffix : corp.premierinc.com
           DNS server list :
             	10.32.2.53, 10.75.200.141
           Sent update to server : <?>
           IP Address(es) :
             10.77.50.47

The reason the system could not register these RRs was because the update request it sent to the DNS server timed out. The most likely cause of this is that the DNS server authoritative for the name it was attempting to register or update is not running at this time.

You can manually retry DNS registration of the network adapter and its settings by typing 'ipconfig /registerdns' at the command prompt. If problems still persist, contact your DNS server or network systems administrator."
Warning,6/29/2018 10:38:49 AM,Microsoft-Windows-Time-Service,129,None,NtpClient was unable to set a domain peer to use as a time source because of discovery error. NtpClient will try again in 15 minutes and double the reattempt interval thereafter. The error was: The entry is not found. (0x800706E1)
Warning,6/29/2018 10:38:41 AM,Microsoft-Windows-DNS-Client,1014,(1014),Name resolution for the name wpad.epa.premierinc.com timed out after none of the configured DNS servers responded.
Warning,6/29/2018 10:38:41 AM,Microsoft-Windows-DNS-Client,8015,(1028),"The system failed to register host (A or AAAA) resource records (RRs) for network adapter
with settings:

           Adapter Name : {65C3C2FA-78D8-4738-B192-88221FEAC2B5}
           Host Name : 45212MLIU-7
           Primary Domain Suffix : corp.premierinc.com
           DNS server list :
             	10.32.2.53, 10.75.200.141
           Sent update to server : <?>
           IP Address(es) :
             10.77.50.47

The reason the system could not register these RRs was because the update request it sent to the DNS server timed out. The most likely cause of this is that the DNS server authoritative for the name it was attempting to register or update is not running at this time.

You can manually retry DNS registration of the network adapter and its settings by typing 'ipconfig /registerdns' at the command prompt. If problems still persist, contact your DNS server or network systems administrator."
Warning,6/29/2018 10:38:30 AM,Microsoft-Windows-DNS-Client,8015,(1028),"The system failed to register host (A or AAAA) resource records (RRs) for network adapter
with settings:

           Adapter Name : {65C3C2FA-78D8-4738-B192-88221FEAC2B5}
           Host Name : 45212MLIU-7
           Primary Domain Suffix : corp.premierinc.com
           DNS server list :
             	10.32.2.53, 10.75.200.141
           Sent update to server : <?>
           IP Address(es) :
             10.77.50.47

The reason the system could not register these RRs was because the update request it sent to the DNS server timed out. The most likely cause of this is that the DNS server authoritative for the name it was attempting to register or update is not running at this time.

You can manually retry DNS registration of the network adapter and its settings by typing 'ipconfig /registerdns' at the command prompt. If problems still persist, contact your DNS server or network systems administrator."
Warning,6/29/2018 10:38:03 AM,Microsoft-Windows-DNS-Client,8015,(1028),"The system failed to register host (A or AAAA) resource records (RRs) for network adapter
with settings:

           Adapter Name : {65C3C2FA-78D8-4738-B192-88221FEAC2B5}
           Host Name : 45212MLIU-7
           Primary Domain Suffix : corp.premierinc.com
           DNS server list :
             	10.32.2.53, 10.75.200.141
           Sent update to server : <?>
           IP Address(es) :
             10.77.50.47

The reason the system could not register these RRs was because the update request it sent to the DNS server timed out. The most likely cause of this is that the DNS server authoritative for the name it was attempting to register or update is not running at this time.

You can manually retry DNS registration of the network adapter and its settings by typing 'ipconfig /registerdns' at the command prompt. If problems still persist, contact your DNS server or network systems administrator."
Warning,6/29/2018 10:37:58 AM,Microsoft-Windows-Time-Service,129,None,NtpClient was unable to set a domain peer to use as a time source because of discovery error. NtpClient will try again in 15 minutes and double the reattempt interval thereafter. The error was: The entry is not found. (0x800706E1)
Warning,6/29/2018 10:37:47 AM,Microsoft-Windows-DNS-Client,8015,(1028),"The system failed to register host (A or AAAA) resource records (RRs) for network adapter
with settings:

           Adapter Name : {65C3C2FA-78D8-4738-B192-88221FEAC2B5}
           Host Name : 45212MLIU-7
           Primary Domain Suffix : corp.premierinc.com
           DNS server list :
             	10.32.2.53, 10.75.200.141
           Sent update to server : <?>
           IP Address(es) :
             10.77.50.47

The reason the system could not register these RRs was because the update request it sent to the DNS server timed out. The most likely cause of this is that the DNS server authoritative for the name it was attempting to register or update is not running at this time.

You can manually retry DNS registration of the network adapter and its settings by typing 'ipconfig /registerdns' at the command prompt. If problems still persist, contact your DNS server or network systems administrator."
Warning,6/29/2018 10:37:35 AM,Microsoft-Windows-DNS-Client,8015,(1028),"The system failed to register host (A or AAAA) resource records (RRs) for network adapter
with settings:

           Adapter Name : {65C3C2FA-78D8-4738-B192-88221FEAC2B5}
           Host Name : 45212MLIU-7
           Primary Domain Suffix : corp.premierinc.com
           DNS server list :
             	10.32.2.53, 10.75.200.141
           Sent update to server : <?>
           IP Address(es) :
             10.77.50.47

The reason the system could not register these RRs was because the update request it sent to the DNS server timed out. The most likely cause of this is that the DNS server authoritative for the name it was attempting to register or update is not running at this time.

You can manually retry DNS registration of the network adapter and its settings by typing 'ipconfig /registerdns' at the command prompt. If problems still persist, contact your DNS server or network systems administrator."
Warning,6/29/2018 10:37:27 AM,Microsoft-Windows-DNS-Client,1014,(1014),Name resolution for the name client.wns.windows.com timed out after none of the configured DNS servers responded.
Warning,6/29/2018 10:37:20 AM,Microsoft-Windows-Time-Service,129,None,NtpClient was unable to set a domain peer to use as a time source because of discovery error. NtpClient will try again in 15 minutes and double the reattempt interval thereafter. The error was: The entry is not found. (0x800706E1)
Warning,6/29/2018 10:37:08 AM,Microsoft-Windows-DNS-Client,8015,(1028),"The system failed to register host (A or AAAA) resource records (RRs) for network adapter
with settings:

           Adapter Name : {65C3C2FA-78D8-4738-B192-88221FEAC2B5}
           Host Name : 45212MLIU-7
           Primary Domain Suffix : corp.premierinc.com
           DNS server list :
             	10.32.2.53, 10.75.200.141
           Sent update to server : <?>
           IP Address(es) :
             10.77.50.47

The reason the system could not register these RRs was because the update request it sent to the DNS server timed out. The most likely cause of this is that the DNS server authoritative for the name it was attempting to register or update is not running at this time.

You can manually retry DNS registration of the network adapter and its settings by typing 'ipconfig /registerdns' at the command prompt. If problems still persist, contact your DNS server or network systems administrator."
Warning,6/29/2018 10:37:03 AM,Microsoft-Windows-Time-Service,129,None,NtpClient was unable to set a domain peer to use as a time source because of discovery error. NtpClient will try again in 15 minutes and double the reattempt interval thereafter. The error was: The entry is not found. (0x800706E1)
Warning,6/29/2018 10:36:53 AM,Microsoft-Windows-DNS-Client,8015,(1028),"The system failed to register host (A or AAAA) resource records (RRs) for network adapter
with settings:

           Adapter Name : {65C3C2FA-78D8-4738-B192-88221FEAC2B5}
           Host Name : 45212MLIU-7
           Primary Domain Suffix : corp.premierinc.com
           DNS server list :
             	10.32.2.53, 10.75.200.141
           Sent update to server : <?>
           IP Address(es) :
             10.77.50.47

The reason the system could not register these RRs was because the update request it sent to the DNS server timed out. The most likely cause of this is that the DNS server authoritative for the name it was attempting to register or update is not running at this time.

You can manually retry DNS registration of the network adapter and its settings by typing 'ipconfig /registerdns' at the command prompt. If problems still persist, contact your DNS server or network systems administrator."
Warning,6/29/2018 10:36:50 AM,Microsoft-Windows-DNS-Client,1014,(1014),Name resolution for the name premierinc.com timed out after none of the configured DNS servers responded.
Warning,6/29/2018 10:36:41 AM,Microsoft-Windows-DNS-Client,8015,(1028),"The system failed to register host (A or AAAA) resource records (RRs) for network adapter
with settings:

           Adapter Name : {65C3C2FA-78D8-4738-B192-88221FEAC2B5}
           Host Name : 45212MLIU-7
           Primary Domain Suffix : corp.premierinc.com
           DNS server list :
             	10.32.2.53, 10.75.200.141
           Sent update to server : <?>
           IP Address(es) :
             10.77.50.47

The reason the system could not register these RRs was because the update request it sent to the DNS server timed out. The most likely cause of this is that the DNS server authoritative for the name it was attempting to register or update is not running at this time.

You can manually retry DNS registration of the network adapter and its settings by typing 'ipconfig /registerdns' at the command prompt. If problems still persist, contact your DNS server or network systems administrator."
Warning,6/29/2018 10:36:26 AM,Microsoft-Windows-Time-Service,129,None,NtpClient was unable to set a domain peer to use as a time source because of discovery error. NtpClient will try again in 15 minutes and double the reattempt interval thereafter. The error was: The entry is not found. (0x800706E1)
Warning,6/29/2018 10:36:14 AM,Microsoft-Windows-DNS-Client,8015,(1028),"The system failed to register host (A or AAAA) resource records (RRs) for network adapter
with settings:

           Adapter Name : {65C3C2FA-78D8-4738-B192-88221FEAC2B5}
           Host Name : 45212MLIU-7
           Primary Domain Suffix : corp.premierinc.com
           DNS server list :
             	10.32.2.53, 10.75.200.141
           Sent update to server : <?>
           IP Address(es) :
             10.77.50.47

The reason the system could not register these RRs was because the update request it sent to the DNS server timed out. The most likely cause of this is that the DNS server authoritative for the name it was attempting to register or update is not running at this time.

You can manually retry DNS registration of the network adapter and its settings by typing 'ipconfig /registerdns' at the command prompt. If problems still persist, contact your DNS server or network systems administrator."
Warning,6/29/2018 10:36:13 AM,Microsoft-Windows-Time-Service,129,None,NtpClient was unable to set a domain peer to use as a time source because of discovery error. NtpClient will try again in 15 minutes and double the reattempt interval thereafter. The error was: The entry is not found. (0x800706E1)
Warning,6/29/2018 10:36:01 AM,Microsoft-Windows-Time-Service,129,None,NtpClient was unable to set a domain peer to use as a time source because of discovery error. NtpClient will try again in 15 minutes and double the reattempt interval thereafter. The error was: The entry is not found. (0x800706E1)
Warning,6/29/2018 10:35:58 AM,Microsoft-Windows-DNS-Client,8015,(1028),"The system failed to register host (A or AAAA) resource records (RRs) for network adapter
with settings:

           Adapter Name : {65C3C2FA-78D8-4738-B192-88221FEAC2B5}
           Host Name : 45212MLIU-7
           Primary Domain Suffix : corp.premierinc.com
           DNS server list :
             	10.32.2.53, 10.75.200.141
           Sent update to server : <?>
           IP Address(es) :
             10.77.50.47

The reason the system could not register these RRs was because the update request it sent to the DNS server timed out. The most likely cause of this is that the DNS server authoritative for the name it was attempting to register or update is not running at this time.

You can manually retry DNS registration of the network adapter and its settings by typing 'ipconfig /registerdns' at the command prompt. If problems still persist, contact your DNS server or network systems administrator."
Warning,6/29/2018 10:35:46 AM,Microsoft-Windows-DNS-Client,8015,(1028),"The system failed to register host (A or AAAA) resource records (RRs) for network adapter
with settings:

           Adapter Name : {65C3C2FA-78D8-4738-B192-88221FEAC2B5}
           Host Name : 45212MLIU-7
           Primary Domain Suffix : corp.premierinc.com
           DNS server list :
             	10.32.2.53, 10.75.200.141
           Sent update to server : <?>
           IP Address(es) :
             10.77.50.47

The reason the system could not register these RRs was because the update request it sent to the DNS server timed out. The most likely cause of this is that the DNS server authoritative for the name it was attempting to register or update is not running at this time.

You can manually retry DNS registration of the network adapter and its settings by typing 'ipconfig /registerdns' at the command prompt. If problems still persist, contact your DNS server or network systems administrator."
Warning,6/29/2018 10:35:46 AM,Microsoft-Windows-DNS-Client,1014,(1014),Name resolution for the name premierinc.com timed out after none of the configured DNS servers responded.
Warning,6/29/2018 10:35:19 AM,Microsoft-Windows-DNS-Client,8015,(1028),"The system failed to register host (A or AAAA) resource records (RRs) for network adapter
with settings:

           Adapter Name : {65C3C2FA-78D8-4738-B192-88221FEAC2B5}
           Host Name : 45212MLIU-7
           Primary Domain Suffix : corp.premierinc.com
           DNS server list :
             	10.32.2.53, 10.75.200.141
           Sent update to server : <?>
           IP Address(es) :
             10.77.50.47

The reason the system could not register these RRs was because the update request it sent to the DNS server timed out. The most likely cause of this is that the DNS server authoritative for the name it was attempting to register or update is not running at this time.

You can manually retry DNS registration of the network adapter and its settings by typing 'ipconfig /registerdns' at the command prompt. If problems still persist, contact your DNS server or network systems administrator."
Warning,6/29/2018 10:35:12 AM,Microsoft-Windows-Time-Service,129,None,NtpClient was unable to set a domain peer to use as a time source because of discovery error. NtpClient will try again in 15 minutes and double the reattempt interval thereafter. The error was: The entry is not found. (0x800706E1)
Warning,6/29/2018 10:35:03 AM,Microsoft-Windows-DNS-Client,8015,(1028),"The system failed to register host (A or AAAA) resource records (RRs) for network adapter
with settings:

           Adapter Name : {65C3C2FA-78D8-4738-B192-88221FEAC2B5}
           Host Name : 45212MLIU-7
           Primary Domain Suffix : corp.premierinc.com
           DNS server list :
             	10.32.2.53, 10.75.200.141
           Sent update to server : <?>
           IP Address(es) :
             10.77.50.47

The reason the system could not register these RRs was because the update request it sent to the DNS server timed out. The most likely cause of this is that the DNS server authoritative for the name it was attempting to register or update is not running at this time.

You can manually retry DNS registration of the network adapter and its settings by typing 'ipconfig /registerdns' at the command prompt. If problems still persist, contact your DNS server or network systems administrator."
Warning,6/29/2018 10:34:55 AM,Microsoft-Windows-DNS-Client,1014,(1014),Name resolution for the name premierinc.com timed out after none of the configured DNS servers responded.
Warning,6/29/2018 10:34:51 AM,Microsoft-Windows-DNS-Client,8015,(1028),"The system failed to register host (A or AAAA) resource records (RRs) for network adapter
with settings:

           Adapter Name : {65C3C2FA-78D8-4738-B192-88221FEAC2B5}
           Host Name : 45212MLIU-7
           Primary Domain Suffix : corp.premierinc.com
           DNS server list :
             	10.32.2.53, 10.75.200.141
           Sent update to server : <?>
           IP Address(es) :
             10.77.50.47

The reason the system could not register these RRs was because the update request it sent to the DNS server timed out. The most likely cause of this is that the DNS server authoritative for the name it was attempting to register or update is not running at this time.

You can manually retry DNS registration of the network adapter and its settings by typing 'ipconfig /registerdns' at the command prompt. If problems still persist, contact your DNS server or network systems administrator."
Warning,6/29/2018 10:34:24 AM,Microsoft-Windows-DNS-Client,8015,(1028),"The system failed to register host (A or AAAA) resource records (RRs) for network adapter
with settings:

           Adapter Name : {65C3C2FA-78D8-4738-B192-88221FEAC2B5}
           Host Name : 45212MLIU-7
           Primary Domain Suffix : corp.premierinc.com
           DNS server list :
             	10.32.2.53, 10.75.200.141
           Sent update to server : <?>
           IP Address(es) :
             10.77.50.47

The reason the system could not register these RRs was because the update request it sent to the DNS server timed out. The most likely cause of this is that the DNS server authoritative for the name it was attempting to register or update is not running at this time.

You can manually retry DNS registration of the network adapter and its settings by typing 'ipconfig /registerdns' at the command prompt. If problems still persist, contact your DNS server or network systems administrator."
Warning,6/29/2018 10:34:19 AM,Microsoft-Windows-Time-Service,129,None,NtpClient was unable to set a domain peer to use as a time source because of discovery error. NtpClient will try again in 15 minutes and double the reattempt interval thereafter. The error was: The entry is not found. (0x800706E1)
Warning,6/29/2018 10:34:08 AM,Microsoft-Windows-DNS-Client,8015,(1028),"The system failed to register host (A or AAAA) resource records (RRs) for network adapter
with settings:

           Adapter Name : {65C3C2FA-78D8-4738-B192-88221FEAC2B5}
           Host Name : 45212MLIU-7
           Primary Domain Suffix : corp.premierinc.com
           DNS server list :
             	10.32.2.53, 10.75.200.141
           Sent update to server : <?>
           IP Address(es) :
             10.77.50.47

The reason the system could not register these RRs was because the update request it sent to the DNS server timed out. The most likely cause of this is that the DNS server authoritative for the name it was attempting to register or update is not running at this time.

You can manually retry DNS registration of the network adapter and its settings by typing 'ipconfig /registerdns' at the command prompt. If problems still persist, contact your DNS server or network systems administrator."
Warning,6/29/2018 10:34:06 AM,Microsoft-Windows-DNS-Client,1014,(1014),Name resolution for the name premierinc.com timed out after none of the configured DNS servers responded.
Warning,6/29/2018 10:33:56 AM,Microsoft-Windows-DNS-Client,8015,(1028),"The system failed to register host (A or AAAA) resource records (RRs) for network adapter
with settings:

           Adapter Name : {65C3C2FA-78D8-4738-B192-88221FEAC2B5}
           Host Name : 45212MLIU-7
           Primary Domain Suffix : corp.premierinc.com
           DNS server list :
             	10.32.2.53, 10.75.200.141
           Sent update to server : <?>
           IP Address(es) :
             10.77.50.47

The reason the system could not register these RRs was because the update request it sent to the DNS server timed out. The most likely cause of this is that the DNS server authoritative for the name it was attempting to register or update is not running at this time.

You can manually retry DNS registration of the network adapter and its settings by typing 'ipconfig /registerdns' at the command prompt. If problems still persist, contact your DNS server or network systems administrator."
Warning,6/29/2018 10:33:42 AM,Microsoft-Windows-Time-Service,129,None,NtpClient was unable to set a domain peer to use as a time source because of discovery error. NtpClient will try again in 15 minutes and double the reattempt interval thereafter. The error was: The entry is not found. (0x800706E1)
Warning,6/29/2018 10:33:37 AM,Microsoft-Windows-Time-Service,129,None,NtpClient was unable to set a domain peer to use as a time source because of discovery error. NtpClient will try again in 15 minutes and double the reattempt interval thereafter. The error was: The entry is not found. (0x800706E1)
Warning,6/29/2018 10:33:29 AM,Microsoft-Windows-DNS-Client,8015,(1028),"The system failed to register host (A or AAAA) resource records (RRs) for network adapter
with settings:

           Adapter Name : {65C3C2FA-78D8-4738-B192-88221FEAC2B5}
           Host Name : 45212MLIU-7
           Primary Domain Suffix : corp.premierinc.com
           DNS server list :
             	10.32.2.53, 10.75.200.141
           Sent update to server : <?>
           IP Address(es) :
             10.77.50.47

The reason the system could not register these RRs was because the update request it sent to the DNS server timed out. The most likely cause of this is that the DNS server authoritative for the name it was attempting to register or update is not running at this time.

You can manually retry DNS registration of the network adapter and its settings by typing 'ipconfig /registerdns' at the command prompt. If problems still persist, contact your DNS server or network systems administrator."
Warning,6/29/2018 10:33:14 AM,Microsoft-Windows-DNS-Client,8015,(1028),"The system failed to register host (A or AAAA) resource records (RRs) for network adapter
with settings:

           Adapter Name : {65C3C2FA-78D8-4738-B192-88221FEAC2B5}
           Host Name : 45212MLIU-7
           Primary Domain Suffix : corp.premierinc.com
           DNS server list :
             	10.32.2.53, 10.75.200.141
           Sent update to server : <?>
           IP Address(es) :
             10.77.50.47

The reason the system could not register these RRs was because the update request it sent to the DNS server timed out. The most likely cause of this is that the DNS server authoritative for the name it was attempting to register or update is not running at this time.

You can manually retry DNS registration of the network adapter and its settings by typing 'ipconfig /registerdns' at the command prompt. If problems still persist, contact your DNS server or network systems administrator."
Warning,6/29/2018 10:33:02 AM,Microsoft-Windows-DNS-Client,8015,(1028),"The system failed to register host (A or AAAA) resource records (RRs) for network adapter
with settings:

           Adapter Name : {65C3C2FA-78D8-4738-B192-88221FEAC2B5}
           Host Name : 45212MLIU-7
           Primary Domain Suffix : corp.premierinc.com
           DNS server list :
             	10.32.2.53, 10.75.200.141
           Sent update to server : <?>
           IP Address(es) :
             10.77.50.47

The reason the system could not register these RRs was because the update request it sent to the DNS server timed out. The most likely cause of this is that the DNS server authoritative for the name it was attempting to register or update is not running at this time.

You can manually retry DNS registration of the network adapter and its settings by typing 'ipconfig /registerdns' at the command prompt. If problems still persist, contact your DNS server or network systems administrator."
Warning,6/29/2018 10:33:00 AM,Microsoft-Windows-DNS-Client,1014,(1014),Name resolution for the name premierinc.com timed out after none of the configured DNS servers responded.
Warning,6/29/2018 10:32:59 AM,Microsoft-Windows-Time-Service,129,None,NtpClient was unable to set a domain peer to use as a time source because of discovery error. NtpClient will try again in 15 minutes and double the reattempt interval thereafter. The error was: The entry is not found. (0x800706E1)
Warning,6/29/2018 10:32:38 AM,Microsoft-Windows-DNS-Client,8015,(1028),"The system failed to register host (A or AAAA) resource records (RRs) for network adapter
with settings:

           Adapter Name : {65C3C2FA-78D8-4738-B192-88221FEAC2B5}
           Host Name : 45212MLIU-7
           Primary Domain Suffix : corp.premierinc.com
           DNS server list :
             	10.32.2.53, 10.75.200.141
           Sent update to server : <?>
           IP Address(es) :
             10.77.50.47

The reason the system could not register these RRs was because the update request it sent to the DNS server timed out. The most likely cause of this is that the DNS server authoritative for the name it was attempting to register or update is not running at this time.

You can manually retry DNS registration of the network adapter and its settings by typing 'ipconfig /registerdns' at the command prompt. If problems still persist, contact your DNS server or network systems administrator."
Warning,6/29/2018 10:32:22 AM,Microsoft-Windows-DNS-Client,8015,(1028),"The system failed to register host (A or AAAA) resource records (RRs) for network adapter
with settings:

           Adapter Name : {65C3C2FA-78D8-4738-B192-88221FEAC2B5}
           Host Name : 45212MLIU-7
           Primary Domain Suffix : corp.premierinc.com
           DNS server list :
             	10.32.2.53, 10.75.200.141
           Sent update to server : <?>
           IP Address(es) :
             10.77.50.47

The reason the system could not register these RRs was because the update request it sent to the DNS server timed out. The most likely cause of this is that the DNS server authoritative for the name it was attempting to register or update is not running at this time.

You can manually retry DNS registration of the network adapter and its settings by typing 'ipconfig /registerdns' at the command prompt. If problems still persist, contact your DNS server or network systems administrator."
Warning,6/29/2018 10:32:12 AM,Microsoft-Windows-Time-Service,129,None,NtpClient was unable to set a domain peer to use as a time source because of discovery error. NtpClient will try again in 15 minutes and double the reattempt interval thereafter. The error was: The entry is not found. (0x800706E1)
Warning,6/29/2018 10:32:11 AM,Microsoft-Windows-DNS-Client,1014,(1014),Name resolution for the name premierinc.com timed out after none of the configured DNS servers responded.
Warning,6/29/2018 10:32:10 AM,Microsoft-Windows-DNS-Client,8015,(1028),"The system failed to register host (A or AAAA) resource records (RRs) for network adapter
with settings:

           Adapter Name : {65C3C2FA-78D8-4738-B192-88221FEAC2B5}
           Host Name : 45212MLIU-7
           Primary Domain Suffix : corp.premierinc.com
           DNS server list :
             	10.32.2.53, 10.75.200.141
           Sent update to server : <?>
           IP Address(es) :
             10.77.50.47

The reason the system could not register these RRs was because the update request it sent to the DNS server timed out. The most likely cause of this is that the DNS server authoritative for the name it was attempting to register or update is not running at this time.

You can manually retry DNS registration of the network adapter and its settings by typing 'ipconfig /registerdns' at the command prompt. If problems still persist, contact your DNS server or network systems administrator."
Warning,6/29/2018 10:31:49 AM,Microsoft-Windows-DNS-Client,8015,(1028),"The system failed to register host (A or AAAA) resource records (RRs) for network adapter
with settings:

           Adapter Name : {65C3C2FA-78D8-4738-B192-88221FEAC2B5}
           Host Name : 45212MLIU-7
           Primary Domain Suffix : corp.premierinc.com
           DNS server list :
             	10.32.2.53, 10.75.200.141
           Sent update to server : <?>
           IP Address(es) :
             10.77.50.47

The reason the system could not register these RRs was because the update request it sent to the DNS server timed out. The most likely cause of this is that the DNS server authoritative for the name it was attempting to register or update is not running at this time.

You can manually retry DNS registration of the network adapter and its settings by typing 'ipconfig /registerdns' at the command prompt. If problems still persist, contact your DNS server or network systems administrator."
Warning,6/29/2018 10:31:34 AM,Microsoft-Windows-Time-Service,129,None,NtpClient was unable to set a domain peer to use as a time source because of discovery error. NtpClient will try again in 15 minutes and double the reattempt interval thereafter. The error was: The entry is not found. (0x800706E1)
Warning,6/29/2018 10:31:33 AM,Microsoft-Windows-DNS-Client,8015,(1028),"The system failed to register host (A or AAAA) resource records (RRs) for network adapter
with settings:

           Adapter Name : {65C3C2FA-78D8-4738-B192-88221FEAC2B5}
           Host Name : 45212MLIU-7
           Primary Domain Suffix : corp.premierinc.com
           DNS server list :
             	10.32.2.53, 10.75.200.141
           Sent update to server : <?>
           IP Address(es) :
             10.77.50.47

The reason the system could not register these RRs was because the update request it sent to the DNS server timed out. The most likely cause of this is that the DNS server authoritative for the name it was attempting to register or update is not running at this time.

You can manually retry DNS registration of the network adapter and its settings by typing 'ipconfig /registerdns' at the command prompt. If problems still persist, contact your DNS server or network systems administrator."
Warning,6/29/2018 10:31:22 AM,Microsoft-Windows-DNS-Client,1014,(1014),Name resolution for the name premierinc.com timed out after none of the configured DNS servers responded.
Warning,6/29/2018 10:31:21 AM,Microsoft-Windows-DNS-Client,8015,(1028),"The system failed to register host (A or AAAA) resource records (RRs) for network adapter
with settings:

           Adapter Name : {65C3C2FA-78D8-4738-B192-88221FEAC2B5}
           Host Name : 45212MLIU-7
           Primary Domain Suffix : corp.premierinc.com
           DNS server list :
             	10.32.2.53, 10.75.200.141
           Sent update to server : <?>
           IP Address(es) :
             10.77.50.47

The reason the system could not register these RRs was because the update request it sent to the DNS server timed out. The most likely cause of this is that the DNS server authoritative for the name it was attempting to register or update is not running at this time.

You can manually retry DNS registration of the network adapter and its settings by typing 'ipconfig /registerdns' at the command prompt. If problems still persist, contact your DNS server or network systems administrator."
Warning,6/29/2018 10:31:03 AM,Microsoft-Windows-DNS-Client,8015,(1028),"The system failed to register host (A or AAAA) resource records (RRs) for network adapter
with settings:

           Adapter Name : {65C3C2FA-78D8-4738-B192-88221FEAC2B5}
           Host Name : 45212MLIU-7
           Primary Domain Suffix : corp.premierinc.com
           DNS server list :
             	10.32.2.53, 10.75.200.141
           Sent update to server : <?>
           IP Address(es) :
             10.77.50.47

The reason the system could not register these RRs was because the update request it sent to the DNS server timed out. The most likely cause of this is that the DNS server authoritative for the name it was attempting to register or update is not running at this time.

You can manually retry DNS registration of the network adapter and its settings by typing 'ipconfig /registerdns' at the command prompt. If problems still persist, contact your DNS server or network systems administrator."
Warning,6/29/2018 10:30:48 AM,Microsoft-Windows-DNS-Client,8015,(1028),"The system failed to register host (A or AAAA) resource records (RRs) for network adapter
with settings:

           Adapter Name : {65C3C2FA-78D8-4738-B192-88221FEAC2B5}
           Host Name : 45212MLIU-7
           Primary Domain Suffix : corp.premierinc.com
           DNS server list :
             	10.32.2.53, 10.75.200.141
           Sent update to server : <?>
           IP Address(es) :
             10.77.50.47

The reason the system could not register these RRs was because the update request it sent to the DNS server timed out. The most likely cause of this is that the DNS server authoritative for the name it was attempting to register or update is not running at this time.

You can manually retry DNS registration of the network adapter and its settings by typing 'ipconfig /registerdns' at the command prompt. If problems still persist, contact your DNS server or network systems administrator."
Warning,6/29/2018 10:30:36 AM,Microsoft-Windows-DNS-Client,8015,(1028),"The system failed to register host (A or AAAA) resource records (RRs) for network adapter
with settings:

           Adapter Name : {65C3C2FA-78D8-4738-B192-88221FEAC2B5}
           Host Name : 45212MLIU-7
           Primary Domain Suffix : corp.premierinc.com
           DNS server list :
             	10.32.2.53, 10.75.200.141
           Sent update to server : <?>
           IP Address(es) :
             10.77.50.47

The reason the system could not register these RRs was because the update request it sent to the DNS server timed out. The most likely cause of this is that the DNS server authoritative for the name it was attempting to register or update is not running at this time.

You can manually retry DNS registration of the network adapter and its settings by typing 'ipconfig /registerdns' at the command prompt. If problems still persist, contact your DNS server or network systems administrator."
Warning,6/29/2018 10:30:35 AM,Microsoft-Windows-Time-Service,129,None,NtpClient was unable to set a domain peer to use as a time source because of discovery error. NtpClient will try again in 15 minutes and double the reattempt interval thereafter. The error was: The entry is not found. (0x800706E1)
Information,6/29/2018 10:30:34 AM,Microsoft-Windows-GroupPolicy,1501,None,The Group Policy settings for the user were processed successfully. There were no changes detected since the last successful processing of Group Policy.
Error,6/29/2018 10:30:34 AM,Microsoft-Windows-GroupPolicy,1129,None,"The processing of Group Policy failed because of lack of network connectivity to a domain controller. This may be a transient condition. A success message would be generated once the machine gets connected to the domain controller and Group Policy has successfully processed. If you do not see a success message for several hours, then contact your administrator."
Warning,6/29/2018 10:30:34 AM,Microsoft-Windows-DNS-Client,1014,(1014),Name resolution for the name premierinc.com timed out after none of the configured DNS servers responded.
Warning,6/29/2018 10:30:21 AM,Microsoft-Windows-DNS-Client,8015,(1028),"The system failed to register host (A or AAAA) resource records (RRs) for network adapter
with settings:

           Adapter Name : {65C3C2FA-78D8-4738-B192-88221FEAC2B5}
           Host Name : 45212MLIU-7
           Primary Domain Suffix : corp.premierinc.com
           DNS server list :
             	10.32.2.53, 10.75.200.141
           Sent update to server : <?>
           IP Address(es) :
             10.77.50.47

The reason the system could not register these RRs was because the update request it sent to the DNS server timed out. The most likely cause of this is that the DNS server authoritative for the name it was attempting to register or update is not running at this time.

You can manually retry DNS registration of the network adapter and its settings by typing 'ipconfig /registerdns' at the command prompt. If problems still persist, contact your DNS server or network systems administrator."
Warning,6/29/2018 10:30:05 AM,Microsoft-Windows-DNS-Client,8015,(1028),"The system failed to register host (A or AAAA) resource records (RRs) for network adapter
with settings:

           Adapter Name : {65C3C2FA-78D8-4738-B192-88221FEAC2B5}
           Host Name : 45212MLIU-7
           Primary Domain Suffix : corp.premierinc.com
           DNS server list :
             	10.32.2.53, 10.75.200.141
           Sent update to server : <?>
           IP Address(es) :
             10.77.50.47

The reason the system could not register these RRs was because the update request it sent to the DNS server timed out. The most likely cause of this is that the DNS server authoritative for the name it was attempting to register or update is not running at this time.

You can manually retry DNS registration of the network adapter and its settings by typing 'ipconfig /registerdns' at the command prompt. If problems still persist, contact your DNS server or network systems administrator."
Warning,6/29/2018 10:29:53 AM,Microsoft-Windows-DNS-Client,8015,(1028),"The system failed to register host (A or AAAA) resource records (RRs) for network adapter
with settings:

           Adapter Name : {65C3C2FA-78D8-4738-B192-88221FEAC2B5}
           Host Name : 45212MLIU-7
           Primary Domain Suffix : corp.premierinc.com
           DNS server list :
             	10.32.2.53, 10.75.200.141
           Sent update to server : <?>
           IP Address(es) :
             10.77.50.47

The reason the system could not register these RRs was because the update request it sent to the DNS server timed out. The most likely cause of this is that the DNS server authoritative for the name it was attempting to register or update is not running at this time.

You can manually retry DNS registration of the network adapter and its settings by typing 'ipconfig /registerdns' at the command prompt. If problems still persist, contact your DNS server or network systems administrator."
Warning,6/29/2018 10:29:49 AM,Microsoft-Windows-Time-Service,129,None,"NtpClient was unable to set a domain peer to use as a time source because of discovery error. NtpClient will try again in 15 minutes and double the reattempt interval thereafter. The error was: We can't sign you in with this credential because your domain isn't available. Make sure your device is connected to your organization's network and try again. If you previously signed in on this device with another credential, you can sign in with that credential. (0x8007051F)"
Warning,6/29/2018 10:29:45 AM,Microsoft-Windows-DNS-Client,1014,(1014),Name resolution for the name _VLMCS._TCP.corp.premierinc.com timed out after none of the configured DNS servers responded.
