Warning,7/3/2018 9:21:36 AM,Microsoft-Windows-Time-Service,129,None,NtpClient was unable to set a domain peer to use as a time source because of discovery error. NtpClient will try again in 15 minutes and double the reattempt interval thereafter. The error was: The entry is not found. (0x800706E1)
Information,7/3/2018 9:21:35 AM,Microsoft-Windows-Power-Troubleshooter,1,None,"The system has returned from a low power state.

Sleep Time: ‎2018‎-‎07‎-‎02T23:40:18.874610500Z
Wake Time: ‎2018‎-‎07‎-‎03T15:21:31.445261000Z

Wake Source: Unknown"
Information,7/3/2018 9:21:34 AM,Microsoft-Windows-Kernel-Power,520,(218),The brightness on this system is managed by high-precision brightness aware service.
Information,7/3/2018 9:21:34 AM,e1iexpress,32,None,"Intel(R) 82579LM Gigabit Network Connection
 Network link has been established at 1Gbps full duplex.
"
Warning,7/3/2018 9:21:33 AM,Microsoft-Windows-Time-Service,129,None,NtpClient was unable to set a domain peer to use as a time source because of discovery error. NtpClient will try again in 15 minutes and double the reattempt interval thereafter. The error was: The entry is not found. (0x800706E1)
Information,7/3/2018 9:21:32 AM,Microsoft-Windows-Kernel-General,1,(5),"The system time has changed to ‎2018‎-‎07‎-‎03T15:21:32.992000000Z from ‎2018‎-‎07‎-‎03T15:21:32.997104900Z.

Change Reason: An application or system component changed the time."
Information,7/3/2018 9:21:30 AM,Microsoft-Windows-Kernel-Boot,32,None,The bootmgr spent 0 ms waiting for user input.
Information,7/3/2018 9:21:30 AM,Microsoft-Windows-Kernel-Boot,18,None,There are 0x1 boot options on this system.
Information,7/3/2018 9:21:30 AM,Microsoft-Windows-Kernel-Boot,27,(33),The boot type was 0x1.
Information,7/3/2018 9:21:30 AM,Microsoft-Windows-Kernel-Boot,25,(32),The boot menu policy was 0x1.
Information,7/3/2018 9:21:30 AM,Microsoft-Windows-Kernel-Boot,30,(21),The firmware reported boot metrics.
Warning,7/3/2018 9:21:30 AM,Microsoft-Windows-Time-Service,129,None,NtpClient was unable to set a domain peer to use as a time source because of discovery error. NtpClient will try again in 15 minutes and double the reattempt interval thereafter. The error was: The entry is not found. (0x800706E1)
Warning,7/3/2018 9:21:30 AM,e1iexpress,27,None,"Intel(R) 82579LM Gigabit Network Connection
 Network link is disconnected.
"
Information,7/3/2018 9:21:29 AM,MEIx64,2,None,Intel(R) Management Engine Interface driver has started successfully.
Information,7/3/2018 9:21:29 AM,Microsoft-Windows-Kernel-Power,105,(100),Power source change.
Information,7/3/2018 9:21:29 AM,Microsoft-Windows-Kernel-General,1,(5),"The system time has changed to ‎2018‎-‎07‎-‎03T15:21:29.500000000Z from ‎2018‎-‎07‎-‎02T23:40:24.175253100Z.

Change Reason: System time synchronized with the hardware clock."
Information,7/2/2018 5:40:24 PM,Microsoft-Windows-Kernel-Power,107,(102),The system has resumed from sleep.
Information,7/2/2018 5:40:23 PM,BROWSER,8033,None,The browser has forced an election on network \Device\NetBT_Tcpip_{16292CE8-F4C8-4D5F-AC01-46C988FCFA75} because a master browser was stopped.
Information,7/2/2018 5:40:22 PM,BROWSER,8033,None,The browser has forced an election on network \Device\NetBT_Tcpip_{CFAF5E97-E3D1-4F0F-B282-9B1C710A19FF} because a master browser was stopped.
Information,7/2/2018 5:40:21 PM,Microsoft-Windows-Time-Service,37,None,The time provider NtpClient is currently receiving valid time data from C11PICORPDC1.corp.premierinc.com (ntp.d|0.0.0.0:123->10.10.240.117:123).
Information,7/2/2018 5:40:19 PM,Microsoft-Windows-Kernel-Power,42,(64),"The system is entering sleep.

Sleep Reason: Application API"
Information,7/2/2018 5:40:19 PM,Microsoft-Windows-Kernel-General,1,(5),"The system time has changed to ‎2018‎-‎07‎-‎02T23:40:19.124000000Z from ‎2018‎-‎07‎-‎02T23:40:19.136107000Z.

Change Reason: An application or system component changed the time."
Information,7/2/2018 5:40:18 PM,Microsoft-Windows-Winlogon,7002,(1102),User Logoff Notification for Customer Experience Improvement Program
Information,7/2/2018 5:40:15 PM,NETwNe64,5060,None,"The description for Event ID 5060 from source NETwNe64 cannot be found. Either the component that raises this event is not installed on your local computer or the installation is corrupted. You can install or repair the component on the local computer.

If the event originated on another computer, the display information had to be saved with the event.

The following information was included with the event: 

\Device\NDMP5
Intel(R) Centrino(R) Advanced-N 6205

The specified resource type cannot be found in the image file
"
Error,7/2/2018 5:40:08 PM,NETLOGON,5719,None,"This computer was not able to set up a secure session with a domain controller in domain CORP due to the following: 
We can't sign you in with this credential because your domain isn't available. Make sure your device is connected to your organization's network and try again. If you previously signed in on this device with another credential, you can sign in with that credential. 
This may lead to authentication problems. Make sure that this computer is connected to the network. If the problem persists, please contact your domain administrator.  

ADDITIONAL INFO 
If this computer is a domain controller for the specified domain, it sets up the secure session to the primary domain controller emulator in the specified domain. Otherwise, this computer sets up the secure session to any domain controller in the specified domain."
Information,7/2/2018 5:40:00 PM,Service Control Manager,7040,None,The start type of the Background Intelligent Transfer Service service was changed from auto start to demand start.
Warning,7/2/2018 5:39:49 PM,e1iexpress,27,None,"Intel(R) 82579LM Gigabit Network Connection
 Network link is disconnected.
"
Information,7/2/2018 5:39:49 PM,Microsoft-Windows-Kernel-Power,105,(100),Power source change.
Error,7/2/2018 5:39:48 PM,Microsoft-Windows-DistributedCOM,10010,None,The server {C66CD07A-28F4-4E86-BBBF-A84DEEE4BD3D} did not register with DCOM within the required timeout.
Error,7/2/2018 5:39:48 PM,Microsoft-Windows-DistributedCOM,10010,None,The server {C66CD07A-28F4-4E86-BBBF-A84DEEE4BD3D} did not register with DCOM within the required timeout.
Error,7/2/2018 5:39:47 PM,Microsoft-Windows-DistributedCOM,10010,None,The server {C66CD07A-28F4-4E86-BBBF-A84DEEE4BD3D} did not register with DCOM within the required timeout.
Error,7/2/2018 5:39:47 PM,Microsoft-Windows-DistributedCOM,10010,None,The server {C66CD07A-28F4-4E86-BBBF-A84DEEE4BD3D} did not register with DCOM within the required timeout.
Error,7/2/2018 5:39:47 PM,Microsoft-Windows-DistributedCOM,10010,None,The server {C66CD07A-28F4-4E86-BBBF-A84DEEE4BD3D} did not register with DCOM within the required timeout.
Error,7/2/2018 5:39:47 PM,Microsoft-Windows-DistributedCOM,10010,None,The server {C66CD07A-28F4-4E86-BBBF-A84DEEE4BD3D} did not register with DCOM within the required timeout.
Error,7/2/2018 5:39:47 PM,Microsoft-Windows-DistributedCOM,10010,None,The server {C66CD07A-28F4-4E86-BBBF-A84DEEE4BD3D} did not register with DCOM within the required timeout.
Error,7/2/2018 5:39:47 PM,Microsoft-Windows-DistributedCOM,10010,None,The server {C66CD07A-28F4-4E86-BBBF-A84DEEE4BD3D} did not register with DCOM within the required timeout.
Error,7/2/2018 5:39:46 PM,Microsoft-Windows-DistributedCOM,10010,None,The server {C66CD07A-28F4-4E86-BBBF-A84DEEE4BD3D} did not register with DCOM within the required timeout.
Error,7/2/2018 5:39:46 PM,Microsoft-Windows-DistributedCOM,10010,None,The server {C66CD07A-28F4-4E86-BBBF-A84DEEE4BD3D} did not register with DCOM within the required timeout.
Information,7/2/2018 5:39:42 PM,User32,1074,None,"The process C:\Windows\System32\RuntimeBroker.exe (45212MLIU-7) has initiated the power off of computer 45212MLIU-7 on behalf of user CORP\mliu for the following reason: Other (Unplanned)
 Reason Code: 0x0
 Shutdown Type: power off
 Comment: "
Information,7/2/2018 5:37:45 PM,Service Control Manager,7040,None,The start type of the Background Intelligent Transfer Service service was changed from demand start to auto start.
Warning,7/2/2018 5:31:13 PM,Microsoft-Windows-DNS-Client,8019,(1028),"The system failed to register host (A or AAAA) resource records (RRs) for network adapter
with settings:

           Adapter Name : {D8E1E31A-6CDC-4DF9-A781-06398854202A}
           Host Name : 45212MLIU-7
           Primary Domain Suffix : corp.premierinc.com
           DNS server list :
             	206.71.92.6, 206.71.92.5
           Sent update to server : 10.32.2.53:53
           IP Address(es) :
             206.71.92.121

The reason the system could not register these RRs was because of a security related problem. The cause of this could be (a) your computer does not have permissions to register and update the specific DNS domain name set for this adapter, or (b) there might have been a problem negotiating valid credentials with the DNS server during the processing of the update request.

You can manually retry DNS registration of the network adapter and its settings by typing 'ipconfig /registerdns' at the command prompt. If problems still persist, contact your DNS server or network systems administrator. See event details for specific error code information."
Information,7/2/2018 5:21:08 PM,Microsoft-Windows-GroupPolicy,1501,None,The Group Policy settings for the user were processed successfully. There were no changes detected since the last successful processing of Group Policy.
Information,7/2/2018 4:39:56 PM,Service Control Manager,7040,None,The start type of the Background Intelligent Transfer Service service was changed from auto start to demand start.
Warning,7/2/2018 4:38:37 PM,Microsoft-Windows-DNS-Client,8019,(1028),"The system failed to register host (A or AAAA) resource records (RRs) for network adapter
with settings:

           Adapter Name : {D8E1E31A-6CDC-4DF9-A781-06398854202A}
           Host Name : 45212MLIU-7
           Primary Domain Suffix : corp.premierinc.com
           DNS server list :
             	206.71.92.6, 206.71.92.5
           Sent update to server : 10.32.2.53:53
           IP Address(es) :
             206.71.92.121

The reason the system could not register these RRs was because of a security related problem. The cause of this could be (a) your computer does not have permissions to register and update the specific DNS domain name set for this adapter, or (b) there might have been a problem negotiating valid credentials with the DNS server during the processing of the update request.

You can manually retry DNS registration of the network adapter and its settings by typing 'ipconfig /registerdns' at the command prompt. If problems still persist, contact your DNS server or network systems administrator. See event details for specific error code information."
Information,7/2/2018 4:37:42 PM,Service Control Manager,7040,None,The start type of the Background Intelligent Transfer Service service was changed from demand start to auto start.
Information,7/2/2018 4:35:28 PM,Microsoft-Windows-GroupPolicy,1500,None,The Group Policy settings for the computer were processed successfully. There were no changes detected since the last successful processing of Group Policy.
Warning,7/2/2018 3:45:58 PM,Microsoft-Windows-DNS-Client,8019,(1028),"The system failed to register host (A or AAAA) resource records (RRs) for network adapter
with settings:

           Adapter Name : {D8E1E31A-6CDC-4DF9-A781-06398854202A}
           Host Name : 45212MLIU-7
           Primary Domain Suffix : corp.premierinc.com
           DNS server list :
             	206.71.92.6, 206.71.92.5
           Sent update to server : 10.32.2.53:53
           IP Address(es) :
             206.71.92.121

The reason the system could not register these RRs was because of a security related problem. The cause of this could be (a) your computer does not have permissions to register and update the specific DNS domain name set for this adapter, or (b) there might have been a problem negotiating valid credentials with the DNS server during the processing of the update request.

You can manually retry DNS registration of the network adapter and its settings by typing 'ipconfig /registerdns' at the command prompt. If problems still persist, contact your DNS server or network systems administrator. See event details for specific error code information."
Warning,7/2/2018 3:43:23 PM,Microsoft-Windows-DNS-Client,1014,(1014),Name resolution for the name xor timed out after none of the configured DNS servers responded.
Information,7/2/2018 3:40:02 PM,Service Control Manager,7040,None,The start type of the Background Intelligent Transfer Service service was changed from auto start to demand start.
Information,7/2/2018 3:39:09 PM,Microsoft-Windows-GroupPolicy,1501,None,The Group Policy settings for the user were processed successfully. There were no changes detected since the last successful processing of Group Policy.
Information,7/2/2018 3:37:45 PM,Service Control Manager,7040,None,The start type of the Background Intelligent Transfer Service service was changed from demand start to auto start.
Error,7/2/2018 3:07:34 PM,Microsoft-Windows-DistributedCOM,10000,None,"Unable to start a DCOM Server: {73E709EA-5D93-4B2E-BBB0-99B7938DA9E4}. The error:
""5""
Happened while starting this command:
C:\WINDOWS\system32\wbem\wmiprvse.exe -Embedding"
Information,7/2/2018 3:04:28 PM,Microsoft-Windows-GroupPolicy,1500,None,The Group Policy settings for the computer were processed successfully. There were no changes detected since the last successful processing of Group Policy.
Warning,7/2/2018 2:53:20 PM,Microsoft-Windows-DNS-Client,8019,(1028),"The system failed to register host (A or AAAA) resource records (RRs) for network adapter
with settings:

           Adapter Name : {D8E1E31A-6CDC-4DF9-A781-06398854202A}
           Host Name : 45212MLIU-7
           Primary Domain Suffix : corp.premierinc.com
           DNS server list :
             	206.71.92.6, 206.71.92.5
           Sent update to server : 10.32.2.53:53
           IP Address(es) :
             206.71.92.121

The reason the system could not register these RRs was because of a security related problem. The cause of this could be (a) your computer does not have permissions to register and update the specific DNS domain name set for this adapter, or (b) there might have been a problem negotiating valid credentials with the DNS server during the processing of the update request.

You can manually retry DNS registration of the network adapter and its settings by typing 'ipconfig /registerdns' at the command prompt. If problems still persist, contact your DNS server or network systems administrator. See event details for specific error code information."
Information,7/2/2018 2:45:45 PM,Service Control Manager,7040,None,The start type of the Background Intelligent Transfer Service service was changed from auto start to demand start.
Information,7/2/2018 2:43:34 PM,Service Control Manager,7040,None,The start type of the Background Intelligent Transfer Service service was changed from demand start to auto start.
Information,7/2/2018 2:39:53 PM,Service Control Manager,7040,None,The start type of the Background Intelligent Transfer Service service was changed from auto start to demand start.
Information,7/2/2018 2:38:27 PM,BROWSER,8032,None,The browser service has failed to retrieve the backup list too many times on transport \Device\NetBT_Tcpip_{D8E1E31A-6CDC-4DF9-A781-06398854202A}. The backup browser is stopping.
Information,7/2/2018 2:37:40 PM,Service Control Manager,7040,None,The start type of the Background Intelligent Transfer Service service was changed from demand start to auto start.
Warning,7/2/2018 2:37:27 PM,BROWSER,8021,None,"The browser service was unable to retrieve a list of servers from the browser master \\46121FBETKE-W7 on the network \Device\NetBT_Tcpip_{D8E1E31A-6CDC-4DF9-A781-06398854202A}.
 
 Browser master: \\46121FBETKE-W7
 Network: \Device\NetBT_Tcpip_{D8E1E31A-6CDC-4DF9-A781-06398854202A}
 
 This event may be caused by a temporary loss of network connectivity. If this message appears again, verify that the server is still connected to the network. The return code is in the Data text box."
Information,7/2/2018 2:23:00 PM,Service Control Manager,7040,None,The start type of the Background Intelligent Transfer Service service was changed from auto start to demand start.
Information,7/2/2018 2:20:36 PM,Service Control Manager,7040,None,The start type of the Background Intelligent Transfer Service service was changed from demand start to auto start.
Warning,7/2/2018 2:04:24 PM,Microsoft-Windows-Kernel-PnP,219,(212),The driver \Driver\WudfRd failed to load for the device USB\VID_05AC&PID_12A8\225dd8b27499a832cf63d1d763d3447c2cc11892.
Information,7/2/2018 2:04:24 PM,Microsoft-Windows-DriverFrameworks-UserMode,10114,Startup of the UMDF reflector,"WUDFPf (part of UMDF) did not load yet. After it does, Windows will start the device again."
Warning,7/2/2018 2:00:44 PM,Microsoft-Windows-DNS-Client,8019,(1028),"The system failed to register host (A or AAAA) resource records (RRs) for network adapter
with settings:

           Adapter Name : {D8E1E31A-6CDC-4DF9-A781-06398854202A}
           Host Name : 45212MLIU-7
           Primary Domain Suffix : corp.premierinc.com
           DNS server list :
             	206.71.92.6, 206.71.92.5
           Sent update to server : 10.32.2.53:53
           IP Address(es) :
             206.71.92.121

The reason the system could not register these RRs was because of a security related problem. The cause of this could be (a) your computer does not have permissions to register and update the specific DNS domain name set for this adapter, or (b) there might have been a problem negotiating valid credentials with the DNS server during the processing of the update request.

You can manually retry DNS registration of the network adapter and its settings by typing 'ipconfig /registerdns' at the command prompt. If problems still persist, contact your DNS server or network systems administrator. See event details for specific error code information."
Information,7/2/2018 1:57:07 PM,Microsoft-Windows-GroupPolicy,1501,None,The Group Policy settings for the user were processed successfully. There were no changes detected since the last successful processing of Group Policy.
Error,7/2/2018 1:52:36 PM,bowser,8003,None,The master browser has received a server announcement from the computer 46121FBETKE-W7 that believes that it is the master browser for the domain on transport NetBT_Tcpip_{D8E1E31A-6CDC-4DF9-A781-06398854202A}. The master browser is stopping or an election is being forced.
Information,7/2/2018 1:39:49 PM,Service Control Manager,7040,None,The start type of the Background Intelligent Transfer Service service was changed from auto start to demand start.
Information,7/2/2018 1:37:36 PM,Service Control Manager,7040,None,The start type of the Background Intelligent Transfer Service service was changed from demand start to auto start.
Information,7/2/2018 1:33:28 PM,Microsoft-Windows-GroupPolicy,1500,None,The Group Policy settings for the computer were processed successfully. There were no changes detected since the last successful processing of Group Policy.
Warning,7/2/2018 1:08:06 PM,Microsoft-Windows-DNS-Client,8019,(1028),"The system failed to register host (A or AAAA) resource records (RRs) for network adapter
with settings:

           Adapter Name : {D8E1E31A-6CDC-4DF9-A781-06398854202A}
           Host Name : 45212MLIU-7
           Primary Domain Suffix : corp.premierinc.com
           DNS server list :
             	206.71.92.6, 206.71.92.5
           Sent update to server : 10.32.2.53:53
           IP Address(es) :
             206.71.92.121

The reason the system could not register these RRs was because of a security related problem. The cause of this could be (a) your computer does not have permissions to register and update the specific DNS domain name set for this adapter, or (b) there might have been a problem negotiating valid credentials with the DNS server during the processing of the update request.

You can manually retry DNS registration of the network adapter and its settings by typing 'ipconfig /registerdns' at the command prompt. If problems still persist, contact your DNS server or network systems administrator. See event details for specific error code information."
Information,7/2/2018 12:59:14 PM,Volsnap,33,None,The oldest shadow copy of volume C: was deleted to keep disk space usage for shadow copies of volume C: below the user defined limit.
Information,7/2/2018 12:39:49 PM,Service Control Manager,7040,None,The start type of the Background Intelligent Transfer Service service was changed from auto start to demand start.
Information,7/2/2018 12:37:35 PM,Service Control Manager,7040,None,The start type of the Background Intelligent Transfer Service service was changed from demand start to auto start.
Information,7/2/2018 12:22:29 PM,Service Control Manager,7040,None,The start type of the Background Intelligent Transfer Service service was changed from auto start to demand start.
Information,7/2/2018 12:20:00 PM,Service Control Manager,7040,None,The start type of the Background Intelligent Transfer Service service was changed from demand start to auto start.
Error,7/2/2018 12:17:01 PM,Microsoft-Windows-Eventlog,40,None,The event logging service encountered an error when attempting to apply one or more policy settings.
Information,7/2/2018 12:17:01 PM,Microsoft-Windows-Time-Service,158,None,The time provider 'VMICTimeProvider' has indicated that the current hardware and operating environment is not supported and has stopped. This behavior is expected for VMICTimeProvider on non-HyperV-guest environments. This may be the expected behavior for the current provider in the current operating environment as well.
Information,7/2/2018 12:17:01 PM,Microsoft-Windows-GroupPolicy,1502,None,The Group Policy settings for the computer were processed successfully. New settings from 21 Group Policy objects were detected and applied.
Warning,7/2/2018 12:15:30 PM,Microsoft-Windows-DNS-Client,8019,(1028),"The system failed to register host (A or AAAA) resource records (RRs) for network adapter
with settings:

           Adapter Name : {D8E1E31A-6CDC-4DF9-A781-06398854202A}
           Host Name : 45212MLIU-7
           Primary Domain Suffix : corp.premierinc.com
           DNS server list :
             	206.71.92.6, 206.71.92.5
           Sent update to server : 10.32.2.53:53
           IP Address(es) :
             206.71.92.121

The reason the system could not register these RRs was because of a security related problem. The cause of this could be (a) your computer does not have permissions to register and update the specific DNS domain name set for this adapter, or (b) there might have been a problem negotiating valid credentials with the DNS server during the processing of the update request.

You can manually retry DNS registration of the network adapter and its settings by typing 'ipconfig /registerdns' at the command prompt. If problems still persist, contact your DNS server or network systems administrator. See event details for specific error code information."
Information,7/2/2018 12:15:10 PM,Microsoft-Windows-GroupPolicy,1503,None,The Group Policy settings for the user were processed successfully. New settings from 9 Group Policy objects were detected and applied.
Information,7/2/2018 12:08:25 PM,Microsoft-Windows-Ntfs,98,None,Volume Windows (\Device\HarddiskVolumeShadowCopy26) is healthy.  No action is needed.
Information,7/2/2018 12:06:46 PM,Microsoft-Windows-UserModePowerService,22,(18),Reapply power settings upon completion of the provisioning engine's turn 5
Information,7/2/2018 12:05:20 PM,Microsoft-Windows-Kernel-General,16,None,The access history in hive \??\C:\ProgramData\Microsoft\Provisioning\Microsoft-Desktop-Provisioning-Sequence.dat was cleared updating 0 keys and creating 0 modified pages.
Error,7/2/2018 12:02:51 PM,Microsoft-Windows-Eventlog,40,None,The event logging service encountered an error when attempting to apply one or more policy settings.
Information,7/2/2018 12:02:51 PM,Microsoft-Windows-Time-Service,158,None,The time provider 'VMICTimeProvider' has indicated that the current hardware and operating environment is not supported and has stopped. This behavior is expected for VMICTimeProvider on non-HyperV-guest environments. This may be the expected behavior for the current provider in the current operating environment as well.
Information,7/2/2018 12:02:51 PM,Microsoft-Windows-GroupPolicy,1502,None,The Group Policy settings for the computer were processed successfully. New settings from 21 Group Policy objects were detected and applied.
Information,7/2/2018 12:00:01 PM,EventLog,6013,None,The system uptime is 5413 seconds.
Information,7/2/2018 11:46:01 AM,Service Control Manager,7045,None,"A service was installed in the system.

Service Name:  MpKsl88300010
Service File Name:  C:\ProgramData\Microsoft\Windows Defender\Definition Updates\{CA3AABA2-8A22-47D9-A204-EAAEC577EF34}\MpKsl88300010.sys
Service Type:  kernel mode driver
Service Start Type:  system start
Service Account:  "
Information,7/2/2018 11:39:49 AM,Service Control Manager,7040,None,The start type of the Background Intelligent Transfer Service service was changed from auto start to demand start.
Information,7/2/2018 11:38:44 AM,Microsoft-Windows-Time-Service,158,None,The time provider 'VMICTimeProvider' has indicated that the current hardware and operating environment is not supported and has stopped. This behavior is expected for VMICTimeProvider on non-HyperV-guest environments. This may be the expected behavior for the current provider in the current operating environment as well.
Information,7/2/2018 11:37:33 AM,Service Control Manager,7040,None,The start type of the Background Intelligent Transfer Service service was changed from demand start to auto start.
Warning,7/2/2018 11:22:56 AM,Microsoft-Windows-DNS-Client,8019,(1028),"The system failed to register host (A or AAAA) resource records (RRs) for network adapter
with settings:

           Adapter Name : {D8E1E31A-6CDC-4DF9-A781-06398854202A}
           Host Name : 45212MLIU-7
           Primary Domain Suffix : corp.premierinc.com
           DNS server list :
             	206.71.92.6, 206.71.92.5
           Sent update to server : 10.32.2.53:53
           IP Address(es) :
             206.71.92.121

The reason the system could not register these RRs was because of a security related problem. The cause of this could be (a) your computer does not have permissions to register and update the specific DNS domain name set for this adapter, or (b) there might have been a problem negotiating valid credentials with the DNS server during the processing of the update request.

You can manually retry DNS registration of the network adapter and its settings by typing 'ipconfig /registerdns' at the command prompt. If problems still persist, contact your DNS server or network systems administrator. See event details for specific error code information."
Information,7/2/2018 11:21:52 AM,Microsoft-Windows-Time-Service,158,None,The time provider 'VMICTimeProvider' has indicated that the current hardware and operating environment is not supported and has stopped. This behavior is expected for VMICTimeProvider on non-HyperV-guest environments. This may be the expected behavior for the current provider in the current operating environment as well.
Information,7/2/2018 11:20:31 AM,Service Control Manager,7040,None,The start type of the Background Intelligent Transfer Service service was changed from auto start to demand start.
Information,7/2/2018 11:18:07 AM,Service Control Manager,7040,None,The start type of the Background Intelligent Transfer Service service was changed from demand start to auto start.
Information,7/2/2018 11:04:48 AM,Microsoft-Windows-Time-Service,158,None,The time provider 'VMICTimeProvider' has indicated that the current hardware and operating environment is not supported and has stopped. This behavior is expected for VMICTimeProvider on non-HyperV-guest environments. This may be the expected behavior for the current provider in the current operating environment as well.
Information,7/2/2018 10:53:36 AM,Service Control Manager,7040,None,The start type of the Background Intelligent Transfer Service service was changed from auto start to demand start.
Information,7/2/2018 10:50:42 AM,Service Control Manager,7040,None,The start type of the Background Intelligent Transfer Service service was changed from demand start to auto start.
Information,7/2/2018 10:49:52 AM,Service Control Manager,7040,None,The start type of the Background Intelligent Transfer Service service was changed from auto start to demand start.
Information,7/2/2018 10:47:44 AM,Microsoft-Windows-Time-Service,158,None,The time provider 'VMICTimeProvider' has indicated that the current hardware and operating environment is not supported and has stopped. This behavior is expected for VMICTimeProvider on non-HyperV-guest environments. This may be the expected behavior for the current provider in the current operating environment as well.
Information,7/2/2018 10:47:29 AM,Service Control Manager,7040,None,The start type of the Background Intelligent Transfer Service service was changed from demand start to auto start.
Information,7/2/2018 10:42:31 AM,Microsoft-Windows-WindowsUpdateClient,19,Windows Update Agent,Installation Successful: Windows successfully installed the following update: Definition Update for Windows Defender Antivirus - KB2267602 (Definition 1.271.362.0)
Information,7/2/2018 10:40:16 AM,Microsoft-Windows-WindowsUpdateClient,43,Windows Update Agent,Installation Started: Windows has started installing the following update: Definition Update for Windows Defender Antivirus - KB2267602 (Definition 1.271.362.0)
Information,7/2/2018 10:39:53 AM,Service Control Manager,7040,None,The start type of the Background Intelligent Transfer Service service was changed from auto start to demand start.
Information,7/2/2018 10:39:45 AM,Microsoft-Windows-WindowsUpdateClient,44,Windows Update Agent,Windows Update started downloading an update.
Information,7/2/2018 10:38:42 AM,Microsoft-Windows-FilterManager,6,None,"File System Filter 'WdFilter' (10.0, ‎2102‎-‎10‎-‎04T10:25:01.000000000Z) has successfully loaded and registered with Filter Manager."
Information,7/2/2018 10:38:42 AM,Service Control Manager,7040,None,The start type of the Windows Defender Antivirus Boot Driver service was changed from demand start to boot start.
Information,7/2/2018 10:38:42 AM,Service Control Manager,7040,None,The start type of the Windows Defender Antivirus Mini-Filter Driver service was changed from demand start to boot start.
Information,7/2/2018 10:38:41 AM,Service Control Manager,7040,None,The start type of the Windows Defender Antivirus Service service was changed from demand start to auto start.
Error,7/2/2018 10:37:20 AM,Service Control Manager,7022,None,The Windows Remote Management (WS-Management) service hung on starting.
Information,7/2/2018 10:37:19 AM,Microsoft-Windows-WinRM,10148,None,"The WinRM service is listening for WS-Management requests. 

 User Action 
 Use the following command to see the specific IPs on which WinRM is listening: 

 winrm enumerate winrm/config/listener"
Information,7/2/2018 10:36:41 AM,Service Control Manager,7040,None,The start type of the Background Intelligent Transfer Service service was changed from demand start to auto start.
Warning,7/2/2018 10:35:10 AM,Microsoft-Windows-DNS-Client,1014,(1014),Name resolution for the name jrutbxkgredak timed out after none of the configured DNS servers responded.
Information,7/2/2018 10:34:23 AM,Service Control Manager,7040,None,The start type of the Background Intelligent Transfer Service service was changed from auto start to demand start.
Warning,7/2/2018 10:32:46 AM,Microsoft-Windows-GroupPolicy,1085,None,"Windows failed to apply the Group Policy Files settings. Group Policy Files settings might have its own log file. Please click on the ""More information"" link."
Information,7/2/2018 10:32:45 AM,Microsoft-Windows-Kernel-General,11,None,"TxR init phase for hive \SystemRoot\System32\AppLocker\AppCache.dat (TM: {229E7BB3-7E15-11E8-8C68-28D2444507FA}, RM: {229E7BB2-7E15-11E8-8C68-28D2444507FA}) finished with result=0xC0000022 (Internal code=7)."
Information,7/2/2018 10:32:45 AM,Microsoft-Windows-Kernel-General,11,None,"TxR init phase for hive \SystemRoot\System32\AppLocker\AppCache.dat (TM: {553287F5-6869-11E8-8C63-28D2444507FA}, RM: {553287F4-6869-11E8-8C63-28D2444507FA}) finished with result=0xC0000022 (Internal code=0)."
Information,7/2/2018 10:32:45 AM,Microsoft-Windows-Kernel-General,16,None,The access history in hive \SystemRoot\System32\AppLocker\AppCache.dat was cleared updating 1 keys and creating 1 modified pages.
Information,7/2/2018 10:31:55 AM,Microsoft-Windows-Winlogon,7001,(1101),User Logon Notification for Customer Experience Improvement Program
Information,7/2/2018 10:31:48 AM,Service Control Manager,7040,None,The start type of the Background Intelligent Transfer Service service was changed from demand start to auto start.
Information,7/2/2018 10:31:23 AM,Microsoft-Windows-TPM-WMI,1026,None,"The Trusted Platform Module (TPM) hardware on this computer cannot be provisioned for use automatically.  To set up the TPM interactively use the TPM management console (Start->tpm.msc) and use the action to make the TPM ready.

Error: The TPM provisioning action is not allowed by the specified flags.  For provisioning to be successful, one of several actions may be required.  The TPM management console (tpm.msc) action to make the TPM Ready may help.  For further information, see the documentation for the Win32_Tpm WMI method 'Provision'.  (The actions that may be required include importing the TPM Owner Authorization value into the system, calling the Win32_Tpm WMI method for provisioning the TPM and specifying TRUE for either 'ForceClear_Allowed' or 'PhysicalPresencePrompts_Allowed' (as indicated by the value returned in the Additional Information), or enabling the TPM in the system BIOS.)
Additional Information: 0x80011c"
Information,7/2/2018 10:31:14 AM,Lfsvc,1,None,Geolocation positioning is enabled.
Error,7/2/2018 10:31:11 AM,Microsoft-Windows-Eventlog,40,None,The event logging service encountered an error when attempting to apply one or more policy settings.
Information,7/2/2018 10:31:11 AM,Microsoft-Windows-Time-Service,158,None,The time provider 'VMICTimeProvider' has indicated that the current hardware and operating environment is not supported and has stopped. This behavior is expected for VMICTimeProvider on non-HyperV-guest environments. This may be the expected behavior for the current provider in the current operating environment as well.
Information,7/2/2018 10:31:11 AM,Microsoft-Windows-GroupPolicy,1502,None,The Group Policy settings for the computer were processed successfully. New settings from 0 Group Policy objects were detected and applied.
Information,7/2/2018 10:31:11 AM,Application Management Group Policy,308,None,Changes to software installation settings were applied successfully.
Information,7/2/2018 10:30:56 AM,TPM,18,None,This event triggers the Trusted Platform Module (TPM) provisioning/status check to run.
Information,7/2/2018 10:30:56 AM,Service Control Manager,7026,None,"The following boot-start or system-start driver(s) did not load: 
dam"
Error,7/2/2018 10:30:56 AM,Service Control Manager,7000,None,"The NetMsmqActivator service failed to start due to the following error: 
The service did not respond to the start or control request in a timely fashion."
Error,7/2/2018 10:30:56 AM,Service Control Manager,7009,None,A timeout was reached (30000 milliseconds) while waiting for the NetMsmqActivator service to connect.
Information,7/2/2018 10:30:57 AM,McAfee Service Controller,1,None,The mfetp MMS Service entered the running state.
Error,7/2/2018 10:30:52 AM,Service Control Manager,7000,None,"The NetPipeActivator service failed to start due to the following error: 
The service did not respond to the start or control request in a timely fashion."
Error,7/2/2018 10:30:52 AM,Service Control Manager,7009,None,A timeout was reached (30000 milliseconds) while waiting for the NetPipeActivator service to connect.
Information,7/2/2018 10:30:40 AM,Microsoft-Windows-Time-Service,35,None,The time service is now synchronizing the system time with the time source C11PICORPDC1.corp.premierinc.com (ntp.d|0.0.0.0:123->10.10.240.117:123).
Information,7/2/2018 10:30:37 AM,McAfee Service Controller,1,None,The mfeatp MMS Service entered the running state.
Information,7/2/2018 10:30:35 AM,McAfee Service Controller,1,None,The mfedxl MMS Service entered the running state.
Information,7/2/2018 10:30:35 AM,McAfee Service Controller,1,None,The mfehcs MMS Service entered the running state.
Information,7/2/2018 10:30:34 AM,McAfee Service Controller,1,None,The mfeesp MMS Service entered the running state.
Information,7/2/2018 10:30:34 AM,McAfee Service Controller,1,None,The mfefw MMS Service entered the running state.
Information,7/2/2018 10:30:33 AM,McAfee Service Controller,1,None,The mfefire MMS Service entered the running state.
Information,7/2/2018 10:30:28 AM,Microsoft-Windows-Time-Service,37,None,The time provider NtpClient is currently receiving valid time data from C11PICORPDC1.corp.premierinc.com (ntp.d|0.0.0.0:123->10.10.240.117:123).
Information,7/2/2018 10:30:28 AM,McAfee Service Controller,1,None,The mfecore MMS Service entered the running state.
Information,7/2/2018 10:30:26 AM,Microsoft-Windows-Time-Service,37,None,The time provider NtpClient is currently receiving valid time data from C11PICORPDC1.corp.premierinc.com (ntp.d|0.0.0.0:123->10.10.240.117:123).
Warning,7/2/2018 10:30:25 AM,Microsoft-Windows-DNS-Client,8020,(1028),"The system failed to register host (A or AAAA) resource records (RRs) for network adapter
with settings:

           Adapter Name : {D8E1E31A-6CDC-4DF9-A781-06398854202A}
           Host Name : 45212MLIU-7
           Primary Domain Suffix : corp.premierinc.com
           DNS server list :
             	206.71.92.6, 206.71.92.5
           Sent update to server : <?>
           IP Address(es) :
             206.71.92.121

The reason the system could not register these RRs during the update request was because of a system problem. You can manually retry DNS registration of the network adapter and its settings by typing 'ipconfig /registerdns' at the command prompt. If problems still persist, contact your DNS server or network systems administrator. See event details for specific error code information."
Information,7/2/2018 10:30:24 AM,Microsoft-Windows-Time-Service,158,None,The time provider 'VMICTimeProvider' has indicated that the current hardware and operating environment is not supported and has stopped. This behavior is expected for VMICTimeProvider on non-HyperV-guest environments. This may be the expected behavior for the current provider in the current operating environment as well.
Warning,7/2/2018 10:30:19 AM,Microsoft-Windows-Wininit,11,None,Custom dynamic link libraries are being loaded for every application. The system administrator should review the list of libraries to ensure they are related to trusted applications. Please visit http://support.microsoft.com/kb/197571 for more information.
Information,7/2/2018 10:30:20 AM,McAfee Service Controller,1,None,The mfevtp MMS Service entered the running state.
Information,7/2/2018 10:30:17 AM,Microsoft-Windows-WAS,5211,None,The Windows Process Activation Service (WAS) started with 'Classic' mode using 'ConfigurationSystem'
Information,7/2/2018 10:30:16 AM,VMnetuserif,1,None,() Starting up the User Interface Driver for VMware Virtual Networks.
Error,7/2/2018 10:30:15 AM,Service Control Manager,7001,None,"The NetTcpActivator service depends on the NetTcpPortSharing service which failed to start because of the following error: 
The service cannot be started, either because it is disabled or because it has no enabled devices associated with it."
Information,7/2/2018 10:30:15 AM,vmx86,34,None,"The description for Event ID 34 from source vmx86 cannot be found. Either the component that raises this event is not installed on your local computer or the installation is corrupted. You can install or repair the component on the local computer.

If the event originated on another computer, the display information had to be saved with the event.

The following information was included with the event: 

VMX86.SYS: begin DriverEntry built @ 12:34:37
"
Error,7/2/2018 10:30:15 AM,NETLOGON,5719,None,"This computer was not able to set up a secure session with a domain controller in domain CORP due to the following: 
We can't sign you in with this credential because your domain isn't available. Make sure your device is connected to your organization's network and try again. If you previously signed in on this device with another credential, you can sign in with that credential. 
This may lead to authentication problems. Make sure that this computer is connected to the network. If the problem persists, please contact your domain administrator.  

ADDITIONAL INFO 
If this computer is a domain controller for the specified domain, it sets up the secure session to the primary domain controller emulator in the specified domain. Otherwise, this computer sets up the secure session to any domain controller in the specified domain."
Information,7/2/2018 10:30:15 AM,Microsoft-Windows-WLAN-AutoConfig,10001,None,"WLAN Extensibility Module has successfully started.

Module Path: C:\WINDOWS\system32\acnamihv.dll
"
Information,7/2/2018 10:30:14 AM,Microsoft-Windows-WLAN-AutoConfig,4000,None,"WLAN AutoConfig service has successfully started.
"
Information,7/2/2018 10:30:11 AM,Microsoft-Windows-DHCPv6-Client,51046,Service State Event,DHCPv6 client service is started
Information,7/2/2018 10:30:11 AM,Microsoft-Windows-FilterManager,6,None,"File System Filter 'storqosflt' (10.0, ‎2066‎-‎07‎-‎23T05:44:23.000000000Z) has successfully loaded and registered with Filter Manager."
Error,7/2/2018 10:30:11 AM,Service Control Manager,7000,None,"The CldFlt service failed to start due to the following error: 
The request is not supported."
Information,7/2/2018 10:30:11 AM,Microsoft-Windows-Dhcp-Client,50103,Service State Event,DHCPv4 client registered for shutdown notification
Information,7/2/2018 10:30:11 AM,Microsoft-Windows-Dhcp-Client,50036,Service State Event,DHCPv4 client service is started
Information,7/2/2018 10:30:11 AM,Microsoft-Windows-FilterManager,6,None,"File System Filter 'luafv' (10.0, ‎2008‎-‎03‎-‎16T23:17:00.000000000Z) has successfully loaded and registered with Filter Manager."
Information,7/2/2018 10:30:11 AM,Microsoft-Windows-FilterManager,6,None,"File System Filter 'wcifs' (10.0, ‎1989‎-‎10‎-‎07T07:01:51.000000000Z) has successfully loaded and registered with Filter Manager."
Information,7/2/2018 10:30:10 AM,Microsoft-Windows-Directory-Services-SAM,16963,None,"Remote calls to the SAM database are being restricted using the configured registry security descriptor: O:BAG:BAD:(A;;RC;;;BA).
For more information please see http://go.microsoft.com/fwlink/?LinkId=787651."
Information,7/2/2018 10:30:09 AM,Microsoft-Windows-Wininit,14,None,"Credential Guard (LsaIso.exe) configuration: 0x0, 0"
Information,7/2/2018 10:30:07 AM,e1iexpress,32,None,"Intel(R) 82579LM Gigabit Network Connection
 Network link has been established at 1Gbps full duplex.
"
Information,7/2/2018 10:30:05 AM,Microsoft-Windows-Ntfs,98,None,Volume \\?\Volume{167022d7-4dd4-11e6-8f1d-806e6f6e6963} (\Device\HarddiskVolume1) is healthy.  No action is needed.
Information,7/2/2018 10:30:04 AM,Microsoft-Windows-Ntfs,98,None,Volume \\?\Volume{167022d9-4dd4-11e6-8f1d-806e6f6e6963} (\Device\HarddiskVolume3) is healthy.  No action is needed.
Information,7/2/2018 10:30:04 AM,Microsoft-Windows-Kernel-Power,521,(220),Active battery count change.
Information,7/2/2018 10:30:03 AM,NETwNe64,7036,None,The \Device\NDMP5 service entered the Intel(R) Centrino(R) Advanced-N 6205 state.
Information,7/2/2018 10:30:03 AM,MEIx64,2,None,Intel(R) Management Engine Interface driver has started successfully.
Information,7/2/2018 10:30:03 AM,Microsoft-Windows-Kernel-Processor-Power,55,(47),"Processor 3 in group 0 exposes the following power management capabilities:

Idle state type: ACPI Idle (C) States (2 state(s))

Performance state type: ACPI Performance (P) / Throttle (T) States
Nominal Frequency (MHz): 2601
Maximum performance percentage: 100
Minimum performance percentage: 46
Minimum throttle percentage: 5"
Information,7/2/2018 10:30:03 AM,Microsoft-Windows-Kernel-Processor-Power,55,(47),"Processor 2 in group 0 exposes the following power management capabilities:

Idle state type: ACPI Idle (C) States (2 state(s))

Performance state type: ACPI Performance (P) / Throttle (T) States
Nominal Frequency (MHz): 2601
Maximum performance percentage: 100
Minimum performance percentage: 46
Minimum throttle percentage: 5"
Information,7/2/2018 10:30:03 AM,Microsoft-Windows-Kernel-Processor-Power,55,(47),"Processor 1 in group 0 exposes the following power management capabilities:

Idle state type: ACPI Idle (C) States (2 state(s))

Performance state type: ACPI Performance (P) / Throttle (T) States
Nominal Frequency (MHz): 2601
Maximum performance percentage: 100
Minimum performance percentage: 46
Minimum throttle percentage: 5"
Information,7/2/2018 10:30:03 AM,Microsoft-Windows-Kernel-Processor-Power,55,(47),"Processor 0 in group 0 exposes the following power management capabilities:

Idle state type: ACPI Idle (C) States (2 state(s))

Performance state type: ACPI Performance (P) / Throttle (T) States
Nominal Frequency (MHz): 2601
Maximum performance percentage: 100
Minimum performance percentage: 46
Minimum throttle percentage: 5"
Information,7/2/2018 10:29:52 AM,VMnetAdapter,36,None,() Starting up the Adapter Driver for VMware Virtual Networks.
Information,7/2/2018 10:29:52 AM,Microsoft-Windows-Kernel-Power,172,(203),"Connectivity state in standby: Disconnected, Reason: NIC compliance"
Information,7/2/2018 10:29:52 AM,Microsoft-Windows-FilterManager,6,None,"File System Filter 'npsvctrig' (10.0, ‎2097‎-‎07‎-‎25T04:18:05.000000000Z) has successfully loaded and registered with Filter Manager."
Information,7/2/2018 10:29:51 AM,Microsoft-Windows-FilterManager,6,None,"File System Filter 'hdlpflt' (10.0, ‎2017‎-‎12‎-‎07T06:22:28.000000000Z) has successfully loaded and registered with Filter Manager."
Information,7/2/2018 10:29:51 AM,Microsoft-Windows-FilterManager,6,None,"File System Filter 'FileCrypt' (10.0, ‎2030‎-‎05‎-‎28T02:10:59.000000000Z) has successfully loaded and registered with Filter Manager."
Information,7/2/2018 10:29:51 AM,Microsoft-Windows-Ntfs,98,None,Volume C: (\Device\HarddiskVolume2) is healthy.  No action is needed.
Information,7/2/2018 10:29:48 AM,Microsoft-Windows-FilterManager,6,None,"File System Filter 'mfehidk' (0.0, ‎2017‎-‎11‎-‎30T23:46:33.000000000Z) has successfully loaded and registered with Filter Manager."
Information,7/2/2018 10:29:48 AM,Microsoft-Windows-FilterManager,6,None,"File System Filter 'Wof' (10.0, ‎1974‎-‎03‎-‎11T16:47:45.000000000Z) has successfully loaded and registered with Filter Manager."
Information,7/2/2018 10:29:48 AM,Microsoft-Windows-FilterManager,6,None,"File System Filter 'MfeEEFF' (6.0, ‎2017‎-‎11‎-‎21T08:16:24.000000000Z) has successfully loaded and registered with Filter Manager."
Information,7/2/2018 10:29:48 AM,Microsoft-Windows-FilterManager,6,None,"File System Filter 'MfeEERM' (6.0, ‎2017‎-‎11‎-‎10T05:55:41.000000000Z) has successfully loaded and registered with Filter Manager."
Information,7/2/2018 10:29:48 AM,Microsoft-Windows-FilterManager,6,None,"File System Filter 'FileInfo' (10.0, ‎2042‎-‎06‎-‎30T08:43:32.000000000Z) has successfully loaded and registered with Filter Manager."
Information,7/2/2018 10:29:48 AM,TPM,24,None,The Trusted Platform Module (TPM) status: Enabled and Active.
Information,7/2/2018 10:29:47 AM,Microsoft-Windows-Kernel-Boot,30,(21),The firmware reported boot metrics.
Information,7/2/2018 10:29:47 AM,Microsoft-Windows-Kernel-Boot,32,None,The bootmgr spent 0 ms waiting for user input.
Information,7/2/2018 10:29:47 AM,Microsoft-Windows-Kernel-Boot,18,None,There are 0x1 boot options on this system.
Information,7/2/2018 10:29:47 AM,Microsoft-Windows-Kernel-Boot,25,(32),The boot menu policy was 0x1.
Information,7/2/2018 10:29:47 AM,Microsoft-Windows-Kernel-Boot,27,(33),The boot type was 0x0.
Information,7/2/2018 10:29:47 AM,Microsoft-Windows-Kernel-Boot,20,(31),The last shutdown's success status was true. The last boot's success status was true.
Information,7/2/2018 10:29:47 AM,Microsoft-Windows-Kernel-Boot,153,None,Virtualization-based security (policies: 0) is disabled.
Information,7/2/2018 10:29:47 AM,Microsoft-Windows-Kernel-General,12,(1),The operating system started at system time ‎2018‎-‎07‎-‎02T16:29:47.490627700Z.
Information,7/2/2018 10:29:31 AM,Microsoft-Windows-Kernel-General,13,(2),The operating system is shutting down at system time ‎2018‎-‎07‎-‎02T16:29:31.431505900Z.
Information,7/2/2018 10:29:05 AM,Microsoft-Windows-WLAN-AutoConfig,4001,None,"WLAN AutoConfig service has successfully stopped.
"
Information,7/2/2018 10:29:05 AM,Microsoft-Windows-Kernel-Power,109,(103),"The kernel power manager has initiated a shutdown transition.

Shutdown Reason: Kernel API"
Information,7/2/2018 10:30:11 AM,EventLog,6013,None,The system uptime is 24 seconds.
Information,7/2/2018 10:30:11 AM,EventLog,6005,None,The Event log service was started.
Information,7/2/2018 10:30:11 AM,EventLog,6009,None,Microsoft (R) Windows (R) 10.00. 15063  Multiprocessor Free.
