Warning,6/29/2018 10:29:25 AM,Microsoft-Windows-DNS-Client,8015,(1028),"The system failed to register host (A or AAAA) resource records (RRs) for network adapter
with settings:

           Adapter Name : {65C3C2FA-78D8-4738-B192-88221FEAC2B5}
           Host Name : 45212MLIU-7
           Primary Domain Suffix : corp.premierinc.com
           DNS server list :
             	10.32.2.53, 10.75.200.141
           Sent update to server : <?>
           IP Address(es) :
             10.77.50.47

The reason the system could not register these RRs was because the update request it sent to the DNS server timed out. The most likely cause of this is that the DNS server authoritative for the name it was attempting to register or update is not running at this time.

You can manually retry DNS registration of the network adapter and its settings by typing 'ipconfig /registerdns' at the command prompt. If problems still persist, contact your DNS server or network systems administrator."
Warning,6/29/2018 10:29:12 AM,Microsoft-Windows-DNS-Client,8015,(1028),"The system failed to register host (A or AAAA) resource records (RRs) for network adapter
with settings:

           Adapter Name : {65C3C2FA-78D8-4738-B192-88221FEAC2B5}
           Host Name : 45212MLIU-7
           Primary Domain Suffix : corp.premierinc.com
           DNS server list :
             	10.32.2.53, 10.75.200.141
           Sent update to server : <?>
           IP Address(es) :
             10.77.50.47

The reason the system could not register these RRs was because the update request it sent to the DNS server timed out. The most likely cause of this is that the DNS server authoritative for the name it was attempting to register or update is not running at this time.

You can manually retry DNS registration of the network adapter and its settings by typing 'ipconfig /registerdns' at the command prompt. If problems still persist, contact your DNS server or network systems administrator."
Warning,6/29/2018 10:29:02 AM,Microsoft-Windows-Time-Service,129,None,NtpClient was unable to set a domain peer to use as a time source because of discovery error. NtpClient will try again in 15 minutes and double the reattempt interval thereafter. The error was: The entry is not found. (0x800706E1)
Warning,6/29/2018 10:29:00 AM,Microsoft-Windows-DNS-Client,8015,(1028),"The system failed to register host (A or AAAA) resource records (RRs) for network adapter
with settings:

           Adapter Name : {65C3C2FA-78D8-4738-B192-88221FEAC2B5}
           Host Name : 45212MLIU-7
           Primary Domain Suffix : corp.premierinc.com
           DNS server list :
             	10.32.2.53, 10.75.200.141
           Sent update to server : <?>
           IP Address(es) :
             10.77.50.47

The reason the system could not register these RRs was because the update request it sent to the DNS server timed out. The most likely cause of this is that the DNS server authoritative for the name it was attempting to register or update is not running at this time.

You can manually retry DNS registration of the network adapter and its settings by typing 'ipconfig /registerdns' at the command prompt. If problems still persist, contact your DNS server or network systems administrator."
Warning,6/29/2018 10:28:58 AM,Microsoft-Windows-DNS-Client,1014,(1014),Name resolution for the name premierinc.com timed out after none of the configured DNS servers responded.
Warning,6/29/2018 10:28:48 AM,Microsoft-Windows-DNS-Client,8015,(1028),"The system failed to register host (A or AAAA) resource records (RRs) for network adapter
with settings:

           Adapter Name : {65C3C2FA-78D8-4738-B192-88221FEAC2B5}
           Host Name : 45212MLIU-7
           Primary Domain Suffix : corp.premierinc.com
           DNS server list :
             	10.32.2.53, 10.75.200.141
           Sent update to server : <?>
           IP Address(es) :
             10.77.50.47

The reason the system could not register these RRs was because the update request it sent to the DNS server timed out. The most likely cause of this is that the DNS server authoritative for the name it was attempting to register or update is not running at this time.

You can manually retry DNS registration of the network adapter and its settings by typing 'ipconfig /registerdns' at the command prompt. If problems still persist, contact your DNS server or network systems administrator."
Warning,6/29/2018 10:28:37 AM,Microsoft-Windows-DNS-Client,8015,(1028),"The system failed to register host (A or AAAA) resource records (RRs) for network adapter
with settings:

           Adapter Name : {65C3C2FA-78D8-4738-B192-88221FEAC2B5}
           Host Name : 45212MLIU-7
           Primary Domain Suffix : corp.premierinc.com
           DNS server list :
             	10.32.2.53, 10.75.200.141
           Sent update to server : <?>
           IP Address(es) :
             10.77.50.47

The reason the system could not register these RRs was because the update request it sent to the DNS server timed out. The most likely cause of this is that the DNS server authoritative for the name it was attempting to register or update is not running at this time.

You can manually retry DNS registration of the network adapter and its settings by typing 'ipconfig /registerdns' at the command prompt. If problems still persist, contact your DNS server or network systems administrator."
Warning,6/29/2018 10:28:37 AM,Microsoft-Windows-DNS-Client,1014,(1014),Name resolution for the name premierinc.com timed out after none of the configured DNS servers responded.
Warning,6/29/2018 10:28:16 AM,Microsoft-Windows-DNS-Client,8015,(1028),"The system failed to register host (A or AAAA) resource records (RRs) for network adapter
with settings:

           Adapter Name : {65C3C2FA-78D8-4738-B192-88221FEAC2B5}
           Host Name : 45212MLIU-7
           Primary Domain Suffix : corp.premierinc.com
           DNS server list :
             	10.32.2.53, 10.75.200.141
           Sent update to server : <?>
           IP Address(es) :
             10.77.50.47

The reason the system could not register these RRs was because the update request it sent to the DNS server timed out. The most likely cause of this is that the DNS server authoritative for the name it was attempting to register or update is not running at this time.

You can manually retry DNS registration of the network adapter and its settings by typing 'ipconfig /registerdns' at the command prompt. If problems still persist, contact your DNS server or network systems administrator."
Warning,6/29/2018 10:28:16 AM,Microsoft-Windows-Time-Service,129,None,NtpClient was unable to set a domain peer to use as a time source because of discovery error. NtpClient will try again in 15 minutes and double the reattempt interval thereafter. The error was: The entry is not found. (0x800706E1)
Warning,6/29/2018 10:28:07 AM,Microsoft-Windows-DNS-Client,1014,(1014),Name resolution for the name premierinc.com timed out after none of the configured DNS servers responded.
Warning,6/29/2018 10:28:04 AM,Microsoft-Windows-DNS-Client,8015,(1028),"The system failed to register host (A or AAAA) resource records (RRs) for network adapter
with settings:

           Adapter Name : {65C3C2FA-78D8-4738-B192-88221FEAC2B5}
           Host Name : 45212MLIU-7
           Primary Domain Suffix : corp.premierinc.com
           DNS server list :
             	10.32.2.53, 10.75.200.141
           Sent update to server : <?>
           IP Address(es) :
             10.77.50.47

The reason the system could not register these RRs was because the update request it sent to the DNS server timed out. The most likely cause of this is that the DNS server authoritative for the name it was attempting to register or update is not running at this time.

You can manually retry DNS registration of the network adapter and its settings by typing 'ipconfig /registerdns' at the command prompt. If problems still persist, contact your DNS server or network systems administrator."
Warning,6/29/2018 10:27:52 AM,Microsoft-Windows-DNS-Client,8015,(1028),"The system failed to register host (A or AAAA) resource records (RRs) for network adapter
with settings:

           Adapter Name : {65C3C2FA-78D8-4738-B192-88221FEAC2B5}
           Host Name : 45212MLIU-7
           Primary Domain Suffix : corp.premierinc.com
           DNS server list :
             	10.32.2.53, 10.75.200.141
           Sent update to server : <?>
           IP Address(es) :
             10.77.50.47

The reason the system could not register these RRs was because the update request it sent to the DNS server timed out. The most likely cause of this is that the DNS server authoritative for the name it was attempting to register or update is not running at this time.

You can manually retry DNS registration of the network adapter and its settings by typing 'ipconfig /registerdns' at the command prompt. If problems still persist, contact your DNS server or network systems administrator."
Warning,6/29/2018 10:27:51 AM,Microsoft-Windows-DNS-Client,1014,(1014),Name resolution for the name premierinc.com timed out after none of the configured DNS servers responded.
Warning,6/29/2018 10:27:39 AM,Microsoft-Windows-DNS-Client,8015,(1028),"The system failed to register host (A or AAAA) resource records (RRs) for network adapter
with settings:

           Adapter Name : {65C3C2FA-78D8-4738-B192-88221FEAC2B5}
           Host Name : 45212MLIU-7
           Primary Domain Suffix : corp.premierinc.com
           DNS server list :
             	10.32.2.53, 10.75.200.141
           Sent update to server : <?>
           IP Address(es) :
             10.77.50.47

The reason the system could not register these RRs was because the update request it sent to the DNS server timed out. The most likely cause of this is that the DNS server authoritative for the name it was attempting to register or update is not running at this time.

You can manually retry DNS registration of the network adapter and its settings by typing 'ipconfig /registerdns' at the command prompt. If problems still persist, contact your DNS server or network systems administrator."
Warning,6/29/2018 10:27:27 AM,Microsoft-Windows-DNS-Client,8015,(1028),"The system failed to register host (A or AAAA) resource records (RRs) for network adapter
with settings:

           Adapter Name : {65C3C2FA-78D8-4738-B192-88221FEAC2B5}
           Host Name : 45212MLIU-7
           Primary Domain Suffix : corp.premierinc.com
           DNS server list :
             	10.32.2.53, 10.75.200.141
           Sent update to server : <?>
           IP Address(es) :
             10.77.50.47

The reason the system could not register these RRs was because the update request it sent to the DNS server timed out. The most likely cause of this is that the DNS server authoritative for the name it was attempting to register or update is not running at this time.

You can manually retry DNS registration of the network adapter and its settings by typing 'ipconfig /registerdns' at the command prompt. If problems still persist, contact your DNS server or network systems administrator."
Warning,6/29/2018 10:27:25 AM,Microsoft-Windows-DNS-Client,1014,(1014),Name resolution for the name premierinc.com timed out after none of the configured DNS servers responded.
Warning,6/29/2018 10:27:13 AM,Microsoft-Windows-DNS-Client,8015,(1028),"The system failed to register host (A or AAAA) resource records (RRs) for network adapter
with settings:

           Adapter Name : {65C3C2FA-78D8-4738-B192-88221FEAC2B5}
           Host Name : 45212MLIU-7
           Primary Domain Suffix : corp.premierinc.com
           DNS server list :
             	10.32.2.53, 10.75.200.141
           Sent update to server : <?>
           IP Address(es) :
             10.77.50.47

The reason the system could not register these RRs was because the update request it sent to the DNS server timed out. The most likely cause of this is that the DNS server authoritative for the name it was attempting to register or update is not running at this time.

You can manually retry DNS registration of the network adapter and its settings by typing 'ipconfig /registerdns' at the command prompt. If problems still persist, contact your DNS server or network systems administrator."
Error,6/29/2018 10:27:11 AM,Microsoft-Windows-GroupPolicy,1129,None,"The processing of Group Policy failed because of lack of network connectivity to a domain controller. This may be a transient condition. A success message would be generated once the machine gets connected to the domain controller and Group Policy has successfully processed. If you do not see a success message for several hours, then contact your administrator."
Warning,6/29/2018 10:27:01 AM,Microsoft-Windows-DNS-Client,8015,(1028),"The system failed to register host (A or AAAA) resource records (RRs) for network adapter
with settings:

           Adapter Name : {65C3C2FA-78D8-4738-B192-88221FEAC2B5}
           Host Name : 45212MLIU-7
           Primary Domain Suffix : corp.premierinc.com
           DNS server list :
             	10.32.2.53, 10.75.200.141
           Sent update to server : <?>
           IP Address(es) :
             10.77.50.47

The reason the system could not register these RRs was because the update request it sent to the DNS server timed out. The most likely cause of this is that the DNS server authoritative for the name it was attempting to register or update is not running at this time.

You can manually retry DNS registration of the network adapter and its settings by typing 'ipconfig /registerdns' at the command prompt. If problems still persist, contact your DNS server or network systems administrator."
Warning,6/29/2018 10:26:59 AM,Microsoft-Windows-DNS-Client,1014,(1014),Name resolution for the name premierinc.com timed out after none of the configured DNS servers responded.
Warning,6/29/2018 10:26:44 AM,Microsoft-Windows-DNS-Client,1014,(1014),Name resolution for the name premierconnect.premierinc.com timed out after none of the configured DNS servers responded.
Information,6/29/2018 10:08:16 AM,Service Control Manager,7040,None,The start type of the Windows Modules Installer service was changed from demand start to auto start.
Information,6/29/2018 10:08:16 AM,Microsoft-Windows-Kernel-General,15,None,Hive \??\C:\WINDOWS\System32\config\COMPONENTS was reorganized with a starting size of 37756928 bytes and an ending size of 37765120 bytes.
Information,6/29/2018 10:08:11 AM,Microsoft-Windows-WindowsUpdateClient,43,Windows Update Agent,Installation Started: Windows has started installing the following update: 2018-06 Cumulative Update for Windows 10 Version 1703 for x64-based Systems (KB4284874)
Information,6/29/2018 10:08:11 AM,Microsoft-Windows-WindowsUpdateClient,19,Windows Update Agent,Installation Successful: Windows successfully installed the following update: Update for Skype for Business 2015 (KB4022170) 32-Bit Edition
Information,6/29/2018 10:06:18 AM,Service Control Manager,7040,None,The start type of the Background Intelligent Transfer Service service was changed from auto start to demand start.
Information,6/29/2018 10:05:11 AM,Microsoft-Windows-WindowsUpdateClient,43,Windows Update Agent,Installation Started: Windows has started installing the following update: Update for Skype for Business 2015 (KB4022170) 32-Bit Edition
Information,6/29/2018 10:04:02 AM,Service Control Manager,7040,None,The start type of the Background Intelligent Transfer Service service was changed from demand start to auto start.
Information,6/29/2018 10:03:57 AM,Service Control Manager,7040,None,The start type of the Background Intelligent Transfer Service service was changed from auto start to demand start.
Information,6/29/2018 9:43:55 AM,Microsoft-Windows-Ntfs,98,None,Volume Windows (\Device\HarddiskVolumeShadowCopy38) is healthy.  No action is needed.
Information,6/29/2018 9:25:40 AM,Microsoft-Windows-GroupPolicy,1500,None,The Group Policy settings for the computer were processed successfully. There were no changes detected since the last successful processing of Group Policy.
Error,6/29/2018 9:20:12 AM,Service Control Manager,7000,None,"The Windows Defender Antivirus Service service failed to start due to the following error: 
Windows cannot verify the digital signature for this file. A recent hardware or software change might have installed a file that is signed incorrectly or damaged, or that might be malicious software from an unknown source."
Information,6/29/2018 9:20:04 AM,Microsoft-Windows-UserModePowerService,22,(18),Reapply power settings upon completion of the provisioning engine's turn 5
Information,6/29/2018 9:20:01 AM,Microsoft-Windows-Kernel-General,16,None,The access history in hive \??\C:\ProgramData\Microsoft\Provisioning\Microsoft-Desktop-Provisioning-Sequence.dat was cleared updating 0 keys and creating 0 modified pages.
Information,6/29/2018 9:01:02 AM,Service Control Manager,7040,None,The start type of the Background Intelligent Transfer Service service was changed from demand start to auto start.
Information,6/29/2018 9:00:58 AM,Service Control Manager,7040,None,The start type of the Background Intelligent Transfer Service service was changed from auto start to demand start.
Information,6/29/2018 9:00:41 AM,Microsoft-Windows-DNS-Client,8013,(1028),"The system failed to register pointer (PTR) resource records (RRs) for network adapter
with settings:

           Adapter Name : {65C3C2FA-78D8-4738-B192-88221FEAC2B5}
           Host Name : 45212MLIU-7
           Adapter-specific Domain Suffix : corp.premierinc.com
           DNS server list :
             	10.32.2.53, 10.75.200.141
           Sent update to server : 10.32.2.53:53
           IP Address :
             10.77.50.47

The reason that the system could not register these RRs was because of a security related problem. The cause of this could be (a) your computer does not have permissions to register and update the specific DNS domain name set for this adapter, or (b) there might have been a problem negotiating valid credentials with the DNS server during the processing of the update request.

You can manually retry DNS registration of the network adapter and its settings by typing 'ipconfig /registerdns' at the command prompt. If problems still persist, contact your DNS server or network systems administrator."
Information,6/29/2018 9:00:41 AM,Microsoft-Windows-Time-Service,35,None,The time service is now synchronizing the system time with the time source C3PICORPDC2.corp.premierinc.com (ntp.d|0.0.0.0:123->10.32.6.130:123).
Information,6/29/2018 9:00:41 AM,Microsoft-Windows-Time-Service,37,None,The time provider NtpClient is currently receiving valid time data from C3PICORPDC2.corp.premierinc.com (ntp.d|0.0.0.0:123->10.32.6.130:123).
Information,6/29/2018 9:00:05 AM,Microsoft-Windows-WindowsUpdateClient,19,Windows Update Agent,Installation Successful: Windows successfully installed the following update: 9WZDNCRFJ1F8-XeroxCorp.PrintExperience
Information,6/29/2018 8:59:59 AM,Microsoft-Windows-WindowsUpdateClient,43,Windows Update Agent,Installation Started: Windows has started installing the following update: 9WZDNCRFJ1F8-XeroxCorp.PrintExperience
Information,6/29/2018 8:59:56 AM,Microsoft-Windows-Kernel-General,16,None,The access history in hive \??\C:\Users\mliu\AppData\Local\Packages\XeroxCorp.PrintExperience_f7egpvdyrs2a8\Settings\settings.dat was cleared updating 3 keys and creating 1 modified pages.
Information,6/29/2018 8:59:53 AM,Microsoft-Windows-Kernel-General,16,None,The access history in hive \??\C:\ProgramData\Microsoft\Windows\AppRepository\Packages\XeroxCorp.PrintExperience_7.48.10.0_x64__f7egpvdyrs2a8\ActivationStore.dat was cleared updating 0 keys and creating 0 modified pages.
Information,6/29/2018 8:59:15 AM,Microsoft-Windows-WindowsUpdateClient,44,Windows Update Agent,Windows Update started downloading an update.
Warning,6/29/2018 8:58:56 AM,Microsoft-Windows-DNS-Client,1014,(1014),Name resolution for the name SMS_SLP timed out after none of the configured DNS servers responded.
Error,6/29/2018 8:58:03 AM,Microsoft-Windows-GroupPolicy,1130,None,"Logon script failed. 
	GPO Name : CorporateTemplates
	GPO File System Path : \\corp.premierinc.com\SysVol\corp.premierinc.com\Policies\{537F14AF-167E-45E3-ABF6-D336AF72E8A3}\User
	Script Name: \\infrastructure\win7_app_deploy\PPT\PPT.bat"
Error,6/29/2018 8:58:03 AM,Microsoft-Windows-GroupPolicy,1130,None,"Logon script failed. 
	GPO Name : WriteDrivePrinters
	GPO File System Path : \\corp.premierinc.com\SysVol\corp.premierinc.com\Policies\{35C46FB7-C147-4027-8EC3-9A330109E69A}\User
	Script Name: WriteDriveMapSetup.ps1"
Warning,6/29/2018 8:56:43 AM,Microsoft-Windows-Time-Service,129,None,NtpClient was unable to set a domain peer to use as a time source because of discovery error. NtpClient will try again in 15 minutes and double the reattempt interval thereafter. The error was: The entry is not found. (0x800706E1)
Error,6/29/2018 8:56:40 AM,Microsoft-Windows-GroupPolicy,1129,None,"The processing of Group Policy failed because of lack of network connectivity to a domain controller. This may be a transient condition. A success message would be generated once the machine gets connected to the domain controller and Group Policy has successfully processed. If you do not see a success message for several hours, then contact your administrator."
Information,6/29/2018 8:56:39 AM,Microsoft-Windows-Winlogon,7001,(1101),User Logon Notification for Customer Experience Improvement Program
Warning,6/29/2018 8:55:45 AM,Microsoft-Windows-Time-Service,129,None,NtpClient was unable to set a domain peer to use as a time source because of discovery error. NtpClient will try again in 15 minutes and double the reattempt interval thereafter. The error was: The entry is not found. (0x800706E1)
Warning,6/29/2018 8:55:44 AM,Microsoft-Windows-DNS-Client,1014,(1014),Name resolution for the name _ldap._tcp.TheraDoc._sites.corp.premierinc.com. timed out after none of the configured DNS servers responded.
Information,6/29/2018 8:55:43 AM,Microsoft-Windows-Power-Troubleshooter,1,None,"The system has returned from a low power state.

Sleep Time: ‎2018‎-‎06‎-‎28T23:24:06.659924700Z
Wake Time: ‎2018‎-‎06‎-‎29T14:55:40.798999300Z

Wake Source: Unknown"
Warning,6/29/2018 8:55:41 AM,Microsoft-Windows-DNS-Client,1014,(1014),Name resolution for the name c3pisccm.corp.premierinc.com timed out after none of the configured DNS servers responded.
Warning,6/29/2018 8:55:41 AM,Microsoft-Windows-Time-Service,129,None,NtpClient was unable to set a domain peer to use as a time source because of discovery error. NtpClient will try again in 15 minutes and double the reattempt interval thereafter. The error was: The entry is not found. (0x800706E1)
Information,6/29/2018 8:55:41 AM,Microsoft-Windows-Kernel-General,1,(5),"The system time has changed to ‎2018‎-‎06‎-‎29T14:55:41.403000000Z from ‎2018‎-‎06‎-‎29T14:55:41.409907100Z.

Change Reason: An application or system component changed the time."
Error,6/29/2018 8:55:41 AM,NETLOGON,5719,None,"This computer was not able to set up a secure session with a domain controller in domain CORP due to the following: 
We can't sign you in with this credential because your domain isn't available. Make sure your device is connected to your organization's network and try again. If you previously signed in on this device with another credential, you can sign in with that credential. 
This may lead to authentication problems. Make sure that this computer is connected to the network. If the problem persists, please contact your domain administrator.  

ADDITIONAL INFO 
If this computer is a domain controller for the specified domain, it sets up the secure session to the primary domain controller emulator in the specified domain. Otherwise, this computer sets up the secure session to any domain controller in the specified domain."
Warning,6/29/2018 8:55:40 AM,Microsoft-Windows-Time-Service,129,None,NtpClient was unable to set a domain peer to use as a time source because of discovery error. NtpClient will try again in 15 minutes and double the reattempt interval thereafter. The error was: The entry is not found. (0x800706E1)
Information,6/29/2018 8:55:40 AM,MEIx64,2,None,Intel(R) Management Engine Interface driver has started successfully.
Warning,6/29/2018 8:55:40 AM,e1iexpress,27,None,"Intel(R) 82579LM Gigabit Network Connection
 Network link is disconnected.
"
Information,6/29/2018 8:55:40 AM,Microsoft-Windows-Kernel-Boot,32,None,The bootmgr spent 0 ms waiting for user input.
Information,6/29/2018 8:55:40 AM,Microsoft-Windows-Kernel-Boot,18,None,There are 0x1 boot options on this system.
Information,6/29/2018 8:55:40 AM,Microsoft-Windows-Kernel-Boot,27,(33),The boot type was 0x1.
Information,6/29/2018 8:55:40 AM,Microsoft-Windows-Kernel-Boot,25,(32),The boot menu policy was 0x1.
Information,6/29/2018 8:55:40 AM,Microsoft-Windows-Kernel-Boot,30,(21),The firmware reported boot metrics.
Information,6/29/2018 8:55:39 AM,Microsoft-Windows-Kernel-General,1,(5),"The system time has changed to ‎2018‎-‎06‎-‎29T14:55:39.500000000Z from ‎2018‎-‎06‎-‎28T23:24:15.613481700Z.

Change Reason: System time synchronized with the hardware clock."
Information,6/28/2018 5:24:15 PM,Microsoft-Windows-Kernel-Power,107,(102),The system has resumed from sleep.
Information,6/28/2018 5:24:13 PM,Microsoft-Windows-Kernel-Power,42,(64),"The system is entering sleep.

Sleep Reason: Application API"
Information,6/28/2018 5:24:06 PM,Microsoft-Windows-Kernel-General,1,(5),"The system time has changed to ‎2018‎-‎06‎-‎28T23:24:06.706000000Z from ‎2018‎-‎06‎-‎28T23:24:06.710385300Z.

Change Reason: An application or system component changed the time."
Information,6/28/2018 5:24:05 PM,Microsoft-Windows-Winlogon,7002,(1102),User Logoff Notification for Customer Experience Improvement Program
Information,6/28/2018 5:24:03 PM,Service Control Manager,7040,None,The start type of the Background Intelligent Transfer Service service was changed from demand start to auto start.
Information,6/28/2018 5:24:03 PM,Microsoft-Windows-Time-Service,37,None,The time provider NtpClient is currently receiving valid time data from C11PICORPDC1.corp.premierinc.com (ntp.d|0.0.0.0:123->10.10.240.117:123).
Information,6/28/2018 5:22:40 PM,Microsoft-Windows-Kernel-Power,105,(100),Power source change.
Warning,6/28/2018 5:22:40 PM,e1iexpress,27,None,"Intel(R) 82579LM Gigabit Network Connection
 Network link is disconnected.
"
Information,6/28/2018 4:43:51 PM,Service Control Manager,7040,None,The start type of the Background Intelligent Transfer Service service was changed from auto start to demand start.
Information,6/28/2018 4:41:38 PM,Service Control Manager,7040,None,The start type of the Background Intelligent Transfer Service service was changed from demand start to auto start.
Information,6/28/2018 4:32:49 PM,Microsoft-Windows-GroupPolicy,1500,None,The Group Policy settings for the computer were processed successfully. There were no changes detected since the last successful processing of Group Policy.
Warning,6/28/2018 4:31:28 PM,Microsoft-Windows-DNS-Client,8019,(1028),"The system failed to register host (A or AAAA) resource records (RRs) for network adapter
with settings:

           Adapter Name : {D8E1E31A-6CDC-4DF9-A781-06398854202A}
           Host Name : 45212MLIU-7
           Primary Domain Suffix : corp.premierinc.com
           DNS server list :
             	206.71.92.6, 206.71.92.5
           Sent update to server : 10.32.2.53:53
           IP Address(es) :
             206.71.92.121

The reason the system could not register these RRs was because of a security related problem. The cause of this could be (a) your computer does not have permissions to register and update the specific DNS domain name set for this adapter, or (b) there might have been a problem negotiating valid credentials with the DNS server during the processing of the update request.

You can manually retry DNS registration of the network adapter and its settings by typing 'ipconfig /registerdns' at the command prompt. If problems still persist, contact your DNS server or network systems administrator. See event details for specific error code information."
Information,6/28/2018 4:28:22 PM,Microsoft-Windows-GroupPolicy,1501,None,The Group Policy settings for the user were processed successfully. There were no changes detected since the last successful processing of Group Policy.
Information,6/28/2018 3:43:54 PM,Service Control Manager,7040,None,The start type of the Background Intelligent Transfer Service service was changed from auto start to demand start.
Information,6/28/2018 3:41:41 PM,Service Control Manager,7040,None,The start type of the Background Intelligent Transfer Service service was changed from demand start to auto start.
Warning,6/28/2018 3:38:53 PM,Microsoft-Windows-DNS-Client,8019,(1028),"The system failed to register host (A or AAAA) resource records (RRs) for network adapter
with settings:

           Adapter Name : {D8E1E31A-6CDC-4DF9-A781-06398854202A}
           Host Name : 45212MLIU-7
           Primary Domain Suffix : corp.premierinc.com
           DNS server list :
             	206.71.92.6, 206.71.92.5
           Sent update to server : 10.32.2.53:53
           IP Address(es) :
             206.71.92.121

The reason the system could not register these RRs was because of a security related problem. The cause of this could be (a) your computer does not have permissions to register and update the specific DNS domain name set for this adapter, or (b) there might have been a problem negotiating valid credentials with the DNS server during the processing of the update request.

You can manually retry DNS registration of the network adapter and its settings by typing 'ipconfig /registerdns' at the command prompt. If problems still persist, contact your DNS server or network systems administrator. See event details for specific error code information."
Information,6/28/2018 3:36:22 PM,Microsoft-Windows-Time-Service,158,None,The time provider 'VMICTimeProvider' has indicated that the current hardware and operating environment is not supported and has stopped. This behavior is expected for VMICTimeProvider on non-HyperV-guest environments. This may be the expected behavior for the current provider in the current operating environment as well.
Information,6/28/2018 3:36:22 PM,Microsoft-Windows-GroupPolicy,1502,None,The Group Policy settings for the computer were processed successfully. New settings from 17 Group Policy objects were detected and applied.
Information,6/28/2018 3:10:51 PM,Service Control Manager,7040,None,The start type of the Background Intelligent Transfer Service service was changed from auto start to demand start.
Information,6/28/2018 3:08:38 PM,Service Control Manager,7040,None,The start type of the Background Intelligent Transfer Service service was changed from demand start to auto start.
Information,6/28/2018 2:51:49 PM,Microsoft-Windows-GroupPolicy,1500,None,The Group Policy settings for the computer were processed successfully. There were no changes detected since the last successful processing of Group Policy.
Warning,6/28/2018 2:46:17 PM,Microsoft-Windows-DNS-Client,8019,(1028),"The system failed to register host (A or AAAA) resource records (RRs) for network adapter
with settings:

           Adapter Name : {D8E1E31A-6CDC-4DF9-A781-06398854202A}
           Host Name : 45212MLIU-7
           Primary Domain Suffix : corp.premierinc.com
           DNS server list :
             	206.71.92.6, 206.71.92.5
           Sent update to server : 10.32.2.53:53
           IP Address(es) :
             206.71.92.121

The reason the system could not register these RRs was because of a security related problem. The cause of this could be (a) your computer does not have permissions to register and update the specific DNS domain name set for this adapter, or (b) there might have been a problem negotiating valid credentials with the DNS server during the processing of the update request.

You can manually retry DNS registration of the network adapter and its settings by typing 'ipconfig /registerdns' at the command prompt. If problems still persist, contact your DNS server or network systems administrator. See event details for specific error code information."
Information,6/28/2018 2:44:23 PM,Microsoft-Windows-GroupPolicy,1501,None,The Group Policy settings for the user were processed successfully. There were no changes detected since the last successful processing of Group Policy.
Information,6/28/2018 2:43:54 PM,Service Control Manager,7040,None,The start type of the Background Intelligent Transfer Service service was changed from auto start to demand start.
Information,6/28/2018 2:41:39 PM,Service Control Manager,7040,None,The start type of the Background Intelligent Transfer Service service was changed from demand start to auto start.
Information,6/28/2018 2:14:49 PM,Service Control Manager,7040,None,The start type of the Background Intelligent Transfer Service service was changed from auto start to demand start.
Information,6/28/2018 2:12:38 PM,Service Control Manager,7040,None,The start type of the Background Intelligent Transfer Service service was changed from demand start to auto start.
Warning,6/28/2018 1:53:44 PM,Microsoft-Windows-DNS-Client,8019,(1028),"The system failed to register host (A or AAAA) resource records (RRs) for network adapter
with settings:

           Adapter Name : {D8E1E31A-6CDC-4DF9-A781-06398854202A}
           Host Name : 45212MLIU-7
           Primary Domain Suffix : corp.premierinc.com
           DNS server list :
             	206.71.92.6, 206.71.92.5
           Sent update to server : 10.32.2.53:53
           IP Address(es) :
             206.71.92.121

The reason the system could not register these RRs was because of a security related problem. The cause of this could be (a) your computer does not have permissions to register and update the specific DNS domain name set for this adapter, or (b) there might have been a problem negotiating valid credentials with the DNS server during the processing of the update request.

You can manually retry DNS registration of the network adapter and its settings by typing 'ipconfig /registerdns' at the command prompt. If problems still persist, contact your DNS server or network systems administrator. See event details for specific error code information."
Information,6/28/2018 1:44:04 PM,Service Control Manager,7040,None,The start type of the Background Intelligent Transfer Service service was changed from auto start to demand start.
Information,6/28/2018 1:41:38 PM,Service Control Manager,7040,None,The start type of the Background Intelligent Transfer Service service was changed from demand start to auto start.
Information,6/28/2018 1:15:56 PM,Service Control Manager,7040,None,The start type of the Background Intelligent Transfer Service service was changed from auto start to demand start.
Information,6/28/2018 1:13:47 PM,Service Control Manager,7040,None,The start type of the Background Intelligent Transfer Service service was changed from demand start to auto start.
Information,6/28/2018 1:10:49 PM,Microsoft-Windows-GroupPolicy,1500,None,The Group Policy settings for the computer were processed successfully. There were no changes detected since the last successful processing of Group Policy.
Warning,6/28/2018 1:01:05 PM,Microsoft-Windows-DNS-Client,8019,(1028),"The system failed to register host (A or AAAA) resource records (RRs) for network adapter
with settings:

           Adapter Name : {D8E1E31A-6CDC-4DF9-A781-06398854202A}
           Host Name : 45212MLIU-7
           Primary Domain Suffix : corp.premierinc.com
           DNS server list :
             	206.71.92.6, 206.71.92.5
           Sent update to server : 10.32.2.53:53
           IP Address(es) :
             206.71.92.121

The reason the system could not register these RRs was because of a security related problem. The cause of this could be (a) your computer does not have permissions to register and update the specific DNS domain name set for this adapter, or (b) there might have been a problem negotiating valid credentials with the DNS server during the processing of the update request.

You can manually retry DNS registration of the network adapter and its settings by typing 'ipconfig /registerdns' at the command prompt. If problems still persist, contact your DNS server or network systems administrator. See event details for specific error code information."
Information,6/28/2018 1:00:24 PM,Microsoft-Windows-GroupPolicy,1501,None,The Group Policy settings for the user were processed successfully. There were no changes detected since the last successful processing of Group Policy.
Information,6/28/2018 12:43:54 PM,Service Control Manager,7040,None,The start type of the Background Intelligent Transfer Service service was changed from auto start to demand start.
Information,6/28/2018 12:41:35 PM,Service Control Manager,7040,None,The start type of the Background Intelligent Transfer Service service was changed from demand start to auto start.
Information,6/28/2018 12:21:45 PM,Microsoft-Windows-Kernel-General,15,None,Hive \??\Volume{167022d8-4dd4-11e6-8f1d-806e6f6e6963}\System Volume Information\SPP\SppCbsHiveStore\{cd42efe1-f6f1-427c-b004-033192c625a4}{905389D8-8C1C-4410-B30D-6EF92BDB5B44} was reorganized with a starting size of 109346816 bytes and an ending size of 106795008 bytes.
Information,6/28/2018 12:21:20 PM,Microsoft-Windows-Kernel-General,15,None,Hive \??\Volume{167022d8-4dd4-11e6-8f1d-806e6f6e6963}\System Volume Information\SPP\SppCbsHiveStore\{cd42efe1-f6f1-427c-b004-033192c625a4}{D03DE4E1-4AEA-4E61-9350-F19028E108D2} was reorganized with a starting size of 1896448 bytes and an ending size of 565248 bytes.
Information,6/28/2018 12:21:13 PM,Microsoft-Windows-Kernel-General,16,None,The access history in hive \??\Volume{167022d8-4dd4-11e6-8f1d-806e6f6e6963}\System Volume Information\SPP\SppCbsHiveStore\{cd42efe1-f6f1-427c-b004-033192c625a4}{05B06E0E-F9EA-4F4C-A368-1A5B3AE3E99F} was cleared updating 1 keys and creating 1 modified pages.
Information,6/28/2018 12:20:22 PM,Microsoft-Windows-Ntfs,98,None,Volume Windows (\Device\HarddiskVolumeShadowCopy37) is healthy.  No action is needed.
Information,6/28/2018 12:20:18 PM,Microsoft-Windows-Kernel-General,15,None,Hive \??\Volume{167022d8-4dd4-11e6-8f1d-806e6f6e6963}\System Volume Information\SPP\SppCbsHiveStore\{cd42efe1-f6f1-427c-b004-033192c625a4}{D41F857B-5086-4A03-847E-F211E48CB1E3} was reorganized with a starting size of 37756928 bytes and an ending size of 37765120 bytes.
Information,6/28/2018 12:20:09 PM,Microsoft-Windows-Kernel-General,16,None,The access history in hive \??\Volume{167022d8-4dd4-11e6-8f1d-806e6f6e6963}\System Volume Information\SPP\SppCbsHiveStore\{cd42efe1-f6f1-427c-b004-033192c625a4}{4C428BCB-AFF8-4EC7-9AE1-F9B6CA34A5E7} was cleared updating 120 keys and creating 7 modified pages.
Information,6/28/2018 12:20:08 PM,Microsoft-Windows-Kernel-General,16,None,The access history in hive \??\Volume{167022d8-4dd4-11e6-8f1d-806e6f6e6963}\System Volume Information\SPP\SppCbsHiveStore\{cd42efe1-f6f1-427c-b004-033192c625a4}{B8F603E0-396B-4339-8049-E72ABCA352E2} was cleared updating 91 keys and creating 8 modified pages.
Information,6/28/2018 12:20:08 PM,Microsoft-Windows-Kernel-General,15,None,Hive \??\Volume{167022d8-4dd4-11e6-8f1d-806e6f6e6963}\System Volume Information\SPP\SppCbsHiveStore\{cd42efe1-f6f1-427c-b004-033192c625a4}{7ACF2E3D-F7C4-47A3-A7D7-FEEF4CAE8A70} was reorganized with a starting size of 20590592 bytes and an ending size of 16248832 bytes.
Information,6/28/2018 12:19:23 PM,Microsoft-Windows-Kernel-General,11,None,"TxR init phase for hive \??\GLOBALROOT\Device\HarddiskVolumeShadowCopy36\WINDOWS\System32\config\DRIVERS (TM: {3808A0FE-7A32-11E8-8C65-A44E31DD6C6C}, RM: {3808A0FD-7A32-11E8-8C65-A44E31DD6C6C}) finished with result=0xC00000A2 (Internal code=7)."
Information,6/28/2018 12:19:22 PM,Microsoft-Windows-Kernel-General,11,None,"TxR init phase for hive \??\GLOBALROOT\Device\HarddiskVolumeShadowCopy36\WINDOWS\System32\config\SYSTEM (TM: {3808A0FC-7A32-11E8-8C65-A44E31DD6C6C}, RM: {3808A0FB-7A32-11E8-8C65-A44E31DD6C6C}) finished with result=0xC00000A2 (Internal code=7)."
Information,6/28/2018 12:19:22 PM,Microsoft-Windows-Kernel-General,15,None,Hive \??\GLOBALROOT\Device\HarddiskVolumeShadowCopy36\WINDOWS\System32\config\SYSTEM was reorganized with a starting size of 20590592 bytes and an ending size of 16248832 bytes.
Information,6/28/2018 12:19:15 PM,Microsoft-Windows-Ntfs,98,None,Volume Windows (\Device\HarddiskVolumeShadowCopy36) is healthy.  No action is needed.
Warning,6/28/2018 12:08:29 PM,Microsoft-Windows-DNS-Client,8019,(1028),"The system failed to register host (A or AAAA) resource records (RRs) for network adapter
with settings:

           Adapter Name : {D8E1E31A-6CDC-4DF9-A781-06398854202A}
           Host Name : 45212MLIU-7
           Primary Domain Suffix : corp.premierinc.com
           DNS server list :
             	206.71.92.6, 206.71.92.5
           Sent update to server : 10.32.2.53:53
           IP Address(es) :
             206.71.92.121

The reason the system could not register these RRs was because of a security related problem. The cause of this could be (a) your computer does not have permissions to register and update the specific DNS domain name set for this adapter, or (b) there might have been a problem negotiating valid credentials with the DNS server during the processing of the update request.

You can manually retry DNS registration of the network adapter and its settings by typing 'ipconfig /registerdns' at the command prompt. If problems still persist, contact your DNS server or network systems administrator. See event details for specific error code information."
Information,6/28/2018 12:00:00 PM,EventLog,6013,None,The system uptime is 1904833 seconds.
Information,6/28/2018 11:43:50 AM,Service Control Manager,7040,None,The start type of the Background Intelligent Transfer Service service was changed from auto start to demand start.
Information,6/28/2018 11:41:32 AM,Service Control Manager,7040,None,The start type of the Background Intelligent Transfer Service service was changed from demand start to auto start.
Information,6/28/2018 11:29:52 AM,Microsoft-Windows-GroupPolicy,1500,None,The Group Policy settings for the computer were processed successfully. There were no changes detected since the last successful processing of Group Policy.
Information,6/28/2018 11:16:23 AM,Microsoft-Windows-GroupPolicy,1501,None,The Group Policy settings for the user were processed successfully. There were no changes detected since the last successful processing of Group Policy.
Warning,6/28/2018 11:15:52 AM,Microsoft-Windows-DNS-Client,8019,(1028),"The system failed to register host (A or AAAA) resource records (RRs) for network adapter
with settings:

           Adapter Name : {D8E1E31A-6CDC-4DF9-A781-06398854202A}
           Host Name : 45212MLIU-7
           Primary Domain Suffix : corp.premierinc.com
           DNS server list :
             	206.71.92.6, 206.71.92.5
           Sent update to server : 10.32.2.53:53
           IP Address(es) :
             206.71.92.121

The reason the system could not register these RRs was because of a security related problem. The cause of this could be (a) your computer does not have permissions to register and update the specific DNS domain name set for this adapter, or (b) there might have been a problem negotiating valid credentials with the DNS server during the processing of the update request.

You can manually retry DNS registration of the network adapter and its settings by typing 'ipconfig /registerdns' at the command prompt. If problems still persist, contact your DNS server or network systems administrator. See event details for specific error code information."
Information,6/28/2018 10:43:50 AM,Service Control Manager,7040,None,The start type of the Background Intelligent Transfer Service service was changed from auto start to demand start.
Information,6/28/2018 10:41:36 AM,Service Control Manager,7040,None,The start type of the Background Intelligent Transfer Service service was changed from demand start to auto start.
Information,6/28/2018 10:36:19 AM,Service Control Manager,7040,None,The start type of the Background Intelligent Transfer Service service was changed from auto start to demand start.
Information,6/28/2018 10:34:08 AM,Service Control Manager,7040,None,The start type of the Background Intelligent Transfer Service service was changed from demand start to auto start.
Error,6/28/2018 10:32:27 AM,Service Control Manager,7000,None,"The Windows Defender Antivirus Service service failed to start due to the following error: 
Windows cannot verify the digital signature for this file. A recent hardware or software change might have installed a file that is signed incorrectly or damaged, or that might be malicious software from an unknown source."
Warning,6/28/2018 10:23:21 AM,Microsoft-Windows-DNS-Client,8019,(1028),"The system failed to register host (A or AAAA) resource records (RRs) for network adapter
with settings:

           Adapter Name : {D8E1E31A-6CDC-4DF9-A781-06398854202A}
           Host Name : 45212MLIU-7
           Primary Domain Suffix : corp.premierinc.com
           DNS server list :
             	206.71.92.6, 206.71.92.5
           Sent update to server : 10.32.2.53:53
           IP Address(es) :
             206.71.92.121

The reason the system could not register these RRs was because of a security related problem. The cause of this could be (a) your computer does not have permissions to register and update the specific DNS domain name set for this adapter, or (b) there might have been a problem negotiating valid credentials with the DNS server during the processing of the update request.

You can manually retry DNS registration of the network adapter and its settings by typing 'ipconfig /registerdns' at the command prompt. If problems still persist, contact your DNS server or network systems administrator. See event details for specific error code information."
Information,6/28/2018 9:49:09 AM,Microsoft-Windows-GroupPolicy,1500,None,The Group Policy settings for the computer were processed successfully. There were no changes detected since the last successful processing of Group Policy.
Information,6/28/2018 9:43:48 AM,Service Control Manager,7040,None,The start type of the Background Intelligent Transfer Service service was changed from auto start to demand start.
Information,6/28/2018 9:37:46 AM,Service Control Manager,7040,None,The start type of the Background Intelligent Transfer Service service was changed from demand start to auto start.
Information,6/28/2018 9:37:36 AM,Service Control Manager,7040,None,The start type of the Background Intelligent Transfer Service service was changed from auto start to demand start.
Warning,6/28/2018 9:34:00 AM,Microsoft-Windows-DNS-Client,1014,(1014),Name resolution for the name oyhwzuubstg timed out after none of the configured DNS servers responded.
Error,6/28/2018 9:32:50 AM,Microsoft-Windows-DistributedCOM,10001,None,"Unable to start a DCOM Server: {A463FCB9-6B1C-4E0D-A80B-A2CA7999E25D} as Unavailable/Unavailable. The error:
""5""
Happened while starting this command:
C:\Windows\System32\smartscreen.exe -Embedding"
Information,6/28/2018 9:31:53 AM,Service Control Manager,7040,None,The start type of the Background Intelligent Transfer Service service was changed from demand start to auto start.
Information,6/28/2018 9:31:37 AM,Microsoft-Windows-Winlogon,7001,(1101),User Logon Notification for Customer Experience Improvement Program
Warning,6/28/2018 9:30:45 AM,Microsoft-Windows-DNS-Client,8019,(1028),"The system failed to register host (A or AAAA) resource records (RRs) for network adapter
with settings:

           Adapter Name : {D8E1E31A-6CDC-4DF9-A781-06398854202A}
           Host Name : 45212MLIU-7
           Primary Domain Suffix : corp.premierinc.com
           DNS server list :
             	206.71.92.6, 206.71.92.5
           Sent update to server : 10.32.2.53:53
           IP Address(es) :
             206.71.92.121

The reason the system could not register these RRs was because of a security related problem. The cause of this could be (a) your computer does not have permissions to register and update the specific DNS domain name set for this adapter, or (b) there might have been a problem negotiating valid credentials with the DNS server during the processing of the update request.

You can manually retry DNS registration of the network adapter and its settings by typing 'ipconfig /registerdns' at the command prompt. If problems still persist, contact your DNS server or network systems administrator. See event details for specific error code information."
Information,6/28/2018 9:30:42 AM,Microsoft-Windows-Time-Service,37,None,The time provider NtpClient is currently receiving valid time data from C11PICORPDC1.corp.premierinc.com (ntp.d|0.0.0.0:123->10.10.240.117:123).
