Warning,6/13/2018 9:41:24 AM,Microsoft-Windows-DNS-Client,8019,(1028),"The system failed to register host (A or AAAA) resource records (RRs) for network adapter
with settings:

           Adapter Name : {D8E1E31A-6CDC-4DF9-A781-06398854202A}
           Host Name : 45212MLIU-7
           Primary Domain Suffix : corp.premierinc.com
           DNS server list :
             	206.71.92.6, 206.71.92.5
           Sent update to server : 10.32.2.53:53
           IP Address(es) :
             206.71.92.121

The reason the system could not register these RRs was because of a security related problem. The cause of this could be (a) your computer does not have permissions to register and update the specific DNS domain name set for this adapter, or (b) there might have been a problem negotiating valid credentials with the DNS server during the processing of the update request.

You can manually retry DNS registration of the network adapter and its settings by typing 'ipconfig /registerdns' at the command prompt. If problems still persist, contact your DNS server or network systems administrator. See event details for specific error code information."
Information,6/13/2018 9:40:08 AM,Service Control Manager,7040,None,The start type of the Background Intelligent Transfer Service service was changed from auto start to demand start.
Information,6/13/2018 9:38:05 AM,Service Control Manager,7040,None,The start type of the Background Intelligent Transfer Service service was changed from demand start to auto start.
Information,6/13/2018 9:35:07 AM,Microsoft-Windows-GroupPolicy,1500,None,The Group Policy settings for the computer were processed successfully. There were no changes detected since the last successful processing of Group Policy.
Information,6/13/2018 9:17:42 AM,Service Control Manager,7040,None,The start type of the Background Intelligent Transfer Service service was changed from auto start to demand start.
Information,6/13/2018 9:15:30 AM,Service Control Manager,7040,None,The start type of the Background Intelligent Transfer Service service was changed from demand start to auto start.
Information,6/13/2018 9:01:28 AM,Service Control Manager,7040,None,The start type of the Background Intelligent Transfer Service service was changed from auto start to demand start.
Information,6/13/2018 8:58:51 AM,Service Control Manager,7040,None,The start type of the Background Intelligent Transfer Service service was changed from demand start to auto start.
Information,6/13/2018 8:57:42 AM,Service Control Manager,7040,None,The start type of the Background Intelligent Transfer Service service was changed from auto start to demand start.
Information,6/13/2018 8:54:10 AM,Service Control Manager,7040,None,The start type of the Background Intelligent Transfer Service service was changed from demand start to auto start.
Information,6/13/2018 8:53:28 AM,Service Control Manager,7040,None,The start type of the Background Intelligent Transfer Service service was changed from auto start to demand start.
Warning,6/13/2018 8:53:17 AM,Microsoft-Windows-DNS-Client,1014,(1014),Name resolution for the name axwsyecr timed out after none of the configured DNS servers responded.
Information,6/13/2018 8:50:54 AM,Service Control Manager,7040,None,The start type of the Background Intelligent Transfer Service service was changed from demand start to auto start.
Information,6/13/2018 8:50:05 AM,Microsoft-Windows-Winlogon,7001,(1101),User Logon Notification for Customer Experience Improvement Program
Warning,6/13/2018 8:48:58 AM,Microsoft-Windows-DNS-Client,8019,(1028),"The system failed to register host (A or AAAA) resource records (RRs) for network adapter
with settings:

           Adapter Name : {D8E1E31A-6CDC-4DF9-A781-06398854202A}
           Host Name : 45212MLIU-7
           Primary Domain Suffix : corp.premierinc.com
           DNS server list :
             	206.71.92.6, 206.71.92.5
           Sent update to server : 10.32.2.53:53
           IP Address(es) :
             206.71.92.121

The reason the system could not register these RRs was because of a security related problem. The cause of this could be (a) your computer does not have permissions to register and update the specific DNS domain name set for this adapter, or (b) there might have been a problem negotiating valid credentials with the DNS server during the processing of the update request.

You can manually retry DNS registration of the network adapter and its settings by typing 'ipconfig /registerdns' at the command prompt. If problems still persist, contact your DNS server or network systems administrator. See event details for specific error code information."
Warning,6/13/2018 8:48:50 AM,Microsoft-Windows-DNS-Client,8019,(1028),"The system failed to register host (A or AAAA) resource records (RRs) for network adapter
with settings:

           Adapter Name : {D8E1E31A-6CDC-4DF9-A781-06398854202A}
           Host Name : 45212MLIU-7
           Primary Domain Suffix : corp.premierinc.com
           DNS server list :
             	206.71.92.6, 206.71.92.5
           Sent update to server : 10.32.2.53:53
           IP Address(es) :
             206.71.92.121

The reason the system could not register these RRs was because of a security related problem. The cause of this could be (a) your computer does not have permissions to register and update the specific DNS domain name set for this adapter, or (b) there might have been a problem negotiating valid credentials with the DNS server during the processing of the update request.

You can manually retry DNS registration of the network adapter and its settings by typing 'ipconfig /registerdns' at the command prompt. If problems still persist, contact your DNS server or network systems administrator. See event details for specific error code information."
Information,6/13/2018 8:48:46 AM,Microsoft-Windows-Time-Service,37,None,The time provider NtpClient is currently receiving valid time data from C11PICORPDC1.corp.premierinc.com (ntp.d|0.0.0.0:123->10.10.240.117:123).
Warning,6/13/2018 8:48:44 AM,Microsoft-Windows-DNS-Client,8019,(1028),"The system failed to register host (A or AAAA) resource records (RRs) for network adapter
with settings:

           Adapter Name : {D8E1E31A-6CDC-4DF9-A781-06398854202A}
           Host Name : 45212MLIU-7
           Primary Domain Suffix : corp.premierinc.com
           DNS server list :
             	206.71.92.6, 206.71.92.5
           Sent update to server : 10.32.2.53:53
           IP Address(es) :
             206.71.92.121

The reason the system could not register these RRs was because of a security related problem. The cause of this could be (a) your computer does not have permissions to register and update the specific DNS domain name set for this adapter, or (b) there might have been a problem negotiating valid credentials with the DNS server during the processing of the update request.

You can manually retry DNS registration of the network adapter and its settings by typing 'ipconfig /registerdns' at the command prompt. If problems still persist, contact your DNS server or network systems administrator. See event details for specific error code information."
Information,6/13/2018 8:48:41 AM,Microsoft-Windows-Power-Troubleshooter,1,None,"The system has returned from a low power state.

Sleep Time: ‎2018‎-‎06‎-‎12T23:50:14.906248100Z
Wake Time: ‎2018‎-‎06‎-‎13T14:48:37.846097300Z

Wake Source: Unknown"
Information,6/13/2018 8:48:40 AM,e1iexpress,32,None,"Intel(R) 82579LM Gigabit Network Connection
 Network link has been established at 1Gbps full duplex.
"
Information,6/13/2018 8:48:37 AM,Microsoft-Windows-Kernel-Boot,32,None,The bootmgr spent 0 ms waiting for user input.
Information,6/13/2018 8:48:37 AM,Microsoft-Windows-Kernel-Boot,18,None,There are 0x1 boot options on this system.
Information,6/13/2018 8:48:37 AM,Microsoft-Windows-Kernel-Boot,27,(33),The boot type was 0x1.
Information,6/13/2018 8:48:37 AM,Microsoft-Windows-Kernel-Boot,25,(32),The boot menu policy was 0x1.
Information,6/13/2018 8:48:37 AM,Microsoft-Windows-Kernel-Boot,30,(21),The firmware reported boot metrics.
Information,6/13/2018 8:48:37 AM,MEIx64,2,None,Intel(R) Management Engine Interface driver has started successfully.
Warning,6/13/2018 8:48:36 AM,e1iexpress,27,None,"Intel(R) 82579LM Gigabit Network Connection
 Network link is disconnected.
"
Information,6/13/2018 8:48:36 AM,Microsoft-Windows-Kernel-Power,105,(100),Power source change.
Information,6/13/2018 8:48:36 AM,Microsoft-Windows-Kernel-General,1,(5),"The system time has changed to ‎2018‎-‎06‎-‎13T14:48:36.500000000Z from ‎2018‎-‎06‎-‎12T23:50:54.057024900Z.

Change Reason: System time synchronized with the hardware clock."
Information,6/12/2018 5:50:54 PM,Microsoft-Windows-Kernel-Power,107,(102),The system has resumed from sleep.
Information,6/12/2018 5:50:48 PM,Microsoft-Windows-Kernel-Power,42,(64),"The system is entering sleep.

Sleep Reason: Application API"
Information,6/12/2018 5:50:16 PM,Microsoft-Windows-Kernel-General,1,(5),"The system time has changed to ‎2018‎-‎06‎-‎12T23:50:16.218000000Z from ‎2018‎-‎06‎-‎12T23:50:16.227017900Z.

Change Reason: An application or system component changed the time."
Information,6/12/2018 5:50:12 PM,Microsoft-Windows-Winlogon,7002,(1102),User Logoff Notification for Customer Experience Improvement Program
Error,6/12/2018 5:49:57 PM,Service Control Manager,7011,None,A timeout (30000 milliseconds) was reached while waiting for a transaction response from the McAfeeDLPAgentService service.
Error,6/12/2018 5:49:57 PM,Service Control Manager,7011,None,A timeout (30000 milliseconds) was reached while waiting for a transaction response from the mfewc service.
Error,6/12/2018 5:49:27 PM,Service Control Manager,7011,None,A timeout (30000 milliseconds) was reached while waiting for a transaction response from the McAfeeDLPAgentService service.
Information,6/12/2018 5:49:00 PM,Microsoft-Windows-Kernel-Power,105,(100),Power source change.
Warning,6/12/2018 5:49:00 PM,e1iexpress,27,None,"Intel(R) 82579LM Gigabit Network Connection
 Network link is disconnected.
"
Information,6/12/2018 5:40:06 PM,Service Control Manager,7040,None,The start type of the Background Intelligent Transfer Service service was changed from auto start to demand start.
Warning,6/12/2018 5:26:45 PM,Microsoft-Windows-DNS-Client,8019,(1028),"The system failed to register host (A or AAAA) resource records (RRs) for network adapter
with settings:

           Adapter Name : {D8E1E31A-6CDC-4DF9-A781-06398854202A}
           Host Name : 45212MLIU-7
           Primary Domain Suffix : corp.premierinc.com
           DNS server list :
             	206.71.92.6, 206.71.92.5
           Sent update to server : 10.32.2.53:53
           IP Address(es) :
             206.71.92.121

The reason the system could not register these RRs was because of a security related problem. The cause of this could be (a) your computer does not have permissions to register and update the specific DNS domain name set for this adapter, or (b) there might have been a problem negotiating valid credentials with the DNS server during the processing of the update request.

You can manually retry DNS registration of the network adapter and its settings by typing 'ipconfig /registerdns' at the command prompt. If problems still persist, contact your DNS server or network systems administrator. See event details for specific error code information."
Warning,6/12/2018 5:08:27 PM,Microsoft-Windows-DNS-Client,1014,(1014),Name resolution for the name Theradoc2 timed out after none of the configured DNS servers responded.
Information,6/12/2018 4:50:32 PM,Microsoft-Windows-Kernel-General,16,None,The access history in hive \??\C:\Users\mliu\AppData\Local\Packages\Microsoft.WindowsStore_8wekyb3d8bbwe\Settings\settings.dat was cleared updating 10 keys and creating 1 modified pages.
Information,6/12/2018 4:44:51 PM,Microsoft-Windows-GroupPolicy,1500,None,The Group Policy settings for the computer were processed successfully. There were no changes detected since the last successful processing of Group Policy.
Warning,6/12/2018 4:34:10 PM,Microsoft-Windows-DNS-Client,8019,(1028),"The system failed to register host (A or AAAA) resource records (RRs) for network adapter
with settings:

           Adapter Name : {D8E1E31A-6CDC-4DF9-A781-06398854202A}
           Host Name : 45212MLIU-7
           Primary Domain Suffix : corp.premierinc.com
           DNS server list :
             	206.71.92.6, 206.71.92.5
           Sent update to server : 10.32.2.53:53
           IP Address(es) :
             206.71.92.121

The reason the system could not register these RRs was because of a security related problem. The cause of this could be (a) your computer does not have permissions to register and update the specific DNS domain name set for this adapter, or (b) there might have been a problem negotiating valid credentials with the DNS server during the processing of the update request.

You can manually retry DNS registration of the network adapter and its settings by typing 'ipconfig /registerdns' at the command prompt. If problems still persist, contact your DNS server or network systems administrator. See event details for specific error code information."
Information,6/12/2018 4:22:54 PM,Microsoft-Windows-GroupPolicy,1501,None,The Group Policy settings for the user were processed successfully. There were no changes detected since the last successful processing of Group Policy.
Warning,6/12/2018 3:41:32 PM,Microsoft-Windows-DNS-Client,8019,(1028),"The system failed to register host (A or AAAA) resource records (RRs) for network adapter
with settings:

           Adapter Name : {D8E1E31A-6CDC-4DF9-A781-06398854202A}
           Host Name : 45212MLIU-7
           Primary Domain Suffix : corp.premierinc.com
           DNS server list :
             	206.71.92.6, 206.71.92.5
           Sent update to server : 10.32.2.53:53
           IP Address(es) :
             206.71.92.121

The reason the system could not register these RRs was because of a security related problem. The cause of this could be (a) your computer does not have permissions to register and update the specific DNS domain name set for this adapter, or (b) there might have been a problem negotiating valid credentials with the DNS server during the processing of the update request.

You can manually retry DNS registration of the network adapter and its settings by typing 'ipconfig /registerdns' at the command prompt. If problems still persist, contact your DNS server or network systems administrator. See event details for specific error code information."
Information,6/12/2018 3:29:30 PM,Microsoft-Windows-Time-Service,158,None,The time provider 'VMICTimeProvider' has indicated that the current hardware and operating environment is not supported and has stopped. This behavior is expected for VMICTimeProvider on non-HyperV-guest environments. This may be the expected behavior for the current provider in the current operating environment as well.
Information,6/12/2018 3:29:29 PM,Microsoft-Windows-GroupPolicy,1502,None,The Group Policy settings for the computer were processed successfully. New settings from 17 Group Policy objects were detected and applied.
Information,6/12/2018 3:04:12 PM,Microsoft-Windows-GroupPolicy,1500,None,The Group Policy settings for the computer were processed successfully. There were no changes detected since the last successful processing of Group Policy.
Warning,6/12/2018 2:48:54 PM,Microsoft-Windows-DNS-Client,8019,(1028),"The system failed to register host (A or AAAA) resource records (RRs) for network adapter
with settings:

           Adapter Name : {D8E1E31A-6CDC-4DF9-A781-06398854202A}
           Host Name : 45212MLIU-7
           Primary Domain Suffix : corp.premierinc.com
           DNS server list :
             	206.71.92.6, 206.71.92.5
           Sent update to server : 10.32.2.53:53
           IP Address(es) :
             206.71.92.121

The reason the system could not register these RRs was because of a security related problem. The cause of this could be (a) your computer does not have permissions to register and update the specific DNS domain name set for this adapter, or (b) there might have been a problem negotiating valid credentials with the DNS server during the processing of the update request.

You can manually retry DNS registration of the network adapter and its settings by typing 'ipconfig /registerdns' at the command prompt. If problems still persist, contact your DNS server or network systems administrator. See event details for specific error code information."
Information,6/12/2018 2:40:55 PM,Microsoft-Windows-GroupPolicy,1501,None,The Group Policy settings for the user were processed successfully. There were no changes detected since the last successful processing of Group Policy.
Warning,6/12/2018 2:33:46 PM,Microsoft-Windows-DNS-Client,1014,(1014),Name resolution for the name neo timed out after none of the configured DNS servers responded.
Information,6/12/2018 2:26:36 PM,Service Control Manager,7040,None,The start type of the Windows Modules Installer service was changed from auto start to demand start.
Information,6/12/2018 2:25:57 PM,Service Control Manager,7040,None,The start type of the Windows Modules Installer service was changed from demand start to auto start.
Warning,6/12/2018 1:56:17 PM,Microsoft-Windows-DNS-Client,8019,(1028),"The system failed to register host (A or AAAA) resource records (RRs) for network adapter
with settings:

           Adapter Name : {D8E1E31A-6CDC-4DF9-A781-06398854202A}
           Host Name : 45212MLIU-7
           Primary Domain Suffix : corp.premierinc.com
           DNS server list :
             	206.71.92.6, 206.71.92.5
           Sent update to server : 10.32.2.53:53
           IP Address(es) :
             206.71.92.121

The reason the system could not register these RRs was because of a security related problem. The cause of this could be (a) your computer does not have permissions to register and update the specific DNS domain name set for this adapter, or (b) there might have been a problem negotiating valid credentials with the DNS server during the processing of the update request.

You can manually retry DNS registration of the network adapter and its settings by typing 'ipconfig /registerdns' at the command prompt. If problems still persist, contact your DNS server or network systems administrator. See event details for specific error code information."
Information,6/12/2018 1:37:13 PM,Service Control Manager,7040,None,The start type of the Windows Modules Installer service was changed from auto start to demand start.
Information,6/12/2018 1:34:44 PM,Service Control Manager,7040,None,The start type of the Windows Modules Installer service was changed from demand start to auto start.
Information,6/12/2018 1:22:52 PM,Microsoft-Windows-GroupPolicy,1500,None,The Group Policy settings for the computer were processed successfully. There were no changes detected since the last successful processing of Group Policy.
Warning,6/12/2018 1:03:42 PM,Microsoft-Windows-DNS-Client,8019,(1028),"The system failed to register host (A or AAAA) resource records (RRs) for network adapter
with settings:

           Adapter Name : {D8E1E31A-6CDC-4DF9-A781-06398854202A}
           Host Name : 45212MLIU-7
           Primary Domain Suffix : corp.premierinc.com
           DNS server list :
             	206.71.92.6, 206.71.92.5
           Sent update to server : 10.32.2.53:53
           IP Address(es) :
             206.71.92.121

The reason the system could not register these RRs was because of a security related problem. The cause of this could be (a) your computer does not have permissions to register and update the specific DNS domain name set for this adapter, or (b) there might have been a problem negotiating valid credentials with the DNS server during the processing of the update request.

You can manually retry DNS registration of the network adapter and its settings by typing 'ipconfig /registerdns' at the command prompt. If problems still persist, contact your DNS server or network systems administrator. See event details for specific error code information."
Information,6/12/2018 12:58:54 PM,Microsoft-Windows-GroupPolicy,1501,None,The Group Policy settings for the user were processed successfully. There were no changes detected since the last successful processing of Group Policy.
Information,6/12/2018 12:56:59 PM,Service Control Manager,7040,None,The start type of the Windows Modules Installer service was changed from auto start to demand start.
Information,6/12/2018 12:40:04 PM,Service Control Manager,7040,None,The start type of the Background Intelligent Transfer Service service was changed from demand start to auto start.
Information,6/12/2018 12:36:26 PM,Microsoft-Windows-Ntfs,98,None,Volume Windows (\Device\HarddiskVolumeShadowCopy9) is healthy.  No action is needed.
Information,6/12/2018 12:33:58 PM,Service Control Manager,7040,None,The start type of the Windows Modules Installer service was changed from demand start to auto start.
Warning,6/12/2018 12:11:06 PM,Microsoft-Windows-DNS-Client,8019,(1028),"The system failed to register host (A or AAAA) resource records (RRs) for network adapter
with settings:

           Adapter Name : {D8E1E31A-6CDC-4DF9-A781-06398854202A}
           Host Name : 45212MLIU-7
           Primary Domain Suffix : corp.premierinc.com
           DNS server list :
             	206.71.92.6, 206.71.92.5
           Sent update to server : 10.32.2.53:53
           IP Address(es) :
             206.71.92.121

The reason the system could not register these RRs was because of a security related problem. The cause of this could be (a) your computer does not have permissions to register and update the specific DNS domain name set for this adapter, or (b) there might have been a problem negotiating valid credentials with the DNS server during the processing of the update request.

You can manually retry DNS registration of the network adapter and its settings by typing 'ipconfig /registerdns' at the command prompt. If problems still persist, contact your DNS server or network systems administrator. See event details for specific error code information."
Information,6/12/2018 12:00:00 PM,EventLog,6013,None,The system uptime is 522433 seconds.
Information,6/12/2018 11:59:59 AM,EventLog,6013,None,The system uptime is 522432 seconds.
Information,6/12/2018 11:41:52 AM,Microsoft-Windows-GroupPolicy,1500,None,The Group Policy settings for the computer were processed successfully. There were no changes detected since the last successful processing of Group Policy.
Information,6/12/2018 11:41:49 AM,Service Control Manager,7040,None,The start type of the Background Intelligent Transfer Service service was changed from auto start to demand start.
Information,6/12/2018 11:39:35 AM,Service Control Manager,7040,None,The start type of the Background Intelligent Transfer Service service was changed from demand start to auto start.
Information,6/12/2018 11:24:42 AM,Service Control Manager,7040,None,The start type of the Windows Modules Installer service was changed from auto start to demand start.
Information,6/12/2018 11:20:36 AM,Service Control Manager,7040,None,The start type of the Windows Modules Installer service was changed from demand start to auto start.
Warning,6/12/2018 11:18:33 AM,Microsoft-Windows-DNS-Client,8019,(1028),"The system failed to register host (A or AAAA) resource records (RRs) for network adapter
with settings:

           Adapter Name : {D8E1E31A-6CDC-4DF9-A781-06398854202A}
           Host Name : 45212MLIU-7
           Primary Domain Suffix : corp.premierinc.com
           DNS server list :
             	206.71.92.6, 206.71.92.5
           Sent update to server : 10.32.2.53:53
           IP Address(es) :
             206.71.92.121

The reason the system could not register these RRs was because of a security related problem. The cause of this could be (a) your computer does not have permissions to register and update the specific DNS domain name set for this adapter, or (b) there might have been a problem negotiating valid credentials with the DNS server during the processing of the update request.

You can manually retry DNS registration of the network adapter and its settings by typing 'ipconfig /registerdns' at the command prompt. If problems still persist, contact your DNS server or network systems administrator. See event details for specific error code information."
Information,6/12/2018 11:16:52 AM,Microsoft-Windows-GroupPolicy,1501,None,The Group Policy settings for the user were processed successfully. There were no changes detected since the last successful processing of Group Policy.
Information,6/12/2018 10:57:03 AM,Service Control Manager,7040,None,The start type of the Background Intelligent Transfer Service service was changed from auto start to demand start.
Information,6/12/2018 10:54:48 AM,Service Control Manager,7040,None,The start type of the Background Intelligent Transfer Service service was changed from demand start to auto start.
Information,6/12/2018 10:53:35 AM,Service Control Manager,7040,None,The start type of the Windows Modules Installer service was changed from auto start to demand start.
Information,6/12/2018 10:48:48 AM,Service Control Manager,7040,None,The start type of the Windows Modules Installer service was changed from demand start to auto start.
Information,6/12/2018 10:44:57 AM,Service Control Manager,7040,None,The start type of the Windows Modules Installer service was changed from auto start to demand start.
Information,6/12/2018 10:43:34 AM,Microsoft-Windows-Kernel-General,15,None,Hive \??\C:\WINDOWS\System32\SMI\Store\Machine\SCHEMA.DAT was reorganized with a starting size of 11792384 bytes and an ending size of 11792384 bytes.
Information,6/12/2018 10:43:33 AM,Microsoft-Windows-Kernel-General,15,None,Hive \??\C:\WINDOWS\System32\config\COMPONENTS was reorganized with a starting size of 37756928 bytes and an ending size of 37752832 bytes.
Information,6/12/2018 10:43:29 AM,Service Control Manager,7040,None,The start type of the Windows Modules Installer service was changed from demand start to auto start.
Information,6/12/2018 10:41:46 AM,Service Control Manager,7040,None,The start type of the Background Intelligent Transfer Service service was changed from auto start to demand start.
Information,6/12/2018 10:39:29 AM,Service Control Manager,7040,None,The start type of the Background Intelligent Transfer Service service was changed from demand start to auto start.
Information,6/12/2018 10:30:30 AM,Service Control Manager,7040,None,The start type of the Windows Modules Installer service was changed from auto start to demand start.
Information,6/12/2018 10:30:15 AM,Service Control Manager,7040,None,The start type of the Windows Modules Installer service was changed from demand start to auto start.
Warning,6/12/2018 10:25:53 AM,Microsoft-Windows-DNS-Client,8019,(1028),"The system failed to register host (A or AAAA) resource records (RRs) for network adapter
with settings:

           Adapter Name : {D8E1E31A-6CDC-4DF9-A781-06398854202A}
           Host Name : 45212MLIU-7
           Primary Domain Suffix : corp.premierinc.com
           DNS server list :
             	206.71.92.6, 206.71.92.5
           Sent update to server : 10.32.2.53:53
           IP Address(es) :
             206.71.92.121

The reason the system could not register these RRs was because of a security related problem. The cause of this could be (a) your computer does not have permissions to register and update the specific DNS domain name set for this adapter, or (b) there might have been a problem negotiating valid credentials with the DNS server during the processing of the update request.

You can manually retry DNS registration of the network adapter and its settings by typing 'ipconfig /registerdns' at the command prompt. If problems still persist, contact your DNS server or network systems administrator. See event details for specific error code information."
Information,6/12/2018 10:19:52 AM,Microsoft-Windows-Kernel-General,16,None,The access history in hive \??\C:\Users\Administrator\ntuser.dat was cleared updating 2084 keys and creating 132 modified pages.
Information,6/12/2018 10:19:52 AM,Microsoft-Windows-Kernel-General,16,None,The access history in hive \??\C:\Users\jdoran\ntuser.dat was cleared updating 1455 keys and creating 89 modified pages.
Information,6/12/2018 10:19:52 AM,Microsoft-Windows-Kernel-General,16,None,The access history in hive \??\C:\Users\jwill2\ntuser.dat was cleared updating 1197 keys and creating 75 modified pages.
Information,6/12/2018 10:14:03 AM,Service Control Manager,7040,None,The start type of the Windows Modules Installer service was changed from auto start to demand start.
Information,6/12/2018 10:13:11 AM,Service Control Manager,7040,None,The start type of the Windows Modules Installer service was changed from demand start to auto start.
Information,6/12/2018 10:10:54 AM,Service Control Manager,7040,None,The start type of the Background Intelligent Transfer Service service was changed from auto start to demand start.
Information,6/12/2018 10:10:40 AM,Microsoft-Windows-Kernel-General,16,None,The access history in hive \??\C:\Users\mliu\AppData\Local\Packages\Microsoft.Windows.Photos_8wekyb3d8bbwe\Settings\settings.dat was cleared updating 28 keys and creating 7 modified pages.
Information,6/12/2018 10:10:40 AM,Microsoft-Windows-UserModePowerService,22,(18),Reapply power settings upon completion of the provisioning engine's turn 5
Information,6/12/2018 10:10:34 AM,Microsoft-Windows-Kernel-General,16,None,The access history in hive \??\C:\ProgramData\Microsoft\Provisioning\Microsoft-Desktop-Provisioning-Sequence.dat was cleared updating 0 keys and creating 0 modified pages.
Information,6/12/2018 10:08:48 AM,Service Control Manager,7040,None,The start type of the Background Intelligent Transfer Service service was changed from demand start to auto start.
Information,6/12/2018 10:02:26 AM,Microsoft-Windows-Kernel-General,16,None,The access history in hive \Device\HarddiskVolume2\WINDOWS\System32\config\ELAM was cleared updating 3 keys and creating 2 modified pages.
Information,6/12/2018 10:01:10 AM,Microsoft-Windows-GroupPolicy,1500,None,The Group Policy settings for the computer were processed successfully. There were no changes detected since the last successful processing of Group Policy.
Warning,6/12/2018 9:57:20 AM,Microsoft-Windows-DNS-Client,1014,(1014),Name resolution for the name Theradoc1 timed out after none of the configured DNS servers responded.
Information,6/12/2018 9:43:33 AM,Service Control Manager,7040,None,The start type of the Background Intelligent Transfer Service service was changed from auto start to demand start.
Information,6/12/2018 9:38:07 AM,Microsoft-Windows-Kernel-General,15,None,Hive \SystemRoot\System32\config\DRIVERS was reorganized with a starting size of 6709248 bytes and an ending size of 6217728 bytes.
Information,6/12/2018 9:36:42 AM,Service Control Manager,7040,None,The start type of the Background Intelligent Transfer Service service was changed from demand start to auto start.
Information,6/12/2018 9:36:29 AM,Service Control Manager,7040,None,The start type of the Background Intelligent Transfer Service service was changed from auto start to demand start.
Error,6/12/2018 9:35:56 AM,Service Control Manager,7000,None,"The ZSATunnel service failed to start due to the following error: 
The service did not respond to the start or control request in a timely fashion."
Error,6/12/2018 9:35:56 AM,Service Control Manager,7009,None,A timeout was reached (30000 milliseconds) while waiting for the ZSATunnel service to connect.
Warning,6/12/2018 9:35:26 AM,Microsoft-Windows-DNS-Client,1014,(1014),Name resolution for the name zzhyjlpptn timed out after none of the configured DNS servers responded.
Error,6/12/2018 9:35:21 AM,Service Control Manager,7000,None,"The ZSATunnel service failed to start due to the following error: 
The service did not respond to the start or control request in a timely fashion."
Error,6/12/2018 9:35:21 AM,Service Control Manager,7009,None,A timeout was reached (30000 milliseconds) while waiting for the ZSATunnel service to connect.
Information,6/12/2018 9:34:49 AM,Microsoft-Windows-Kernel-General,16,None,The access history in hive \??\C:\Users\mliu\AppData\Local\Packages\Microsoft.Windows.ContentDeliveryManager_cw5n1h2txyewy\Settings\settings.dat was cleared updating 164 keys and creating 12 modified pages.
Information,6/12/2018 9:34:17 AM,Microsoft-Windows-Kernel-General,16,None,The access history in hive \??\C:\Users\mliu\AppData\Local\Packages\Microsoft.Windows.ShellExperienceHost_cw5n1h2txyewy\Settings\settings.dat was cleared updating 5 keys and creating 1 modified pages.
Information,6/12/2018 9:34:16 AM,Microsoft-Windows-Kernel-General,16,None,The access history in hive \??\C:\Users\mliu\AppData\Local\Packages\Microsoft.Windows.Cortana_cw5n1h2txyewy\Settings\settings.dat was cleared updating 82 keys and creating 9 modified pages.
Information,6/12/2018 9:33:58 AM,Microsoft-Windows-Kernel-General,15,None,Hive \??\C:\Users\mliu\AppData\Local\Microsoft\Windows\UsrClass.dat was reorganized with a starting size of 6922240 bytes and an ending size of 5844992 bytes.
Information,6/12/2018 9:33:58 AM,Microsoft-Windows-Kernel-General,16,None,The access history in hive \??\C:\Users\mliu\ntuser.dat was cleared updating 10976 keys and creating 1111 modified pages.
Information,6/12/2018 9:33:57 AM,Microsoft-Windows-Winlogon,7001,(1101),User Logon Notification for Customer Experience Improvement Program
Information,6/12/2018 9:33:56 AM,Service Control Manager,7040,None,The start type of the Background Intelligent Transfer Service service was changed from demand start to auto start.
Information,6/12/2018 9:33:22 AM,Microsoft-Windows-Time-Service,37,None,The time provider NtpClient is currently receiving valid time data from C11PICORPDC1.corp.premierinc.com (ntp.d|0.0.0.0:123->10.10.240.117:123).
Warning,6/12/2018 9:33:21 AM,Microsoft-Windows-DNS-Client,8019,(1028),"The system failed to register host (A or AAAA) resource records (RRs) for network adapter
with settings:

           Adapter Name : {D8E1E31A-6CDC-4DF9-A781-06398854202A}
           Host Name : 45212MLIU-7
           Primary Domain Suffix : corp.premierinc.com
           DNS server list :
             	206.71.92.6, 206.71.92.5
           Sent update to server : 10.32.2.53:53
           IP Address(es) :
             206.71.92.121

The reason the system could not register these RRs was because of a security related problem. The cause of this could be (a) your computer does not have permissions to register and update the specific DNS domain name set for this adapter, or (b) there might have been a problem negotiating valid credentials with the DNS server during the processing of the update request.

You can manually retry DNS registration of the network adapter and its settings by typing 'ipconfig /registerdns' at the command prompt. If problems still persist, contact your DNS server or network systems administrator. See event details for specific error code information."
Warning,6/12/2018 9:33:21 AM,Microsoft-Windows-DNS-Client,8019,(1028),"The system failed to register host (A or AAAA) resource records (RRs) for network adapter
with settings:

           Adapter Name : {D8E1E31A-6CDC-4DF9-A781-06398854202A}
           Host Name : 45212MLIU-7
           Primary Domain Suffix : corp.premierinc.com
           DNS server list :
             	206.71.92.6, 206.71.92.5
           Sent update to server : 10.32.2.53:53
           IP Address(es) :
             206.71.92.121

The reason the system could not register these RRs was because of a security related problem. The cause of this could be (a) your computer does not have permissions to register and update the specific DNS domain name set for this adapter, or (b) there might have been a problem negotiating valid credentials with the DNS server during the processing of the update request.

You can manually retry DNS registration of the network adapter and its settings by typing 'ipconfig /registerdns' at the command prompt. If problems still persist, contact your DNS server or network systems administrator. See event details for specific error code information."
Information,6/12/2018 9:33:20 AM,Microsoft-Windows-Power-Troubleshooter,1,None,"The system has returned from a low power state.

Sleep Time: ‎2018‎-‎06‎-‎11T23:37:24.356052300Z
Wake Time: ‎2018‎-‎06‎-‎12T15:33:15.914933400Z

Wake Source: Unknown"
Information,6/12/2018 9:33:18 AM,e1iexpress,32,None,"Intel(R) 82579LM Gigabit Network Connection
 Network link has been established at 1Gbps full duplex.
"
Warning,6/12/2018 9:33:17 AM,Microsoft-Windows-Time-Service,129,None,NtpClient was unable to set a domain peer to use as a time source because of discovery error. NtpClient will try again in 15 minutes and double the reattempt interval thereafter. The error was: The entry is not found. (0x800706E1)
Information,6/12/2018 9:33:16 AM,Microsoft-Windows-Kernel-General,1,(5),"The system time has changed to ‎2018‎-‎06‎-‎12T15:33:16.968000000Z from ‎2018‎-‎06‎-‎12T15:33:16.973948400Z.

Change Reason: An application or system component changed the time."
Information,6/12/2018 9:33:16 AM,Microsoft-Windows-Kernel-General,16,None,The access history in hive \Device\HarddiskVolume1\Boot\BCD was cleared updating 160 keys and creating 8 modified pages.
Warning,6/12/2018 9:33:15 AM,Microsoft-Windows-Time-Service,129,None,NtpClient was unable to set a domain peer to use as a time source because of discovery error. NtpClient will try again in 15 minutes and double the reattempt interval thereafter. The error was: The entry is not found. (0x800706E1)
Information,6/12/2018 9:33:15 AM,Microsoft-Windows-Kernel-Boot,32,None,The bootmgr spent 0 ms waiting for user input.
Information,6/12/2018 9:33:15 AM,Microsoft-Windows-Kernel-Boot,18,None,There are 0x1 boot options on this system.
Information,6/12/2018 9:33:15 AM,Microsoft-Windows-Kernel-Boot,27,(33),The boot type was 0x1.
Information,6/12/2018 9:33:15 AM,Microsoft-Windows-Kernel-Boot,25,(32),The boot menu policy was 0x1.
Information,6/12/2018 9:33:15 AM,Microsoft-Windows-Kernel-Boot,30,(21),The firmware reported boot metrics.
Information,6/12/2018 9:33:15 AM,MEIx64,2,None,Intel(R) Management Engine Interface driver has started successfully.
Warning,6/12/2018 9:33:15 AM,e1iexpress,27,None,"Intel(R) 82579LM Gigabit Network Connection
 Network link is disconnected.
"
Information,6/12/2018 9:33:14 AM,Microsoft-Windows-Kernel-Power,105,(100),Power source change.
Information,6/12/2018 9:33:14 AM,Microsoft-Windows-Kernel-General,1,(5),"The system time has changed to ‎2018‎-‎06‎-‎12T15:33:14.500000000Z from ‎2018‎-‎06‎-‎11T23:38:30.822965300Z.

Change Reason: System time synchronized with the hardware clock."
Information,6/11/2018 5:38:30 PM,Microsoft-Windows-Kernel-Power,107,(102),The system has resumed from sleep.
Warning,6/11/2018 5:38:30 PM,Microsoft-Windows-Time-Service,131,None,NtpClient was unable to set a domain peer to use as a time source because of DNS resolution error on 'C11PICORPDC1.corp.premierinc.com'. NtpClient will try again in 15 minutes and double the reattempt interval thereafter. The error was: No such host is known. (0x80072AF9).
Information,6/11/2018 5:38:28 PM,Microsoft-Windows-Time-Service,37,None,The time provider NtpClient is currently receiving valid time data from C11PICORPDC1.corp.premierinc.com (ntp.d|0.0.0.0:123->10.10.240.117:123).
Information,6/11/2018 5:38:21 PM,Microsoft-Windows-Kernel-Power,42,(64),"The system is entering sleep.

Sleep Reason: Application API"
Error,6/11/2018 5:37:56 PM,Service Control Manager,7011,None,A timeout (30000 milliseconds) was reached while waiting for a transaction response from the masvc service.
Warning,6/11/2018 5:37:26 PM,e1iexpress,27,None,"Intel(R) 82579LM Gigabit Network Connection
 Network link is disconnected.
"
Information,6/11/2018 5:37:26 PM,Microsoft-Windows-Kernel-Power,105,(100),Power source change.
Information,6/11/2018 5:37:24 PM,Microsoft-Windows-Kernel-General,1,(5),"The system time has changed to ‎2018‎-‎06‎-‎11T23:37:24.434000000Z from ‎2018‎-‎06‎-‎11T23:37:24.447763900Z.

Change Reason: An application or system component changed the time."
Information,6/11/2018 5:37:23 PM,Microsoft-Windows-Winlogon,7002,(1102),User Logoff Notification for Customer Experience Improvement Program
Information,6/11/2018 5:22:20 PM,Service Control Manager,7040,None,The start type of the Background Intelligent Transfer Service service was changed from auto start to demand start.
Information,6/11/2018 5:20:06 PM,Service Control Manager,7040,None,The start type of the Background Intelligent Transfer Service service was changed from demand start to auto start.
Information,6/11/2018 5:10:55 PM,Microsoft-Windows-GroupPolicy,1500,None,The Group Policy settings for the computer were processed successfully. There were no changes detected since the last successful processing of Group Policy.
Warning,6/11/2018 5:05:12 PM,Microsoft-Windows-DNS-Client,8019,(1028),"The system failed to register host (A or AAAA) resource records (RRs) for network adapter
with settings:

           Adapter Name : {D8E1E31A-6CDC-4DF9-A781-06398854202A}
           Host Name : 45212MLIU-7
           Primary Domain Suffix : corp.premierinc.com
           DNS server list :
             	206.71.92.6, 206.71.92.5
           Sent update to server : 10.32.2.53:53
           IP Address(es) :
             206.71.92.121

The reason the system could not register these RRs was because of a security related problem. The cause of this could be (a) your computer does not have permissions to register and update the specific DNS domain name set for this adapter, or (b) there might have been a problem negotiating valid credentials with the DNS server during the processing of the update request.

You can manually retry DNS registration of the network adapter and its settings by typing 'ipconfig /registerdns' at the command prompt. If problems still persist, contact your DNS server or network systems administrator. See event details for specific error code information."
Error,6/11/2018 4:55:26 PM,Service Control Manager,7000,None,"The Windows Defender Antivirus Service service failed to start due to the following error: 
Windows cannot verify the digital signature for this file. A recent hardware or software change might have installed a file that is signed incorrectly or damaged, or that might be malicious software from an unknown source."
Information,6/11/2018 4:45:47 PM,Microsoft-Windows-GroupPolicy,1501,None,The Group Policy settings for the user were processed successfully. There were no changes detected since the last successful processing of Group Policy.
Information,6/11/2018 4:22:20 PM,Service Control Manager,7040,None,The start type of the Background Intelligent Transfer Service service was changed from auto start to demand start.
Information,6/11/2018 4:20:04 PM,Service Control Manager,7040,None,The start type of the Background Intelligent Transfer Service service was changed from demand start to auto start.
Warning,6/11/2018 4:12:35 PM,Microsoft-Windows-DNS-Client,8019,(1028),"The system failed to register host (A or AAAA) resource records (RRs) for network adapter
with settings:

           Adapter Name : {D8E1E31A-6CDC-4DF9-A781-06398854202A}
           Host Name : 45212MLIU-7
           Primary Domain Suffix : corp.premierinc.com
           DNS server list :
             	206.71.92.6, 206.71.92.5
           Sent update to server : 10.32.2.53:53
           IP Address(es) :
             206.71.92.121

The reason the system could not register these RRs was because of a security related problem. The cause of this could be (a) your computer does not have permissions to register and update the specific DNS domain name set for this adapter, or (b) there might have been a problem negotiating valid credentials with the DNS server during the processing of the update request.

You can manually retry DNS registration of the network adapter and its settings by typing 'ipconfig /registerdns' at the command prompt. If problems still persist, contact your DNS server or network systems administrator. See event details for specific error code information."
Error,6/11/2018 4:10:06 PM,Microsoft-Windows-DistributedCOM,10010,None,The server Microsoft.MicrosoftEdge_40.15063.0.0_neutral__8wekyb3d8bbwe!MicrosoftEdge.AppXxat4m5y1bf9ghax409y1vwyatpqea4s8.mca did not register with DCOM within the required timeout.
Warning,6/11/2018 4:04:47 PM,Microsoft-Windows-DNS-Client,1014,(1014),Name resolution for the name vmkornaz timed out after none of the configured DNS servers responded.
Information,6/11/2018 3:59:40 PM,Service Control Manager,7045,None,"A service was installed in the system.

Service Name:  LogMeIn Rescue (ebc18991-8293-ff9e-6b0d-8ca421afdc42)
Service File Name:  ""C:\Program Files (x86)\LogMeIn Rescue Applet\LMIR0002.tmp\LMI_Rescue_srv.exe"" -service -sid ebc18991-8293-ff9e-6b0d-8ca421afdc42 -wd ""C:\Users\mliu\AppData\Local\LogMeIn Rescue Applet\LMIR0001.tmp\\""
Service Type:  user mode service
Service Start Type:  auto start
Service Account:  LocalSystem"
Warning,6/11/2018 3:32:54 PM,Microsoft-Windows-DNS-Client,1014,(1014),Name resolution for the name a18 timed out after none of the configured DNS servers responded.
Information,6/11/2018 3:29:49 PM,Microsoft-Windows-GroupPolicy,1500,None,The Group Policy settings for the computer were processed successfully. There were no changes detected since the last successful processing of Group Policy.
Information,6/11/2018 3:22:21 PM,Service Control Manager,7040,None,The start type of the Background Intelligent Transfer Service service was changed from auto start to demand start.
Information,6/11/2018 3:20:07 PM,Service Control Manager,7040,None,The start type of the Background Intelligent Transfer Service service was changed from demand start to auto start.
Warning,6/11/2018 3:19:58 PM,Microsoft-Windows-DNS-Client,8019,(1028),"The system failed to register host (A or AAAA) resource records (RRs) for network adapter
with settings:

           Adapter Name : {D8E1E31A-6CDC-4DF9-A781-06398854202A}
           Host Name : 45212MLIU-7
           Primary Domain Suffix : corp.premierinc.com
           DNS server list :
             	206.71.92.6, 206.71.92.5
           Sent update to server : 10.32.2.53:53
           IP Address(es) :
             206.71.92.121

The reason the system could not register these RRs was because of a security related problem. The cause of this could be (a) your computer does not have permissions to register and update the specific DNS domain name set for this adapter, or (b) there might have been a problem negotiating valid credentials with the DNS server during the processing of the update request.

You can manually retry DNS registration of the network adapter and its settings by typing 'ipconfig /registerdns' at the command prompt. If problems still persist, contact your DNS server or network systems administrator. See event details for specific error code information."
Information,6/11/2018 2:52:51 PM,Microsoft-Windows-GroupPolicy,1501,None,The Group Policy settings for the user were processed successfully. There were no changes detected since the last successful processing of Group Policy.
Information,6/11/2018 2:33:20 PM,Service Control Manager,7040,None,The start type of the Background Intelligent Transfer Service service was changed from auto start to demand start.
Information,6/11/2018 2:31:08 PM,Service Control Manager,7040,None,The start type of the Background Intelligent Transfer Service service was changed from demand start to auto start.
Warning,6/11/2018 2:27:23 PM,Microsoft-Windows-DNS-Client,8019,(1028),"The system failed to register host (A or AAAA) resource records (RRs) for network adapter
with settings:

           Adapter Name : {D8E1E31A-6CDC-4DF9-A781-06398854202A}
           Host Name : 45212MLIU-7
           Primary Domain Suffix : corp.premierinc.com
           DNS server list :
             	206.71.92.6, 206.71.92.5
           Sent update to server : 10.32.2.53:53
           IP Address(es) :
             206.71.92.121

The reason the system could not register these RRs was because of a security related problem. The cause of this could be (a) your computer does not have permissions to register and update the specific DNS domain name set for this adapter, or (b) there might have been a problem negotiating valid credentials with the DNS server during the processing of the update request.

You can manually retry DNS registration of the network adapter and its settings by typing 'ipconfig /registerdns' at the command prompt. If problems still persist, contact your DNS server or network systems administrator. See event details for specific error code information."
Information,6/11/2018 2:22:20 PM,Service Control Manager,7040,None,The start type of the Background Intelligent Transfer Service service was changed from auto start to demand start.
Information,6/11/2018 2:20:03 PM,Service Control Manager,7040,None,The start type of the Background Intelligent Transfer Service service was changed from demand start to auto start.
Information,6/11/2018 1:53:24 PM,Microsoft-Windows-Time-Service,158,None,The time provider 'VMICTimeProvider' has indicated that the current hardware and operating environment is not supported and has stopped. This behavior is expected for VMICTimeProvider on non-HyperV-guest environments. This may be the expected behavior for the current provider in the current operating environment as well.
