Warning,6/20/2018 2:46:29 PM,Microsoft-Windows-DNS-Client,8019,(1028),"The system failed to register host (A or AAAA) resource records (RRs) for network adapter
with settings:

           Adapter Name : {D8E1E31A-6CDC-4DF9-A781-06398854202A}
           Host Name : 45212MLIU-7
           Primary Domain Suffix : corp.premierinc.com
           DNS server list :
             	206.71.92.6, 206.71.92.5
           Sent update to server : 10.32.2.53:53
           IP Address(es) :
             206.71.92.121

The reason the system could not register these RRs was because of a security related problem. The cause of this could be (a) your computer does not have permissions to register and update the specific DNS domain name set for this adapter, or (b) there might have been a problem negotiating valid credentials with the DNS server during the processing of the update request.

You can manually retry DNS registration of the network adapter and its settings by typing 'ipconfig /registerdns' at the command prompt. If problems still persist, contact your DNS server or network systems administrator. See event details for specific error code information."
Information,6/20/2018 2:44:10 PM,Service Control Manager,7040,None,The start type of the Background Intelligent Transfer Service service was changed from auto start to demand start.
Information,6/20/2018 2:42:10 PM,Service Control Manager,7040,None,The start type of the Background Intelligent Transfer Service service was changed from demand start to auto start.
Information,6/20/2018 2:17:23 PM,Service Control Manager,7040,None,The start type of the Background Intelligent Transfer Service service was changed from auto start to demand start.
Information,6/20/2018 2:16:17 PM,Microsoft-Windows-GroupPolicy,1501,None,The Group Policy settings for the user were processed successfully. There were no changes detected since the last successful processing of Group Policy.
Information,6/20/2018 2:14:15 PM,Service Control Manager,7040,None,The start type of the Background Intelligent Transfer Service service was changed from demand start to auto start.
Warning,6/20/2018 1:53:52 PM,Microsoft-Windows-DNS-Client,8019,(1028),"The system failed to register host (A or AAAA) resource records (RRs) for network adapter
with settings:

           Adapter Name : {D8E1E31A-6CDC-4DF9-A781-06398854202A}
           Host Name : 45212MLIU-7
           Primary Domain Suffix : corp.premierinc.com
           DNS server list :
             	206.71.92.6, 206.71.92.5
           Sent update to server : 10.32.2.53:53
           IP Address(es) :
             206.71.92.121

The reason the system could not register these RRs was because of a security related problem. The cause of this could be (a) your computer does not have permissions to register and update the specific DNS domain name set for this adapter, or (b) there might have been a problem negotiating valid credentials with the DNS server during the processing of the update request.

You can manually retry DNS registration of the network adapter and its settings by typing 'ipconfig /registerdns' at the command prompt. If problems still persist, contact your DNS server or network systems administrator. See event details for specific error code information."
Information,6/20/2018 1:47:37 PM,Microsoft-Windows-Ntfs,98,None,Volume Windows (\Device\HarddiskVolumeShadowCopy23) is healthy.  No action is needed.
Information,6/20/2018 1:16:59 PM,Service Control Manager,7040,None,The start type of the Background Intelligent Transfer Service service was changed from auto start to demand start.
Information,6/20/2018 1:16:51 PM,Microsoft-Windows-GroupPolicy,1500,None,The Group Policy settings for the computer were processed successfully. There were no changes detected since the last successful processing of Group Policy.
Information,6/20/2018 1:14:18 PM,Service Control Manager,7040,None,The start type of the Background Intelligent Transfer Service service was changed from demand start to auto start.
Information,6/20/2018 1:04:08 PM,Service Control Manager,7040,None,The start type of the Background Intelligent Transfer Service service was changed from auto start to demand start.
Warning,6/20/2018 1:01:17 PM,Microsoft-Windows-DNS-Client,8019,(1028),"The system failed to register host (A or AAAA) resource records (RRs) for network adapter
with settings:

           Adapter Name : {D8E1E31A-6CDC-4DF9-A781-06398854202A}
           Host Name : 45212MLIU-7
           Primary Domain Suffix : corp.premierinc.com
           DNS server list :
             	206.71.92.6, 206.71.92.5
           Sent update to server : 10.32.2.53:53
           IP Address(es) :
             206.71.92.121

The reason the system could not register these RRs was because of a security related problem. The cause of this could be (a) your computer does not have permissions to register and update the specific DNS domain name set for this adapter, or (b) there might have been a problem negotiating valid credentials with the DNS server during the processing of the update request.

You can manually retry DNS registration of the network adapter and its settings by typing 'ipconfig /registerdns' at the command prompt. If problems still persist, contact your DNS server or network systems administrator. See event details for specific error code information."
Information,6/20/2018 1:00:31 PM,Service Control Manager,7040,None,The start type of the Background Intelligent Transfer Service service was changed from demand start to auto start.
Information,6/20/2018 12:55:31 PM,Microsoft-Windows-Time-Service,35,None,The time service is now synchronizing the system time with the time source C11PICORPDC1.corp.premierinc.com (ntp.d|0.0.0.0:123->10.10.240.117:123).
Information,6/20/2018 12:55:31 PM,Microsoft-Windows-Time-Service,37,None,The time provider NtpClient is currently receiving valid time data from C11PICORPDC1.corp.premierinc.com (ntp.d|0.0.0.0:123->10.10.240.117:123).
Information,6/20/2018 12:42:38 PM,Microsoft-Windows-Kernel-General,15,None,Hive \??\Volume{167022d8-4dd4-11e6-8f1d-806e6f6e6963}\System Volume Information\SPP\SppCbsHiveStore\{cd42efe1-f6f1-427c-b004-033192c625a4}{C4AC509F-281F-49E6-A1FC-9280AE62AE54} was reorganized with a starting size of 109346816 bytes and an ending size of 106782720 bytes.
Information,6/20/2018 12:42:32 PM,Microsoft-Windows-Kernel-General,15,None,Hive \??\Volume{167022d8-4dd4-11e6-8f1d-806e6f6e6963}\System Volume Information\SPP\SppCbsHiveStore\{cd42efe1-f6f1-427c-b004-033192c625a4}{62BE9C96-E37A-4B46-95F9-17FD7F4C04FE} was reorganized with a starting size of 1896448 bytes and an ending size of 532480 bytes.
Information,6/20/2018 12:42:29 PM,Microsoft-Windows-Kernel-General,16,None,The access history in hive \??\Volume{167022d8-4dd4-11e6-8f1d-806e6f6e6963}\System Volume Information\SPP\SppCbsHiveStore\{cd42efe1-f6f1-427c-b004-033192c625a4}{4A7F7390-7C30-4BD1-AD45-BA56204242A1} was cleared updating 120 keys and creating 7 modified pages.
Information,6/20/2018 12:42:28 PM,Microsoft-Windows-Kernel-General,16,None,The access history in hive \??\Volume{167022d8-4dd4-11e6-8f1d-806e6f6e6963}\System Volume Information\SPP\SppCbsHiveStore\{cd42efe1-f6f1-427c-b004-033192c625a4}{D8DB408C-2AA4-490C-B198-59EE51F6D10E} was cleared updating 91 keys and creating 8 modified pages.
Information,6/20/2018 12:42:27 PM,Microsoft-Windows-Kernel-General,15,None,Hive \??\Volume{167022d8-4dd4-11e6-8f1d-806e6f6e6963}\System Volume Information\SPP\SppCbsHiveStore\{cd42efe1-f6f1-427c-b004-033192c625a4}{16264C10-62A9-494A-81E1-324D9B369D9D} was reorganized with a starting size of 20590592 bytes and an ending size of 16060416 bytes.
Information,6/20/2018 12:41:56 PM,Microsoft-Windows-Kernel-General,11,None,"TxR init phase for hive \??\GLOBALROOT\Device\HarddiskVolumeShadowCopy22\WINDOWS\System32\config\DRIVERS (TM: {0E82D1CB-740C-11E8-8C65-A44E31DD6C6C}, RM: {0E82D1CA-740C-11E8-8C65-A44E31DD6C6C}) finished with result=0xC00000A2 (Internal code=7)."
Information,6/20/2018 12:41:55 PM,Microsoft-Windows-Kernel-General,11,None,"TxR init phase for hive \??\GLOBALROOT\Device\HarddiskVolumeShadowCopy22\WINDOWS\System32\config\SYSTEM (TM: {0E82D1C9-740C-11E8-8C65-A44E31DD6C6C}, RM: {0E82D1C8-740C-11E8-8C65-A44E31DD6C6C}) finished with result=0xC00000A2 (Internal code=7)."
Information,6/20/2018 12:41:55 PM,Microsoft-Windows-Kernel-General,15,None,Hive \??\GLOBALROOT\Device\HarddiskVolumeShadowCopy22\WINDOWS\System32\config\SYSTEM was reorganized with a starting size of 20590592 bytes and an ending size of 16060416 bytes.
Information,6/20/2018 12:41:47 PM,Microsoft-Windows-Ntfs,98,None,Volume Windows (\Device\HarddiskVolumeShadowCopy22) is healthy.  No action is needed.
Warning,6/20/2018 12:40:31 PM,Microsoft-Windows-Time-Service,24,None,Time Provider NtpClient: No valid response has been received from domain controller DCPIDC01.corp.premierinc.com after 8 attempts to contact it. This domain controller will be discarded as a time source and NtpClient will attempt to discover a new domain controller from which to synchronize. The error was: The peer is unreachable. 
Information,6/20/2018 12:27:13 PM,Microsoft-Windows-GroupPolicy,1501,None,The Group Policy settings for the user were processed successfully. There were no changes detected since the last successful processing of Group Policy.
Information,6/20/2018 12:19:29 PM,Service Control Manager,7040,None,The start type of the Background Intelligent Transfer Service service was changed from auto start to demand start.
Information,6/20/2018 12:14:17 PM,Service Control Manager,7040,None,The start type of the Background Intelligent Transfer Service service was changed from demand start to auto start.
Warning,6/20/2018 12:08:40 PM,Microsoft-Windows-DNS-Client,8019,(1028),"The system failed to register host (A or AAAA) resource records (RRs) for network adapter
with settings:

           Adapter Name : {D8E1E31A-6CDC-4DF9-A781-06398854202A}
           Host Name : 45212MLIU-7
           Primary Domain Suffix : corp.premierinc.com
           DNS server list :
             	206.71.92.6, 206.71.92.5
           Sent update to server : 10.32.2.53:53
           IP Address(es) :
             206.71.92.121

The reason the system could not register these RRs was because of a security related problem. The cause of this could be (a) your computer does not have permissions to register and update the specific DNS domain name set for this adapter, or (b) there might have been a problem negotiating valid credentials with the DNS server during the processing of the update request.

You can manually retry DNS registration of the network adapter and its settings by typing 'ipconfig /registerdns' at the command prompt. If problems still persist, contact your DNS server or network systems administrator. See event details for specific error code information."
Information,6/20/2018 12:00:00 PM,EventLog,6013,None,The system uptime is 1213632 seconds.
Information,6/20/2018 11:47:59 AM,Microsoft-Windows-Ntfs,98,None,Volume Windows (\Device\HarddiskVolumeShadowCopy21) is healthy.  No action is needed.
Information,6/20/2018 11:36:01 AM,Microsoft-Windows-GroupPolicy,1500,None,The Group Policy settings for the computer were processed successfully. There were no changes detected since the last successful processing of Group Policy.
Information,6/20/2018 11:27:48 AM,Service Control Manager,7040,None,The start type of the Background Intelligent Transfer Service service was changed from auto start to demand start.
Information,6/20/2018 11:25:06 AM,Microsoft-Windows-Kernel-General,16,None,The access history in hive \??\C:\Users\mliu\AppData\Local\Packages\Microsoft.Windows.Photos_8wekyb3d8bbwe\Settings\settings.dat was cleared updating 40 keys and creating 8 modified pages.
Information,6/20/2018 11:24:51 AM,Service Control Manager,7040,None,The start type of the Background Intelligent Transfer Service service was changed from demand start to auto start.
Information,6/20/2018 11:24:44 AM,Microsoft-Windows-Kernel-General,16,None,The access history in hive \SystemRoot\System32\Config\RegBack\SAM was cleared updating 91 keys and creating 8 modified pages.
Information,6/20/2018 11:24:44 AM,Microsoft-Windows-Kernel-General,16,None,The access history in hive \SystemRoot\System32\Config\RegBack\DEFAULT was cleared updating 665 keys and creating 94 modified pages.
Information,6/20/2018 11:24:41 AM,Microsoft-Windows-Kernel-General,16,None,The access history in hive \SystemRoot\System32\Config\RegBack\SYSTEM was cleared updating 14829 keys and creating 1745 modified pages.
Information,6/20/2018 11:24:40 AM,Microsoft-Windows-Kernel-General,16,None,The access history in hive \SystemRoot\System32\Config\RegBack\SOFTWARE was cleared updating 330123 keys and creating 24043 modified pages.
Information,6/20/2018 11:24:27 AM,Microsoft-Windows-Kernel-General,16,None,The access history in hive \SystemRoot\System32\Config\RegBack\SECURITY was cleared updating 120 keys and creating 7 modified pages.
Information,6/20/2018 11:16:28 AM,Service Control Manager,7040,None,The start type of the Background Intelligent Transfer Service service was changed from auto start to demand start.
Warning,6/20/2018 11:16:05 AM,Microsoft-Windows-DNS-Client,8019,(1028),"The system failed to register host (A or AAAA) resource records (RRs) for network adapter
with settings:

           Adapter Name : {D8E1E31A-6CDC-4DF9-A781-06398854202A}
           Host Name : 45212MLIU-7
           Primary Domain Suffix : corp.premierinc.com
           DNS server list :
             	206.71.92.6, 206.71.92.5
           Sent update to server : 10.32.2.53:53
           IP Address(es) :
             206.71.92.121

The reason the system could not register these RRs was because of a security related problem. The cause of this could be (a) your computer does not have permissions to register and update the specific DNS domain name set for this adapter, or (b) there might have been a problem negotiating valid credentials with the DNS server during the processing of the update request.

You can manually retry DNS registration of the network adapter and its settings by typing 'ipconfig /registerdns' at the command prompt. If problems still persist, contact your DNS server or network systems administrator. See event details for specific error code information."
Information,6/20/2018 11:14:12 AM,Service Control Manager,7040,None,The start type of the Background Intelligent Transfer Service service was changed from demand start to auto start.
Information,6/20/2018 10:41:35 AM,Microsoft-Windows-Time-Service,35,None,The time service is now synchronizing the system time with the time source DCPIDC01.corp.premierinc.com (ntp.d|0.0.0.0:123->10.140.64.11:123).
Information,6/20/2018 10:41:35 AM,Microsoft-Windows-Time-Service,37,None,The time provider NtpClient is currently receiving valid time data from DCPIDC01.corp.premierinc.com (ntp.d|0.0.0.0:123->10.140.64.11:123).
Information,6/20/2018 10:41:35 AM,Microsoft-Windows-Time-Service,138,None,NtpClient succeeds in resolving domain peer DCPIDC01.corp.premierinc.com after a previous failure.
Information,6/20/2018 10:39:56 AM,Microsoft-Windows-GroupPolicy,1501,None,The Group Policy settings for the user were processed successfully. There were no changes detected since the last successful processing of Group Policy.
Information,6/20/2018 10:33:24 AM,Service Control Manager,7040,None,The start type of the Background Intelligent Transfer Service service was changed from auto start to demand start.
Warning,6/20/2018 10:26:50 AM,Microsoft-Windows-DNS-Client,1014,(1014),Name resolution for the name fbvvshjaofyzqun timed out after none of the configured DNS servers responded.
Warning,6/20/2018 10:26:35 AM,Microsoft-Windows-Time-Service,129,None,NtpClient was unable to set a domain peer to use as a time source because of discovery error. NtpClient will try again in 15 minutes and double the reattempt interval thereafter. The error was: The entry is not found. (0x800706E1)
Warning,6/20/2018 10:26:35 AM,Microsoft-Windows-DNS-Client,8015,(1028),"The system failed to register host (A or AAAA) resource records (RRs) for network adapter
with settings:

           Adapter Name : {65C3C2FA-78D8-4738-B192-88221FEAC2B5}
           Host Name : 45212MLIU-7
           Primary Domain Suffix : corp.premierinc.com
           DNS server list :
             	10.32.2.53, 10.75.200.141
           Sent update to server : <?>
           IP Address(es) :
             10.77.59.14

The reason the system could not register these RRs was because the update request it sent to the DNS server timed out. The most likely cause of this is that the DNS server authoritative for the name it was attempting to register or update is not running at this time.

You can manually retry DNS registration of the network adapter and its settings by typing 'ipconfig /registerdns' at the command prompt. If problems still persist, contact your DNS server or network systems administrator."
Warning,6/20/2018 10:26:29 AM,Microsoft-Windows-DNS-Client,8015,(1028),"The system failed to register host (A or AAAA) resource records (RRs) for network adapter
with settings:

           Adapter Name : {65C3C2FA-78D8-4738-B192-88221FEAC2B5}
           Host Name : 45212MLIU-7
           Primary Domain Suffix : corp.premierinc.com
           DNS server list :
             	10.32.2.53, 10.75.200.141
           Sent update to server : <?>
           IP Address(es) :
             10.77.59.14

The reason the system could not register these RRs was because the update request it sent to the DNS server timed out. The most likely cause of this is that the DNS server authoritative for the name it was attempting to register or update is not running at this time.

You can manually retry DNS registration of the network adapter and its settings by typing 'ipconfig /registerdns' at the command prompt. If problems still persist, contact your DNS server or network systems administrator."
Warning,6/20/2018 10:26:18 AM,Microsoft-Windows-DNS-Client,1014,(1014),Name resolution for the name premierinc.com timed out after none of the configured DNS servers responded.
Warning,6/20/2018 10:26:17 AM,Microsoft-Windows-DNS-Client,8015,(1028),"The system failed to register host (A or AAAA) resource records (RRs) for network adapter
with settings:

           Adapter Name : {65C3C2FA-78D8-4738-B192-88221FEAC2B5}
           Host Name : 45212MLIU-7
           Primary Domain Suffix : corp.premierinc.com
           DNS server list :
             	10.32.2.53, 10.75.200.141
           Sent update to server : <?>
           IP Address(es) :
             10.77.59.14

The reason the system could not register these RRs was because the update request it sent to the DNS server timed out. The most likely cause of this is that the DNS server authoritative for the name it was attempting to register or update is not running at this time.

You can manually retry DNS registration of the network adapter and its settings by typing 'ipconfig /registerdns' at the command prompt. If problems still persist, contact your DNS server or network systems administrator."
Information,6/20/2018 10:26:02 AM,Microsoft-Windows-Time-Service,35,None,The time service is now synchronizing the system time with the time source C11PICORPDC1.corp.premierinc.com (ntp.d|0.0.0.0:123->10.10.240.117:123).
Information,6/20/2018 10:26:02 AM,Microsoft-Windows-Time-Service,37,None,The time provider NtpClient is currently receiving valid time data from C11PICORPDC1.corp.premierinc.com (ntp.d|0.0.0.0:123->10.10.240.117:123).
Warning,6/20/2018 10:25:44 AM,Microsoft-Windows-DNS-Client,1014,(1014),Name resolution for the name premierinc.com timed out after none of the configured DNS servers responded.
Warning,6/20/2018 10:25:36 AM,Microsoft-Windows-DNS-Client,8019,(1028),"The system failed to register host (A or AAAA) resource records (RRs) for network adapter
with settings:

           Adapter Name : {65C3C2FA-78D8-4738-B192-88221FEAC2B5}
           Host Name : 45212MLIU-7
           Primary Domain Suffix : corp.premierinc.com
           DNS server list :
             	10.32.2.53, 10.75.200.141
           Sent update to server : 10.32.2.53:53
           IP Address(es) :
             10.77.59.14

The reason the system could not register these RRs was because of a security related problem. The cause of this could be (a) your computer does not have permissions to register and update the specific DNS domain name set for this adapter, or (b) there might have been a problem negotiating valid credentials with the DNS server during the processing of the update request.

You can manually retry DNS registration of the network adapter and its settings by typing 'ipconfig /registerdns' at the command prompt. If problems still persist, contact your DNS server or network systems administrator. See event details for specific error code information."
Warning,6/20/2018 10:25:34 AM,Microsoft-Windows-DNS-Client,8019,(1028),"The system failed to register host (A or AAAA) resource records (RRs) for network adapter
with settings:

           Adapter Name : {65C3C2FA-78D8-4738-B192-88221FEAC2B5}
           Host Name : 45212MLIU-7
           Primary Domain Suffix : corp.premierinc.com
           DNS server list :
             	10.32.2.53, 10.75.200.141
           Sent update to server : 10.32.2.53:53
           IP Address(es) :
             10.77.59.14

The reason the system could not register these RRs was because of a security related problem. The cause of this could be (a) your computer does not have permissions to register and update the specific DNS domain name set for this adapter, or (b) there might have been a problem negotiating valid credentials with the DNS server during the processing of the update request.

You can manually retry DNS registration of the network adapter and its settings by typing 'ipconfig /registerdns' at the command prompt. If problems still persist, contact your DNS server or network systems administrator. See event details for specific error code information."
Information,6/20/2018 10:25:25 AM,Microsoft-Windows-Time-Service,35,None,The time service is now synchronizing the system time with the time source C2PICORPDC3.corp.premierinc.com (ntp.d|0.0.0.0:123->10.75.6.81:123).
Information,6/20/2018 10:25:25 AM,Microsoft-Windows-Time-Service,37,None,The time provider NtpClient is currently receiving valid time data from C2PICORPDC3.corp.premierinc.com (ntp.d|0.0.0.0:123->10.75.6.81:123).
Warning,6/20/2018 10:25:13 AM,Microsoft-Windows-DNS-Client,1014,(1014),Name resolution for the name dqogfirzjp timed out after none of the configured DNS servers responded.
Warning,6/20/2018 10:25:03 AM,Microsoft-Windows-DNS-Client,8019,(1028),"The system failed to register host (A or AAAA) resource records (RRs) for network adapter
with settings:

           Adapter Name : {65C3C2FA-78D8-4738-B192-88221FEAC2B5}
           Host Name : 45212MLIU-7
           Primary Domain Suffix : corp.premierinc.com
           DNS server list :
             	10.32.2.53, 10.75.200.141
           Sent update to server : 10.32.2.53:53
           IP Address(es) :
             10.77.59.14

The reason the system could not register these RRs was because of a security related problem. The cause of this could be (a) your computer does not have permissions to register and update the specific DNS domain name set for this adapter, or (b) there might have been a problem negotiating valid credentials with the DNS server during the processing of the update request.

You can manually retry DNS registration of the network adapter and its settings by typing 'ipconfig /registerdns' at the command prompt. If problems still persist, contact your DNS server or network systems administrator. See event details for specific error code information."
Error,6/20/2018 10:24:53 AM,Service Control Manager,7011,None,A timeout (30000 milliseconds) was reached while waiting for a transaction response from the Dnscache service.
Information,6/20/2018 10:24:14 AM,Microsoft-Windows-Time-Service,35,None,The time service is now synchronizing the system time with the time source C11PICORPDC1.corp.premierinc.com (ntp.d|0.0.0.0:123->10.10.240.117:123).
Warning,6/20/2018 10:24:10 AM,Microsoft-Windows-DNS-Client,1014,(1014),Name resolution for the name premierinc.com timed out after none of the configured DNS servers responded.
Information,6/20/2018 10:24:10 AM,Microsoft-Windows-Time-Service,37,None,The time provider NtpClient is currently receiving valid time data from C11PICORPDC1.corp.premierinc.com (ntp.d|0.0.0.0:123->10.10.240.117:123).
Error,6/20/2018 10:24:09 AM,Service Control Manager,7034,None,The Downloaded Maps Manager service terminated unexpectedly.  It has done this 1 time(s).
Warning,6/20/2018 10:24:04 AM,Microsoft-Windows-DNS-Client,8019,(1028),"The system failed to register host (A or AAAA) resource records (RRs) for network adapter
with settings:

           Adapter Name : {65C3C2FA-78D8-4738-B192-88221FEAC2B5}
           Host Name : 45212MLIU-7
           Primary Domain Suffix : corp.premierinc.com
           DNS server list :
             	10.32.2.53, 10.75.200.141
           Sent update to server : 10.32.2.53:53
           IP Address(es) :
             10.77.59.14

The reason the system could not register these RRs was because of a security related problem. The cause of this could be (a) your computer does not have permissions to register and update the specific DNS domain name set for this adapter, or (b) there might have been a problem negotiating valid credentials with the DNS server during the processing of the update request.

You can manually retry DNS registration of the network adapter and its settings by typing 'ipconfig /registerdns' at the command prompt. If problems still persist, contact your DNS server or network systems administrator. See event details for specific error code information."
Warning,6/20/2018 10:24:01 AM,Microsoft-Windows-DNS-Client,8019,(1028),"The system failed to register host (A or AAAA) resource records (RRs) for network adapter
with settings:

           Adapter Name : {65C3C2FA-78D8-4738-B192-88221FEAC2B5}
           Host Name : 45212MLIU-7
           Primary Domain Suffix : corp.premierinc.com
           DNS server list :
             	10.32.2.53, 10.75.200.141
           Sent update to server : 10.32.2.53:53
           IP Address(es) :
             10.77.59.14

The reason the system could not register these RRs was because of a security related problem. The cause of this could be (a) your computer does not have permissions to register and update the specific DNS domain name set for this adapter, or (b) there might have been a problem negotiating valid credentials with the DNS server during the processing of the update request.

You can manually retry DNS registration of the network adapter and its settings by typing 'ipconfig /registerdns' at the command prompt. If problems still persist, contact your DNS server or network systems administrator. See event details for specific error code information."
Warning,6/20/2018 10:23:47 AM,Microsoft-Windows-DNS-Client,1014,(1014),Name resolution for the name fvgvxiv timed out after none of the configured DNS servers responded.
Information,6/20/2018 10:23:44 AM,Microsoft-Windows-Time-Service,37,None,The time provider NtpClient is currently receiving valid time data from C11PICORPDC1.corp.premierinc.com (ntp.d|0.0.0.0:123->10.10.240.117:123).
Information,6/20/2018 10:23:40 AM,Service Control Manager,7040,None,The start type of the Background Intelligent Transfer Service service was changed from demand start to auto start.
Warning,6/20/2018 10:23:38 AM,Microsoft-Windows-DNS-Client,8019,(1028),"The system failed to register host (A or AAAA) resource records (RRs) for network adapter
with settings:

           Adapter Name : {D8E1E31A-6CDC-4DF9-A781-06398854202A}
           Host Name : 45212MLIU-7
           Primary Domain Suffix : corp.premierinc.com
           DNS server list :
             	206.71.92.6, 206.71.92.5
           Sent update to server : 10.32.2.53:53
           IP Address(es) :
             206.71.92.121

The reason the system could not register these RRs was because of a security related problem. The cause of this could be (a) your computer does not have permissions to register and update the specific DNS domain name set for this adapter, or (b) there might have been a problem negotiating valid credentials with the DNS server during the processing of the update request.

You can manually retry DNS registration of the network adapter and its settings by typing 'ipconfig /registerdns' at the command prompt. If problems still persist, contact your DNS server or network systems administrator. See event details for specific error code information."
Warning,6/20/2018 10:23:38 AM,Microsoft-Windows-DNS-Client,8019,(1028),"The system failed to register host (A or AAAA) resource records (RRs) for network adapter
with settings:

           Adapter Name : {65C3C2FA-78D8-4738-B192-88221FEAC2B5}
           Host Name : 45212MLIU-7
           Primary Domain Suffix : corp.premierinc.com
           DNS server list :
             	10.32.2.53, 10.75.200.141
           Sent update to server : 10.32.2.53:53
           IP Address(es) :
             10.77.59.14

The reason the system could not register these RRs was because of a security related problem. The cause of this could be (a) your computer does not have permissions to register and update the specific DNS domain name set for this adapter, or (b) there might have been a problem negotiating valid credentials with the DNS server during the processing of the update request.

You can manually retry DNS registration of the network adapter and its settings by typing 'ipconfig /registerdns' at the command prompt. If problems still persist, contact your DNS server or network systems administrator. See event details for specific error code information."
Warning,6/20/2018 10:23:35 AM,Microsoft-Windows-DNS-Client,8019,(1028),"The system failed to register host (A or AAAA) resource records (RRs) for network adapter
with settings:

           Adapter Name : {65C3C2FA-78D8-4738-B192-88221FEAC2B5}
           Host Name : 45212MLIU-7
           Primary Domain Suffix : corp.premierinc.com
           DNS server list :
             	10.32.2.53, 10.75.200.141
           Sent update to server : 10.32.2.53:53
           IP Address(es) :
             10.77.59.14

The reason the system could not register these RRs was because of a security related problem. The cause of this could be (a) your computer does not have permissions to register and update the specific DNS domain name set for this adapter, or (b) there might have been a problem negotiating valid credentials with the DNS server during the processing of the update request.

You can manually retry DNS registration of the network adapter and its settings by typing 'ipconfig /registerdns' at the command prompt. If problems still persist, contact your DNS server or network systems administrator. See event details for specific error code information."
Warning,6/20/2018 10:23:32 AM,Microsoft-Windows-DNS-Client,8019,(1028),"The system failed to register host (A or AAAA) resource records (RRs) for network adapter
with settings:

           Adapter Name : {65C3C2FA-78D8-4738-B192-88221FEAC2B5}
           Host Name : 45212MLIU-7
           Primary Domain Suffix : corp.premierinc.com
           DNS server list :
             	10.32.2.53, 10.75.200.141
           Sent update to server : 10.32.2.53:53
           IP Address(es) :
             10.77.59.14

The reason the system could not register these RRs was because of a security related problem. The cause of this could be (a) your computer does not have permissions to register and update the specific DNS domain name set for this adapter, or (b) there might have been a problem negotiating valid credentials with the DNS server during the processing of the update request.

You can manually retry DNS registration of the network adapter and its settings by typing 'ipconfig /registerdns' at the command prompt. If problems still persist, contact your DNS server or network systems administrator. See event details for specific error code information."
Warning,6/20/2018 10:23:32 AM,Microsoft-Windows-DNS-Client,8019,(1028),"The system failed to register host (A or AAAA) resource records (RRs) for network adapter
with settings:

           Adapter Name : {D8E1E31A-6CDC-4DF9-A781-06398854202A}
           Host Name : 45212MLIU-7
           Primary Domain Suffix : corp.premierinc.com
           DNS server list :
             	206.71.92.6, 206.71.92.5
           Sent update to server : 10.32.2.53:53
           IP Address(es) :
             206.71.92.121

The reason the system could not register these RRs was because of a security related problem. The cause of this could be (a) your computer does not have permissions to register and update the specific DNS domain name set for this adapter, or (b) there might have been a problem negotiating valid credentials with the DNS server during the processing of the update request.

You can manually retry DNS registration of the network adapter and its settings by typing 'ipconfig /registerdns' at the command prompt. If problems still persist, contact your DNS server or network systems administrator. See event details for specific error code information."
Warning,6/20/2018 10:23:31 AM,Microsoft-Windows-DNS-Client,8019,(1028),"The system failed to register host (A or AAAA) resource records (RRs) for network adapter
with settings:

           Adapter Name : {65C3C2FA-78D8-4738-B192-88221FEAC2B5}
           Host Name : 45212MLIU-7
           Primary Domain Suffix : corp.premierinc.com
           DNS server list :
             	10.32.2.53, 10.75.200.141
           Sent update to server : 10.32.2.53:53
           IP Address(es) :
             10.77.59.14

The reason the system could not register these RRs was because of a security related problem. The cause of this could be (a) your computer does not have permissions to register and update the specific DNS domain name set for this adapter, or (b) there might have been a problem negotiating valid credentials with the DNS server during the processing of the update request.

You can manually retry DNS registration of the network adapter and its settings by typing 'ipconfig /registerdns' at the command prompt. If problems still persist, contact your DNS server or network systems administrator. See event details for specific error code information."
Warning,6/20/2018 10:23:28 AM,Microsoft-Windows-Time-Service,129,None,NtpClient was unable to set a domain peer to use as a time source because of discovery error. NtpClient will try again in 15 minutes and double the reattempt interval thereafter. The error was: The entry is not found. (0x800706E1)
Information,6/20/2018 10:23:28 AM,Microsoft-Windows-Power-Troubleshooter,1,None,"The system has returned from a low power state.

Sleep Time: ‎2018‎-‎06‎-‎20T16:01:17.211244100Z
Wake Time: ‎2018‎-‎06‎-‎20T16:23:21.005340500Z

Wake Source: Unknown"
Warning,6/20/2018 10:23:26 AM,Microsoft-Windows-Time-Service,129,None,NtpClient was unable to set a domain peer to use as a time source because of discovery error. NtpClient will try again in 15 minutes and double the reattempt interval thereafter. The error was: The entry is not found. (0x800706E1)
Warning,6/20/2018 10:23:25 AM,Microsoft-Windows-Time-Service,129,None,NtpClient was unable to set a domain peer to use as a time source because of discovery error. NtpClient will try again in 15 minutes and double the reattempt interval thereafter. The error was: The entry is not found. (0x800706E1)
Warning,6/20/2018 10:23:25 AM,Microsoft-Windows-Time-Service,129,None,NtpClient was unable to set a domain peer to use as a time source because of discovery error. NtpClient will try again in 15 minutes and double the reattempt interval thereafter. The error was: The entry is not found. (0x800706E1)
Warning,6/20/2018 10:23:25 AM,Microsoft-Windows-DNS-Client,8015,(1028),"The system failed to register host (A or AAAA) resource records (RRs) for network adapter
with settings:

           Adapter Name : {65C3C2FA-78D8-4738-B192-88221FEAC2B5}
           Host Name : 45212MLIU-7
           Primary Domain Suffix : corp.premierinc.com
           DNS server list :
             	10.32.2.53, 10.75.200.141
           Sent update to server : <?>
           IP Address(es) :
             10.77.59.14

The reason the system could not register these RRs was because the update request it sent to the DNS server timed out. The most likely cause of this is that the DNS server authoritative for the name it was attempting to register or update is not running at this time.

You can manually retry DNS registration of the network adapter and its settings by typing 'ipconfig /registerdns' at the command prompt. If problems still persist, contact your DNS server or network systems administrator."
Warning,6/20/2018 10:23:25 AM,Microsoft-Windows-DNS-Client,8015,(1028),"The system failed to register host (A or AAAA) resource records (RRs) for network adapter
with settings:

           Adapter Name : {65C3C2FA-78D8-4738-B192-88221FEAC2B5}
           Host Name : 45212MLIU-7
           Primary Domain Suffix : corp.premierinc.com
           DNS server list :
             	10.32.2.53, 10.75.200.141
           Sent update to server : <?>
           IP Address(es) :
             10.77.59.14

The reason the system could not register these RRs was because the update request it sent to the DNS server timed out. The most likely cause of this is that the DNS server authoritative for the name it was attempting to register or update is not running at this time.

You can manually retry DNS registration of the network adapter and its settings by typing 'ipconfig /registerdns' at the command prompt. If problems still persist, contact your DNS server or network systems administrator."
Information,6/20/2018 10:23:23 AM,e1iexpress,32,None,"Intel(R) 82579LM Gigabit Network Connection
 Network link has been established at 1Gbps full duplex.
"
Warning,6/20/2018 10:23:20 AM,e1iexpress,27,None,"Intel(R) 82579LM Gigabit Network Connection
 Network link is disconnected.
"
Information,6/20/2018 10:23:20 AM,Microsoft-Windows-Kernel-Power,105,(100),Power source change.
Warning,6/20/2018 10:23:20 AM,Microsoft-Windows-Time-Service,129,None,NtpClient was unable to set a domain peer to use as a time source because of discovery error. NtpClient will try again in 15 minutes and double the reattempt interval thereafter. The error was: The entry is not found. (0x800706E1)
Information,6/20/2018 10:23:20 AM,MEIx64,2,None,Intel(R) Management Engine Interface driver has started successfully.
Information,6/20/2018 10:23:19 AM,Microsoft-Windows-Kernel-Power,131,(33),"Firmware S3 times. ResumeCount: 1, FullResume: 2839, AverageResume: 2839"
Information,6/20/2018 10:23:19 AM,Microsoft-Windows-Kernel-General,1,(5),"The system time has changed to ‎2018‎-‎06‎-‎20T16:23:19.500000000Z from ‎2018‎-‎06‎-‎20T16:01:46.818719200Z.

Change Reason: System time synchronized with the hardware clock."
Information,6/20/2018 10:01:46 AM,Microsoft-Windows-Kernel-Power,107,(102),The system has resumed from sleep.
Information,6/20/2018 10:01:45 AM,Microsoft-Windows-Kernel-Power,42,(64),"The system is entering sleep.

Sleep Reason: Application API"
Information,6/20/2018 10:01:37 AM,Microsoft-Windows-Kernel-General,1,(5),"The system time has changed to ‎2018‎-‎06‎-‎20T16:01:37.176000000Z from ‎2018‎-‎06‎-‎20T16:01:37.179910100Z.

Change Reason: An application or system component changed the time."
Information,6/20/2018 9:57:46 AM,Microsoft-Windows-GroupPolicy,1500,None,The Group Policy settings for the computer were processed successfully. There were no changes detected since the last successful processing of Group Policy.
Information,6/20/2018 9:54:29 AM,Service Control Manager,7040,None,The start type of the Background Intelligent Transfer Service service was changed from auto start to demand start.
Information,6/20/2018 9:52:16 AM,Service Control Manager,7040,None,The start type of the Background Intelligent Transfer Service service was changed from demand start to auto start.
Information,6/20/2018 9:32:16 AM,Service Control Manager,7040,None,The start type of the Background Intelligent Transfer Service service was changed from auto start to demand start.
Information,6/20/2018 9:30:13 AM,Service Control Manager,7040,None,The start type of the Background Intelligent Transfer Service service was changed from demand start to auto start.
Information,6/20/2018 9:15:57 AM,Service Control Manager,7040,None,The start type of the Background Intelligent Transfer Service service was changed from auto start to demand start.
Information,6/20/2018 9:13:44 AM,Service Control Manager,7040,None,The start type of the Background Intelligent Transfer Service service was changed from demand start to auto start.
Information,6/20/2018 9:10:55 AM,Microsoft-Windows-UserModePowerService,22,(18),Reapply power settings upon completion of the provisioning engine's turn 5
Information,6/20/2018 9:10:51 AM,Microsoft-Windows-Kernel-General,16,None,The access history in hive \??\C:\ProgramData\Microsoft\Provisioning\Microsoft-Desktop-Provisioning-Sequence.dat was cleared updating 0 keys and creating 0 modified pages.
Information,6/20/2018 9:06:36 AM,Microsoft-Windows-Time-Service,35,None,The time service is now synchronizing the system time with the time source C2PICORPDC1.corp.premierinc.com (ntp.d|0.0.0.0:123->10.75.6.78:123).
Information,6/20/2018 9:06:36 AM,Microsoft-Windows-Time-Service,37,None,The time provider NtpClient is currently receiving valid time data from C2PICORPDC1.corp.premierinc.com (ntp.d|0.0.0.0:123->10.75.6.78:123).
Information,6/20/2018 9:06:36 AM,Microsoft-Windows-Time-Service,138,None,NtpClient succeeds in resolving domain peer C2PICORPDC1.corp.premierinc.com after a previous failure.
Information,6/20/2018 9:02:26 AM,Service Control Manager,7040,None,The start type of the Background Intelligent Transfer Service service was changed from auto start to demand start.
Information,6/20/2018 9:02:00 AM,Microsoft-Windows-Kernel-General,16,None,The access history in hive \Device\HarddiskVolume2\WINDOWS\System32\config\ELAM was cleared updating 2 keys and creating 2 modified pages.
Information,6/20/2018 9:00:15 AM,Service Control Manager,7040,None,The start type of the Background Intelligent Transfer Service service was changed from demand start to auto start.
Information,6/20/2018 8:59:01 AM,Service Control Manager,7040,None,The start type of the Background Intelligent Transfer Service service was changed from auto start to demand start.
Information,6/20/2018 8:56:47 AM,Service Control Manager,7040,None,The start type of the Background Intelligent Transfer Service service was changed from demand start to auto start.
Information,6/20/2018 8:54:39 AM,Service Control Manager,7040,None,The start type of the Background Intelligent Transfer Service service was changed from auto start to demand start.
Information,6/20/2018 8:52:07 AM,Service Control Manager,7040,None,The start type of the Background Intelligent Transfer Service service was changed from demand start to auto start.
Warning,6/20/2018 8:51:39 AM,Microsoft-Windows-DNS-Client,8016,(1028),"The system failed to register host (A or AAAA) resource records (RRs) for network adapter
with settings:

           Adapter Name : {70336238-9E29-46F3-BB7D-CE7E9C71C337}
           Host Name : 45212MLIU-7
           Primary Domain Suffix : corp.premierinc.com
           DNS server list :
             	192.168.86.1
           Sent update to server : <?>
           IP Address(es) :
             192.168.86.215

The reason the system could not register these RRs was because the DNS server failed the update request. The most likely cause of this is that the authoritative DNS server required to process this update request has a lock in place on the zone, probably because a zone transfer is in progress.

You can manually retry DNS registration of the network adapter and its settings by typing 'ipconfig /registerdns' at the command prompt. If problems still persist, contact your DNS server or network systems administrator."
Warning,6/20/2018 8:51:39 AM,Microsoft-Windows-DNS-Client,8016,(1028),"The system failed to register host (A or AAAA) resource records (RRs) for network adapter
with settings:

           Adapter Name : {65C3C2FA-78D8-4738-B192-88221FEAC2B5}
           Host Name : 45212MLIU-7
           Primary Domain Suffix : corp.premierinc.com
           DNS server list :
             	10.32.2.53, 10.75.200.141
           Sent update to server : <?>
           IP Address(es) :
             10.77.59.14

The reason the system could not register these RRs was because the DNS server failed the update request. The most likely cause of this is that the authoritative DNS server required to process this update request has a lock in place on the zone, probably because a zone transfer is in progress.

You can manually retry DNS registration of the network adapter and its settings by typing 'ipconfig /registerdns' at the command prompt. If problems still persist, contact your DNS server or network systems administrator."
Warning,6/20/2018 8:51:39 AM,Microsoft-Windows-DNS-Client,8016,(1028),"The system failed to register host (A or AAAA) resource records (RRs) for network adapter
with settings:

           Adapter Name : {65C3C2FA-78D8-4738-B192-88221FEAC2B5}
           Host Name : 45212MLIU-7
           Primary Domain Suffix : corp.premierinc.com
           DNS server list :
             	10.32.2.53, 10.75.200.141
           Sent update to server : <?>
           IP Address(es) :
             10.77.59.14

The reason the system could not register these RRs was because the DNS server failed the update request. The most likely cause of this is that the authoritative DNS server required to process this update request has a lock in place on the zone, probably because a zone transfer is in progress.

You can manually retry DNS registration of the network adapter and its settings by typing 'ipconfig /registerdns' at the command prompt. If problems still persist, contact your DNS server or network systems administrator."
Error,6/20/2018 8:51:36 AM,Microsoft-Windows-GroupPolicy,1129,None,"The processing of Group Policy failed because of lack of network connectivity to a domain controller. This may be a transient condition. A success message would be generated once the machine gets connected to the domain controller and Group Policy has successfully processed. If you do not see a success message for several hours, then contact your administrator."
Warning,6/20/2018 8:51:36 AM,Microsoft-Windows-Time-Service,129,None,NtpClient was unable to set a domain peer to use as a time source because of discovery error. NtpClient will try again in 15 minutes and double the reattempt interval thereafter. The error was: The entry is not found. (0x800706E1)
Information,6/20/2018 8:50:40 AM,Microsoft-Windows-Ntfs,98,None,Volume Windows (\Device\HarddiskVolumeShadowCopy20) is healthy.  No action is needed.
Error,6/20/2018 8:50:04 AM,NETLOGON,5719,None,"This computer was not able to set up a secure session with a domain controller in domain CORP due to the following: 
We can't sign you in with this credential because your domain isn't available. Make sure your device is connected to your organization's network and try again. If you previously signed in on this device with another credential, you can sign in with that credential. 
This may lead to authentication problems. Make sure that this computer is connected to the network. If the problem persists, please contact your domain administrator.  

ADDITIONAL INFO 
If this computer is a domain controller for the specified domain, it sets up the secure session to the primary domain controller emulator in the specified domain. Otherwise, this computer sets up the secure session to any domain controller in the specified domain."
Information,6/20/2018 8:49:30 AM,Microsoft-Windows-Kernel-General,16,None,The access history in hive \??\C:\Users\mliu\AppData\Local\Packages\Microsoft.WindowsStore_8wekyb3d8bbwe\Settings\settings.dat was cleared updating 10 keys and creating 1 modified pages.
Error,6/20/2018 8:49:26 AM,Microsoft-Windows-GroupPolicy,1130,None,"Logon script failed. 
	GPO Name : CorporateTemplates
	GPO File System Path : \\corp.premierinc.com\SysVol\corp.premierinc.com\Policies\{537F14AF-167E-45E3-ABF6-D336AF72E8A3}\User
	Script Name: \\infrastructure\win7_app_deploy\PPT\PPT.bat"
Error,6/20/2018 8:49:26 AM,Microsoft-Windows-GroupPolicy,1130,None,"Logon script failed. 
	GPO Name : WriteDrivePrinters
	GPO File System Path : \\corp.premierinc.com\SysVol\corp.premierinc.com\Policies\{35C46FB7-C147-4027-8EC3-9A330109E69A}\User
	Script Name: WriteDriveMapSetup.ps1"
Information,6/20/2018 8:49:11 AM,Microsoft-Windows-Kernel-General,16,None,The access history in hive \??\C:\Users\mliu\AppData\Local\Packages\Microsoft.Windows.ShellExperienceHost_cw5n1h2txyewy\Settings\settings.dat was cleared updating 4 keys and creating 1 modified pages.
Information,6/20/2018 8:49:10 AM,Microsoft-Windows-Kernel-General,16,None,The access history in hive \??\C:\Users\mliu\AppData\Local\Packages\Microsoft.Windows.Cortana_cw5n1h2txyewy\Settings\settings.dat was cleared updating 33 keys and creating 7 modified pages.
