Information,6/4/2018 8:37:18 PM,Microsoft-Windows-Kernel-Processor-Power,55,(47),"Processor 1 in group 0 exposes the following power management capabilities:

Idle state type: ACPI Idle (C) States (2 state(s))

Performance state type: ACPI Performance (P) / Throttle (T) States
Nominal Frequency (MHz): 2601
Maximum performance percentage: 100
Minimum performance percentage: 46
Minimum throttle percentage: 5"
Information,6/4/2018 8:37:18 PM,Microsoft-Windows-Kernel-Processor-Power,55,(47),"Processor 0 in group 0 exposes the following power management capabilities:

Idle state type: ACPI Idle (C) States (2 state(s))

Performance state type: ACPI Performance (P) / Throttle (T) States
Nominal Frequency (MHz): 2601
Maximum performance percentage: 100
Minimum performance percentage: 46
Minimum throttle percentage: 5"
Information,6/4/2018 8:37:10 PM,VMnetAdapter,36,None,() Starting up the Adapter Driver for VMware Virtual Networks.
Information,6/4/2018 8:37:10 PM,Microsoft-Windows-Kernel-Power,172,(203),"Connectivity state in standby: Disconnected, Reason: NIC compliance"
Information,6/4/2018 8:37:09 PM,Microsoft-Windows-FilterManager,6,None,"File System Filter 'npsvctrig' (10.0, ‎2097‎-‎07‎-‎25T04:18:05.000000000Z) has successfully loaded and registered with Filter Manager."
Information,6/4/2018 8:37:09 PM,Microsoft-Windows-FilterManager,6,None,"File System Filter 'hdlpflt' (10.0, ‎2017‎-‎12‎-‎07T06:22:28.000000000Z) has successfully loaded and registered with Filter Manager."
Information,6/4/2018 8:37:09 PM,Microsoft-Windows-FilterManager,6,None,"File System Filter 'FileCrypt' (10.0, ‎2030‎-‎05‎-‎28T02:10:59.000000000Z) has successfully loaded and registered with Filter Manager."
Information,6/4/2018 8:37:07 PM,Microsoft-Windows-Ntfs,98,None,Volume C: (\Device\HarddiskVolume2) is healthy.  No action is needed.
Information,6/4/2018 8:37:05 PM,Microsoft-Windows-FilterManager,6,None,"File System Filter 'mfehidk' (0.0, ‎2017‎-‎11‎-‎30T23:46:33.000000000Z) has successfully loaded and registered with Filter Manager."
Information,6/4/2018 8:37:05 PM,Microsoft-Windows-FilterManager,6,None,"File System Filter 'Wof' (10.0, ‎1974‎-‎03‎-‎11T16:47:45.000000000Z) has successfully loaded and registered with Filter Manager."
Information,6/4/2018 8:37:05 PM,Microsoft-Windows-FilterManager,6,None,"File System Filter 'FileInfo' (10.0, ‎2042‎-‎06‎-‎30T08:43:32.000000000Z) has successfully loaded and registered with Filter Manager."
Information,6/4/2018 8:37:05 PM,TPM,24,None,The Trusted Platform Module (TPM) status: Enabled and Active.
Information,6/4/2018 8:37:04 PM,Microsoft-Windows-Kernel-Boot,30,(21),The firmware reported boot metrics.
Information,6/4/2018 8:37:04 PM,Microsoft-Windows-Kernel-Boot,32,None,The bootmgr spent 0 ms waiting for user input.
Information,6/4/2018 8:37:04 PM,Microsoft-Windows-Kernel-Boot,18,None,There are 0x1 boot options on this system.
Information,6/4/2018 8:37:04 PM,Microsoft-Windows-Kernel-Boot,25,(32),The boot menu policy was 0x1.
Information,6/4/2018 8:37:04 PM,Microsoft-Windows-Kernel-Boot,27,(33),The boot type was 0x0.
Information,6/4/2018 8:37:04 PM,Microsoft-Windows-Kernel-Boot,20,(31),The last shutdown's success status was true. The last boot's success status was true.
Information,6/4/2018 8:37:04 PM,Microsoft-Windows-Kernel-Boot,153,None,Virtualization-based security (policies: 0) is disabled.
Information,6/4/2018 8:37:04 PM,Microsoft-Windows-Kernel-General,12,(1),The operating system started at system time ‎2018‎-‎06‎-‎05T02:37:04.490728800Z.
Information,6/4/2018 8:36:47 PM,Microsoft-Windows-Kernel-General,13,(2),The operating system is shutting down at system time ‎2018‎-‎06‎-‎05T02:36:47.858336400Z.
Information,6/4/2018 8:36:40 PM,Microsoft-Windows-Kernel-Power,109,(103),"The kernel power manager has initiated a shutdown transition.

Shutdown Reason: Kernel API"
Information,6/4/2018 8:36:36 PM,Microsoft-Windows-WLAN-AutoConfig,4001,None,"WLAN AutoConfig service has successfully stopped.
"
Information,6/4/2018 8:37:25 PM,EventLog,6013,None,The system uptime is 21 seconds.
Information,6/4/2018 8:37:25 PM,EventLog,6005,None,The Event log service was started.
Information,6/4/2018 8:37:25 PM,EventLog,6009,None,Microsoft (R) Windows (R) 10.00. 15063  Multiprocessor Free.
Warning,6/4/2018 8:36:36 PM,Microsoft-Windows-WLAN-AutoConfig,10002,None,"WLAN Extensibility Module has stopped.

Module Path: C:\WINDOWS\system32\acnamihv.dll
"
Information,6/4/2018 8:36:35 PM,Microsoft-Windows-Dhcp-Client,50037,Service State Event,DHCPv4 client service is stopped. ShutDown Flag value is 1
Information,6/4/2018 8:36:35 PM,Microsoft-Windows-DHCPv6-Client,51047,Service State Event,DHCPv6 client service is stopped. ShutDown Flag value is 1
Information,6/4/2018 8:36:35 PM,Microsoft-Windows-Dhcp-Client,50106,Service State Event,DHCPv4 is waiting on DHCPv6 service to stop
Information,6/4/2018 8:36:35 PM,Microsoft-Windows-Kernel-General,1,(5),"The system time has changed to ‎2018‎-‎06‎-‎05T02:36:35.242000000Z from ‎2018‎-‎06‎-‎05T02:36:35.253683900Z.

Change Reason: An application or system component changed the time."
Information,6/4/2018 8:36:35 PM,Microsoft-Windows-Dhcp-Client,50105,Service State Event,DHCPv4 client ProcessDHCPRequestForever received TERMINATE_EVENT
Information,6/4/2018 8:36:35 PM,Microsoft-Windows-Dhcp-Client,50104,Service State Event,DHCPv4 client received shutdown notification
Information,6/4/2018 8:36:35 PM,EventLog,6006,None,The Event log service was stopped.
Information,6/4/2018 8:36:35 PM,McAfee Service Controller,4,None,The mfefire MMS Service entered the Post-Shutdown state.
Information,6/4/2018 8:36:32 PM,User32,1074,None,"The process C:\WINDOWS\system32\winlogon.exe (45212MLIU-7) has initiated the restart of computer 45212MLIU-7 on behalf of user NT AUTHORITY\SYSTEM for the following reason: Operating System: Upgrade (Planned)
 Reason Code: 0x80020003
 Shutdown Type: restart
 Comment: "
Information,6/4/2018 8:22:27 PM,Microsoft-Windows-Time-Service,158,None,The time provider 'VMICTimeProvider' has indicated that the current hardware and operating environment is not supported and has stopped. This behavior is expected for VMICTimeProvider on non-HyperV-guest environments. This may be the expected behavior for the current provider in the current operating environment as well.
Information,6/4/2018 8:19:48 PM,Service Control Manager,7040,None,The start type of the Background Intelligent Transfer Service service was changed from auto start to demand start.
Information,6/4/2018 8:17:38 PM,Service Control Manager,7040,None,The start type of the Background Intelligent Transfer Service service was changed from demand start to auto start.
Information,6/4/2018 8:15:01 PM,Lfsvc,1,None,Geolocation positioning is enabled.
Information,6/4/2018 8:14:21 PM,Service Control Manager,7040,None,The start type of the Background Intelligent Transfer Service service was changed from auto start to demand start.
Information,6/4/2018 8:11:45 PM,Service Control Manager,7040,None,The start type of the Background Intelligent Transfer Service service was changed from demand start to auto start.
Information,6/4/2018 8:09:03 PM,Microsoft-Windows-Ntfs,98,None,Volume Windows (\Device\HarddiskVolumeShadowCopy1) is healthy.  No action is needed.
Information,6/4/2018 8:08:37 PM,Service Control Manager,7040,None,The start type of the Background Intelligent Transfer Service service was changed from auto start to demand start.
Information,6/4/2018 8:07:57 PM,Microsoft-Windows-WinRM,10148,None,"The WinRM service is listening for WS-Management requests. 

 User Action 
 Use the following command to see the specific IPs on which WinRM is listening: 

 winrm enumerate winrm/config/listener"
Information,6/4/2018 8:05:55 PM,McAfee Service Controller,1,None,The mfetp MMS Service entered the running state.
Information,6/4/2018 8:05:54 PM,McAfee Service Controller,1,None,The mfedxl MMS Service entered the running state.
Error,6/4/2018 8:05:50 PM,Service Control Manager,7000,None,"The Net.Pipe Listener Adapter service failed to start due to the following error: 
The service did not respond to the start or control request in a timely fashion."
Error,6/4/2018 8:05:50 PM,Service Control Manager,7000,None,"The Net.Msmq Listener Adapter service failed to start due to the following error: 
The service did not respond to the start or control request in a timely fashion."
Information,6/4/2018 8:05:50 PM,Microsoft-Windows-TPM-WMI,1026,None,"The Trusted Platform Module (TPM) hardware on this computer cannot be provisioned for use automatically.  To set up the TPM interactively use the TPM management console (Start->tpm.msc) and use the action to make the TPM ready.

Error: The TPM provisioning action is not allowed by the specified flags.  For provisioning to be successful, one of several actions may be required.  The TPM management console (tpm.msc) action to make the TPM Ready may help.  For further information, see the documentation for the Win32_Tpm WMI method 'Provision'.  (The actions that may be required include importing the TPM Owner Authorization value into the system, calling the Win32_Tpm WMI method for provisioning the TPM and specifying TRUE for either 'ForceClear_Allowed' or 'PhysicalPresencePrompts_Allowed' (as indicated by the value returned in the Additional Information), or enabling the TPM in the system BIOS.)
Additional Information: 0x80011c"
Error,6/4/2018 8:05:50 PM,Service Control Manager,7009,None,A timeout was reached (30000 milliseconds) while waiting for the NetMsmqActivator service to connect.
Error,6/4/2018 8:05:50 PM,Service Control Manager,7009,None,A timeout was reached (30000 milliseconds) while waiting for the NetPipeActivator service to connect.
Information,6/4/2018 8:05:40 PM,McAfee Service Controller,2,None,The mfedxl MMS Service entered the stopped state.
Information,6/4/2018 8:05:38 PM,TPM,18,None,This event triggers the Trusted Platform Module (TPM) provisioning/status check to run.
Information,6/4/2018 8:05:38 PM,Service Control Manager,7026,None,"The following boot-start or system-start driver(s) did not load: 
dam"
Information,6/4/2018 8:05:34 PM,Microsoft-Windows-Time-Service,37,None,The time provider NtpClient is currently receiving valid time data from C11PICORPDC1.corp.premierinc.com (ntp.d|0.0.0.0:123->10.10.240.117:123).
Warning,6/4/2018 8:05:31 PM,Microsoft-Windows-DNS-Client,8019,(1028),"The system failed to register host (A or AAAA) resource records (RRs) for network adapter
with settings:

           Adapter Name : {D8E1E31A-6CDC-4DF9-A781-06398854202A}
           Host Name : 45212MLIU-7
           Primary Domain Suffix : corp.premierinc.com
           DNS server list :
             	206.71.92.6, 206.71.92.5
           Sent update to server : 10.32.2.53:53
           IP Address(es) :
             206.71.92.121

The reason the system could not register these RRs was because of a security related problem. The cause of this could be (a) your computer does not have permissions to register and update the specific DNS domain name set for this adapter, or (b) there might have been a problem negotiating valid credentials with the DNS server during the processing of the update request.

You can manually retry DNS registration of the network adapter and its settings by typing 'ipconfig /registerdns' at the command prompt. If problems still persist, contact your DNS server or network systems administrator. See event details for specific error code information."
Information,6/4/2018 8:05:25 PM,LsaSrv,6144,None,A secret object private to LSA was queried by a client. This object was returned in encrypted format for security reasons.
Information,6/4/2018 8:05:23 PM,Microsoft-Windows-Time-Service,35,None,The time service is now synchronizing the system time with the time source C11PICORPDC1.corp.premierinc.com (ntp.d|0.0.0.0:123->10.10.240.117:123).
Information,6/4/2018 8:05:14 PM,Microsoft-Windows-Time-Service,37,None,The time provider NtpClient is currently receiving valid time data from C11PICORPDC1.corp.premierinc.com (ntp.d|0.0.0.0:123->10.10.240.117:123).
Information,6/4/2018 8:05:14 PM,Microsoft-Windows-WAS,5211,None,The Windows Process Activation Service (WAS) started with 'Classic' mode using 'ConfigurationSystem'
Information,6/4/2018 8:05:13 PM,McAfee Service Controller,1,None,The mfeatp MMS Service entered the running state.
Information,6/4/2018 8:05:08 PM,Microsoft-Windows-Time-Service,37,None,The time provider NtpClient is currently receiving valid time data from C11PICORPDC1.corp.premierinc.com (ntp.d|0.0.0.0:123->10.10.240.117:123).
Warning,6/4/2018 8:05:07 PM,Microsoft-Windows-Time-Service,129,None,NtpClient was unable to set a domain peer to use as a time source because of discovery error. NtpClient will try again in 15 minutes and double the reattempt interval thereafter. The error was: The entry is not found. (0x800706E1)
Information,6/4/2018 8:05:05 PM,VMnetuserif,1,None,() Starting up the User Interface Driver for VMware Virtual Networks.
Information,6/4/2018 8:05:06 PM,McAfee Service Controller,1,None,The mfehcs MMS Service entered the running state.
Information,6/4/2018 8:05:06 PM,McAfee Service Controller,1,None,The mfedxl MMS Service entered the running state.
Information,6/4/2018 8:05:02 PM,McAfee Service Controller,1,None,The mfeesp MMS Service entered the running state.
Information,6/4/2018 8:05:02 PM,McAfee Service Controller,1,None,The mfefw MMS Service entered the running state.
Warning,6/4/2018 8:05:00 PM,Microsoft-Windows-DNS-Client,8019,(1028),"The system failed to register host (A or AAAA) resource records (RRs) for network adapter
with settings:

           Adapter Name : {D8E1E31A-6CDC-4DF9-A781-06398854202A}
           Host Name : 45212MLIU-7
           Primary Domain Suffix : corp.premierinc.com
           DNS server list :
             	206.71.92.6, 206.71.92.5
           Sent update to server : 10.32.2.53:53
           IP Address(es) :
             206.71.92.121

The reason the system could not register these RRs was because of a security related problem. The cause of this could be (a) your computer does not have permissions to register and update the specific DNS domain name set for this adapter, or (b) there might have been a problem negotiating valid credentials with the DNS server during the processing of the update request.

You can manually retry DNS registration of the network adapter and its settings by typing 'ipconfig /registerdns' at the command prompt. If problems still persist, contact your DNS server or network systems administrator. See event details for specific error code information."
Information,6/4/2018 8:04:59 PM,LsaSrv,6144,None,A secret object private to LSA was queried by a client. This object was returned in encrypted format for security reasons.
Information,6/4/2018 8:04:59 PM,LsaSrv,6144,None,A secret object private to LSA was queried by a client. This object was returned in encrypted format for security reasons.
Information,6/4/2018 8:04:59 PM,LsaSrv,6144,None,A secret object private to LSA was queried by a client. This object was returned in encrypted format for security reasons.
Information,6/4/2018 8:04:59 PM,McAfee Service Controller,1,None,The mfefire MMS Service entered the running state.
Warning,6/4/2018 8:04:58 PM,Microsoft-Windows-DNS-Client,8019,(1028),"The system failed to register host (A or AAAA) resource records (RRs) for network adapter
with settings:

           Adapter Name : {D8E1E31A-6CDC-4DF9-A781-06398854202A}
           Host Name : 45212MLIU-7
           Primary Domain Suffix : corp.premierinc.com
           DNS server list :
             	206.71.92.6, 206.71.92.5
           Sent update to server : 10.32.2.53:53
           IP Address(es) :
             206.71.92.121

The reason the system could not register these RRs was because of a security related problem. The cause of this could be (a) your computer does not have permissions to register and update the specific DNS domain name set for this adapter, or (b) there might have been a problem negotiating valid credentials with the DNS server during the processing of the update request.

You can manually retry DNS registration of the network adapter and its settings by typing 'ipconfig /registerdns' at the command prompt. If problems still persist, contact your DNS server or network systems administrator. See event details for specific error code information."
Information,6/4/2018 8:04:58 PM,LsaSrv,6144,None,A secret object private to LSA was queried by a client. This object was returned in encrypted format for security reasons.
Information,6/4/2018 8:04:58 PM,LsaSrv,6144,None,A secret object private to LSA was queried by a client. This object was returned in encrypted format for security reasons.
Information,6/4/2018 8:04:58 PM,LsaSrv,6144,None,A secret object private to LSA was queried by a client. This object was returned in encrypted format for security reasons.
Information,6/4/2018 8:04:58 PM,LsaSrv,6144,None,A secret object private to LSA was queried by a client. This object was returned in encrypted format for security reasons.
Information,6/4/2018 8:04:58 PM,LsaSrv,6144,None,A secret object private to LSA was queried by a client. This object was returned in encrypted format for security reasons.
Warning,6/4/2018 8:04:58 PM,Microsoft-Windows-DNS-Client,8019,(1028),"The system failed to register host (A or AAAA) resource records (RRs) for network adapter
with settings:

           Adapter Name : {D8E1E31A-6CDC-4DF9-A781-06398854202A}
           Host Name : 45212MLIU-7
           Primary Domain Suffix : corp.premierinc.com
           DNS server list :
             	206.71.92.6, 206.71.92.5
           Sent update to server : 10.32.2.53:53
           IP Address(es) :
             206.71.92.121

The reason the system could not register these RRs was because of a security related problem. The cause of this could be (a) your computer does not have permissions to register and update the specific DNS domain name set for this adapter, or (b) there might have been a problem negotiating valid credentials with the DNS server during the processing of the update request.

You can manually retry DNS registration of the network adapter and its settings by typing 'ipconfig /registerdns' at the command prompt. If problems still persist, contact your DNS server or network systems administrator. See event details for specific error code information."
Information,6/4/2018 8:04:58 PM,McAfee Service Controller,1,None,The mfecore MMS Service entered the running state.
Information,6/4/2018 8:04:57 PM,LsaSrv,6144,None,A secret object private to LSA was queried by a client. This object was returned in encrypted format for security reasons.
Information,6/4/2018 8:04:57 PM,LsaSrv,6144,None,A secret object private to LSA was queried by a client. This object was returned in encrypted format for security reasons.
Information,6/4/2018 8:04:57 PM,LsaSrv,6144,None,A secret object private to LSA was queried by a client. This object was returned in encrypted format for security reasons.
Information,6/4/2018 8:04:56 PM,LsaSrv,6144,None,A secret object private to LSA was queried by a client. This object was returned in encrypted format for security reasons.
Information,6/4/2018 8:04:56 PM,LsaSrv,6144,None,A secret object private to LSA was queried by a client. This object was returned in encrypted format for security reasons.
Information,6/4/2018 8:04:55 PM,McAfee Service Controller,1,None,The mfevtp MMS Service entered the running state.
Information,6/4/2018 8:04:55 PM,LsaSrv,6144,None,A secret object private to LSA was queried by a client. This object was returned in encrypted format for security reasons.
Information,6/4/2018 8:04:55 PM,LsaSrv,6144,None,A secret object private to LSA was queried by a client. This object was returned in encrypted format for security reasons.
Information,6/4/2018 8:04:55 PM,LsaSrv,6144,None,A secret object private to LSA was queried by a client. This object was returned in encrypted format for security reasons.
Information,6/4/2018 8:04:54 PM,LsaSrv,6144,None,A secret object private to LSA was queried by a client. This object was returned in encrypted format for security reasons.
Information,6/4/2018 8:04:54 PM,LsaSrv,6144,None,A secret object private to LSA was queried by a client. This object was returned in encrypted format for security reasons.
Information,6/4/2018 8:04:49 PM,Microsoft-Windows-Time-Service,37,None,The time provider NtpClient is currently receiving valid time data from C11PICORPDC1.corp.premierinc.com (ntp.d|0.0.0.0:123->10.10.240.117:123).
Error,6/4/2018 8:04:48 PM,Service Control Manager,7001,None,"The NetTcpActivator service depends on the NetTcpPortSharing service which failed to start because of the following error: 
The service cannot be started, either because it is disabled or because it has no enabled devices associated with it."
Information,6/4/2018 8:04:48 PM,vmx86,34,None,"The description for Event ID 34 from source vmx86 cannot be found. Either the component that raises this event is not installed on your local computer or the installation is corrupted. You can install or repair the component on the local computer.

If the event originated on another computer, the display information had to be saved with the event.

The following information was included with the event: 

VMX86.SYS: begin DriverEntry built @ 12:34:37
"
Information,6/4/2018 8:04:48 PM,Microsoft-Windows-Time-Service,158,None,The time provider 'VMICTimeProvider' has indicated that the current hardware and operating environment is not supported and has stopped. This behavior is expected for VMICTimeProvider on non-HyperV-guest environments. This may be the expected behavior for the current provider in the current operating environment as well.
Information,6/4/2018 8:04:45 PM,Microsoft-Windows-WLAN-AutoConfig,10001,None,"WLAN Extensibility Module has successfully started.

Module Path: C:\WINDOWS\system32\acnamihv.dll
"
Information,6/4/2018 8:04:44 PM,Microsoft-Windows-WLAN-AutoConfig,4000,None,"WLAN AutoConfig service has successfully started.
"
Warning,6/4/2018 8:04:39 PM,Microsoft-Windows-DNS-Client,8020,(1028),"The system failed to register host (A or AAAA) resource records (RRs) for network adapter
with settings:

           Adapter Name : {D8E1E31A-6CDC-4DF9-A781-06398854202A}
           Host Name : 45212MLIU-7
           Primary Domain Suffix : corp.premierinc.com
           DNS server list :
             	206.71.92.6, 206.71.92.5
           Sent update to server : <?>
           IP Address(es) :
             206.71.92.121

The reason the system could not register these RRs during the update request was because of a system problem. You can manually retry DNS registration of the network adapter and its settings by typing 'ipconfig /registerdns' at the command prompt. If problems still persist, contact your DNS server or network systems administrator. See event details for specific error code information."
Warning,6/4/2018 8:04:35 PM,Microsoft-Windows-Wininit,11,None,Custom dynamic link libraries are being loaded for every application. The system administrator should review the list of libraries to ensure they are related to trusted applications. Please visit http://support.microsoft.com/kb/197571 for more information.
Information,6/4/2018 8:04:28 PM,Microsoft-Windows-FilterManager,6,None,"File System Filter 'storqosflt' (10.0, ‎2015‎-‎12‎-‎17T21:36:27.000000000Z) has successfully loaded and registered with Filter Manager."
Information,6/4/2018 8:04:28 PM,Microsoft-Windows-DHCPv6-Client,51046,Service State Event,DHCPv6 client service is started
Error,6/4/2018 8:04:28 PM,Service Control Manager,7000,None,"The CldFlt service failed to start due to the following error: 
The request is not supported."
Information,6/4/2018 8:04:28 PM,Microsoft-Windows-FilterManager,6,None,"File System Filter 'luafv' (10.0, ‎2037‎-‎06‎-‎08T03:55:59.000000000Z) has successfully loaded and registered with Filter Manager."
Information,6/4/2018 8:04:27 PM,Microsoft-Windows-Dhcp-Client,50103,Service State Event,DHCPv4 client registered for shutdown notification
Information,6/4/2018 8:04:27 PM,Microsoft-Windows-Dhcp-Client,50036,Service State Event,DHCPv4 client service is started
Information,6/4/2018 8:04:27 PM,Microsoft-Windows-FilterManager,6,None,"File System Filter 'wcifs' (10.0, ‎2079‎-‎07‎-‎15T12:50:57.000000000Z) has successfully loaded and registered with Filter Manager."
Information,6/4/2018 8:04:27 PM,Microsoft-Windows-Directory-Services-SAM,16962,None,"Remote calls to the SAM database are being restricted using the default security descriptor: O:SYG:SYD:(A;;RC;;;BA).
For more information please see http://go.microsoft.com/fwlink/?LinkId=787651."
Information,6/4/2018 8:04:25 PM,Microsoft-Windows-Wininit,14,None,"Credential Guard (LsaIso.exe) configuration: 0x0, 0"
Information,6/4/2018 8:04:24 PM,e1iexpress,32,None,"Intel(R) 82579LM Gigabit Network Connection
 Network link has been established at 1Gbps full duplex.
"
Information,6/4/2018 8:04:21 PM,Microsoft-Windows-Ntfs,98,None,Volume \\?\Volume{167022d7-4dd4-11e6-8f1d-806e6f6e6963} (\Device\HarddiskVolume1) is healthy.  No action is needed.
Information,6/4/2018 8:04:21 PM,Microsoft-Windows-Kernel-Power,521,(220),Active battery count change.
Information,6/4/2018 8:04:21 PM,NETwNe64,7036,None,The \Device\NDMP5 service entered the Intel(R) Centrino(R) Advanced-N 6205 state.
Information,6/4/2018 8:04:21 PM,Microsoft-Windows-Ntfs,98,None,Volume \\?\Volume{167022d9-4dd4-11e6-8f1d-806e6f6e6963} (\Device\HarddiskVolume3) is healthy.  No action is needed.
Information,6/4/2018 8:04:21 PM,MEIx64,2,None,Intel(R) Management Engine Interface driver has started successfully.
Information,6/4/2018 8:04:20 PM,Microsoft-Windows-Kernel-Processor-Power,55,(47),"Processor 3 in group 0 exposes the following power management capabilities:

Idle state type: ACPI Idle (C) States (2 state(s))

Performance state type: ACPI Performance (P) / Throttle (T) States
Nominal Frequency (MHz): 2601
Maximum performance percentage: 100
Minimum performance percentage: 46
Minimum throttle percentage: 5"
Information,6/4/2018 8:04:20 PM,Microsoft-Windows-Kernel-Processor-Power,55,(47),"Processor 2 in group 0 exposes the following power management capabilities:

Idle state type: ACPI Idle (C) States (2 state(s))

Performance state type: ACPI Performance (P) / Throttle (T) States
Nominal Frequency (MHz): 2601
Maximum performance percentage: 100
Minimum performance percentage: 46
Minimum throttle percentage: 5"
Information,6/4/2018 8:04:20 PM,Microsoft-Windows-Kernel-Processor-Power,55,(47),"Processor 1 in group 0 exposes the following power management capabilities:

Idle state type: ACPI Idle (C) States (2 state(s))

Performance state type: ACPI Performance (P) / Throttle (T) States
Nominal Frequency (MHz): 2601
Maximum performance percentage: 100
Minimum performance percentage: 46
Minimum throttle percentage: 5"
Information,6/4/2018 8:04:20 PM,Microsoft-Windows-Kernel-Processor-Power,55,(47),"Processor 0 in group 0 exposes the following power management capabilities:

Idle state type: ACPI Idle (C) States (2 state(s))

Performance state type: ACPI Performance (P) / Throttle (T) States
Nominal Frequency (MHz): 2601
Maximum performance percentage: 100
Minimum performance percentage: 46
Minimum throttle percentage: 5"
Information,6/4/2018 8:04:15 PM,VMnetAdapter,36,None,() Starting up the Adapter Driver for VMware Virtual Networks.
Information,6/4/2018 8:04:14 PM,Microsoft-Windows-Kernel-Power,172,(203),"Connectivity state in standby: Disconnected, Reason: NIC compliance"
Information,6/4/2018 8:04:14 PM,Microsoft-Windows-FilterManager,6,None,"File System Filter 'npsvctrig' (10.0, ‎2097‎-‎07‎-‎25T04:18:05.000000000Z) has successfully loaded and registered with Filter Manager."
Information,6/4/2018 8:04:14 PM,Microsoft-Windows-FilterManager,6,None,"File System Filter 'hdlpflt' (10.0, ‎2017‎-‎12‎-‎07T06:22:28.000000000Z) has successfully loaded and registered with Filter Manager."
Information,6/4/2018 8:04:13 PM,Microsoft-Windows-FilterManager,6,None,"File System Filter 'FileCrypt' (10.0, ‎2030‎-‎05‎-‎28T02:10:59.000000000Z) has successfully loaded and registered with Filter Manager."
Information,6/4/2018 8:04:13 PM,Microsoft-Windows-Ntfs,98,None,Volume C: (\Device\HarddiskVolume2) is healthy.  No action is needed.
Information,6/4/2018 8:04:11 PM,Microsoft-Windows-FilterManager,6,None,"File System Filter 'mfehidk' (0.0, ‎2017‎-‎11‎-‎30T23:46:33.000000000Z) has successfully loaded and registered with Filter Manager."
Information,6/4/2018 8:04:11 PM,Microsoft-Windows-FilterManager,6,None,"File System Filter 'Wof' (10.0, ‎1974‎-‎03‎-‎11T16:47:45.000000000Z) has successfully loaded and registered with Filter Manager."
Information,6/4/2018 8:04:11 PM,Microsoft-Windows-FilterManager,6,None,"File System Filter 'FileInfo' (10.0, ‎2042‎-‎06‎-‎30T08:43:32.000000000Z) has successfully loaded and registered with Filter Manager."
Information,6/4/2018 8:04:11 PM,TPM,24,None,The Trusted Platform Module (TPM) status: Enabled and Active.
Information,6/4/2018 8:04:10 PM,Microsoft-Windows-Kernel-Boot,30,(21),The firmware reported boot metrics.
Information,6/4/2018 8:04:10 PM,Microsoft-Windows-Kernel-Boot,32,None,The bootmgr spent 0 ms waiting for user input.
Information,6/4/2018 8:04:10 PM,Microsoft-Windows-Kernel-Boot,18,None,There are 0x1 boot options on this system.
Information,6/4/2018 8:04:10 PM,Microsoft-Windows-Kernel-Boot,25,(32),The boot menu policy was 0x1.
Information,6/4/2018 8:04:10 PM,Microsoft-Windows-Kernel-Boot,27,(33),The boot type was 0x0.
Information,6/4/2018 8:04:10 PM,Microsoft-Windows-Kernel-Boot,20,(31),The last shutdown's success status was true. The last boot's success status was true.
Information,6/4/2018 8:04:10 PM,Microsoft-Windows-Kernel-Boot,153,None,Virtualization-based security (policies: 0) is disabled.
Information,6/4/2018 8:04:10 PM,Microsoft-Windows-Kernel-General,12,(1),The operating system started at system time ‎2018‎-‎06‎-‎05T02:04:10.490887100Z.
Information,6/4/2018 8:03:53 PM,Microsoft-Windows-Kernel-General,13,(2),The operating system is shutting down at system time ‎2018‎-‎06‎-‎05T02:03:53.220626800Z.
Information,6/4/2018 8:04:27 PM,EventLog,6013,None,The system uptime is 17 seconds.
Information,6/4/2018 8:04:27 PM,EventLog,6005,None,The Event log service was started.
Information,6/4/2018 8:04:27 PM,EventLog,6009,None,Microsoft (R) Windows (R) 10.00. 15063  Multiprocessor Free.
Error,6/4/2018 8:03:51 PM,Service Control Manager,7023,None,"The WMI Performance Adapter service terminated with the following error: 
The media is write protected."
Information,6/4/2018 8:03:43 PM,Microsoft-Windows-Kernel-Power,109,(103),"The kernel power manager has initiated a shutdown transition.

Shutdown Reason: Kernel API"
Warning,6/4/2018 8:03:41 PM,Microsoft-Windows-DNS-Client,8019,(1028),"The system failed to register host (A or AAAA) resource records (RRs) for network adapter
with settings:

           Adapter Name : {D8E1E31A-6CDC-4DF9-A781-06398854202A}
           Host Name : 45212MLIU-7
           Primary Domain Suffix : corp.premierinc.com
           DNS server list :
             	206.71.92.6, 206.71.92.5
           Sent update to server : 10.32.2.53:53
           IP Address(es) :
             206.71.92.121

The reason the system could not register these RRs was because of a security related problem. The cause of this could be (a) your computer does not have permissions to register and update the specific DNS domain name set for this adapter, or (b) there might have been a problem negotiating valid credentials with the DNS server during the processing of the update request.

You can manually retry DNS registration of the network adapter and its settings by typing 'ipconfig /registerdns' at the command prompt. If problems still persist, contact your DNS server or network systems administrator. See event details for specific error code information."
Information,6/4/2018 8:03:39 PM,LsaSrv,6144,None,A secret object private to LSA was queried by a client. This object was returned in encrypted format for security reasons.
Information,6/4/2018 8:03:39 PM,Microsoft-Windows-WLAN-AutoConfig,4001,None,"WLAN AutoConfig service has successfully stopped.
"
Warning,6/4/2018 8:03:39 PM,Microsoft-Windows-WLAN-AutoConfig,10002,None,"WLAN Extensibility Module has stopped.

Module Path: C:\WINDOWS\system32\acnamihv.dll
"
Information,6/4/2018 8:03:38 PM,Microsoft-Windows-Dhcp-Client,50037,Service State Event,DHCPv4 client service is stopped. ShutDown Flag value is 1
Information,6/4/2018 8:03:38 PM,Microsoft-Windows-DHCPv6-Client,51047,Service State Event,DHCPv6 client service is stopped. ShutDown Flag value is 1
Information,6/4/2018 8:03:38 PM,LsaSrv,6144,None,A secret object private to LSA was queried by a client. This object was returned in encrypted format for security reasons.
Information,6/4/2018 8:03:39 PM,EventLog,6006,None,The Event log service was stopped.
Information,6/4/2018 8:03:38 PM,LsaSrv,6144,None,A secret object private to LSA was queried by a client. This object was returned in encrypted format for security reasons.
Information,6/4/2018 8:03:38 PM,Microsoft-Windows-Dhcp-Client,50106,Service State Event,DHCPv4 is waiting on DHCPv6 service to stop
Information,6/4/2018 8:03:38 PM,Microsoft-Windows-Kernel-General,1,(5),"The system time has changed to ‎2018‎-‎06‎-‎05T02:03:38.693000000Z from ‎2018‎-‎06‎-‎05T02:03:38.695079800Z.

Change Reason: An application or system component changed the time."
Information,6/4/2018 8:03:38 PM,Microsoft-Windows-Dhcp-Client,50105,Service State Event,DHCPv4 client ProcessDHCPRequestForever received TERMINATE_EVENT
Information,6/4/2018 8:03:38 PM,Microsoft-Windows-Dhcp-Client,50104,Service State Event,DHCPv4 client received shutdown notification
Warning,6/4/2018 8:03:38 PM,Microsoft-Windows-DNS-Client,8019,(1028),"The system failed to register host (A or AAAA) resource records (RRs) for network adapter
with settings:

           Adapter Name : {D8E1E31A-6CDC-4DF9-A781-06398854202A}
           Host Name : 45212MLIU-7
           Primary Domain Suffix : corp.premierinc.com
           DNS server list :
             	206.71.92.6, 206.71.92.5
           Sent update to server : 10.32.2.53:53
           IP Address(es) :
             206.71.92.121

The reason the system could not register these RRs was because of a security related problem. The cause of this could be (a) your computer does not have permissions to register and update the specific DNS domain name set for this adapter, or (b) there might have been a problem negotiating valid credentials with the DNS server during the processing of the update request.

You can manually retry DNS registration of the network adapter and its settings by typing 'ipconfig /registerdns' at the command prompt. If problems still persist, contact your DNS server or network systems administrator. See event details for specific error code information."
Warning,6/4/2018 8:03:38 PM,Microsoft-Windows-DNS-Client,8019,(1028),"The system failed to register host (A or AAAA) resource records (RRs) for network adapter
with settings:

           Adapter Name : {D8E1E31A-6CDC-4DF9-A781-06398854202A}
           Host Name : 45212MLIU-7
           Primary Domain Suffix : corp.premierinc.com
           DNS server list :
             	206.71.92.6, 206.71.92.5
           Sent update to server : 10.32.2.53:53
           IP Address(es) :
             206.71.92.121

The reason the system could not register these RRs was because of a security related problem. The cause of this could be (a) your computer does not have permissions to register and update the specific DNS domain name set for this adapter, or (b) there might have been a problem negotiating valid credentials with the DNS server during the processing of the update request.

You can manually retry DNS registration of the network adapter and its settings by typing 'ipconfig /registerdns' at the command prompt. If problems still persist, contact your DNS server or network systems administrator. See event details for specific error code information."
Information,6/4/2018 8:03:38 PM,LsaSrv,6144,None,A secret object private to LSA was queried by a client. This object was returned in encrypted format for security reasons.
Information,6/4/2018 8:03:38 PM,LsaSrv,6144,None,A secret object private to LSA was queried by a client. This object was returned in encrypted format for security reasons.
Information,6/4/2018 8:03:37 PM,LsaSrv,6144,None,A secret object private to LSA was queried by a client. This object was returned in encrypted format for security reasons.
Information,6/4/2018 8:03:38 PM,McAfee Service Controller,2,None,The mfehcs MMS Service entered the stopped state.
Information,6/4/2018 8:03:38 PM,McAfee Service Controller,4,None,The mfefire MMS Service entered the Post-Shutdown state.
Warning,6/4/2018 8:03:38 PM,Microsoft-Windows-WinRM,10149,None,"The WinRM service is not listening for WS-Management requests. 

 User Action 
 If you did not intentionally stop the service, use the following command to see the WinRM configuration: 

 winrm enumerate winrm/config/listener"
Information,6/4/2018 8:03:37 PM,LsaSrv,6144,None,A secret object private to LSA was queried by a client. This object was returned in encrypted format for security reasons.
Information,6/4/2018 8:03:37 PM,LsaSrv,6144,None,A secret object private to LSA was queried by a client. This object was returned in encrypted format for security reasons.
Warning,6/4/2018 8:03:37 PM,Microsoft-Windows-DNS-Client,8019,(1028),"The system failed to register host (A or AAAA) resource records (RRs) for network adapter
with settings:

           Adapter Name : {D8E1E31A-6CDC-4DF9-A781-06398854202A}
           Host Name : 45212MLIU-7
           Primary Domain Suffix : corp.premierinc.com
           DNS server list :
             	206.71.92.6, 206.71.92.5
           Sent update to server : 10.32.2.53:53
           IP Address(es) :
             206.71.92.121

The reason the system could not register these RRs was because of a security related problem. The cause of this could be (a) your computer does not have permissions to register and update the specific DNS domain name set for this adapter, or (b) there might have been a problem negotiating valid credentials with the DNS server during the processing of the update request.

You can manually retry DNS registration of the network adapter and its settings by typing 'ipconfig /registerdns' at the command prompt. If problems still persist, contact your DNS server or network systems administrator. See event details for specific error code information."
Information,6/4/2018 8:03:37 PM,LsaSrv,6144,None,A secret object private to LSA was queried by a client. This object was returned in encrypted format for security reasons.
Information,6/4/2018 8:03:37 PM,LsaSrv,6144,None,A secret object private to LSA was queried by a client. This object was returned in encrypted format for security reasons.
Information,6/4/2018 8:03:36 PM,LsaSrv,6144,None,A secret object private to LSA was queried by a client. This object was returned in encrypted format for security reasons.
Information,6/4/2018 8:03:36 PM,LsaSrv,6144,None,A secret object private to LSA was queried by a client. This object was returned in encrypted format for security reasons.
Information,6/4/2018 8:03:36 PM,LsaSrv,6144,None,A secret object private to LSA was queried by a client. This object was returned in encrypted format for security reasons.
Information,6/4/2018 8:03:35 PM,LsaSrv,6144,None,A secret object private to LSA was queried by a client. This object was returned in encrypted format for security reasons.
Information,6/4/2018 8:03:35 PM,LsaSrv,6144,None,A secret object private to LSA was queried by a client. This object was returned in encrypted format for security reasons.
Information,6/4/2018 8:03:35 PM,LsaSrv,6144,None,A secret object private to LSA was queried by a client. This object was returned in encrypted format for security reasons.
Information,6/4/2018 8:03:35 PM,LsaSrv,6144,None,A secret object private to LSA was queried by a client. This object was returned in encrypted format for security reasons.
Information,6/4/2018 8:03:35 PM,LsaSrv,6144,None,A secret object private to LSA was queried by a client. This object was returned in encrypted format for security reasons.
Information,6/4/2018 8:03:34 PM,User32,1074,None,"The process msiexec.exe has initiated the restart of computer 45212MLIU-7 on behalf of user NT AUTHORITY\SYSTEM for the following reason: No title for this reason could be found
 Reason Code: 0x80030002
 Shutdown Type: restart
 Comment: The Windows Installer initiated a system restart to complete or continue the configuration of 'Cisco AnyConnect Network Access Manager'."
Information,6/4/2018 8:03:32 PM,Service Control Manager,7045,None,"A service was installed in the system.

Service Name:  Cisco AnyConnect Network Access Manager Filter Driver
Service File Name:  \SystemRoot\system32\DRIVERS\acnamfd.sys
Service Type:  kernel mode driver
Service Start Type:  system start
Service Account:  "
Information,6/4/2018 8:03:27 PM,Microsoft-Windows-WLAN-AutoConfig,10001,None,"WLAN Extensibility Module has successfully started.

Module Path: C:\WINDOWS\system32\acnamihv.dll
"
Information,6/4/2018 8:03:27 PM,Microsoft-Windows-WLAN-AutoConfig,4000,None,"WLAN AutoConfig service has successfully started.
"
Information,6/4/2018 8:03:26 PM,Microsoft-Windows-WLAN-AutoConfig,4001,None,"WLAN AutoConfig service has successfully stopped.
"
Information,6/4/2018 8:03:25 PM,Service Control Manager,7045,None,"A service was installed in the system.

Service Name:  Cisco AnyConnect Network Access Manager
Service File Name:  ""C:\Program Files (x86)\Cisco\Cisco AnyConnect Secure Mobility Client\acnamagent.exe""
Service Type:  user mode service
Service Start Type:  auto start
Service Account:  LocalSystem"
Information,6/4/2018 8:03:25 PM,Service Control Manager,7045,None,"A service was installed in the system.

Service Name:  Cisco AnyConnect Network Access Manager Logon Module
Service File Name:  ""C:\Program Files (x86)\Cisco\Cisco AnyConnect Secure Mobility Client\acnamlogonagent.exe""
Service Type:  user mode service
Service Start Type:  auto start
Service Account:  LocalSystem"
Information,6/4/2018 8:01:53 PM,Microsoft-Windows-UserPnp,20001,(7005),Driver Management concluded the process to install driver vpnva-6.inf_amd64_6bb0489a9ae1240b\vpnva-6.inf for Device Instance ID ROOT\NET\0000 with the following status: 0x0.
Information,6/4/2018 8:01:43 PM,Service Control Manager,7045,None,"A service was installed in the system.

Service Name:  acsock
Service File Name:  \SystemRoot\system32\DRIVERS\acsock64.sys
Service Type:  kernel mode driver
Service Start Type:  demand start
Service Account:  "
Information,6/4/2018 8:01:43 PM,Service Control Manager,7045,None,"A service was installed in the system.

Service Name:  Cisco AnyConnect Secure Mobility Agent
Service File Name:  ""C:\Program Files (x86)\Cisco\Cisco AnyConnect Secure Mobility Client\vpnagent.exe""
Service Type:  user mode service
Service Start Type:  auto start
Service Account:  LocalSystem"
Information,6/4/2018 8:00:55 PM,Microsoft-Windows-Ntfs,98,None,Volume Windows (\Device\HarddiskVolumeShadowCopy1) is healthy.  No action is needed.
Information,6/4/2018 8:00:21 PM,Service Control Manager,7040,None,The start type of the Background Intelligent Transfer Service service was changed from demand start to auto start.
Information,6/4/2018 8:00:20 PM,Service Control Manager,7040,None,The start type of the Background Intelligent Transfer Service service was changed from auto start to demand start.
Information,6/4/2018 7:59:38 PM,Microsoft-Windows-WinRM,10148,None,"The WinRM service is listening for WS-Management requests. 

 User Action 
 Use the following command to see the specific IPs on which WinRM is listening: 

 winrm enumerate winrm/config/listener"
Information,6/4/2018 7:57:54 PM,Service Control Manager,7040,None,The start type of the Background Intelligent Transfer Service service was changed from demand start to auto start.
Error,6/4/2018 7:57:35 PM,Service Control Manager,7000,None,"The Net.Pipe Listener Adapter service failed to start due to the following error: 
The service did not respond to the start or control request in a timely fashion."
Error,6/4/2018 7:57:35 PM,Service Control Manager,7000,None,"The Net.Msmq Listener Adapter service failed to start due to the following error: 
The service did not respond to the start or control request in a timely fashion."
Error,6/4/2018 7:57:35 PM,Service Control Manager,7009,None,A timeout was reached (30000 milliseconds) while waiting for the NetMsmqActivator service to connect.
Error,6/4/2018 7:57:35 PM,Service Control Manager,7009,None,A timeout was reached (30000 milliseconds) while waiting for the NetPipeActivator service to connect.
Information,6/4/2018 7:57:35 PM,McAfee Service Controller,1,None,The mfedxl MMS Service entered the running state.
Information,6/4/2018 7:57:32 PM,Microsoft-Windows-TPM-WMI,1026,None,"The Trusted Platform Module (TPM) hardware on this computer cannot be provisioned for use automatically.  To set up the TPM interactively use the TPM management console (Start->tpm.msc) and use the action to make the TPM ready.

Error: The TPM provisioning action is not allowed by the specified flags.  For provisioning to be successful, one of several actions may be required.  The TPM management console (tpm.msc) action to make the TPM Ready may help.  For further information, see the documentation for the Win32_Tpm WMI method 'Provision'.  (The actions that may be required include importing the TPM Owner Authorization value into the system, calling the Win32_Tpm WMI method for provisioning the TPM and specifying TRUE for either 'ForceClear_Allowed' or 'PhysicalPresencePrompts_Allowed' (as indicated by the value returned in the Additional Information), or enabling the TPM in the system BIOS.)
Additional Information: 0x80011c"
Information,6/4/2018 7:57:32 PM,McAfee Service Controller,1,None,The mfetp MMS Service entered the running state.
Information,6/4/2018 7:57:21 PM,McAfee Service Controller,2,None,The mfedxl MMS Service entered the stopped state.
Information,6/4/2018 7:57:15 PM,TPM,18,None,This event triggers the Trusted Platform Module (TPM) provisioning/status check to run.
Information,6/4/2018 7:57:15 PM,Service Control Manager,7026,None,"The following boot-start or system-start driver(s) did not load: 
dam"
Error,6/4/2018 7:57:15 PM,Service Control Manager,7011,None,A timeout (30000 milliseconds) was reached while waiting for a transaction response from the McAfeeDLPAgentService service.
Information,6/4/2018 7:57:00 PM,McAfee Service Controller,1,None,The mfeatp MMS Service entered the running state.
Information,6/4/2018 7:56:57 PM,Microsoft-Windows-WAS,5211,None,The Windows Process Activation Service (WAS) started with 'Classic' mode using 'ConfigurationSystem'
Information,6/4/2018 7:56:48 PM,Microsoft-Windows-Time-Service,35,None,The time service is now synchronizing the system time with the time source C11PICORPDC1.corp.premierinc.com (ntp.d|0.0.0.0:123->10.10.240.117:123).
Information,6/4/2018 7:56:39 PM,VMnetuserif,1,None,() Starting up the User Interface Driver for VMware Virtual Networks.
Information,6/4/2018 7:56:39 PM,Microsoft-Windows-WLAN-AutoConfig,4000,None,"WLAN AutoConfig service has successfully started.
"
Information,6/4/2018 7:56:33 PM,Microsoft-Windows-Time-Service,37,None,The time provider NtpClient is currently receiving valid time data from C11PICORPDC1.corp.premierinc.com (ntp.d|0.0.0.0:123->10.10.240.117:123).
Information,6/4/2018 7:56:32 PM,Microsoft-Windows-Time-Service,158,None,The time provider 'VMICTimeProvider' has indicated that the current hardware and operating environment is not supported and has stopped. This behavior is expected for VMICTimeProvider on non-HyperV-guest environments. This may be the expected behavior for the current provider in the current operating environment as well.
Warning,6/4/2018 7:56:26 PM,Microsoft-Windows-DNS-Client,8020,(1028),"The system failed to register host (A or AAAA) resource records (RRs) for network adapter
with settings:

           Adapter Name : {D8E1E31A-6CDC-4DF9-A781-06398854202A}
           Host Name : 45212MLIU-7
           Primary Domain Suffix : corp.premierinc.com
           DNS server list :
             	206.71.92.6, 206.71.92.5
           Sent update to server : <?>
           IP Address(es) :
             206.71.92.121

The reason the system could not register these RRs during the update request was because of a system problem. You can manually retry DNS registration of the network adapter and its settings by typing 'ipconfig /registerdns' at the command prompt. If problems still persist, contact your DNS server or network systems administrator. See event details for specific error code information."
Error,6/4/2018 7:56:25 PM,Service Control Manager,7001,None,"The NetTcpActivator service depends on the NetTcpPortSharing service which failed to start because of the following error: 
The service cannot be started, either because it is disabled or because it has no enabled devices associated with it."
Information,6/4/2018 7:56:25 PM,vmx86,34,None,"The description for Event ID 34 from source vmx86 cannot be found. Either the component that raises this event is not installed on your local computer or the installation is corrupted. You can install or repair the component on the local computer.

If the event originated on another computer, the display information had to be saved with the event.

The following information was included with the event: 

VMX86.SYS: begin DriverEntry built @ 12:34:37
"
