Error,6/15/2018 9:01:10 AM,NETLOGON,5719,None,"This computer was not able to set up a secure session with a domain controller in domain CORP due to the following: 
We can't sign you in with this credential because your domain isn't available. Make sure your device is connected to your organization's network and try again. If you previously signed in on this device with another credential, you can sign in with that credential. 
This may lead to authentication problems. Make sure that this computer is connected to the network. If the problem persists, please contact your domain administrator.  

ADDITIONAL INFO 
If this computer is a domain controller for the specified domain, it sets up the secure session to the primary domain controller emulator in the specified domain. Otherwise, this computer sets up the secure session to any domain controller in the specified domain."
Information,6/14/2018 5:42:48 PM,Microsoft-Windows-Kernel-Power,105,(100),Power source change.
Warning,6/14/2018 5:42:48 PM,e1iexpress,27,None,"Intel(R) 82579LM Gigabit Network Connection
 Network link is disconnected.
"
Information,6/14/2018 5:42:47 PM,Microsoft-Windows-Kernel-Power,42,(64),"The system is entering sleep.

Sleep Reason: Application API"
Information,6/14/2018 5:42:42 PM,Microsoft-Windows-Kernel-General,1,(5),"The system time has changed to ‎2018‎-‎06‎-‎14T23:42:42.397000000Z from ‎2018‎-‎06‎-‎14T23:42:42.410222800Z.

Change Reason: An application or system component changed the time."
Information,6/14/2018 5:42:41 PM,Microsoft-Windows-Winlogon,7002,(1102),User Logoff Notification for Customer Experience Improvement Program
Information,6/14/2018 5:41:04 PM,Service Control Manager,7040,None,The start type of the Background Intelligent Transfer Service service was changed from auto start to demand start.
Information,6/14/2018 5:39:02 PM,Service Control Manager,7040,None,The start type of the Background Intelligent Transfer Service service was changed from demand start to auto start.
Information,6/14/2018 5:33:51 PM,Microsoft-Windows-GroupPolicy,1500,None,The Group Policy settings for the computer were processed successfully. There were no changes detected since the last successful processing of Group Policy.
Information,6/14/2018 5:22:16 PM,Service Control Manager,7040,None,The start type of the Background Intelligent Transfer Service service was changed from auto start to demand start.
Information,6/14/2018 5:20:02 PM,Service Control Manager,7040,None,The start type of the Background Intelligent Transfer Service service was changed from demand start to auto start.
Warning,6/14/2018 5:15:51 PM,Microsoft-Windows-DNS-Client,8019,(1028),"The system failed to register host (A or AAAA) resource records (RRs) for network adapter
with settings:

           Adapter Name : {D8E1E31A-6CDC-4DF9-A781-06398854202A}
           Host Name : 45212MLIU-7
           Primary Domain Suffix : corp.premierinc.com
           DNS server list :
             	206.71.92.6, 206.71.92.5
           Sent update to server : 10.32.2.53:53
           IP Address(es) :
             206.71.92.121

The reason the system could not register these RRs was because of a security related problem. The cause of this could be (a) your computer does not have permissions to register and update the specific DNS domain name set for this adapter, or (b) there might have been a problem negotiating valid credentials with the DNS server during the processing of the update request.

You can manually retry DNS registration of the network adapter and its settings by typing 'ipconfig /registerdns' at the command prompt. If problems still persist, contact your DNS server or network systems administrator. See event details for specific error code information."
Warning,6/14/2018 4:33:28 PM,Microsoft-Windows-DNS-Client,1014,(1014),Name resolution for the name log.dmtry.com timed out after none of the configured DNS servers responded.
Warning,6/14/2018 4:23:16 PM,Microsoft-Windows-DNS-Client,8019,(1028),"The system failed to register host (A or AAAA) resource records (RRs) for network adapter
with settings:

           Adapter Name : {D8E1E31A-6CDC-4DF9-A781-06398854202A}
           Host Name : 45212MLIU-7
           Primary Domain Suffix : corp.premierinc.com
           DNS server list :
             	206.71.92.6, 206.71.92.5
           Sent update to server : 10.32.2.53:53
           IP Address(es) :
             206.71.92.121

The reason the system could not register these RRs was because of a security related problem. The cause of this could be (a) your computer does not have permissions to register and update the specific DNS domain name set for this adapter, or (b) there might have been a problem negotiating valid credentials with the DNS server during the processing of the update request.

You can manually retry DNS registration of the network adapter and its settings by typing 'ipconfig /registerdns' at the command prompt. If problems still persist, contact your DNS server or network systems administrator. See event details for specific error code information."
Information,6/14/2018 4:22:18 PM,Service Control Manager,7040,None,The start type of the Background Intelligent Transfer Service service was changed from auto start to demand start.
Error,6/14/2018 4:21:33 PM,Service Control Manager,7000,None,"The Windows Defender Antivirus Service service failed to start due to the following error: 
Windows cannot verify the digital signature for this file. A recent hardware or software change might have installed a file that is signed incorrectly or damaged, or that might be malicious software from an unknown source."
Information,6/14/2018 4:20:01 PM,Service Control Manager,7040,None,The start type of the Background Intelligent Transfer Service service was changed from demand start to auto start.
Information,6/14/2018 3:55:26 PM,Microsoft-Windows-GroupPolicy,1501,None,The Group Policy settings for the user were processed successfully. There were no changes detected since the last successful processing of Group Policy.
Information,6/14/2018 3:52:52 PM,Microsoft-Windows-GroupPolicy,1500,None,The Group Policy settings for the computer were processed successfully. There were no changes detected since the last successful processing of Group Policy.
Warning,6/14/2018 3:30:43 PM,Microsoft-Windows-DNS-Client,8019,(1028),"The system failed to register host (A or AAAA) resource records (RRs) for network adapter
with settings:

           Adapter Name : {D8E1E31A-6CDC-4DF9-A781-06398854202A}
           Host Name : 45212MLIU-7
           Primary Domain Suffix : corp.premierinc.com
           DNS server list :
             	206.71.92.6, 206.71.92.5
           Sent update to server : 10.32.2.53:53
           IP Address(es) :
             206.71.92.121

The reason the system could not register these RRs was because of a security related problem. The cause of this could be (a) your computer does not have permissions to register and update the specific DNS domain name set for this adapter, or (b) there might have been a problem negotiating valid credentials with the DNS server during the processing of the update request.

You can manually retry DNS registration of the network adapter and its settings by typing 'ipconfig /registerdns' at the command prompt. If problems still persist, contact your DNS server or network systems administrator. See event details for specific error code information."
Information,6/14/2018 3:28:19 PM,Microsoft-Windows-Ntfs,98,None,Volume Windows (\Device\HarddiskVolumeShadowCopy14) is healthy.  No action is needed.
Information,6/14/2018 3:22:12 PM,Service Control Manager,7040,None,The start type of the Background Intelligent Transfer Service service was changed from auto start to demand start.
Information,6/14/2018 3:19:59 PM,Service Control Manager,7040,None,The start type of the Background Intelligent Transfer Service service was changed from demand start to auto start.
Warning,6/14/2018 2:52:04 PM,Microsoft-Windows-DNS-Client,1014,(1014),Name resolution for the name emancipated timed out after none of the configured DNS servers responded.
Information,6/14/2018 2:44:10 PM,Service Control Manager,7040,None,The start type of the Background Intelligent Transfer Service service was changed from auto start to demand start.
Information,6/14/2018 2:42:10 PM,Service Control Manager,7040,None,The start type of the Background Intelligent Transfer Service service was changed from demand start to auto start.
Warning,6/14/2018 2:38:05 PM,Microsoft-Windows-DNS-Client,8019,(1028),"The system failed to register host (A or AAAA) resource records (RRs) for network adapter
with settings:

           Adapter Name : {D8E1E31A-6CDC-4DF9-A781-06398854202A}
           Host Name : 45212MLIU-7
           Primary Domain Suffix : corp.premierinc.com
           DNS server list :
             	206.71.92.6, 206.71.92.5
           Sent update to server : 10.32.2.53:53
           IP Address(es) :
             206.71.92.121

The reason the system could not register these RRs was because of a security related problem. The cause of this could be (a) your computer does not have permissions to register and update the specific DNS domain name set for this adapter, or (b) there might have been a problem negotiating valid credentials with the DNS server during the processing of the update request.

You can manually retry DNS registration of the network adapter and its settings by typing 'ipconfig /registerdns' at the command prompt. If problems still persist, contact your DNS server or network systems administrator. See event details for specific error code information."
Information,6/14/2018 2:23:19 PM,Service Control Manager,7040,None,The start type of the Background Intelligent Transfer Service service was changed from auto start to demand start.
Information,6/14/2018 2:20:00 PM,Service Control Manager,7040,None,The start type of the Background Intelligent Transfer Service service was changed from demand start to auto start.
Information,6/14/2018 2:11:51 PM,Microsoft-Windows-GroupPolicy,1500,None,The Group Policy settings for the computer were processed successfully. There were no changes detected since the last successful processing of Group Policy.
Information,6/14/2018 2:02:29 PM,Microsoft-Windows-GroupPolicy,1501,None,The Group Policy settings for the user were processed successfully. There were no changes detected since the last successful processing of Group Policy.
Warning,6/14/2018 1:45:32 PM,Microsoft-Windows-DNS-Client,8019,(1028),"The system failed to register host (A or AAAA) resource records (RRs) for network adapter
with settings:

           Adapter Name : {D8E1E31A-6CDC-4DF9-A781-06398854202A}
           Host Name : 45212MLIU-7
           Primary Domain Suffix : corp.premierinc.com
           DNS server list :
             	206.71.92.6, 206.71.92.5
           Sent update to server : 10.32.2.53:53
           IP Address(es) :
             206.71.92.121

The reason the system could not register these RRs was because of a security related problem. The cause of this could be (a) your computer does not have permissions to register and update the specific DNS domain name set for this adapter, or (b) there might have been a problem negotiating valid credentials with the DNS server during the processing of the update request.

You can manually retry DNS registration of the network adapter and its settings by typing 'ipconfig /registerdns' at the command prompt. If problems still persist, contact your DNS server or network systems administrator. See event details for specific error code information."
Information,6/14/2018 1:31:51 PM,Microsoft-Windows-Time-Service,158,None,The time provider 'VMICTimeProvider' has indicated that the current hardware and operating environment is not supported and has stopped. This behavior is expected for VMICTimeProvider on non-HyperV-guest environments. This may be the expected behavior for the current provider in the current operating environment as well.
Information,6/14/2018 1:31:50 PM,Microsoft-Windows-GroupPolicy,1502,None,The Group Policy settings for the computer were processed successfully. New settings from 17 Group Policy objects were detected and applied.
Information,6/14/2018 1:28:38 PM,Microsoft-Windows-Ntfs,98,None,Volume Windows (\Device\HarddiskVolumeShadowCopy13) is healthy.  No action is needed.
Information,6/14/2018 1:22:08 PM,Service Control Manager,7040,None,The start type of the Background Intelligent Transfer Service service was changed from auto start to demand start.
Information,6/14/2018 1:19:55 PM,Service Control Manager,7040,None,The start type of the Background Intelligent Transfer Service service was changed from demand start to auto start.
Warning,6/14/2018 12:52:57 PM,Microsoft-Windows-DNS-Client,8019,(1028),"The system failed to register host (A or AAAA) resource records (RRs) for network adapter
with settings:

           Adapter Name : {D8E1E31A-6CDC-4DF9-A781-06398854202A}
           Host Name : 45212MLIU-7
           Primary Domain Suffix : corp.premierinc.com
           DNS server list :
             	206.71.92.6, 206.71.92.5
           Sent update to server : 10.32.2.53:53
           IP Address(es) :
             206.71.92.121

The reason the system could not register these RRs was because of a security related problem. The cause of this could be (a) your computer does not have permissions to register and update the specific DNS domain name set for this adapter, or (b) there might have been a problem negotiating valid credentials with the DNS server during the processing of the update request.

You can manually retry DNS registration of the network adapter and its settings by typing 'ipconfig /registerdns' at the command prompt. If problems still persist, contact your DNS server or network systems administrator. See event details for specific error code information."
Information,6/14/2018 12:31:11 PM,Microsoft-Windows-GroupPolicy,1500,None,The Group Policy settings for the computer were processed successfully. There were no changes detected since the last successful processing of Group Policy.
Information,6/14/2018 12:22:05 PM,Service Control Manager,7040,None,The start type of the Background Intelligent Transfer Service service was changed from auto start to demand start.
Information,6/14/2018 12:19:53 PM,Service Control Manager,7040,None,The start type of the Background Intelligent Transfer Service service was changed from demand start to auto start.
Information,6/14/2018 12:09:56 PM,Microsoft-Windows-GroupPolicy,1503,None,The Group Policy settings for the user were processed successfully. New settings from 9 Group Policy objects were detected and applied.
Warning,6/14/2018 12:00:20 PM,Microsoft-Windows-DNS-Client,8019,(1028),"The system failed to register host (A or AAAA) resource records (RRs) for network adapter
with settings:

           Adapter Name : {D8E1E31A-6CDC-4DF9-A781-06398854202A}
           Host Name : 45212MLIU-7
           Primary Domain Suffix : corp.premierinc.com
           DNS server list :
             	206.71.92.6, 206.71.92.5
           Sent update to server : 10.32.2.53:53
           IP Address(es) :
             206.71.92.121

The reason the system could not register these RRs was because of a security related problem. The cause of this could be (a) your computer does not have permissions to register and update the specific DNS domain name set for this adapter, or (b) there might have been a problem negotiating valid credentials with the DNS server during the processing of the update request.

You can manually retry DNS registration of the network adapter and its settings by typing 'ipconfig /registerdns' at the command prompt. If problems still persist, contact your DNS server or network systems administrator. See event details for specific error code information."
Information,6/14/2018 12:00:00 PM,EventLog,6013,None,The system uptime is 695233 seconds.
Information,6/14/2018 11:59:59 AM,EventLog,6013,None,The system uptime is 695232 seconds.
Error,6/14/2018 11:33:38 AM,Microsoft-Windows-DistributedCOM,10010,None,The server Microsoft.MicrosoftEdge_40.15063.0.0_neutral__8wekyb3d8bbwe!MicrosoftEdge.AppXxat4m5y1bf9ghax409y1vwyatpqea4s8.mca did not register with DCOM within the required timeout.
Error,6/14/2018 11:33:12 AM,Microsoft-Windows-DistributedCOM,10010,None,The server Microsoft.MicrosoftEdge_40.15063.0.0_neutral__8wekyb3d8bbwe!MicrosoftEdge.AppXxat4m5y1bf9ghax409y1vwyatpqea4s8.mca did not register with DCOM within the required timeout.
Information,6/14/2018 11:25:26 AM,Service Control Manager,7040,None,The start type of the Background Intelligent Transfer Service service was changed from auto start to demand start.
Information,6/14/2018 11:23:24 AM,Service Control Manager,7040,None,The start type of the Background Intelligent Transfer Service service was changed from demand start to auto start.
Information,6/14/2018 11:22:09 AM,Service Control Manager,7040,None,The start type of the Background Intelligent Transfer Service service was changed from auto start to demand start.
Information,6/14/2018 11:19:54 AM,Service Control Manager,7040,None,The start type of the Background Intelligent Transfer Service service was changed from demand start to auto start.
Information,6/14/2018 11:15:28 AM,Microsoft-Windows-UserModePowerService,22,(18),Reapply power settings upon completion of the provisioning engine's turn 5
Information,6/14/2018 11:14:00 AM,Microsoft-Windows-Kernel-General,16,None,The access history in hive \??\C:\ProgramData\Microsoft\Provisioning\Microsoft-Desktop-Provisioning-Sequence.dat was cleared updating 0 keys and creating 0 modified pages.
Warning,6/14/2018 11:07:43 AM,Microsoft-Windows-DNS-Client,8019,(1028),"The system failed to register host (A or AAAA) resource records (RRs) for network adapter
with settings:

           Adapter Name : {D8E1E31A-6CDC-4DF9-A781-06398854202A}
           Host Name : 45212MLIU-7
           Primary Domain Suffix : corp.premierinc.com
           DNS server list :
             	206.71.92.6, 206.71.92.5
           Sent update to server : 10.32.2.53:53
           IP Address(es) :
             206.71.92.121

The reason the system could not register these RRs was because of a security related problem. The cause of this could be (a) your computer does not have permissions to register and update the specific DNS domain name set for this adapter, or (b) there might have been a problem negotiating valid credentials with the DNS server during the processing of the update request.

You can manually retry DNS registration of the network adapter and its settings by typing 'ipconfig /registerdns' at the command prompt. If problems still persist, contact your DNS server or network systems administrator. See event details for specific error code information."
Warning,6/14/2018 11:02:14 AM,Microsoft-Windows-DNS-Client,1014,(1014),Name resolution for the name yjotyhs timed out after none of the configured DNS servers responded.
Information,6/14/2018 11:02:02 AM,Microsoft-Windows-UserPnp,20001,(7005),Driver Management concluded the process to install driver ztap.inf_amd64_3b5b52ec51090728\ztap.inf for Device Instance ID ROOT\NET\0001 with the following status: 0x0.
Information,6/14/2018 10:50:09 AM,Microsoft-Windows-GroupPolicy,1500,None,The Group Policy settings for the computer were processed successfully. There were no changes detected since the last successful processing of Group Policy.
Information,6/14/2018 10:26:31 AM,Service Control Manager,7040,None,The start type of the Background Intelligent Transfer Service service was changed from auto start to demand start.
Information,6/14/2018 10:23:49 AM,Service Control Manager,7040,None,The start type of the Background Intelligent Transfer Service service was changed from demand start to auto start.
Information,6/14/2018 10:22:06 AM,Service Control Manager,7040,None,The start type of the Background Intelligent Transfer Service service was changed from auto start to demand start.
Error,6/14/2018 10:21:14 AM,Microsoft-Windows-GroupPolicy,1130,None,"Logon script failed. 
	GPO Name : WriteDrivePrinters
	GPO File System Path : \\corp.premierinc.com\SysVol\corp.premierinc.com\Policies\{35C46FB7-C147-4027-8EC3-9A330109E69A}\User
	Script Name: WriteDriveMapSetup.ps1"
Warning,6/14/2018 10:18:24 AM,Microsoft-Windows-DNS-Client,1014,(1014),Name resolution for the name jnsnbmhmmkb timed out after none of the configured DNS servers responded.
Information,6/14/2018 10:16:16 AM,Service Control Manager,7040,None,The start type of the Background Intelligent Transfer Service service was changed from demand start to auto start.
Warning,6/14/2018 10:16:12 AM,Microsoft-Windows-GroupPolicy,1085,None,"Windows failed to apply the Group Policy Registry settings. Group Policy Registry settings might have its own log file. Please click on the ""More information"" link."
Information,6/14/2018 10:15:25 AM,Microsoft-Windows-Winlogon,7001,(1101),User Logon Notification for Customer Experience Improvement Program
Information,6/14/2018 10:15:06 AM,Microsoft-Windows-Time-Service,37,None,The time provider NtpClient is currently receiving valid time data from C11PICORPDC1.corp.premierinc.com (ntp.d|0.0.0.0:123->10.10.240.117:123).
Warning,6/14/2018 10:15:05 AM,Microsoft-Windows-DNS-Client,8019,(1028),"The system failed to register host (A or AAAA) resource records (RRs) for network adapter
with settings:

           Adapter Name : {D8E1E31A-6CDC-4DF9-A781-06398854202A}
           Host Name : 45212MLIU-7
           Primary Domain Suffix : corp.premierinc.com
           DNS server list :
             	206.71.92.6, 206.71.92.5
           Sent update to server : 10.32.2.53:53
           IP Address(es) :
             206.71.92.121

The reason the system could not register these RRs was because of a security related problem. The cause of this could be (a) your computer does not have permissions to register and update the specific DNS domain name set for this adapter, or (b) there might have been a problem negotiating valid credentials with the DNS server during the processing of the update request.

You can manually retry DNS registration of the network adapter and its settings by typing 'ipconfig /registerdns' at the command prompt. If problems still persist, contact your DNS server or network systems administrator. See event details for specific error code information."
Warning,6/14/2018 10:15:01 AM,Microsoft-Windows-Time-Service,129,None,NtpClient was unable to set a domain peer to use as a time source because of discovery error. NtpClient will try again in 15 minutes and double the reattempt interval thereafter. The error was: The entry is not found. (0x800706E1)
Information,6/14/2018 10:15:00 AM,Microsoft-Windows-Power-Troubleshooter,1,None,"The system has returned from a low power state.

Sleep Time: ‎2018‎-‎06‎-‎13T23:23:58.191218600Z
Wake Time: ‎2018‎-‎06‎-‎14T16:14:57.428761100Z

Wake Source: Unknown"
Warning,6/14/2018 10:14:59 AM,Microsoft-Windows-Time-Service,129,None,NtpClient was unable to set a domain peer to use as a time source because of discovery error. NtpClient will try again in 15 minutes and double the reattempt interval thereafter. The error was: The entry is not found. (0x800706E1)
Information,6/14/2018 10:14:59 AM,Microsoft-Windows-Kernel-General,1,(5),"The system time has changed to ‎2018‎-‎06‎-‎14T16:14:59.403000000Z from ‎2018‎-‎06‎-‎14T16:14:59.406252700Z.

Change Reason: An application or system component changed the time."
Information,6/14/2018 10:14:59 AM,e1iexpress,32,None,"Intel(R) 82579LM Gigabit Network Connection
 Network link has been established at 1Gbps full duplex.
"
Warning,6/14/2018 10:14:58 AM,Microsoft-Windows-Time-Service,129,None,NtpClient was unable to set a domain peer to use as a time source because of discovery error. NtpClient will try again in 15 minutes and double the reattempt interval thereafter. The error was: The entry is not found. (0x800706E1)
Information,6/14/2018 10:14:56 AM,MEIx64,2,None,Intel(R) Management Engine Interface driver has started successfully.
Warning,6/14/2018 10:14:56 AM,Microsoft-Windows-Time-Service,129,None,NtpClient was unable to set a domain peer to use as a time source because of discovery error. NtpClient will try again in 15 minutes and double the reattempt interval thereafter. The error was: The entry is not found. (0x800706E1)
Information,6/14/2018 10:14:56 AM,Microsoft-Windows-Kernel-Boot,32,None,The bootmgr spent 0 ms waiting for user input.
Information,6/14/2018 10:14:56 AM,Microsoft-Windows-Kernel-Boot,18,None,There are 0x1 boot options on this system.
Information,6/14/2018 10:14:56 AM,Microsoft-Windows-Kernel-Boot,27,(33),The boot type was 0x1.
Information,6/14/2018 10:14:56 AM,Microsoft-Windows-Kernel-Boot,25,(32),The boot menu policy was 0x1.
Information,6/14/2018 10:14:56 AM,Microsoft-Windows-Kernel-Boot,30,(21),The firmware reported boot metrics.
Warning,6/14/2018 10:14:56 AM,e1iexpress,27,None,"Intel(R) 82579LM Gigabit Network Connection
 Network link is disconnected.
"
Information,6/14/2018 10:14:55 AM,Microsoft-Windows-Kernel-Power,105,(100),Power source change.
Information,6/14/2018 10:14:55 AM,Microsoft-Windows-Kernel-General,1,(5),"The system time has changed to ‎2018‎-‎06‎-‎14T16:14:55.500000000Z from ‎2018‎-‎06‎-‎13T23:25:15.537912100Z.

Change Reason: System time synchronized with the hardware clock."
Information,6/13/2018 5:25:15 PM,Microsoft-Windows-Kernel-Power,107,(102),The system has resumed from sleep.
Warning,6/13/2018 5:25:13 PM,Microsoft-Windows-Time-Service,129,None,NtpClient was unable to set a domain peer to use as a time source because of discovery error. NtpClient will try again in 15 minutes and double the reattempt interval thereafter. The error was: The entry is not found. (0x800706E1)
Information,6/13/2018 5:25:04 PM,Microsoft-Windows-Kernel-Power,42,(64),"The system is entering sleep.

Sleep Reason: Application API"
Information,6/13/2018 5:24:58 PM,NETwNe64,5060,None,"The description for Event ID 5060 from source NETwNe64 cannot be found. Either the component that raises this event is not installed on your local computer or the installation is corrupted. You can install or repair the component on the local computer.

If the event originated on another computer, the display information had to be saved with the event.

The following information was included with the event: 

\Device\NDMP5
Intel(R) Centrino(R) Advanced-N 6205

The specified resource type cannot be found in the image file
"
Information,6/13/2018 5:24:28 PM,Microsoft-Windows-Kernel-General,1,(5),"The system time has changed to ‎2018‎-‎06‎-‎13T23:24:28.725000000Z from ‎2018‎-‎06‎-‎13T23:24:28.728438400Z.

Change Reason: An application or system component changed the time."
Error,6/13/2018 5:24:28 PM,Service Control Manager,7011,None,A timeout (30000 milliseconds) was reached while waiting for a transaction response from the CDPSvc service.
Warning,6/13/2018 5:23:59 PM,e1iexpress,27,None,"Intel(R) 82579LM Gigabit Network Connection
 Network link is disconnected.
"
Information,6/13/2018 5:23:58 PM,Microsoft-Windows-Kernel-Power,105,(100),Power source change.
Information,6/13/2018 5:23:57 PM,Microsoft-Windows-Winlogon,7002,(1102),User Logoff Notification for Customer Experience Improvement Program
Warning,6/13/2018 5:22:23 PM,Microsoft-Windows-DNS-Client,1014,(1014),Name resolution for the name wsdc timed out after none of the configured DNS servers responded.
Information,6/13/2018 4:57:43 PM,Service Control Manager,7040,None,The start type of the Background Intelligent Transfer Service service was changed from auto start to demand start.
Information,6/13/2018 4:55:29 PM,Service Control Manager,7040,None,The start type of the Background Intelligent Transfer Service service was changed from demand start to auto start.
Warning,6/13/2018 4:42:12 PM,Microsoft-Windows-DNS-Client,8019,(1028),"The system failed to register host (A or AAAA) resource records (RRs) for network adapter
with settings:

           Adapter Name : {D8E1E31A-6CDC-4DF9-A781-06398854202A}
           Host Name : 45212MLIU-7
           Primary Domain Suffix : corp.premierinc.com
           DNS server list :
             	206.71.92.6, 206.71.92.5
           Sent update to server : 10.32.2.53:53
           IP Address(es) :
             206.71.92.121

The reason the system could not register these RRs was because of a security related problem. The cause of this could be (a) your computer does not have permissions to register and update the specific DNS domain name set for this adapter, or (b) there might have been a problem negotiating valid credentials with the DNS server during the processing of the update request.

You can manually retry DNS registration of the network adapter and its settings by typing 'ipconfig /registerdns' at the command prompt. If problems still persist, contact your DNS server or network systems administrator. See event details for specific error code information."
Information,6/13/2018 4:37:22 PM,Service Control Manager,7040,None,The start type of the Background Intelligent Transfer Service service was changed from auto start to demand start.
Information,6/13/2018 4:34:46 PM,Service Control Manager,7040,None,The start type of the Background Intelligent Transfer Service service was changed from demand start to auto start.
Error,6/13/2018 4:24:41 PM,Service Control Manager,7000,None,"The Windows Defender Antivirus Service service failed to start due to the following error: 
Windows cannot verify the digital signature for this file. A recent hardware or software change might have installed a file that is signed incorrectly or damaged, or that might be malicious software from an unknown source."
Information,6/13/2018 4:18:52 PM,Microsoft-Windows-GroupPolicy,1500,None,The Group Policy settings for the computer were processed successfully. There were no changes detected since the last successful processing of Group Policy.
Information,6/13/2018 3:57:45 PM,Service Control Manager,7040,None,The start type of the Background Intelligent Transfer Service service was changed from auto start to demand start.
Information,6/13/2018 3:55:28 PM,Service Control Manager,7040,None,The start type of the Background Intelligent Transfer Service service was changed from demand start to auto start.
Warning,6/13/2018 3:49:36 PM,Microsoft-Windows-DNS-Client,8019,(1028),"The system failed to register host (A or AAAA) resource records (RRs) for network adapter
with settings:

           Adapter Name : {D8E1E31A-6CDC-4DF9-A781-06398854202A}
           Host Name : 45212MLIU-7
           Primary Domain Suffix : corp.premierinc.com
           DNS server list :
             	206.71.92.6, 206.71.92.5
           Sent update to server : 10.32.2.53:53
           IP Address(es) :
             206.71.92.121

The reason the system could not register these RRs was because of a security related problem. The cause of this could be (a) your computer does not have permissions to register and update the specific DNS domain name set for this adapter, or (b) there might have been a problem negotiating valid credentials with the DNS server during the processing of the update request.

You can manually retry DNS registration of the network adapter and its settings by typing 'ipconfig /registerdns' at the command prompt. If problems still persist, contact your DNS server or network systems administrator. See event details for specific error code information."
Information,6/13/2018 3:43:18 PM,Microsoft-Windows-GroupPolicy,1501,None,The Group Policy settings for the user were processed successfully. There were no changes detected since the last successful processing of Group Policy.
Information,6/13/2018 2:57:39 PM,Service Control Manager,7040,None,The start type of the Background Intelligent Transfer Service service was changed from auto start to demand start.
Warning,6/13/2018 2:57:01 PM,Microsoft-Windows-DNS-Client,8019,(1028),"The system failed to register host (A or AAAA) resource records (RRs) for network adapter
with settings:

           Adapter Name : {D8E1E31A-6CDC-4DF9-A781-06398854202A}
           Host Name : 45212MLIU-7
           Primary Domain Suffix : corp.premierinc.com
           DNS server list :
             	206.71.92.6, 206.71.92.5
           Sent update to server : 10.32.2.53:53
           IP Address(es) :
             206.71.92.121

The reason the system could not register these RRs was because of a security related problem. The cause of this could be (a) your computer does not have permissions to register and update the specific DNS domain name set for this adapter, or (b) there might have been a problem negotiating valid credentials with the DNS server during the processing of the update request.

You can manually retry DNS registration of the network adapter and its settings by typing 'ipconfig /registerdns' at the command prompt. If problems still persist, contact your DNS server or network systems administrator. See event details for specific error code information."
Information,6/13/2018 2:55:25 PM,Service Control Manager,7040,None,The start type of the Background Intelligent Transfer Service service was changed from demand start to auto start.
Information,6/13/2018 2:44:39 PM,Service Control Manager,7040,None,The start type of the Background Intelligent Transfer Service service was changed from auto start to demand start.
Information,6/13/2018 2:42:09 PM,Service Control Manager,7040,None,The start type of the Background Intelligent Transfer Service service was changed from demand start to auto start.
Information,6/13/2018 2:37:49 PM,Microsoft-Windows-GroupPolicy,1500,None,The Group Policy settings for the computer were processed successfully. There were no changes detected since the last successful processing of Group Policy.
Information,6/13/2018 2:08:40 PM,Service Control Manager,7040,None,The start type of the Background Intelligent Transfer Service service was changed from auto start to demand start.
Information,6/13/2018 2:06:30 PM,Service Control Manager,7040,None,The start type of the Background Intelligent Transfer Service service was changed from demand start to auto start.
Warning,6/13/2018 2:04:26 PM,Microsoft-Windows-DNS-Client,8019,(1028),"The system failed to register host (A or AAAA) resource records (RRs) for network adapter
with settings:

           Adapter Name : {D8E1E31A-6CDC-4DF9-A781-06398854202A}
           Host Name : 45212MLIU-7
           Primary Domain Suffix : corp.premierinc.com
           DNS server list :
             	206.71.92.6, 206.71.92.5
           Sent update to server : 10.32.2.53:53
           IP Address(es) :
             206.71.92.121

The reason the system could not register these RRs was because of a security related problem. The cause of this could be (a) your computer does not have permissions to register and update the specific DNS domain name set for this adapter, or (b) there might have been a problem negotiating valid credentials with the DNS server during the processing of the update request.

You can manually retry DNS registration of the network adapter and its settings by typing 'ipconfig /registerdns' at the command prompt. If problems still persist, contact your DNS server or network systems administrator. See event details for specific error code information."
Information,6/13/2018 2:00:17 PM,Microsoft-Windows-GroupPolicy,1501,None,The Group Policy settings for the user were processed successfully. There were no changes detected since the last successful processing of Group Policy.
Information,6/13/2018 1:57:43 PM,Service Control Manager,7040,None,The start type of the Background Intelligent Transfer Service service was changed from auto start to demand start.
Information,6/13/2018 1:55:27 PM,Service Control Manager,7040,None,The start type of the Background Intelligent Transfer Service service was changed from demand start to auto start.
Information,6/13/2018 1:14:44 PM,Microsoft-Windows-Ntfs,98,None,Volume Windows (\Device\HarddiskVolumeShadowCopy12) is healthy.  No action is needed.
Warning,6/13/2018 1:11:49 PM,Microsoft-Windows-DNS-Client,8019,(1028),"The system failed to register host (A or AAAA) resource records (RRs) for network adapter
with settings:

           Adapter Name : {D8E1E31A-6CDC-4DF9-A781-06398854202A}
           Host Name : 45212MLIU-7
           Primary Domain Suffix : corp.premierinc.com
           DNS server list :
             	206.71.92.6, 206.71.92.5
           Sent update to server : 10.32.2.53:53
           IP Address(es) :
             206.71.92.121

The reason the system could not register these RRs was because of a security related problem. The cause of this could be (a) your computer does not have permissions to register and update the specific DNS domain name set for this adapter, or (b) there might have been a problem negotiating valid credentials with the DNS server during the processing of the update request.

You can manually retry DNS registration of the network adapter and its settings by typing 'ipconfig /registerdns' at the command prompt. If problems still persist, contact your DNS server or network systems administrator. See event details for specific error code information."
Information,6/13/2018 1:11:38 PM,Service Control Manager,7040,None,The start type of the Background Intelligent Transfer Service service was changed from auto start to demand start.
Information,6/13/2018 1:09:30 PM,Service Control Manager,7040,None,The start type of the Background Intelligent Transfer Service service was changed from demand start to auto start.
Information,6/13/2018 1:06:40 PM,Service Control Manager,7040,None,The start type of the Background Intelligent Transfer Service service was changed from auto start to demand start.
Information,6/13/2018 1:04:27 PM,Service Control Manager,7040,None,The start type of the Background Intelligent Transfer Service service was changed from demand start to auto start.
Information,6/13/2018 12:57:47 PM,Service Control Manager,7040,None,The start type of the Background Intelligent Transfer Service service was changed from auto start to demand start.
Information,6/13/2018 12:56:52 PM,Microsoft-Windows-GroupPolicy,1500,None,The Group Policy settings for the computer were processed successfully. There were no changes detected since the last successful processing of Group Policy.
Information,6/13/2018 12:55:26 PM,Service Control Manager,7040,None,The start type of the Background Intelligent Transfer Service service was changed from demand start to auto start.
Warning,6/13/2018 12:49:32 PM,Microsoft-Windows-DNS-Client,1014,(1014),Name resolution for the name instr timed out after none of the configured DNS servers responded.
Warning,6/13/2018 12:19:12 PM,Microsoft-Windows-DNS-Client,8019,(1028),"The system failed to register host (A or AAAA) resource records (RRs) for network adapter
with settings:

           Adapter Name : {D8E1E31A-6CDC-4DF9-A781-06398854202A}
           Host Name : 45212MLIU-7
           Primary Domain Suffix : corp.premierinc.com
           DNS server list :
             	206.71.92.6, 206.71.92.5
           Sent update to server : 10.32.2.53:53
           IP Address(es) :
             206.71.92.121

The reason the system could not register these RRs was because of a security related problem. The cause of this could be (a) your computer does not have permissions to register and update the specific DNS domain name set for this adapter, or (b) there might have been a problem negotiating valid credentials with the DNS server during the processing of the update request.

You can manually retry DNS registration of the network adapter and its settings by typing 'ipconfig /registerdns' at the command prompt. If problems still persist, contact your DNS server or network systems administrator. See event details for specific error code information."
Information,6/13/2018 12:18:03 PM,Service Control Manager,7040,None,The start type of the Background Intelligent Transfer Service service was changed from auto start to demand start.
Information,6/13/2018 12:17:23 PM,Microsoft-Windows-GroupPolicy,1501,None,The Group Policy settings for the user were processed successfully. There were no changes detected since the last successful processing of Group Policy.
Information,6/13/2018 12:15:27 PM,Service Control Manager,7040,None,The start type of the Background Intelligent Transfer Service service was changed from demand start to auto start.
Information,6/13/2018 12:13:30 PM,Microsoft-Windows-Time-Service,158,None,The time provider 'VMICTimeProvider' has indicated that the current hardware and operating environment is not supported and has stopped. This behavior is expected for VMICTimeProvider on non-HyperV-guest environments. This may be the expected behavior for the current provider in the current operating environment as well.
Information,6/13/2018 12:13:29 PM,Microsoft-Windows-GroupPolicy,1502,None,The Group Policy settings for the computer were processed successfully. New settings from 17 Group Policy objects were detected and applied.
Information,6/13/2018 12:00:00 PM,EventLog,6013,None,The system uptime is 608833 seconds.
Information,6/13/2018 11:59:58 AM,EventLog,6013,None,The system uptime is 608831 seconds.
Information,6/13/2018 11:57:36 AM,Service Control Manager,7040,None,The start type of the Background Intelligent Transfer Service service was changed from auto start to demand start.
Information,6/13/2018 11:55:21 AM,Service Control Manager,7040,None,The start type of the Background Intelligent Transfer Service service was changed from demand start to auto start.
Warning,6/13/2018 11:27:24 AM,Microsoft-Windows-DNS-Client,1014,(1014),Name resolution for the name etco2 timed out after none of the configured DNS servers responded.
Warning,6/13/2018 11:26:38 AM,Microsoft-Windows-DNS-Client,8019,(1028),"The system failed to register host (A or AAAA) resource records (RRs) for network adapter
with settings:

           Adapter Name : {D8E1E31A-6CDC-4DF9-A781-06398854202A}
           Host Name : 45212MLIU-7
           Primary Domain Suffix : corp.premierinc.com
           DNS server list :
             	206.71.92.6, 206.71.92.5
           Sent update to server : 10.32.2.53:53
           IP Address(es) :
             206.71.92.121

The reason the system could not register these RRs was because of a security related problem. The cause of this could be (a) your computer does not have permissions to register and update the specific DNS domain name set for this adapter, or (b) there might have been a problem negotiating valid credentials with the DNS server during the processing of the update request.

You can manually retry DNS registration of the network adapter and its settings by typing 'ipconfig /registerdns' at the command prompt. If problems still persist, contact your DNS server or network systems administrator. See event details for specific error code information."
Information,6/13/2018 11:15:50 AM,Microsoft-Windows-GroupPolicy,1500,None,The Group Policy settings for the computer were processed successfully. There were no changes detected since the last successful processing of Group Policy.
Information,6/13/2018 11:06:45 AM,Service Control Manager,7040,None,The start type of the Background Intelligent Transfer Service service was changed from auto start to demand start.
Information,6/13/2018 11:05:21 AM,Microsoft-Windows-Kernel-General,15,None,Hive \??\Volume{167022d8-4dd4-11e6-8f1d-806e6f6e6963}\System Volume Information\SPP\SppCbsHiveStore\{cd42efe1-f6f1-427c-b004-033192c625a4}{30FC06BD-40C9-4D6C-B4F2-9944BC7050F8} was reorganized with a starting size of 109346816 bytes and an ending size of 106602496 bytes.
Information,6/13/2018 11:05:15 AM,Microsoft-Windows-Kernel-General,15,None,Hive \??\Volume{167022d8-4dd4-11e6-8f1d-806e6f6e6963}\System Volume Information\SPP\SppCbsHiveStore\{cd42efe1-f6f1-427c-b004-033192c625a4}{2CB82245-0FCF-46BF-9D6D-6246EA48A3E4} was reorganized with a starting size of 1896448 bytes and an ending size of 561152 bytes.
Information,6/13/2018 11:05:13 AM,Microsoft-Windows-Kernel-General,16,None,The access history in hive \??\Volume{167022d8-4dd4-11e6-8f1d-806e6f6e6963}\System Volume Information\SPP\SppCbsHiveStore\{cd42efe1-f6f1-427c-b004-033192c625a4}{7934C0F3-0EA7-498D-BECB-7470DA341311} was cleared updating 119 keys and creating 7 modified pages.
Information,6/13/2018 11:05:13 AM,Microsoft-Windows-Kernel-General,16,None,The access history in hive \??\Volume{167022d8-4dd4-11e6-8f1d-806e6f6e6963}\System Volume Information\SPP\SppCbsHiveStore\{cd42efe1-f6f1-427c-b004-033192c625a4}{6CCEB662-35FB-4765-B888-BFA097045BAB} was cleared updating 91 keys and creating 8 modified pages.
Information,6/13/2018 11:05:12 AM,Microsoft-Windows-Kernel-General,15,None,Hive \??\Volume{167022d8-4dd4-11e6-8f1d-806e6f6e6963}\System Volume Information\SPP\SppCbsHiveStore\{cd42efe1-f6f1-427c-b004-033192c625a4}{515501AC-5020-4094-985D-899826C8B4DE} was reorganized with a starting size of 20590592 bytes and an ending size of 15917056 bytes.
Information,6/13/2018 11:04:44 AM,Microsoft-Windows-Kernel-General,11,None,"TxR init phase for hive \??\GLOBALROOT\Device\HarddiskVolumeShadowCopy11\WINDOWS\System32\config\DRIVERS (TM: {E1480406-6E70-11E8-8C65-A44E31DD6C6C}, RM: {E1480405-6E70-11E8-8C65-A44E31DD6C6C}) finished with result=0xC00000A2 (Internal code=7)."
Information,6/13/2018 11:04:44 AM,Microsoft-Windows-Kernel-General,11,None,"TxR init phase for hive \??\GLOBALROOT\Device\HarddiskVolumeShadowCopy11\WINDOWS\System32\config\SYSTEM (TM: {E1480404-6E70-11E8-8C65-A44E31DD6C6C}, RM: {E1480403-6E70-11E8-8C65-A44E31DD6C6C}) finished with result=0xC00000A2 (Internal code=7)."
Information,6/13/2018 11:04:44 AM,Microsoft-Windows-Kernel-General,15,None,Hive \??\GLOBALROOT\Device\HarddiskVolumeShadowCopy11\WINDOWS\System32\config\SYSTEM was reorganized with a starting size of 20590592 bytes and an ending size of 15917056 bytes.
Information,6/13/2018 11:04:33 AM,Microsoft-Windows-Ntfs,98,None,Volume Windows (\Device\HarddiskVolumeShadowCopy11) is healthy.  No action is needed.
Information,6/13/2018 11:04:09 AM,Service Control Manager,7040,None,The start type of the Background Intelligent Transfer Service service was changed from demand start to auto start.
Information,6/13/2018 10:57:48 AM,Service Control Manager,7040,None,The start type of the Background Intelligent Transfer Service service was changed from auto start to demand start.
Information,6/13/2018 10:55:25 AM,Service Control Manager,7040,None,The start type of the Background Intelligent Transfer Service service was changed from demand start to auto start.
Information,6/13/2018 10:34:16 AM,Microsoft-Windows-GroupPolicy,1501,None,The Group Policy settings for the user were processed successfully. There were no changes detected since the last successful processing of Group Policy.
Warning,6/13/2018 10:34:01 AM,Microsoft-Windows-DNS-Client,8019,(1028),"The system failed to register host (A or AAAA) resource records (RRs) for network adapter
with settings:

           Adapter Name : {D8E1E31A-6CDC-4DF9-A781-06398854202A}
           Host Name : 45212MLIU-7
           Primary Domain Suffix : corp.premierinc.com
           DNS server list :
             	206.71.92.6, 206.71.92.5
           Sent update to server : 10.32.2.53:53
           IP Address(es) :
             206.71.92.121

The reason the system could not register these RRs was because of a security related problem. The cause of this could be (a) your computer does not have permissions to register and update the specific DNS domain name set for this adapter, or (b) there might have been a problem negotiating valid credentials with the DNS server during the processing of the update request.

You can manually retry DNS registration of the network adapter and its settings by typing 'ipconfig /registerdns' at the command prompt. If problems still persist, contact your DNS server or network systems administrator. See event details for specific error code information."
Information,6/13/2018 10:29:38 AM,Service Control Manager,7040,None,The start type of the Background Intelligent Transfer Service service was changed from auto start to demand start.
Information,6/13/2018 10:27:30 AM,Service Control Manager,7040,None,The start type of the Background Intelligent Transfer Service service was changed from demand start to auto start.
Information,6/13/2018 10:12:44 AM,Microsoft-Windows-Ntfs,98,None,Volume Windows (\Device\HarddiskVolumeShadowCopy10) is healthy.  No action is needed.
Error,6/13/2018 10:12:30 AM,Service Control Manager,7000,None,"The Windows Defender Antivirus Service service failed to start due to the following error: 
Windows cannot verify the digital signature for this file. A recent hardware or software change might have installed a file that is signed incorrectly or damaged, or that might be malicious software from an unknown source."
Information,6/13/2018 10:10:04 AM,Microsoft-Windows-UserModePowerService,22,(18),Reapply power settings upon completion of the provisioning engine's turn 5
Information,6/13/2018 10:06:25 AM,Microsoft-Windows-Kernel-General,16,None,The access history in hive \??\C:\ProgramData\Microsoft\Provisioning\Microsoft-Desktop-Provisioning-Sequence.dat was cleared updating 0 keys and creating 0 modified pages.
Warning,6/13/2018 9:59:31 AM,Microsoft-Windows-DNS-Client,1014,(1014),Name resolution for the name enteral timed out after none of the configured DNS servers responded.
Information,6/13/2018 9:57:32 AM,Service Control Manager,7040,None,The start type of the Background Intelligent Transfer Service service was changed from auto start to demand start.
Information,6/13/2018 9:55:19 AM,Service Control Manager,7040,None,The start type of the Background Intelligent Transfer Service service was changed from demand start to auto start.
